client 2023-08-06 10:16:16,459 [INFO] Creating output directory '/home/arjun/mobilenet_results/valid_results/orin-tflite_cpp-cpu-tflite-vmaster-default_config/mobilenet-v2-precision_float-0.5-128/singlestream/performance/tmp_power'
client 2023-08-06 10:16:16,462 [INFO] Sending command to the server: 'mlcommons/power client v3'
client 2023-08-06 10:16:16,465 [INFO] Got response: 'mlcommons/power server v3'
client 2023-08-06 10:16:16,466 [INFO] Synchronizing with the server and with time.google.com...
client 2023-08-06 10:16:16,498 [INFO] NTP:offset = -0.000 s, delay = 0.019 s 
client 2023-08-06 10:16:16,498 [INFO] Sending command to the server: 'time'
client 2023-08-06 10:16:16,501 [INFO] Got response: '1691313376.3033602'
client 2023-08-06 10:16:16,501 [INFO] The time difference between the client and the server is within range 195.233 ms..198.330 ms
client 2023-08-06 10:16:16,501 [INFO] Sending command to the server: 'new,,5725f832-a417-4b0a-a4e9-d0fd112c40ec'
client 2023-08-06 10:16:16,508 [INFO] Got response: 'OK 2023-08-06_10-16-16,29e178de-d390-42f5-a661-91b2b0856ead'
client 2023-08-06 10:16:16,508 [INFO] Session id is '2023-08-06_10-16-16'
client 2023-08-06 10:16:16,508 [INFO] Sources: {"sources": {"__init__.py": "da39a3ee5e6b4b0d3255bfef95601890afd80709", "client.py": "33ca4f26368777ac06e01f9567b714a4b8063886", "lib/__init__.py": "da39a3ee5e6b4b0d3255bfef95601890afd80709", "lib/client.py": "ac2aa093c8e8bbc9569b9e2a3471bc64e58a2258", "lib/common.py": "611d8b29633d331eb19c9455ea3b5fa3284ed6df", "lib/external/__init__.py": "da39a3ee5e6b4b0d3255bfef95601890afd80709", "lib/external/ntplib.py": "4da8f970656505a40483206ef2b5d3dd5e81711d", "lib/server.py": "c7af63c31bb2fbedea4345f571f6e3507d268ada", "lib/source_hashes.py": "60a2e02193209e8d392803326208d5466342da18", "lib/summary.py": "aa92f0a3f975eecd44d3c0cd0236342ccc9f941d", "lib/time_sync.py": "122eba67a9abc85635223e054def53be1367ade2", "server.py": "c3f90f2f7eeb4db30727556d0c815ebc89b3d28b", "tests/unit/__init__.py": "da39a3ee5e6b4b0d3255bfef95601890afd80709", "tests/unit/test_server.py": "948c1995d4008bc2aa6c4046a34ffa3858d6d671", "tests/unit/test_source_hashes.py": "00468a2907583c593e6574a1f6b404e4651c221a"}, "modules": {"ptd_client_server.lib.client": "lib/client.py", "ptd_client_server.lib.common": "lib/common.py", "ptd_client_server.lib.external.ntplib": "lib/external/ntplib.py", "ptd_client_server.lib.source_hashes": "lib/source_hashes.py", "ptd_client_server.lib.summary": "lib/summary.py", "ptd_client_server.lib.time_sync": "lib/time_sync.py"}}
client 2023-08-06 10:16:16,508 [INFO] Running workload in ranging mode
client 2023-08-06 10:16:16,508 [INFO] Synchronizing with the server and with time.google.com...
client 2023-08-06 10:16:16,524 [INFO] NTP:offset = -0.000 s, delay = 0.015 s 
client 2023-08-06 10:16:16,524 [INFO] Sending command to the server: 'time'
client 2023-08-06 10:16:16,528 [INFO] Got response: '1691313376.3344867'
client 2023-08-06 10:16:16,528 [INFO] The time difference between the client and the server is within range 190.095 ms..194.128 ms
client 2023-08-06 10:16:16,528 [INFO] Sending command to the server: 'session,2023-08-06_10-16-16,start,ranging'
client 2023-08-06 10:16:45,176 [INFO] Got response: 'OK'
client 2023-08-06 10:16:45,176 [INFO] Sending command to the server: 'time'
client 2023-08-06 10:16:45,180 [INFO] Got response: '1691313404.9823406'
client 2023-08-06 10:16:45,180 [INFO] The time difference between the client and the server is within range 194.137 ms..197.757 ms
client 2023-08-06 10:16:45,180 [INFO] Running the workload 'CM_MLPERF_RUN_COUNT=$(cat ${CM_RUN_DIR}/count.txt); echo ${CM_MLPERF_RUN_COUNT}; CM_MLPERF_RUN_COUNT=$((CM_MLPERF_RUN_COUNT+1)); echo ${CM_MLPERF_RUN_COUNT} > ${CM_RUN_DIR}/count.txt && if [ ${CM_MLPERF_RUN_COUNT} -eq "1" ]; then export CM_MLPERF_USER_CONF=${CM_MLPERF_RANGING_USER_CONF}; else export CM_MLPERF_USER_CONF=${CM_MLPERF_TESTING_USER_CONF}; fi && /mount/CM/repos/ctuning@mlcommons-ck/cm-mlops/script/run-all-mlperf-models/run.out'
client 2023-08-06 10:21:46,510 [INFO] Sending command to the server: 'time'
client 2023-08-06 10:21:46,517 [INFO] Got response: '1691313706.3185885'
client 2023-08-06 10:21:46,517 [INFO] The time difference between the client and the server is within range 192.043 ms..198.843 ms
client 2023-08-06 10:21:46,517 [INFO] Sending command to the server: 'session,2023-08-06_10-16-16,stop,ranging'
client 2023-08-06 10:21:57,424 [INFO] Got response: 'OK'
client 2023-08-06 10:21:57,424 [INFO] Sending command to the server: 'time'
client 2023-08-06 10:21:57,427 [INFO] Got response: '1691313717.2336287'
client 2023-08-06 10:21:57,427 [INFO] The time difference between the client and the server is within range 190.866 ms..194.114 ms
client 2023-08-06 10:21:57,431 [INFO] Copying loadgen logs from '/home/arjun/mobilenet_results/valid_results/orin-tflite_cpp-cpu-tflite-vmaster-default_config/mobilenet-v2-precision_float-0.5-128/singlestream/performance/run_1' to '/home/arjun/mobilenet_results/valid_results/orin-tflite_cpp-cpu-tflite-vmaster-default_config/mobilenet-v2-precision_float-0.5-128/singlestream/performance/tmp_power/ranging'
client 2023-08-06 10:21:57,432 [INFO] Running workload in testing mode
client 2023-08-06 10:21:57,432 [INFO] Synchronizing with the server and with time.google.com...
client 2023-08-06 10:21:57,452 [INFO] NTP:offset = 0.000 s, delay = 0.019 s 
client 2023-08-06 10:21:57,452 [INFO] Sending command to the server: 'time'
client 2023-08-06 10:21:57,455 [INFO] Got response: '1691313717.254272'
client 2023-08-06 10:21:57,455 [INFO] The time difference between the client and the server is within range 198.613 ms..201.538 ms
client 2023-08-06 10:21:57,455 [WARNING] The time difference between the client and the server is more than 200 ms
client 2023-08-06 10:21:57,456 [INFO] Sending command to the server: 'set_ntp'
client 2023-08-06 10:21:58,504 [INFO] Got response: 'OK'
client 2023-08-06 10:21:58,504 [INFO] Synchronizing with time.google.com time using NTP...
client 2023-08-06 10:22:07,046 [INFO] Set system time at 2023-08-06 10:22:07.046276
client 2023-08-06 10:22:07,064 [INFO] NTP:offset = -0.002 s, delay = 0.017 s 
client 2023-08-06 10:22:07,064 [INFO] Sending command to the server: 'time'
client 2023-08-06 10:22:07,069 [INFO] Got response: '1691313727.0670335'
client 2023-08-06 10:22:07,069 [INFO] The time difference between the client and the server is within range -2.359 ms..2.377 ms
client 2023-08-06 10:22:07,069 [INFO] Sending command to the server: 'session,2023-08-06_10-16-16,start,testing'
client 2023-08-06 10:22:20,106 [INFO] Got response: 'OK'
client 2023-08-06 10:22:20,106 [INFO] Sending command to the server: 'time'
client 2023-08-06 10:22:20,111 [INFO] Got response: '1691313740.1051893'
client 2023-08-06 10:22:20,111 [INFO] The time difference between the client and the server is within range 1.742 ms..6.487 ms
client 2023-08-06 10:22:20,111 [INFO] Running the workload 'CM_MLPERF_RUN_COUNT=$(cat ${CM_RUN_DIR}/count.txt); echo ${CM_MLPERF_RUN_COUNT}; CM_MLPERF_RUN_COUNT=$((CM_MLPERF_RUN_COUNT+1)); echo ${CM_MLPERF_RUN_COUNT} > ${CM_RUN_DIR}/count.txt && if [ ${CM_MLPERF_RUN_COUNT} -eq "1" ]; then export CM_MLPERF_USER_CONF=${CM_MLPERF_RANGING_USER_CONF}; else export CM_MLPERF_USER_CONF=${CM_MLPERF_TESTING_USER_CONF}; fi && /mount/CM/repos/ctuning@mlcommons-ck/cm-mlops/script/run-all-mlperf-models/run.out'
client 2023-08-06 10:32:22,331 [INFO] Sending command to the server: 'time'
client 2023-08-06 10:32:22,334 [INFO] Got response: '1691314342.3275115'
client 2023-08-06 10:32:22,334 [INFO] The time difference between the client and the server is within range 4.307 ms..7.136 ms
client 2023-08-06 10:32:22,334 [INFO] Sending command to the server: 'session,2023-08-06_10-16-16,stop,testing'
client 2023-08-06 10:32:33,605 [INFO] Got response: 'OK'
client 2023-08-06 10:32:33,605 [INFO] Sending command to the server: 'time'
client 2023-08-06 10:32:33,607 [INFO] Got response: '1691314353.5927973'
client 2023-08-06 10:32:33,607 [INFO] The time difference between the client and the server is within range 12.433 ms..14.468 ms
client 2023-08-06 10:32:33,608 [INFO] Copying loadgen logs from '/home/arjun/mobilenet_results/valid_results/orin-tflite_cpp-cpu-tflite-vmaster-default_config/mobilenet-v2-precision_float-0.5-128/singlestream/performance/run_1' to '/home/arjun/mobilenet_results/valid_results/orin-tflite_cpp-cpu-tflite-vmaster-default_config/mobilenet-v2-precision_float-0.5-128/singlestream/performance/tmp_power/run_1'
client 2023-08-06 10:32:33,608 [INFO] Done runs
