client 2023-08-07 04:29:12,887 [INFO] Creating output directory '/home/arjun/mobilenet_results/valid_results/orin-tflite_armnn_cpp-cpu-armnn_tflite-v23.05-using_neon/mobilenet-v1-precision_float-0.5-192/singlestream/performance/tmp_power'
client 2023-08-07 04:29:12,890 [INFO] Sending command to the server: 'mlcommons/power client v3'
client 2023-08-07 04:29:12,892 [INFO] Got response: 'mlcommons/power server v3'
client 2023-08-07 04:29:12,892 [INFO] Synchronizing with the server and with time.google.com...
client 2023-08-07 04:29:12,910 [INFO] NTP:offset = -0.002 s, delay = 0.014 s 
client 2023-08-07 04:29:12,910 [INFO] Sending command to the server: 'time'
client 2023-08-07 04:29:12,912 [INFO] Got response: '1691378952.9467957'
client 2023-08-07 04:29:12,912 [INFO] The time difference between the client and the server is within range -36.533 ms..-34.323 ms
client 2023-08-07 04:29:12,912 [INFO] Sending command to the server: 'new,,80d3c025-5c83-48b1-8770-1cd54f0c9a9f'
client 2023-08-07 04:29:12,915 [INFO] Got response: 'OK 2023-08-07_04-29-12,7c346304-9a95-4ca1-a227-d5a764785001'
client 2023-08-07 04:29:12,915 [INFO] Session id is '2023-08-07_04-29-12'
client 2023-08-07 04:29:12,915 [INFO] Sources: {"sources": {"__init__.py": "da39a3ee5e6b4b0d3255bfef95601890afd80709", "client.py": "33ca4f26368777ac06e01f9567b714a4b8063886", "lib/__init__.py": "da39a3ee5e6b4b0d3255bfef95601890afd80709", "lib/client.py": "ac2aa093c8e8bbc9569b9e2a3471bc64e58a2258", "lib/common.py": "611d8b29633d331eb19c9455ea3b5fa3284ed6df", "lib/external/__init__.py": "da39a3ee5e6b4b0d3255bfef95601890afd80709", "lib/external/ntplib.py": "4da8f970656505a40483206ef2b5d3dd5e81711d", "lib/server.py": "c7af63c31bb2fbedea4345f571f6e3507d268ada", "lib/source_hashes.py": "60a2e02193209e8d392803326208d5466342da18", "lib/summary.py": "aa92f0a3f975eecd44d3c0cd0236342ccc9f941d", "lib/time_sync.py": "122eba67a9abc85635223e054def53be1367ade2", "server.py": "c3f90f2f7eeb4db30727556d0c815ebc89b3d28b", "tests/unit/__init__.py": "da39a3ee5e6b4b0d3255bfef95601890afd80709", "tests/unit/test_server.py": "948c1995d4008bc2aa6c4046a34ffa3858d6d671", "tests/unit/test_source_hashes.py": "00468a2907583c593e6574a1f6b404e4651c221a"}, "modules": {"ptd_client_server.lib.client": "lib/client.py", "ptd_client_server.lib.common": "lib/common.py", "ptd_client_server.lib.external.ntplib": "lib/external/ntplib.py", "ptd_client_server.lib.source_hashes": "lib/source_hashes.py", "ptd_client_server.lib.summary": "lib/summary.py", "ptd_client_server.lib.time_sync": "lib/time_sync.py"}}
client 2023-08-07 04:29:12,915 [INFO] Running workload in ranging mode
client 2023-08-07 04:29:12,915 [INFO] Synchronizing with the server and with time.google.com...
client 2023-08-07 04:29:12,934 [INFO] NTP:offset = -0.001 s, delay = 0.017 s 
client 2023-08-07 04:29:12,934 [INFO] Sending command to the server: 'time'
client 2023-08-07 04:29:12,936 [INFO] Got response: '1691378952.9772084'
client 2023-08-07 04:29:12,936 [INFO] The time difference between the client and the server is within range -43.066 ms..-40.831 ms
client 2023-08-07 04:29:12,936 [INFO] Sending command to the server: 'session,2023-08-07_04-29-12,start,ranging'
client 2023-08-07 04:29:41,677 [INFO] Got response: 'OK'
client 2023-08-07 04:29:41,677 [INFO] Sending command to the server: 'time'
client 2023-08-07 04:29:41,681 [INFO] Got response: '1691378981.71741'
client 2023-08-07 04:29:41,681 [INFO] The time difference between the client and the server is within range -39.719 ms..-36.176 ms
client 2023-08-07 04:29:41,681 [INFO] Running the workload 'CM_MLPERF_RUN_COUNT=$(cat ${CM_RUN_DIR}/count.txt); echo ${CM_MLPERF_RUN_COUNT}; CM_MLPERF_RUN_COUNT=$((CM_MLPERF_RUN_COUNT+1)); echo ${CM_MLPERF_RUN_COUNT} > ${CM_RUN_DIR}/count.txt && if [ ${CM_MLPERF_RUN_COUNT} -eq "1" ]; then export CM_MLPERF_USER_CONF=${CM_MLPERF_RANGING_USER_CONF}; else export CM_MLPERF_USER_CONF=${CM_MLPERF_TESTING_USER_CONF}; fi && /mount/CM/repos/ctuning@mlcommons-ck/cm-mlops/script/run-all-mlperf-models/run.out'
client 2023-08-07 04:34:43,009 [INFO] Sending command to the server: 'time'
client 2023-08-07 04:34:43,011 [INFO] Got response: '1691379283.0431588'
client 2023-08-07 04:34:43,011 [INFO] The time difference between the client and the server is within range -33.995 ms..-31.181 ms
client 2023-08-07 04:34:43,012 [INFO] Sending command to the server: 'session,2023-08-07_04-29-12,stop,ranging'
client 2023-08-07 04:34:53,894 [INFO] Got response: 'OK'
client 2023-08-07 04:34:53,894 [INFO] Sending command to the server: 'time'
client 2023-08-07 04:34:53,896 [INFO] Got response: '1691379293.9291048'
client 2023-08-07 04:34:53,896 [INFO] The time difference between the client and the server is within range -34.275 ms..-32.364 ms
client 2023-08-07 04:34:53,900 [INFO] Copying loadgen logs from '/home/arjun/mobilenet_results/valid_results/orin-tflite_armnn_cpp-cpu-armnn_tflite-v23.05-using_neon/mobilenet-v1-precision_float-0.5-192/singlestream/performance/run_1' to '/home/arjun/mobilenet_results/valid_results/orin-tflite_armnn_cpp-cpu-armnn_tflite-v23.05-using_neon/mobilenet-v1-precision_float-0.5-192/singlestream/performance/tmp_power/ranging'
client 2023-08-07 04:34:53,901 [INFO] Running workload in testing mode
client 2023-08-07 04:34:53,901 [INFO] Synchronizing with the server and with time.google.com...
client 2023-08-07 04:34:53,931 [INFO] NTP:offset = -0.001 s, delay = 0.017 s 
client 2023-08-07 04:34:53,931 [INFO] Sending command to the server: 'time'
client 2023-08-07 04:34:53,933 [INFO] Got response: '1691379293.9692428'
client 2023-08-07 04:34:53,933 [INFO] The time difference between the client and the server is within range -37.969 ms..-35.873 ms
client 2023-08-07 04:34:53,933 [INFO] Sending command to the server: 'session,2023-08-07_04-29-12,start,testing'
client 2023-08-07 04:35:06,984 [INFO] Got response: 'OK'
client 2023-08-07 04:35:06,984 [INFO] Sending command to the server: 'time'
client 2023-08-07 04:35:06,988 [INFO] Got response: '1691379307.0204341'
client 2023-08-07 04:35:06,988 [INFO] The time difference between the client and the server is within range -35.498 ms..-32.105 ms
client 2023-08-07 04:35:06,988 [INFO] Running the workload 'CM_MLPERF_RUN_COUNT=$(cat ${CM_RUN_DIR}/count.txt); echo ${CM_MLPERF_RUN_COUNT}; CM_MLPERF_RUN_COUNT=$((CM_MLPERF_RUN_COUNT+1)); echo ${CM_MLPERF_RUN_COUNT} > ${CM_RUN_DIR}/count.txt && if [ ${CM_MLPERF_RUN_COUNT} -eq "1" ]; then export CM_MLPERF_USER_CONF=${CM_MLPERF_RANGING_USER_CONF}; else export CM_MLPERF_USER_CONF=${CM_MLPERF_TESTING_USER_CONF}; fi && /mount/CM/repos/ctuning@mlcommons-ck/cm-mlops/script/run-all-mlperf-models/run.out'
client 2023-08-07 04:45:09,262 [INFO] Sending command to the server: 'time'
client 2023-08-07 04:45:09,266 [INFO] Got response: '1691379909.2935035'
client 2023-08-07 04:45:09,266 [INFO] The time difference between the client and the server is within range -30.933 ms..-26.542 ms
client 2023-08-07 04:45:09,267 [INFO] Sending command to the server: 'session,2023-08-07_04-29-12,stop,testing'
client 2023-08-07 04:45:20,280 [INFO] Got response: 'OK'
client 2023-08-07 04:45:20,280 [INFO] Sending command to the server: 'time'
client 2023-08-07 04:45:20,282 [INFO] Got response: '1691379920.3128548'
client 2023-08-07 04:45:20,282 [INFO] The time difference between the client and the server is within range -32.284 ms..-30.510 ms
client 2023-08-07 04:45:20,283 [INFO] Copying loadgen logs from '/home/arjun/mobilenet_results/valid_results/orin-tflite_armnn_cpp-cpu-armnn_tflite-v23.05-using_neon/mobilenet-v1-precision_float-0.5-192/singlestream/performance/run_1' to '/home/arjun/mobilenet_results/valid_results/orin-tflite_armnn_cpp-cpu-armnn_tflite-v23.05-using_neon/mobilenet-v1-precision_float-0.5-192/singlestream/performance/tmp_power/run_1'
client 2023-08-07 04:45:20,283 [INFO] Done runs
