client 2023-07-20 16:39:11,784 [INFO] Creating output directory '/home/arjun/mobilenet_results/valid_results/raspberrypi-tflite_armnn_cpp-cpu-armnn_tflite-v22.11-using_neon/efficientnet-int8-lite4/singlestream/performance/tmp_power'
client 2023-07-20 16:39:11,787 [INFO] Sending command to the server: 'mlcommons/power client v3'
client 2023-07-20 16:39:11,790 [INFO] Got response: 'mlcommons/power server v3'
client 2023-07-20 16:39:11,790 [INFO] Synchronizing with the server and with time.google.com...
client 2023-07-20 16:39:11,837 [INFO] NTP:offset = 0.001 s, delay = 0.017 s 
client 2023-07-20 16:39:11,837 [INFO] Sending command to the server: 'time'
client 2023-07-20 16:39:11,841 [INFO] Got response: '1689867551.865813'
client 2023-07-20 16:39:11,841 [INFO] The time difference between the client and the server is within range -28.378 ms..-24.121 ms
client 2023-07-20 16:39:11,842 [INFO] Sending command to the server: 'new,,10f7f2f2-ff15-4637-abb0-11ff1f8db41f'
client 2023-07-20 16:39:11,847 [INFO] Got response: 'OK 2023-07-20_16-39-11,e81b1059-1a57-40eb-b1a4-07d25ebeaa4e'
client 2023-07-20 16:39:11,847 [INFO] Session id is '2023-07-20_16-39-11'
client 2023-07-20 16:39:11,848 [INFO] Sources: {"sources": {"__init__.py": "da39a3ee5e6b4b0d3255bfef95601890afd80709", "client.py": "33ca4f26368777ac06e01f9567b714a4b8063886", "lib/__init__.py": "da39a3ee5e6b4b0d3255bfef95601890afd80709", "lib/client.py": "ac2aa093c8e8bbc9569b9e2a3471bc64e58a2258", "lib/common.py": "611d8b29633d331eb19c9455ea3b5fa3284ed6df", "lib/external/__init__.py": "da39a3ee5e6b4b0d3255bfef95601890afd80709", "lib/external/ntplib.py": "4da8f970656505a40483206ef2b5d3dd5e81711d", "lib/server.py": "c7af63c31bb2fbedea4345f571f6e3507d268ada", "lib/source_hashes.py": "60a2e02193209e8d392803326208d5466342da18", "lib/summary.py": "aa92f0a3f975eecd44d3c0cd0236342ccc9f941d", "lib/time_sync.py": "122eba67a9abc85635223e054def53be1367ade2", "server.py": "c3f90f2f7eeb4db30727556d0c815ebc89b3d28b", "tests/unit/__init__.py": "da39a3ee5e6b4b0d3255bfef95601890afd80709", "tests/unit/test_server.py": "948c1995d4008bc2aa6c4046a34ffa3858d6d671", "tests/unit/test_source_hashes.py": "00468a2907583c593e6574a1f6b404e4651c221a"}, "modules": {"ptd_client_server.lib.client": "lib/client.py", "ptd_client_server.lib.common": "lib/common.py", "ptd_client_server.lib.external.ntplib": "lib/external/ntplib.py", "ptd_client_server.lib.source_hashes": "lib/source_hashes.py", "ptd_client_server.lib.summary": "lib/summary.py", "ptd_client_server.lib.time_sync": "lib/time_sync.py"}}
client 2023-07-20 16:39:11,848 [INFO] Running workload in ranging mode
client 2023-07-20 16:39:11,849 [INFO] Synchronizing with the server and with time.google.com...
client 2023-07-20 16:39:11,880 [INFO] NTP:offset = 0.002 s, delay = 0.016 s 
client 2023-07-20 16:39:11,880 [INFO] Sending command to the server: 'time'
client 2023-07-20 16:39:11,883 [INFO] Got response: '1689867551.9162621'
client 2023-07-20 16:39:11,884 [INFO] The time difference between the client and the server is within range -35.725 ms..-32.298 ms
client 2023-07-20 16:39:11,884 [INFO] Sending command to the server: 'session,2023-07-20_16-39-11,start,ranging'
client 2023-07-20 16:39:40,592 [INFO] Got response: 'OK'
client 2023-07-20 16:39:40,592 [INFO] Sending command to the server: 'time'
client 2023-07-20 16:39:40,597 [INFO] Got response: '1689867580.6221416'
client 2023-07-20 16:39:40,598 [INFO] The time difference between the client and the server is within range -29.567 ms..-23.890 ms
client 2023-07-20 16:39:40,599 [INFO] Running the workload 'CM_MLPERF_RUN_COUNT=$(cat ${CM_RUN_DIR}/count.txt); echo ${CM_MLPERF_RUN_COUNT}; CM_MLPERF_RUN_COUNT=$((CM_MLPERF_RUN_COUNT+1)); echo ${CM_MLPERF_RUN_COUNT} > ${CM_RUN_DIR}/count.txt && if [ ${CM_MLPERF_RUN_COUNT} -eq "1" ]; then export CM_MLPERF_USER_CONF=${CM_MLPERF_RANGING_USER_CONF}; else export CM_MLPERF_USER_CONF=${CM_MLPERF_TESTING_USER_CONF}; fi && /home/arjun/run.out'
client 2023-07-20 16:45:07,490 [INFO] Sending command to the server: 'time'
client 2023-07-20 16:45:07,495 [INFO] Got response: '1689867907.5231752'
client 2023-07-20 16:45:07,496 [INFO] The time difference between the client and the server is within range -32.926 ms..-27.129 ms
client 2023-07-20 16:45:07,496 [INFO] Sending command to the server: 'session,2023-07-20_16-39-11,stop,ranging'
client 2023-07-20 16:45:18,079 [INFO] Got response: 'OK'
client 2023-07-20 16:45:18,080 [INFO] Sending command to the server: 'time'
client 2023-07-20 16:45:18,084 [INFO] Got response: '1689867918.113562'
client 2023-07-20 16:45:18,084 [INFO] The time difference between the client and the server is within range -33.306 ms..-28.943 ms
client 2023-07-20 16:45:18,119 [INFO] Copying loadgen logs from '/home/arjun/mobilenet_results/valid_results/raspberrypi-tflite_armnn_cpp-cpu-armnn_tflite-v22.11-using_neon/efficientnet-int8-lite4/singlestream/performance/run_1' to '/home/arjun/mobilenet_results/valid_results/raspberrypi-tflite_armnn_cpp-cpu-armnn_tflite-v22.11-using_neon/efficientnet-int8-lite4/singlestream/performance/tmp_power/ranging'
client 2023-07-20 16:45:18,122 [INFO] Running workload in testing mode
client 2023-07-20 16:45:18,123 [INFO] Synchronizing with the server and with time.google.com...
client 2023-07-20 16:45:18,156 [INFO] NTP:offset = 0.001 s, delay = 0.016 s 
client 2023-07-20 16:45:18,157 [INFO] Sending command to the server: 'time'
client 2023-07-20 16:45:18,162 [INFO] Got response: '1689867918.1850085'
client 2023-07-20 16:45:18,162 [INFO] The time difference between the client and the server is within range -27.892 ms..-22.304 ms
client 2023-07-20 16:45:18,163 [INFO] Sending command to the server: 'session,2023-07-20_16-39-11,start,testing'
client 2023-07-20 16:45:31,216 [INFO] Got response: 'OK'
client 2023-07-20 16:45:31,216 [INFO] Sending command to the server: 'time'
client 2023-07-20 16:45:31,221 [INFO] Got response: '1689867931.2491171'
client 2023-07-20 16:45:31,221 [INFO] The time difference between the client and the server is within range -32.518 ms..-27.726 ms
client 2023-07-20 16:45:31,221 [INFO] Running the workload 'CM_MLPERF_RUN_COUNT=$(cat ${CM_RUN_DIR}/count.txt); echo ${CM_MLPERF_RUN_COUNT}; CM_MLPERF_RUN_COUNT=$((CM_MLPERF_RUN_COUNT+1)); echo ${CM_MLPERF_RUN_COUNT} > ${CM_RUN_DIR}/count.txt && if [ ${CM_MLPERF_RUN_COUNT} -eq "1" ]; then export CM_MLPERF_USER_CONF=${CM_MLPERF_RANGING_USER_CONF}; else export CM_MLPERF_USER_CONF=${CM_MLPERF_TESTING_USER_CONF}; fi && /home/arjun/run.out'
client 2023-07-20 16:55:45,745 [INFO] Sending command to the server: 'time'
client 2023-07-20 16:55:45,749 [INFO] Got response: '1689868545.77134'
client 2023-07-20 16:55:45,749 [INFO] The time difference between the client and the server is within range -26.373 ms..-22.000 ms
client 2023-07-20 16:55:45,749 [INFO] Sending command to the server: 'session,2023-07-20_16-39-11,stop,testing'
client 2023-07-20 16:55:56,300 [INFO] Got response: 'OK'
client 2023-07-20 16:55:56,301 [INFO] Sending command to the server: 'time'
client 2023-07-20 16:55:56,304 [INFO] Got response: '1689868556.3283365'
client 2023-07-20 16:55:56,304 [INFO] The time difference between the client and the server is within range -27.226 ms..-23.547 ms
client 2023-07-20 16:55:56,310 [INFO] Copying loadgen logs from '/home/arjun/mobilenet_results/valid_results/raspberrypi-tflite_armnn_cpp-cpu-armnn_tflite-v22.11-using_neon/efficientnet-int8-lite4/singlestream/performance/run_1' to '/home/arjun/mobilenet_results/valid_results/raspberrypi-tflite_armnn_cpp-cpu-armnn_tflite-v22.11-using_neon/efficientnet-int8-lite4/singlestream/performance/tmp_power/run_1'
client 2023-07-20 16:55:56,314 [INFO] Done runs
