client 2023-07-11 13:04:27,090 [INFO] Creating output directory '/home/arjun/mobilenet_results/valid_results/orin-tflite_armnn_cpp-cpu-armnn_tflite-v22.11-using_neon/mobilenet-v2-precision_uint8-0.75-128/singlestream/performance/tmp_power'
client 2023-07-11 13:04:27,092 [INFO] Sending command to the server: 'mlcommons/power client v3'
client 2023-07-11 13:04:27,094 [INFO] Got response: 'mlcommons/power server v3'
client 2023-07-11 13:04:27,095 [INFO] Synchronizing with the server and with time.google.com...
client 2023-07-11 13:04:27,115 [INFO] NTP:offset = -0.010 s, delay = 0.017 s 
client 2023-07-11 13:04:27,116 [INFO] Sending command to the server: 'time'
client 2023-07-11 13:04:27,121 [INFO] Got response: '1689077067.0902758'
client 2023-07-11 13:04:27,121 [INFO] The time difference between the client and the server is within range 25.844 ms..31.062 ms
client 2023-07-11 13:04:27,121 [INFO] Sending command to the server: 'new,,01414be9-4275-427b-a483-4dfa08e20851'
client 2023-07-11 13:04:27,124 [INFO] Got response: 'OK 2023-07-11_13-04-27,b75e67a6-64f5-475a-9bd5-4c12f10912a3'
client 2023-07-11 13:04:27,124 [INFO] Session id is '2023-07-11_13-04-27'
client 2023-07-11 13:04:27,124 [INFO] Sources: {"sources": {"__init__.py": "da39a3ee5e6b4b0d3255bfef95601890afd80709", "client.py": "33ca4f26368777ac06e01f9567b714a4b8063886", "lib/__init__.py": "da39a3ee5e6b4b0d3255bfef95601890afd80709", "lib/client.py": "ac2aa093c8e8bbc9569b9e2a3471bc64e58a2258", "lib/common.py": "611d8b29633d331eb19c9455ea3b5fa3284ed6df", "lib/external/__init__.py": "da39a3ee5e6b4b0d3255bfef95601890afd80709", "lib/external/ntplib.py": "4da8f970656505a40483206ef2b5d3dd5e81711d", "lib/server.py": "c7af63c31bb2fbedea4345f571f6e3507d268ada", "lib/source_hashes.py": "60a2e02193209e8d392803326208d5466342da18", "lib/summary.py": "aa92f0a3f975eecd44d3c0cd0236342ccc9f941d", "lib/time_sync.py": "122eba67a9abc85635223e054def53be1367ade2", "server.py": "c3f90f2f7eeb4db30727556d0c815ebc89b3d28b", "tests/unit/__init__.py": "da39a3ee5e6b4b0d3255bfef95601890afd80709", "tests/unit/test_server.py": "948c1995d4008bc2aa6c4046a34ffa3858d6d671", "tests/unit/test_source_hashes.py": "00468a2907583c593e6574a1f6b404e4651c221a"}, "modules": {"ptd_client_server.lib.client": "lib/client.py", "ptd_client_server.lib.common": "lib/common.py", "ptd_client_server.lib.external.ntplib": "lib/external/ntplib.py", "ptd_client_server.lib.source_hashes": "lib/source_hashes.py", "ptd_client_server.lib.summary": "lib/summary.py", "ptd_client_server.lib.time_sync": "lib/time_sync.py"}}
client 2023-07-11 13:04:27,124 [INFO] Running workload in ranging mode
client 2023-07-11 13:04:27,124 [INFO] Synchronizing with the server and with time.google.com...
client 2023-07-11 13:04:27,141 [INFO] NTP:offset = -0.010 s, delay = 0.016 s 
client 2023-07-11 13:04:27,141 [INFO] Sending command to the server: 'time'
client 2023-07-11 13:04:27,144 [INFO] Got response: '1689077067.1132185'
client 2023-07-11 13:04:27,144 [INFO] The time difference between the client and the server is within range 28.504 ms..31.173 ms
client 2023-07-11 13:04:27,144 [INFO] Sending command to the server: 'session,2023-07-11_13-04-27,start,ranging'
client 2023-07-11 13:04:55,831 [INFO] Got response: 'OK'
client 2023-07-11 13:04:55,832 [INFO] Sending command to the server: 'time'
client 2023-07-11 13:04:55,836 [INFO] Got response: '1689077095.8036778'
client 2023-07-11 13:04:55,837 [INFO] The time difference between the client and the server is within range 29.240 ms..33.613 ms
client 2023-07-11 13:04:55,837 [INFO] Running the workload 'CM_MLPERF_RUN_COUNT=$(cat ${CM_RUN_DIR}/count.txt); echo ${CM_MLPERF_RUN_COUNT}; CM_MLPERF_RUN_COUNT=$((CM_MLPERF_RUN_COUNT+1)); echo ${CM_MLPERF_RUN_COUNT} > ${CM_RUN_DIR}/count.txt && if [ ${CM_MLPERF_RUN_COUNT} -eq "1" ]; then export CM_MLPERF_USER_CONF=${CM_MLPERF_RANGING_USER_CONF}; else export CM_MLPERF_USER_CONF=${CM_MLPERF_TESTING_USER_CONF}; fi && /home/arjun/run.out'
client 2023-07-11 13:09:57,454 [INFO] Sending command to the server: 'time'
client 2023-07-11 13:09:57,457 [INFO] Got response: '1689077397.4231913'
client 2023-07-11 13:09:57,457 [INFO] The time difference between the client and the server is within range 30.830 ms..34.452 ms
client 2023-07-11 13:09:57,457 [INFO] Sending command to the server: 'session,2023-07-11_13-04-27,stop,ranging'
client 2023-07-11 13:10:08,013 [INFO] Got response: 'OK'
client 2023-07-11 13:10:08,014 [INFO] Sending command to the server: 'time'
client 2023-07-11 13:10:08,017 [INFO] Got response: '1689077407.9823637'
client 2023-07-11 13:10:08,018 [INFO] The time difference between the client and the server is within range 32.171 ms..35.567 ms
client 2023-07-11 13:10:08,036 [INFO] Copying loadgen logs from '/home/arjun/mobilenet_results/valid_results/orin-tflite_armnn_cpp-cpu-armnn_tflite-v22.11-using_neon/mobilenet-v2-precision_uint8-0.75-128/singlestream/performance/run_1' to '/home/arjun/mobilenet_results/valid_results/orin-tflite_armnn_cpp-cpu-armnn_tflite-v22.11-using_neon/mobilenet-v2-precision_uint8-0.75-128/singlestream/performance/tmp_power/ranging'
client 2023-07-11 13:10:08,038 [INFO] Running workload in testing mode
client 2023-07-11 13:10:08,038 [INFO] Synchronizing with the server and with time.google.com...
client 2023-07-11 13:10:08,060 [INFO] NTP:offset = -0.011 s, delay = 0.018 s 
client 2023-07-11 13:10:08,060 [INFO] Sending command to the server: 'time'
client 2023-07-11 13:10:08,063 [INFO] Got response: '1689077408.0287995'
client 2023-07-11 13:10:08,063 [INFO] The time difference between the client and the server is within range 31.680 ms..34.923 ms
client 2023-07-11 13:10:08,063 [INFO] Sending command to the server: 'session,2023-07-11_13-04-27,start,testing'
client 2023-07-11 13:10:21,095 [INFO] Got response: 'OK'
client 2023-07-11 13:10:21,095 [INFO] Sending command to the server: 'time'
client 2023-07-11 13:10:21,099 [INFO] Got response: '1689077421.0644786'
client 2023-07-11 13:10:21,099 [INFO] The time difference between the client and the server is within range 31.203 ms..35.058 ms
client 2023-07-11 13:10:21,099 [INFO] Running the workload 'CM_MLPERF_RUN_COUNT=$(cat ${CM_RUN_DIR}/count.txt); echo ${CM_MLPERF_RUN_COUNT}; CM_MLPERF_RUN_COUNT=$((CM_MLPERF_RUN_COUNT+1)); echo ${CM_MLPERF_RUN_COUNT} > ${CM_RUN_DIR}/count.txt && if [ ${CM_MLPERF_RUN_COUNT} -eq "1" ]; then export CM_MLPERF_USER_CONF=${CM_MLPERF_RANGING_USER_CONF}; else export CM_MLPERF_USER_CONF=${CM_MLPERF_TESTING_USER_CONF}; fi && /home/arjun/run.out'
client 2023-07-11 13:20:23,973 [INFO] Sending command to the server: 'time'
client 2023-07-11 13:20:23,976 [INFO] Got response: '1689078023.936882'
client 2023-07-11 13:20:23,977 [INFO] The time difference between the client and the server is within range 36.436 ms..40.152 ms
client 2023-07-11 13:20:23,977 [INFO] Sending command to the server: 'session,2023-07-11_13-04-27,stop,testing'
client 2023-07-11 13:20:34,370 [INFO] Got response: 'OK'
client 2023-07-11 13:20:34,371 [INFO] Sending command to the server: 'time'
client 2023-07-11 13:20:34,394 [INFO] Got response: '1689078034.354542'
client 2023-07-11 13:20:34,395 [INFO] The time difference between the client and the server is within range 17.166 ms..40.792 ms
client 2023-07-11 13:20:34,400 [INFO] Copying loadgen logs from '/home/arjun/mobilenet_results/valid_results/orin-tflite_armnn_cpp-cpu-armnn_tflite-v22.11-using_neon/mobilenet-v2-precision_uint8-0.75-128/singlestream/performance/run_1' to '/home/arjun/mobilenet_results/valid_results/orin-tflite_armnn_cpp-cpu-armnn_tflite-v22.11-using_neon/mobilenet-v2-precision_uint8-0.75-128/singlestream/performance/tmp_power/run_1'
client 2023-07-11 13:20:34,402 [INFO] Done runs
