client 2023-07-16 07:27:42,561 [INFO] Creating output directory '/home/arjun/mobilenet_results/valid_results/raspberrypi-tflite_armnn_cpp-cpu-armnn_tflite-v23.05-using_neon/mobilenet-v3-precision_uint8-large-minimalistic-224/singlestream/performance/tmp_power'
client 2023-07-16 07:27:42,568 [INFO] Sending command to the server: 'mlcommons/power client v3'
client 2023-07-16 07:27:42,571 [INFO] Got response: 'mlcommons/power server v3'
client 2023-07-16 07:27:42,571 [INFO] Synchronizing with the server and with time.google.com...
client 2023-07-16 07:27:42,604 [INFO] NTP:offset = 0.000 s, delay = 0.013 s 
client 2023-07-16 07:27:42,604 [INFO] Sending command to the server: 'time'
client 2023-07-16 07:27:42,607 [INFO] Got response: '1689488862.571751'
client 2023-07-16 07:27:42,607 [INFO] The time difference between the client and the server is within range 32.925 ms..36.174 ms
client 2023-07-16 07:27:42,608 [INFO] Sending command to the server: 'new,,f72ae563-3084-43cb-b87e-b01f2fa4b304'
client 2023-07-16 07:27:42,611 [INFO] Got response: 'OK 2023-07-16_07-27-42,42444aa7-cea7-449a-b8ff-09641a6222e2'
client 2023-07-16 07:27:42,611 [INFO] Session id is '2023-07-16_07-27-42'
client 2023-07-16 07:27:42,612 [INFO] Sources: {"sources": {"__init__.py": "da39a3ee5e6b4b0d3255bfef95601890afd80709", "client.py": "33ca4f26368777ac06e01f9567b714a4b8063886", "lib/__init__.py": "da39a3ee5e6b4b0d3255bfef95601890afd80709", "lib/client.py": "ac2aa093c8e8bbc9569b9e2a3471bc64e58a2258", "lib/common.py": "611d8b29633d331eb19c9455ea3b5fa3284ed6df", "lib/external/__init__.py": "da39a3ee5e6b4b0d3255bfef95601890afd80709", "lib/external/ntplib.py": "4da8f970656505a40483206ef2b5d3dd5e81711d", "lib/server.py": "c7af63c31bb2fbedea4345f571f6e3507d268ada", "lib/source_hashes.py": "60a2e02193209e8d392803326208d5466342da18", "lib/summary.py": "aa92f0a3f975eecd44d3c0cd0236342ccc9f941d", "lib/time_sync.py": "122eba67a9abc85635223e054def53be1367ade2", "server.py": "c3f90f2f7eeb4db30727556d0c815ebc89b3d28b", "tests/unit/__init__.py": "da39a3ee5e6b4b0d3255bfef95601890afd80709", "tests/unit/test_server.py": "948c1995d4008bc2aa6c4046a34ffa3858d6d671", "tests/unit/test_source_hashes.py": "00468a2907583c593e6574a1f6b404e4651c221a"}, "modules": {"ptd_client_server.lib.client": "lib/client.py", "ptd_client_server.lib.common": "lib/common.py", "ptd_client_server.lib.external.ntplib": "lib/external/ntplib.py", "ptd_client_server.lib.source_hashes": "lib/source_hashes.py", "ptd_client_server.lib.summary": "lib/summary.py", "ptd_client_server.lib.time_sync": "lib/time_sync.py"}}
client 2023-07-16 07:27:42,612 [INFO] Running workload in ranging mode
client 2023-07-16 07:27:42,612 [INFO] Synchronizing with the server and with time.google.com...
client 2023-07-16 07:27:42,641 [INFO] NTP:offset = 0.002 s, delay = 0.014 s 
client 2023-07-16 07:27:42,641 [INFO] Sending command to the server: 'time'
client 2023-07-16 07:27:42,644 [INFO] Got response: '1689488862.613194'
client 2023-07-16 07:27:42,644 [INFO] The time difference between the client and the server is within range 28.705 ms..31.660 ms
client 2023-07-16 07:27:42,645 [INFO] Sending command to the server: 'session,2023-07-16_07-27-42,start,ranging'
client 2023-07-16 07:28:11,362 [INFO] Got response: 'OK'
client 2023-07-16 07:28:11,362 [INFO] Sending command to the server: 'time'
client 2023-07-16 07:28:11,368 [INFO] Got response: '1689488891.33805'
client 2023-07-16 07:28:11,368 [INFO] The time difference between the client and the server is within range 24.771 ms..30.487 ms
client 2023-07-16 07:28:11,368 [INFO] Running the workload 'CM_MLPERF_RUN_COUNT=$(cat ${CM_RUN_DIR}/count.txt); echo ${CM_MLPERF_RUN_COUNT}; CM_MLPERF_RUN_COUNT=$((CM_MLPERF_RUN_COUNT+1)); echo ${CM_MLPERF_RUN_COUNT} > ${CM_RUN_DIR}/count.txt && if [ ${CM_MLPERF_RUN_COUNT} -eq "1" ]; then export CM_MLPERF_USER_CONF=${CM_MLPERF_RANGING_USER_CONF}; else export CM_MLPERF_USER_CONF=${CM_MLPERF_TESTING_USER_CONF}; fi && /home/arjun/run.out'
client 2023-07-16 07:33:18,514 [INFO] Sending command to the server: 'time'
client 2023-07-16 07:33:18,518 [INFO] Got response: '1689489198.477119'
client 2023-07-16 07:33:18,519 [INFO] The time difference between the client and the server is within range 36.710 ms..41.950 ms
client 2023-07-16 07:33:18,519 [INFO] Sending command to the server: 'session,2023-07-16_07-27-42,stop,ranging'
client 2023-07-16 07:33:29,621 [INFO] Got response: 'OK'
client 2023-07-16 07:33:29,622 [INFO] Sending command to the server: 'time'
client 2023-07-16 07:33:29,625 [INFO] Got response: '1689489209.590413'
client 2023-07-16 07:33:29,626 [INFO] The time difference between the client and the server is within range 31.852 ms..35.719 ms
client 2023-07-16 07:33:29,655 [INFO] Copying loadgen logs from '/home/arjun/mobilenet_results/valid_results/raspberrypi-tflite_armnn_cpp-cpu-armnn_tflite-v23.05-using_neon/mobilenet-v3-precision_uint8-large-minimalistic-224/singlestream/performance/run_1' to '/home/arjun/mobilenet_results/valid_results/raspberrypi-tflite_armnn_cpp-cpu-armnn_tflite-v23.05-using_neon/mobilenet-v3-precision_uint8-large-minimalistic-224/singlestream/performance/tmp_power/ranging'
client 2023-07-16 07:33:29,658 [INFO] Running workload in testing mode
client 2023-07-16 07:33:29,659 [INFO] Synchronizing with the server and with time.google.com...
client 2023-07-16 07:33:29,697 [INFO] NTP:offset = 0.000 s, delay = 0.020 s 
client 2023-07-16 07:33:29,698 [INFO] Sending command to the server: 'time'
client 2023-07-16 07:33:29,701 [INFO] Got response: '1689489209.6603043'
client 2023-07-16 07:33:29,702 [INFO] The time difference between the client and the server is within range 37.991 ms..41.816 ms
client 2023-07-16 07:33:29,702 [INFO] Sending command to the server: 'session,2023-07-16_07-27-42,start,testing'
client 2023-07-16 07:33:42,740 [INFO] Got response: 'OK'
client 2023-07-16 07:33:42,740 [INFO] Sending command to the server: 'time'
client 2023-07-16 07:33:42,745 [INFO] Got response: '1689489222.7085643'
client 2023-07-16 07:33:42,745 [INFO] The time difference between the client and the server is within range 32.204 ms..37.040 ms
client 2023-07-16 07:33:42,746 [INFO] Running the workload 'CM_MLPERF_RUN_COUNT=$(cat ${CM_RUN_DIR}/count.txt); echo ${CM_MLPERF_RUN_COUNT}; CM_MLPERF_RUN_COUNT=$((CM_MLPERF_RUN_COUNT+1)); echo ${CM_MLPERF_RUN_COUNT} > ${CM_RUN_DIR}/count.txt && if [ ${CM_MLPERF_RUN_COUNT} -eq "1" ]; then export CM_MLPERF_USER_CONF=${CM_MLPERF_RANGING_USER_CONF}; else export CM_MLPERF_USER_CONF=${CM_MLPERF_TESTING_USER_CONF}; fi && /home/arjun/run.out'
client 2023-07-16 07:43:54,289 [INFO] Sending command to the server: 'time'
client 2023-07-16 07:43:54,295 [INFO] Got response: '1689489834.251189'
client 2023-07-16 07:43:54,295 [INFO] The time difference between the client and the server is within range 38.529 ms..44.191 ms
client 2023-07-16 07:43:54,295 [INFO] Sending command to the server: 'session,2023-07-16_07-27-42,stop,testing'
client 2023-07-16 07:44:04,833 [INFO] Got response: 'OK'
client 2023-07-16 07:44:04,834 [INFO] Sending command to the server: 'time'
client 2023-07-16 07:44:04,837 [INFO] Got response: '1689489844.7916765'
client 2023-07-16 07:44:04,837 [INFO] The time difference between the client and the server is within range 42.701 ms..46.025 ms
client 2023-07-16 07:44:04,843 [INFO] Copying loadgen logs from '/home/arjun/mobilenet_results/valid_results/raspberrypi-tflite_armnn_cpp-cpu-armnn_tflite-v23.05-using_neon/mobilenet-v3-precision_uint8-large-minimalistic-224/singlestream/performance/run_1' to '/home/arjun/mobilenet_results/valid_results/raspberrypi-tflite_armnn_cpp-cpu-armnn_tflite-v23.05-using_neon/mobilenet-v3-precision_uint8-large-minimalistic-224/singlestream/performance/tmp_power/run_1'
client 2023-07-16 07:44:04,846 [INFO] Done runs
