client 2023-07-13 13:23:53,881 [INFO] Creating output directory '/home/arjun/mobilenet_results/valid_results/orin-tflite_armnn_cpp-cpu-armnn_tflite-v23.05-using_neon/mobilenet-v1-precision_uint8-0.25-128/singlestream/performance/tmp_power'
client 2023-07-13 13:23:53,885 [INFO] Sending command to the server: 'mlcommons/power client v3'
client 2023-07-13 13:23:53,888 [INFO] Got response: 'mlcommons/power server v3'
client 2023-07-13 13:23:53,888 [INFO] Synchronizing with the server and with time.google.com...
client 2023-07-13 13:23:53,909 [INFO] NTP:offset = -0.007 s, delay = 0.016 s 
client 2023-07-13 13:23:53,909 [INFO] Sending command to the server: 'time'
client 2023-07-13 13:23:53,914 [INFO] Got response: '1689251033.8237567'
client 2023-07-13 13:23:53,914 [INFO] The time difference between the client and the server is within range 86.021 ms..90.458 ms
client 2023-07-13 13:23:53,914 [INFO] Sending command to the server: 'new,,95d966cf-8c13-4516-8cb3-99d9acfdf738'
client 2023-07-13 13:23:53,917 [INFO] Got response: 'OK 2023-07-13_13-23-53,d9af903c-5e98-40f9-85df-014ca85c20bf'
client 2023-07-13 13:23:53,917 [INFO] Session id is '2023-07-13_13-23-53'
client 2023-07-13 13:23:53,918 [INFO] Sources: {"sources": {"__init__.py": "da39a3ee5e6b4b0d3255bfef95601890afd80709", "client.py": "33ca4f26368777ac06e01f9567b714a4b8063886", "lib/__init__.py": "da39a3ee5e6b4b0d3255bfef95601890afd80709", "lib/client.py": "ac2aa093c8e8bbc9569b9e2a3471bc64e58a2258", "lib/common.py": "611d8b29633d331eb19c9455ea3b5fa3284ed6df", "lib/external/__init__.py": "da39a3ee5e6b4b0d3255bfef95601890afd80709", "lib/external/ntplib.py": "4da8f970656505a40483206ef2b5d3dd5e81711d", "lib/server.py": "c7af63c31bb2fbedea4345f571f6e3507d268ada", "lib/source_hashes.py": "60a2e02193209e8d392803326208d5466342da18", "lib/summary.py": "aa92f0a3f975eecd44d3c0cd0236342ccc9f941d", "lib/time_sync.py": "122eba67a9abc85635223e054def53be1367ade2", "server.py": "c3f90f2f7eeb4db30727556d0c815ebc89b3d28b", "tests/unit/__init__.py": "da39a3ee5e6b4b0d3255bfef95601890afd80709", "tests/unit/test_server.py": "948c1995d4008bc2aa6c4046a34ffa3858d6d671", "tests/unit/test_source_hashes.py": "00468a2907583c593e6574a1f6b404e4651c221a"}, "modules": {"ptd_client_server.lib.client": "lib/client.py", "ptd_client_server.lib.common": "lib/common.py", "ptd_client_server.lib.external.ntplib": "lib/external/ntplib.py", "ptd_client_server.lib.source_hashes": "lib/source_hashes.py", "ptd_client_server.lib.summary": "lib/summary.py", "ptd_client_server.lib.time_sync": "lib/time_sync.py"}}
client 2023-07-13 13:23:53,918 [INFO] Running workload in ranging mode
client 2023-07-13 13:23:53,918 [INFO] Synchronizing with the server and with time.google.com...
client 2023-07-13 13:23:53,933 [INFO] NTP:offset = -0.009 s, delay = 0.014 s 
client 2023-07-13 13:23:53,933 [INFO] Sending command to the server: 'time'
client 2023-07-13 13:23:53,936 [INFO] Got response: '1689251033.8443336'
client 2023-07-13 13:23:53,936 [INFO] The time difference between the client and the server is within range 88.908 ms..92.033 ms
client 2023-07-13 13:23:53,936 [INFO] Sending command to the server: 'session,2023-07-13_13-23-53,start,ranging'
client 2023-07-13 13:24:22,669 [INFO] Got response: 'OK'
client 2023-07-13 13:24:22,670 [INFO] Sending command to the server: 'time'
client 2023-07-13 13:24:22,677 [INFO] Got response: '1689251062.5878937'
client 2023-07-13 13:24:22,677 [INFO] The time difference between the client and the server is within range 82.729 ms..89.904 ms
client 2023-07-13 13:24:22,678 [INFO] Running the workload 'CM_MLPERF_RUN_COUNT=$(cat ${CM_RUN_DIR}/count.txt); echo ${CM_MLPERF_RUN_COUNT}; CM_MLPERF_RUN_COUNT=$((CM_MLPERF_RUN_COUNT+1)); echo ${CM_MLPERF_RUN_COUNT} > ${CM_RUN_DIR}/count.txt && if [ ${CM_MLPERF_RUN_COUNT} -eq "1" ]; then export CM_MLPERF_USER_CONF=${CM_MLPERF_RANGING_USER_CONF}; else export CM_MLPERF_USER_CONF=${CM_MLPERF_TESTING_USER_CONF}; fi && /home/arjun/run.out'
client 2023-07-13 13:29:24,427 [INFO] Sending command to the server: 'time'
client 2023-07-13 13:29:24,431 [INFO] Got response: '1689251364.336289'
client 2023-07-13 13:29:24,431 [INFO] The time difference between the client and the server is within range 90.899 ms..95.655 ms
client 2023-07-13 13:29:24,432 [INFO] Sending command to the server: 'session,2023-07-13_13-23-53,stop,ranging'
client 2023-07-13 13:29:35,003 [INFO] Got response: 'OK'
client 2023-07-13 13:29:35,003 [INFO] Sending command to the server: 'time'
client 2023-07-13 13:29:35,009 [INFO] Got response: '1689251374.9118145'
client 2023-07-13 13:29:35,009 [INFO] The time difference between the client and the server is within range 92.117 ms..97.609 ms
client 2023-07-13 13:29:35,026 [INFO] Copying loadgen logs from '/home/arjun/mobilenet_results/valid_results/orin-tflite_armnn_cpp-cpu-armnn_tflite-v23.05-using_neon/mobilenet-v1-precision_uint8-0.25-128/singlestream/performance/run_1' to '/home/arjun/mobilenet_results/valid_results/orin-tflite_armnn_cpp-cpu-armnn_tflite-v23.05-using_neon/mobilenet-v1-precision_uint8-0.25-128/singlestream/performance/tmp_power/ranging'
client 2023-07-13 13:29:35,027 [INFO] Running workload in testing mode
client 2023-07-13 13:29:35,028 [INFO] Synchronizing with the server and with time.google.com...
client 2023-07-13 13:29:35,062 [INFO] NTP:offset = -0.006 s, delay = 0.017 s 
client 2023-07-13 13:29:35,062 [INFO] Sending command to the server: 'time'
client 2023-07-13 13:29:35,066 [INFO] Got response: '1689251374.9732573'
client 2023-07-13 13:29:35,066 [INFO] The time difference between the client and the server is within range 89.572 ms..93.231 ms
client 2023-07-13 13:29:35,066 [INFO] Sending command to the server: 'session,2023-07-13_13-23-53,start,testing'
client 2023-07-13 13:29:48,106 [INFO] Got response: 'OK'
client 2023-07-13 13:29:48,106 [INFO] Sending command to the server: 'time'
client 2023-07-13 13:29:48,111 [INFO] Got response: '1689251388.0156033'
client 2023-07-13 13:29:48,111 [INFO] The time difference between the client and the server is within range 91.302 ms..95.908 ms
client 2023-07-13 13:29:48,111 [INFO] Running the workload 'CM_MLPERF_RUN_COUNT=$(cat ${CM_RUN_DIR}/count.txt); echo ${CM_MLPERF_RUN_COUNT}; CM_MLPERF_RUN_COUNT=$((CM_MLPERF_RUN_COUNT+1)); echo ${CM_MLPERF_RUN_COUNT} > ${CM_RUN_DIR}/count.txt && if [ ${CM_MLPERF_RUN_COUNT} -eq "1" ]; then export CM_MLPERF_USER_CONF=${CM_MLPERF_RANGING_USER_CONF}; else export CM_MLPERF_USER_CONF=${CM_MLPERF_TESTING_USER_CONF}; fi && /home/arjun/run.out'
client 2023-07-13 13:39:51,337 [INFO] Sending command to the server: 'time'
client 2023-07-13 13:39:51,342 [INFO] Got response: '1689251991.2375324'
client 2023-07-13 13:39:51,342 [INFO] The time difference between the client and the server is within range 99.651 ms..105.363 ms
client 2023-07-13 13:39:51,343 [INFO] Sending command to the server: 'session,2023-07-13_13-23-53,stop,testing'
client 2023-07-13 13:40:02,179 [INFO] Got response: 'OK'
client 2023-07-13 13:40:02,180 [INFO] Sending command to the server: 'time'
client 2023-07-13 13:40:02,184 [INFO] Got response: '1689252002.0771062'
client 2023-07-13 13:40:02,184 [INFO] The time difference between the client and the server is within range 103.066 ms..107.481 ms
client 2023-07-13 13:40:02,189 [INFO] Copying loadgen logs from '/home/arjun/mobilenet_results/valid_results/orin-tflite_armnn_cpp-cpu-armnn_tflite-v23.05-using_neon/mobilenet-v1-precision_uint8-0.25-128/singlestream/performance/run_1' to '/home/arjun/mobilenet_results/valid_results/orin-tflite_armnn_cpp-cpu-armnn_tflite-v23.05-using_neon/mobilenet-v1-precision_uint8-0.25-128/singlestream/performance/tmp_power/run_1'
client 2023-07-13 13:40:02,191 [INFO] Done runs
