client 2023-08-07 21:58:02,495 [INFO] Creating output directory '/home/arjun/mobilenet_results/valid_results/orin-tflite_armnn_cpp-cpu-armnn_tflite-v23.05-using_neon/mobilenet-v2-precision_float-0.35-224/singlestream/performance/tmp_power'
client 2023-08-07 21:58:02,505 [INFO] Sending command to the server: 'mlcommons/power client v3'
client 2023-08-07 21:58:02,509 [INFO] Got response: 'mlcommons/power server v3'
client 2023-08-07 21:58:02,509 [INFO] Synchronizing with the server and with time.google.com...
client 2023-08-07 21:58:02,526 [INFO] NTP:offset = -0.004 s, delay = 0.014 s 
client 2023-08-07 21:58:02,527 [INFO] Sending command to the server: 'time'
client 2023-08-07 21:58:02,531 [INFO] Got response: '1691441882.4730613'
client 2023-08-07 21:58:02,531 [INFO] The time difference between the client and the server is within range 54.011 ms..58.068 ms
client 2023-08-07 21:58:02,531 [INFO] Sending command to the server: 'new,,10f7fd57-b7d1-49dc-bc17-3529616957ec'
client 2023-08-07 21:58:02,539 [INFO] Got response: 'OK 2023-08-07_21-58-02,d4cd75a7-23da-42ce-95b2-de031f6da983'
client 2023-08-07 21:58:02,539 [INFO] Session id is '2023-08-07_21-58-02'
client 2023-08-07 21:58:02,539 [INFO] Sources: {"sources": {"__init__.py": "da39a3ee5e6b4b0d3255bfef95601890afd80709", "client.py": "33ca4f26368777ac06e01f9567b714a4b8063886", "lib/__init__.py": "da39a3ee5e6b4b0d3255bfef95601890afd80709", "lib/client.py": "ac2aa093c8e8bbc9569b9e2a3471bc64e58a2258", "lib/common.py": "611d8b29633d331eb19c9455ea3b5fa3284ed6df", "lib/external/__init__.py": "da39a3ee5e6b4b0d3255bfef95601890afd80709", "lib/external/ntplib.py": "4da8f970656505a40483206ef2b5d3dd5e81711d", "lib/server.py": "c7af63c31bb2fbedea4345f571f6e3507d268ada", "lib/source_hashes.py": "60a2e02193209e8d392803326208d5466342da18", "lib/summary.py": "aa92f0a3f975eecd44d3c0cd0236342ccc9f941d", "lib/time_sync.py": "122eba67a9abc85635223e054def53be1367ade2", "server.py": "c3f90f2f7eeb4db30727556d0c815ebc89b3d28b", "tests/unit/__init__.py": "da39a3ee5e6b4b0d3255bfef95601890afd80709", "tests/unit/test_server.py": "948c1995d4008bc2aa6c4046a34ffa3858d6d671", "tests/unit/test_source_hashes.py": "00468a2907583c593e6574a1f6b404e4651c221a"}, "modules": {"ptd_client_server.lib.client": "lib/client.py", "ptd_client_server.lib.common": "lib/common.py", "ptd_client_server.lib.external.ntplib": "lib/external/ntplib.py", "ptd_client_server.lib.source_hashes": "lib/source_hashes.py", "ptd_client_server.lib.summary": "lib/summary.py", "ptd_client_server.lib.time_sync": "lib/time_sync.py"}}
client 2023-08-07 21:58:02,539 [INFO] Running workload in ranging mode
client 2023-08-07 21:58:02,539 [INFO] Synchronizing with the server and with time.google.com...
client 2023-08-07 21:58:02,556 [INFO] NTP:offset = -0.003 s, delay = 0.016 s 
client 2023-08-07 21:58:02,556 [INFO] Sending command to the server: 'time'
client 2023-08-07 21:58:02,562 [INFO] Got response: '1691441882.5037463'
client 2023-08-07 21:58:02,562 [INFO] The time difference between the client and the server is within range 52.881 ms..58.837 ms
client 2023-08-07 21:58:02,562 [INFO] Sending command to the server: 'session,2023-08-07_21-58-02,start,ranging'
client 2023-08-07 21:58:31,290 [INFO] Got response: 'OK'
client 2023-08-07 21:58:31,291 [INFO] Sending command to the server: 'time'
client 2023-08-07 21:58:31,295 [INFO] Got response: '1691441911.2288609'
client 2023-08-07 21:58:31,295 [INFO] The time difference between the client and the server is within range 62.262 ms..66.376 ms
client 2023-08-07 21:58:31,295 [INFO] Running the workload 'CM_MLPERF_RUN_COUNT=$(cat ${CM_RUN_DIR}/count.txt); echo ${CM_MLPERF_RUN_COUNT}; CM_MLPERF_RUN_COUNT=$((CM_MLPERF_RUN_COUNT+1)); echo ${CM_MLPERF_RUN_COUNT} > ${CM_RUN_DIR}/count.txt && if [ ${CM_MLPERF_RUN_COUNT} -eq "1" ]; then export CM_MLPERF_USER_CONF=${CM_MLPERF_RANGING_USER_CONF}; else export CM_MLPERF_USER_CONF=${CM_MLPERF_TESTING_USER_CONF}; fi && /mount/CM/repos/ctuning@mlcommons-ck/cm-mlops/script/run-all-mlperf-models/run.out'
client 2023-08-07 22:03:32,447 [INFO] Sending command to the server: 'time'
client 2023-08-07 22:03:32,455 [INFO] Got response: '1691442212.448024'
client 2023-08-07 22:03:32,455 [INFO] The time difference between the client and the server is within range -0.601 ms..7.640 ms
client 2023-08-07 22:03:32,455 [INFO] Sending command to the server: 'session,2023-08-07_21-58-02,stop,ranging'
client 2023-08-07 22:03:43,508 [INFO] Got response: 'OK'
client 2023-08-07 22:03:43,508 [INFO] Sending command to the server: 'time'
client 2023-08-07 22:03:43,516 [INFO] Got response: '1691442223.5069904'
client 2023-08-07 22:03:43,516 [INFO] The time difference between the client and the server is within range 1.196 ms..9.712 ms
client 2023-08-07 22:03:43,520 [INFO] Copying loadgen logs from '/home/arjun/mobilenet_results/valid_results/orin-tflite_armnn_cpp-cpu-armnn_tflite-v23.05-using_neon/mobilenet-v2-precision_float-0.35-224/singlestream/performance/run_1' to '/home/arjun/mobilenet_results/valid_results/orin-tflite_armnn_cpp-cpu-armnn_tflite-v23.05-using_neon/mobilenet-v2-precision_float-0.35-224/singlestream/performance/tmp_power/ranging'
client 2023-08-07 22:03:43,520 [INFO] Running workload in testing mode
client 2023-08-07 22:03:43,520 [INFO] Synchronizing with the server and with time.google.com...
client 2023-08-07 22:03:43,538 [INFO] NTP:offset = -0.003 s, delay = 0.016 s 
client 2023-08-07 22:03:43,538 [INFO] Sending command to the server: 'time'
client 2023-08-07 22:03:43,544 [INFO] Got response: '1691442223.5372183'
client 2023-08-07 22:03:43,544 [INFO] The time difference between the client and the server is within range 0.947 ms..6.924 ms
client 2023-08-07 22:03:43,544 [INFO] Sending command to the server: 'session,2023-08-07_21-58-02,start,testing'
client 2023-08-07 22:03:56,635 [INFO] Got response: 'OK'
client 2023-08-07 22:03:56,636 [INFO] Sending command to the server: 'time'
client 2023-08-07 22:03:56,643 [INFO] Got response: '1691442236.634163'
client 2023-08-07 22:03:56,643 [INFO] The time difference between the client and the server is within range 1.894 ms..9.171 ms
client 2023-08-07 22:03:56,643 [INFO] Running the workload 'CM_MLPERF_RUN_COUNT=$(cat ${CM_RUN_DIR}/count.txt); echo ${CM_MLPERF_RUN_COUNT}; CM_MLPERF_RUN_COUNT=$((CM_MLPERF_RUN_COUNT+1)); echo ${CM_MLPERF_RUN_COUNT} > ${CM_RUN_DIR}/count.txt && if [ ${CM_MLPERF_RUN_COUNT} -eq "1" ]; then export CM_MLPERF_USER_CONF=${CM_MLPERF_RANGING_USER_CONF}; else export CM_MLPERF_USER_CONF=${CM_MLPERF_TESTING_USER_CONF}; fi && /mount/CM/repos/ctuning@mlcommons-ck/cm-mlops/script/run-all-mlperf-models/run.out'
client 2023-08-07 22:13:58,881 [INFO] Sending command to the server: 'time'
client 2023-08-07 22:13:58,886 [INFO] Got response: '1691442838.8689027'
client 2023-08-07 22:13:58,886 [INFO] The time difference between the client and the server is within range 12.313 ms..17.475 ms
client 2023-08-07 22:13:58,886 [INFO] Sending command to the server: 'session,2023-08-07_21-58-02,stop,testing'
client 2023-08-07 22:14:10,148 [INFO] Got response: 'OK'
client 2023-08-07 22:14:10,148 [INFO] Sending command to the server: 'time'
client 2023-08-07 22:14:10,150 [INFO] Got response: '1691442850.1396396'
client 2023-08-07 22:14:10,150 [INFO] The time difference between the client and the server is within range 8.835 ms..11.302 ms
client 2023-08-07 22:14:10,151 [INFO] Copying loadgen logs from '/home/arjun/mobilenet_results/valid_results/orin-tflite_armnn_cpp-cpu-armnn_tflite-v23.05-using_neon/mobilenet-v2-precision_float-0.35-224/singlestream/performance/run_1' to '/home/arjun/mobilenet_results/valid_results/orin-tflite_armnn_cpp-cpu-armnn_tflite-v23.05-using_neon/mobilenet-v2-precision_float-0.35-224/singlestream/performance/tmp_power/run_1'
client 2023-08-07 22:14:10,152 [INFO] Done runs
