client 2023-08-07 11:50:36,442 [INFO] Creating output directory '/home/arjun/mobilenet_results/valid_results/orin-tflite_armnn_cpp-cpu-armnn_tflite-v23.05-using_neon/mobilenet-v2-precision_uint8-0.75-160/singlestream/performance/tmp_power'
client 2023-08-07 11:50:36,445 [INFO] Sending command to the server: 'mlcommons/power client v3'
client 2023-08-07 11:50:36,447 [INFO] Got response: 'mlcommons/power server v3'
client 2023-08-07 11:50:36,447 [INFO] Synchronizing with the server and with time.google.com...
client 2023-08-07 11:50:36,465 [INFO] NTP:offset = -0.002 s, delay = 0.015 s 
client 2023-08-07 11:50:36,465 [INFO] Sending command to the server: 'time'
client 2023-08-07 11:50:36,553 [INFO] Got response: '1691405436.432082'
client 2023-08-07 11:50:36,553 [INFO] The time difference between the client and the server is within range 33.230 ms..121.113 ms
client 2023-08-07 11:50:36,553 [INFO] Sending command to the server: 'new,,245fffb4-ac62-4ca5-885b-bd036710d833'
client 2023-08-07 11:50:36,560 [INFO] Got response: 'OK 2023-08-07_11-50-36,2b791a56-65cf-4e34-8051-91a4f8b122b5'
client 2023-08-07 11:50:36,560 [INFO] Session id is '2023-08-07_11-50-36'
client 2023-08-07 11:50:36,560 [INFO] Sources: {"sources": {"__init__.py": "da39a3ee5e6b4b0d3255bfef95601890afd80709", "client.py": "33ca4f26368777ac06e01f9567b714a4b8063886", "lib/__init__.py": "da39a3ee5e6b4b0d3255bfef95601890afd80709", "lib/client.py": "ac2aa093c8e8bbc9569b9e2a3471bc64e58a2258", "lib/common.py": "611d8b29633d331eb19c9455ea3b5fa3284ed6df", "lib/external/__init__.py": "da39a3ee5e6b4b0d3255bfef95601890afd80709", "lib/external/ntplib.py": "4da8f970656505a40483206ef2b5d3dd5e81711d", "lib/server.py": "c7af63c31bb2fbedea4345f571f6e3507d268ada", "lib/source_hashes.py": "60a2e02193209e8d392803326208d5466342da18", "lib/summary.py": "aa92f0a3f975eecd44d3c0cd0236342ccc9f941d", "lib/time_sync.py": "122eba67a9abc85635223e054def53be1367ade2", "server.py": "c3f90f2f7eeb4db30727556d0c815ebc89b3d28b", "tests/unit/__init__.py": "da39a3ee5e6b4b0d3255bfef95601890afd80709", "tests/unit/test_server.py": "948c1995d4008bc2aa6c4046a34ffa3858d6d671", "tests/unit/test_source_hashes.py": "00468a2907583c593e6574a1f6b404e4651c221a"}, "modules": {"ptd_client_server.lib.client": "lib/client.py", "ptd_client_server.lib.common": "lib/common.py", "ptd_client_server.lib.external.ntplib": "lib/external/ntplib.py", "ptd_client_server.lib.source_hashes": "lib/source_hashes.py", "ptd_client_server.lib.summary": "lib/summary.py", "ptd_client_server.lib.time_sync": "lib/time_sync.py"}}
client 2023-08-07 11:50:36,561 [INFO] Running workload in ranging mode
client 2023-08-07 11:50:36,561 [INFO] Synchronizing with the server and with time.google.com...
client 2023-08-07 11:50:36,579 [INFO] NTP:offset = -0.001 s, delay = 0.017 s 
client 2023-08-07 11:50:36,579 [INFO] Sending command to the server: 'time'
client 2023-08-07 11:50:36,655 [INFO] Got response: '1691405436.544017'
client 2023-08-07 11:50:36,655 [INFO] The time difference between the client and the server is within range 35.094 ms..111.608 ms
client 2023-08-07 11:50:36,655 [INFO] Sending command to the server: 'session,2023-08-07_11-50-36,start,ranging'
client 2023-08-07 11:51:05,417 [INFO] Got response: 'OK'
client 2023-08-07 11:51:05,418 [INFO] Sending command to the server: 'time'
client 2023-08-07 11:51:05,421 [INFO] Got response: '1691405465.3042285'
client 2023-08-07 11:51:05,421 [INFO] The time difference between the client and the server is within range 113.870 ms..117.070 ms
client 2023-08-07 11:51:05,421 [INFO] Running the workload 'CM_MLPERF_RUN_COUNT=$(cat ${CM_RUN_DIR}/count.txt); echo ${CM_MLPERF_RUN_COUNT}; CM_MLPERF_RUN_COUNT=$((CM_MLPERF_RUN_COUNT+1)); echo ${CM_MLPERF_RUN_COUNT} > ${CM_RUN_DIR}/count.txt && if [ ${CM_MLPERF_RUN_COUNT} -eq "1" ]; then export CM_MLPERF_USER_CONF=${CM_MLPERF_RANGING_USER_CONF}; else export CM_MLPERF_USER_CONF=${CM_MLPERF_TESTING_USER_CONF}; fi && /mount/CM/repos/ctuning@mlcommons-ck/cm-mlops/script/run-all-mlperf-models/run.out'
client 2023-08-07 11:56:06,760 [INFO] Sending command to the server: 'time'
client 2023-08-07 11:56:06,763 [INFO] Got response: '1691405766.6469836'
client 2023-08-07 11:56:06,763 [INFO] The time difference between the client and the server is within range 113.252 ms..116.616 ms
client 2023-08-07 11:56:06,763 [INFO] Sending command to the server: 'session,2023-08-07_11-50-36,stop,ranging'
client 2023-08-07 11:56:17,641 [INFO] Got response: 'OK'
client 2023-08-07 11:56:17,641 [INFO] Sending command to the server: 'time'
client 2023-08-07 11:56:17,644 [INFO] Got response: '1691405777.527459'
client 2023-08-07 11:56:17,644 [INFO] The time difference between the client and the server is within range 114.236 ms..116.724 ms
client 2023-08-07 11:56:17,647 [INFO] Copying loadgen logs from '/home/arjun/mobilenet_results/valid_results/orin-tflite_armnn_cpp-cpu-armnn_tflite-v23.05-using_neon/mobilenet-v2-precision_uint8-0.75-160/singlestream/performance/run_1' to '/home/arjun/mobilenet_results/valid_results/orin-tflite_armnn_cpp-cpu-armnn_tflite-v23.05-using_neon/mobilenet-v2-precision_uint8-0.75-160/singlestream/performance/tmp_power/ranging'
client 2023-08-07 11:56:17,648 [INFO] Running workload in testing mode
client 2023-08-07 11:56:17,648 [INFO] Synchronizing with the server and with time.google.com...
client 2023-08-07 11:56:17,662 [INFO] NTP:offset = -0.002 s, delay = 0.013 s 
client 2023-08-07 11:56:17,662 [INFO] Sending command to the server: 'time'
client 2023-08-07 11:56:17,751 [INFO] Got response: '1691405777.638352'
client 2023-08-07 11:56:17,751 [INFO] The time difference between the client and the server is within range 24.559 ms..112.853 ms
client 2023-08-07 11:56:17,751 [INFO] Sending command to the server: 'session,2023-08-07_11-50-36,start,testing'
client 2023-08-07 11:56:30,783 [INFO] Got response: 'OK'
client 2023-08-07 11:56:30,783 [INFO] Sending command to the server: 'time'
client 2023-08-07 11:56:30,785 [INFO] Got response: '1691405790.671086'
client 2023-08-07 11:56:30,785 [INFO] The time difference between the client and the server is within range 112.370 ms..114.561 ms
client 2023-08-07 11:56:30,785 [INFO] Running the workload 'CM_MLPERF_RUN_COUNT=$(cat ${CM_RUN_DIR}/count.txt); echo ${CM_MLPERF_RUN_COUNT}; CM_MLPERF_RUN_COUNT=$((CM_MLPERF_RUN_COUNT+1)); echo ${CM_MLPERF_RUN_COUNT} > ${CM_RUN_DIR}/count.txt && if [ ${CM_MLPERF_RUN_COUNT} -eq "1" ]; then export CM_MLPERF_USER_CONF=${CM_MLPERF_RANGING_USER_CONF}; else export CM_MLPERF_USER_CONF=${CM_MLPERF_TESTING_USER_CONF}; fi && /mount/CM/repos/ctuning@mlcommons-ck/cm-mlops/script/run-all-mlperf-models/run.out'
client 2023-08-07 12:06:33,083 [INFO] Sending command to the server: 'time'
client 2023-08-07 12:06:33,086 [INFO] Got response: '1691406392.9689305'
client 2023-08-07 12:06:33,086 [INFO] The time difference between the client and the server is within range 114.535 ms..117.870 ms
client 2023-08-07 12:06:33,086 [INFO] Sending command to the server: 'session,2023-08-07_11-50-36,stop,testing'
client 2023-08-07 12:06:44,108 [INFO] Got response: 'OK'
client 2023-08-07 12:06:44,109 [INFO] Sending command to the server: 'time'
client 2023-08-07 12:06:44,122 [INFO] Got response: '1691406404.002074'
client 2023-08-07 12:06:44,122 [INFO] The time difference between the client and the server is within range 107.113 ms..120.737 ms
client 2023-08-07 12:06:44,123 [INFO] Copying loadgen logs from '/home/arjun/mobilenet_results/valid_results/orin-tflite_armnn_cpp-cpu-armnn_tflite-v23.05-using_neon/mobilenet-v2-precision_uint8-0.75-160/singlestream/performance/run_1' to '/home/arjun/mobilenet_results/valid_results/orin-tflite_armnn_cpp-cpu-armnn_tflite-v23.05-using_neon/mobilenet-v2-precision_uint8-0.75-160/singlestream/performance/tmp_power/run_1'
client 2023-08-07 12:06:44,124 [INFO] Done runs
