client 2023-07-11 04:17:51,435 [INFO] Creating output directory '/home/arjun/mobilenet_results/valid_results/orin-tflite_armnn_cpp-cpu-armnn_tflite-v22.11-using_neon/mobilenet-v1-precision_float-0.75-128/singlestream/performance/tmp_power'
client 2023-07-11 04:17:51,437 [INFO] Sending command to the server: 'mlcommons/power client v3'
client 2023-07-11 04:17:51,439 [INFO] Got response: 'mlcommons/power server v3'
client 2023-07-11 04:17:51,440 [INFO] Synchronizing with the server and with time.google.com...
client 2023-07-11 04:17:51,461 [INFO] NTP:offset = -0.007 s, delay = 0.018 s 
client 2023-07-11 04:17:51,461 [INFO] Sending command to the server: 'time'
client 2023-07-11 04:17:51,464 [INFO] Got response: '1689045471.3669236'
client 2023-07-11 04:17:51,464 [INFO] The time difference between the client and the server is within range 94.961 ms..97.439 ms
client 2023-07-11 04:17:51,464 [INFO] Sending command to the server: 'new,,cd9ef0f1-484a-487f-a16f-8fe537f46fd5'
client 2023-07-11 04:17:51,467 [INFO] Got response: 'OK 2023-07-11_04-17-51,9dcb00aa-22bc-4940-a71a-869d71e1ecc9'
client 2023-07-11 04:17:51,467 [INFO] Session id is '2023-07-11_04-17-51'
client 2023-07-11 04:17:51,467 [INFO] Sources: {"sources": {"__init__.py": "da39a3ee5e6b4b0d3255bfef95601890afd80709", "client.py": "33ca4f26368777ac06e01f9567b714a4b8063886", "lib/__init__.py": "da39a3ee5e6b4b0d3255bfef95601890afd80709", "lib/client.py": "ac2aa093c8e8bbc9569b9e2a3471bc64e58a2258", "lib/common.py": "611d8b29633d331eb19c9455ea3b5fa3284ed6df", "lib/external/__init__.py": "da39a3ee5e6b4b0d3255bfef95601890afd80709", "lib/external/ntplib.py": "4da8f970656505a40483206ef2b5d3dd5e81711d", "lib/server.py": "c7af63c31bb2fbedea4345f571f6e3507d268ada", "lib/source_hashes.py": "60a2e02193209e8d392803326208d5466342da18", "lib/summary.py": "aa92f0a3f975eecd44d3c0cd0236342ccc9f941d", "lib/time_sync.py": "122eba67a9abc85635223e054def53be1367ade2", "server.py": "c3f90f2f7eeb4db30727556d0c815ebc89b3d28b", "tests/unit/__init__.py": "da39a3ee5e6b4b0d3255bfef95601890afd80709", "tests/unit/test_server.py": "948c1995d4008bc2aa6c4046a34ffa3858d6d671", "tests/unit/test_source_hashes.py": "00468a2907583c593e6574a1f6b404e4651c221a"}, "modules": {"ptd_client_server.lib.client": "lib/client.py", "ptd_client_server.lib.common": "lib/common.py", "ptd_client_server.lib.external.ntplib": "lib/external/ntplib.py", "ptd_client_server.lib.source_hashes": "lib/source_hashes.py", "ptd_client_server.lib.summary": "lib/summary.py", "ptd_client_server.lib.time_sync": "lib/time_sync.py"}}
client 2023-07-11 04:17:51,467 [INFO] Running workload in ranging mode
client 2023-07-11 04:17:51,467 [INFO] Synchronizing with the server and with time.google.com...
client 2023-07-11 04:17:51,484 [INFO] NTP:offset = -0.007 s, delay = 0.015 s 
client 2023-07-11 04:17:51,484 [INFO] Sending command to the server: 'time'
client 2023-07-11 04:17:51,486 [INFO] Got response: '1689045471.3968844'
client 2023-07-11 04:17:51,486 [INFO] The time difference between the client and the server is within range 87.246 ms..89.492 ms
client 2023-07-11 04:17:51,486 [INFO] Sending command to the server: 'session,2023-07-11_04-17-51,start,ranging'
client 2023-07-11 04:18:20,093 [INFO] Got response: 'OK'
client 2023-07-11 04:18:20,094 [INFO] Sending command to the server: 'time'
client 2023-07-11 04:18:20,098 [INFO] Got response: '1689045500.0083754'
client 2023-07-11 04:18:20,098 [INFO] The time difference between the client and the server is within range 85.942 ms..90.106 ms
client 2023-07-11 04:18:20,098 [INFO] Running the workload 'CM_MLPERF_RUN_COUNT=$(cat ${CM_RUN_DIR}/count.txt); echo ${CM_MLPERF_RUN_COUNT}; CM_MLPERF_RUN_COUNT=$((CM_MLPERF_RUN_COUNT+1)); echo ${CM_MLPERF_RUN_COUNT} > ${CM_RUN_DIR}/count.txt && if [ ${CM_MLPERF_RUN_COUNT} -eq "1" ]; then export CM_MLPERF_USER_CONF=${CM_MLPERF_RANGING_USER_CONF}; else export CM_MLPERF_USER_CONF=${CM_MLPERF_TESTING_USER_CONF}; fi && /home/arjun/run.out'
client 2023-07-11 04:23:21,752 [INFO] Sending command to the server: 'time'
client 2023-07-11 04:23:21,756 [INFO] Got response: '1689045801.6686232'
client 2023-07-11 04:23:21,756 [INFO] The time difference between the client and the server is within range 83.774 ms..87.843 ms
client 2023-07-11 04:23:21,756 [INFO] Sending command to the server: 'session,2023-07-11_04-17-51,stop,ranging'
client 2023-07-11 04:23:32,178 [INFO] Got response: 'OK'
client 2023-07-11 04:23:32,179 [INFO] Sending command to the server: 'time'
client 2023-07-11 04:23:32,183 [INFO] Got response: '1689045812.0881886'
client 2023-07-11 04:23:32,183 [INFO] The time difference between the client and the server is within range 91.202 ms..95.458 ms
client 2023-07-11 04:23:32,204 [INFO] Copying loadgen logs from '/home/arjun/mobilenet_results/valid_results/orin-tflite_armnn_cpp-cpu-armnn_tflite-v22.11-using_neon/mobilenet-v1-precision_float-0.75-128/singlestream/performance/run_1' to '/home/arjun/mobilenet_results/valid_results/orin-tflite_armnn_cpp-cpu-armnn_tflite-v22.11-using_neon/mobilenet-v1-precision_float-0.75-128/singlestream/performance/tmp_power/ranging'
client 2023-07-11 04:23:32,207 [INFO] Running workload in testing mode
client 2023-07-11 04:23:32,207 [INFO] Synchronizing with the server and with time.google.com...
client 2023-07-11 04:23:32,230 [INFO] NTP:offset = -0.007 s, delay = 0.018 s 
client 2023-07-11 04:23:32,230 [INFO] Sending command to the server: 'time'
client 2023-07-11 04:23:32,233 [INFO] Got response: '1689045812.1383958'
client 2023-07-11 04:23:32,234 [INFO] The time difference between the client and the server is within range 92.509 ms..95.596 ms
client 2023-07-11 04:23:32,234 [INFO] Sending command to the server: 'session,2023-07-11_04-17-51,start,testing'
client 2023-07-11 04:23:45,254 [INFO] Got response: 'OK'
client 2023-07-11 04:23:45,255 [INFO] Sending command to the server: 'time'
client 2023-07-11 04:23:45,258 [INFO] Got response: '1689045825.1657314'
client 2023-07-11 04:23:45,258 [INFO] The time difference between the client and the server is within range 89.508 ms..92.782 ms
client 2023-07-11 04:23:45,258 [INFO] Running the workload 'CM_MLPERF_RUN_COUNT=$(cat ${CM_RUN_DIR}/count.txt); echo ${CM_MLPERF_RUN_COUNT}; CM_MLPERF_RUN_COUNT=$((CM_MLPERF_RUN_COUNT+1)); echo ${CM_MLPERF_RUN_COUNT} > ${CM_RUN_DIR}/count.txt && if [ ${CM_MLPERF_RUN_COUNT} -eq "1" ]; then export CM_MLPERF_USER_CONF=${CM_MLPERF_RANGING_USER_CONF}; else export CM_MLPERF_USER_CONF=${CM_MLPERF_TESTING_USER_CONF}; fi && /home/arjun/run.out'
client 2023-07-11 04:33:48,241 [INFO] Sending command to the server: 'time'
client 2023-07-11 04:33:48,244 [INFO] Got response: '1689046428.1557784'
client 2023-07-11 04:33:48,244 [INFO] The time difference between the client and the server is within range 85.713 ms..88.765 ms
client 2023-07-11 04:33:48,244 [INFO] Sending command to the server: 'session,2023-07-11_04-17-51,stop,testing'
client 2023-07-11 04:33:58,360 [INFO] Got response: 'OK'
client 2023-07-11 04:33:58,361 [INFO] Sending command to the server: 'time'
client 2023-07-11 04:33:58,365 [INFO] Got response: '1689046438.2754757'
client 2023-07-11 04:33:58,366 [INFO] The time difference between the client and the server is within range 86.059 ms..90.617 ms
client 2023-07-11 04:33:58,370 [INFO] Copying loadgen logs from '/home/arjun/mobilenet_results/valid_results/orin-tflite_armnn_cpp-cpu-armnn_tflite-v22.11-using_neon/mobilenet-v1-precision_float-0.75-128/singlestream/performance/run_1' to '/home/arjun/mobilenet_results/valid_results/orin-tflite_armnn_cpp-cpu-armnn_tflite-v22.11-using_neon/mobilenet-v1-precision_float-0.75-128/singlestream/performance/tmp_power/run_1'
client 2023-07-11 04:33:58,386 [INFO] Done runs
