client 2023-08-16 18:34:20,165 [INFO] Creating output directory '/home/krai/work_collection/generated_by_power_measurement_on_run_9dfaa0c19c3f43f581be55056165efb7/power_logs'
client 2023-08-16 18:34:20,166 [INFO] Sending command to the server: 'mlcommons/power client v3'
client 2023-08-16 18:34:30,543 [INFO] Got response: 'mlcommons/power server v3'
client 2023-08-16 18:34:30,544 [INFO] Synchronizing with the server and with time.google.com...
client 2023-08-16 18:34:30,638 [INFO] NTP:offset = 0.013 s, delay = 0.088 s 
client 2023-08-16 18:34:30,639 [INFO] Sending command to the server: 'time'
client 2023-08-16 18:34:30,639 [INFO] Got response: '1692228870.653387'
client 2023-08-16 18:34:30,639 [INFO] The time difference between the client and the server is within range -14.387 ms..-13.570 ms
client 2023-08-16 18:34:30,640 [INFO] Sending command to the server: 'new,,c7a68bc6-04ec-4225-ac4e-a2956717a723'
client 2023-08-16 18:34:30,640 [INFO] Got response: 'OK 2023-08-16_18-34-30,8e447dad-a4b8-4555-8a0c-57229d6d0c42'
client 2023-08-16 18:34:30,641 [INFO] Session id is '2023-08-16_18-34-30'
client 2023-08-16 18:34:30,641 [INFO] Sources: {"sources": {"__init__.py": "da39a3ee5e6b4b0d3255bfef95601890afd80709", "client.py": "33ca4f26368777ac06e01f9567b714a4b8063886", "lib/__init__.py": "da39a3ee5e6b4b0d3255bfef95601890afd80709", "lib/client.py": "ac2aa093c8e8bbc9569b9e2a3471bc64e58a2258", "lib/common.py": "611d8b29633d331eb19c9455ea3b5fa3284ed6df", "lib/external/__init__.py": "da39a3ee5e6b4b0d3255bfef95601890afd80709", "lib/external/ntplib.py": "4da8f970656505a40483206ef2b5d3dd5e81711d", "lib/server.py": "c7af63c31bb2fbedea4345f571f6e3507d268ada", "lib/source_hashes.py": "60a2e02193209e8d392803326208d5466342da18", "lib/summary.py": "aa92f0a3f975eecd44d3c0cd0236342ccc9f941d", "lib/time_sync.py": "80894ef2389e540781ff78de94db16aa4203a14e", "server.py": "c3f90f2f7eeb4db30727556d0c815ebc89b3d28b", "tests/unit/__init__.py": "da39a3ee5e6b4b0d3255bfef95601890afd80709", "tests/unit/test_server.py": "948c1995d4008bc2aa6c4046a34ffa3858d6d671", "tests/unit/test_source_hashes.py": "00468a2907583c593e6574a1f6b404e4651c221a"}, "modules": {"ptd_client_server.lib.client": "lib/client.py", "ptd_client_server.lib.common": "lib/common.py", "ptd_client_server.lib.external.ntplib": "lib/external/ntplib.py", "ptd_client_server.lib.source_hashes": "lib/source_hashes.py", "ptd_client_server.lib.summary": "lib/summary.py", "ptd_client_server.lib.time_sync": "lib/time_sync.py"}}
client 2023-08-16 18:34:30,641 [INFO] Running workload in ranging mode
client 2023-08-16 18:34:30,641 [INFO] Synchronizing with the server and with time.google.com...
client 2023-08-16 18:34:30,737 [INFO] NTP:offset = -0.002 s, delay = 0.094 s 
client 2023-08-16 18:34:30,737 [INFO] Sending command to the server: 'time'
client 2023-08-16 18:34:30,738 [INFO] Got response: '1692228870.7522247'
client 2023-08-16 18:34:30,738 [INFO] The time difference between the client and the server is within range -14.412 ms..-13.377 ms
client 2023-08-16 18:34:30,739 [INFO] Sending command to the server: 'session,2023-08-16_18-34-30,start,ranging'
client 2023-08-16 18:34:59,773 [INFO] Got response: 'OK'
client 2023-08-16 18:34:59,773 [INFO] Sending command to the server: 'time'
client 2023-08-16 18:34:59,774 [INFO] Got response: '1692228899.7876577'
client 2023-08-16 18:34:59,775 [INFO] The time difference between the client and the server is within range -14.127 ms..-12.487 ms
client 2023-08-16 18:34:59,775 [INFO] Running the workload 'axs byquery loadgen_output,image_classifier,sut_name=e920d_q4_std,model_name=resnet50,framework=kilt,device=qaic,loadgen_mode=PerformanceOnly,loadgen_compliance_test-,loadgen_scenario=MultiStream,_with_power+,symlink_to=/home/krai/work_collection/generated_by_power_measurement_on_run_9dfaa0c19c3f43f581be55056165efb7/last_mlperf_logs,power_client_entrydic_path=/home/krai/work_collection/generated_by_power_measurement_on_run_9dfaa0c19c3f43f581be55056165efb7/program_output.json'
client 2023-08-16 18:45:20,671 [INFO] Sending command to the server: 'time'
client 2023-08-16 18:45:20,673 [INFO] Got response: '1692229520.6757867'
client 2023-08-16 18:45:20,673 [INFO] The time difference between the client and the server is within range -4.762 ms..-2.553 ms
client 2023-08-16 18:45:20,673 [INFO] Sending command to the server: 'session,2023-08-16_18-34-30,stop,ranging'
client 2023-08-16 18:45:30,818 [INFO] Got response: 'OK'
client 2023-08-16 18:45:30,818 [INFO] Sending command to the server: 'time'
client 2023-08-16 18:45:30,819 [INFO] Got response: '1692229530.8223817'
client 2023-08-16 18:45:30,819 [INFO] The time difference between the client and the server is within range -3.528 ms..-2.741 ms
client 2023-08-16 18:45:30,829 [INFO] Copying loadgen logs from '/home/krai/work_collection/generated_by_power_measurement_on_run_9dfaa0c19c3f43f581be55056165efb7/last_mlperf_logs' to '/home/krai/work_collection/generated_by_power_measurement_on_run_9dfaa0c19c3f43f581be55056165efb7/power_logs/ranging'
client 2023-08-16 18:45:30,830 [INFO] Running workload in testing mode
client 2023-08-16 18:45:30,830 [INFO] Synchronizing with the server and with time.google.com...
client 2023-08-16 18:45:30,921 [INFO] NTP:offset = 0.001 s, delay = 0.089 s 
client 2023-08-16 18:45:30,921 [INFO] Sending command to the server: 'time'
client 2023-08-16 18:45:30,922 [INFO] Got response: '1692229530.9252243'
client 2023-08-16 18:45:30,922 [INFO] The time difference between the client and the server is within range -3.970 ms..-2.495 ms
client 2023-08-16 18:45:30,922 [INFO] Sending command to the server: 'session,2023-08-16_18-34-30,start,testing'
client 2023-08-16 18:45:43,941 [INFO] Got response: 'OK'
client 2023-08-16 18:45:43,941 [INFO] Sending command to the server: 'time'
client 2023-08-16 18:45:43,942 [INFO] Got response: '1692229543.94532'
client 2023-08-16 18:45:43,942 [INFO] The time difference between the client and the server is within range -3.914 ms..-2.394 ms
client 2023-08-16 18:45:43,943 [INFO] Running the workload 'axs byquery loadgen_output,image_classifier,sut_name=e920d_q4_std,model_name=resnet50,framework=kilt,device=qaic,loadgen_mode=PerformanceOnly,loadgen_compliance_test-,loadgen_scenario=MultiStream,_with_power+,symlink_to=/home/krai/work_collection/generated_by_power_measurement_on_run_9dfaa0c19c3f43f581be55056165efb7/last_mlperf_logs,power_client_entrydic_path=/home/krai/work_collection/generated_by_power_measurement_on_run_9dfaa0c19c3f43f581be55056165efb7/program_output.json'
client 2023-08-16 18:56:05,045 [INFO] Sending command to the server: 'time'
client 2023-08-16 18:56:05,046 [INFO] Got response: '1692230165.0455236'
client 2023-08-16 18:56:05,047 [INFO] The time difference between the client and the server is within range -0.337 ms..1.634 ms
client 2023-08-16 18:56:05,047 [INFO] Sending command to the server: 'session,2023-08-16_18-34-30,stop,testing'
client 2023-08-16 18:56:15,953 [INFO] Got response: 'OK'
client 2023-08-16 18:56:15,953 [INFO] Sending command to the server: 'time'
client 2023-08-16 18:56:15,954 [INFO] Got response: '1692230175.953092'
client 2023-08-16 18:56:15,954 [INFO] The time difference between the client and the server is within range 0.587 ms..1.475 ms
client 2023-08-16 18:56:15,956 [INFO] Copying loadgen logs from '/home/krai/work_collection/generated_by_power_measurement_on_run_9dfaa0c19c3f43f581be55056165efb7/last_mlperf_logs' to '/home/krai/work_collection/generated_by_power_measurement_on_run_9dfaa0c19c3f43f581be55056165efb7/power_logs/run_1'
client 2023-08-16 18:56:15,957 [INFO] Done runs
