client 2023-08-07 11:01:33,451 [INFO] Creating output directory '/home/arjun/mobilenet_results/valid_results/orin-tflite_armnn_cpp-cpu-armnn_tflite-v23.05-using_neon/mobilenet-v2-precision_float-0.75-192/singlestream/performance/tmp_power'
client 2023-08-07 11:01:33,454 [INFO] Sending command to the server: 'mlcommons/power client v3'
client 2023-08-07 11:01:33,457 [INFO] Got response: 'mlcommons/power server v3'
client 2023-08-07 11:01:33,457 [INFO] Synchronizing with the server and with time.google.com...
client 2023-08-07 11:01:33,475 [INFO] NTP:offset = 0.001 s, delay = 0.014 s 
client 2023-08-07 11:01:33,475 [INFO] Sending command to the server: 'time'
client 2023-08-07 11:01:33,477 [INFO] Got response: '1691402493.3863924'
client 2023-08-07 11:01:33,477 [INFO] The time difference between the client and the server is within range 88.759 ms..91.512 ms
client 2023-08-07 11:01:33,477 [INFO] Sending command to the server: 'new,,4785139d-29eb-4d29-afd2-df47f4482877'
client 2023-08-07 11:01:33,481 [INFO] Got response: 'OK 2023-08-07_11-01-33,3f024907-8e16-45fc-94af-dd903c046001'
client 2023-08-07 11:01:33,481 [INFO] Session id is '2023-08-07_11-01-33'
client 2023-08-07 11:01:33,481 [INFO] Sources: {"sources": {"__init__.py": "da39a3ee5e6b4b0d3255bfef95601890afd80709", "client.py": "33ca4f26368777ac06e01f9567b714a4b8063886", "lib/__init__.py": "da39a3ee5e6b4b0d3255bfef95601890afd80709", "lib/client.py": "ac2aa093c8e8bbc9569b9e2a3471bc64e58a2258", "lib/common.py": "611d8b29633d331eb19c9455ea3b5fa3284ed6df", "lib/external/__init__.py": "da39a3ee5e6b4b0d3255bfef95601890afd80709", "lib/external/ntplib.py": "4da8f970656505a40483206ef2b5d3dd5e81711d", "lib/server.py": "c7af63c31bb2fbedea4345f571f6e3507d268ada", "lib/source_hashes.py": "60a2e02193209e8d392803326208d5466342da18", "lib/summary.py": "aa92f0a3f975eecd44d3c0cd0236342ccc9f941d", "lib/time_sync.py": "122eba67a9abc85635223e054def53be1367ade2", "server.py": "c3f90f2f7eeb4db30727556d0c815ebc89b3d28b", "tests/unit/__init__.py": "da39a3ee5e6b4b0d3255bfef95601890afd80709", "tests/unit/test_server.py": "948c1995d4008bc2aa6c4046a34ffa3858d6d671", "tests/unit/test_source_hashes.py": "00468a2907583c593e6574a1f6b404e4651c221a"}, "modules": {"ptd_client_server.lib.client": "lib/client.py", "ptd_client_server.lib.common": "lib/common.py", "ptd_client_server.lib.external.ntplib": "lib/external/ntplib.py", "ptd_client_server.lib.source_hashes": "lib/source_hashes.py", "ptd_client_server.lib.summary": "lib/summary.py", "ptd_client_server.lib.time_sync": "lib/time_sync.py"}}
client 2023-08-07 11:01:33,481 [INFO] Running workload in ranging mode
client 2023-08-07 11:01:33,481 [INFO] Synchronizing with the server and with time.google.com...
client 2023-08-07 11:01:33,496 [INFO] NTP:offset = 0.001 s, delay = 0.014 s 
client 2023-08-07 11:01:33,496 [INFO] Sending command to the server: 'time'
client 2023-08-07 11:01:33,498 [INFO] Got response: '1691402493.406653'
client 2023-08-07 11:01:33,498 [INFO] The time difference between the client and the server is within range 89.629 ms..92.228 ms
client 2023-08-07 11:01:33,498 [INFO] Sending command to the server: 'session,2023-08-07_11-01-33,start,ranging'
client 2023-08-07 11:02:02,226 [INFO] Got response: 'OK'
client 2023-08-07 11:02:02,226 [INFO] Sending command to the server: 'time'
client 2023-08-07 11:02:02,230 [INFO] Got response: '1691402522.1312435'
client 2023-08-07 11:02:02,230 [INFO] The time difference between the client and the server is within range 95.153 ms..99.673 ms
client 2023-08-07 11:02:02,230 [INFO] Running the workload 'CM_MLPERF_RUN_COUNT=$(cat ${CM_RUN_DIR}/count.txt); echo ${CM_MLPERF_RUN_COUNT}; CM_MLPERF_RUN_COUNT=$((CM_MLPERF_RUN_COUNT+1)); echo ${CM_MLPERF_RUN_COUNT} > ${CM_RUN_DIR}/count.txt && if [ ${CM_MLPERF_RUN_COUNT} -eq "1" ]; then export CM_MLPERF_USER_CONF=${CM_MLPERF_RANGING_USER_CONF}; else export CM_MLPERF_USER_CONF=${CM_MLPERF_TESTING_USER_CONF}; fi && /mount/CM/repos/ctuning@mlcommons-ck/cm-mlops/script/run-all-mlperf-models/run.out'
client 2023-08-07 11:07:03,608 [INFO] Sending command to the server: 'time'
client 2023-08-07 11:07:03,702 [INFO] Got response: '1691402823.6066828'
client 2023-08-07 11:07:03,702 [INFO] The time difference between the client and the server is within range 2.209 ms..95.516 ms
client 2023-08-07 11:07:03,702 [INFO] Sending command to the server: 'session,2023-08-07_11-01-33,stop,ranging'
client 2023-08-07 11:07:14,443 [INFO] Got response: 'OK'
client 2023-08-07 11:07:14,443 [INFO] Sending command to the server: 'time'
client 2023-08-07 11:07:14,447 [INFO] Got response: '1691402834.3497639'
client 2023-08-07 11:07:14,447 [INFO] The time difference between the client and the server is within range 93.685 ms..97.702 ms
client 2023-08-07 11:07:14,450 [INFO] Copying loadgen logs from '/home/arjun/mobilenet_results/valid_results/orin-tflite_armnn_cpp-cpu-armnn_tflite-v23.05-using_neon/mobilenet-v2-precision_float-0.75-192/singlestream/performance/run_1' to '/home/arjun/mobilenet_results/valid_results/orin-tflite_armnn_cpp-cpu-armnn_tflite-v23.05-using_neon/mobilenet-v2-precision_float-0.75-192/singlestream/performance/tmp_power/ranging'
client 2023-08-07 11:07:14,451 [INFO] Running workload in testing mode
client 2023-08-07 11:07:14,451 [INFO] Synchronizing with the server and with time.google.com...
client 2023-08-07 11:07:14,466 [INFO] NTP:offset = 0.002 s, delay = 0.013 s 
client 2023-08-07 11:07:14,466 [INFO] Sending command to the server: 'time'
client 2023-08-07 11:07:14,469 [INFO] Got response: '1691402834.3700855'
client 2023-08-07 11:07:14,470 [INFO] The time difference between the client and the server is within range 96.178 ms..99.904 ms
client 2023-08-07 11:07:14,470 [INFO] Sending command to the server: 'session,2023-08-07_11-01-33,start,testing'
client 2023-08-07 11:07:27,516 [INFO] Got response: 'OK'
client 2023-08-07 11:07:27,516 [INFO] Sending command to the server: 'time'
client 2023-08-07 11:07:27,565 [INFO] Got response: '1691402847.4627764'
client 2023-08-07 11:07:27,565 [INFO] The time difference between the client and the server is within range 53.827 ms..102.816 ms
client 2023-08-07 11:07:27,565 [INFO] Running the workload 'CM_MLPERF_RUN_COUNT=$(cat ${CM_RUN_DIR}/count.txt); echo ${CM_MLPERF_RUN_COUNT}; CM_MLPERF_RUN_COUNT=$((CM_MLPERF_RUN_COUNT+1)); echo ${CM_MLPERF_RUN_COUNT} > ${CM_RUN_DIR}/count.txt && if [ ${CM_MLPERF_RUN_COUNT} -eq "1" ]; then export CM_MLPERF_USER_CONF=${CM_MLPERF_RANGING_USER_CONF}; else export CM_MLPERF_USER_CONF=${CM_MLPERF_TESTING_USER_CONF}; fi && /mount/CM/repos/ctuning@mlcommons-ck/cm-mlops/script/run-all-mlperf-models/run.out'
client 2023-08-07 11:17:29,784 [INFO] Sending command to the server: 'time'
client 2023-08-07 11:17:29,788 [INFO] Got response: '1691403449.6822746'
client 2023-08-07 11:17:29,789 [INFO] The time difference between the client and the server is within range 102.285 ms..106.768 ms
client 2023-08-07 11:17:29,789 [INFO] Sending command to the server: 'session,2023-08-07_11-01-33,stop,testing'
client 2023-08-07 11:17:40,718 [INFO] Got response: 'OK'
client 2023-08-07 11:17:40,718 [INFO] Sending command to the server: 'time'
client 2023-08-07 11:17:40,720 [INFO] Got response: '1691403460.6179233'
client 2023-08-07 11:17:40,720 [INFO] The time difference between the client and the server is within range 100.205 ms..102.432 ms
client 2023-08-07 11:17:40,721 [INFO] Copying loadgen logs from '/home/arjun/mobilenet_results/valid_results/orin-tflite_armnn_cpp-cpu-armnn_tflite-v23.05-using_neon/mobilenet-v2-precision_float-0.75-192/singlestream/performance/run_1' to '/home/arjun/mobilenet_results/valid_results/orin-tflite_armnn_cpp-cpu-armnn_tflite-v23.05-using_neon/mobilenet-v2-precision_float-0.75-192/singlestream/performance/tmp_power/run_1'
client 2023-08-07 11:17:40,721 [INFO] Done runs
