client 2023-08-07 09:56:08,725 [INFO] Creating output directory '/home/arjun/mobilenet_results/valid_results/orin-tflite_armnn_cpp-cpu-armnn_tflite-v23.05-using_neon/mobilenet-v2-precision_float-1.0-128/singlestream/performance/tmp_power'
client 2023-08-07 09:56:08,760 [INFO] Sending command to the server: 'mlcommons/power client v3'
client 2023-08-07 09:56:08,764 [INFO] Got response: 'mlcommons/power server v3'
client 2023-08-07 09:56:08,764 [INFO] Synchronizing with the server and with time.google.com...
client 2023-08-07 09:56:08,783 [INFO] NTP:offset = -0.001 s, delay = 0.016 s 
client 2023-08-07 09:56:08,783 [INFO] Sending command to the server: 'time'
client 2023-08-07 09:56:08,786 [INFO] Got response: '1691398568.7058637'
client 2023-08-07 09:56:08,786 [INFO] The time difference between the client and the server is within range 77.353 ms..80.801 ms
client 2023-08-07 09:56:08,786 [INFO] Sending command to the server: 'new,,60670827-4e90-4a9d-a7e2-bc50600e4ed1'
client 2023-08-07 09:56:08,789 [INFO] Got response: 'OK 2023-08-07_09-56-08,d0a9d894-3f8d-460b-8ad0-2756831596b0'
client 2023-08-07 09:56:08,789 [INFO] Session id is '2023-08-07_09-56-08'
client 2023-08-07 09:56:08,790 [INFO] Sources: {"sources": {"__init__.py": "da39a3ee5e6b4b0d3255bfef95601890afd80709", "client.py": "33ca4f26368777ac06e01f9567b714a4b8063886", "lib/__init__.py": "da39a3ee5e6b4b0d3255bfef95601890afd80709", "lib/client.py": "ac2aa093c8e8bbc9569b9e2a3471bc64e58a2258", "lib/common.py": "611d8b29633d331eb19c9455ea3b5fa3284ed6df", "lib/external/__init__.py": "da39a3ee5e6b4b0d3255bfef95601890afd80709", "lib/external/ntplib.py": "4da8f970656505a40483206ef2b5d3dd5e81711d", "lib/server.py": "c7af63c31bb2fbedea4345f571f6e3507d268ada", "lib/source_hashes.py": "60a2e02193209e8d392803326208d5466342da18", "lib/summary.py": "aa92f0a3f975eecd44d3c0cd0236342ccc9f941d", "lib/time_sync.py": "122eba67a9abc85635223e054def53be1367ade2", "server.py": "c3f90f2f7eeb4db30727556d0c815ebc89b3d28b", "tests/unit/__init__.py": "da39a3ee5e6b4b0d3255bfef95601890afd80709", "tests/unit/test_server.py": "948c1995d4008bc2aa6c4046a34ffa3858d6d671", "tests/unit/test_source_hashes.py": "00468a2907583c593e6574a1f6b404e4651c221a"}, "modules": {"ptd_client_server.lib.client": "lib/client.py", "ptd_client_server.lib.common": "lib/common.py", "ptd_client_server.lib.external.ntplib": "lib/external/ntplib.py", "ptd_client_server.lib.source_hashes": "lib/source_hashes.py", "ptd_client_server.lib.summary": "lib/summary.py", "ptd_client_server.lib.time_sync": "lib/time_sync.py"}}
client 2023-08-07 09:56:08,790 [INFO] Running workload in ranging mode
client 2023-08-07 09:56:08,790 [INFO] Synchronizing with the server and with time.google.com...
client 2023-08-07 09:56:08,805 [INFO] NTP:offset = -0.000 s, delay = 0.014 s 
client 2023-08-07 09:56:08,805 [INFO] Sending command to the server: 'time'
client 2023-08-07 09:56:08,807 [INFO] Got response: '1691398568.725873'
client 2023-08-07 09:56:08,807 [INFO] The time difference between the client and the server is within range 79.496 ms..81.901 ms
client 2023-08-07 09:56:08,807 [INFO] Sending command to the server: 'session,2023-08-07_09-56-08,start,ranging'
client 2023-08-07 09:56:37,506 [INFO] Got response: 'OK'
client 2023-08-07 09:56:37,507 [INFO] Sending command to the server: 'time'
client 2023-08-07 09:56:37,511 [INFO] Got response: '1691398597.4267733'
client 2023-08-07 09:56:37,511 [INFO] The time difference between the client and the server is within range 80.339 ms..84.596 ms
client 2023-08-07 09:56:37,511 [INFO] Running the workload 'CM_MLPERF_RUN_COUNT=$(cat ${CM_RUN_DIR}/count.txt); echo ${CM_MLPERF_RUN_COUNT}; CM_MLPERF_RUN_COUNT=$((CM_MLPERF_RUN_COUNT+1)); echo ${CM_MLPERF_RUN_COUNT} > ${CM_RUN_DIR}/count.txt && if [ ${CM_MLPERF_RUN_COUNT} -eq "1" ]; then export CM_MLPERF_USER_CONF=${CM_MLPERF_RANGING_USER_CONF}; else export CM_MLPERF_USER_CONF=${CM_MLPERF_TESTING_USER_CONF}; fi && /mount/CM/repos/ctuning@mlcommons-ck/cm-mlops/script/run-all-mlperf-models/run.out'
client 2023-08-07 10:01:38,925 [INFO] Sending command to the server: 'time'
client 2023-08-07 10:01:39,003 [INFO] Got response: '1691398898.9192975'
client 2023-08-07 10:01:39,003 [INFO] The time difference between the client and the server is within range 6.436 ms..84.171 ms
client 2023-08-07 10:01:39,003 [INFO] Sending command to the server: 'session,2023-08-07_09-56-08,stop,ranging'
client 2023-08-07 10:01:49,730 [INFO] Got response: 'OK'
client 2023-08-07 10:01:49,730 [INFO] Sending command to the server: 'time'
client 2023-08-07 10:01:49,753 [INFO] Got response: '1691398909.6738424'
client 2023-08-07 10:01:49,753 [INFO] The time difference between the client and the server is within range 56.829 ms..80.014 ms
client 2023-08-07 10:01:49,861 [INFO] Copying loadgen logs from '/home/arjun/mobilenet_results/valid_results/orin-tflite_armnn_cpp-cpu-armnn_tflite-v23.05-using_neon/mobilenet-v2-precision_float-1.0-128/singlestream/performance/run_1' to '/home/arjun/mobilenet_results/valid_results/orin-tflite_armnn_cpp-cpu-armnn_tflite-v23.05-using_neon/mobilenet-v2-precision_float-1.0-128/singlestream/performance/tmp_power/ranging'
client 2023-08-07 10:01:49,861 [INFO] Running workload in testing mode
client 2023-08-07 10:01:49,861 [INFO] Synchronizing with the server and with time.google.com...
client 2023-08-07 10:01:49,874 [INFO] NTP:offset = -0.001 s, delay = 0.012 s 
client 2023-08-07 10:01:49,874 [INFO] Sending command to the server: 'time'
client 2023-08-07 10:01:49,878 [INFO] Got response: '1691398909.79502'
client 2023-08-07 10:01:49,878 [INFO] The time difference between the client and the server is within range 79.755 ms..83.549 ms
client 2023-08-07 10:01:49,878 [INFO] Sending command to the server: 'session,2023-08-07_09-56-08,start,testing'
client 2023-08-07 10:02:02,921 [INFO] Got response: 'OK'
client 2023-08-07 10:02:02,921 [INFO] Sending command to the server: 'time'
client 2023-08-07 10:02:02,925 [INFO] Got response: '1691398922.8456166'
client 2023-08-07 10:02:02,925 [INFO] The time difference between the client and the server is within range 76.239 ms..79.665 ms
client 2023-08-07 10:02:02,925 [INFO] Running the workload 'CM_MLPERF_RUN_COUNT=$(cat ${CM_RUN_DIR}/count.txt); echo ${CM_MLPERF_RUN_COUNT}; CM_MLPERF_RUN_COUNT=$((CM_MLPERF_RUN_COUNT+1)); echo ${CM_MLPERF_RUN_COUNT} > ${CM_RUN_DIR}/count.txt && if [ ${CM_MLPERF_RUN_COUNT} -eq "1" ]; then export CM_MLPERF_USER_CONF=${CM_MLPERF_RANGING_USER_CONF}; else export CM_MLPERF_USER_CONF=${CM_MLPERF_TESTING_USER_CONF}; fi && /mount/CM/repos/ctuning@mlcommons-ck/cm-mlops/script/run-all-mlperf-models/run.out'
client 2023-08-07 10:12:05,199 [INFO] Sending command to the server: 'time'
client 2023-08-07 10:12:05,283 [INFO] Got response: '1691399525.2023802'
client 2023-08-07 10:12:05,283 [INFO] The time difference between the client and the server is within range -2.641 ms..81.586 ms
client 2023-08-07 10:12:05,284 [INFO] Sending command to the server: 'session,2023-08-07_09-56-08,stop,testing'
client 2023-08-07 10:12:16,169 [INFO] Got response: 'OK'
client 2023-08-07 10:12:16,169 [INFO] Sending command to the server: 'time'
client 2023-08-07 10:12:16,171 [INFO] Got response: '1691399536.085409'
client 2023-08-07 10:12:16,171 [INFO] The time difference between the client and the server is within range 84.574 ms..86.479 ms
client 2023-08-07 10:12:16,172 [INFO] Copying loadgen logs from '/home/arjun/mobilenet_results/valid_results/orin-tflite_armnn_cpp-cpu-armnn_tflite-v23.05-using_neon/mobilenet-v2-precision_float-1.0-128/singlestream/performance/run_1' to '/home/arjun/mobilenet_results/valid_results/orin-tflite_armnn_cpp-cpu-armnn_tflite-v23.05-using_neon/mobilenet-v2-precision_float-1.0-128/singlestream/performance/tmp_power/run_1'
client 2023-08-07 10:12:16,173 [INFO] Done runs
