client 2023-09-03 14:01:06,075 [INFO] Creating output directory '/home/arjun/results_dir/valid_results/phoenix_Amd_Am5-reference-cpu-tf-v2.13.0-default_config/bert-99/singlestream/performance/tmp_power'
client 2023-09-03 14:01:06,142 [INFO] Sending command to the server: 'mlcommons/power client v3'
client 2023-09-03 14:01:06,144 [INFO] Got response: 'mlcommons/power server v3'
client 2023-09-03 14:01:06,144 [INFO] Synchronizing with the server and with time.google.com...
client 2023-09-03 14:01:06,170 [INFO] NTP:offset = -0.001 s, delay = 0.013 s 
client 2023-09-03 14:01:06,170 [INFO] Sending command to the server: 'time'
client 2023-09-03 14:01:06,171 [INFO] Got response: '1693746066.1709821'
client 2023-09-03 14:01:06,172 [INFO] The time difference between the client and the server is within range -0.399 ms..1.016 ms
client 2023-09-03 14:01:06,172 [INFO] Sending command to the server: 'new,,2be666b6-0ea0-4455-bba2-f94cee78dc73'
client 2023-09-03 14:01:06,173 [INFO] Got response: 'OK 2023-09-03_13-01-06,47f7c615-215c-49d6-9d91-e9eef4b3a7b6'
client 2023-09-03 14:01:06,173 [INFO] Session id is '2023-09-03_13-01-06'
client 2023-09-03 14:01:06,173 [INFO] Sources: {"sources": {"__init__.py": "da39a3ee5e6b4b0d3255bfef95601890afd80709", "client.py": "33ca4f26368777ac06e01f9567b714a4b8063886", "lib/__init__.py": "da39a3ee5e6b4b0d3255bfef95601890afd80709", "lib/client.py": "ac2aa093c8e8bbc9569b9e2a3471bc64e58a2258", "lib/common.py": "611d8b29633d331eb19c9455ea3b5fa3284ed6df", "lib/external/__init__.py": "da39a3ee5e6b4b0d3255bfef95601890afd80709", "lib/external/ntplib.py": "4da8f970656505a40483206ef2b5d3dd5e81711d", "lib/server.py": "c7af63c31bb2fbedea4345f571f6e3507d268ada", "lib/source_hashes.py": "60a2e02193209e8d392803326208d5466342da18", "lib/summary.py": "aa92f0a3f975eecd44d3c0cd0236342ccc9f941d", "lib/time_sync.py": "122eba67a9abc85635223e054def53be1367ade2", "server.py": "c3f90f2f7eeb4db30727556d0c815ebc89b3d28b", "tests/unit/__init__.py": "da39a3ee5e6b4b0d3255bfef95601890afd80709", "tests/unit/test_server.py": "948c1995d4008bc2aa6c4046a34ffa3858d6d671", "tests/unit/test_source_hashes.py": "00468a2907583c593e6574a1f6b404e4651c221a"}, "modules": {"ptd_client_server.lib.client": "lib/client.py", "ptd_client_server.lib.common": "lib/common.py", "ptd_client_server.lib.external.ntplib": "lib/external/ntplib.py", "ptd_client_server.lib.source_hashes": "lib/source_hashes.py", "ptd_client_server.lib.summary": "lib/summary.py", "ptd_client_server.lib.time_sync": "lib/time_sync.py"}}
client 2023-09-03 14:01:06,173 [INFO] Running workload in ranging mode
client 2023-09-03 14:01:06,173 [INFO] Synchronizing with the server and with time.google.com...
client 2023-09-03 14:01:06,189 [INFO] NTP:offset = -0.000 s, delay = 0.015 s 
client 2023-09-03 14:01:06,189 [INFO] Sending command to the server: 'time'
client 2023-09-03 14:01:06,191 [INFO] Got response: '1693746066.1903622'
client 2023-09-03 14:01:06,191 [INFO] The time difference between the client and the server is within range -0.587 ms..0.840 ms
client 2023-09-03 14:01:06,191 [INFO] Sending command to the server: 'session,2023-09-03_13-01-06,start,ranging'
client 2023-09-03 14:01:34,285 [INFO] Got response: 'OK'
client 2023-09-03 14:01:34,285 [INFO] Sending command to the server: 'time'
client 2023-09-03 14:01:34,287 [INFO] Got response: '1693746094.286253'
client 2023-09-03 14:01:34,287 [INFO] The time difference between the client and the server is within range -1.033 ms..1.234 ms
client 2023-09-03 14:01:34,287 [INFO] Running the workload 'CM_MLPERF_RUN_COUNT=$(cat ${CM_RUN_DIR}/count.txt); echo ${CM_MLPERF_RUN_COUNT}; CM_MLPERF_RUN_COUNT=$((CM_MLPERF_RUN_COUNT+1)); echo ${CM_MLPERF_RUN_COUNT} > ${CM_RUN_DIR}/count.txt && if [ ${CM_MLPERF_RUN_COUNT} -eq "1" ]; then export CM_MLPERF_USER_CONF=${CM_MLPERF_RANGING_USER_CONF}; else export CM_MLPERF_USER_CONF=${CM_MLPERF_TESTING_USER_CONF}; fi && /usr/bin/python3 run.py --backend=tf --scenario=SingleStream --mlperf_conf "/home/arjun/CM/repos/local/cache/fbd173afb8284a45/inference/mlperf.conf" --user_conf "${CM_MLPERF_USER_CONF}"'
client 2023-09-03 14:06:41,452 [INFO] Sending command to the server: 'time'
client 2023-09-03 14:06:41,509 [INFO] Got response: '1693746401.5083065'
client 2023-09-03 14:06:41,510 [INFO] The time difference between the client and the server is within range -55.550 ms..1.715 ms
client 2023-09-03 14:06:41,510 [INFO] Sending command to the server: 'session,2023-09-03_13-01-06,stop,ranging'
client 2023-09-03 14:06:52,417 [INFO] Got response: 'OK'
client 2023-09-03 14:06:52,417 [INFO] Sending command to the server: 'time'
client 2023-09-03 14:06:52,419 [INFO] Got response: '1693746412.418444'
client 2023-09-03 14:06:52,419 [INFO] The time difference between the client and the server is within range -0.731 ms..1.037 ms
client 2023-09-03 14:06:52,431 [INFO] Copying loadgen logs from '/home/arjun/results_dir/valid_results/phoenix_Amd_Am5-reference-cpu-tf-v2.13.0-default_config/bert-99/singlestream/performance/run_1' to '/home/arjun/results_dir/valid_results/phoenix_Amd_Am5-reference-cpu-tf-v2.13.0-default_config/bert-99/singlestream/performance/tmp_power/ranging'
client 2023-09-03 14:06:52,431 [INFO] Running workload in testing mode
client 2023-09-03 14:06:52,431 [INFO] Synchronizing with the server and with time.google.com...
client 2023-09-03 14:06:52,448 [INFO] NTP:offset = -0.000 s, delay = 0.016 s 
client 2023-09-03 14:06:52,448 [INFO] Sending command to the server: 'time'
client 2023-09-03 14:06:52,450 [INFO] Got response: '1693746412.4489887'
client 2023-09-03 14:06:52,450 [INFO] The time difference between the client and the server is within range -0.764 ms..1.540 ms
client 2023-09-03 14:06:52,450 [INFO] Sending command to the server: 'session,2023-09-03_13-01-06,start,testing'
client 2023-09-03 14:07:05,472 [INFO] Got response: 'OK'
client 2023-09-03 14:07:05,472 [INFO] Sending command to the server: 'time'
client 2023-09-03 14:07:05,473 [INFO] Got response: '1693746425.4727523'
client 2023-09-03 14:07:05,473 [INFO] The time difference between the client and the server is within range -0.532 ms..1.152 ms
client 2023-09-03 14:07:05,473 [INFO] Running the workload 'CM_MLPERF_RUN_COUNT=$(cat ${CM_RUN_DIR}/count.txt); echo ${CM_MLPERF_RUN_COUNT}; CM_MLPERF_RUN_COUNT=$((CM_MLPERF_RUN_COUNT+1)); echo ${CM_MLPERF_RUN_COUNT} > ${CM_RUN_DIR}/count.txt && if [ ${CM_MLPERF_RUN_COUNT} -eq "1" ]; then export CM_MLPERF_USER_CONF=${CM_MLPERF_RANGING_USER_CONF}; else export CM_MLPERF_USER_CONF=${CM_MLPERF_TESTING_USER_CONF}; fi && /usr/bin/python3 run.py --backend=tf --scenario=SingleStream --mlperf_conf "/home/arjun/CM/repos/local/cache/fbd173afb8284a45/inference/mlperf.conf" --user_conf "${CM_MLPERF_USER_CONF}"'
client 2023-09-03 14:17:13,617 [INFO] Sending command to the server: 'time'
client 2023-09-03 14:17:13,619 [INFO] Got response: '1693747033.6182458'
client 2023-09-03 14:17:13,619 [INFO] The time difference between the client and the server is within range -0.931 ms..1.538 ms
client 2023-09-03 14:17:13,619 [INFO] Sending command to the server: 'session,2023-09-03_13-01-06,stop,testing'
client 2023-09-03 14:17:24,524 [INFO] Got response: 'OK'
client 2023-09-03 14:17:24,524 [INFO] Sending command to the server: 'time'
client 2023-09-03 14:17:24,526 [INFO] Got response: '1693747044.5254035'
client 2023-09-03 14:17:24,526 [INFO] The time difference between the client and the server is within range -0.589 ms..0.769 ms
client 2023-09-03 14:17:24,526 [INFO] Copying loadgen logs from '/home/arjun/results_dir/valid_results/phoenix_Amd_Am5-reference-cpu-tf-v2.13.0-default_config/bert-99/singlestream/performance/run_1' to '/home/arjun/results_dir/valid_results/phoenix_Amd_Am5-reference-cpu-tf-v2.13.0-default_config/bert-99/singlestream/performance/tmp_power/run_1'
client 2023-09-03 14:17:24,526 [INFO] Done runs
