client 2023-08-06 10:36:29,515 [INFO] Sending command to the server: 'mlcommons/power client v3'
client 2023-08-06 10:36:29,520 [INFO] Got response: 'mlcommons/power server v3'
client 2023-08-06 10:36:29,520 [INFO] Sending command to the server: 'stop'
client 2023-08-06 10:36:29,525 [INFO] Got response: 'OK'
client 2023-08-06 10:36:29,525 [INFO] Synchronizing with the server and with ib-01.dc4-in.nvidia.com...
client 2023-08-06 10:36:29,800 [INFO] NTP:offset = 0.006 s, delay = 0.230 s 
client 2023-08-06 10:36:29,801 [INFO] Sending command to the server: 'time'
client 2023-08-06 10:36:29,805 [INFO] Got response: '1691318189.8043067'
client 2023-08-06 10:36:29,806 [INFO] The time difference between the client and the server is within range -2.905 ms..2.171 ms
client 2023-08-06 10:36:29,807 [INFO] Sending command to the server: 'new,,1694aee5-5e71-47bc-a16b-5be14e9d5517'
client 2023-08-06 10:36:29,813 [INFO] Got response: 'OK 2023-08-06_03-36-29,5c847221-b170-436a-b57a-176cd25c00aa'
client 2023-08-06 10:36:29,813 [INFO] Session id is '2023-08-06_03-36-29'
client 2023-08-06 10:36:29,814 [INFO] Sources: {"sources": {"__init__.py": "da39a3ee5e6b4b0d3255bfef95601890afd80709", "client.py": "33ca4f26368777ac06e01f9567b714a4b8063886", "lib/__init__.py": "da39a3ee5e6b4b0d3255bfef95601890afd80709", "lib/client.py": "ac2aa093c8e8bbc9569b9e2a3471bc64e58a2258", "lib/common.py": "611d8b29633d331eb19c9455ea3b5fa3284ed6df", "lib/external/__init__.py": "da39a3ee5e6b4b0d3255bfef95601890afd80709", "lib/external/ntplib.py": "4da8f970656505a40483206ef2b5d3dd5e81711d", "lib/server.py": "c7af63c31bb2fbedea4345f571f6e3507d268ada", "lib/source_hashes.py": "60a2e02193209e8d392803326208d5466342da18", "lib/summary.py": "aa92f0a3f975eecd44d3c0cd0236342ccc9f941d", "lib/time_sync.py": "122eba67a9abc85635223e054def53be1367ade2", "server.py": "c3f90f2f7eeb4db30727556d0c815ebc89b3d28b", "tests/unit/__init__.py": "da39a3ee5e6b4b0d3255bfef95601890afd80709", "tests/unit/test_server.py": "948c1995d4008bc2aa6c4046a34ffa3858d6d671", "tests/unit/test_source_hashes.py": "00468a2907583c593e6574a1f6b404e4651c221a"}, "modules": {"ptd_client_server.lib.client": "lib/client.py", "ptd_client_server.lib.common": "lib/common.py", "ptd_client_server.lib.external.ntplib": "lib/external/ntplib.py", "ptd_client_server.lib.source_hashes": "lib/source_hashes.py", "ptd_client_server.lib.summary": "lib/summary.py", "ptd_client_server.lib.time_sync": "lib/time_sync.py"}}
client 2023-08-06 10:36:29,826 [INFO] Running workload in ranging mode
client 2023-08-06 10:36:29,827 [INFO] Synchronizing with the server and with ib-01.dc4-in.nvidia.com...
client 2023-08-06 10:36:30,066 [INFO] NTP:offset = 0.003 s, delay = 0.221 s 
client 2023-08-06 10:36:30,067 [INFO] Sending command to the server: 'time'
client 2023-08-06 10:36:30,073 [INFO] Got response: '1691318190.0710516'
client 2023-08-06 10:36:30,073 [INFO] The time difference between the client and the server is within range -3.962 ms..2.754 ms
client 2023-08-06 10:36:30,074 [INFO] Sending command to the server: 'session,2023-08-06_03-36-29,start,ranging'
client 2023-08-06 10:36:58,185 [INFO] Got response: 'OK'
client 2023-08-06 10:36:58,187 [INFO] Sending command to the server: 'time'
client 2023-08-06 10:36:58,192 [INFO] Got response: '1691318218.1903083'
client 2023-08-06 10:36:58,194 [INFO] The time difference between the client and the server is within range -3.347 ms..3.551 ms
client 2023-08-06 10:36:58,194 [INFO] Running the workload 'LOG_DIR=/work/build/power_logs_temp python3.8 -m code.main --benchmarks=resnet50 --scenarios=MultiStream --test_mode=PerformanceOnly --config_ver=maxq --action="run_harness" \\\n\t\t2>&1 | tee -a /work/build/power_logs/2023.08.06-10.35.40/stdout.txt \\\n\t\t&& if [ ! -d /work/build/power_logs/2023.08.06-10.35.40/ranging_tmp ]; \\\n\t\t\tthen mkdir /work/build/power_logs/2023.08.06-10.35.40/ranging_tmp \\\n\t\t\t\t&& mv /work/build/power_logs_temp/* /work/build/power_logs/2023.08.06-10.35.40/ranging_tmp/ \\\n\t\t\t\t&& cp -v /work/build/power_logs/2023.08.06-10.35.40/ranging_tmp/*/*/*/mlperf_log_detail.txt /work/build/power_logs_temp/ \\\n\t\t\t\t&& cp -v /work/build/power_logs/2023.08.06-10.35.40/ranging_tmp/*/*/*/mlperf_log_summary.txt /work/build/power_logs_temp/; \\\n\t\t\telse mkdir /work/build/power_logs/2023.08.06-10.35.40/testing_tmp \\\n\t\t\t\t&& mv /work/build/power_logs_temp/* /work/build/power_logs/2023.08.06-10.35.40/testing_tmp/ \\\n\t\t\t\t&& cp -v /work/build/power_logs/2023.08.06-10.35.40/testing_tmp/*/*/*/mlperf_log_detail.txt /work/build/power_logs_temp/ \\\n\t\t\t\t&& cp -v /work/build/power_logs/2023.08.06-10.35.40/testing_tmp/*/*/*/mlperf_log_summary.txt /work/build/power_logs_temp/; fi'
client 2023-08-06 10:47:44,331 [INFO] Sending command to the server: 'time'
client 2023-08-06 10:47:44,335 [INFO] Got response: '1691318864.3334985'
client 2023-08-06 10:47:44,335 [INFO] The time difference between the client and the server is within range -1.759 ms..2.244 ms
client 2023-08-06 10:47:44,336 [INFO] Sending command to the server: 'session,2023-08-06_03-36-29,stop,ranging'
client 2023-08-06 10:47:55,248 [INFO] Got response: 'OK'
client 2023-08-06 10:47:55,249 [INFO] Sending command to the server: 'time'
client 2023-08-06 10:47:55,257 [INFO] Got response: '1691318875.252893'
client 2023-08-06 10:47:55,258 [INFO] The time difference between the client and the server is within range -3.181 ms..5.306 ms
client 2023-08-06 10:47:55,345 [INFO] Copying loadgen logs from '/work/build/power_logs_temp' to '/work/build/power_logs/2023.08.06-10.35.40/2023-08-06_03-36-29/ranging'
client 2023-08-06 10:47:55,406 [INFO] Running workload in testing mode
client 2023-08-06 10:47:55,406 [INFO] Synchronizing with the server and with ib-01.dc4-in.nvidia.com...
client 2023-08-06 10:47:55,635 [INFO] NTP:offset = -0.000 s, delay = 0.217 s 
client 2023-08-06 10:47:55,636 [INFO] Sending command to the server: 'time'
client 2023-08-06 10:47:55,644 [INFO] Got response: '1691318875.6386325'
client 2023-08-06 10:47:55,645 [INFO] The time difference between the client and the server is within range -2.515 ms..6.496 ms
client 2023-08-06 10:47:55,646 [INFO] Sending command to the server: 'session,2023-08-06_03-36-29,start,testing'
client 2023-08-06 10:48:08,676 [INFO] Got response: 'OK'
client 2023-08-06 10:48:08,677 [INFO] Sending command to the server: 'time'
client 2023-08-06 10:48:08,683 [INFO] Got response: '1691318888.6803901'
client 2023-08-06 10:48:08,684 [INFO] The time difference between the client and the server is within range -3.056 ms..3.680 ms
client 2023-08-06 10:48:08,685 [INFO] Running the workload 'LOG_DIR=/work/build/power_logs_temp python3.8 -m code.main --benchmarks=resnet50 --scenarios=MultiStream --test_mode=PerformanceOnly --config_ver=maxq --action="run_harness" \\\n\t\t2>&1 | tee -a /work/build/power_logs/2023.08.06-10.35.40/stdout.txt \\\n\t\t&& if [ ! -d /work/build/power_logs/2023.08.06-10.35.40/ranging_tmp ]; \\\n\t\t\tthen mkdir /work/build/power_logs/2023.08.06-10.35.40/ranging_tmp \\\n\t\t\t\t&& mv /work/build/power_logs_temp/* /work/build/power_logs/2023.08.06-10.35.40/ranging_tmp/ \\\n\t\t\t\t&& cp -v /work/build/power_logs/2023.08.06-10.35.40/ranging_tmp/*/*/*/mlperf_log_detail.txt /work/build/power_logs_temp/ \\\n\t\t\t\t&& cp -v /work/build/power_logs/2023.08.06-10.35.40/ranging_tmp/*/*/*/mlperf_log_summary.txt /work/build/power_logs_temp/; \\\n\t\t\telse mkdir /work/build/power_logs/2023.08.06-10.35.40/testing_tmp \\\n\t\t\t\t&& mv /work/build/power_logs_temp/* /work/build/power_logs/2023.08.06-10.35.40/testing_tmp/ \\\n\t\t\t\t&& cp -v /work/build/power_logs/2023.08.06-10.35.40/testing_tmp/*/*/*/mlperf_log_detail.txt /work/build/power_logs_temp/ \\\n\t\t\t\t&& cp -v /work/build/power_logs/2023.08.06-10.35.40/testing_tmp/*/*/*/mlperf_log_summary.txt /work/build/power_logs_temp/; fi'
client 2023-08-06 10:58:40,553 [INFO] Sending command to the server: 'time'
client 2023-08-06 10:58:40,556 [INFO] Got response: '1691319520.555546'
client 2023-08-06 10:58:40,556 [INFO] The time difference between the client and the server is within range -2.601 ms..1.240 ms
client 2023-08-06 10:58:40,557 [INFO] Sending command to the server: 'session,2023-08-06_03-36-29,stop,testing'
client 2023-08-06 10:58:50,727 [INFO] Got response: 'OK'
client 2023-08-06 10:58:50,729 [INFO] Sending command to the server: 'time'
client 2023-08-06 10:58:50,736 [INFO] Got response: '1691319530.7329388'
client 2023-08-06 10:58:50,737 [INFO] The time difference between the client and the server is within range -3.803 ms..4.482 ms
client 2023-08-06 10:58:50,775 [INFO] Copying loadgen logs from '/work/build/power_logs_temp' to '/work/build/power_logs/2023.08.06-10.35.40/2023-08-06_03-36-29/run_1'
client 2023-08-06 10:58:50,843 [INFO] Done runs
