client 2023-08-01 12:03:25,204 [INFO] Creating output directory '/home/arjun/results_dir/valid_results/orin-nvidia_original-gpu-tensorrt-vdefault-default_config/rnnt/offline/performance/tmp_power'
client 2023-08-01 12:03:25,207 [INFO] Sending command to the server: 'mlcommons/power client v3'
client 2023-08-01 12:03:25,209 [INFO] Got response: 'mlcommons/power server v3'
client 2023-08-01 12:03:25,209 [INFO] Synchronizing with the server and with time.google.com...
client 2023-08-01 12:03:25,229 [INFO] NTP:offset = -0.005 s, delay = 0.017 s 
client 2023-08-01 12:03:25,229 [INFO] Sending command to the server: 'time'
client 2023-08-01 12:03:25,231 [INFO] Got response: '1690887805.1011157'
client 2023-08-01 12:03:25,231 [INFO] The time difference between the client and the server is within range 128.314 ms..130.543 ms
client 2023-08-01 12:03:25,231 [INFO] Sending command to the server: 'new,,66d79efc-bbf2-4dd9-baa8-b75588cd5398'
client 2023-08-01 12:03:25,234 [INFO] Got response: 'OK 2023-08-01_12-03-25,4337016d-24a7-428b-a4c1-f9bb886f5109'
client 2023-08-01 12:03:25,234 [INFO] Session id is '2023-08-01_12-03-25'
client 2023-08-01 12:03:25,234 [INFO] Sources: {"sources": {"__init__.py": "da39a3ee5e6b4b0d3255bfef95601890afd80709", "client.py": "33ca4f26368777ac06e01f9567b714a4b8063886", "lib/__init__.py": "da39a3ee5e6b4b0d3255bfef95601890afd80709", "lib/client.py": "ac2aa093c8e8bbc9569b9e2a3471bc64e58a2258", "lib/common.py": "611d8b29633d331eb19c9455ea3b5fa3284ed6df", "lib/external/__init__.py": "da39a3ee5e6b4b0d3255bfef95601890afd80709", "lib/external/ntplib.py": "4da8f970656505a40483206ef2b5d3dd5e81711d", "lib/server.py": "c7af63c31bb2fbedea4345f571f6e3507d268ada", "lib/source_hashes.py": "60a2e02193209e8d392803326208d5466342da18", "lib/summary.py": "aa92f0a3f975eecd44d3c0cd0236342ccc9f941d", "lib/time_sync.py": "122eba67a9abc85635223e054def53be1367ade2", "server.py": "c3f90f2f7eeb4db30727556d0c815ebc89b3d28b", "tests/unit/__init__.py": "da39a3ee5e6b4b0d3255bfef95601890afd80709", "tests/unit/test_server.py": "948c1995d4008bc2aa6c4046a34ffa3858d6d671", "tests/unit/test_source_hashes.py": "00468a2907583c593e6574a1f6b404e4651c221a"}, "modules": {"ptd_client_server.lib.client": "lib/client.py", "ptd_client_server.lib.common": "lib/common.py", "ptd_client_server.lib.external.ntplib": "lib/external/ntplib.py", "ptd_client_server.lib.source_hashes": "lib/source_hashes.py", "ptd_client_server.lib.summary": "lib/summary.py", "ptd_client_server.lib.time_sync": "lib/time_sync.py"}}
client 2023-08-01 12:03:25,234 [INFO] Running workload in ranging mode
client 2023-08-01 12:03:25,234 [INFO] Synchronizing with the server and with time.google.com...
client 2023-08-01 12:03:25,249 [INFO] NTP:offset = -0.004 s, delay = 0.014 s 
client 2023-08-01 12:03:25,249 [INFO] Sending command to the server: 'time'
client 2023-08-01 12:03:25,251 [INFO] Got response: '1690887805.1311004'
client 2023-08-01 12:03:25,251 [INFO] The time difference between the client and the server is within range 118.645 ms..120.767 ms
client 2023-08-01 12:03:25,251 [INFO] Sending command to the server: 'session,2023-08-01_12-03-25,start,ranging'
client 2023-08-01 12:03:53,976 [INFO] Got response: 'OK'
client 2023-08-01 12:03:53,976 [INFO] Sending command to the server: 'time'
client 2023-08-01 12:03:53,980 [INFO] Got response: '1690887833.858117'
client 2023-08-01 12:03:53,980 [INFO] The time difference between the client and the server is within range 118.659 ms..122.308 ms
client 2023-08-01 12:03:53,980 [INFO] Running the workload 'CM_MLPERF_RUN_COUNT=$(cat ${CM_RUN_DIR}/count.txt); echo ${CM_MLPERF_RUN_COUNT}; CM_MLPERF_RUN_COUNT=$((CM_MLPERF_RUN_COUNT+1)); echo ${CM_MLPERF_RUN_COUNT} > ${CM_RUN_DIR}/count.txt && if [ ${CM_MLPERF_RUN_COUNT} -eq "1" ]; then export CM_MLPERF_USER_CONF=${CM_MLPERF_RANGING_USER_CONF}; else export CM_MLPERF_USER_CONF=${CM_MLPERF_TESTING_USER_CONF}; fi && make run_harness RUN_ARGS=" --benchmarks=rnnt --scenarios=offline --test_mode=PerformanceOnly --offline_expected_qps=1600 --single_stream_expected_latency_ns=90000000 --multi_stream_expected_latency_ns=105000000 --user_conf_path=${CM_MLPERF_USER_CONF} --mlperf_conf_path=/mount/CM/repos/local/cache/cedb99c765c24b90/inference/mlperf.conf --num_warmups=2048 --no_audit_verify "'
client 2023-08-01 12:09:21,924 [INFO] Sending command to the server: 'time'
client 2023-08-01 12:09:21,927 [INFO] Got response: '1690888161.798244'
client 2023-08-01 12:09:21,927 [INFO] The time difference between the client and the server is within range 126.207 ms..129.559 ms
client 2023-08-01 12:09:21,927 [INFO] Sending command to the server: 'session,2023-08-01_12-03-25,stop,ranging'
client 2023-08-01 12:09:32,309 [INFO] Got response: 'OK'
client 2023-08-01 12:09:32,309 [INFO] Sending command to the server: 'time'
client 2023-08-01 12:09:32,312 [INFO] Got response: '1690888172.1825032'
client 2023-08-01 12:09:32,312 [INFO] The time difference between the client and the server is within range 127.462 ms..129.787 ms
client 2023-08-01 12:09:32,315 [INFO] Copying loadgen logs from '/home/arjun/results_dir/valid_results/orin-nvidia_original-gpu-tensorrt-vdefault-default_config/rnnt/offline/performance/run_1' to '/home/arjun/results_dir/valid_results/orin-nvidia_original-gpu-tensorrt-vdefault-default_config/rnnt/offline/performance/tmp_power/ranging'
client 2023-08-01 12:09:32,316 [INFO] Running workload in testing mode
client 2023-08-01 12:09:32,316 [INFO] Synchronizing with the server and with time.google.com...
client 2023-08-01 12:09:32,332 [INFO] NTP:offset = -0.005 s, delay = 0.015 s 
client 2023-08-01 12:09:32,333 [INFO] Sending command to the server: 'time'
client 2023-08-01 12:09:32,335 [INFO] Got response: '1690888172.203465'
client 2023-08-01 12:09:32,335 [INFO] The time difference between the client and the server is within range 129.584 ms..132.035 ms
client 2023-08-01 12:09:32,335 [INFO] Sending command to the server: 'session,2023-08-01_12-03-25,start,testing'
client 2023-08-01 12:09:45,419 [INFO] Got response: 'OK'
client 2023-08-01 12:09:45,419 [INFO] Sending command to the server: 'time'
client 2023-08-01 12:09:45,421 [INFO] Got response: '1690888185.291158'
client 2023-08-01 12:09:45,421 [INFO] The time difference between the client and the server is within range 128.564 ms..130.809 ms
client 2023-08-01 12:09:45,422 [INFO] Running the workload 'CM_MLPERF_RUN_COUNT=$(cat ${CM_RUN_DIR}/count.txt); echo ${CM_MLPERF_RUN_COUNT}; CM_MLPERF_RUN_COUNT=$((CM_MLPERF_RUN_COUNT+1)); echo ${CM_MLPERF_RUN_COUNT} > ${CM_RUN_DIR}/count.txt && if [ ${CM_MLPERF_RUN_COUNT} -eq "1" ]; then export CM_MLPERF_USER_CONF=${CM_MLPERF_RANGING_USER_CONF}; else export CM_MLPERF_USER_CONF=${CM_MLPERF_TESTING_USER_CONF}; fi && make run_harness RUN_ARGS=" --benchmarks=rnnt --scenarios=offline --test_mode=PerformanceOnly --offline_expected_qps=1600 --single_stream_expected_latency_ns=90000000 --multi_stream_expected_latency_ns=105000000 --user_conf_path=${CM_MLPERF_USER_CONF} --mlperf_conf_path=/mount/CM/repos/local/cache/cedb99c765c24b90/inference/mlperf.conf --num_warmups=2048 --no_audit_verify "'
client 2023-08-01 12:20:34,812 [INFO] Sending command to the server: 'time'
client 2023-08-01 12:20:34,846 [INFO] Got response: '1690888834.7052934'
client 2023-08-01 12:20:34,846 [INFO] The time difference between the client and the server is within range 107.238 ms..141.106 ms
client 2023-08-01 12:20:34,846 [INFO] Sending command to the server: 'session,2023-08-01_12-03-25,stop,testing'
client 2023-08-01 12:20:45,477 [INFO] Got response: 'OK'
client 2023-08-01 12:20:45,477 [INFO] Sending command to the server: 'time'
client 2023-08-01 12:20:45,479 [INFO] Got response: '1690888845.3428447'
client 2023-08-01 12:20:45,479 [INFO] The time difference between the client and the server is within range 134.369 ms..136.624 ms
client 2023-08-01 12:20:45,480 [INFO] Copying loadgen logs from '/home/arjun/results_dir/valid_results/orin-nvidia_original-gpu-tensorrt-vdefault-default_config/rnnt/offline/performance/run_1' to '/home/arjun/results_dir/valid_results/orin-nvidia_original-gpu-tensorrt-vdefault-default_config/rnnt/offline/performance/tmp_power/run_1'
client 2023-08-01 12:20:45,480 [INFO] Done runs
