client 2023-07-20 11:15:08,996 [INFO] Creating output directory '/home/arjun/mobilenet_results/valid_results/raspberrypi-tflite_armnn_cpp-cpu-armnn_tflite-v22.11-using_neon/efficientnet-fp32-lite1/singlestream/performance/tmp_power'
client 2023-07-20 11:15:09,002 [INFO] Sending command to the server: 'mlcommons/power client v3'
client 2023-07-20 11:15:09,005 [INFO] Got response: 'mlcommons/power server v3'
client 2023-07-20 11:15:09,006 [INFO] Synchronizing with the server and with time.google.com...
client 2023-07-20 11:15:09,130 [INFO] NTP:offset = -0.039 s, delay = 0.090 s 
client 2023-07-20 11:15:09,131 [INFO] Sending command to the server: 'time'
client 2023-07-20 11:15:09,136 [INFO] Got response: '1689848109.0295327'
client 2023-07-20 11:15:09,137 [INFO] The time difference between the client and the server is within range 101.625 ms..107.732 ms
client 2023-07-20 11:15:09,138 [INFO] Sending command to the server: 'new,,a187e38f-8417-464e-b40a-7298cdb1dfc5'
client 2023-07-20 11:15:09,151 [INFO] Got response: 'OK 2023-07-20_11-15-09,7f45b06d-5f59-40d5-99d6-91f7396c5ec9'
client 2023-07-20 11:15:09,152 [INFO] Session id is '2023-07-20_11-15-09'
client 2023-07-20 11:15:09,153 [INFO] Sources: {"sources": {"__init__.py": "da39a3ee5e6b4b0d3255bfef95601890afd80709", "client.py": "33ca4f26368777ac06e01f9567b714a4b8063886", "lib/__init__.py": "da39a3ee5e6b4b0d3255bfef95601890afd80709", "lib/client.py": "ac2aa093c8e8bbc9569b9e2a3471bc64e58a2258", "lib/common.py": "611d8b29633d331eb19c9455ea3b5fa3284ed6df", "lib/external/__init__.py": "da39a3ee5e6b4b0d3255bfef95601890afd80709", "lib/external/ntplib.py": "4da8f970656505a40483206ef2b5d3dd5e81711d", "lib/server.py": "c7af63c31bb2fbedea4345f571f6e3507d268ada", "lib/source_hashes.py": "60a2e02193209e8d392803326208d5466342da18", "lib/summary.py": "aa92f0a3f975eecd44d3c0cd0236342ccc9f941d", "lib/time_sync.py": "122eba67a9abc85635223e054def53be1367ade2", "server.py": "c3f90f2f7eeb4db30727556d0c815ebc89b3d28b", "tests/unit/__init__.py": "da39a3ee5e6b4b0d3255bfef95601890afd80709", "tests/unit/test_server.py": "948c1995d4008bc2aa6c4046a34ffa3858d6d671", "tests/unit/test_source_hashes.py": "00468a2907583c593e6574a1f6b404e4651c221a"}, "modules": {"ptd_client_server.lib.client": "lib/client.py", "ptd_client_server.lib.common": "lib/common.py", "ptd_client_server.lib.external.ntplib": "lib/external/ntplib.py", "ptd_client_server.lib.source_hashes": "lib/source_hashes.py", "ptd_client_server.lib.summary": "lib/summary.py", "ptd_client_server.lib.time_sync": "lib/time_sync.py"}}
client 2023-07-20 11:15:09,154 [INFO] Running workload in ranging mode
client 2023-07-20 11:15:09,155 [INFO] Synchronizing with the server and with time.google.com...
client 2023-07-20 11:15:09,193 [INFO] NTP:offset = -0.001 s, delay = 0.016 s 
client 2023-07-20 11:15:09,193 [INFO] Sending command to the server: 'time'
client 2023-07-20 11:15:09,197 [INFO] Got response: '1689848109.0897224'
client 2023-07-20 11:15:09,197 [INFO] The time difference between the client and the server is within range 104.154 ms..107.957 ms
client 2023-07-20 11:15:09,198 [INFO] Sending command to the server: 'session,2023-07-20_11-15-09,start,ranging'
client 2023-07-20 11:15:37,911 [INFO] Got response: 'OK'
client 2023-07-20 11:15:37,911 [INFO] Sending command to the server: 'time'
client 2023-07-20 11:15:37,917 [INFO] Got response: '1689848137.8078284'
client 2023-07-20 11:15:37,917 [INFO] The time difference between the client and the server is within range 103.803 ms..109.575 ms
client 2023-07-20 11:15:37,917 [INFO] Running the workload 'CM_MLPERF_RUN_COUNT=$(cat ${CM_RUN_DIR}/count.txt); echo ${CM_MLPERF_RUN_COUNT}; CM_MLPERF_RUN_COUNT=$((CM_MLPERF_RUN_COUNT+1)); echo ${CM_MLPERF_RUN_COUNT} > ${CM_RUN_DIR}/count.txt && if [ ${CM_MLPERF_RUN_COUNT} -eq "1" ]; then export CM_MLPERF_USER_CONF=${CM_MLPERF_RANGING_USER_CONF}; else export CM_MLPERF_USER_CONF=${CM_MLPERF_TESTING_USER_CONF}; fi && /home/arjun/CM/repos/ctuning@mlcommons-ck/cm-mlops/script/get-lib-armnn/run.out'
client 2023-07-20 11:20:59,650 [INFO] Sending command to the server: 'time'
client 2023-07-20 11:20:59,686 [INFO] Got response: '1689848459.5673275'
client 2023-07-20 11:20:59,686 [INFO] The time difference between the client and the server is within range 82.350 ms..119.421 ms
client 2023-07-20 11:20:59,687 [INFO] Sending command to the server: 'session,2023-07-20_11-15-09,stop,ranging'
client 2023-07-20 11:21:10,327 [INFO] Got response: 'OK'
client 2023-07-20 11:21:10,328 [INFO] Sending command to the server: 'time'
client 2023-07-20 11:21:10,331 [INFO] Got response: '1689848470.2134488'
client 2023-07-20 11:21:10,332 [INFO] The time difference between the client and the server is within range 114.851 ms..118.850 ms
client 2023-07-20 11:21:10,367 [INFO] Copying loadgen logs from '/home/arjun/mobilenet_results/valid_results/raspberrypi-tflite_armnn_cpp-cpu-armnn_tflite-v22.11-using_neon/efficientnet-fp32-lite1/singlestream/performance/run_1' to '/home/arjun/mobilenet_results/valid_results/raspberrypi-tflite_armnn_cpp-cpu-armnn_tflite-v22.11-using_neon/efficientnet-fp32-lite1/singlestream/performance/tmp_power/ranging'
client 2023-07-20 11:21:10,370 [INFO] Running workload in testing mode
client 2023-07-20 11:21:10,371 [INFO] Synchronizing with the server and with time.google.com...
client 2023-07-20 11:21:10,406 [INFO] NTP:offset = -0.001 s, delay = 0.016 s 
client 2023-07-20 11:21:10,406 [INFO] Sending command to the server: 'time'
client 2023-07-20 11:21:10,411 [INFO] Got response: '1689848470.294794'
client 2023-07-20 11:21:10,411 [INFO] The time difference between the client and the server is within range 111.831 ms..117.056 ms
client 2023-07-20 11:21:10,412 [INFO] Sending command to the server: 'session,2023-07-20_11-15-09,start,testing'
client 2023-07-20 11:21:23,460 [INFO] Got response: 'OK'
client 2023-07-20 11:21:23,461 [INFO] Sending command to the server: 'time'
client 2023-07-20 11:21:23,465 [INFO] Got response: '1689848483.3546772'
client 2023-07-20 11:21:23,466 [INFO] The time difference between the client and the server is within range 106.715 ms..111.339 ms
client 2023-07-20 11:21:23,466 [INFO] Running the workload 'CM_MLPERF_RUN_COUNT=$(cat ${CM_RUN_DIR}/count.txt); echo ${CM_MLPERF_RUN_COUNT}; CM_MLPERF_RUN_COUNT=$((CM_MLPERF_RUN_COUNT+1)); echo ${CM_MLPERF_RUN_COUNT} > ${CM_RUN_DIR}/count.txt && if [ ${CM_MLPERF_RUN_COUNT} -eq "1" ]; then export CM_MLPERF_USER_CONF=${CM_MLPERF_RANGING_USER_CONF}; else export CM_MLPERF_USER_CONF=${CM_MLPERF_TESTING_USER_CONF}; fi && /home/arjun/CM/repos/ctuning@mlcommons-ck/cm-mlops/script/get-lib-armnn/run.out'
client 2023-07-20 11:31:38,741 [INFO] Sending command to the server: 'time'
client 2023-07-20 11:31:38,746 [INFO] Got response: '1689849098.6256738'
client 2023-07-20 11:31:38,746 [INFO] The time difference between the client and the server is within range 115.592 ms..120.608 ms
client 2023-07-20 11:31:38,746 [INFO] Sending command to the server: 'session,2023-07-20_11-15-09,stop,testing'
client 2023-07-20 11:31:49,554 [INFO] Got response: 'OK'
client 2023-07-20 11:31:49,555 [INFO] Sending command to the server: 'time'
client 2023-07-20 11:31:49,559 [INFO] Got response: '1689849109.4389112'
client 2023-07-20 11:31:49,560 [INFO] The time difference between the client and the server is within range 116.570 ms..121.146 ms
client 2023-07-20 11:31:49,565 [INFO] Copying loadgen logs from '/home/arjun/mobilenet_results/valid_results/raspberrypi-tflite_armnn_cpp-cpu-armnn_tflite-v22.11-using_neon/efficientnet-fp32-lite1/singlestream/performance/run_1' to '/home/arjun/mobilenet_results/valid_results/raspberrypi-tflite_armnn_cpp-cpu-armnn_tflite-v22.11-using_neon/efficientnet-fp32-lite1/singlestream/performance/tmp_power/run_1'
client 2023-07-20 11:31:49,569 [INFO] Done runs
