client 2023-07-11 01:49:39,595 [INFO] Creating output directory '/home/arjun/mobilenet_results/valid_results/orin-tflite_armnn_cpp-cpu-armnn_tflite-v22.11-using_neon/mobilenet-v1-precision_float-1.0-160/singlestream/performance/tmp_power'
client 2023-07-11 01:49:39,598 [INFO] Sending command to the server: 'mlcommons/power client v3'
client 2023-07-11 01:49:39,600 [INFO] Got response: 'mlcommons/power server v3'
client 2023-07-11 01:49:39,600 [INFO] Synchronizing with the server and with time.google.com...
client 2023-07-11 01:49:39,620 [INFO] NTP:offset = -0.001 s, delay = 0.015 s 
client 2023-07-11 01:49:39,620 [INFO] Sending command to the server: 'time'
client 2023-07-11 01:49:39,622 [INFO] Got response: '1689036579.5382426'
client 2023-07-11 01:49:39,622 [INFO] The time difference between the client and the server is within range 81.905 ms..84.190 ms
client 2023-07-11 01:49:39,622 [INFO] Sending command to the server: 'new,,9603a8b3-d38e-4f8a-a255-3c5fef3b759b'
client 2023-07-11 01:49:39,625 [INFO] Got response: 'OK 2023-07-11_01-49-39,7919c39b-78b6-42b1-8d31-dfcbdd665893'
client 2023-07-11 01:49:39,625 [INFO] Session id is '2023-07-11_01-49-39'
client 2023-07-11 01:49:39,625 [INFO] Sources: {"sources": {"__init__.py": "da39a3ee5e6b4b0d3255bfef95601890afd80709", "client.py": "33ca4f26368777ac06e01f9567b714a4b8063886", "lib/__init__.py": "da39a3ee5e6b4b0d3255bfef95601890afd80709", "lib/client.py": "ac2aa093c8e8bbc9569b9e2a3471bc64e58a2258", "lib/common.py": "611d8b29633d331eb19c9455ea3b5fa3284ed6df", "lib/external/__init__.py": "da39a3ee5e6b4b0d3255bfef95601890afd80709", "lib/external/ntplib.py": "4da8f970656505a40483206ef2b5d3dd5e81711d", "lib/server.py": "c7af63c31bb2fbedea4345f571f6e3507d268ada", "lib/source_hashes.py": "60a2e02193209e8d392803326208d5466342da18", "lib/summary.py": "aa92f0a3f975eecd44d3c0cd0236342ccc9f941d", "lib/time_sync.py": "122eba67a9abc85635223e054def53be1367ade2", "server.py": "c3f90f2f7eeb4db30727556d0c815ebc89b3d28b", "tests/unit/__init__.py": "da39a3ee5e6b4b0d3255bfef95601890afd80709", "tests/unit/test_server.py": "948c1995d4008bc2aa6c4046a34ffa3858d6d671", "tests/unit/test_source_hashes.py": "00468a2907583c593e6574a1f6b404e4651c221a"}, "modules": {"ptd_client_server.lib.client": "lib/client.py", "ptd_client_server.lib.common": "lib/common.py", "ptd_client_server.lib.external.ntplib": "lib/external/ntplib.py", "ptd_client_server.lib.source_hashes": "lib/source_hashes.py", "ptd_client_server.lib.summary": "lib/summary.py", "ptd_client_server.lib.time_sync": "lib/time_sync.py"}}
client 2023-07-11 01:49:39,625 [INFO] Running workload in ranging mode
client 2023-07-11 01:49:39,625 [INFO] Synchronizing with the server and with time.google.com...
client 2023-07-11 01:49:39,641 [INFO] NTP:offset = -0.002 s, delay = 0.015 s 
client 2023-07-11 01:49:39,641 [INFO] Sending command to the server: 'time'
client 2023-07-11 01:49:39,643 [INFO] Got response: '1689036579.5582356'
client 2023-07-11 01:49:39,644 [INFO] The time difference between the client and the server is within range 83.320 ms..85.795 ms
client 2023-07-11 01:49:39,644 [INFO] Sending command to the server: 'session,2023-07-11_01-49-39,start,ranging'
client 2023-07-11 01:50:08,837 [INFO] Got response: 'OK'
client 2023-07-11 01:50:08,839 [INFO] Sending command to the server: 'time'
client 2023-07-11 01:50:08,842 [INFO] Got response: '1689036608.7605007'
client 2023-07-11 01:50:08,843 [INFO] The time difference between the client and the server is within range 78.571 ms..82.554 ms
client 2023-07-11 01:50:08,843 [INFO] Running the workload 'CM_MLPERF_RUN_COUNT=$(cat ${CM_RUN_DIR}/count.txt); echo ${CM_MLPERF_RUN_COUNT}; CM_MLPERF_RUN_COUNT=$((CM_MLPERF_RUN_COUNT+1)); echo ${CM_MLPERF_RUN_COUNT} > ${CM_RUN_DIR}/count.txt && if [ ${CM_MLPERF_RUN_COUNT} -eq "1" ]; then export CM_MLPERF_USER_CONF=${CM_MLPERF_RANGING_USER_CONF}; else export CM_MLPERF_USER_CONF=${CM_MLPERF_TESTING_USER_CONF}; fi && /home/arjun/run.out'
client 2023-07-11 01:55:10,538 [INFO] Sending command to the server: 'time'
client 2023-07-11 01:55:10,543 [INFO] Got response: '1689036910.4593549'
client 2023-07-11 01:55:10,543 [INFO] The time difference between the client and the server is within range 79.399 ms..84.086 ms
client 2023-07-11 01:55:10,543 [INFO] Sending command to the server: 'session,2023-07-11_01-49-39,stop,ranging'
client 2023-07-11 01:55:20,893 [INFO] Got response: 'OK'
client 2023-07-11 01:55:20,894 [INFO] Sending command to the server: 'time'
client 2023-07-11 01:55:20,898 [INFO] Got response: '1689036920.8096244'
client 2023-07-11 01:55:20,898 [INFO] The time difference between the client and the server is within range 84.676 ms..89.062 ms
client 2023-07-11 01:55:20,921 [INFO] Copying loadgen logs from '/home/arjun/mobilenet_results/valid_results/orin-tflite_armnn_cpp-cpu-armnn_tflite-v22.11-using_neon/mobilenet-v1-precision_float-1.0-160/singlestream/performance/run_1' to '/home/arjun/mobilenet_results/valid_results/orin-tflite_armnn_cpp-cpu-armnn_tflite-v22.11-using_neon/mobilenet-v1-precision_float-1.0-160/singlestream/performance/tmp_power/ranging'
client 2023-07-11 01:55:20,924 [INFO] Running workload in testing mode
client 2023-07-11 01:55:20,924 [INFO] Synchronizing with the server and with time.google.com...
client 2023-07-11 01:55:20,948 [INFO] NTP:offset = -0.002 s, delay = 0.018 s 
client 2023-07-11 01:55:20,948 [INFO] Sending command to the server: 'time'
client 2023-07-11 01:55:20,951 [INFO] Got response: '1689036920.8698423'
client 2023-07-11 01:55:20,952 [INFO] The time difference between the client and the server is within range 78.789 ms..82.335 ms
client 2023-07-11 01:55:20,952 [INFO] Sending command to the server: 'session,2023-07-11_01-49-39,start,testing'
client 2023-07-11 01:55:34,009 [INFO] Got response: 'OK'
client 2023-07-11 01:55:34,010 [INFO] Sending command to the server: 'time'
client 2023-07-11 01:55:34,013 [INFO] Got response: '1689036933.928444'
client 2023-07-11 01:55:34,013 [INFO] The time difference between the client and the server is within range 81.712 ms..85.204 ms
client 2023-07-11 01:55:34,013 [INFO] Running the workload 'CM_MLPERF_RUN_COUNT=$(cat ${CM_RUN_DIR}/count.txt); echo ${CM_MLPERF_RUN_COUNT}; CM_MLPERF_RUN_COUNT=$((CM_MLPERF_RUN_COUNT+1)); echo ${CM_MLPERF_RUN_COUNT} > ${CM_RUN_DIR}/count.txt && if [ ${CM_MLPERF_RUN_COUNT} -eq "1" ]; then export CM_MLPERF_USER_CONF=${CM_MLPERF_RANGING_USER_CONF}; else export CM_MLPERF_USER_CONF=${CM_MLPERF_TESTING_USER_CONF}; fi && /home/arjun/run.out'
client 2023-07-11 02:05:36,987 [INFO] Sending command to the server: 'time'
client 2023-07-11 02:05:36,991 [INFO] Got response: '1689037536.9041574'
client 2023-07-11 02:05:36,991 [INFO] The time difference between the client and the server is within range 83.598 ms..87.299 ms
client 2023-07-11 02:05:36,991 [INFO] Sending command to the server: 'session,2023-07-11_01-49-39,stop,testing'
client 2023-07-11 02:05:47,358 [INFO] Got response: 'OK'
client 2023-07-11 02:05:47,360 [INFO] Sending command to the server: 'time'
client 2023-07-11 02:05:47,367 [INFO] Got response: '1689037547.2799606'
client 2023-07-11 02:05:47,367 [INFO] The time difference between the client and the server is within range 80.072 ms..87.556 ms
client 2023-07-11 02:05:47,372 [INFO] Copying loadgen logs from '/home/arjun/mobilenet_results/valid_results/orin-tflite_armnn_cpp-cpu-armnn_tflite-v22.11-using_neon/mobilenet-v1-precision_float-1.0-160/singlestream/performance/run_1' to '/home/arjun/mobilenet_results/valid_results/orin-tflite_armnn_cpp-cpu-armnn_tflite-v22.11-using_neon/mobilenet-v1-precision_float-1.0-160/singlestream/performance/tmp_power/run_1'
client 2023-07-11 02:05:47,374 [INFO] Done runs
