client 2023-08-05 23:39:10,888 [INFO] Creating output directory '/home/arjun/mobilenet_results/valid_results/orin-tflite_cpp-cpu-tflite-vmaster-default_config/mobilenet-v1-precision_uint8-0.75-128/singlestream/performance/tmp_power'
client 2023-08-05 23:39:10,891 [INFO] Sending command to the server: 'mlcommons/power client v3'
client 2023-08-05 23:39:10,894 [INFO] Got response: 'mlcommons/power server v3'
client 2023-08-05 23:39:10,894 [INFO] Synchronizing with the server and with time.google.com...
client 2023-08-05 23:39:10,912 [INFO] NTP:offset = 0.000 s, delay = 0.015 s 
client 2023-08-05 23:39:10,912 [INFO] Sending command to the server: 'time'
client 2023-08-05 23:39:10,919 [INFO] Got response: '1691275150.776086'
client 2023-08-05 23:39:10,919 [INFO] The time difference between the client and the server is within range 136.611 ms..143.346 ms
client 2023-08-05 23:39:10,919 [INFO] Sending command to the server: 'new,,cc732fc5-9ad0-45e0-9c75-e9cbbf23e902'
client 2023-08-05 23:39:10,923 [INFO] Got response: 'OK 2023-08-05_23-39-10,c6823abf-79ae-43b1-947c-4ba557e9cb01'
client 2023-08-05 23:39:10,923 [INFO] Session id is '2023-08-05_23-39-10'
client 2023-08-05 23:39:10,924 [INFO] Sources: {"sources": {"__init__.py": "da39a3ee5e6b4b0d3255bfef95601890afd80709", "client.py": "33ca4f26368777ac06e01f9567b714a4b8063886", "lib/__init__.py": "da39a3ee5e6b4b0d3255bfef95601890afd80709", "lib/client.py": "ac2aa093c8e8bbc9569b9e2a3471bc64e58a2258", "lib/common.py": "611d8b29633d331eb19c9455ea3b5fa3284ed6df", "lib/external/__init__.py": "da39a3ee5e6b4b0d3255bfef95601890afd80709", "lib/external/ntplib.py": "4da8f970656505a40483206ef2b5d3dd5e81711d", "lib/server.py": "c7af63c31bb2fbedea4345f571f6e3507d268ada", "lib/source_hashes.py": "60a2e02193209e8d392803326208d5466342da18", "lib/summary.py": "aa92f0a3f975eecd44d3c0cd0236342ccc9f941d", "lib/time_sync.py": "122eba67a9abc85635223e054def53be1367ade2", "server.py": "c3f90f2f7eeb4db30727556d0c815ebc89b3d28b", "tests/unit/__init__.py": "da39a3ee5e6b4b0d3255bfef95601890afd80709", "tests/unit/test_server.py": "948c1995d4008bc2aa6c4046a34ffa3858d6d671", "tests/unit/test_source_hashes.py": "00468a2907583c593e6574a1f6b404e4651c221a"}, "modules": {"ptd_client_server.lib.client": "lib/client.py", "ptd_client_server.lib.common": "lib/common.py", "ptd_client_server.lib.external.ntplib": "lib/external/ntplib.py", "ptd_client_server.lib.source_hashes": "lib/source_hashes.py", "ptd_client_server.lib.summary": "lib/summary.py", "ptd_client_server.lib.time_sync": "lib/time_sync.py"}}
client 2023-08-05 23:39:10,924 [INFO] Running workload in ranging mode
client 2023-08-05 23:39:10,924 [INFO] Synchronizing with the server and with time.google.com...
client 2023-08-05 23:39:10,938 [INFO] NTP:offset = 0.001 s, delay = 0.013 s 
client 2023-08-05 23:39:10,938 [INFO] Sending command to the server: 'time'
client 2023-08-05 23:39:10,943 [INFO] Got response: '1691275150.8084347'
client 2023-08-05 23:39:10,943 [INFO] The time difference between the client and the server is within range 129.885 ms..135.106 ms
client 2023-08-05 23:39:10,943 [INFO] Sending command to the server: 'session,2023-08-05_23-39-10,start,ranging'
client 2023-08-05 23:39:39,680 [INFO] Got response: 'OK'
client 2023-08-05 23:39:39,680 [INFO] Sending command to the server: 'time'
client 2023-08-05 23:39:39,693 [INFO] Got response: '1691275179.549786'
client 2023-08-05 23:39:39,693 [INFO] The time difference between the client and the server is within range 130.625 ms..143.844 ms
client 2023-08-05 23:39:39,693 [INFO] Running the workload 'CM_MLPERF_RUN_COUNT=$(cat ${CM_RUN_DIR}/count.txt); echo ${CM_MLPERF_RUN_COUNT}; CM_MLPERF_RUN_COUNT=$((CM_MLPERF_RUN_COUNT+1)); echo ${CM_MLPERF_RUN_COUNT} > ${CM_RUN_DIR}/count.txt && if [ ${CM_MLPERF_RUN_COUNT} -eq "1" ]; then export CM_MLPERF_USER_CONF=${CM_MLPERF_RANGING_USER_CONF}; else export CM_MLPERF_USER_CONF=${CM_MLPERF_TESTING_USER_CONF}; fi && /mount/CM/repos/ctuning@mlcommons-ck/cm-mlops/script/run-all-mlperf-models/run.out'
client 2023-08-05 23:44:40,949 [INFO] Sending command to the server: 'time'
client 2023-08-05 23:44:40,956 [INFO] Got response: '1691275480.8195493'
client 2023-08-05 23:44:40,956 [INFO] The time difference between the client and the server is within range 129.890 ms..136.860 ms
client 2023-08-05 23:44:40,956 [INFO] Sending command to the server: 'session,2023-08-05_23-39-10,stop,ranging'
client 2023-08-05 23:44:52,020 [INFO] Got response: 'OK'
client 2023-08-05 23:44:52,020 [INFO] Sending command to the server: 'time'
client 2023-08-05 23:44:52,023 [INFO] Got response: '1691275491.8897946'
client 2023-08-05 23:44:52,023 [INFO] The time difference between the client and the server is within range 130.773 ms..133.475 ms
client 2023-08-05 23:44:52,026 [INFO] Copying loadgen logs from '/home/arjun/mobilenet_results/valid_results/orin-tflite_cpp-cpu-tflite-vmaster-default_config/mobilenet-v1-precision_uint8-0.75-128/singlestream/performance/run_1' to '/home/arjun/mobilenet_results/valid_results/orin-tflite_cpp-cpu-tflite-vmaster-default_config/mobilenet-v1-precision_uint8-0.75-128/singlestream/performance/tmp_power/ranging'
client 2023-08-05 23:44:52,027 [INFO] Running workload in testing mode
client 2023-08-05 23:44:52,027 [INFO] Synchronizing with the server and with time.google.com...
client 2023-08-05 23:44:52,044 [INFO] NTP:offset = 0.000 s, delay = 0.015 s 
client 2023-08-05 23:44:52,044 [INFO] Sending command to the server: 'time'
client 2023-08-05 23:44:52,047 [INFO] Got response: '1691275491.9106083'
client 2023-08-05 23:44:52,047 [INFO] The time difference between the client and the server is within range 133.655 ms..136.569 ms
client 2023-08-05 23:44:52,047 [INFO] Sending command to the server: 'session,2023-08-05_23-39-10,start,testing'
client 2023-08-05 23:45:05,102 [INFO] Got response: 'OK'
client 2023-08-05 23:45:05,102 [INFO] Sending command to the server: 'time'
client 2023-08-05 23:45:05,114 [INFO] Got response: '1691275504.9723053'
client 2023-08-05 23:45:05,114 [INFO] The time difference between the client and the server is within range 130.530 ms..141.973 ms
client 2023-08-05 23:45:05,114 [INFO] Running the workload 'CM_MLPERF_RUN_COUNT=$(cat ${CM_RUN_DIR}/count.txt); echo ${CM_MLPERF_RUN_COUNT}; CM_MLPERF_RUN_COUNT=$((CM_MLPERF_RUN_COUNT+1)); echo ${CM_MLPERF_RUN_COUNT} > ${CM_RUN_DIR}/count.txt && if [ ${CM_MLPERF_RUN_COUNT} -eq "1" ]; then export CM_MLPERF_USER_CONF=${CM_MLPERF_RANGING_USER_CONF}; else export CM_MLPERF_USER_CONF=${CM_MLPERF_TESTING_USER_CONF}; fi && /mount/CM/repos/ctuning@mlcommons-ck/cm-mlops/script/run-all-mlperf-models/run.out'
client 2023-08-05 23:55:07,331 [INFO] Sending command to the server: 'time'
client 2023-08-05 23:55:07,340 [INFO] Got response: '1691276107.197912'
client 2023-08-05 23:55:07,340 [INFO] The time difference between the client and the server is within range 133.564 ms..142.690 ms
client 2023-08-05 23:55:07,340 [INFO] Sending command to the server: 'session,2023-08-05_23-39-10,stop,testing'
client 2023-08-05 23:55:18,177 [INFO] Got response: 'OK'
client 2023-08-05 23:55:18,178 [INFO] Sending command to the server: 'time'
client 2023-08-05 23:55:18,183 [INFO] Got response: '1691276118.0421505'
client 2023-08-05 23:55:18,183 [INFO] The time difference between the client and the server is within range 135.853 ms..141.488 ms
client 2023-08-05 23:55:18,184 [INFO] Copying loadgen logs from '/home/arjun/mobilenet_results/valid_results/orin-tflite_cpp-cpu-tflite-vmaster-default_config/mobilenet-v1-precision_uint8-0.75-128/singlestream/performance/run_1' to '/home/arjun/mobilenet_results/valid_results/orin-tflite_cpp-cpu-tflite-vmaster-default_config/mobilenet-v1-precision_uint8-0.75-128/singlestream/performance/tmp_power/run_1'
client 2023-08-05 23:55:18,185 [INFO] Done runs
