client 2023-07-12 20:23:12,739 [INFO] Creating output directory '/home/arjun/mobilenet_results/valid_results/orin-tflite_armnn_cpp-cpu-armnn_tflite-v23.05-using_neon/mobilenet-v1-precision_uint8-0.75-160/singlestream/performance/tmp_power'
client 2023-07-12 20:23:12,742 [INFO] Sending command to the server: 'mlcommons/power client v3'
client 2023-07-12 20:23:12,744 [INFO] Got response: 'mlcommons/power server v3'
client 2023-07-12 20:23:12,744 [INFO] Synchronizing with the server and with time.google.com...
client 2023-07-12 20:23:12,765 [INFO] NTP:offset = 0.009 s, delay = 0.015 s 
client 2023-07-12 20:23:12,765 [INFO] Sending command to the server: 'time'
client 2023-07-12 20:23:12,768 [INFO] Got response: '1689189792.7610693'
client 2023-07-12 20:23:12,768 [INFO] The time difference between the client and the server is within range 4.309 ms..7.192 ms
client 2023-07-12 20:23:12,768 [INFO] Sending command to the server: 'new,,458f8244-824b-4e9a-8a49-3a60e48891f0'
client 2023-07-12 20:23:12,770 [INFO] Got response: 'OK 2023-07-12_20-23-12,dee9d526-626b-4f6c-8580-7388e4f20dcc'
client 2023-07-12 20:23:12,770 [INFO] Session id is '2023-07-12_20-23-12'
client 2023-07-12 20:23:12,771 [INFO] Sources: {"sources": {"__init__.py": "da39a3ee5e6b4b0d3255bfef95601890afd80709", "client.py": "33ca4f26368777ac06e01f9567b714a4b8063886", "lib/__init__.py": "da39a3ee5e6b4b0d3255bfef95601890afd80709", "lib/client.py": "ac2aa093c8e8bbc9569b9e2a3471bc64e58a2258", "lib/common.py": "611d8b29633d331eb19c9455ea3b5fa3284ed6df", "lib/external/__init__.py": "da39a3ee5e6b4b0d3255bfef95601890afd80709", "lib/external/ntplib.py": "4da8f970656505a40483206ef2b5d3dd5e81711d", "lib/server.py": "c7af63c31bb2fbedea4345f571f6e3507d268ada", "lib/source_hashes.py": "60a2e02193209e8d392803326208d5466342da18", "lib/summary.py": "aa92f0a3f975eecd44d3c0cd0236342ccc9f941d", "lib/time_sync.py": "122eba67a9abc85635223e054def53be1367ade2", "server.py": "c3f90f2f7eeb4db30727556d0c815ebc89b3d28b", "tests/unit/__init__.py": "da39a3ee5e6b4b0d3255bfef95601890afd80709", "tests/unit/test_server.py": "948c1995d4008bc2aa6c4046a34ffa3858d6d671", "tests/unit/test_source_hashes.py": "00468a2907583c593e6574a1f6b404e4651c221a"}, "modules": {"ptd_client_server.lib.client": "lib/client.py", "ptd_client_server.lib.common": "lib/common.py", "ptd_client_server.lib.external.ntplib": "lib/external/ntplib.py", "ptd_client_server.lib.source_hashes": "lib/source_hashes.py", "ptd_client_server.lib.summary": "lib/summary.py", "ptd_client_server.lib.time_sync": "lib/time_sync.py"}}
client 2023-07-12 20:23:12,771 [INFO] Running workload in ranging mode
client 2023-07-12 20:23:12,771 [INFO] Synchronizing with the server and with time.google.com...
client 2023-07-12 20:23:12,787 [INFO] NTP:offset = 0.009 s, delay = 0.015 s 
client 2023-07-12 20:23:12,787 [INFO] Sending command to the server: 'time'
client 2023-07-12 20:23:12,790 [INFO] Got response: '1689189792.7817721'
client 2023-07-12 20:23:12,790 [INFO] The time difference between the client and the server is within range 6.135 ms..8.823 ms
client 2023-07-12 20:23:12,790 [INFO] Sending command to the server: 'session,2023-07-12_20-23-12,start,ranging'
client 2023-07-12 20:23:41,503 [INFO] Got response: 'OK'
client 2023-07-12 20:23:41,504 [INFO] Sending command to the server: 'time'
client 2023-07-12 20:23:41,510 [INFO] Got response: '1689189821.4975889'
client 2023-07-12 20:23:41,510 [INFO] The time difference between the client and the server is within range 7.129 ms..12.933 ms
client 2023-07-12 20:23:41,510 [INFO] Running the workload 'CM_MLPERF_RUN_COUNT=$(cat ${CM_RUN_DIR}/count.txt); echo ${CM_MLPERF_RUN_COUNT}; CM_MLPERF_RUN_COUNT=$((CM_MLPERF_RUN_COUNT+1)); echo ${CM_MLPERF_RUN_COUNT} > ${CM_RUN_DIR}/count.txt && if [ ${CM_MLPERF_RUN_COUNT} -eq "1" ]; then export CM_MLPERF_USER_CONF=${CM_MLPERF_RANGING_USER_CONF}; else export CM_MLPERF_USER_CONF=${CM_MLPERF_TESTING_USER_CONF}; fi && /home/arjun/run.out'
client 2023-07-12 20:28:43,210 [INFO] Sending command to the server: 'time'
client 2023-07-12 20:28:43,227 [INFO] Got response: '1689190123.2144723'
client 2023-07-12 20:28:43,228 [INFO] The time difference between the client and the server is within range -4.271 ms..13.779 ms
client 2023-07-12 20:28:43,228 [INFO] Sending command to the server: 'session,2023-07-12_20-23-12,stop,ranging'
client 2023-07-12 20:28:53,572 [INFO] Got response: 'OK'
client 2023-07-12 20:28:53,573 [INFO] Sending command to the server: 'time'
client 2023-07-12 20:28:53,577 [INFO] Got response: '1689190133.5654838'
client 2023-07-12 20:28:53,577 [INFO] The time difference between the client and the server is within range 7.876 ms..12.050 ms
client 2023-07-12 20:28:53,603 [INFO] Copying loadgen logs from '/home/arjun/mobilenet_results/valid_results/orin-tflite_armnn_cpp-cpu-armnn_tflite-v23.05-using_neon/mobilenet-v1-precision_uint8-0.75-160/singlestream/performance/run_1' to '/home/arjun/mobilenet_results/valid_results/orin-tflite_armnn_cpp-cpu-armnn_tflite-v23.05-using_neon/mobilenet-v1-precision_uint8-0.75-160/singlestream/performance/tmp_power/ranging'
client 2023-07-12 20:28:53,605 [INFO] Running workload in testing mode
client 2023-07-12 20:28:53,605 [INFO] Synchronizing with the server and with time.google.com...
client 2023-07-12 20:28:53,627 [INFO] NTP:offset = 0.009 s, delay = 0.016 s 
client 2023-07-12 20:28:53,627 [INFO] Sending command to the server: 'time'
client 2023-07-12 20:28:53,631 [INFO] Got response: '1689190133.617165'
client 2023-07-12 20:28:53,631 [INFO] The time difference between the client and the server is within range 10.348 ms..14.679 ms
client 2023-07-12 20:28:53,632 [INFO] Sending command to the server: 'session,2023-07-12_20-23-12,start,testing'
client 2023-07-12 20:29:06,674 [INFO] Got response: 'OK'
client 2023-07-12 20:29:06,675 [INFO] Sending command to the server: 'time'
client 2023-07-12 20:29:06,692 [INFO] Got response: '1689190146.6732788'
client 2023-07-12 20:29:06,692 [INFO] The time difference between the client and the server is within range 1.990 ms..19.546 ms
client 2023-07-12 20:29:06,693 [INFO] Running the workload 'CM_MLPERF_RUN_COUNT=$(cat ${CM_RUN_DIR}/count.txt); echo ${CM_MLPERF_RUN_COUNT}; CM_MLPERF_RUN_COUNT=$((CM_MLPERF_RUN_COUNT+1)); echo ${CM_MLPERF_RUN_COUNT} > ${CM_RUN_DIR}/count.txt && if [ ${CM_MLPERF_RUN_COUNT} -eq "1" ]; then export CM_MLPERF_USER_CONF=${CM_MLPERF_RANGING_USER_CONF}; else export CM_MLPERF_USER_CONF=${CM_MLPERF_TESTING_USER_CONF}; fi && /home/arjun/run.out'
client 2023-07-12 20:39:09,721 [INFO] Sending command to the server: 'time'
client 2023-07-12 20:39:09,726 [INFO] Got response: '1689190749.708989'
client 2023-07-12 20:39:09,727 [INFO] The time difference between the client and the server is within range 12.644 ms..18.200 ms
client 2023-07-12 20:39:09,727 [INFO] Sending command to the server: 'session,2023-07-12_20-23-12,stop,testing'
client 2023-07-12 20:39:21,178 [INFO] Got response: 'OK'
client 2023-07-12 20:39:21,178 [INFO] Sending command to the server: 'time'
client 2023-07-12 20:39:21,184 [INFO] Got response: '1689190761.1688237'
client 2023-07-12 20:39:21,185 [INFO] The time difference between the client and the server is within range 10.041 ms..16.240 ms
client 2023-07-12 20:39:21,189 [INFO] Copying loadgen logs from '/home/arjun/mobilenet_results/valid_results/orin-tflite_armnn_cpp-cpu-armnn_tflite-v23.05-using_neon/mobilenet-v1-precision_uint8-0.75-160/singlestream/performance/run_1' to '/home/arjun/mobilenet_results/valid_results/orin-tflite_armnn_cpp-cpu-armnn_tflite-v23.05-using_neon/mobilenet-v1-precision_uint8-0.75-160/singlestream/performance/tmp_power/run_1'
client 2023-07-12 20:39:21,191 [INFO] Done runs
