client 2023-07-29 01:17:11,379 [INFO] Creating output directory '/home/arjun/results_dir/valid_results/orin-nvidia_original-gpu-tensorrt-vdefault-default_config/3d-unet-99/singlestream/performance/tmp_power'
client 2023-07-29 01:17:11,387 [INFO] Sending command to the server: 'mlcommons/power client v3'
client 2023-07-29 01:17:11,392 [INFO] Got response: 'mlcommons/power server v3'
client 2023-07-29 01:17:11,393 [INFO] Synchronizing with the server and with time.google.com...
client 2023-07-29 01:17:11,460 [INFO] NTP:offset = 0.007 s, delay = 0.016 s 
client 2023-07-29 01:17:11,461 [INFO] Sending command to the server: 'time'
client 2023-07-29 01:17:11,465 [INFO] Got response: '1690589831.4296637'
client 2023-07-29 01:17:11,465 [INFO] The time difference between the client and the server is within range 31.468 ms..35.916 ms
client 2023-07-29 01:17:11,465 [INFO] Sending command to the server: 'new,,69f97642-df91-476f-9104-59ccc0dbb6b2'
client 2023-07-29 01:17:11,468 [INFO] Got response: 'OK 2023-07-29_01-17-11,23fda6c7-8985-4bfe-8884-d9ee541f2e2b'
client 2023-07-29 01:17:11,468 [INFO] Session id is '2023-07-29_01-17-11'
client 2023-07-29 01:17:11,469 [INFO] Sources: {"sources": {"__init__.py": "da39a3ee5e6b4b0d3255bfef95601890afd80709", "client.py": "33ca4f26368777ac06e01f9567b714a4b8063886", "lib/__init__.py": "da39a3ee5e6b4b0d3255bfef95601890afd80709", "lib/client.py": "ac2aa093c8e8bbc9569b9e2a3471bc64e58a2258", "lib/common.py": "611d8b29633d331eb19c9455ea3b5fa3284ed6df", "lib/external/__init__.py": "da39a3ee5e6b4b0d3255bfef95601890afd80709", "lib/external/ntplib.py": "4da8f970656505a40483206ef2b5d3dd5e81711d", "lib/server.py": "c7af63c31bb2fbedea4345f571f6e3507d268ada", "lib/source_hashes.py": "60a2e02193209e8d392803326208d5466342da18", "lib/summary.py": "aa92f0a3f975eecd44d3c0cd0236342ccc9f941d", "lib/time_sync.py": "122eba67a9abc85635223e054def53be1367ade2", "server.py": "c3f90f2f7eeb4db30727556d0c815ebc89b3d28b", "tests/unit/__init__.py": "da39a3ee5e6b4b0d3255bfef95601890afd80709", "tests/unit/test_server.py": "948c1995d4008bc2aa6c4046a34ffa3858d6d671", "tests/unit/test_source_hashes.py": "00468a2907583c593e6574a1f6b404e4651c221a"}, "modules": {"ptd_client_server.lib.client": "lib/client.py", "ptd_client_server.lib.common": "lib/common.py", "ptd_client_server.lib.external.ntplib": "lib/external/ntplib.py", "ptd_client_server.lib.source_hashes": "lib/source_hashes.py", "ptd_client_server.lib.summary": "lib/summary.py", "ptd_client_server.lib.time_sync": "lib/time_sync.py"}}
client 2023-07-29 01:17:11,469 [INFO] Running workload in ranging mode
client 2023-07-29 01:17:11,469 [INFO] Synchronizing with the server and with time.google.com...
client 2023-07-29 01:17:11,489 [INFO] NTP:offset = 0.006 s, delay = 0.018 s 
client 2023-07-29 01:17:11,489 [INFO] Sending command to the server: 'time'
client 2023-07-29 01:17:11,492 [INFO] Got response: '1690589831.459761'
client 2023-07-29 01:17:11,492 [INFO] The time difference between the client and the server is within range 29.792 ms..33.192 ms
client 2023-07-29 01:17:11,493 [INFO] Sending command to the server: 'session,2023-07-29_01-17-11,start,ranging'
client 2023-07-29 01:17:40,216 [INFO] Got response: 'OK'
client 2023-07-29 01:17:40,217 [INFO] Sending command to the server: 'time'
client 2023-07-29 01:17:40,232 [INFO] Got response: '1690589860.189996'
client 2023-07-29 01:17:40,233 [INFO] The time difference between the client and the server is within range 27.619 ms..43.079 ms
client 2023-07-29 01:17:40,233 [INFO] Running the workload 'CM_MLPERF_RUN_COUNT=$(cat ${CM_RUN_DIR}/count.txt); echo ${CM_MLPERF_RUN_COUNT}; CM_MLPERF_RUN_COUNT=$((CM_MLPERF_RUN_COUNT+1)); echo ${CM_MLPERF_RUN_COUNT} > ${CM_RUN_DIR}/count.txt && if [ ${CM_MLPERF_RUN_COUNT} -eq "1" ]; then export CM_MLPERF_USER_CONF=${CM_MLPERF_RANGING_USER_CONF}; else export CM_MLPERF_USER_CONF=${CM_MLPERF_TESTING_USER_CONF}; fi && make run_harness RUN_ARGS=" --benchmarks=3d-unet --scenarios=singlestream --test_mode=PerformanceOnly --single_stream_expected_latency_ns=4000000000 --config_ver=maxq --user_conf_path=${CM_MLPERF_USER_CONF} --mlperf_conf_path=/mount/CM/repos/local/cache/cedb99c765c24b90/inference/mlperf.conf --gpu_batch_size=1 --no_audit_verify "'
client 2023-07-29 01:24:07,528 [INFO] Sending command to the server: 'time'
client 2023-07-29 01:24:07,535 [INFO] Got response: '1690590247.4955263'
client 2023-07-29 01:24:07,535 [INFO] The time difference between the client and the server is within range 32.801 ms..39.859 ms
client 2023-07-29 01:24:07,535 [INFO] Sending command to the server: 'session,2023-07-29_01-17-11,stop,ranging'
client 2023-07-29 01:24:18,492 [INFO] Got response: 'OK'
client 2023-07-29 01:24:18,493 [INFO] Sending command to the server: 'time'
client 2023-07-29 01:24:18,498 [INFO] Got response: '1690590258.4608831'
client 2023-07-29 01:24:18,498 [INFO] The time difference between the client and the server is within range 32.097 ms..37.450 ms
client 2023-07-29 01:24:18,512 [INFO] Copying loadgen logs from '/home/arjun/results_dir/valid_results/orin-nvidia_original-gpu-tensorrt-vdefault-default_config/3d-unet-99/singlestream/performance/run_1' to '/home/arjun/results_dir/valid_results/orin-nvidia_original-gpu-tensorrt-vdefault-default_config/3d-unet-99/singlestream/performance/tmp_power/ranging'
client 2023-07-29 01:24:18,515 [INFO] Running workload in testing mode
client 2023-07-29 01:24:18,515 [INFO] Synchronizing with the server and with time.google.com...
client 2023-07-29 01:24:18,538 [INFO] NTP:offset = 0.005 s, delay = 0.018 s 
client 2023-07-29 01:24:18,538 [INFO] Sending command to the server: 'time'
client 2023-07-29 01:24:18,542 [INFO] Got response: '1690590258.5012095'
client 2023-07-29 01:24:18,542 [INFO] The time difference between the client and the server is within range 37.116 ms..41.120 ms
client 2023-07-29 01:24:18,542 [INFO] Sending command to the server: 'session,2023-07-29_01-17-11,start,testing'
client 2023-07-29 01:24:31,583 [INFO] Got response: 'OK'
client 2023-07-29 01:24:31,583 [INFO] Sending command to the server: 'time'
client 2023-07-29 01:24:31,588 [INFO] Got response: '1690590271.5486128'
client 2023-07-29 01:24:31,588 [INFO] The time difference between the client and the server is within range 34.907 ms..39.588 ms
client 2023-07-29 01:24:31,588 [INFO] Running the workload 'CM_MLPERF_RUN_COUNT=$(cat ${CM_RUN_DIR}/count.txt); echo ${CM_MLPERF_RUN_COUNT}; CM_MLPERF_RUN_COUNT=$((CM_MLPERF_RUN_COUNT+1)); echo ${CM_MLPERF_RUN_COUNT} > ${CM_RUN_DIR}/count.txt && if [ ${CM_MLPERF_RUN_COUNT} -eq "1" ]; then export CM_MLPERF_USER_CONF=${CM_MLPERF_RANGING_USER_CONF}; else export CM_MLPERF_USER_CONF=${CM_MLPERF_TESTING_USER_CONF}; fi && make run_harness RUN_ARGS=" --benchmarks=3d-unet --scenarios=singlestream --test_mode=PerformanceOnly --single_stream_expected_latency_ns=4000000000 --config_ver=maxq --user_conf_path=${CM_MLPERF_USER_CONF} --mlperf_conf_path=/mount/CM/repos/local/cache/cedb99c765c24b90/inference/mlperf.conf --gpu_batch_size=1 --no_audit_verify "'
client 2023-07-29 01:39:09,831 [INFO] Sending command to the server: 'time'
client 2023-07-29 01:39:09,840 [INFO] Got response: '1690591149.7793229'
client 2023-07-29 01:39:09,841 [INFO] The time difference between the client and the server is within range 51.754 ms..62.002 ms
client 2023-07-29 01:39:09,842 [INFO] Sending command to the server: 'session,2023-07-29_01-17-11,stop,testing'
client 2023-07-29 01:39:20,691 [INFO] Got response: 'OK'
client 2023-07-29 01:39:20,692 [INFO] Sending command to the server: 'time'
client 2023-07-29 01:39:20,697 [INFO] Got response: '1690591160.644487'
client 2023-07-29 01:39:20,697 [INFO] The time difference between the client and the server is within range 47.835 ms..52.878 ms
client 2023-07-29 01:39:20,701 [INFO] Copying loadgen logs from '/home/arjun/results_dir/valid_results/orin-nvidia_original-gpu-tensorrt-vdefault-default_config/3d-unet-99/singlestream/performance/run_1' to '/home/arjun/results_dir/valid_results/orin-nvidia_original-gpu-tensorrt-vdefault-default_config/3d-unet-99/singlestream/performance/tmp_power/run_1'
client 2023-07-29 01:39:20,703 [INFO] Done runs
