client 2023-09-02 02:02:11,174 [INFO] Creating output directory '/home/arjun/results_dir/valid_results/phoenix_Amd_Am5-reference-cpu-deepsparse-vdefault-default_config/bert-large-base-none-bert-99/singlestream/performance/tmp_power'
client 2023-09-02 02:02:11,177 [INFO] Sending command to the server: 'mlcommons/power client v3'
client 2023-09-02 02:02:11,179 [INFO] Got response: 'mlcommons/power server v3'
client 2023-09-02 02:02:11,179 [INFO] Synchronizing with the server and with time.google.com...
client 2023-09-02 02:02:11,195 [INFO] NTP:offset = -0.001 s, delay = 0.015 s 
client 2023-09-02 02:02:11,195 [INFO] Sending command to the server: 'time'
client 2023-09-02 02:02:11,198 [INFO] Got response: '1693616531.1984007'
client 2023-09-02 02:02:11,198 [INFO] The time difference between the client and the server is within range -2.657 ms..0.512 ms
client 2023-09-02 02:02:11,198 [INFO] Sending command to the server: 'new,,0bc7d0f8-9086-49a9-8bed-74dd840e4ffb'
client 2023-09-02 02:02:11,201 [INFO] Got response: 'OK 2023-09-02_01-02-11,5c10e30a-fd76-42aa-bb28-433e68619b45'
client 2023-09-02 02:02:11,201 [INFO] Session id is '2023-09-02_01-02-11'
client 2023-09-02 02:02:11,202 [INFO] Sources: {"sources": {"__init__.py": "da39a3ee5e6b4b0d3255bfef95601890afd80709", "client.py": "33ca4f26368777ac06e01f9567b714a4b8063886", "lib/__init__.py": "da39a3ee5e6b4b0d3255bfef95601890afd80709", "lib/client.py": "ac2aa093c8e8bbc9569b9e2a3471bc64e58a2258", "lib/common.py": "611d8b29633d331eb19c9455ea3b5fa3284ed6df", "lib/external/__init__.py": "da39a3ee5e6b4b0d3255bfef95601890afd80709", "lib/external/ntplib.py": "4da8f970656505a40483206ef2b5d3dd5e81711d", "lib/server.py": "c7af63c31bb2fbedea4345f571f6e3507d268ada", "lib/source_hashes.py": "60a2e02193209e8d392803326208d5466342da18", "lib/summary.py": "aa92f0a3f975eecd44d3c0cd0236342ccc9f941d", "lib/time_sync.py": "122eba67a9abc85635223e054def53be1367ade2", "server.py": "c3f90f2f7eeb4db30727556d0c815ebc89b3d28b", "tests/unit/__init__.py": "da39a3ee5e6b4b0d3255bfef95601890afd80709", "tests/unit/test_server.py": "948c1995d4008bc2aa6c4046a34ffa3858d6d671", "tests/unit/test_source_hashes.py": "00468a2907583c593e6574a1f6b404e4651c221a"}, "modules": {"ptd_client_server.lib.client": "lib/client.py", "ptd_client_server.lib.common": "lib/common.py", "ptd_client_server.lib.external.ntplib": "lib/external/ntplib.py", "ptd_client_server.lib.source_hashes": "lib/source_hashes.py", "ptd_client_server.lib.summary": "lib/summary.py", "ptd_client_server.lib.time_sync": "lib/time_sync.py"}}
client 2023-09-02 02:02:11,202 [INFO] Running workload in ranging mode
client 2023-09-02 02:02:11,202 [INFO] Synchronizing with the server and with time.google.com...
client 2023-09-02 02:02:11,216 [INFO] NTP:offset = -0.001 s, delay = 0.014 s 
client 2023-09-02 02:02:11,216 [INFO] Sending command to the server: 'time'
client 2023-09-02 02:02:11,218 [INFO] Got response: '1693616531.2188802'
client 2023-09-02 02:02:11,218 [INFO] The time difference between the client and the server is within range -2.191 ms..-0.360 ms
client 2023-09-02 02:02:11,218 [INFO] Sending command to the server: 'session,2023-09-02_01-02-11,start,ranging'
client 2023-09-02 02:02:39,308 [INFO] Got response: 'OK'
client 2023-09-02 02:02:39,308 [INFO] Sending command to the server: 'time'
client 2023-09-02 02:02:39,310 [INFO] Got response: '1693616559.310546'
client 2023-09-02 02:02:39,310 [INFO] The time difference between the client and the server is within range -1.766 ms..-0.152 ms
client 2023-09-02 02:02:39,310 [INFO] Running the workload 'CM_MLPERF_RUN_COUNT=$(cat ${CM_RUN_DIR}/count.txt); echo ${CM_MLPERF_RUN_COUNT}; CM_MLPERF_RUN_COUNT=$((CM_MLPERF_RUN_COUNT+1)); echo ${CM_MLPERF_RUN_COUNT} > ${CM_RUN_DIR}/count.txt && if [ ${CM_MLPERF_RUN_COUNT} -eq "1" ]; then export CM_MLPERF_USER_CONF=${CM_MLPERF_RANGING_USER_CONF}; else export CM_MLPERF_USER_CONF=${CM_MLPERF_TESTING_USER_CONF}; fi && /usr/bin/python3 run.py --backend=deepsparse --scenario=SingleStream --mlperf_conf "/home/arjun/CM/repos/local/cache/c90a1dd626e44096/inference/mlperf.conf" --user_conf "${CM_MLPERF_USER_CONF}" --quantized --batch_size=1 --model_path=/home/arjun/.cache/sparsezoo/0a33f4c5-a29f-4cb1-bb05-8c7d86528cf6/model.onnx'
client 2023-09-02 02:09:02,593 [INFO] Sending command to the server: 'time'
client 2023-09-02 02:09:02,594 [INFO] Got response: '1693616942.5951998'
client 2023-09-02 02:09:02,594 [INFO] The time difference between the client and the server is within range -1.659 ms..-0.536 ms
client 2023-09-02 02:09:02,594 [INFO] Sending command to the server: 'session,2023-09-02_01-02-11,stop,ranging'
client 2023-09-02 02:09:13,399 [INFO] Got response: 'OK'
client 2023-09-02 02:09:13,400 [INFO] Sending command to the server: 'time'
client 2023-09-02 02:09:13,401 [INFO] Got response: '1693616953.4014912'
client 2023-09-02 02:09:13,401 [INFO] The time difference between the client and the server is within range -1.454 ms..0.217 ms
client 2023-09-02 02:09:13,403 [INFO] Copying loadgen logs from '/home/arjun/results_dir/valid_results/phoenix_Amd_Am5-reference-cpu-deepsparse-vdefault-default_config/bert-large-base-none-bert-99/singlestream/performance/run_1' to '/home/arjun/results_dir/valid_results/phoenix_Amd_Am5-reference-cpu-deepsparse-vdefault-default_config/bert-large-base-none-bert-99/singlestream/performance/tmp_power/ranging'
client 2023-09-02 02:09:13,410 [INFO] Running workload in testing mode
client 2023-09-02 02:09:13,410 [INFO] Synchronizing with the server and with time.google.com...
client 2023-09-02 02:09:13,428 [INFO] NTP:offset = -0.001 s, delay = 0.017 s 
client 2023-09-02 02:09:13,428 [INFO] Sending command to the server: 'time'
client 2023-09-02 02:09:13,429 [INFO] Got response: '1693616953.430416'
client 2023-09-02 02:09:13,429 [INFO] The time difference between the client and the server is within range -1.677 ms..-0.454 ms
client 2023-09-02 02:09:13,429 [INFO] Sending command to the server: 'session,2023-09-02_01-02-11,start,testing'
client 2023-09-02 02:09:26,445 [INFO] Got response: 'OK'
client 2023-09-02 02:09:26,445 [INFO] Sending command to the server: 'time'
client 2023-09-02 02:09:26,446 [INFO] Got response: '1693616966.4468966'
client 2023-09-02 02:09:26,446 [INFO] The time difference between the client and the server is within range -1.506 ms..-0.272 ms
client 2023-09-02 02:09:26,446 [INFO] Running the workload 'CM_MLPERF_RUN_COUNT=$(cat ${CM_RUN_DIR}/count.txt); echo ${CM_MLPERF_RUN_COUNT}; CM_MLPERF_RUN_COUNT=$((CM_MLPERF_RUN_COUNT+1)); echo ${CM_MLPERF_RUN_COUNT} > ${CM_RUN_DIR}/count.txt && if [ ${CM_MLPERF_RUN_COUNT} -eq "1" ]; then export CM_MLPERF_USER_CONF=${CM_MLPERF_RANGING_USER_CONF}; else export CM_MLPERF_USER_CONF=${CM_MLPERF_TESTING_USER_CONF}; fi && /usr/bin/python3 run.py --backend=deepsparse --scenario=SingleStream --mlperf_conf "/home/arjun/CM/repos/local/cache/c90a1dd626e44096/inference/mlperf.conf" --user_conf "${CM_MLPERF_USER_CONF}" --quantized --batch_size=1 --model_path=/home/arjun/.cache/sparsezoo/0a33f4c5-a29f-4cb1-bb05-8c7d86528cf6/model.onnx'
client 2023-09-02 02:20:49,924 [INFO] Sending command to the server: 'time'
client 2023-09-02 02:20:50,015 [INFO] Got response: '1693617650.0155177'
client 2023-09-02 02:20:50,015 [INFO] The time difference between the client and the server is within range -90.795 ms..-0.326 ms
client 2023-09-02 02:20:50,015 [INFO] Sending command to the server: 'session,2023-09-02_01-02-11,stop,testing'
client 2023-09-02 02:21:00,492 [INFO] Got response: 'OK'
client 2023-09-02 02:21:00,492 [INFO] Sending command to the server: 'time'
client 2023-09-02 02:21:00,493 [INFO] Got response: '1693617660.4936044'
client 2023-09-02 02:21:00,493 [INFO] The time difference between the client and the server is within range -1.328 ms..-0.221 ms
client 2023-09-02 02:21:00,493 [INFO] Copying loadgen logs from '/home/arjun/results_dir/valid_results/phoenix_Amd_Am5-reference-cpu-deepsparse-vdefault-default_config/bert-large-base-none-bert-99/singlestream/performance/run_1' to '/home/arjun/results_dir/valid_results/phoenix_Amd_Am5-reference-cpu-deepsparse-vdefault-default_config/bert-large-base-none-bert-99/singlestream/performance/tmp_power/run_1'
client 2023-09-02 02:21:00,494 [INFO] Done runs
