client 2023-08-06 09:10:55,742 [INFO] Creating output directory '/home/arjun/mobilenet_results/valid_results/orin-tflite_cpp-cpu-tflite-vmaster-default_config/mobilenet-v2-precision_float-0.5-192/singlestream/performance/tmp_power'
client 2023-08-06 09:10:55,744 [INFO] Sending command to the server: 'mlcommons/power client v3'
client 2023-08-06 09:10:55,746 [INFO] Got response: 'mlcommons/power server v3'
client 2023-08-06 09:10:55,746 [INFO] Synchronizing with the server and with time.google.com...
client 2023-08-06 09:10:55,772 [INFO] NTP:offset = 0.000 s, delay = 0.012 s 
client 2023-08-06 09:10:55,772 [INFO] Sending command to the server: 'time'
client 2023-08-06 09:10:55,775 [INFO] Got response: '1691309455.6205165'
client 2023-08-06 09:10:55,775 [INFO] The time difference between the client and the server is within range 152.251 ms..154.638 ms
client 2023-08-06 09:10:55,775 [INFO] Sending command to the server: 'new,,19cc8bda-f5aa-4448-ab18-145c209cab7b'
client 2023-08-06 09:10:55,777 [INFO] Got response: 'OK 2023-08-06_09-10-55,78405e73-d0c5-48e8-8771-f421610b8ef1'
client 2023-08-06 09:10:55,777 [INFO] Session id is '2023-08-06_09-10-55'
client 2023-08-06 09:10:55,778 [INFO] Sources: {"sources": {"__init__.py": "da39a3ee5e6b4b0d3255bfef95601890afd80709", "client.py": "33ca4f26368777ac06e01f9567b714a4b8063886", "lib/__init__.py": "da39a3ee5e6b4b0d3255bfef95601890afd80709", "lib/client.py": "ac2aa093c8e8bbc9569b9e2a3471bc64e58a2258", "lib/common.py": "611d8b29633d331eb19c9455ea3b5fa3284ed6df", "lib/external/__init__.py": "da39a3ee5e6b4b0d3255bfef95601890afd80709", "lib/external/ntplib.py": "4da8f970656505a40483206ef2b5d3dd5e81711d", "lib/server.py": "c7af63c31bb2fbedea4345f571f6e3507d268ada", "lib/source_hashes.py": "60a2e02193209e8d392803326208d5466342da18", "lib/summary.py": "aa92f0a3f975eecd44d3c0cd0236342ccc9f941d", "lib/time_sync.py": "122eba67a9abc85635223e054def53be1367ade2", "server.py": "c3f90f2f7eeb4db30727556d0c815ebc89b3d28b", "tests/unit/__init__.py": "da39a3ee5e6b4b0d3255bfef95601890afd80709", "tests/unit/test_server.py": "948c1995d4008bc2aa6c4046a34ffa3858d6d671", "tests/unit/test_source_hashes.py": "00468a2907583c593e6574a1f6b404e4651c221a"}, "modules": {"ptd_client_server.lib.client": "lib/client.py", "ptd_client_server.lib.common": "lib/common.py", "ptd_client_server.lib.external.ntplib": "lib/external/ntplib.py", "ptd_client_server.lib.source_hashes": "lib/source_hashes.py", "ptd_client_server.lib.summary": "lib/summary.py", "ptd_client_server.lib.time_sync": "lib/time_sync.py"}}
client 2023-08-06 09:10:55,778 [INFO] Running workload in ranging mode
client 2023-08-06 09:10:55,778 [INFO] Synchronizing with the server and with time.google.com...
client 2023-08-06 09:10:55,790 [INFO] NTP:offset = -0.000 s, delay = 0.011 s 
client 2023-08-06 09:10:55,790 [INFO] Sending command to the server: 'time'
client 2023-08-06 09:10:55,793 [INFO] Got response: '1691309455.6306102'
client 2023-08-06 09:10:55,793 [INFO] The time difference between the client and the server is within range 160.262 ms..162.917 ms
client 2023-08-06 09:10:55,793 [INFO] Sending command to the server: 'session,2023-08-06_09-10-55,start,ranging'
client 2023-08-06 09:11:24,513 [INFO] Got response: 'OK'
client 2023-08-06 09:11:24,513 [INFO] Sending command to the server: 'time'
client 2023-08-06 09:11:24,516 [INFO] Got response: '1691309484.361429'
client 2023-08-06 09:11:24,517 [INFO] The time difference between the client and the server is within range 151.895 ms..155.582 ms
client 2023-08-06 09:11:24,517 [INFO] Running the workload 'CM_MLPERF_RUN_COUNT=$(cat ${CM_RUN_DIR}/count.txt); echo ${CM_MLPERF_RUN_COUNT}; CM_MLPERF_RUN_COUNT=$((CM_MLPERF_RUN_COUNT+1)); echo ${CM_MLPERF_RUN_COUNT} > ${CM_RUN_DIR}/count.txt && if [ ${CM_MLPERF_RUN_COUNT} -eq "1" ]; then export CM_MLPERF_USER_CONF=${CM_MLPERF_RANGING_USER_CONF}; else export CM_MLPERF_USER_CONF=${CM_MLPERF_TESTING_USER_CONF}; fi && /mount/CM/repos/ctuning@mlcommons-ck/cm-mlops/script/run-all-mlperf-models/run.out'
client 2023-08-06 09:16:25,842 [INFO] Sending command to the server: 'time'
client 2023-08-06 09:16:25,851 [INFO] Got response: '1691309785.6888678'
client 2023-08-06 09:16:25,851 [INFO] The time difference between the client and the server is within range 153.939 ms..162.505 ms
client 2023-08-06 09:16:25,851 [INFO] Sending command to the server: 'session,2023-08-06_09-10-55,stop,ranging'
client 2023-08-06 09:16:36,644 [INFO] Got response: 'OK'
client 2023-08-06 09:16:36,644 [INFO] Sending command to the server: 'time'
client 2023-08-06 09:16:36,646 [INFO] Got response: '1691309796.488659'
client 2023-08-06 09:16:36,646 [INFO] The time difference between the client and the server is within range 156.071 ms..158.275 ms
client 2023-08-06 09:16:36,650 [INFO] Copying loadgen logs from '/home/arjun/mobilenet_results/valid_results/orin-tflite_cpp-cpu-tflite-vmaster-default_config/mobilenet-v2-precision_float-0.5-192/singlestream/performance/run_1' to '/home/arjun/mobilenet_results/valid_results/orin-tflite_cpp-cpu-tflite-vmaster-default_config/mobilenet-v2-precision_float-0.5-192/singlestream/performance/tmp_power/ranging'
client 2023-08-06 09:16:36,651 [INFO] Running workload in testing mode
client 2023-08-06 09:16:36,651 [INFO] Synchronizing with the server and with time.google.com...
client 2023-08-06 09:16:36,667 [INFO] NTP:offset = -0.001 s, delay = 0.015 s 
client 2023-08-06 09:16:36,667 [INFO] Sending command to the server: 'time'
client 2023-08-06 09:16:36,669 [INFO] Got response: '1691309796.50907'
client 2023-08-06 09:16:36,669 [INFO] The time difference between the client and the server is within range 158.377 ms..160.815 ms
client 2023-08-06 09:16:36,669 [INFO] Sending command to the server: 'session,2023-08-06_09-10-55,start,testing'
client 2023-08-06 09:16:49,713 [INFO] Got response: 'OK'
client 2023-08-06 09:16:49,713 [INFO] Sending command to the server: 'time'
client 2023-08-06 09:16:49,716 [INFO] Got response: '1691309809.559403'
client 2023-08-06 09:16:49,716 [INFO] The time difference between the client and the server is within range 153.943 ms..157.473 ms
client 2023-08-06 09:16:49,716 [INFO] Running the workload 'CM_MLPERF_RUN_COUNT=$(cat ${CM_RUN_DIR}/count.txt); echo ${CM_MLPERF_RUN_COUNT}; CM_MLPERF_RUN_COUNT=$((CM_MLPERF_RUN_COUNT+1)); echo ${CM_MLPERF_RUN_COUNT} > ${CM_RUN_DIR}/count.txt && if [ ${CM_MLPERF_RUN_COUNT} -eq "1" ]; then export CM_MLPERF_USER_CONF=${CM_MLPERF_RANGING_USER_CONF}; else export CM_MLPERF_USER_CONF=${CM_MLPERF_TESTING_USER_CONF}; fi && /mount/CM/repos/ctuning@mlcommons-ck/cm-mlops/script/run-all-mlperf-models/run.out'
client 2023-08-06 09:26:51,851 [INFO] Sending command to the server: 'time'
client 2023-08-06 09:26:51,857 [INFO] Got response: '1691310411.6894782'
client 2023-08-06 09:26:51,857 [INFO] The time difference between the client and the server is within range 161.824 ms..168.359 ms
client 2023-08-06 09:26:51,857 [INFO] Sending command to the server: 'session,2023-08-06_09-10-55,stop,testing'
client 2023-08-06 09:27:03,266 [INFO] Got response: 'OK'
client 2023-08-06 09:27:03,267 [INFO] Sending command to the server: 'time'
client 2023-08-06 09:27:03,280 [INFO] Got response: '1691310423.116406'
client 2023-08-06 09:27:03,280 [INFO] The time difference between the client and the server is within range 150.739 ms..164.573 ms
client 2023-08-06 09:27:03,281 [INFO] Copying loadgen logs from '/home/arjun/mobilenet_results/valid_results/orin-tflite_cpp-cpu-tflite-vmaster-default_config/mobilenet-v2-precision_float-0.5-192/singlestream/performance/run_1' to '/home/arjun/mobilenet_results/valid_results/orin-tflite_cpp-cpu-tflite-vmaster-default_config/mobilenet-v2-precision_float-0.5-192/singlestream/performance/tmp_power/run_1'
client 2023-08-06 09:27:03,282 [INFO] Done runs
