client 2023-07-20 01:58:39,518 [INFO] Creating output directory '/home/arjun/mobilenet_results/valid_results/raspberrypi-tflite_armnn_cpp-cpu-armnn_tflite-v22.11-using_neon/mobilenet-v2-precision_uint8-0.75-224/singlestream/performance/tmp_power'
client 2023-07-20 01:58:39,521 [INFO] Sending command to the server: 'mlcommons/power client v3'
client 2023-07-20 01:58:39,525 [INFO] Got response: 'mlcommons/power server v3'
client 2023-07-20 01:58:39,525 [INFO] Synchronizing with the server and with time.google.com...
client 2023-07-20 01:58:39,576 [INFO] NTP:offset = -0.001 s, delay = 0.018 s 
client 2023-07-20 01:58:39,577 [INFO] Sending command to the server: 'time'
client 2023-07-20 01:58:39,582 [INFO] Got response: '1689814719.4309123'
client 2023-07-20 01:58:39,582 [INFO] The time difference between the client and the server is within range 146.398 ms..151.590 ms
client 2023-07-20 01:58:39,583 [INFO] Sending command to the server: 'new,,8a1b2239-7474-4444-8e0f-5853e0f7c32a'
client 2023-07-20 01:58:39,588 [INFO] Got response: 'OK 2023-07-20_01-58-39,8dc99739-386c-4bc4-afc7-9a29f4adfe4a'
client 2023-07-20 01:58:39,589 [INFO] Session id is '2023-07-20_01-58-39'
client 2023-07-20 01:58:39,589 [INFO] Sources: {"sources": {"__init__.py": "da39a3ee5e6b4b0d3255bfef95601890afd80709", "client.py": "33ca4f26368777ac06e01f9567b714a4b8063886", "lib/__init__.py": "da39a3ee5e6b4b0d3255bfef95601890afd80709", "lib/client.py": "ac2aa093c8e8bbc9569b9e2a3471bc64e58a2258", "lib/common.py": "611d8b29633d331eb19c9455ea3b5fa3284ed6df", "lib/external/__init__.py": "da39a3ee5e6b4b0d3255bfef95601890afd80709", "lib/external/ntplib.py": "4da8f970656505a40483206ef2b5d3dd5e81711d", "lib/server.py": "c7af63c31bb2fbedea4345f571f6e3507d268ada", "lib/source_hashes.py": "60a2e02193209e8d392803326208d5466342da18", "lib/summary.py": "aa92f0a3f975eecd44d3c0cd0236342ccc9f941d", "lib/time_sync.py": "122eba67a9abc85635223e054def53be1367ade2", "server.py": "c3f90f2f7eeb4db30727556d0c815ebc89b3d28b", "tests/unit/__init__.py": "da39a3ee5e6b4b0d3255bfef95601890afd80709", "tests/unit/test_server.py": "948c1995d4008bc2aa6c4046a34ffa3858d6d671", "tests/unit/test_source_hashes.py": "00468a2907583c593e6574a1f6b404e4651c221a"}, "modules": {"ptd_client_server.lib.client": "lib/client.py", "ptd_client_server.lib.common": "lib/common.py", "ptd_client_server.lib.external.ntplib": "lib/external/ntplib.py", "ptd_client_server.lib.source_hashes": "lib/source_hashes.py", "ptd_client_server.lib.summary": "lib/summary.py", "ptd_client_server.lib.time_sync": "lib/time_sync.py"}}
client 2023-07-20 01:58:39,590 [INFO] Running workload in ranging mode
client 2023-07-20 01:58:39,590 [INFO] Synchronizing with the server and with time.google.com...
client 2023-07-20 01:58:39,624 [INFO] NTP:offset = -0.002 s, delay = 0.015 s 
client 2023-07-20 01:58:39,625 [INFO] Sending command to the server: 'time'
client 2023-07-20 01:58:39,629 [INFO] Got response: '1689814719.4799578'
client 2023-07-20 01:58:39,630 [INFO] The time difference between the client and the server is within range 145.172 ms..150.088 ms
client 2023-07-20 01:58:39,630 [INFO] Sending command to the server: 'session,2023-07-20_01-58-39,start,ranging'
client 2023-07-20 01:59:08,293 [INFO] Got response: 'OK'
client 2023-07-20 01:59:08,293 [INFO] Sending command to the server: 'time'
client 2023-07-20 01:59:08,297 [INFO] Got response: '1689814748.147879'
client 2023-07-20 01:59:08,297 [INFO] The time difference between the client and the server is within range 145.780 ms..149.499 ms
client 2023-07-20 01:59:08,297 [INFO] Running the workload 'CM_MLPERF_RUN_COUNT=$(cat ${CM_RUN_DIR}/count.txt); echo ${CM_MLPERF_RUN_COUNT}; CM_MLPERF_RUN_COUNT=$((CM_MLPERF_RUN_COUNT+1)); echo ${CM_MLPERF_RUN_COUNT} > ${CM_RUN_DIR}/count.txt && if [ ${CM_MLPERF_RUN_COUNT} -eq "1" ]; then export CM_MLPERF_USER_CONF=${CM_MLPERF_RANGING_USER_CONF}; else export CM_MLPERF_USER_CONF=${CM_MLPERF_TESTING_USER_CONF}; fi && /home/arjun/CM/repos/ctuning@mlcommons-ck/cm-mlops/script/get-lib-armnn/run.out'
client 2023-07-20 02:04:21,142 [INFO] Sending command to the server: 'time'
client 2023-07-20 02:04:21,148 [INFO] Got response: '1689815060.9993885'
client 2023-07-20 02:04:21,148 [INFO] The time difference between the client and the server is within range 143.324 ms..149.012 ms
client 2023-07-20 02:04:21,148 [INFO] Sending command to the server: 'session,2023-07-20_01-58-39,stop,ranging'
client 2023-07-20 02:04:31,701 [INFO] Got response: 'OK'
client 2023-07-20 02:04:31,701 [INFO] Sending command to the server: 'time'
client 2023-07-20 02:04:31,704 [INFO] Got response: '1689815071.555886'
client 2023-07-20 02:04:31,705 [INFO] The time difference between the client and the server is within range 145.663 ms..149.278 ms
client 2023-07-20 02:04:31,743 [INFO] Copying loadgen logs from '/home/arjun/mobilenet_results/valid_results/raspberrypi-tflite_armnn_cpp-cpu-armnn_tflite-v22.11-using_neon/mobilenet-v2-precision_uint8-0.75-224/singlestream/performance/run_1' to '/home/arjun/mobilenet_results/valid_results/raspberrypi-tflite_armnn_cpp-cpu-armnn_tflite-v22.11-using_neon/mobilenet-v2-precision_uint8-0.75-224/singlestream/performance/tmp_power/ranging'
client 2023-07-20 02:04:31,746 [INFO] Running workload in testing mode
client 2023-07-20 02:04:31,746 [INFO] Synchronizing with the server and with time.google.com...
client 2023-07-20 02:04:31,782 [INFO] NTP:offset = -0.001 s, delay = 0.016 s 
client 2023-07-20 02:04:31,782 [INFO] Sending command to the server: 'time'
client 2023-07-20 02:04:31,786 [INFO] Got response: '1689815071.6387734'
client 2023-07-20 02:04:31,786 [INFO] The time difference between the client and the server is within range 144.047 ms..148.020 ms
client 2023-07-20 02:04:31,787 [INFO] Sending command to the server: 'session,2023-07-20_01-58-39,start,testing'
client 2023-07-20 02:04:44,827 [INFO] Got response: 'OK'
client 2023-07-20 02:04:44,828 [INFO] Sending command to the server: 'time'
client 2023-07-20 02:04:44,833 [INFO] Got response: '1689815084.6796508'
client 2023-07-20 02:04:44,833 [INFO] The time difference between the client and the server is within range 148.316 ms..153.994 ms
client 2023-07-20 02:04:44,833 [INFO] Running the workload 'CM_MLPERF_RUN_COUNT=$(cat ${CM_RUN_DIR}/count.txt); echo ${CM_MLPERF_RUN_COUNT}; CM_MLPERF_RUN_COUNT=$((CM_MLPERF_RUN_COUNT+1)); echo ${CM_MLPERF_RUN_COUNT} > ${CM_RUN_DIR}/count.txt && if [ ${CM_MLPERF_RUN_COUNT} -eq "1" ]; then export CM_MLPERF_USER_CONF=${CM_MLPERF_RANGING_USER_CONF}; else export CM_MLPERF_USER_CONF=${CM_MLPERF_TESTING_USER_CONF}; fi && /home/arjun/CM/repos/ctuning@mlcommons-ck/cm-mlops/script/get-lib-armnn/run.out'
client 2023-07-20 02:15:02,542 [INFO] Sending command to the server: 'time'
client 2023-07-20 02:15:02,548 [INFO] Got response: '1689815702.3962915'
client 2023-07-20 02:15:02,548 [INFO] The time difference between the client and the server is within range 145.312 ms..152.409 ms
client 2023-07-20 02:15:02,549 [INFO] Sending command to the server: 'session,2023-07-20_01-58-39,stop,testing'
client 2023-07-20 02:15:12,898 [INFO] Got response: 'OK'
client 2023-07-20 02:15:12,899 [INFO] Sending command to the server: 'time'
client 2023-07-20 02:15:12,902 [INFO] Got response: '1689815712.7531204'
client 2023-07-20 02:15:12,902 [INFO] The time difference between the client and the server is within range 146.396 ms..149.567 ms
client 2023-07-20 02:15:12,908 [INFO] Copying loadgen logs from '/home/arjun/mobilenet_results/valid_results/raspberrypi-tflite_armnn_cpp-cpu-armnn_tflite-v22.11-using_neon/mobilenet-v2-precision_uint8-0.75-224/singlestream/performance/run_1' to '/home/arjun/mobilenet_results/valid_results/raspberrypi-tflite_armnn_cpp-cpu-armnn_tflite-v22.11-using_neon/mobilenet-v2-precision_uint8-0.75-224/singlestream/performance/tmp_power/run_1'
client 2023-07-20 02:15:12,911 [INFO] Done runs
