client 2023-09-01 15:45:51,070 [INFO] Creating output directory '/home/arjun/results_dir/valid_results/phoenix_Amd_Am5-reference-cpu-deepsparse-vdefault-default_config/bert-large-pruned80_quant-none-vnni-bert-99/offline/performance/tmp_power'
client 2023-09-01 15:45:51,071 [INFO] Sending command to the server: 'mlcommons/power client v3'
client 2023-09-01 15:45:51,073 [INFO] Got response: 'mlcommons/power server v3'
client 2023-09-01 15:45:51,073 [INFO] Synchronizing with the server and with time.google.com...
client 2023-09-01 15:45:51,089 [INFO] NTP:offset = -0.000 s, delay = 0.015 s 
client 2023-09-01 15:45:51,089 [INFO] Sending command to the server: 'time'
client 2023-09-01 15:45:51,091 [INFO] Got response: '1693579551.091388'
client 2023-09-01 15:45:51,091 [INFO] The time difference between the client and the server is within range -1.652 ms..0.455 ms
client 2023-09-01 15:45:51,091 [INFO] Sending command to the server: 'new,,8f200938-7ab9-4d5f-97f2-08e660dfbf7f'
client 2023-09-01 15:45:51,094 [INFO] Got response: 'OK 2023-09-01_14-45-51,ed26e720-b7db-4752-ace8-9254c830fbc9'
client 2023-09-01 15:45:51,094 [INFO] Session id is '2023-09-01_14-45-51'
client 2023-09-01 15:45:51,094 [INFO] Sources: {"sources": {"__init__.py": "da39a3ee5e6b4b0d3255bfef95601890afd80709", "client.py": "33ca4f26368777ac06e01f9567b714a4b8063886", "lib/__init__.py": "da39a3ee5e6b4b0d3255bfef95601890afd80709", "lib/client.py": "ac2aa093c8e8bbc9569b9e2a3471bc64e58a2258", "lib/common.py": "611d8b29633d331eb19c9455ea3b5fa3284ed6df", "lib/external/__init__.py": "da39a3ee5e6b4b0d3255bfef95601890afd80709", "lib/external/ntplib.py": "4da8f970656505a40483206ef2b5d3dd5e81711d", "lib/server.py": "c7af63c31bb2fbedea4345f571f6e3507d268ada", "lib/source_hashes.py": "60a2e02193209e8d392803326208d5466342da18", "lib/summary.py": "aa92f0a3f975eecd44d3c0cd0236342ccc9f941d", "lib/time_sync.py": "122eba67a9abc85635223e054def53be1367ade2", "server.py": "c3f90f2f7eeb4db30727556d0c815ebc89b3d28b", "tests/unit/__init__.py": "da39a3ee5e6b4b0d3255bfef95601890afd80709", "tests/unit/test_server.py": "948c1995d4008bc2aa6c4046a34ffa3858d6d671", "tests/unit/test_source_hashes.py": "00468a2907583c593e6574a1f6b404e4651c221a"}, "modules": {"ptd_client_server.lib.client": "lib/client.py", "ptd_client_server.lib.common": "lib/common.py", "ptd_client_server.lib.external.ntplib": "lib/external/ntplib.py", "ptd_client_server.lib.source_hashes": "lib/source_hashes.py", "ptd_client_server.lib.summary": "lib/summary.py", "ptd_client_server.lib.time_sync": "lib/time_sync.py"}}
client 2023-09-01 15:45:51,094 [INFO] Running workload in ranging mode
client 2023-09-01 15:45:51,094 [INFO] Synchronizing with the server and with time.google.com...
client 2023-09-01 15:45:51,108 [INFO] NTP:offset = 0.001 s, delay = 0.013 s 
client 2023-09-01 15:45:51,108 [INFO] Sending command to the server: 'time'
client 2023-09-01 15:45:51,110 [INFO] Got response: '1693579551.1104424'
client 2023-09-01 15:45:51,111 [INFO] The time difference between the client and the server is within range -1.839 ms..0.593 ms
client 2023-09-01 15:45:51,111 [INFO] Sending command to the server: 'session,2023-09-01_14-45-51,start,ranging'
client 2023-09-01 15:46:19,196 [INFO] Got response: 'OK'
client 2023-09-01 15:46:19,196 [INFO] Sending command to the server: 'time'
client 2023-09-01 15:46:19,198 [INFO] Got response: '1693579579.1980882'
client 2023-09-01 15:46:19,198 [INFO] The time difference between the client and the server is within range -1.194 ms..0.323 ms
client 2023-09-01 15:46:19,198 [INFO] Running the workload 'CM_MLPERF_RUN_COUNT=$(cat ${CM_RUN_DIR}/count.txt); echo ${CM_MLPERF_RUN_COUNT}; CM_MLPERF_RUN_COUNT=$((CM_MLPERF_RUN_COUNT+1)); echo ${CM_MLPERF_RUN_COUNT} > ${CM_RUN_DIR}/count.txt && if [ ${CM_MLPERF_RUN_COUNT} -eq "1" ]; then export CM_MLPERF_USER_CONF=${CM_MLPERF_RANGING_USER_CONF}; else export CM_MLPERF_USER_CONF=${CM_MLPERF_TESTING_USER_CONF}; fi && /usr/bin/python3 run.py --backend=deepsparse --scenario=Offline --mlperf_conf "/home/arjun/CM/repos/local/cache/aa6e8001eef84e28/inference/mlperf.conf" --user_conf "${CM_MLPERF_USER_CONF}" --quantized --batch_size=384 --model_path=/home/arjun/.cache/sparsezoo/fac19d9e-b489-450b-b077-f1d6a2a68735/model.onnx'
client 2023-09-01 15:53:52,384 [INFO] Sending command to the server: 'time'
client 2023-09-01 15:53:52,392 [INFO] Got response: '1693580032.3916519'
client 2023-09-01 15:53:52,392 [INFO] The time difference between the client and the server is within range -7.348 ms..0.634 ms
client 2023-09-01 15:53:52,392 [INFO] Sending command to the server: 'session,2023-09-01_14-45-51,stop,ranging'
client 2023-09-01 15:54:03,270 [INFO] Got response: 'OK'
client 2023-09-01 15:54:03,270 [INFO] Sending command to the server: 'time'
client 2023-09-01 15:54:03,271 [INFO] Got response: '1693580043.2708406'
client 2023-09-01 15:54:03,271 [INFO] The time difference between the client and the server is within range -0.686 ms..0.392 ms
client 2023-09-01 15:54:03,273 [INFO] Copying loadgen logs from '/home/arjun/results_dir/valid_results/phoenix_Amd_Am5-reference-cpu-deepsparse-vdefault-default_config/bert-large-pruned80_quant-none-vnni-bert-99/offline/performance/run_1' to '/home/arjun/results_dir/valid_results/phoenix_Amd_Am5-reference-cpu-deepsparse-vdefault-default_config/bert-large-pruned80_quant-none-vnni-bert-99/offline/performance/tmp_power/ranging'
client 2023-09-01 15:54:03,273 [INFO] Running workload in testing mode
client 2023-09-01 15:54:03,273 [INFO] Synchronizing with the server and with time.google.com...
client 2023-09-01 15:54:03,290 [INFO] NTP:offset = 0.000 s, delay = 0.016 s 
client 2023-09-01 15:54:03,290 [INFO] Sending command to the server: 'time'
client 2023-09-01 15:54:03,291 [INFO] Got response: '1693580043.291261'
client 2023-09-01 15:54:03,291 [INFO] The time difference between the client and the server is within range -1.162 ms..0.463 ms
client 2023-09-01 15:54:03,291 [INFO] Sending command to the server: 'session,2023-09-01_14-45-51,start,testing'
client 2023-09-01 15:54:16,311 [INFO] Got response: 'OK'
client 2023-09-01 15:54:16,311 [INFO] Sending command to the server: 'time'
client 2023-09-01 15:54:16,312 [INFO] Got response: '1693580056.3126965'
client 2023-09-01 15:54:16,313 [INFO] The time difference between the client and the server is within range -1.189 ms..0.315 ms
client 2023-09-01 15:54:16,313 [INFO] Running the workload 'CM_MLPERF_RUN_COUNT=$(cat ${CM_RUN_DIR}/count.txt); echo ${CM_MLPERF_RUN_COUNT}; CM_MLPERF_RUN_COUNT=$((CM_MLPERF_RUN_COUNT+1)); echo ${CM_MLPERF_RUN_COUNT} > ${CM_RUN_DIR}/count.txt && if [ ${CM_MLPERF_RUN_COUNT} -eq "1" ]; then export CM_MLPERF_USER_CONF=${CM_MLPERF_RANGING_USER_CONF}; else export CM_MLPERF_USER_CONF=${CM_MLPERF_TESTING_USER_CONF}; fi && /usr/bin/python3 run.py --backend=deepsparse --scenario=Offline --mlperf_conf "/home/arjun/CM/repos/local/cache/aa6e8001eef84e28/inference/mlperf.conf" --user_conf "${CM_MLPERF_USER_CONF}" --quantized --batch_size=384 --model_path=/home/arjun/.cache/sparsezoo/fac19d9e-b489-450b-b077-f1d6a2a68735/model.onnx'
client 2023-09-01 16:07:16,834 [INFO] Sending command to the server: 'time'
client 2023-09-01 16:07:16,837 [INFO] Got response: '1693580836.8378077'
client 2023-09-01 16:07:16,837 [INFO] The time difference between the client and the server is within range -2.944 ms..0.143 ms
client 2023-09-01 16:07:16,837 [INFO] Sending command to the server: 'session,2023-09-01_14-45-51,stop,testing'
client 2023-09-01 16:07:27,367 [INFO] Got response: 'OK'
client 2023-09-01 16:07:27,368 [INFO] Sending command to the server: 'time'
client 2023-09-01 16:07:27,369 [INFO] Got response: '1693580847.369986'
client 2023-09-01 16:07:27,369 [INFO] The time difference between the client and the server is within range -1.898 ms..-0.428 ms
client 2023-09-01 16:07:27,370 [INFO] Copying loadgen logs from '/home/arjun/results_dir/valid_results/phoenix_Amd_Am5-reference-cpu-deepsparse-vdefault-default_config/bert-large-pruned80_quant-none-vnni-bert-99/offline/performance/run_1' to '/home/arjun/results_dir/valid_results/phoenix_Amd_Am5-reference-cpu-deepsparse-vdefault-default_config/bert-large-pruned80_quant-none-vnni-bert-99/offline/performance/tmp_power/run_1'
client 2023-09-01 16:07:27,370 [INFO] Done runs
