client 2023-07-13 11:27:37,595 [INFO] Creating output directory '/home/arjun/mobilenet_results/valid_results/orin-tflite_armnn_cpp-cpu-armnn_tflite-v23.05-using_neon/mobilenet-v1-precision_float-1.0-192/singlestream/performance/tmp_power'
client 2023-07-13 11:27:37,598 [INFO] Sending command to the server: 'mlcommons/power client v3'
client 2023-07-13 11:27:37,600 [INFO] Got response: 'mlcommons/power server v3'
client 2023-07-13 11:27:37,600 [INFO] Synchronizing with the server and with time.google.com...
client 2023-07-13 11:27:37,619 [INFO] NTP:offset = -0.001 s, delay = 0.014 s 
client 2023-07-13 11:27:37,619 [INFO] Sending command to the server: 'time'
client 2023-07-13 11:27:37,623 [INFO] Got response: '1689244057.5497663'
client 2023-07-13 11:27:37,623 [INFO] The time difference between the client and the server is within range 70.128 ms..73.326 ms
client 2023-07-13 11:27:37,623 [INFO] Sending command to the server: 'new,,298d3cb7-dcca-479f-ac7f-254f1f2cec7c'
client 2023-07-13 11:27:37,626 [INFO] Got response: 'OK 2023-07-13_11-27-37,36021f5b-c59a-40d5-b7a7-8336b1725898'
client 2023-07-13 11:27:37,627 [INFO] Session id is '2023-07-13_11-27-37'
client 2023-07-13 11:27:37,627 [INFO] Sources: {"sources": {"__init__.py": "da39a3ee5e6b4b0d3255bfef95601890afd80709", "client.py": "33ca4f26368777ac06e01f9567b714a4b8063886", "lib/__init__.py": "da39a3ee5e6b4b0d3255bfef95601890afd80709", "lib/client.py": "ac2aa093c8e8bbc9569b9e2a3471bc64e58a2258", "lib/common.py": "611d8b29633d331eb19c9455ea3b5fa3284ed6df", "lib/external/__init__.py": "da39a3ee5e6b4b0d3255bfef95601890afd80709", "lib/external/ntplib.py": "4da8f970656505a40483206ef2b5d3dd5e81711d", "lib/server.py": "c7af63c31bb2fbedea4345f571f6e3507d268ada", "lib/source_hashes.py": "60a2e02193209e8d392803326208d5466342da18", "lib/summary.py": "aa92f0a3f975eecd44d3c0cd0236342ccc9f941d", "lib/time_sync.py": "122eba67a9abc85635223e054def53be1367ade2", "server.py": "c3f90f2f7eeb4db30727556d0c815ebc89b3d28b", "tests/unit/__init__.py": "da39a3ee5e6b4b0d3255bfef95601890afd80709", "tests/unit/test_server.py": "948c1995d4008bc2aa6c4046a34ffa3858d6d671", "tests/unit/test_source_hashes.py": "00468a2907583c593e6574a1f6b404e4651c221a"}, "modules": {"ptd_client_server.lib.client": "lib/client.py", "ptd_client_server.lib.common": "lib/common.py", "ptd_client_server.lib.external.ntplib": "lib/external/ntplib.py", "ptd_client_server.lib.source_hashes": "lib/source_hashes.py", "ptd_client_server.lib.summary": "lib/summary.py", "ptd_client_server.lib.time_sync": "lib/time_sync.py"}}
client 2023-07-13 11:27:37,627 [INFO] Running workload in ranging mode
client 2023-07-13 11:27:37,627 [INFO] Synchronizing with the server and with time.google.com...
client 2023-07-13 11:27:37,640 [INFO] NTP:offset = -0.000 s, delay = 0.012 s 
client 2023-07-13 11:27:37,640 [INFO] Sending command to the server: 'time'
client 2023-07-13 11:27:37,644 [INFO] Got response: '1689244057.5701435'
client 2023-07-13 11:27:37,644 [INFO] The time difference between the client and the server is within range 70.705 ms..73.977 ms
client 2023-07-13 11:27:37,644 [INFO] Sending command to the server: 'session,2023-07-13_11-27-37,start,ranging'
client 2023-07-13 11:28:06,351 [INFO] Got response: 'OK'
client 2023-07-13 11:28:06,353 [INFO] Sending command to the server: 'time'
client 2023-07-13 11:28:06,358 [INFO] Got response: '1689244086.2886205'
client 2023-07-13 11:28:06,358 [INFO] The time difference between the client and the server is within range 64.482 ms..69.908 ms
client 2023-07-13 11:28:06,358 [INFO] Running the workload 'CM_MLPERF_RUN_COUNT=$(cat ${CM_RUN_DIR}/count.txt); echo ${CM_MLPERF_RUN_COUNT}; CM_MLPERF_RUN_COUNT=$((CM_MLPERF_RUN_COUNT+1)); echo ${CM_MLPERF_RUN_COUNT} > ${CM_RUN_DIR}/count.txt && if [ ${CM_MLPERF_RUN_COUNT} -eq "1" ]; then export CM_MLPERF_USER_CONF=${CM_MLPERF_RANGING_USER_CONF}; else export CM_MLPERF_USER_CONF=${CM_MLPERF_TESTING_USER_CONF}; fi && /home/arjun/run.out'
client 2023-07-13 11:33:08,219 [INFO] Sending command to the server: 'time'
client 2023-07-13 11:33:08,224 [INFO] Got response: '1689244388.1543908'
client 2023-07-13 11:33:08,224 [INFO] The time difference between the client and the server is within range 65.233 ms..70.502 ms
client 2023-07-13 11:33:08,225 [INFO] Sending command to the server: 'session,2023-07-13_11-27-37,stop,ranging'
client 2023-07-13 11:33:18,490 [INFO] Got response: 'OK'
client 2023-07-13 11:33:18,491 [INFO] Sending command to the server: 'time'
client 2023-07-13 11:33:18,496 [INFO] Got response: '1689244398.4254189'
client 2023-07-13 11:33:18,497 [INFO] The time difference between the client and the server is within range 66.475 ms..71.678 ms
client 2023-07-13 11:33:18,524 [INFO] Copying loadgen logs from '/home/arjun/mobilenet_results/valid_results/orin-tflite_armnn_cpp-cpu-armnn_tflite-v23.05-using_neon/mobilenet-v1-precision_float-1.0-192/singlestream/performance/run_1' to '/home/arjun/mobilenet_results/valid_results/orin-tflite_armnn_cpp-cpu-armnn_tflite-v23.05-using_neon/mobilenet-v1-precision_float-1.0-192/singlestream/performance/tmp_power/ranging'
client 2023-07-13 11:33:18,527 [INFO] Running workload in testing mode
client 2023-07-13 11:33:18,527 [INFO] Synchronizing with the server and with time.google.com...
client 2023-07-13 11:33:18,550 [INFO] NTP:offset = -0.001 s, delay = 0.017 s 
client 2023-07-13 11:33:18,550 [INFO] Sending command to the server: 'time'
client 2023-07-13 11:33:18,555 [INFO] Got response: '1689244398.4841766'
client 2023-07-13 11:33:18,555 [INFO] The time difference between the client and the server is within range 66.628 ms..71.034 ms
client 2023-07-13 11:33:18,555 [INFO] Sending command to the server: 'session,2023-07-13_11-27-37,start,testing'
client 2023-07-13 11:33:31,604 [INFO] Got response: 'OK'
client 2023-07-13 11:33:31,604 [INFO] Sending command to the server: 'time'
client 2023-07-13 11:33:31,608 [INFO] Got response: '1689244411.5348446'
client 2023-07-13 11:33:31,609 [INFO] The time difference between the client and the server is within range 69.957 ms..74.130 ms
client 2023-07-13 11:33:31,609 [INFO] Running the workload 'CM_MLPERF_RUN_COUNT=$(cat ${CM_RUN_DIR}/count.txt); echo ${CM_MLPERF_RUN_COUNT}; CM_MLPERF_RUN_COUNT=$((CM_MLPERF_RUN_COUNT+1)); echo ${CM_MLPERF_RUN_COUNT} > ${CM_RUN_DIR}/count.txt && if [ ${CM_MLPERF_RUN_COUNT} -eq "1" ]; then export CM_MLPERF_USER_CONF=${CM_MLPERF_RANGING_USER_CONF}; else export CM_MLPERF_USER_CONF=${CM_MLPERF_TESTING_USER_CONF}; fi && /home/arjun/run.out'
client 2023-07-13 11:43:34,791 [INFO] Sending command to the server: 'time'
client 2023-07-13 11:43:34,796 [INFO] Got response: '1689245014.7282393'
client 2023-07-13 11:43:34,796 [INFO] The time difference between the client and the server is within range 63.241 ms..68.275 ms
client 2023-07-13 11:43:34,796 [INFO] Sending command to the server: 'session,2023-07-13_11-27-37,stop,testing'
client 2023-07-13 11:43:45,930 [INFO] Got response: 'OK'
client 2023-07-13 11:43:45,932 [INFO] Sending command to the server: 'time'
client 2023-07-13 11:43:45,951 [INFO] Got response: '1689245025.8786957'
client 2023-07-13 11:43:45,951 [INFO] The time difference between the client and the server is within range 53.375 ms..72.903 ms
client 2023-07-13 11:43:45,956 [INFO] Copying loadgen logs from '/home/arjun/mobilenet_results/valid_results/orin-tflite_armnn_cpp-cpu-armnn_tflite-v23.05-using_neon/mobilenet-v1-precision_float-1.0-192/singlestream/performance/run_1' to '/home/arjun/mobilenet_results/valid_results/orin-tflite_armnn_cpp-cpu-armnn_tflite-v23.05-using_neon/mobilenet-v1-precision_float-1.0-192/singlestream/performance/tmp_power/run_1'
client 2023-07-13 11:43:45,959 [INFO] Done runs
