client 2023-07-09 22:01:55,485 [INFO] Creating output directory '/home/arjun/mobilenet_results/valid_results/orin-tflite_cpp-cpu-tflite-vmaster-default_config/mobilenet-v2-precision_uint8-0.75-128/singlestream/performance/tmp_power'
client 2023-07-09 22:01:55,532 [INFO] Sending command to the server: 'mlcommons/power client v3'
client 2023-07-09 22:01:55,535 [INFO] Got response: 'mlcommons/power server v3'
client 2023-07-09 22:01:55,535 [INFO] Synchronizing with the server and with time.google.com...
client 2023-07-09 22:01:55,556 [INFO] NTP:offset = 0.001 s, delay = 0.015 s 
client 2023-07-09 22:01:55,556 [INFO] Sending command to the server: 'time'
client 2023-07-09 22:01:55,559 [INFO] Got response: '1688936515.559272'
client 2023-07-09 22:01:55,559 [INFO] The time difference between the client and the server is within range -3.112 ms..0.179 ms
client 2023-07-09 22:01:55,559 [INFO] Sending command to the server: 'new,,c3765e6e-20a3-4346-a808-ad0b7ca8770c'
client 2023-07-09 22:01:55,563 [INFO] Got response: 'OK 2023-07-09_21-01-55,72cc46b6-ebd3-4b3d-8a57-9740c6e4c005'
client 2023-07-09 22:01:55,563 [INFO] Session id is '2023-07-09_21-01-55'
client 2023-07-09 22:01:55,563 [INFO] Sources: {"sources": {"__init__.py": "da39a3ee5e6b4b0d3255bfef95601890afd80709", "client.py": "33ca4f26368777ac06e01f9567b714a4b8063886", "lib/__init__.py": "da39a3ee5e6b4b0d3255bfef95601890afd80709", "lib/client.py": "ac2aa093c8e8bbc9569b9e2a3471bc64e58a2258", "lib/common.py": "611d8b29633d331eb19c9455ea3b5fa3284ed6df", "lib/external/__init__.py": "da39a3ee5e6b4b0d3255bfef95601890afd80709", "lib/external/ntplib.py": "4da8f970656505a40483206ef2b5d3dd5e81711d", "lib/server.py": "c7af63c31bb2fbedea4345f571f6e3507d268ada", "lib/source_hashes.py": "60a2e02193209e8d392803326208d5466342da18", "lib/summary.py": "aa92f0a3f975eecd44d3c0cd0236342ccc9f941d", "lib/time_sync.py": "122eba67a9abc85635223e054def53be1367ade2", "server.py": "c3f90f2f7eeb4db30727556d0c815ebc89b3d28b", "tests/unit/__init__.py": "da39a3ee5e6b4b0d3255bfef95601890afd80709", "tests/unit/test_server.py": "948c1995d4008bc2aa6c4046a34ffa3858d6d671", "tests/unit/test_source_hashes.py": "00468a2907583c593e6574a1f6b404e4651c221a"}, "modules": {"ptd_client_server.lib.client": "lib/client.py", "ptd_client_server.lib.common": "lib/common.py", "ptd_client_server.lib.external.ntplib": "lib/external/ntplib.py", "ptd_client_server.lib.source_hashes": "lib/source_hashes.py", "ptd_client_server.lib.summary": "lib/summary.py", "ptd_client_server.lib.time_sync": "lib/time_sync.py"}}
client 2023-07-09 22:01:55,564 [INFO] Running workload in ranging mode
client 2023-07-09 22:01:55,564 [INFO] Synchronizing with the server and with time.google.com...
client 2023-07-09 22:01:55,580 [INFO] NTP:offset = -0.001 s, delay = 0.014 s 
client 2023-07-09 22:01:55,580 [INFO] Sending command to the server: 'time'
client 2023-07-09 22:01:55,583 [INFO] Got response: '1688936515.5837393'
client 2023-07-09 22:01:55,583 [INFO] The time difference between the client and the server is within range -3.476 ms..0.227 ms
client 2023-07-09 22:01:55,584 [INFO] Sending command to the server: 'session,2023-07-09_21-01-55,start,ranging'
client 2023-07-09 22:02:23,697 [INFO] Got response: 'OK'
client 2023-07-09 22:02:23,698 [INFO] Sending command to the server: 'time'
client 2023-07-09 22:02:23,702 [INFO] Got response: '1688936543.7014627'
client 2023-07-09 22:02:23,702 [INFO] The time difference between the client and the server is within range -2.597 ms..1.131 ms
client 2023-07-09 22:02:23,702 [INFO] Running the workload 'CM_MLPERF_RUN_COUNT=$(cat ${CM_RUN_DIR}/count.txt); echo ${CM_MLPERF_RUN_COUNT}; CM_MLPERF_RUN_COUNT=$((CM_MLPERF_RUN_COUNT+1)); echo ${CM_MLPERF_RUN_COUNT} > ${CM_RUN_DIR}/count.txt && if [ ${CM_MLPERF_RUN_COUNT} -eq "1" ]; then export CM_MLPERF_USER_CONF=${CM_MLPERF_RANGING_USER_CONF}; else export CM_MLPERF_USER_CONF=${CM_MLPERF_TESTING_USER_CONF}; fi && /home/arjun/run.out'
client 2023-07-09 22:07:29,547 [INFO] Sending command to the server: 'time'
client 2023-07-09 22:07:29,563 [INFO] Got response: '1688936849.562538'
client 2023-07-09 22:07:29,563 [INFO] The time difference between the client and the server is within range -15.272 ms..1.316 ms
client 2023-07-09 22:07:29,564 [INFO] Sending command to the server: 'session,2023-07-09_21-01-55,stop,ranging'
client 2023-07-09 22:07:39,776 [INFO] Got response: 'OK'
client 2023-07-09 22:07:39,777 [INFO] Sending command to the server: 'time'
client 2023-07-09 22:07:39,779 [INFO] Got response: '1688936859.779405'
client 2023-07-09 22:07:39,780 [INFO] The time difference between the client and the server is within range -2.208 ms..0.772 ms
client 2023-07-09 22:07:39,799 [INFO] Copying loadgen logs from '/home/arjun/mobilenet_results/valid_results/orin-tflite_cpp-cpu-tflite-vmaster-default_config/mobilenet-v2-precision_uint8-0.75-128/singlestream/performance/run_1' to '/home/arjun/mobilenet_results/valid_results/orin-tflite_cpp-cpu-tflite-vmaster-default_config/mobilenet-v2-precision_uint8-0.75-128/singlestream/performance/tmp_power/ranging'
client 2023-07-09 22:07:39,801 [INFO] Running workload in testing mode
client 2023-07-09 22:07:39,802 [INFO] Synchronizing with the server and with time.google.com...
client 2023-07-09 22:07:39,822 [INFO] NTP:offset = -0.001 s, delay = 0.015 s 
client 2023-07-09 22:07:39,822 [INFO] Sending command to the server: 'time'
client 2023-07-09 22:07:39,825 [INFO] Got response: '1688936859.8250592'
client 2023-07-09 22:07:39,826 [INFO] The time difference between the client and the server is within range -2.475 ms..0.958 ms
client 2023-07-09 22:07:39,826 [INFO] Sending command to the server: 'session,2023-07-09_21-01-55,start,testing'
client 2023-07-09 22:07:52,850 [INFO] Got response: 'OK'
client 2023-07-09 22:07:52,851 [INFO] Sending command to the server: 'time'
client 2023-07-09 22:07:52,853 [INFO] Got response: '1688936872.8530014'
client 2023-07-09 22:07:52,853 [INFO] The time difference between the client and the server is within range -1.915 ms..0.804 ms
client 2023-07-09 22:07:52,854 [INFO] Running the workload 'CM_MLPERF_RUN_COUNT=$(cat ${CM_RUN_DIR}/count.txt); echo ${CM_MLPERF_RUN_COUNT}; CM_MLPERF_RUN_COUNT=$((CM_MLPERF_RUN_COUNT+1)); echo ${CM_MLPERF_RUN_COUNT} > ${CM_RUN_DIR}/count.txt && if [ ${CM_MLPERF_RUN_COUNT} -eq "1" ]; then export CM_MLPERF_USER_CONF=${CM_MLPERF_RANGING_USER_CONF}; else export CM_MLPERF_USER_CONF=${CM_MLPERF_TESTING_USER_CONF}; fi && /home/arjun/run.out'
client 2023-07-09 22:18:04,307 [INFO] Sending command to the server: 'time'
client 2023-07-09 22:18:04,344 [INFO] Got response: '1688937484.342874'
client 2023-07-09 22:18:04,344 [INFO] The time difference between the client and the server is within range -35.606 ms..1.818 ms
client 2023-07-09 22:18:04,344 [INFO] Sending command to the server: 'session,2023-07-09_21-01-55,stop,testing'
client 2023-07-09 22:18:14,901 [INFO] Got response: 'OK'
client 2023-07-09 22:18:14,902 [INFO] Sending command to the server: 'time'
client 2023-07-09 22:18:14,904 [INFO] Got response: '1688937494.9037857'
client 2023-07-09 22:18:14,905 [INFO] The time difference between the client and the server is within range -1.315 ms..1.290 ms
client 2023-07-09 22:18:14,909 [INFO] Copying loadgen logs from '/home/arjun/mobilenet_results/valid_results/orin-tflite_cpp-cpu-tflite-vmaster-default_config/mobilenet-v2-precision_uint8-0.75-128/singlestream/performance/run_1' to '/home/arjun/mobilenet_results/valid_results/orin-tflite_cpp-cpu-tflite-vmaster-default_config/mobilenet-v2-precision_uint8-0.75-128/singlestream/performance/tmp_power/run_1'
client 2023-07-09 22:18:14,911 [INFO] Done runs
