client 2023-07-15 17:15:34,367 [INFO] Creating output directory '/home/arjun/mobilenet_results/valid_results/raspberrypi-tflite_armnn_cpp-cpu-armnn_tflite-v23.05-using_neon/mobilenet-v1-precision_float-0.5-224/singlestream/performance/tmp_power'
client 2023-07-15 17:15:34,375 [INFO] Sending command to the server: 'mlcommons/power client v3'
client 2023-07-15 17:15:34,379 [INFO] Got response: 'mlcommons/power server v3'
client 2023-07-15 17:15:34,379 [INFO] Synchronizing with the server and with time.google.com...
client 2023-07-15 17:15:34,435 [INFO] NTP:offset = 0.019 s, delay = 0.017 s 
client 2023-07-15 17:15:34,436 [INFO] Sending command to the server: 'time'
client 2023-07-15 17:15:34,440 [INFO] Got response: '1689437734.3857322'
client 2023-07-15 17:15:34,440 [INFO] The time difference between the client and the server is within range 50.691 ms..54.977 ms
client 2023-07-15 17:15:34,441 [INFO] Sending command to the server: 'new,,ec3369d0-b8cf-4e3e-9121-d11189049acf'
client 2023-07-15 17:15:34,445 [INFO] Got response: 'OK 2023-07-15_17-15-34,b28b3160-2fdd-4b28-b10e-9a3019ce812e'
client 2023-07-15 17:15:34,446 [INFO] Session id is '2023-07-15_17-15-34'
client 2023-07-15 17:15:34,446 [INFO] Sources: {"sources": {"__init__.py": "da39a3ee5e6b4b0d3255bfef95601890afd80709", "client.py": "33ca4f26368777ac06e01f9567b714a4b8063886", "lib/__init__.py": "da39a3ee5e6b4b0d3255bfef95601890afd80709", "lib/client.py": "ac2aa093c8e8bbc9569b9e2a3471bc64e58a2258", "lib/common.py": "611d8b29633d331eb19c9455ea3b5fa3284ed6df", "lib/external/__init__.py": "da39a3ee5e6b4b0d3255bfef95601890afd80709", "lib/external/ntplib.py": "4da8f970656505a40483206ef2b5d3dd5e81711d", "lib/server.py": "c7af63c31bb2fbedea4345f571f6e3507d268ada", "lib/source_hashes.py": "60a2e02193209e8d392803326208d5466342da18", "lib/summary.py": "aa92f0a3f975eecd44d3c0cd0236342ccc9f941d", "lib/time_sync.py": "122eba67a9abc85635223e054def53be1367ade2", "server.py": "c3f90f2f7eeb4db30727556d0c815ebc89b3d28b", "tests/unit/__init__.py": "da39a3ee5e6b4b0d3255bfef95601890afd80709", "tests/unit/test_server.py": "948c1995d4008bc2aa6c4046a34ffa3858d6d671", "tests/unit/test_source_hashes.py": "00468a2907583c593e6574a1f6b404e4651c221a"}, "modules": {"ptd_client_server.lib.client": "lib/client.py", "ptd_client_server.lib.common": "lib/common.py", "ptd_client_server.lib.external.ntplib": "lib/external/ntplib.py", "ptd_client_server.lib.source_hashes": "lib/source_hashes.py", "ptd_client_server.lib.summary": "lib/summary.py", "ptd_client_server.lib.time_sync": "lib/time_sync.py"}}
client 2023-07-15 17:15:34,447 [INFO] Running workload in ranging mode
client 2023-07-15 17:15:34,447 [INFO] Synchronizing with the server and with time.google.com...
client 2023-07-15 17:15:34,485 [INFO] NTP:offset = 0.019 s, delay = 0.017 s 
client 2023-07-15 17:15:34,486 [INFO] Sending command to the server: 'time'
client 2023-07-15 17:15:34,489 [INFO] Got response: '1689437734.4373527'
client 2023-07-15 17:15:34,489 [INFO] The time difference between the client and the server is within range 48.629 ms..52.515 ms
client 2023-07-15 17:15:34,490 [INFO] Sending command to the server: 'session,2023-07-15_17-15-34,start,ranging'
client 2023-07-15 17:16:03,175 [INFO] Got response: 'OK'
client 2023-07-15 17:16:03,175 [INFO] Sending command to the server: 'time'
client 2023-07-15 17:16:03,190 [INFO] Got response: '1689437763.1376238'
client 2023-07-15 17:16:03,190 [INFO] The time difference between the client and the server is within range 37.942 ms..52.816 ms
client 2023-07-15 17:16:03,190 [INFO] Running the workload 'CM_MLPERF_RUN_COUNT=$(cat ${CM_RUN_DIR}/count.txt); echo ${CM_MLPERF_RUN_COUNT}; CM_MLPERF_RUN_COUNT=$((CM_MLPERF_RUN_COUNT+1)); echo ${CM_MLPERF_RUN_COUNT} > ${CM_RUN_DIR}/count.txt && if [ ${CM_MLPERF_RUN_COUNT} -eq "1" ]; then export CM_MLPERF_USER_CONF=${CM_MLPERF_RANGING_USER_CONF}; else export CM_MLPERF_USER_CONF=${CM_MLPERF_TESTING_USER_CONF}; fi && /home/arjun/run.out'
client 2023-07-15 17:21:09,869 [INFO] Sending command to the server: 'time'
client 2023-07-15 17:21:09,874 [INFO] Got response: '1689438069.8172436'
client 2023-07-15 17:21:09,874 [INFO] The time difference between the client and the server is within range 51.866 ms..57.420 ms
client 2023-07-15 17:21:09,874 [INFO] Sending command to the server: 'session,2023-07-15_17-15-34,stop,ranging'
client 2023-07-15 17:21:20,373 [INFO] Got response: 'OK'
client 2023-07-15 17:21:20,373 [INFO] Sending command to the server: 'time'
client 2023-07-15 17:21:20,376 [INFO] Got response: '1689438080.3208544'
client 2023-07-15 17:21:20,377 [INFO] The time difference between the client and the server is within range 52.639 ms..56.394 ms
client 2023-07-15 17:21:20,406 [INFO] Copying loadgen logs from '/home/arjun/mobilenet_results/valid_results/raspberrypi-tflite_armnn_cpp-cpu-armnn_tflite-v23.05-using_neon/mobilenet-v1-precision_float-0.5-224/singlestream/performance/run_1' to '/home/arjun/mobilenet_results/valid_results/raspberrypi-tflite_armnn_cpp-cpu-armnn_tflite-v23.05-using_neon/mobilenet-v1-precision_float-0.5-224/singlestream/performance/tmp_power/ranging'
client 2023-07-15 17:21:20,410 [INFO] Running workload in testing mode
client 2023-07-15 17:21:20,410 [INFO] Synchronizing with the server and with time.google.com...
client 2023-07-15 17:21:20,446 [INFO] NTP:offset = 0.021 s, delay = 0.018 s 
client 2023-07-15 17:21:20,446 [INFO] Sending command to the server: 'time'
client 2023-07-15 17:21:20,449 [INFO] Got response: '1689438080.3943124'
client 2023-07-15 17:21:20,449 [INFO] The time difference between the client and the server is within range 52.325 ms..55.337 ms
client 2023-07-15 17:21:20,449 [INFO] Sending command to the server: 'session,2023-07-15_17-15-34,start,testing'
client 2023-07-15 17:21:33,493 [INFO] Got response: 'OK'
client 2023-07-15 17:21:33,494 [INFO] Sending command to the server: 'time'
client 2023-07-15 17:21:33,505 [INFO] Got response: '1689438093.446517'
client 2023-07-15 17:21:33,506 [INFO] The time difference between the client and the server is within range 47.466 ms..59.426 ms
client 2023-07-15 17:21:33,506 [INFO] Running the workload 'CM_MLPERF_RUN_COUNT=$(cat ${CM_RUN_DIR}/count.txt); echo ${CM_MLPERF_RUN_COUNT}; CM_MLPERF_RUN_COUNT=$((CM_MLPERF_RUN_COUNT+1)); echo ${CM_MLPERF_RUN_COUNT} > ${CM_RUN_DIR}/count.txt && if [ ${CM_MLPERF_RUN_COUNT} -eq "1" ]; then export CM_MLPERF_USER_CONF=${CM_MLPERF_RANGING_USER_CONF}; else export CM_MLPERF_USER_CONF=${CM_MLPERF_TESTING_USER_CONF}; fi && /home/arjun/run.out'
client 2023-07-15 17:31:46,382 [INFO] Sending command to the server: 'time'
client 2023-07-15 17:31:46,393 [INFO] Got response: '1689438706.3208034'
client 2023-07-15 17:31:46,393 [INFO] The time difference between the client and the server is within range 61.646 ms..72.886 ms
client 2023-07-15 17:31:46,393 [INFO] Sending command to the server: 'session,2023-07-15_17-15-34,stop,testing'
client 2023-07-15 17:31:56,727 [INFO] Got response: 'OK'
client 2023-07-15 17:31:56,728 [INFO] Sending command to the server: 'time'
client 2023-07-15 17:31:56,733 [INFO] Got response: '1689438716.6657376'
client 2023-07-15 17:31:56,733 [INFO] The time difference between the client and the server is within range 62.744 ms..68.180 ms
client 2023-07-15 17:31:56,739 [INFO] Copying loadgen logs from '/home/arjun/mobilenet_results/valid_results/raspberrypi-tflite_armnn_cpp-cpu-armnn_tflite-v23.05-using_neon/mobilenet-v1-precision_float-0.5-224/singlestream/performance/run_1' to '/home/arjun/mobilenet_results/valid_results/raspberrypi-tflite_armnn_cpp-cpu-armnn_tflite-v23.05-using_neon/mobilenet-v1-precision_float-0.5-224/singlestream/performance/tmp_power/run_1'
client 2023-07-15 17:31:56,742 [INFO] Done runs
