client 2023-07-09 14:17:17,821 [INFO] Creating output directory '/home/arjun/mobilenet_results/valid_results/orin-tflite_cpp-cpu-tflite-vmaster-default_config/mobilenet-v1-precision_uint8-0.5-192/singlestream/performance/tmp_power'
client 2023-07-09 14:17:17,844 [INFO] Sending command to the server: 'mlcommons/power client v3'
client 2023-07-09 14:17:17,848 [INFO] Got response: 'mlcommons/power server v3'
client 2023-07-09 14:17:17,848 [INFO] Synchronizing with the server and with time.google.com...
client 2023-07-09 14:17:17,866 [INFO] NTP:offset = 0.000 s, delay = 0.013 s 
client 2023-07-09 14:17:17,866 [INFO] Sending command to the server: 'time'
client 2023-07-09 14:17:17,869 [INFO] Got response: '1688908637.8711274'
client 2023-07-09 14:17:17,870 [INFO] The time difference between the client and the server is within range -4.981 ms..-1.076 ms
client 2023-07-09 14:17:17,870 [INFO] Sending command to the server: 'new,,c0288166-f49a-4bad-bdc8-4585680acf5e'
client 2023-07-09 14:17:17,873 [INFO] Got response: 'OK 2023-07-09_13-17-17,f5839b32-e26f-497c-bf59-2a686b143dd4'
client 2023-07-09 14:17:17,874 [INFO] Session id is '2023-07-09_13-17-17'
client 2023-07-09 14:17:17,874 [INFO] Sources: {"sources": {"__init__.py": "da39a3ee5e6b4b0d3255bfef95601890afd80709", "client.py": "33ca4f26368777ac06e01f9567b714a4b8063886", "lib/__init__.py": "da39a3ee5e6b4b0d3255bfef95601890afd80709", "lib/client.py": "ac2aa093c8e8bbc9569b9e2a3471bc64e58a2258", "lib/common.py": "611d8b29633d331eb19c9455ea3b5fa3284ed6df", "lib/external/__init__.py": "da39a3ee5e6b4b0d3255bfef95601890afd80709", "lib/external/ntplib.py": "4da8f970656505a40483206ef2b5d3dd5e81711d", "lib/server.py": "c7af63c31bb2fbedea4345f571f6e3507d268ada", "lib/source_hashes.py": "60a2e02193209e8d392803326208d5466342da18", "lib/summary.py": "aa92f0a3f975eecd44d3c0cd0236342ccc9f941d", "lib/time_sync.py": "122eba67a9abc85635223e054def53be1367ade2", "server.py": "c3f90f2f7eeb4db30727556d0c815ebc89b3d28b", "tests/unit/__init__.py": "da39a3ee5e6b4b0d3255bfef95601890afd80709", "tests/unit/test_server.py": "948c1995d4008bc2aa6c4046a34ffa3858d6d671", "tests/unit/test_source_hashes.py": "00468a2907583c593e6574a1f6b404e4651c221a"}, "modules": {"ptd_client_server.lib.client": "lib/client.py", "ptd_client_server.lib.common": "lib/common.py", "ptd_client_server.lib.external.ntplib": "lib/external/ntplib.py", "ptd_client_server.lib.source_hashes": "lib/source_hashes.py", "ptd_client_server.lib.summary": "lib/summary.py", "ptd_client_server.lib.time_sync": "lib/time_sync.py"}}
client 2023-07-09 14:17:17,874 [INFO] Running workload in ranging mode
client 2023-07-09 14:17:17,874 [INFO] Synchronizing with the server and with time.google.com...
client 2023-07-09 14:17:17,890 [INFO] NTP:offset = 0.002 s, delay = 0.014 s 
client 2023-07-09 14:17:17,890 [INFO] Sending command to the server: 'time'
client 2023-07-09 14:17:17,894 [INFO] Got response: '1688908637.8947508'
client 2023-07-09 14:17:17,894 [INFO] The time difference between the client and the server is within range -4.512 ms..-0.408 ms
client 2023-07-09 14:17:17,894 [INFO] Sending command to the server: 'session,2023-07-09_13-17-17,start,ranging'
client 2023-07-09 14:17:46,010 [INFO] Got response: 'OK'
client 2023-07-09 14:17:46,011 [INFO] Sending command to the server: 'time'
client 2023-07-09 14:17:46,015 [INFO] Got response: '1688908666.0159528'
client 2023-07-09 14:17:46,016 [INFO] The time difference between the client and the server is within range -4.056 ms..0.052 ms
client 2023-07-09 14:17:46,016 [INFO] Running the workload 'CM_MLPERF_RUN_COUNT=$(cat ${CM_RUN_DIR}/count.txt); echo ${CM_MLPERF_RUN_COUNT}; CM_MLPERF_RUN_COUNT=$((CM_MLPERF_RUN_COUNT+1)); echo ${CM_MLPERF_RUN_COUNT} > ${CM_RUN_DIR}/count.txt && if [ ${CM_MLPERF_RUN_COUNT} -eq "1" ]; then export CM_MLPERF_USER_CONF=${CM_MLPERF_RANGING_USER_CONF}; else export CM_MLPERF_USER_CONF=${CM_MLPERF_TESTING_USER_CONF}; fi && /home/arjun/run.out'
client 2023-07-09 14:22:51,841 [INFO] Sending command to the server: 'time'
client 2023-07-09 14:22:51,875 [INFO] Got response: '1688908971.8767562'
client 2023-07-09 14:22:51,876 [INFO] The time difference between the client and the server is within range -35.032 ms..-0.522 ms
client 2023-07-09 14:22:51,876 [INFO] Sending command to the server: 'session,2023-07-09_13-17-17,stop,ranging'
client 2023-07-09 14:23:02,083 [INFO] Got response: 'OK'
client 2023-07-09 14:23:02,084 [INFO] Sending command to the server: 'time'
client 2023-07-09 14:23:02,087 [INFO] Got response: '1688908982.088557'
client 2023-07-09 14:23:02,088 [INFO] The time difference between the client and the server is within range -4.209 ms..-0.546 ms
client 2023-07-09 14:23:02,117 [INFO] Copying loadgen logs from '/home/arjun/mobilenet_results/valid_results/orin-tflite_cpp-cpu-tflite-vmaster-default_config/mobilenet-v1-precision_uint8-0.5-192/singlestream/performance/run_1' to '/home/arjun/mobilenet_results/valid_results/orin-tflite_cpp-cpu-tflite-vmaster-default_config/mobilenet-v1-precision_uint8-0.5-192/singlestream/performance/tmp_power/ranging'
client 2023-07-09 14:23:02,119 [INFO] Running workload in testing mode
client 2023-07-09 14:23:02,119 [INFO] Synchronizing with the server and with time.google.com...
client 2023-07-09 14:23:02,139 [INFO] NTP:offset = 0.002 s, delay = 0.015 s 
client 2023-07-09 14:23:02,140 [INFO] Sending command to the server: 'time'
client 2023-07-09 14:23:02,143 [INFO] Got response: '1688908982.1445885'
client 2023-07-09 14:23:02,143 [INFO] The time difference between the client and the server is within range -4.486 ms..-0.995 ms
client 2023-07-09 14:23:02,143 [INFO] Sending command to the server: 'session,2023-07-09_13-17-17,start,testing'
client 2023-07-09 14:23:15,168 [INFO] Got response: 'OK'
client 2023-07-09 14:23:15,168 [INFO] Sending command to the server: 'time'
client 2023-07-09 14:23:15,172 [INFO] Got response: '1688908995.172856'
client 2023-07-09 14:23:15,173 [INFO] The time difference between the client and the server is within range -4.133 ms..0.264 ms
client 2023-07-09 14:23:15,173 [INFO] Running the workload 'CM_MLPERF_RUN_COUNT=$(cat ${CM_RUN_DIR}/count.txt); echo ${CM_MLPERF_RUN_COUNT}; CM_MLPERF_RUN_COUNT=$((CM_MLPERF_RUN_COUNT+1)); echo ${CM_MLPERF_RUN_COUNT} > ${CM_RUN_DIR}/count.txt && if [ ${CM_MLPERF_RUN_COUNT} -eq "1" ]; then export CM_MLPERF_USER_CONF=${CM_MLPERF_RANGING_USER_CONF}; else export CM_MLPERF_USER_CONF=${CM_MLPERF_TESTING_USER_CONF}; fi && /home/arjun/run.out'
client 2023-07-09 14:33:26,616 [INFO] Sending command to the server: 'time'
client 2023-07-09 14:33:26,656 [INFO] Got response: '1688909606.656454'
client 2023-07-09 14:33:26,656 [INFO] The time difference between the client and the server is within range -40.384 ms..-0.243 ms
client 2023-07-09 14:33:26,656 [INFO] Sending command to the server: 'session,2023-07-09_13-17-17,stop,testing'
client 2023-07-09 14:33:37,219 [INFO] Got response: 'OK'
client 2023-07-09 14:33:37,220 [INFO] Sending command to the server: 'time'
client 2023-07-09 14:33:37,224 [INFO] Got response: '1688909617.2246609'
client 2023-07-09 14:33:37,224 [INFO] The time difference between the client and the server is within range -3.738 ms..-0.269 ms
client 2023-07-09 14:33:37,228 [INFO] Copying loadgen logs from '/home/arjun/mobilenet_results/valid_results/orin-tflite_cpp-cpu-tflite-vmaster-default_config/mobilenet-v1-precision_uint8-0.5-192/singlestream/performance/run_1' to '/home/arjun/mobilenet_results/valid_results/orin-tflite_cpp-cpu-tflite-vmaster-default_config/mobilenet-v1-precision_uint8-0.5-192/singlestream/performance/tmp_power/run_1'
client 2023-07-09 14:33:37,230 [INFO] Done runs
