client 2023-08-07 10:12:29,717 [INFO] Creating output directory '/home/arjun/mobilenet_results/valid_results/orin-tflite_armnn_cpp-cpu-armnn_tflite-v23.05-using_neon/mobilenet-v2-precision_uint8-1.0-128/singlestream/performance/tmp_power'
client 2023-08-07 10:12:29,720 [INFO] Sending command to the server: 'mlcommons/power client v3'
client 2023-08-07 10:12:29,723 [INFO] Got response: 'mlcommons/power server v3'
client 2023-08-07 10:12:29,723 [INFO] Synchronizing with the server and with time.google.com...
client 2023-08-07 10:12:29,742 [INFO] NTP:offset = -0.000 s, delay = 0.016 s 
client 2023-08-07 10:12:29,742 [INFO] Sending command to the server: 'time'
client 2023-08-07 10:12:29,747 [INFO] Got response: '1691399549.66095'
client 2023-08-07 10:12:29,747 [INFO] The time difference between the client and the server is within range 81.436 ms..86.571 ms
client 2023-08-07 10:12:29,747 [INFO] Sending command to the server: 'new,,1d37be4a-bc61-458c-9f49-38103bbb1689'
client 2023-08-07 10:12:29,750 [INFO] Got response: 'OK 2023-08-07_10-12-29,b6bb2615-3238-43a7-954b-7660e92c2af2'
client 2023-08-07 10:12:29,750 [INFO] Session id is '2023-08-07_10-12-29'
client 2023-08-07 10:12:29,751 [INFO] Sources: {"sources": {"__init__.py": "da39a3ee5e6b4b0d3255bfef95601890afd80709", "client.py": "33ca4f26368777ac06e01f9567b714a4b8063886", "lib/__init__.py": "da39a3ee5e6b4b0d3255bfef95601890afd80709", "lib/client.py": "ac2aa093c8e8bbc9569b9e2a3471bc64e58a2258", "lib/common.py": "611d8b29633d331eb19c9455ea3b5fa3284ed6df", "lib/external/__init__.py": "da39a3ee5e6b4b0d3255bfef95601890afd80709", "lib/external/ntplib.py": "4da8f970656505a40483206ef2b5d3dd5e81711d", "lib/server.py": "c7af63c31bb2fbedea4345f571f6e3507d268ada", "lib/source_hashes.py": "60a2e02193209e8d392803326208d5466342da18", "lib/summary.py": "aa92f0a3f975eecd44d3c0cd0236342ccc9f941d", "lib/time_sync.py": "122eba67a9abc85635223e054def53be1367ade2", "server.py": "c3f90f2f7eeb4db30727556d0c815ebc89b3d28b", "tests/unit/__init__.py": "da39a3ee5e6b4b0d3255bfef95601890afd80709", "tests/unit/test_server.py": "948c1995d4008bc2aa6c4046a34ffa3858d6d671", "tests/unit/test_source_hashes.py": "00468a2907583c593e6574a1f6b404e4651c221a"}, "modules": {"ptd_client_server.lib.client": "lib/client.py", "ptd_client_server.lib.common": "lib/common.py", "ptd_client_server.lib.external.ntplib": "lib/external/ntplib.py", "ptd_client_server.lib.source_hashes": "lib/source_hashes.py", "ptd_client_server.lib.summary": "lib/summary.py", "ptd_client_server.lib.time_sync": "lib/time_sync.py"}}
client 2023-08-07 10:12:29,751 [INFO] Running workload in ranging mode
client 2023-08-07 10:12:29,751 [INFO] Synchronizing with the server and with time.google.com...
client 2023-08-07 10:12:29,767 [INFO] NTP:offset = -0.000 s, delay = 0.016 s 
client 2023-08-07 10:12:29,767 [INFO] Sending command to the server: 'time'
client 2023-08-07 10:12:29,770 [INFO] Got response: '1691399549.6815097'
client 2023-08-07 10:12:29,770 [INFO] The time difference between the client and the server is within range 86.457 ms..88.742 ms
client 2023-08-07 10:12:29,770 [INFO] Sending command to the server: 'session,2023-08-07_10-12-29,start,ranging'
client 2023-08-07 10:12:58,551 [INFO] Got response: 'OK'
client 2023-08-07 10:12:58,551 [INFO] Sending command to the server: 'time'
client 2023-08-07 10:12:58,554 [INFO] Got response: '1691399578.4717517'
client 2023-08-07 10:12:58,554 [INFO] The time difference between the client and the server is within range 79.891 ms..83.100 ms
client 2023-08-07 10:12:58,554 [INFO] Running the workload 'CM_MLPERF_RUN_COUNT=$(cat ${CM_RUN_DIR}/count.txt); echo ${CM_MLPERF_RUN_COUNT}; CM_MLPERF_RUN_COUNT=$((CM_MLPERF_RUN_COUNT+1)); echo ${CM_MLPERF_RUN_COUNT} > ${CM_RUN_DIR}/count.txt && if [ ${CM_MLPERF_RUN_COUNT} -eq "1" ]; then export CM_MLPERF_USER_CONF=${CM_MLPERF_RANGING_USER_CONF}; else export CM_MLPERF_USER_CONF=${CM_MLPERF_TESTING_USER_CONF}; fi && /mount/CM/repos/ctuning@mlcommons-ck/cm-mlops/script/run-all-mlperf-models/run.out'
client 2023-08-07 10:17:59,856 [INFO] Sending command to the server: 'time'
client 2023-08-07 10:17:59,858 [INFO] Got response: '1691399879.7722967'
client 2023-08-07 10:17:59,858 [INFO] The time difference between the client and the server is within range 83.771 ms..86.622 ms
client 2023-08-07 10:17:59,859 [INFO] Sending command to the server: 'session,2023-08-07_10-12-29,stop,ranging'
client 2023-08-07 10:18:10,782 [INFO] Got response: 'OK'
client 2023-08-07 10:18:10,782 [INFO] Sending command to the server: 'time'
client 2023-08-07 10:18:10,852 [INFO] Got response: '1691399890.764742'
client 2023-08-07 10:18:10,852 [INFO] The time difference between the client and the server is within range 18.131 ms..88.167 ms
client 2023-08-07 10:18:10,856 [INFO] Copying loadgen logs from '/home/arjun/mobilenet_results/valid_results/orin-tflite_armnn_cpp-cpu-armnn_tflite-v23.05-using_neon/mobilenet-v2-precision_uint8-1.0-128/singlestream/performance/run_1' to '/home/arjun/mobilenet_results/valid_results/orin-tflite_armnn_cpp-cpu-armnn_tflite-v23.05-using_neon/mobilenet-v2-precision_uint8-1.0-128/singlestream/performance/tmp_power/ranging'
client 2023-08-07 10:18:10,857 [INFO] Running workload in testing mode
client 2023-08-07 10:18:10,857 [INFO] Synchronizing with the server and with time.google.com...
client 2023-08-07 10:18:10,885 [INFO] NTP:offset = 0.000 s, delay = 0.016 s 
client 2023-08-07 10:18:10,885 [INFO] Sending command to the server: 'time'
client 2023-08-07 10:18:10,954 [INFO] Got response: '1691399890.865323'
client 2023-08-07 10:18:10,954 [INFO] The time difference between the client and the server is within range 20.482 ms..89.582 ms
client 2023-08-07 10:18:10,954 [INFO] Sending command to the server: 'session,2023-08-07_10-12-29,start,testing'
client 2023-08-07 10:18:24,000 [INFO] Got response: 'OK'
client 2023-08-07 10:18:24,001 [INFO] Sending command to the server: 'time'
client 2023-08-07 10:18:24,004 [INFO] Got response: '1691399903.915485'
client 2023-08-07 10:18:24,004 [INFO] The time difference between the client and the server is within range 85.544 ms..88.798 ms
client 2023-08-07 10:18:24,004 [INFO] Running the workload 'CM_MLPERF_RUN_COUNT=$(cat ${CM_RUN_DIR}/count.txt); echo ${CM_MLPERF_RUN_COUNT}; CM_MLPERF_RUN_COUNT=$((CM_MLPERF_RUN_COUNT+1)); echo ${CM_MLPERF_RUN_COUNT} > ${CM_RUN_DIR}/count.txt && if [ ${CM_MLPERF_RUN_COUNT} -eq "1" ]; then export CM_MLPERF_USER_CONF=${CM_MLPERF_RANGING_USER_CONF}; else export CM_MLPERF_USER_CONF=${CM_MLPERF_TESTING_USER_CONF}; fi && /mount/CM/repos/ctuning@mlcommons-ck/cm-mlops/script/run-all-mlperf-models/run.out'
client 2023-08-07 10:28:26,251 [INFO] Sending command to the server: 'time'
client 2023-08-07 10:28:26,255 [INFO] Got response: '1691400506.1644905'
client 2023-08-07 10:28:26,255 [INFO] The time difference between the client and the server is within range 86.982 ms..91.312 ms
client 2023-08-07 10:28:26,255 [INFO] Sending command to the server: 'session,2023-08-07_10-12-29,stop,testing'
client 2023-08-07 10:28:37,550 [INFO] Got response: 'OK'
client 2023-08-07 10:28:37,550 [INFO] Sending command to the server: 'time'
client 2023-08-07 10:28:37,553 [INFO] Got response: '1691400517.461265'
client 2023-08-07 10:28:37,553 [INFO] The time difference between the client and the server is within range 89.063 ms..92.639 ms
client 2023-08-07 10:28:37,554 [INFO] Copying loadgen logs from '/home/arjun/mobilenet_results/valid_results/orin-tflite_armnn_cpp-cpu-armnn_tflite-v23.05-using_neon/mobilenet-v2-precision_uint8-1.0-128/singlestream/performance/run_1' to '/home/arjun/mobilenet_results/valid_results/orin-tflite_armnn_cpp-cpu-armnn_tflite-v23.05-using_neon/mobilenet-v2-precision_uint8-1.0-128/singlestream/performance/tmp_power/run_1'
client 2023-08-07 10:28:37,555 [INFO] Done runs
