client 2023-08-07 19:56:30,606 [INFO] Creating output directory '/home/arjun/mobilenet_results/valid_results/orin-tflite_armnn_cpp-cpu-armnn_tflite-v23.05-using_neon/efficientnet-int8-lite2/singlestream/performance/tmp_power'
client 2023-08-07 19:56:30,609 [INFO] Sending command to the server: 'mlcommons/power client v3'
client 2023-08-07 19:56:30,623 [INFO] Got response: 'mlcommons/power server v3'
client 2023-08-07 19:56:30,623 [INFO] Synchronizing with the server and with time.google.com...
client 2023-08-07 19:56:30,641 [INFO] NTP:offset = 0.000 s, delay = 0.015 s 
client 2023-08-07 19:56:30,641 [INFO] Sending command to the server: 'time'
client 2023-08-07 19:56:30,644 [INFO] Got response: '1691434590.5331616'
client 2023-08-07 19:56:30,644 [INFO] The time difference between the client and the server is within range 108.133 ms..111.493 ms
client 2023-08-07 19:56:30,644 [INFO] Sending command to the server: 'new,,a43765a2-c81a-4ba1-8906-40a3d8aa2151'
client 2023-08-07 19:56:30,648 [INFO] Got response: 'OK 2023-08-07_19-56-30,867561f9-8d49-4c3e-857c-348b9e9db182'
client 2023-08-07 19:56:30,648 [INFO] Session id is '2023-08-07_19-56-30'
client 2023-08-07 19:56:30,648 [INFO] Sources: {"sources": {"__init__.py": "da39a3ee5e6b4b0d3255bfef95601890afd80709", "client.py": "33ca4f26368777ac06e01f9567b714a4b8063886", "lib/__init__.py": "da39a3ee5e6b4b0d3255bfef95601890afd80709", "lib/client.py": "ac2aa093c8e8bbc9569b9e2a3471bc64e58a2258", "lib/common.py": "611d8b29633d331eb19c9455ea3b5fa3284ed6df", "lib/external/__init__.py": "da39a3ee5e6b4b0d3255bfef95601890afd80709", "lib/external/ntplib.py": "4da8f970656505a40483206ef2b5d3dd5e81711d", "lib/server.py": "c7af63c31bb2fbedea4345f571f6e3507d268ada", "lib/source_hashes.py": "60a2e02193209e8d392803326208d5466342da18", "lib/summary.py": "aa92f0a3f975eecd44d3c0cd0236342ccc9f941d", "lib/time_sync.py": "122eba67a9abc85635223e054def53be1367ade2", "server.py": "c3f90f2f7eeb4db30727556d0c815ebc89b3d28b", "tests/unit/__init__.py": "da39a3ee5e6b4b0d3255bfef95601890afd80709", "tests/unit/test_server.py": "948c1995d4008bc2aa6c4046a34ffa3858d6d671", "tests/unit/test_source_hashes.py": "00468a2907583c593e6574a1f6b404e4651c221a"}, "modules": {"ptd_client_server.lib.client": "lib/client.py", "ptd_client_server.lib.common": "lib/common.py", "ptd_client_server.lib.external.ntplib": "lib/external/ntplib.py", "ptd_client_server.lib.source_hashes": "lib/source_hashes.py", "ptd_client_server.lib.summary": "lib/summary.py", "ptd_client_server.lib.time_sync": "lib/time_sync.py"}}
client 2023-08-07 19:56:30,648 [INFO] Running workload in ranging mode
client 2023-08-07 19:56:30,648 [INFO] Synchronizing with the server and with time.google.com...
client 2023-08-07 19:56:30,664 [INFO] NTP:offset = 0.000 s, delay = 0.014 s 
client 2023-08-07 19:56:30,664 [INFO] Sending command to the server: 'time'
client 2023-08-07 19:56:30,666 [INFO] Got response: '1691434590.553198'
client 2023-08-07 19:56:30,667 [INFO] The time difference between the client and the server is within range 110.911 ms..113.800 ms
client 2023-08-07 19:56:30,667 [INFO] Sending command to the server: 'session,2023-08-07_19-56-30,start,ranging'
client 2023-08-07 19:56:59,402 [INFO] Got response: 'OK'
client 2023-08-07 19:56:59,402 [INFO] Sending command to the server: 'time'
client 2023-08-07 19:56:59,406 [INFO] Got response: '1691434619.2992628'
client 2023-08-07 19:56:59,407 [INFO] The time difference between the client and the server is within range 103.349 ms..107.734 ms
client 2023-08-07 19:56:59,407 [INFO] Running the workload 'CM_MLPERF_RUN_COUNT=$(cat ${CM_RUN_DIR}/count.txt); echo ${CM_MLPERF_RUN_COUNT}; CM_MLPERF_RUN_COUNT=$((CM_MLPERF_RUN_COUNT+1)); echo ${CM_MLPERF_RUN_COUNT} > ${CM_RUN_DIR}/count.txt && if [ ${CM_MLPERF_RUN_COUNT} -eq "1" ]; then export CM_MLPERF_USER_CONF=${CM_MLPERF_RANGING_USER_CONF}; else export CM_MLPERF_USER_CONF=${CM_MLPERF_TESTING_USER_CONF}; fi && /mount/CM/repos/ctuning@mlcommons-ck/cm-mlops/script/run-all-mlperf-models/run.out'
client 2023-08-07 20:02:00,890 [INFO] Sending command to the server: 'time'
client 2023-08-07 20:02:00,895 [INFO] Got response: '1691434920.784838'
client 2023-08-07 20:02:00,895 [INFO] The time difference between the client and the server is within range 105.483 ms..110.473 ms
client 2023-08-07 20:02:00,895 [INFO] Sending command to the server: 'session,2023-08-07_19-56-30,stop,ranging'
client 2023-08-07 20:02:11,881 [INFO] Got response: 'OK'
client 2023-08-07 20:02:11,881 [INFO] Sending command to the server: 'time'
client 2023-08-07 20:02:11,903 [INFO] Got response: '1691434931.7709372'
client 2023-08-07 20:02:11,903 [INFO] The time difference between the client and the server is within range 110.586 ms..132.817 ms
client 2023-08-07 20:02:11,907 [INFO] Copying loadgen logs from '/home/arjun/mobilenet_results/valid_results/orin-tflite_armnn_cpp-cpu-armnn_tflite-v23.05-using_neon/efficientnet-int8-lite2/singlestream/performance/run_1' to '/home/arjun/mobilenet_results/valid_results/orin-tflite_armnn_cpp-cpu-armnn_tflite-v23.05-using_neon/efficientnet-int8-lite2/singlestream/performance/tmp_power/ranging'
client 2023-08-07 20:02:11,908 [INFO] Running workload in testing mode
client 2023-08-07 20:02:11,908 [INFO] Synchronizing with the server and with time.google.com...
client 2023-08-07 20:02:11,925 [INFO] NTP:offset = 0.001 s, delay = 0.016 s 
client 2023-08-07 20:02:11,925 [INFO] Sending command to the server: 'time'
client 2023-08-07 20:02:11,943 [INFO] Got response: '1691434931.8319237'
client 2023-08-07 20:02:11,943 [INFO] The time difference between the client and the server is within range 93.634 ms..111.458 ms
client 2023-08-07 20:02:11,943 [INFO] Sending command to the server: 'session,2023-08-07_19-56-30,start,testing'
client 2023-08-07 20:02:24,988 [INFO] Got response: 'OK'
client 2023-08-07 20:02:24,988 [INFO] Sending command to the server: 'time'
client 2023-08-07 20:02:24,992 [INFO] Got response: '1691434944.8745298'
client 2023-08-07 20:02:24,992 [INFO] The time difference between the client and the server is within range 114.443 ms..118.407 ms
client 2023-08-07 20:02:24,993 [INFO] Running the workload 'CM_MLPERF_RUN_COUNT=$(cat ${CM_RUN_DIR}/count.txt); echo ${CM_MLPERF_RUN_COUNT}; CM_MLPERF_RUN_COUNT=$((CM_MLPERF_RUN_COUNT+1)); echo ${CM_MLPERF_RUN_COUNT} > ${CM_RUN_DIR}/count.txt && if [ ${CM_MLPERF_RUN_COUNT} -eq "1" ]; then export CM_MLPERF_USER_CONF=${CM_MLPERF_RANGING_USER_CONF}; else export CM_MLPERF_USER_CONF=${CM_MLPERF_TESTING_USER_CONF}; fi && /mount/CM/repos/ctuning@mlcommons-ck/cm-mlops/script/run-all-mlperf-models/run.out'
client 2023-08-07 20:12:27,186 [INFO] Sending command to the server: 'time'
client 2023-08-07 20:12:27,192 [INFO] Got response: '1691435547.0711427'
client 2023-08-07 20:12:27,192 [INFO] The time difference between the client and the server is within range 115.662 ms..121.311 ms
client 2023-08-07 20:12:27,192 [INFO] Sending command to the server: 'session,2023-08-07_19-56-30,stop,testing'
client 2023-08-07 20:12:38,098 [INFO] Got response: 'OK'
client 2023-08-07 20:12:38,098 [INFO] Sending command to the server: 'time'
client 2023-08-07 20:12:38,120 [INFO] Got response: '1691435558.0023768'
client 2023-08-07 20:12:38,120 [INFO] The time difference between the client and the server is within range 96.150 ms..118.420 ms
client 2023-08-07 20:12:38,121 [INFO] Copying loadgen logs from '/home/arjun/mobilenet_results/valid_results/orin-tflite_armnn_cpp-cpu-armnn_tflite-v23.05-using_neon/efficientnet-int8-lite2/singlestream/performance/run_1' to '/home/arjun/mobilenet_results/valid_results/orin-tflite_armnn_cpp-cpu-armnn_tflite-v23.05-using_neon/efficientnet-int8-lite2/singlestream/performance/tmp_power/run_1'
client 2023-08-07 20:12:38,122 [INFO] Done runs
