client 2023-07-09 19:49:09,225 [INFO] Creating output directory '/home/arjun/mobilenet_results/valid_results/orin-tflite_cpp-cpu-tflite-vmaster-default_config/mobilenet-v2-precision_uint8-1.0-128/singlestream/performance/tmp_power'
client 2023-07-09 19:49:09,229 [INFO] Sending command to the server: 'mlcommons/power client v3'
client 2023-07-09 19:49:09,231 [INFO] Got response: 'mlcommons/power server v3'
client 2023-07-09 19:49:09,231 [INFO] Synchronizing with the server and with time.google.com...
client 2023-07-09 19:49:09,254 [INFO] NTP:offset = 0.001 s, delay = 0.018 s 
client 2023-07-09 19:49:09,255 [INFO] Sending command to the server: 'time'
client 2023-07-09 19:49:09,257 [INFO] Got response: '1688928549.258112'
client 2023-07-09 19:49:09,257 [INFO] The time difference between the client and the server is within range -2.988 ms..-0.153 ms
client 2023-07-09 19:49:09,258 [INFO] Sending command to the server: 'new,,3f732377-35c7-47a1-9897-68bf41d46cff'
client 2023-07-09 19:49:09,260 [INFO] Got response: 'OK 2023-07-09_18-49-09,bdc9f755-64b2-492a-9d57-fc5caecd1bf3'
client 2023-07-09 19:49:09,260 [INFO] Session id is '2023-07-09_18-49-09'
client 2023-07-09 19:49:09,261 [INFO] Sources: {"sources": {"__init__.py": "da39a3ee5e6b4b0d3255bfef95601890afd80709", "client.py": "33ca4f26368777ac06e01f9567b714a4b8063886", "lib/__init__.py": "da39a3ee5e6b4b0d3255bfef95601890afd80709", "lib/client.py": "ac2aa093c8e8bbc9569b9e2a3471bc64e58a2258", "lib/common.py": "611d8b29633d331eb19c9455ea3b5fa3284ed6df", "lib/external/__init__.py": "da39a3ee5e6b4b0d3255bfef95601890afd80709", "lib/external/ntplib.py": "4da8f970656505a40483206ef2b5d3dd5e81711d", "lib/server.py": "c7af63c31bb2fbedea4345f571f6e3507d268ada", "lib/source_hashes.py": "60a2e02193209e8d392803326208d5466342da18", "lib/summary.py": "aa92f0a3f975eecd44d3c0cd0236342ccc9f941d", "lib/time_sync.py": "122eba67a9abc85635223e054def53be1367ade2", "server.py": "c3f90f2f7eeb4db30727556d0c815ebc89b3d28b", "tests/unit/__init__.py": "da39a3ee5e6b4b0d3255bfef95601890afd80709", "tests/unit/test_server.py": "948c1995d4008bc2aa6c4046a34ffa3858d6d671", "tests/unit/test_source_hashes.py": "00468a2907583c593e6574a1f6b404e4651c221a"}, "modules": {"ptd_client_server.lib.client": "lib/client.py", "ptd_client_server.lib.common": "lib/common.py", "ptd_client_server.lib.external.ntplib": "lib/external/ntplib.py", "ptd_client_server.lib.source_hashes": "lib/source_hashes.py", "ptd_client_server.lib.summary": "lib/summary.py", "ptd_client_server.lib.time_sync": "lib/time_sync.py"}}
client 2023-07-09 19:49:09,261 [INFO] Running workload in ranging mode
client 2023-07-09 19:49:09,261 [INFO] Synchronizing with the server and with time.google.com...
client 2023-07-09 19:49:09,279 [INFO] NTP:offset = 0.002 s, delay = 0.017 s 
client 2023-07-09 19:49:09,279 [INFO] Sending command to the server: 'time'
client 2023-07-09 19:49:09,281 [INFO] Got response: '1688928549.2823637'
client 2023-07-09 19:49:09,282 [INFO] The time difference between the client and the server is within range -3.194 ms..-0.316 ms
client 2023-07-09 19:49:09,282 [INFO] Sending command to the server: 'session,2023-07-09_18-49-09,start,ranging'
client 2023-07-09 19:49:37,395 [INFO] Got response: 'OK'
client 2023-07-09 19:49:37,396 [INFO] Sending command to the server: 'time'
client 2023-07-09 19:49:37,399 [INFO] Got response: '1688928577.399248'
client 2023-07-09 19:49:37,399 [INFO] The time difference between the client and the server is within range -2.929 ms..0.463 ms
client 2023-07-09 19:49:37,400 [INFO] Running the workload 'CM_MLPERF_RUN_COUNT=$(cat ${CM_RUN_DIR}/count.txt); echo ${CM_MLPERF_RUN_COUNT}; CM_MLPERF_RUN_COUNT=$((CM_MLPERF_RUN_COUNT+1)); echo ${CM_MLPERF_RUN_COUNT} > ${CM_RUN_DIR}/count.txt && if [ ${CM_MLPERF_RUN_COUNT} -eq "1" ]; then export CM_MLPERF_USER_CONF=${CM_MLPERF_RANGING_USER_CONF}; else export CM_MLPERF_USER_CONF=${CM_MLPERF_TESTING_USER_CONF}; fi && /home/arjun/run.out'
client 2023-07-09 19:54:43,100 [INFO] Sending command to the server: 'time'
client 2023-07-09 19:54:43,119 [INFO] Got response: '1688928883.118925'
client 2023-07-09 19:54:43,119 [INFO] The time difference between the client and the server is within range -18.438 ms..0.494 ms
client 2023-07-09 19:54:43,119 [INFO] Sending command to the server: 'session,2023-07-09_18-49-09,stop,ranging'
client 2023-07-09 19:54:53,477 [INFO] Got response: 'OK'
client 2023-07-09 19:54:53,477 [INFO] Sending command to the server: 'time'
client 2023-07-09 19:54:53,482 [INFO] Got response: '1688928893.4825897'
client 2023-07-09 19:54:53,482 [INFO] The time difference between the client and the server is within range -5.014 ms..-0.045 ms
client 2023-07-09 19:54:53,501 [INFO] Copying loadgen logs from '/home/arjun/mobilenet_results/valid_results/orin-tflite_cpp-cpu-tflite-vmaster-default_config/mobilenet-v2-precision_uint8-1.0-128/singlestream/performance/run_1' to '/home/arjun/mobilenet_results/valid_results/orin-tflite_cpp-cpu-tflite-vmaster-default_config/mobilenet-v2-precision_uint8-1.0-128/singlestream/performance/tmp_power/ranging'
client 2023-07-09 19:54:53,503 [INFO] Running workload in testing mode
client 2023-07-09 19:54:53,504 [INFO] Synchronizing with the server and with time.google.com...
client 2023-07-09 19:54:53,524 [INFO] NTP:offset = 0.001 s, delay = 0.016 s 
client 2023-07-09 19:54:53,524 [INFO] Sending command to the server: 'time'
client 2023-07-09 19:54:53,527 [INFO] Got response: '1688928893.527709'
client 2023-07-09 19:54:53,527 [INFO] The time difference between the client and the server is within range -2.952 ms..0.046 ms
client 2023-07-09 19:54:53,527 [INFO] Sending command to the server: 'session,2023-07-09_18-49-09,start,testing'
client 2023-07-09 19:55:06,551 [INFO] Got response: 'OK'
client 2023-07-09 19:55:06,552 [INFO] Sending command to the server: 'time'
client 2023-07-09 19:55:06,556 [INFO] Got response: '1688928906.5558867'
client 2023-07-09 19:55:06,556 [INFO] The time difference between the client and the server is within range -3.446 ms..0.740 ms
client 2023-07-09 19:55:06,556 [INFO] Running the workload 'CM_MLPERF_RUN_COUNT=$(cat ${CM_RUN_DIR}/count.txt); echo ${CM_MLPERF_RUN_COUNT}; CM_MLPERF_RUN_COUNT=$((CM_MLPERF_RUN_COUNT+1)); echo ${CM_MLPERF_RUN_COUNT} > ${CM_RUN_DIR}/count.txt && if [ ${CM_MLPERF_RUN_COUNT} -eq "1" ]; then export CM_MLPERF_USER_CONF=${CM_MLPERF_RANGING_USER_CONF}; else export CM_MLPERF_USER_CONF=${CM_MLPERF_TESTING_USER_CONF}; fi && /home/arjun/run.out'
client 2023-07-09 20:05:17,787 [INFO] Sending command to the server: 'time'
client 2023-07-09 20:05:17,898 [INFO] Got response: '1688929517.8980062'
client 2023-07-09 20:05:17,899 [INFO] The time difference between the client and the server is within range -110.181 ms..1.148 ms
client 2023-07-09 20:05:17,899 [INFO] Sending command to the server: 'session,2023-07-09_18-49-09,stop,testing'
client 2023-07-09 20:05:28,606 [INFO] Got response: 'OK'
client 2023-07-09 20:05:28,607 [INFO] Sending command to the server: 'time'
client 2023-07-09 20:05:28,610 [INFO] Got response: '1688929528.609782'
client 2023-07-09 20:05:28,610 [INFO] The time difference between the client and the server is within range -2.789 ms..0.590 ms
client 2023-07-09 20:05:28,614 [INFO] Copying loadgen logs from '/home/arjun/mobilenet_results/valid_results/orin-tflite_cpp-cpu-tflite-vmaster-default_config/mobilenet-v2-precision_uint8-1.0-128/singlestream/performance/run_1' to '/home/arjun/mobilenet_results/valid_results/orin-tflite_cpp-cpu-tflite-vmaster-default_config/mobilenet-v2-precision_uint8-1.0-128/singlestream/performance/tmp_power/run_1'
client 2023-07-09 20:05:28,616 [INFO] Done runs
