client 2023-07-16 09:43:41,432 [INFO] Creating output directory '/home/arjun/mobilenet_results/valid_results/raspberrypi-tflite_armnn_cpp-cpu-armnn_tflite-v23.05-using_neon/efficientnet-fp32-lite2/singlestream/performance/tmp_power'
client 2023-07-16 09:43:41,436 [INFO] Sending command to the server: 'mlcommons/power client v3'
client 2023-07-16 09:43:41,441 [INFO] Got response: 'mlcommons/power server v3'
client 2023-07-16 09:43:41,441 [INFO] Synchronizing with the server and with time.google.com...
client 2023-07-16 09:43:41,504 [INFO] NTP:offset = -0.008 s, delay = 0.030 s 
client 2023-07-16 09:43:41,505 [INFO] Sending command to the server: 'time'
client 2023-07-16 09:43:41,509 [INFO] Got response: '1689497021.358388'
client 2023-07-16 09:43:41,510 [INFO] The time difference between the client and the server is within range 147.065 ms..151.944 ms
client 2023-07-16 09:43:41,510 [INFO] Sending command to the server: 'new,,aa520680-fbc4-483c-8334-795944a1e67f'
client 2023-07-16 09:43:41,516 [INFO] Got response: 'OK 2023-07-16_09-43-41,da944f74-affb-4fc2-b857-e48220ec3955'
client 2023-07-16 09:43:41,516 [INFO] Session id is '2023-07-16_09-43-41'
client 2023-07-16 09:43:41,517 [INFO] Sources: {"sources": {"__init__.py": "da39a3ee5e6b4b0d3255bfef95601890afd80709", "client.py": "33ca4f26368777ac06e01f9567b714a4b8063886", "lib/__init__.py": "da39a3ee5e6b4b0d3255bfef95601890afd80709", "lib/client.py": "ac2aa093c8e8bbc9569b9e2a3471bc64e58a2258", "lib/common.py": "611d8b29633d331eb19c9455ea3b5fa3284ed6df", "lib/external/__init__.py": "da39a3ee5e6b4b0d3255bfef95601890afd80709", "lib/external/ntplib.py": "4da8f970656505a40483206ef2b5d3dd5e81711d", "lib/server.py": "c7af63c31bb2fbedea4345f571f6e3507d268ada", "lib/source_hashes.py": "60a2e02193209e8d392803326208d5466342da18", "lib/summary.py": "aa92f0a3f975eecd44d3c0cd0236342ccc9f941d", "lib/time_sync.py": "122eba67a9abc85635223e054def53be1367ade2", "server.py": "c3f90f2f7eeb4db30727556d0c815ebc89b3d28b", "tests/unit/__init__.py": "da39a3ee5e6b4b0d3255bfef95601890afd80709", "tests/unit/test_server.py": "948c1995d4008bc2aa6c4046a34ffa3858d6d671", "tests/unit/test_source_hashes.py": "00468a2907583c593e6574a1f6b404e4651c221a"}, "modules": {"ptd_client_server.lib.client": "lib/client.py", "ptd_client_server.lib.common": "lib/common.py", "ptd_client_server.lib.external.ntplib": "lib/external/ntplib.py", "ptd_client_server.lib.source_hashes": "lib/source_hashes.py", "ptd_client_server.lib.summary": "lib/summary.py", "ptd_client_server.lib.time_sync": "lib/time_sync.py"}}
client 2023-07-16 09:43:41,518 [INFO] Running workload in ranging mode
client 2023-07-16 09:43:41,518 [INFO] Synchronizing with the server and with time.google.com...
client 2023-07-16 09:43:41,554 [INFO] NTP:offset = -0.001 s, delay = 0.015 s 
client 2023-07-16 09:43:41,555 [INFO] Sending command to the server: 'time'
client 2023-07-16 09:43:41,560 [INFO] Got response: '1689497021.4084384'
client 2023-07-16 09:43:41,560 [INFO] The time difference between the client and the server is within range 146.776 ms..152.467 ms
client 2023-07-16 09:43:41,561 [INFO] Sending command to the server: 'session,2023-07-16_09-43-41,start,ranging'
client 2023-07-16 09:44:10,816 [INFO] Got response: 'OK'
client 2023-07-16 09:44:10,817 [INFO] Sending command to the server: 'time'
client 2023-07-16 09:44:10,822 [INFO] Got response: '1689497050.6639059'
client 2023-07-16 09:44:10,822 [INFO] The time difference between the client and the server is within range 153.538 ms..158.712 ms
client 2023-07-16 09:44:10,823 [INFO] Running the workload 'CM_MLPERF_RUN_COUNT=$(cat ${CM_RUN_DIR}/count.txt); echo ${CM_MLPERF_RUN_COUNT}; CM_MLPERF_RUN_COUNT=$((CM_MLPERF_RUN_COUNT+1)); echo ${CM_MLPERF_RUN_COUNT} > ${CM_RUN_DIR}/count.txt && if [ ${CM_MLPERF_RUN_COUNT} -eq "1" ]; then export CM_MLPERF_USER_CONF=${CM_MLPERF_RANGING_USER_CONF}; else export CM_MLPERF_USER_CONF=${CM_MLPERF_TESTING_USER_CONF}; fi && /home/arjun/run.out'
client 2023-07-16 09:49:33,180 [INFO] Sending command to the server: 'time'
client 2023-07-16 09:49:33,186 [INFO] Got response: '1689497373.0260243'
client 2023-07-16 09:49:33,186 [INFO] The time difference between the client and the server is within range 154.718 ms..160.348 ms
client 2023-07-16 09:49:33,186 [INFO] Sending command to the server: 'session,2023-07-16_09-43-41,stop,ranging'
client 2023-07-16 09:49:44,097 [INFO] Got response: 'OK'
client 2023-07-16 09:49:44,098 [INFO] Sending command to the server: 'time'
client 2023-07-16 09:49:44,103 [INFO] Got response: '1689497383.942478'
client 2023-07-16 09:49:44,103 [INFO] The time difference between the client and the server is within range 155.838 ms..161.231 ms
client 2023-07-16 09:49:44,138 [INFO] Copying loadgen logs from '/home/arjun/mobilenet_results/valid_results/raspberrypi-tflite_armnn_cpp-cpu-armnn_tflite-v23.05-using_neon/efficientnet-fp32-lite2/singlestream/performance/run_1' to '/home/arjun/mobilenet_results/valid_results/raspberrypi-tflite_armnn_cpp-cpu-armnn_tflite-v23.05-using_neon/efficientnet-fp32-lite2/singlestream/performance/tmp_power/ranging'
client 2023-07-16 09:49:44,141 [INFO] Running workload in testing mode
client 2023-07-16 09:49:44,141 [INFO] Synchronizing with the server and with time.google.com...
client 2023-07-16 09:49:44,207 [INFO] NTP:offset = -0.019 s, delay = 0.049 s 
client 2023-07-16 09:49:44,208 [INFO] Sending command to the server: 'time'
client 2023-07-16 09:49:44,213 [INFO] Got response: '1689497384.0536525'
client 2023-07-16 09:49:44,213 [INFO] The time difference between the client and the server is within range 154.408 ms..159.812 ms
client 2023-07-16 09:49:44,213 [INFO] Sending command to the server: 'session,2023-07-16_09-43-41,start,testing'
client 2023-07-16 09:49:57,270 [INFO] Got response: 'OK'
client 2023-07-16 09:49:57,271 [INFO] Sending command to the server: 'time'
client 2023-07-16 09:49:57,277 [INFO] Got response: '1689497397.114884'
client 2023-07-16 09:49:57,277 [INFO] The time difference between the client and the server is within range 156.466 ms..162.652 ms
client 2023-07-16 09:49:57,277 [INFO] Running the workload 'CM_MLPERF_RUN_COUNT=$(cat ${CM_RUN_DIR}/count.txt); echo ${CM_MLPERF_RUN_COUNT}; CM_MLPERF_RUN_COUNT=$((CM_MLPERF_RUN_COUNT+1)); echo ${CM_MLPERF_RUN_COUNT} > ${CM_RUN_DIR}/count.txt && if [ ${CM_MLPERF_RUN_COUNT} -eq "1" ]; then export CM_MLPERF_USER_CONF=${CM_MLPERF_RANGING_USER_CONF}; else export CM_MLPERF_USER_CONF=${CM_MLPERF_TESTING_USER_CONF}; fi && /home/arjun/run.out'
client 2023-07-16 10:00:10,688 [INFO] Sending command to the server: 'time'
client 2023-07-16 10:00:10,693 [INFO] Got response: '1689498010.519773'
client 2023-07-16 10:00:10,694 [INFO] The time difference between the client and the server is within range 168.800 ms..174.277 ms
client 2023-07-16 10:00:10,694 [INFO] Sending command to the server: 'session,2023-07-16_09-43-41,stop,testing'
client 2023-07-16 10:00:21,328 [INFO] Got response: 'OK'
client 2023-07-16 10:00:21,329 [INFO] Sending command to the server: 'time'
client 2023-07-16 10:00:21,332 [INFO] Got response: '1689498021.1584647'
client 2023-07-16 10:00:21,332 [INFO] The time difference between the client and the server is within range 170.649 ms..174.353 ms
client 2023-07-16 10:00:21,337 [INFO] Copying loadgen logs from '/home/arjun/mobilenet_results/valid_results/raspberrypi-tflite_armnn_cpp-cpu-armnn_tflite-v23.05-using_neon/efficientnet-fp32-lite2/singlestream/performance/run_1' to '/home/arjun/mobilenet_results/valid_results/raspberrypi-tflite_armnn_cpp-cpu-armnn_tflite-v23.05-using_neon/efficientnet-fp32-lite2/singlestream/performance/tmp_power/run_1'
client 2023-07-16 10:00:21,340 [INFO] Done runs
