client 2023-08-10 15:07:01,922 [INFO] Creating output directory '/home/arjun/mobilenet_results/valid_results/orin-tflite_cpp-cpu-tflite-vmaster-with_live_preprocessing/mobilenet-v1-precision_float-1.0-160/singlestream/performance/tmp_power'
client 2023-08-10 15:07:01,925 [INFO] Sending command to the server: 'mlcommons/power client v3'
client 2023-08-10 15:07:01,928 [INFO] Got response: 'mlcommons/power server v3'
client 2023-08-10 15:07:01,928 [INFO] Synchronizing with the server and with time.google.com...
client 2023-08-10 15:07:01,958 [INFO] NTP:offset = 0.000 s, delay = 0.015 s 
client 2023-08-10 15:07:01,958 [INFO] Sending command to the server: 'time'
client 2023-08-10 15:07:01,961 [INFO] Got response: '1691676421.8511984'
client 2023-08-10 15:07:01,961 [INFO] The time difference between the client and the server is within range 107.520 ms..110.777 ms
client 2023-08-10 15:07:01,962 [INFO] Sending command to the server: 'new,,22018dab-7fa0-4419-85f8-6c3c05001ae0'
client 2023-08-10 15:07:01,973 [INFO] Got response: 'OK 2023-08-10_15-07-01,44f1f08a-83ac-4937-bb8f-4058f1c460ac'
client 2023-08-10 15:07:01,973 [INFO] Session id is '2023-08-10_15-07-01'
client 2023-08-10 15:07:01,973 [INFO] Sources: {"sources": {"__init__.py": "da39a3ee5e6b4b0d3255bfef95601890afd80709", "client.py": "33ca4f26368777ac06e01f9567b714a4b8063886", "lib/__init__.py": "da39a3ee5e6b4b0d3255bfef95601890afd80709", "lib/client.py": "ac2aa093c8e8bbc9569b9e2a3471bc64e58a2258", "lib/common.py": "611d8b29633d331eb19c9455ea3b5fa3284ed6df", "lib/external/__init__.py": "da39a3ee5e6b4b0d3255bfef95601890afd80709", "lib/external/ntplib.py": "4da8f970656505a40483206ef2b5d3dd5e81711d", "lib/server.py": "c7af63c31bb2fbedea4345f571f6e3507d268ada", "lib/source_hashes.py": "60a2e02193209e8d392803326208d5466342da18", "lib/summary.py": "aa92f0a3f975eecd44d3c0cd0236342ccc9f941d", "lib/time_sync.py": "80894ef2389e540781ff78de94db16aa4203a14e", "server.py": "c3f90f2f7eeb4db30727556d0c815ebc89b3d28b", "tests/unit/__init__.py": "da39a3ee5e6b4b0d3255bfef95601890afd80709", "tests/unit/test_server.py": "948c1995d4008bc2aa6c4046a34ffa3858d6d671", "tests/unit/test_source_hashes.py": "00468a2907583c593e6574a1f6b404e4651c221a"}, "modules": {"ptd_client_server.lib.client": "lib/client.py", "ptd_client_server.lib.common": "lib/common.py", "ptd_client_server.lib.external.ntplib": "lib/external/ntplib.py", "ptd_client_server.lib.source_hashes": "lib/source_hashes.py", "ptd_client_server.lib.summary": "lib/summary.py", "ptd_client_server.lib.time_sync": "lib/time_sync.py"}}
client 2023-08-10 15:07:01,973 [INFO] Running workload in ranging mode
client 2023-08-10 15:07:01,973 [INFO] Synchronizing with the server and with time.google.com...
client 2023-08-10 15:07:01,990 [INFO] NTP:offset = 0.001 s, delay = 0.016 s 
client 2023-08-10 15:07:01,990 [INFO] Sending command to the server: 'time'
client 2023-08-10 15:07:01,993 [INFO] Got response: '1691676421.881672'
client 2023-08-10 15:07:01,993 [INFO] The time difference between the client and the server is within range 109.139 ms..111.968 ms
client 2023-08-10 15:07:01,993 [INFO] Sending command to the server: 'session,2023-08-10_15-07-01,start,ranging'
client 2023-08-10 15:07:30,735 [INFO] Got response: 'OK'
client 2023-08-10 15:07:30,735 [INFO] Sending command to the server: 'time'
client 2023-08-10 15:07:30,739 [INFO] Got response: '1691676450.6283953'
client 2023-08-10 15:07:30,739 [INFO] The time difference between the client and the server is within range 107.390 ms..110.735 ms
client 2023-08-10 15:07:30,739 [INFO] Running the workload 'CM_MLPERF_RUN_COUNT=$(cat ${CM_RUN_DIR}/count.txt); echo ${CM_MLPERF_RUN_COUNT}; CM_MLPERF_RUN_COUNT=$((CM_MLPERF_RUN_COUNT+1)); echo ${CM_MLPERF_RUN_COUNT} > ${CM_RUN_DIR}/count.txt && if [ ${CM_MLPERF_RUN_COUNT} -eq "1" ]; then export CM_MLPERF_USER_CONF=${CM_MLPERF_RANGING_USER_CONF}; else export CM_MLPERF_USER_CONF=${CM_MLPERF_TESTING_USER_CONF}; fi && /mount/CM/repos/ctuning@mlcommons-ck/cm-mlops/script/run-all-mlperf-models/run.out'
client 2023-08-10 15:12:35,310 [INFO] Sending command to the server: 'time'
client 2023-08-10 15:12:35,313 [INFO] Got response: '1691676755.195712'
client 2023-08-10 15:12:35,313 [INFO] The time difference between the client and the server is within range 114.861 ms..118.131 ms
client 2023-08-10 15:12:35,313 [INFO] Sending command to the server: 'session,2023-08-10_15-07-01,stop,ranging'
client 2023-08-10 15:12:46,163 [INFO] Got response: 'OK'
client 2023-08-10 15:12:46,163 [INFO] Sending command to the server: 'time'
client 2023-08-10 15:12:46,165 [INFO] Got response: '1691676766.0545144'
client 2023-08-10 15:12:46,166 [INFO] The time difference between the client and the server is within range 109.128 ms..111.482 ms
client 2023-08-10 15:12:46,169 [INFO] Copying loadgen logs from '/home/arjun/mobilenet_results/valid_results/orin-tflite_cpp-cpu-tflite-vmaster-with_live_preprocessing/mobilenet-v1-precision_float-1.0-160/singlestream/performance/run_1' to '/home/arjun/mobilenet_results/valid_results/orin-tflite_cpp-cpu-tflite-vmaster-with_live_preprocessing/mobilenet-v1-precision_float-1.0-160/singlestream/performance/tmp_power/ranging'
client 2023-08-10 15:12:46,170 [INFO] Running workload in testing mode
client 2023-08-10 15:12:46,170 [INFO] Synchronizing with the server and with time.google.com...
client 2023-08-10 15:12:46,185 [INFO] NTP:offset = 0.001 s, delay = 0.014 s 
client 2023-08-10 15:12:46,185 [INFO] Sending command to the server: 'time'
client 2023-08-10 15:12:46,188 [INFO] Got response: '1691676766.0757916'
client 2023-08-10 15:12:46,188 [INFO] The time difference between the client and the server is within range 110.004 ms..112.646 ms
client 2023-08-10 15:12:46,188 [INFO] Sending command to the server: 'session,2023-08-10_15-07-01,start,testing'
client 2023-08-10 15:12:59,240 [INFO] Got response: 'OK'
client 2023-08-10 15:12:59,240 [INFO] Sending command to the server: 'time'
client 2023-08-10 15:12:59,244 [INFO] Got response: '1691676779.1331232'
client 2023-08-10 15:12:59,244 [INFO] The time difference between the client and the server is within range 107.635 ms..111.091 ms
client 2023-08-10 15:12:59,244 [INFO] Running the workload 'CM_MLPERF_RUN_COUNT=$(cat ${CM_RUN_DIR}/count.txt); echo ${CM_MLPERF_RUN_COUNT}; CM_MLPERF_RUN_COUNT=$((CM_MLPERF_RUN_COUNT+1)); echo ${CM_MLPERF_RUN_COUNT} > ${CM_RUN_DIR}/count.txt && if [ ${CM_MLPERF_RUN_COUNT} -eq "1" ]; then export CM_MLPERF_USER_CONF=${CM_MLPERF_RANGING_USER_CONF}; else export CM_MLPERF_USER_CONF=${CM_MLPERF_TESTING_USER_CONF}; fi && /mount/CM/repos/ctuning@mlcommons-ck/cm-mlops/script/run-all-mlperf-models/run.out'
client 2023-08-10 15:23:01,357 [INFO] Sending command to the server: 'time'
client 2023-08-10 15:23:01,361 [INFO] Got response: '1691677381.2391212'
client 2023-08-10 15:23:01,361 [INFO] The time difference between the client and the server is within range 118.059 ms..122.220 ms
client 2023-08-10 15:23:01,361 [INFO] Sending command to the server: 'session,2023-08-10_15-07-01,stop,testing'
client 2023-08-10 15:23:13,185 [INFO] Got response: 'OK'
client 2023-08-10 15:23:13,185 [INFO] Sending command to the server: 'time'
client 2023-08-10 15:23:13,187 [INFO] Got response: '1691677393.0666955'
client 2023-08-10 15:23:13,187 [INFO] The time difference between the client and the server is within range 118.479 ms..121.099 ms
client 2023-08-10 15:23:13,188 [INFO] Copying loadgen logs from '/home/arjun/mobilenet_results/valid_results/orin-tflite_cpp-cpu-tflite-vmaster-with_live_preprocessing/mobilenet-v1-precision_float-1.0-160/singlestream/performance/run_1' to '/home/arjun/mobilenet_results/valid_results/orin-tflite_cpp-cpu-tflite-vmaster-with_live_preprocessing/mobilenet-v1-precision_float-1.0-160/singlestream/performance/tmp_power/run_1'
client 2023-08-10 15:23:13,189 [INFO] Done runs
