client 2023-07-11 01:16:42,179 [INFO] Creating output directory '/home/arjun/mobilenet_results/valid_results/orin-tflite_armnn_cpp-cpu-armnn_tflite-v22.11-using_neon/mobilenet-v1-precision_float-1.0-224/singlestream/performance/tmp_power'
client 2023-07-11 01:16:42,327 [INFO] Sending command to the server: 'mlcommons/power client v3'
client 2023-07-11 01:16:42,329 [INFO] Got response: 'mlcommons/power server v3'
client 2023-07-11 01:16:42,329 [INFO] Synchronizing with the server and with time.google.com...
client 2023-07-11 01:16:42,512 [INFO] NTP:offset = -0.007 s, delay = 0.018 s 
client 2023-07-11 01:16:42,513 [INFO] Sending command to the server: 'time'
client 2023-07-11 01:16:42,516 [INFO] Got response: '1689034602.4359028'
client 2023-07-11 01:16:42,517 [INFO] The time difference between the client and the server is within range 77.369 ms..81.183 ms
client 2023-07-11 01:16:42,517 [INFO] Sending command to the server: 'new,,fcdcbbdb-3ddf-42f5-b0a1-5b5510962f51'
client 2023-07-11 01:16:42,520 [INFO] Got response: 'OK 2023-07-11_01-16-42,0677b92c-5080-4818-8f3e-b6ec3387a324'
client 2023-07-11 01:16:42,521 [INFO] Session id is '2023-07-11_01-16-42'
client 2023-07-11 01:16:42,522 [INFO] Sources: {"sources": {"__init__.py": "da39a3ee5e6b4b0d3255bfef95601890afd80709", "client.py": "33ca4f26368777ac06e01f9567b714a4b8063886", "lib/__init__.py": "da39a3ee5e6b4b0d3255bfef95601890afd80709", "lib/client.py": "ac2aa093c8e8bbc9569b9e2a3471bc64e58a2258", "lib/common.py": "611d8b29633d331eb19c9455ea3b5fa3284ed6df", "lib/external/__init__.py": "da39a3ee5e6b4b0d3255bfef95601890afd80709", "lib/external/ntplib.py": "4da8f970656505a40483206ef2b5d3dd5e81711d", "lib/server.py": "c7af63c31bb2fbedea4345f571f6e3507d268ada", "lib/source_hashes.py": "60a2e02193209e8d392803326208d5466342da18", "lib/summary.py": "aa92f0a3f975eecd44d3c0cd0236342ccc9f941d", "lib/time_sync.py": "122eba67a9abc85635223e054def53be1367ade2", "server.py": "c3f90f2f7eeb4db30727556d0c815ebc89b3d28b", "tests/unit/__init__.py": "da39a3ee5e6b4b0d3255bfef95601890afd80709", "tests/unit/test_server.py": "948c1995d4008bc2aa6c4046a34ffa3858d6d671", "tests/unit/test_source_hashes.py": "00468a2907583c593e6574a1f6b404e4651c221a"}, "modules": {"ptd_client_server.lib.client": "lib/client.py", "ptd_client_server.lib.common": "lib/common.py", "ptd_client_server.lib.external.ntplib": "lib/external/ntplib.py", "ptd_client_server.lib.source_hashes": "lib/source_hashes.py", "ptd_client_server.lib.summary": "lib/summary.py", "ptd_client_server.lib.time_sync": "lib/time_sync.py"}}
client 2023-07-11 01:16:42,522 [INFO] Running workload in ranging mode
client 2023-07-11 01:16:42,523 [INFO] Synchronizing with the server and with time.google.com...
client 2023-07-11 01:16:42,544 [INFO] NTP:offset = -0.005 s, delay = 0.019 s 
client 2023-07-11 01:16:42,544 [INFO] Sending command to the server: 'time'
client 2023-07-11 01:16:42,548 [INFO] Got response: '1689034602.4759605'
client 2023-07-11 01:16:42,548 [INFO] The time difference between the client and the server is within range 68.946 ms..72.825 ms
client 2023-07-11 01:16:42,549 [INFO] Sending command to the server: 'session,2023-07-11_01-16-42,start,ranging'
client 2023-07-11 01:17:11,163 [INFO] Got response: 'OK'
client 2023-07-11 01:17:11,164 [INFO] Sending command to the server: 'time'
client 2023-07-11 01:17:11,167 [INFO] Got response: '1689034631.0940928'
client 2023-07-11 01:17:11,168 [INFO] The time difference between the client and the server is within range 70.588 ms..74.157 ms
client 2023-07-11 01:17:11,168 [INFO] Running the workload 'CM_MLPERF_RUN_COUNT=$(cat ${CM_RUN_DIR}/count.txt); echo ${CM_MLPERF_RUN_COUNT}; CM_MLPERF_RUN_COUNT=$((CM_MLPERF_RUN_COUNT+1)); echo ${CM_MLPERF_RUN_COUNT} > ${CM_RUN_DIR}/count.txt && if [ ${CM_MLPERF_RUN_COUNT} -eq "1" ]; then export CM_MLPERF_USER_CONF=${CM_MLPERF_RANGING_USER_CONF}; else export CM_MLPERF_USER_CONF=${CM_MLPERF_TESTING_USER_CONF}; fi && /home/arjun/run.out'
client 2023-07-11 01:22:12,857 [INFO] Sending command to the server: 'time'
client 2023-07-11 01:22:12,860 [INFO] Got response: '1689034932.7783136'
client 2023-07-11 01:22:12,860 [INFO] The time difference between the client and the server is within range 79.012 ms..82.634 ms
client 2023-07-11 01:22:12,861 [INFO] Sending command to the server: 'session,2023-07-11_01-16-42,stop,ranging'
client 2023-07-11 01:22:23,220 [INFO] Got response: 'OK'
client 2023-07-11 01:22:23,221 [INFO] Sending command to the server: 'time'
client 2023-07-11 01:22:23,225 [INFO] Got response: '1689034943.143605'
client 2023-07-11 01:22:23,226 [INFO] The time difference between the client and the server is within range 78.256 ms..82.383 ms
client 2023-07-11 01:22:23,244 [INFO] Copying loadgen logs from '/home/arjun/mobilenet_results/valid_results/orin-tflite_armnn_cpp-cpu-armnn_tflite-v22.11-using_neon/mobilenet-v1-precision_float-1.0-224/singlestream/performance/run_1' to '/home/arjun/mobilenet_results/valid_results/orin-tflite_armnn_cpp-cpu-armnn_tflite-v22.11-using_neon/mobilenet-v1-precision_float-1.0-224/singlestream/performance/tmp_power/ranging'
client 2023-07-11 01:22:23,247 [INFO] Running workload in testing mode
client 2023-07-11 01:22:23,247 [INFO] Synchronizing with the server and with time.google.com...
client 2023-07-11 01:22:23,267 [INFO] NTP:offset = -0.006 s, delay = 0.015 s 
client 2023-07-11 01:22:23,268 [INFO] Sending command to the server: 'time'
client 2023-07-11 01:22:23,271 [INFO] Got response: '1689034943.1937454'
client 2023-07-11 01:22:23,271 [INFO] The time difference between the client and the server is within range 74.246 ms..77.759 ms
client 2023-07-11 01:22:23,271 [INFO] Sending command to the server: 'session,2023-07-11_01-16-42,start,testing'
client 2023-07-11 01:22:36,307 [INFO] Got response: 'OK'
client 2023-07-11 01:22:36,307 [INFO] Sending command to the server: 'time'
client 2023-07-11 01:22:36,311 [INFO] Got response: '1689034956.2346356'
client 2023-07-11 01:22:36,311 [INFO] The time difference between the client and the server is within range 73.244 ms..77.062 ms
client 2023-07-11 01:22:36,311 [INFO] Running the workload 'CM_MLPERF_RUN_COUNT=$(cat ${CM_RUN_DIR}/count.txt); echo ${CM_MLPERF_RUN_COUNT}; CM_MLPERF_RUN_COUNT=$((CM_MLPERF_RUN_COUNT+1)); echo ${CM_MLPERF_RUN_COUNT} > ${CM_RUN_DIR}/count.txt && if [ ${CM_MLPERF_RUN_COUNT} -eq "1" ]; then export CM_MLPERF_USER_CONF=${CM_MLPERF_RANGING_USER_CONF}; else export CM_MLPERF_USER_CONF=${CM_MLPERF_TESTING_USER_CONF}; fi && /home/arjun/run.out'
client 2023-07-11 01:32:39,316 [INFO] Sending command to the server: 'time'
client 2023-07-11 01:32:39,319 [INFO] Got response: '1689035559.2427611'
client 2023-07-11 01:32:39,320 [INFO] The time difference between the client and the server is within range 73.583 ms..77.326 ms
client 2023-07-11 01:32:39,320 [INFO] Sending command to the server: 'session,2023-07-11_01-16-42,stop,testing'
client 2023-07-11 01:32:50,618 [INFO] Got response: 'OK'
client 2023-07-11 01:32:50,619 [INFO] Sending command to the server: 'time'
client 2023-07-11 01:32:50,635 [INFO] Got response: '1689035570.5507681'
client 2023-07-11 01:32:50,636 [INFO] The time difference between the client and the server is within range 68.474 ms..85.343 ms
client 2023-07-11 01:32:50,640 [INFO] Copying loadgen logs from '/home/arjun/mobilenet_results/valid_results/orin-tflite_armnn_cpp-cpu-armnn_tflite-v22.11-using_neon/mobilenet-v1-precision_float-1.0-224/singlestream/performance/run_1' to '/home/arjun/mobilenet_results/valid_results/orin-tflite_armnn_cpp-cpu-armnn_tflite-v22.11-using_neon/mobilenet-v1-precision_float-1.0-224/singlestream/performance/tmp_power/run_1'
client 2023-07-11 01:32:50,652 [INFO] Done runs
