client 2023-08-07 16:17:52,366 [INFO] Creating output directory '/home/arjun/mobilenet_results/valid_results/orin-tflite_armnn_cpp-cpu-armnn_tflite-v23.05-using_neon/mobilenet-v2-precision_float-0.35-128/singlestream/performance/tmp_power'
client 2023-08-07 16:17:52,370 [INFO] Sending command to the server: 'mlcommons/power client v3'
client 2023-08-07 16:17:52,374 [INFO] Got response: 'mlcommons/power server v3'
client 2023-08-07 16:17:52,374 [INFO] Synchronizing with the server and with time.google.com...
client 2023-08-07 16:17:52,406 [INFO] NTP:offset = -0.001 s, delay = 0.017 s 
client 2023-08-07 16:17:52,406 [INFO] Sending command to the server: 'time'
client 2023-08-07 16:17:52,410 [INFO] Got response: '1691421472.360992'
client 2023-08-07 16:17:52,410 [INFO] The time difference between the client and the server is within range 45.170 ms..49.612 ms
client 2023-08-07 16:17:52,410 [INFO] Sending command to the server: 'new,,be05cfa9-88c3-4cae-8da3-a9a7afcf1a4d'
client 2023-08-07 16:17:52,417 [INFO] Got response: 'OK 2023-08-07_16-17-52,c40c2f9b-3237-4017-a082-6877a9adb201'
client 2023-08-07 16:17:52,417 [INFO] Session id is '2023-08-07_16-17-52'
client 2023-08-07 16:17:52,417 [INFO] Sources: {"sources": {"__init__.py": "da39a3ee5e6b4b0d3255bfef95601890afd80709", "client.py": "33ca4f26368777ac06e01f9567b714a4b8063886", "lib/__init__.py": "da39a3ee5e6b4b0d3255bfef95601890afd80709", "lib/client.py": "ac2aa093c8e8bbc9569b9e2a3471bc64e58a2258", "lib/common.py": "611d8b29633d331eb19c9455ea3b5fa3284ed6df", "lib/external/__init__.py": "da39a3ee5e6b4b0d3255bfef95601890afd80709", "lib/external/ntplib.py": "4da8f970656505a40483206ef2b5d3dd5e81711d", "lib/server.py": "c7af63c31bb2fbedea4345f571f6e3507d268ada", "lib/source_hashes.py": "60a2e02193209e8d392803326208d5466342da18", "lib/summary.py": "aa92f0a3f975eecd44d3c0cd0236342ccc9f941d", "lib/time_sync.py": "122eba67a9abc85635223e054def53be1367ade2", "server.py": "c3f90f2f7eeb4db30727556d0c815ebc89b3d28b", "tests/unit/__init__.py": "da39a3ee5e6b4b0d3255bfef95601890afd80709", "tests/unit/test_server.py": "948c1995d4008bc2aa6c4046a34ffa3858d6d671", "tests/unit/test_source_hashes.py": "00468a2907583c593e6574a1f6b404e4651c221a"}, "modules": {"ptd_client_server.lib.client": "lib/client.py", "ptd_client_server.lib.common": "lib/common.py", "ptd_client_server.lib.external.ntplib": "lib/external/ntplib.py", "ptd_client_server.lib.source_hashes": "lib/source_hashes.py", "ptd_client_server.lib.summary": "lib/summary.py", "ptd_client_server.lib.time_sync": "lib/time_sync.py"}}
client 2023-08-07 16:17:52,417 [INFO] Running workload in ranging mode
client 2023-08-07 16:17:52,417 [INFO] Synchronizing with the server and with time.google.com...
client 2023-08-07 16:17:52,432 [INFO] NTP:offset = -0.000 s, delay = 0.014 s 
client 2023-08-07 16:17:52,432 [INFO] Sending command to the server: 'time'
client 2023-08-07 16:17:52,438 [INFO] Got response: '1691421472.390528'
client 2023-08-07 16:17:52,438 [INFO] The time difference between the client and the server is within range 41.992 ms..47.783 ms
client 2023-08-07 16:17:52,438 [INFO] Sending command to the server: 'session,2023-08-07_16-17-52,start,ranging'
client 2023-08-07 16:18:21,178 [INFO] Got response: 'OK'
client 2023-08-07 16:18:21,178 [INFO] Sending command to the server: 'time'
client 2023-08-07 16:18:21,183 [INFO] Got response: '1691421501.134735'
client 2023-08-07 16:18:21,183 [INFO] The time difference between the client and the server is within range 43.939 ms..48.494 ms
client 2023-08-07 16:18:21,183 [INFO] Running the workload 'CM_MLPERF_RUN_COUNT=$(cat ${CM_RUN_DIR}/count.txt); echo ${CM_MLPERF_RUN_COUNT}; CM_MLPERF_RUN_COUNT=$((CM_MLPERF_RUN_COUNT+1)); echo ${CM_MLPERF_RUN_COUNT} > ${CM_RUN_DIR}/count.txt && if [ ${CM_MLPERF_RUN_COUNT} -eq "1" ]; then export CM_MLPERF_USER_CONF=${CM_MLPERF_RANGING_USER_CONF}; else export CM_MLPERF_USER_CONF=${CM_MLPERF_TESTING_USER_CONF}; fi && /mount/CM/repos/ctuning@mlcommons-ck/cm-mlops/script/run-all-mlperf-models/run.out'
client 2023-08-07 16:23:22,554 [INFO] Sending command to the server: 'time'
client 2023-08-07 16:23:22,558 [INFO] Got response: '1691421802.51113'
client 2023-08-07 16:23:22,558 [INFO] The time difference between the client and the server is within range 43.259 ms..47.107 ms
client 2023-08-07 16:23:22,558 [INFO] Sending command to the server: 'session,2023-08-07_16-17-52,stop,ranging'
client 2023-08-07 16:23:33,438 [INFO] Got response: 'OK'
client 2023-08-07 16:23:33,439 [INFO] Sending command to the server: 'time'
client 2023-08-07 16:23:33,442 [INFO] Got response: '1691421813.3990633'
client 2023-08-07 16:23:33,442 [INFO] The time difference between the client and the server is within range 39.950 ms..42.991 ms
client 2023-08-07 16:23:33,445 [INFO] Copying loadgen logs from '/home/arjun/mobilenet_results/valid_results/orin-tflite_armnn_cpp-cpu-armnn_tflite-v23.05-using_neon/mobilenet-v2-precision_float-0.35-128/singlestream/performance/run_1' to '/home/arjun/mobilenet_results/valid_results/orin-tflite_armnn_cpp-cpu-armnn_tflite-v23.05-using_neon/mobilenet-v2-precision_float-0.35-128/singlestream/performance/tmp_power/ranging'
client 2023-08-07 16:23:33,446 [INFO] Running workload in testing mode
client 2023-08-07 16:23:33,446 [INFO] Synchronizing with the server and with time.google.com...
client 2023-08-07 16:23:33,463 [INFO] NTP:offset = 0.000 s, delay = 0.016 s 
client 2023-08-07 16:23:33,463 [INFO] Sending command to the server: 'time'
client 2023-08-07 16:23:33,467 [INFO] Got response: '1691421813.4200113'
client 2023-08-07 16:23:33,467 [INFO] The time difference between the client and the server is within range 43.857 ms..47.081 ms
client 2023-08-07 16:23:33,467 [INFO] Sending command to the server: 'session,2023-08-07_16-17-52,start,testing'
client 2023-08-07 16:23:46,519 [INFO] Got response: 'OK'
client 2023-08-07 16:23:46,519 [INFO] Sending command to the server: 'time'
client 2023-08-07 16:23:46,523 [INFO] Got response: '1691421826.4776158'
client 2023-08-07 16:23:46,523 [INFO] The time difference between the client and the server is within range 41.921 ms..45.889 ms
client 2023-08-07 16:23:46,523 [INFO] Running the workload 'CM_MLPERF_RUN_COUNT=$(cat ${CM_RUN_DIR}/count.txt); echo ${CM_MLPERF_RUN_COUNT}; CM_MLPERF_RUN_COUNT=$((CM_MLPERF_RUN_COUNT+1)); echo ${CM_MLPERF_RUN_COUNT} > ${CM_RUN_DIR}/count.txt && if [ ${CM_MLPERF_RUN_COUNT} -eq "1" ]; then export CM_MLPERF_USER_CONF=${CM_MLPERF_RANGING_USER_CONF}; else export CM_MLPERF_USER_CONF=${CM_MLPERF_TESTING_USER_CONF}; fi && /mount/CM/repos/ctuning@mlcommons-ck/cm-mlops/script/run-all-mlperf-models/run.out'
client 2023-08-07 16:33:48,825 [INFO] Sending command to the server: 'time'
client 2023-08-07 16:33:48,830 [INFO] Got response: '1691422428.7839043'
client 2023-08-07 16:33:48,830 [INFO] The time difference between the client and the server is within range 41.271 ms..46.444 ms
client 2023-08-07 16:33:48,830 [INFO] Sending command to the server: 'session,2023-08-07_16-17-52,stop,testing'
client 2023-08-07 16:33:59,579 [INFO] Got response: 'OK'
client 2023-08-07 16:33:59,579 [INFO] Sending command to the server: 'time'
client 2023-08-07 16:33:59,597 [INFO] Got response: '1691422439.545756'
client 2023-08-07 16:33:59,597 [INFO] The time difference between the client and the server is within range 33.525 ms..51.527 ms
client 2023-08-07 16:33:59,598 [INFO] Copying loadgen logs from '/home/arjun/mobilenet_results/valid_results/orin-tflite_armnn_cpp-cpu-armnn_tflite-v23.05-using_neon/mobilenet-v2-precision_float-0.35-128/singlestream/performance/run_1' to '/home/arjun/mobilenet_results/valid_results/orin-tflite_armnn_cpp-cpu-armnn_tflite-v23.05-using_neon/mobilenet-v2-precision_float-0.35-128/singlestream/performance/tmp_power/run_1'
client 2023-08-07 16:33:59,598 [INFO] Done runs
