client 2023-08-08 00:33:41,872 [INFO] Creating output directory '/home/arjun/mobilenet_results/valid_results/orin-tflite_cpp-cpu-tflite-vmaster-default_config/mobilenet-v3-precision_float-small-224/singlestream/performance/tmp_power'
client 2023-08-08 00:33:41,877 [INFO] Sending command to the server: 'mlcommons/power client v3'
client 2023-08-08 00:33:41,879 [INFO] Got response: 'mlcommons/power server v3'
client 2023-08-08 00:33:41,879 [INFO] Synchronizing with the server and with time.google.com...
client 2023-08-08 00:33:41,899 [INFO] NTP:offset = -0.001 s, delay = 0.016 s 
client 2023-08-08 00:33:41,899 [INFO] Sending command to the server: 'time'
client 2023-08-08 00:33:41,902 [INFO] Got response: '1691451221.8163762'
client 2023-08-08 00:33:41,902 [INFO] The time difference between the client and the server is within range 83.097 ms..85.900 ms
client 2023-08-08 00:33:41,902 [INFO] Sending command to the server: 'new,,abfde2a7-2ecc-473e-9741-5ef9c931ec48'
client 2023-08-08 00:33:41,905 [INFO] Got response: 'OK 2023-08-08_00-33-41,ef19e73f-785b-4ff9-91d5-096004417b3a'
client 2023-08-08 00:33:41,905 [INFO] Session id is '2023-08-08_00-33-41'
client 2023-08-08 00:33:41,906 [INFO] Sources: {"sources": {"__init__.py": "da39a3ee5e6b4b0d3255bfef95601890afd80709", "client.py": "33ca4f26368777ac06e01f9567b714a4b8063886", "lib/__init__.py": "da39a3ee5e6b4b0d3255bfef95601890afd80709", "lib/client.py": "ac2aa093c8e8bbc9569b9e2a3471bc64e58a2258", "lib/common.py": "611d8b29633d331eb19c9455ea3b5fa3284ed6df", "lib/external/__init__.py": "da39a3ee5e6b4b0d3255bfef95601890afd80709", "lib/external/ntplib.py": "4da8f970656505a40483206ef2b5d3dd5e81711d", "lib/server.py": "c7af63c31bb2fbedea4345f571f6e3507d268ada", "lib/source_hashes.py": "60a2e02193209e8d392803326208d5466342da18", "lib/summary.py": "aa92f0a3f975eecd44d3c0cd0236342ccc9f941d", "lib/time_sync.py": "122eba67a9abc85635223e054def53be1367ade2", "server.py": "c3f90f2f7eeb4db30727556d0c815ebc89b3d28b", "tests/unit/__init__.py": "da39a3ee5e6b4b0d3255bfef95601890afd80709", "tests/unit/test_server.py": "948c1995d4008bc2aa6c4046a34ffa3858d6d671", "tests/unit/test_source_hashes.py": "00468a2907583c593e6574a1f6b404e4651c221a"}, "modules": {"ptd_client_server.lib.client": "lib/client.py", "ptd_client_server.lib.common": "lib/common.py", "ptd_client_server.lib.external.ntplib": "lib/external/ntplib.py", "ptd_client_server.lib.source_hashes": "lib/source_hashes.py", "ptd_client_server.lib.summary": "lib/summary.py", "ptd_client_server.lib.time_sync": "lib/time_sync.py"}}
client 2023-08-08 00:33:41,906 [INFO] Running workload in ranging mode
client 2023-08-08 00:33:41,906 [INFO] Synchronizing with the server and with time.google.com...
client 2023-08-08 00:33:41,924 [INFO] NTP:offset = -0.002 s, delay = 0.017 s 
client 2023-08-08 00:33:41,924 [INFO] Sending command to the server: 'time'
client 2023-08-08 00:33:41,928 [INFO] Got response: '1691451221.836261'
client 2023-08-08 00:33:41,928 [INFO] The time difference between the client and the server is within range 88.459 ms..91.978 ms
client 2023-08-08 00:33:41,928 [INFO] Sending command to the server: 'session,2023-08-08_00-33-41,start,ranging'
client 2023-08-08 00:34:10,646 [INFO] Got response: 'OK'
client 2023-08-08 00:34:10,646 [INFO] Sending command to the server: 'time'
client 2023-08-08 00:34:10,651 [INFO] Got response: '1691451250.559602'
client 2023-08-08 00:34:10,651 [INFO] The time difference between the client and the server is within range 87.260 ms..91.487 ms
client 2023-08-08 00:34:10,651 [INFO] Running the workload 'CM_MLPERF_RUN_COUNT=$(cat ${CM_RUN_DIR}/count.txt); echo ${CM_MLPERF_RUN_COUNT}; CM_MLPERF_RUN_COUNT=$((CM_MLPERF_RUN_COUNT+1)); echo ${CM_MLPERF_RUN_COUNT} > ${CM_RUN_DIR}/count.txt && if [ ${CM_MLPERF_RUN_COUNT} -eq "1" ]; then export CM_MLPERF_USER_CONF=${CM_MLPERF_RANGING_USER_CONF}; else export CM_MLPERF_USER_CONF=${CM_MLPERF_TESTING_USER_CONF}; fi && /mount/CM/repos/ctuning@mlcommons-ck/cm-mlops/script/run-all-mlperf-models/run.out'
client 2023-08-08 00:39:11,758 [INFO] Sending command to the server: 'time'
client 2023-08-08 00:39:11,762 [INFO] Got response: '1691451551.6741362'
client 2023-08-08 00:39:11,763 [INFO] The time difference between the client and the server is within range 84.051 ms..88.853 ms
client 2023-08-08 00:39:11,763 [INFO] Sending command to the server: 'session,2023-08-08_00-33-41,stop,ranging'
client 2023-08-08 00:39:23,183 [INFO] Got response: 'OK'
client 2023-08-08 00:39:23,183 [INFO] Sending command to the server: 'time'
client 2023-08-08 00:39:23,195 [INFO] Got response: '1691451563.1079068'
client 2023-08-08 00:39:23,195 [INFO] The time difference between the client and the server is within range 75.920 ms..88.042 ms
client 2023-08-08 00:39:23,199 [INFO] Copying loadgen logs from '/home/arjun/mobilenet_results/valid_results/orin-tflite_cpp-cpu-tflite-vmaster-default_config/mobilenet-v3-precision_float-small-224/singlestream/performance/run_1' to '/home/arjun/mobilenet_results/valid_results/orin-tflite_cpp-cpu-tflite-vmaster-default_config/mobilenet-v3-precision_float-small-224/singlestream/performance/tmp_power/ranging'
client 2023-08-08 00:39:23,200 [INFO] Running workload in testing mode
client 2023-08-08 00:39:23,200 [INFO] Synchronizing with the server and with time.google.com...
client 2023-08-08 00:39:23,227 [INFO] NTP:offset = -0.009 s, delay = 0.026 s 
client 2023-08-08 00:39:23,227 [INFO] Sending command to the server: 'time'
client 2023-08-08 00:39:23,231 [INFO] Got response: '1691451563.1385407'
client 2023-08-08 00:39:23,231 [INFO] The time difference between the client and the server is within range 89.121 ms..93.387 ms
client 2023-08-08 00:39:23,231 [INFO] Sending command to the server: 'session,2023-08-08_00-33-41,start,testing'
client 2023-08-08 00:39:36,327 [INFO] Got response: 'OK'
client 2023-08-08 00:39:36,327 [INFO] Sending command to the server: 'time'
client 2023-08-08 00:39:36,333 [INFO] Got response: '1691451576.2465277'
client 2023-08-08 00:39:36,333 [INFO] The time difference between the client and the server is within range 81.258 ms..86.955 ms
client 2023-08-08 00:39:36,333 [INFO] Running the workload 'CM_MLPERF_RUN_COUNT=$(cat ${CM_RUN_DIR}/count.txt); echo ${CM_MLPERF_RUN_COUNT}; CM_MLPERF_RUN_COUNT=$((CM_MLPERF_RUN_COUNT+1)); echo ${CM_MLPERF_RUN_COUNT} > ${CM_RUN_DIR}/count.txt && if [ ${CM_MLPERF_RUN_COUNT} -eq "1" ]; then export CM_MLPERF_USER_CONF=${CM_MLPERF_RANGING_USER_CONF}; else export CM_MLPERF_USER_CONF=${CM_MLPERF_TESTING_USER_CONF}; fi && /mount/CM/repos/ctuning@mlcommons-ck/cm-mlops/script/run-all-mlperf-models/run.out'
client 2023-08-08 00:49:38,508 [INFO] Sending command to the server: 'time'
client 2023-08-08 00:49:38,523 [INFO] Got response: '1691452178.4209628'
client 2023-08-08 00:49:38,523 [INFO] The time difference between the client and the server is within range 87.044 ms..102.288 ms
client 2023-08-08 00:49:38,523 [INFO] Sending command to the server: 'session,2023-08-08_00-33-41,stop,testing'
client 2023-08-08 00:49:49,338 [INFO] Got response: 'OK'
client 2023-08-08 00:49:49,338 [INFO] Sending command to the server: 'time'
client 2023-08-08 00:49:49,341 [INFO] Got response: '1691452189.2458973'
client 2023-08-08 00:49:49,341 [INFO] The time difference between the client and the server is within range 92.780 ms..95.682 ms
client 2023-08-08 00:49:49,342 [INFO] Copying loadgen logs from '/home/arjun/mobilenet_results/valid_results/orin-tflite_cpp-cpu-tflite-vmaster-default_config/mobilenet-v3-precision_float-small-224/singlestream/performance/run_1' to '/home/arjun/mobilenet_results/valid_results/orin-tflite_cpp-cpu-tflite-vmaster-default_config/mobilenet-v3-precision_float-small-224/singlestream/performance/tmp_power/run_1'
client 2023-08-08 00:49:49,343 [INFO] Done runs
