client 2023-07-16 11:10:05,157 [INFO] Creating output directory '/home/arjun/mobilenet_results/valid_results/raspberrypi-tflite_armnn_cpp-cpu-armnn_tflite-v23.05-using_neon/efficientnet-int8-lite4/singlestream/performance/tmp_power'
client 2023-07-16 11:10:05,164 [INFO] Sending command to the server: 'mlcommons/power client v3'
client 2023-07-16 11:10:05,168 [INFO] Got response: 'mlcommons/power server v3'
client 2023-07-16 11:10:05,169 [INFO] Synchronizing with the server and with time.google.com...
client 2023-07-16 11:10:05,204 [INFO] NTP:offset = -0.002 s, delay = 0.016 s 
client 2023-07-16 11:10:05,204 [INFO] Sending command to the server: 'time'
client 2023-07-16 11:10:05,210 [INFO] Got response: '1689502205.0464919'
client 2023-07-16 11:10:05,210 [INFO] The time difference between the client and the server is within range 158.090 ms..164.110 ms
client 2023-07-16 11:10:05,210 [INFO] Sending command to the server: 'new,,556fdaef-4a1b-4222-8a22-5b90947048d9'
client 2023-07-16 11:10:05,215 [INFO] Got response: 'OK 2023-07-16_11-10-05,546106dd-872a-4372-a1d6-c8b43752bb25'
client 2023-07-16 11:10:05,215 [INFO] Session id is '2023-07-16_11-10-05'
client 2023-07-16 11:10:05,215 [INFO] Sources: {"sources": {"__init__.py": "da39a3ee5e6b4b0d3255bfef95601890afd80709", "client.py": "33ca4f26368777ac06e01f9567b714a4b8063886", "lib/__init__.py": "da39a3ee5e6b4b0d3255bfef95601890afd80709", "lib/client.py": "ac2aa093c8e8bbc9569b9e2a3471bc64e58a2258", "lib/common.py": "611d8b29633d331eb19c9455ea3b5fa3284ed6df", "lib/external/__init__.py": "da39a3ee5e6b4b0d3255bfef95601890afd80709", "lib/external/ntplib.py": "4da8f970656505a40483206ef2b5d3dd5e81711d", "lib/server.py": "c7af63c31bb2fbedea4345f571f6e3507d268ada", "lib/source_hashes.py": "60a2e02193209e8d392803326208d5466342da18", "lib/summary.py": "aa92f0a3f975eecd44d3c0cd0236342ccc9f941d", "lib/time_sync.py": "122eba67a9abc85635223e054def53be1367ade2", "server.py": "c3f90f2f7eeb4db30727556d0c815ebc89b3d28b", "tests/unit/__init__.py": "da39a3ee5e6b4b0d3255bfef95601890afd80709", "tests/unit/test_server.py": "948c1995d4008bc2aa6c4046a34ffa3858d6d671", "tests/unit/test_source_hashes.py": "00468a2907583c593e6574a1f6b404e4651c221a"}, "modules": {"ptd_client_server.lib.client": "lib/client.py", "ptd_client_server.lib.common": "lib/common.py", "ptd_client_server.lib.external.ntplib": "lib/external/ntplib.py", "ptd_client_server.lib.source_hashes": "lib/source_hashes.py", "ptd_client_server.lib.summary": "lib/summary.py", "ptd_client_server.lib.time_sync": "lib/time_sync.py"}}
client 2023-07-16 11:10:05,215 [INFO] Running workload in ranging mode
client 2023-07-16 11:10:05,216 [INFO] Synchronizing with the server and with time.google.com...
client 2023-07-16 11:10:05,243 [INFO] NTP:offset = -0.002 s, delay = 0.013 s 
client 2023-07-16 11:10:05,243 [INFO] Sending command to the server: 'time'
client 2023-07-16 11:10:05,246 [INFO] Got response: '1689502205.0813925'
client 2023-07-16 11:10:05,246 [INFO] The time difference between the client and the server is within range 161.927 ms..164.869 ms
client 2023-07-16 11:10:05,246 [INFO] Sending command to the server: 'session,2023-07-16_11-10-05,start,ranging'
client 2023-07-16 11:10:33,946 [INFO] Got response: 'OK'
client 2023-07-16 11:10:33,947 [INFO] Sending command to the server: 'time'
client 2023-07-16 11:10:33,950 [INFO] Got response: '1689502233.7824495'
client 2023-07-16 11:10:33,951 [INFO] The time difference between the client and the server is within range 164.887 ms..168.821 ms
client 2023-07-16 11:10:33,951 [INFO] Running the workload 'CM_MLPERF_RUN_COUNT=$(cat ${CM_RUN_DIR}/count.txt); echo ${CM_MLPERF_RUN_COUNT}; CM_MLPERF_RUN_COUNT=$((CM_MLPERF_RUN_COUNT+1)); echo ${CM_MLPERF_RUN_COUNT} > ${CM_RUN_DIR}/count.txt && if [ ${CM_MLPERF_RUN_COUNT} -eq "1" ]; then export CM_MLPERF_USER_CONF=${CM_MLPERF_RANGING_USER_CONF}; else export CM_MLPERF_USER_CONF=${CM_MLPERF_TESTING_USER_CONF}; fi && /home/arjun/run.out'
client 2023-07-16 11:15:45,963 [INFO] Sending command to the server: 'time'
client 2023-07-16 11:15:45,968 [INFO] Got response: '1689502545.8056214'
client 2023-07-16 11:15:45,968 [INFO] The time difference between the client and the server is within range 157.481 ms..162.980 ms
client 2023-07-16 11:15:45,968 [INFO] Sending command to the server: 'session,2023-07-16_11-10-05,stop,ranging'
client 2023-07-16 11:15:57,212 [INFO] Got response: 'OK'
client 2023-07-16 11:15:57,212 [INFO] Sending command to the server: 'time'
client 2023-07-16 11:15:57,215 [INFO] Got response: '1689502557.0501366'
client 2023-07-16 11:15:57,215 [INFO] The time difference between the client and the server is within range 162.436 ms..165.733 ms
client 2023-07-16 11:15:57,249 [INFO] Copying loadgen logs from '/home/arjun/mobilenet_results/valid_results/raspberrypi-tflite_armnn_cpp-cpu-armnn_tflite-v23.05-using_neon/efficientnet-int8-lite4/singlestream/performance/run_1' to '/home/arjun/mobilenet_results/valid_results/raspberrypi-tflite_armnn_cpp-cpu-armnn_tflite-v23.05-using_neon/efficientnet-int8-lite4/singlestream/performance/tmp_power/ranging'
client 2023-07-16 11:15:57,253 [INFO] Running workload in testing mode
client 2023-07-16 11:15:57,253 [INFO] Synchronizing with the server and with time.google.com...
client 2023-07-16 11:15:57,376 [INFO] NTP:offset = -0.044 s, delay = 0.104 s 
client 2023-07-16 11:15:57,376 [INFO] Sending command to the server: 'time'
client 2023-07-16 11:15:57,380 [INFO] Got response: '1689502557.2168698'
client 2023-07-16 11:15:57,380 [INFO] The time difference between the client and the server is within range 159.680 ms..163.755 ms
client 2023-07-16 11:15:57,380 [INFO] Sending command to the server: 'session,2023-07-16_11-10-05,start,testing'
client 2023-07-16 11:16:10,417 [INFO] Got response: 'OK'
client 2023-07-16 11:16:10,418 [INFO] Sending command to the server: 'time'
client 2023-07-16 11:16:10,422 [INFO] Got response: '1689502570.2594583'
client 2023-07-16 11:16:10,423 [INFO] The time difference between the client and the server is within range 158.858 ms..163.574 ms
client 2023-07-16 11:16:10,423 [INFO] Running the workload 'CM_MLPERF_RUN_COUNT=$(cat ${CM_RUN_DIR}/count.txt); echo ${CM_MLPERF_RUN_COUNT}; CM_MLPERF_RUN_COUNT=$((CM_MLPERF_RUN_COUNT+1)); echo ${CM_MLPERF_RUN_COUNT} > ${CM_RUN_DIR}/count.txt && if [ ${CM_MLPERF_RUN_COUNT} -eq "1" ]; then export CM_MLPERF_USER_CONF=${CM_MLPERF_RANGING_USER_CONF}; else export CM_MLPERF_USER_CONF=${CM_MLPERF_TESTING_USER_CONF}; fi && /home/arjun/run.out'
client 2023-07-16 11:26:28,933 [INFO] Sending command to the server: 'time'
client 2023-07-16 11:26:28,948 [INFO] Got response: '1689503188.7810853'
client 2023-07-16 11:26:28,948 [INFO] The time difference between the client and the server is within range 151.887 ms..167.578 ms
client 2023-07-16 11:26:28,948 [INFO] Sending command to the server: 'session,2023-07-16_11-10-05,stop,testing'
client 2023-07-16 11:26:39,490 [INFO] Got response: 'OK'
client 2023-07-16 11:26:39,491 [INFO] Sending command to the server: 'time'
client 2023-07-16 11:26:39,493 [INFO] Got response: '1689503199.3285043'
client 2023-07-16 11:26:39,494 [INFO] The time difference between the client and the server is within range 162.763 ms..165.563 ms
client 2023-07-16 11:26:39,498 [INFO] Copying loadgen logs from '/home/arjun/mobilenet_results/valid_results/raspberrypi-tflite_armnn_cpp-cpu-armnn_tflite-v23.05-using_neon/efficientnet-int8-lite4/singlestream/performance/run_1' to '/home/arjun/mobilenet_results/valid_results/raspberrypi-tflite_armnn_cpp-cpu-armnn_tflite-v23.05-using_neon/efficientnet-int8-lite4/singlestream/performance/tmp_power/run_1'
client 2023-07-16 11:26:39,501 [INFO] Done runs
