client 2023-07-11 16:21:47,058 [INFO] Creating output directory '/home/arjun/mobilenet_results/valid_results/orin-tflite_armnn_cpp-cpu-armnn_tflite-v22.11-using_neon/mobilenet-v2-precision_uint8-0.35-192/singlestream/performance/tmp_power'
client 2023-07-11 16:21:47,061 [INFO] Sending command to the server: 'mlcommons/power client v3'
client 2023-07-11 16:21:47,063 [INFO] Got response: 'mlcommons/power server v3'
client 2023-07-11 16:21:47,063 [INFO] Synchronizing with the server and with time.google.com...
client 2023-07-11 16:21:47,083 [INFO] NTP:offset = -0.003 s, delay = 0.015 s 
client 2023-07-11 16:21:47,083 [INFO] Sending command to the server: 'time'
client 2023-07-11 16:21:47,085 [INFO] Got response: '1689088906.9800527'
client 2023-07-11 16:21:47,085 [INFO] The time difference between the client and the server is within range 103.352 ms..105.638 ms
client 2023-07-11 16:21:47,085 [INFO] Sending command to the server: 'new,,2f79fd58-d284-4075-ae8c-5358df26f3c5'
client 2023-07-11 16:21:47,088 [INFO] Got response: 'OK 2023-07-11_16-21-46,e3b0e99e-ebff-4d8c-a780-f5ea21b73e50'
client 2023-07-11 16:21:47,088 [INFO] Session id is '2023-07-11_16-21-46'
client 2023-07-11 16:21:47,088 [INFO] Sources: {"sources": {"__init__.py": "da39a3ee5e6b4b0d3255bfef95601890afd80709", "client.py": "33ca4f26368777ac06e01f9567b714a4b8063886", "lib/__init__.py": "da39a3ee5e6b4b0d3255bfef95601890afd80709", "lib/client.py": "ac2aa093c8e8bbc9569b9e2a3471bc64e58a2258", "lib/common.py": "611d8b29633d331eb19c9455ea3b5fa3284ed6df", "lib/external/__init__.py": "da39a3ee5e6b4b0d3255bfef95601890afd80709", "lib/external/ntplib.py": "4da8f970656505a40483206ef2b5d3dd5e81711d", "lib/server.py": "c7af63c31bb2fbedea4345f571f6e3507d268ada", "lib/source_hashes.py": "60a2e02193209e8d392803326208d5466342da18", "lib/summary.py": "aa92f0a3f975eecd44d3c0cd0236342ccc9f941d", "lib/time_sync.py": "122eba67a9abc85635223e054def53be1367ade2", "server.py": "c3f90f2f7eeb4db30727556d0c815ebc89b3d28b", "tests/unit/__init__.py": "da39a3ee5e6b4b0d3255bfef95601890afd80709", "tests/unit/test_server.py": "948c1995d4008bc2aa6c4046a34ffa3858d6d671", "tests/unit/test_source_hashes.py": "00468a2907583c593e6574a1f6b404e4651c221a"}, "modules": {"ptd_client_server.lib.client": "lib/client.py", "ptd_client_server.lib.common": "lib/common.py", "ptd_client_server.lib.external.ntplib": "lib/external/ntplib.py", "ptd_client_server.lib.source_hashes": "lib/source_hashes.py", "ptd_client_server.lib.summary": "lib/summary.py", "ptd_client_server.lib.time_sync": "lib/time_sync.py"}}
client 2023-07-11 16:21:47,089 [INFO] Running workload in ranging mode
client 2023-07-11 16:21:47,089 [INFO] Synchronizing with the server and with time.google.com...
client 2023-07-11 16:21:47,105 [INFO] NTP:offset = -0.004 s, delay = 0.015 s 
client 2023-07-11 16:21:47,105 [INFO] Sending command to the server: 'time'
client 2023-07-11 16:21:47,107 [INFO] Got response: '1689088907.000018'
client 2023-07-11 16:21:47,107 [INFO] The time difference between the client and the server is within range 105.415 ms..107.774 ms
client 2023-07-11 16:21:47,107 [INFO] Sending command to the server: 'session,2023-07-11_16-21-46,start,ranging'
client 2023-07-11 16:22:15,760 [INFO] Got response: 'OK'
client 2023-07-11 16:22:15,761 [INFO] Sending command to the server: 'time'
client 2023-07-11 16:22:15,765 [INFO] Got response: '1689088935.6601534'
client 2023-07-11 16:22:15,765 [INFO] The time difference between the client and the server is within range 101.047 ms..105.266 ms
client 2023-07-11 16:22:15,765 [INFO] Running the workload 'CM_MLPERF_RUN_COUNT=$(cat ${CM_RUN_DIR}/count.txt); echo ${CM_MLPERF_RUN_COUNT}; CM_MLPERF_RUN_COUNT=$((CM_MLPERF_RUN_COUNT+1)); echo ${CM_MLPERF_RUN_COUNT} > ${CM_RUN_DIR}/count.txt && if [ ${CM_MLPERF_RUN_COUNT} -eq "1" ]; then export CM_MLPERF_USER_CONF=${CM_MLPERF_RANGING_USER_CONF}; else export CM_MLPERF_USER_CONF=${CM_MLPERF_TESTING_USER_CONF}; fi && /home/arjun/run.out'
client 2023-07-11 16:27:17,371 [INFO] Sending command to the server: 'time'
client 2023-07-11 16:27:17,374 [INFO] Got response: '1689089237.271309'
client 2023-07-11 16:27:17,375 [INFO] The time difference between the client and the server is within range 100.341 ms..103.862 ms
client 2023-07-11 16:27:17,375 [INFO] Sending command to the server: 'session,2023-07-11_16-21-46,stop,ranging'
client 2023-07-11 16:27:27,921 [INFO] Got response: 'OK'
client 2023-07-11 16:27:27,921 [INFO] Sending command to the server: 'time'
client 2023-07-11 16:27:27,925 [INFO] Got response: '1689089247.8162875'
client 2023-07-11 16:27:27,926 [INFO] The time difference between the client and the server is within range 105.486 ms..109.720 ms
client 2023-07-11 16:27:27,945 [INFO] Copying loadgen logs from '/home/arjun/mobilenet_results/valid_results/orin-tflite_armnn_cpp-cpu-armnn_tflite-v22.11-using_neon/mobilenet-v2-precision_uint8-0.35-192/singlestream/performance/run_1' to '/home/arjun/mobilenet_results/valid_results/orin-tflite_armnn_cpp-cpu-armnn_tflite-v22.11-using_neon/mobilenet-v2-precision_uint8-0.35-192/singlestream/performance/tmp_power/ranging'
client 2023-07-11 16:27:27,947 [INFO] Running workload in testing mode
client 2023-07-11 16:27:27,948 [INFO] Synchronizing with the server and with time.google.com...
client 2023-07-11 16:27:27,968 [INFO] NTP:offset = -0.004 s, delay = 0.015 s 
client 2023-07-11 16:27:27,968 [INFO] Sending command to the server: 'time'
client 2023-07-11 16:27:27,972 [INFO] Got response: '1689089247.8663454'
client 2023-07-11 16:27:27,972 [INFO] The time difference between the client and the server is within range 102.568 ms..106.043 ms
client 2023-07-11 16:27:27,972 [INFO] Sending command to the server: 'session,2023-07-11_16-21-46,start,testing'
client 2023-07-11 16:27:40,988 [INFO] Got response: 'OK'
client 2023-07-11 16:27:40,989 [INFO] Sending command to the server: 'time'
client 2023-07-11 16:27:40,992 [INFO] Got response: '1689089260.8865087'
client 2023-07-11 16:27:40,992 [INFO] The time difference between the client and the server is within range 102.615 ms..106.307 ms
client 2023-07-11 16:27:40,993 [INFO] Running the workload 'CM_MLPERF_RUN_COUNT=$(cat ${CM_RUN_DIR}/count.txt); echo ${CM_MLPERF_RUN_COUNT}; CM_MLPERF_RUN_COUNT=$((CM_MLPERF_RUN_COUNT+1)); echo ${CM_MLPERF_RUN_COUNT} > ${CM_RUN_DIR}/count.txt && if [ ${CM_MLPERF_RUN_COUNT} -eq "1" ]; then export CM_MLPERF_USER_CONF=${CM_MLPERF_RANGING_USER_CONF}; else export CM_MLPERF_USER_CONF=${CM_MLPERF_TESTING_USER_CONF}; fi && /home/arjun/run.out'
client 2023-07-11 16:37:43,971 [INFO] Sending command to the server: 'time'
client 2023-07-11 16:37:43,975 [INFO] Got response: '1689089863.8783212'
client 2023-07-11 16:37:43,975 [INFO] The time difference between the client and the server is within range 93.349 ms..97.220 ms
client 2023-07-11 16:37:43,975 [INFO] Sending command to the server: 'session,2023-07-11_16-21-46,stop,testing'
client 2023-07-11 16:37:54,509 [INFO] Got response: 'OK'
client 2023-07-11 16:37:54,510 [INFO] Sending command to the server: 'time'
client 2023-07-11 16:37:54,525 [INFO] Got response: '1689089874.4225137'
client 2023-07-11 16:37:54,525 [INFO] The time difference between the client and the server is within range 87.879 ms..103.343 ms
client 2023-07-11 16:37:54,530 [INFO] Copying loadgen logs from '/home/arjun/mobilenet_results/valid_results/orin-tflite_armnn_cpp-cpu-armnn_tflite-v22.11-using_neon/mobilenet-v2-precision_uint8-0.35-192/singlestream/performance/run_1' to '/home/arjun/mobilenet_results/valid_results/orin-tflite_armnn_cpp-cpu-armnn_tflite-v22.11-using_neon/mobilenet-v2-precision_uint8-0.35-192/singlestream/performance/tmp_power/run_1'
client 2023-07-11 16:37:54,533 [INFO] Done runs
