client 2023-08-10 18:46:12,866 [INFO] Creating output directory '/home/arjun/mobilenet_results/valid_results/orin-tflite_cpp-cpu-tflite-vmaster-with_live_preprocessing/mobilenet-v1-precision_float-0.25-192/singlestream/performance/tmp_power'
client 2023-08-10 18:46:12,869 [INFO] Sending command to the server: 'mlcommons/power client v3'
client 2023-08-10 18:46:12,872 [INFO] Got response: 'mlcommons/power server v3'
client 2023-08-10 18:46:12,872 [INFO] Synchronizing with the server and with time.google.com...
client 2023-08-10 18:46:12,902 [INFO] NTP:offset = -0.001 s, delay = 0.015 s 
client 2023-08-10 18:46:12,903 [INFO] Sending command to the server: 'time'
client 2023-08-10 18:46:12,905 [INFO] Got response: '1691689572.852182'
client 2023-08-10 18:46:12,905 [INFO] The time difference between the client and the server is within range 50.820 ms..53.459 ms
client 2023-08-10 18:46:12,905 [INFO] Sending command to the server: 'new,,f5f82092-2ded-472d-a704-d7ae2df1c9e9'
client 2023-08-10 18:46:12,908 [INFO] Got response: 'OK 2023-08-10_18-46-12,0c4be497-ebda-4a79-b4a2-f59f709e8b2d'
client 2023-08-10 18:46:12,908 [INFO] Session id is '2023-08-10_18-46-12'
client 2023-08-10 18:46:12,908 [INFO] Sources: {"sources": {"__init__.py": "da39a3ee5e6b4b0d3255bfef95601890afd80709", "client.py": "33ca4f26368777ac06e01f9567b714a4b8063886", "lib/__init__.py": "da39a3ee5e6b4b0d3255bfef95601890afd80709", "lib/client.py": "ac2aa093c8e8bbc9569b9e2a3471bc64e58a2258", "lib/common.py": "611d8b29633d331eb19c9455ea3b5fa3284ed6df", "lib/external/__init__.py": "da39a3ee5e6b4b0d3255bfef95601890afd80709", "lib/external/ntplib.py": "4da8f970656505a40483206ef2b5d3dd5e81711d", "lib/server.py": "c7af63c31bb2fbedea4345f571f6e3507d268ada", "lib/source_hashes.py": "60a2e02193209e8d392803326208d5466342da18", "lib/summary.py": "aa92f0a3f975eecd44d3c0cd0236342ccc9f941d", "lib/time_sync.py": "80894ef2389e540781ff78de94db16aa4203a14e", "server.py": "c3f90f2f7eeb4db30727556d0c815ebc89b3d28b", "tests/unit/__init__.py": "da39a3ee5e6b4b0d3255bfef95601890afd80709", "tests/unit/test_server.py": "948c1995d4008bc2aa6c4046a34ffa3858d6d671", "tests/unit/test_source_hashes.py": "00468a2907583c593e6574a1f6b404e4651c221a"}, "modules": {"ptd_client_server.lib.client": "lib/client.py", "ptd_client_server.lib.common": "lib/common.py", "ptd_client_server.lib.external.ntplib": "lib/external/ntplib.py", "ptd_client_server.lib.source_hashes": "lib/source_hashes.py", "ptd_client_server.lib.summary": "lib/summary.py", "ptd_client_server.lib.time_sync": "lib/time_sync.py"}}
client 2023-08-10 18:46:12,908 [INFO] Running workload in ranging mode
client 2023-08-10 18:46:12,908 [INFO] Synchronizing with the server and with time.google.com...
client 2023-08-10 18:46:12,924 [INFO] NTP:offset = -0.001 s, delay = 0.015 s 
client 2023-08-10 18:46:12,924 [INFO] Sending command to the server: 'time'
client 2023-08-10 18:46:12,927 [INFO] Got response: '1691689572.8727682'
client 2023-08-10 18:46:12,927 [INFO] The time difference between the client and the server is within range 52.015 ms..54.811 ms
client 2023-08-10 18:46:12,927 [INFO] Sending command to the server: 'session,2023-08-10_18-46-12,start,ranging'
client 2023-08-10 18:46:41,702 [INFO] Got response: 'OK'
client 2023-08-10 18:46:41,702 [INFO] Sending command to the server: 'time'
client 2023-08-10 18:46:41,705 [INFO] Got response: '1691689601.650708'
client 2023-08-10 18:46:41,706 [INFO] The time difference between the client and the server is within range 51.762 ms..55.377 ms
client 2023-08-10 18:46:41,706 [INFO] Running the workload 'CM_MLPERF_RUN_COUNT=$(cat ${CM_RUN_DIR}/count.txt); echo ${CM_MLPERF_RUN_COUNT}; CM_MLPERF_RUN_COUNT=$((CM_MLPERF_RUN_COUNT+1)); echo ${CM_MLPERF_RUN_COUNT} > ${CM_RUN_DIR}/count.txt && if [ ${CM_MLPERF_RUN_COUNT} -eq "1" ]; then export CM_MLPERF_USER_CONF=${CM_MLPERF_RANGING_USER_CONF}; else export CM_MLPERF_USER_CONF=${CM_MLPERF_TESTING_USER_CONF}; fi && /mount/CM/repos/ctuning@mlcommons-ck/cm-mlops/script/run-all-mlperf-models/run.out'
client 2023-08-10 18:51:43,000 [INFO] Sending command to the server: 'time'
client 2023-08-10 18:51:43,004 [INFO] Got response: '1691689902.9507017'
client 2023-08-10 18:51:43,004 [INFO] The time difference between the client and the server is within range 49.616 ms..53.772 ms
client 2023-08-10 18:51:43,004 [INFO] Sending command to the server: 'session,2023-08-10_18-46-12,stop,ranging'
client 2023-08-10 18:51:53,753 [INFO] Got response: 'OK'
client 2023-08-10 18:51:53,753 [INFO] Sending command to the server: 'time'
client 2023-08-10 18:51:53,756 [INFO] Got response: '1691689913.7023304'
client 2023-08-10 18:51:53,756 [INFO] The time difference between the client and the server is within range 51.269 ms..53.824 ms
client 2023-08-10 18:51:53,759 [INFO] Copying loadgen logs from '/home/arjun/mobilenet_results/valid_results/orin-tflite_cpp-cpu-tflite-vmaster-with_live_preprocessing/mobilenet-v1-precision_float-0.25-192/singlestream/performance/run_1' to '/home/arjun/mobilenet_results/valid_results/orin-tflite_cpp-cpu-tflite-vmaster-with_live_preprocessing/mobilenet-v1-precision_float-0.25-192/singlestream/performance/tmp_power/ranging'
client 2023-08-10 18:51:53,760 [INFO] Running workload in testing mode
client 2023-08-10 18:51:53,760 [INFO] Synchronizing with the server and with time.google.com...
client 2023-08-10 18:51:53,777 [INFO] NTP:offset = 0.000 s, delay = 0.016 s 
client 2023-08-10 18:51:53,777 [INFO] Sending command to the server: 'time'
client 2023-08-10 18:51:53,780 [INFO] Got response: '1691689913.7227702'
client 2023-08-10 18:51:53,780 [INFO] The time difference between the client and the server is within range 54.967 ms..57.949 ms
client 2023-08-10 18:51:53,780 [INFO] Sending command to the server: 'session,2023-08-10_18-46-12,start,testing'
client 2023-08-10 18:52:06,817 [INFO] Got response: 'OK'
client 2023-08-10 18:52:06,818 [INFO] Sending command to the server: 'time'
client 2023-08-10 18:52:06,821 [INFO] Got response: '1691689926.7684922'
client 2023-08-10 18:52:06,821 [INFO] The time difference between the client and the server is within range 49.518 ms..52.881 ms
client 2023-08-10 18:52:06,821 [INFO] Running the workload 'CM_MLPERF_RUN_COUNT=$(cat ${CM_RUN_DIR}/count.txt); echo ${CM_MLPERF_RUN_COUNT}; CM_MLPERF_RUN_COUNT=$((CM_MLPERF_RUN_COUNT+1)); echo ${CM_MLPERF_RUN_COUNT} > ${CM_RUN_DIR}/count.txt && if [ ${CM_MLPERF_RUN_COUNT} -eq "1" ]; then export CM_MLPERF_USER_CONF=${CM_MLPERF_RANGING_USER_CONF}; else export CM_MLPERF_USER_CONF=${CM_MLPERF_TESTING_USER_CONF}; fi && /mount/CM/repos/ctuning@mlcommons-ck/cm-mlops/script/run-all-mlperf-models/run.out'
client 2023-08-10 19:02:09,044 [INFO] Sending command to the server: 'time'
client 2023-08-10 19:02:09,047 [INFO] Got response: '1691690528.9932256'
client 2023-08-10 19:02:09,047 [INFO] The time difference between the client and the server is within range 51.543 ms..54.168 ms
client 2023-08-10 19:02:09,047 [INFO] Sending command to the server: 'session,2023-08-10_18-46-12,stop,testing'
client 2023-08-10 19:02:20,272 [INFO] Got response: 'OK'
client 2023-08-10 19:02:20,272 [INFO] Sending command to the server: 'time'
client 2023-08-10 19:02:20,274 [INFO] Got response: '1691690540.2115996'
client 2023-08-10 19:02:20,274 [INFO] The time difference between the client and the server is within range 60.554 ms..62.511 ms
client 2023-08-10 19:02:20,275 [INFO] Copying loadgen logs from '/home/arjun/mobilenet_results/valid_results/orin-tflite_cpp-cpu-tflite-vmaster-with_live_preprocessing/mobilenet-v1-precision_float-0.25-192/singlestream/performance/run_1' to '/home/arjun/mobilenet_results/valid_results/orin-tflite_cpp-cpu-tflite-vmaster-with_live_preprocessing/mobilenet-v1-precision_float-0.25-192/singlestream/performance/tmp_power/run_1'
client 2023-08-10 19:02:20,275 [INFO] Done runs
