client 2023-08-06 10:32:46,537 [INFO] Creating output directory '/home/arjun/mobilenet_results/valid_results/orin-tflite_cpp-cpu-tflite-vmaster-default_config/mobilenet-v2-precision_uint8-0.5-128/singlestream/performance/tmp_power'
client 2023-08-06 10:32:46,540 [INFO] Sending command to the server: 'mlcommons/power client v3'
client 2023-08-06 10:32:46,544 [INFO] Got response: 'mlcommons/power server v3'
client 2023-08-06 10:32:46,544 [INFO] Synchronizing with the server and with time.google.com...
client 2023-08-06 10:32:46,574 [INFO] NTP:offset = -0.002 s, delay = 0.016 s 
client 2023-08-06 10:32:46,574 [INFO] Sending command to the server: 'time'
client 2023-08-06 10:32:46,577 [INFO] Got response: '1691314366.5703862'
client 2023-08-06 10:32:46,577 [INFO] The time difference between the client and the server is within range 4.076 ms..7.550 ms
client 2023-08-06 10:32:46,578 [INFO] Sending command to the server: 'new,,63dac486-a4ad-4595-b224-5405141e3307'
client 2023-08-06 10:32:46,581 [INFO] Got response: 'OK 2023-08-06_10-32-46,d37b12da-3291-4381-9f3a-82dd21a3ce6f'
client 2023-08-06 10:32:46,581 [INFO] Session id is '2023-08-06_10-32-46'
client 2023-08-06 10:32:46,581 [INFO] Sources: {"sources": {"__init__.py": "da39a3ee5e6b4b0d3255bfef95601890afd80709", "client.py": "33ca4f26368777ac06e01f9567b714a4b8063886", "lib/__init__.py": "da39a3ee5e6b4b0d3255bfef95601890afd80709", "lib/client.py": "ac2aa093c8e8bbc9569b9e2a3471bc64e58a2258", "lib/common.py": "611d8b29633d331eb19c9455ea3b5fa3284ed6df", "lib/external/__init__.py": "da39a3ee5e6b4b0d3255bfef95601890afd80709", "lib/external/ntplib.py": "4da8f970656505a40483206ef2b5d3dd5e81711d", "lib/server.py": "c7af63c31bb2fbedea4345f571f6e3507d268ada", "lib/source_hashes.py": "60a2e02193209e8d392803326208d5466342da18", "lib/summary.py": "aa92f0a3f975eecd44d3c0cd0236342ccc9f941d", "lib/time_sync.py": "122eba67a9abc85635223e054def53be1367ade2", "server.py": "c3f90f2f7eeb4db30727556d0c815ebc89b3d28b", "tests/unit/__init__.py": "da39a3ee5e6b4b0d3255bfef95601890afd80709", "tests/unit/test_server.py": "948c1995d4008bc2aa6c4046a34ffa3858d6d671", "tests/unit/test_source_hashes.py": "00468a2907583c593e6574a1f6b404e4651c221a"}, "modules": {"ptd_client_server.lib.client": "lib/client.py", "ptd_client_server.lib.common": "lib/common.py", "ptd_client_server.lib.external.ntplib": "lib/external/ntplib.py", "ptd_client_server.lib.source_hashes": "lib/source_hashes.py", "ptd_client_server.lib.summary": "lib/summary.py", "ptd_client_server.lib.time_sync": "lib/time_sync.py"}}
client 2023-08-06 10:32:46,581 [INFO] Running workload in ranging mode
client 2023-08-06 10:32:46,581 [INFO] Synchronizing with the server and with time.google.com...
client 2023-08-06 10:32:46,597 [INFO] NTP:offset = -0.001 s, delay = 0.014 s 
client 2023-08-06 10:32:46,597 [INFO] Sending command to the server: 'time'
client 2023-08-06 10:32:46,599 [INFO] Got response: '1691314366.590783'
client 2023-08-06 10:32:46,599 [INFO] The time difference between the client and the server is within range 6.531 ms..8.955 ms
client 2023-08-06 10:32:46,599 [INFO] Sending command to the server: 'session,2023-08-06_10-32-46,start,ranging'
client 2023-08-06 10:33:15,304 [INFO] Got response: 'OK'
client 2023-08-06 10:33:15,304 [INFO] Sending command to the server: 'time'
client 2023-08-06 10:33:15,306 [INFO] Got response: '1691314395.2961013'
client 2023-08-06 10:33:15,306 [INFO] The time difference between the client and the server is within range 8.383 ms..10.841 ms
client 2023-08-06 10:33:15,307 [INFO] Running the workload 'CM_MLPERF_RUN_COUNT=$(cat ${CM_RUN_DIR}/count.txt); echo ${CM_MLPERF_RUN_COUNT}; CM_MLPERF_RUN_COUNT=$((CM_MLPERF_RUN_COUNT+1)); echo ${CM_MLPERF_RUN_COUNT} > ${CM_RUN_DIR}/count.txt && if [ ${CM_MLPERF_RUN_COUNT} -eq "1" ]; then export CM_MLPERF_USER_CONF=${CM_MLPERF_RANGING_USER_CONF}; else export CM_MLPERF_USER_CONF=${CM_MLPERF_TESTING_USER_CONF}; fi && /mount/CM/repos/ctuning@mlcommons-ck/cm-mlops/script/run-all-mlperf-models/run.out'
client 2023-08-06 10:38:16,623 [INFO] Sending command to the server: 'time'
client 2023-08-06 10:38:16,629 [INFO] Got response: '1691314696.6139355'
client 2023-08-06 10:38:16,629 [INFO] The time difference between the client and the server is within range 10.009 ms..15.418 ms
client 2023-08-06 10:38:16,629 [INFO] Sending command to the server: 'session,2023-08-06_10-32-46,stop,ranging'
client 2023-08-06 10:38:27,691 [INFO] Got response: 'OK'
client 2023-08-06 10:38:27,691 [INFO] Sending command to the server: 'time'
client 2023-08-06 10:38:27,695 [INFO] Got response: '1691314707.6828165'
client 2023-08-06 10:38:27,695 [INFO] The time difference between the client and the server is within range 8.938 ms..12.575 ms
client 2023-08-06 10:38:27,698 [INFO] Copying loadgen logs from '/home/arjun/mobilenet_results/valid_results/orin-tflite_cpp-cpu-tflite-vmaster-default_config/mobilenet-v2-precision_uint8-0.5-128/singlestream/performance/run_1' to '/home/arjun/mobilenet_results/valid_results/orin-tflite_cpp-cpu-tflite-vmaster-default_config/mobilenet-v2-precision_uint8-0.5-128/singlestream/performance/tmp_power/ranging'
client 2023-08-06 10:38:27,699 [INFO] Running workload in testing mode
client 2023-08-06 10:38:27,699 [INFO] Synchronizing with the server and with time.google.com...
client 2023-08-06 10:38:27,716 [INFO] NTP:offset = -0.000 s, delay = 0.015 s 
client 2023-08-06 10:38:27,716 [INFO] Sending command to the server: 'time'
client 2023-08-06 10:38:27,719 [INFO] Got response: '1691314707.708735'
client 2023-08-06 10:38:27,719 [INFO] The time difference between the client and the server is within range 7.739 ms..10.685 ms
client 2023-08-06 10:38:27,719 [INFO] Sending command to the server: 'session,2023-08-06_10-32-46,start,testing'
client 2023-08-06 10:38:40,763 [INFO] Got response: 'OK'
client 2023-08-06 10:38:40,763 [INFO] Sending command to the server: 'time'
client 2023-08-06 10:38:40,767 [INFO] Got response: '1691314720.7567713'
client 2023-08-06 10:38:40,767 [INFO] The time difference between the client and the server is within range 6.795 ms..11.180 ms
client 2023-08-06 10:38:40,768 [INFO] Running the workload 'CM_MLPERF_RUN_COUNT=$(cat ${CM_RUN_DIR}/count.txt); echo ${CM_MLPERF_RUN_COUNT}; CM_MLPERF_RUN_COUNT=$((CM_MLPERF_RUN_COUNT+1)); echo ${CM_MLPERF_RUN_COUNT} > ${CM_RUN_DIR}/count.txt && if [ ${CM_MLPERF_RUN_COUNT} -eq "1" ]; then export CM_MLPERF_USER_CONF=${CM_MLPERF_RANGING_USER_CONF}; else export CM_MLPERF_USER_CONF=${CM_MLPERF_TESTING_USER_CONF}; fi && /mount/CM/repos/ctuning@mlcommons-ck/cm-mlops/script/run-all-mlperf-models/run.out'
client 2023-08-06 10:48:43,071 [INFO] Sending command to the server: 'time'
client 2023-08-06 10:48:43,076 [INFO] Got response: '1691315323.0521421'
client 2023-08-06 10:48:43,076 [INFO] The time difference between the client and the server is within range 19.582 ms..24.056 ms
client 2023-08-06 10:48:43,076 [INFO] Sending command to the server: 'session,2023-08-06_10-32-46,stop,testing'
client 2023-08-06 10:48:53,848 [INFO] Got response: 'OK'
client 2023-08-06 10:48:53,848 [INFO] Sending command to the server: 'time'
client 2023-08-06 10:48:53,851 [INFO] Got response: '1691315333.831604'
client 2023-08-06 10:48:53,851 [INFO] The time difference between the client and the server is within range 16.972 ms..19.789 ms
client 2023-08-06 10:48:53,852 [INFO] Copying loadgen logs from '/home/arjun/mobilenet_results/valid_results/orin-tflite_cpp-cpu-tflite-vmaster-default_config/mobilenet-v2-precision_uint8-0.5-128/singlestream/performance/run_1' to '/home/arjun/mobilenet_results/valid_results/orin-tflite_cpp-cpu-tflite-vmaster-default_config/mobilenet-v2-precision_uint8-0.5-128/singlestream/performance/tmp_power/run_1'
client 2023-08-06 10:48:53,852 [INFO] Done runs
