client 2023-08-18 16:47:30,009 [INFO] Creating output directory '/data/maria/work_collection/generated_by_power_measurement_on_run_95159e9858e34a818fdccab9c67814dd/power_logs'
client 2023-08-18 16:47:30,010 [INFO] Sending command to the server: 'mlcommons/power client v3'
client 2023-08-18 16:47:30,011 [INFO] Got response: 'mlcommons/power server v3'
client 2023-08-18 16:47:30,011 [INFO] Synchronizing with the server and with time.google.com...
client 2023-08-18 16:47:30,078 [INFO] NTP:offset = 0.000 s, delay = 0.012 s 
client 2023-08-18 16:47:30,078 [INFO] Sending command to the server: 'time'
client 2023-08-18 16:47:30,079 [INFO] Got response: '1692373650.0794518'
client 2023-08-18 16:47:30,079 [INFO] The time difference between the client and the server is within range -0.733 ms..0.175 ms
client 2023-08-18 16:47:30,079 [INFO] Sending command to the server: 'new,,56378400-5044-4405-b837-49880623a034'
client 2023-08-18 16:47:30,080 [INFO] Got response: 'OK 2023-08-18_16-47-30,9f9e8494-1227-4399-bbcc-ae63c1018ed2'
client 2023-08-18 16:47:30,080 [INFO] Session id is '2023-08-18_16-47-30'
client 2023-08-18 16:47:30,081 [INFO] Sources: {"sources": {"__init__.py": "da39a3ee5e6b4b0d3255bfef95601890afd80709", "client.py": "33ca4f26368777ac06e01f9567b714a4b8063886", "lib/__init__.py": "da39a3ee5e6b4b0d3255bfef95601890afd80709", "lib/client.py": "ac2aa093c8e8bbc9569b9e2a3471bc64e58a2258", "lib/common.py": "611d8b29633d331eb19c9455ea3b5fa3284ed6df", "lib/external/__init__.py": "da39a3ee5e6b4b0d3255bfef95601890afd80709", "lib/external/ntplib.py": "4da8f970656505a40483206ef2b5d3dd5e81711d", "lib/server.py": "c7af63c31bb2fbedea4345f571f6e3507d268ada", "lib/source_hashes.py": "60a2e02193209e8d392803326208d5466342da18", "lib/summary.py": "aa92f0a3f975eecd44d3c0cd0236342ccc9f941d", "lib/time_sync.py": "80894ef2389e540781ff78de94db16aa4203a14e", "server.py": "c3f90f2f7eeb4db30727556d0c815ebc89b3d28b", "tests/unit/__init__.py": "da39a3ee5e6b4b0d3255bfef95601890afd80709", "tests/unit/test_server.py": "948c1995d4008bc2aa6c4046a34ffa3858d6d671", "tests/unit/test_source_hashes.py": "00468a2907583c593e6574a1f6b404e4651c221a"}, "modules": {"ptd_client_server.lib.client": "lib/client.py", "ptd_client_server.lib.common": "lib/common.py", "ptd_client_server.lib.external.ntplib": "lib/external/ntplib.py", "ptd_client_server.lib.source_hashes": "lib/source_hashes.py", "ptd_client_server.lib.summary": "lib/summary.py", "ptd_client_server.lib.time_sync": "lib/time_sync.py"}}
client 2023-08-18 16:47:30,081 [INFO] Running workload in ranging mode
client 2023-08-18 16:47:30,081 [INFO] Synchronizing with the server and with time.google.com...
client 2023-08-18 16:47:30,095 [INFO] NTP:offset = -0.000 s, delay = 0.014 s 
client 2023-08-18 16:47:30,095 [INFO] Sending command to the server: 'time'
client 2023-08-18 16:47:30,096 [INFO] Got response: '1692373650.0962632'
client 2023-08-18 16:47:30,096 [INFO] The time difference between the client and the server is within range -0.775 ms..0.132 ms
client 2023-08-18 16:47:30,096 [INFO] Sending command to the server: 'session,2023-08-18_16-47-30,start,ranging'
client 2023-08-18 16:47:58,188 [INFO] Got response: 'OK'
client 2023-08-18 16:47:58,189 [INFO] Sending command to the server: 'time'
client 2023-08-18 16:47:58,189 [INFO] Got response: '1692373678.1897168'
client 2023-08-18 16:47:58,189 [INFO] The time difference between the client and the server is within range -0.692 ms..0.203 ms
client 2023-08-18 16:47:58,189 [INFO] Running the workload 'axs byquery loadgen_output,image_classifier,device=qaic,framework=kilt,model_name=resnet50,loadgen_mode=PerformanceOnly,loadgen_scenario=SingleStream,first_n=50000,sut_name=eb6-kilt-qaic,compiled_model_source=/data/krai/CK-TOOLS/model-qaic-compiled-resnet50-resnet50.aedk.singlestream,recommended_batch_size=1,loadgen_compliance_test-,_with_power+,symlink_to=/data/maria/work_collection/generated_by_power_measurement_on_run_95159e9858e34a818fdccab9c67814dd/last_mlperf_logs,power_client_entrydic_path=/data/maria/work_collection/generated_by_power_measurement_on_run_95159e9858e34a818fdccab9c67814dd/program_output.json'
client 2023-08-18 16:58:04,508 [INFO] Sending command to the server: 'time'
client 2023-08-18 16:58:04,510 [INFO] Got response: '1692374284.5089562'
client 2023-08-18 16:58:04,510 [INFO] The time difference between the client and the server is within range -0.865 ms..1.131 ms
client 2023-08-18 16:58:04,510 [INFO] Sending command to the server: 'session,2023-08-18_16-47-30,stop,ranging'
client 2023-08-18 16:58:15,260 [INFO] Got response: 'OK'
client 2023-08-18 16:58:15,260 [INFO] Sending command to the server: 'time'
client 2023-08-18 16:58:15,260 [INFO] Got response: '1692374295.2599967'
client 2023-08-18 16:58:15,260 [INFO] The time difference between the client and the server is within range 0.186 ms..0.964 ms
client 2023-08-18 16:58:15,264 [INFO] Copying loadgen logs from '/data/maria/work_collection/generated_by_power_measurement_on_run_95159e9858e34a818fdccab9c67814dd/last_mlperf_logs' to '/data/maria/work_collection/generated_by_power_measurement_on_run_95159e9858e34a818fdccab9c67814dd/power_logs/ranging'
client 2023-08-18 16:58:15,264 [INFO] Running workload in testing mode
client 2023-08-18 16:58:15,264 [INFO] Synchronizing with the server and with time.google.com...
client 2023-08-18 16:58:15,331 [INFO] NTP:offset = -0.001 s, delay = 0.014 s 
client 2023-08-18 16:58:15,331 [INFO] Sending command to the server: 'time'
client 2023-08-18 16:58:15,332 [INFO] Got response: '1692374295.331397'
client 2023-08-18 16:58:15,333 [INFO] The time difference between the client and the server is within range 0.078 ms..2.140 ms
client 2023-08-18 16:58:15,333 [INFO] Sending command to the server: 'session,2023-08-18_16-47-30,start,testing'
client 2023-08-18 16:58:28,348 [INFO] Got response: 'OK'
client 2023-08-18 16:58:28,348 [INFO] Sending command to the server: 'time'
client 2023-08-18 16:58:28,349 [INFO] Got response: '1692374308.3484802'
client 2023-08-18 16:58:28,349 [INFO] The time difference between the client and the server is within range 0.133 ms..0.981 ms
client 2023-08-18 16:58:28,349 [INFO] Running the workload 'axs byquery loadgen_output,image_classifier,device=qaic,framework=kilt,model_name=resnet50,loadgen_mode=PerformanceOnly,loadgen_scenario=SingleStream,first_n=50000,sut_name=eb6-kilt-qaic,compiled_model_source=/data/krai/CK-TOOLS/model-qaic-compiled-resnet50-resnet50.aedk.singlestream,recommended_batch_size=1,loadgen_compliance_test-,_with_power+,symlink_to=/data/maria/work_collection/generated_by_power_measurement_on_run_95159e9858e34a818fdccab9c67814dd/last_mlperf_logs,power_client_entrydic_path=/data/maria/work_collection/generated_by_power_measurement_on_run_95159e9858e34a818fdccab9c67814dd/program_output.json'
client 2023-08-18 17:08:34,645 [INFO] Sending command to the server: 'time'
client 2023-08-18 17:08:34,647 [INFO] Got response: '1692374914.6459486'
client 2023-08-18 17:08:34,647 [INFO] The time difference between the client and the server is within range -0.583 ms..1.451 ms
client 2023-08-18 17:08:34,647 [INFO] Sending command to the server: 'session,2023-08-18_16-47-30,stop,testing'
client 2023-08-18 17:08:45,398 [INFO] Got response: 'OK'
client 2023-08-18 17:08:45,398 [INFO] Sending command to the server: 'time'
client 2023-08-18 17:08:45,399 [INFO] Got response: '1692374925.3985233'
client 2023-08-18 17:08:45,399 [INFO] The time difference between the client and the server is within range 0.436 ms..1.330 ms
client 2023-08-18 17:08:45,400 [INFO] Copying loadgen logs from '/data/maria/work_collection/generated_by_power_measurement_on_run_95159e9858e34a818fdccab9c67814dd/last_mlperf_logs' to '/data/maria/work_collection/generated_by_power_measurement_on_run_95159e9858e34a818fdccab9c67814dd/power_logs/run_1'
client 2023-08-18 17:08:45,403 [INFO] Done runs
