client 2023-07-10 06:36:42,193 [INFO] Creating output directory '/home/arjun/mobilenet_results/valid_results/orin-tflite_cpp-cpu-tflite-vmaster-default_config/efficientnet-int8-lite3/singlestream/performance/tmp_power'
client 2023-07-10 06:36:42,196 [INFO] Sending command to the server: 'mlcommons/power client v3'
client 2023-07-10 06:36:42,199 [INFO] Got response: 'mlcommons/power server v3'
client 2023-07-10 06:36:42,199 [INFO] Synchronizing with the server and with time.google.com...
client 2023-07-10 06:36:42,218 [INFO] NTP:offset = 0.001 s, delay = 0.014 s 
client 2023-07-10 06:36:42,218 [INFO] Sending command to the server: 'time'
client 2023-07-10 06:36:42,221 [INFO] Got response: '1688967402.2219665'
client 2023-07-10 06:36:42,221 [INFO] The time difference between the client and the server is within range -3.663 ms..-0.849 ms
client 2023-07-10 06:36:42,221 [INFO] Sending command to the server: 'new,,3b0f5900-7921-431c-851c-dbf5f8fc0b89'
client 2023-07-10 06:36:42,224 [INFO] Got response: 'OK 2023-07-10_05-36-42,580c3ddf-06a4-4948-9e74-def33058205e'
client 2023-07-10 06:36:42,224 [INFO] Session id is '2023-07-10_05-36-42'
client 2023-07-10 06:36:42,224 [INFO] Sources: {"sources": {"__init__.py": "da39a3ee5e6b4b0d3255bfef95601890afd80709", "client.py": "33ca4f26368777ac06e01f9567b714a4b8063886", "lib/__init__.py": "da39a3ee5e6b4b0d3255bfef95601890afd80709", "lib/client.py": "ac2aa093c8e8bbc9569b9e2a3471bc64e58a2258", "lib/common.py": "611d8b29633d331eb19c9455ea3b5fa3284ed6df", "lib/external/__init__.py": "da39a3ee5e6b4b0d3255bfef95601890afd80709", "lib/external/ntplib.py": "4da8f970656505a40483206ef2b5d3dd5e81711d", "lib/server.py": "c7af63c31bb2fbedea4345f571f6e3507d268ada", "lib/source_hashes.py": "60a2e02193209e8d392803326208d5466342da18", "lib/summary.py": "aa92f0a3f975eecd44d3c0cd0236342ccc9f941d", "lib/time_sync.py": "122eba67a9abc85635223e054def53be1367ade2", "server.py": "c3f90f2f7eeb4db30727556d0c815ebc89b3d28b", "tests/unit/__init__.py": "da39a3ee5e6b4b0d3255bfef95601890afd80709", "tests/unit/test_server.py": "948c1995d4008bc2aa6c4046a34ffa3858d6d671", "tests/unit/test_source_hashes.py": "00468a2907583c593e6574a1f6b404e4651c221a"}, "modules": {"ptd_client_server.lib.client": "lib/client.py", "ptd_client_server.lib.common": "lib/common.py", "ptd_client_server.lib.external.ntplib": "lib/external/ntplib.py", "ptd_client_server.lib.source_hashes": "lib/source_hashes.py", "ptd_client_server.lib.summary": "lib/summary.py", "ptd_client_server.lib.time_sync": "lib/time_sync.py"}}
client 2023-07-10 06:36:42,225 [INFO] Running workload in ranging mode
client 2023-07-10 06:36:42,225 [INFO] Synchronizing with the server and with time.google.com...
client 2023-07-10 06:36:42,239 [INFO] NTP:offset = 0.002 s, delay = 0.013 s 
client 2023-07-10 06:36:42,239 [INFO] Sending command to the server: 'time'
client 2023-07-10 06:36:42,241 [INFO] Got response: '1688967402.2428505'
client 2023-07-10 06:36:42,241 [INFO] The time difference between the client and the server is within range -3.695 ms..-0.869 ms
client 2023-07-10 06:36:42,242 [INFO] Sending command to the server: 'session,2023-07-10_05-36-42,start,ranging'
client 2023-07-10 06:37:10,354 [INFO] Got response: 'OK'
client 2023-07-10 06:37:10,355 [INFO] Sending command to the server: 'time'
client 2023-07-10 06:37:10,359 [INFO] Got response: '1688967430.358885'
client 2023-07-10 06:37:10,359 [INFO] The time difference between the client and the server is within range -3.598 ms..0.899 ms
client 2023-07-10 06:37:10,360 [INFO] Running the workload 'CM_MLPERF_RUN_COUNT=$(cat ${CM_RUN_DIR}/count.txt); echo ${CM_MLPERF_RUN_COUNT}; CM_MLPERF_RUN_COUNT=$((CM_MLPERF_RUN_COUNT+1)); echo ${CM_MLPERF_RUN_COUNT} > ${CM_RUN_DIR}/count.txt && if [ ${CM_MLPERF_RUN_COUNT} -eq "1" ]; then export CM_MLPERF_USER_CONF=${CM_MLPERF_RANGING_USER_CONF}; else export CM_MLPERF_USER_CONF=${CM_MLPERF_TESTING_USER_CONF}; fi && /home/arjun/run.out'
client 2023-07-10 06:42:16,497 [INFO] Sending command to the server: 'time'
client 2023-07-10 06:42:16,504 [INFO] Got response: '1688967736.504926'
client 2023-07-10 06:42:16,504 [INFO] The time difference between the client and the server is within range -8.055 ms..-0.030 ms
client 2023-07-10 06:42:16,505 [INFO] Sending command to the server: 'session,2023-07-10_05-36-42,stop,ranging'
client 2023-07-10 06:42:27,483 [INFO] Got response: 'OK'
client 2023-07-10 06:42:27,484 [INFO] Sending command to the server: 'time'
client 2023-07-10 06:42:27,487 [INFO] Got response: '1688967747.487547'
client 2023-07-10 06:42:27,488 [INFO] The time difference between the client and the server is within range -3.350 ms..0.374 ms
client 2023-07-10 06:42:27,539 [INFO] Copying loadgen logs from '/home/arjun/mobilenet_results/valid_results/orin-tflite_cpp-cpu-tflite-vmaster-default_config/efficientnet-int8-lite3/singlestream/performance/run_1' to '/home/arjun/mobilenet_results/valid_results/orin-tflite_cpp-cpu-tflite-vmaster-default_config/efficientnet-int8-lite3/singlestream/performance/tmp_power/ranging'
client 2023-07-10 06:42:27,541 [INFO] Running workload in testing mode
client 2023-07-10 06:42:27,542 [INFO] Synchronizing with the server and with time.google.com...
client 2023-07-10 06:42:27,564 [INFO] NTP:offset = 0.000 s, delay = 0.017 s 
client 2023-07-10 06:42:27,564 [INFO] Sending command to the server: 'time'
client 2023-07-10 06:42:27,567 [INFO] Got response: '1688967747.5680048'
client 2023-07-10 06:42:27,567 [INFO] The time difference between the client and the server is within range -3.304 ms..-0.295 ms
client 2023-07-10 06:42:27,567 [INFO] Sending command to the server: 'session,2023-07-10_05-36-42,start,testing'
client 2023-07-10 06:42:40,590 [INFO] Got response: 'OK'
client 2023-07-10 06:42:40,591 [INFO] Sending command to the server: 'time'
client 2023-07-10 06:42:40,594 [INFO] Got response: '1688967760.5949717'
client 2023-07-10 06:42:40,595 [INFO] The time difference between the client and the server is within range -3.628 ms..0.280 ms
client 2023-07-10 06:42:40,595 [INFO] Running the workload 'CM_MLPERF_RUN_COUNT=$(cat ${CM_RUN_DIR}/count.txt); echo ${CM_MLPERF_RUN_COUNT}; CM_MLPERF_RUN_COUNT=$((CM_MLPERF_RUN_COUNT+1)); echo ${CM_MLPERF_RUN_COUNT} > ${CM_RUN_DIR}/count.txt && if [ ${CM_MLPERF_RUN_COUNT} -eq "1" ]; then export CM_MLPERF_USER_CONF=${CM_MLPERF_RANGING_USER_CONF}; else export CM_MLPERF_USER_CONF=${CM_MLPERF_TESTING_USER_CONF}; fi && /home/arjun/run.out'
client 2023-07-10 06:52:51,901 [INFO] Sending command to the server: 'time'
client 2023-07-10 06:52:51,997 [INFO] Got response: '1688968371.9974785'
client 2023-07-10 06:52:51,997 [INFO] The time difference between the client and the server is within range -96.173 ms..0.390 ms
client 2023-07-10 06:52:51,998 [INFO] Sending command to the server: 'session,2023-07-10_05-36-42,stop,testing'
client 2023-07-10 06:53:02,645 [INFO] Got response: 'OK'
client 2023-07-10 06:53:02,646 [INFO] Sending command to the server: 'time'
client 2023-07-10 06:53:02,649 [INFO] Got response: '1688968382.6488044'
client 2023-07-10 06:53:02,649 [INFO] The time difference between the client and the server is within range -2.653 ms..1.034 ms
client 2023-07-10 06:53:02,654 [INFO] Copying loadgen logs from '/home/arjun/mobilenet_results/valid_results/orin-tflite_cpp-cpu-tflite-vmaster-default_config/efficientnet-int8-lite3/singlestream/performance/run_1' to '/home/arjun/mobilenet_results/valid_results/orin-tflite_cpp-cpu-tflite-vmaster-default_config/efficientnet-int8-lite3/singlestream/performance/tmp_power/run_1'
client 2023-07-10 06:53:02,656 [INFO] Done runs
