client 2023-08-03 02:32:25,207 [INFO] Sending command to the server: 'mlcommons/power client v3'
client 2023-08-03 02:32:25,209 [INFO] Got response: 'mlcommons/power server v3'
client 2023-08-03 02:32:25,209 [INFO] Sending command to the server: 'stop'
client 2023-08-03 02:32:25,211 [INFO] Got response: 'OK'
client 2023-08-03 02:32:25,211 [INFO] Synchronizing with the server and with ib-01.dc4-in.nvidia.com...
client 2023-08-03 02:32:25,426 [INFO] NTP:offset = -0.007 s, delay = 0.211 s 
client 2023-08-03 02:32:25,426 [INFO] Sending command to the server: 'time'
client 2023-08-03 02:32:25,428 [INFO] Got response: '1691029945.429217'
client 2023-08-03 02:32:25,428 [INFO] The time difference between the client and the server is within range -2.363 ms..-0.576 ms
client 2023-08-03 02:32:25,428 [INFO] Sending command to the server: 'new,,c2d1fda8-36c8-46ed-bc81-181cd42802ef'
client 2023-08-03 02:32:25,430 [INFO] Got response: 'OK 2023-08-02_19-32-25,222bd32e-3431-4966-b81e-c7b65b9b58ca'
client 2023-08-03 02:32:25,431 [INFO] Session id is '2023-08-02_19-32-25'
client 2023-08-03 02:32:25,431 [INFO] Sources: {"sources": {"__init__.py": "da39a3ee5e6b4b0d3255bfef95601890afd80709", "client.py": "33ca4f26368777ac06e01f9567b714a4b8063886", "lib/__init__.py": "da39a3ee5e6b4b0d3255bfef95601890afd80709", "lib/client.py": "ac2aa093c8e8bbc9569b9e2a3471bc64e58a2258", "lib/common.py": "611d8b29633d331eb19c9455ea3b5fa3284ed6df", "lib/external/__init__.py": "da39a3ee5e6b4b0d3255bfef95601890afd80709", "lib/external/ntplib.py": "4da8f970656505a40483206ef2b5d3dd5e81711d", "lib/server.py": "c7af63c31bb2fbedea4345f571f6e3507d268ada", "lib/source_hashes.py": "60a2e02193209e8d392803326208d5466342da18", "lib/summary.py": "aa92f0a3f975eecd44d3c0cd0236342ccc9f941d", "lib/time_sync.py": "122eba67a9abc85635223e054def53be1367ade2", "server.py": "c3f90f2f7eeb4db30727556d0c815ebc89b3d28b", "tests/unit/__init__.py": "da39a3ee5e6b4b0d3255bfef95601890afd80709", "tests/unit/test_server.py": "948c1995d4008bc2aa6c4046a34ffa3858d6d671", "tests/unit/test_source_hashes.py": "00468a2907583c593e6574a1f6b404e4651c221a"}, "modules": {"ptd_client_server.lib.client": "lib/client.py", "ptd_client_server.lib.common": "lib/common.py", "ptd_client_server.lib.external.ntplib": "lib/external/ntplib.py", "ptd_client_server.lib.source_hashes": "lib/source_hashes.py", "ptd_client_server.lib.summary": "lib/summary.py", "ptd_client_server.lib.time_sync": "lib/time_sync.py"}}
client 2023-08-03 02:32:25,433 [INFO] Running workload in ranging mode
client 2023-08-03 02:32:25,433 [INFO] Synchronizing with the server and with ib-01.dc4-in.nvidia.com...
client 2023-08-03 02:32:25,650 [INFO] NTP:offset = -0.005 s, delay = 0.214 s 
client 2023-08-03 02:32:25,650 [INFO] Sending command to the server: 'time'
client 2023-08-03 02:32:25,651 [INFO] Got response: '1691029945.6525927'
client 2023-08-03 02:32:25,652 [INFO] The time difference between the client and the server is within range -2.339 ms..-0.581 ms
client 2023-08-03 02:32:25,652 [INFO] Sending command to the server: 'session,2023-08-02_19-32-25,start,ranging'
client 2023-08-03 02:33:05,567 [INFO] Got response: 'OK'
client 2023-08-03 02:33:05,567 [INFO] Sending command to the server: 'time'
client 2023-08-03 02:33:05,569 [INFO] Got response: '1691029985.5700266'
client 2023-08-03 02:33:05,569 [INFO] The time difference between the client and the server is within range -2.319 ms..-0.425 ms
client 2023-08-03 02:33:05,569 [INFO] Running the workload 'LOG_DIR=/work/build/power_logs_temp python3.8 -m code.main --benchmarks=resnet50 --scenarios=Offline --test_mode=PerformanceOnly --config_ver=maxq --action="run_harness" \\\n\t\t2>&1 | tee -a /work/build/power_logs/2023.08.03-02.31.36/stdout.txt \\\n\t\t&& if [ ! -d /work/build/power_logs/2023.08.03-02.31.36/ranging_tmp ]; \\\n\t\t\tthen mkdir /work/build/power_logs/2023.08.03-02.31.36/ranging_tmp \\\n\t\t\t\t&& mv /work/build/power_logs_temp/* /work/build/power_logs/2023.08.03-02.31.36/ranging_tmp/ \\\n\t\t\t\t&& cp -v /work/build/power_logs/2023.08.03-02.31.36/ranging_tmp/*/*/*/mlperf_log_detail.txt /work/build/power_logs_temp/ \\\n\t\t\t\t&& cp -v /work/build/power_logs/2023.08.03-02.31.36/ranging_tmp/*/*/*/mlperf_log_summary.txt /work/build/power_logs_temp/; \\\n\t\t\telse mkdir /work/build/power_logs/2023.08.03-02.31.36/testing_tmp \\\n\t\t\t\t&& mv /work/build/power_logs_temp/* /work/build/power_logs/2023.08.03-02.31.36/testing_tmp/ \\\n\t\t\t\t&& cp -v /work/build/power_logs/2023.08.03-02.31.36/testing_tmp/*/*/*/mlperf_log_detail.txt /work/build/power_logs_temp/ \\\n\t\t\t\t&& cp -v /work/build/power_logs/2023.08.03-02.31.36/testing_tmp/*/*/*/mlperf_log_summary.txt /work/build/power_logs_temp/; fi'
client 2023-08-03 02:45:45,334 [INFO] Sending command to the server: 'time'
client 2023-08-03 02:45:45,336 [INFO] Got response: '1691030745.335548'
client 2023-08-03 02:45:45,336 [INFO] The time difference between the client and the server is within range -1.575 ms..0.703 ms
client 2023-08-03 02:45:45,336 [INFO] Sending command to the server: 'session,2023-08-02_19-32-25,stop,ranging'
client 2023-08-03 02:45:55,652 [INFO] Got response: 'OK'
client 2023-08-03 02:45:55,652 [INFO] Sending command to the server: 'time'
client 2023-08-03 02:45:55,654 [INFO] Got response: '1691030755.653284'
client 2023-08-03 02:45:55,654 [INFO] The time difference between the client and the server is within range -1.092 ms..0.837 ms
client 2023-08-03 02:45:55,664 [INFO] Copying loadgen logs from '/work/build/power_logs_temp' to '/work/build/power_logs/2023.08.03-02.31.36/2023-08-02_19-32-25/ranging'
client 2023-08-03 02:45:55,674 [INFO] Running workload in testing mode
client 2023-08-03 02:45:55,674 [INFO] Synchronizing with the server and with ib-01.dc4-in.nvidia.com...
client 2023-08-03 02:45:55,888 [INFO] NTP:offset = -0.006 s, delay = 0.211 s 
client 2023-08-03 02:45:55,888 [INFO] Sending command to the server: 'time'
client 2023-08-03 02:45:55,892 [INFO] Got response: '1691030755.8894076'
client 2023-08-03 02:45:55,892 [INFO] The time difference between the client and the server is within range -1.060 ms..2.728 ms
client 2023-08-03 02:45:55,892 [INFO] Sending command to the server: 'session,2023-08-02_19-32-25,start,testing'
client 2023-08-03 02:46:17,516 [INFO] Got response: 'OK'
client 2023-08-03 02:46:17,516 [INFO] Sending command to the server: 'time'
client 2023-08-03 02:46:17,518 [INFO] Got response: '1691030777.5178924'
client 2023-08-03 02:46:17,518 [INFO] The time difference between the client and the server is within range -0.980 ms..0.881 ms
client 2023-08-03 02:46:17,518 [INFO] Running the workload 'LOG_DIR=/work/build/power_logs_temp python3.8 -m code.main --benchmarks=resnet50 --scenarios=Offline --test_mode=PerformanceOnly --config_ver=maxq --action="run_harness" \\\n\t\t2>&1 | tee -a /work/build/power_logs/2023.08.03-02.31.36/stdout.txt \\\n\t\t&& if [ ! -d /work/build/power_logs/2023.08.03-02.31.36/ranging_tmp ]; \\\n\t\t\tthen mkdir /work/build/power_logs/2023.08.03-02.31.36/ranging_tmp \\\n\t\t\t\t&& mv /work/build/power_logs_temp/* /work/build/power_logs/2023.08.03-02.31.36/ranging_tmp/ \\\n\t\t\t\t&& cp -v /work/build/power_logs/2023.08.03-02.31.36/ranging_tmp/*/*/*/mlperf_log_detail.txt /work/build/power_logs_temp/ \\\n\t\t\t\t&& cp -v /work/build/power_logs/2023.08.03-02.31.36/ranging_tmp/*/*/*/mlperf_log_summary.txt /work/build/power_logs_temp/; \\\n\t\t\telse mkdir /work/build/power_logs/2023.08.03-02.31.36/testing_tmp \\\n\t\t\t\t&& mv /work/build/power_logs_temp/* /work/build/power_logs/2023.08.03-02.31.36/testing_tmp/ \\\n\t\t\t\t&& cp -v /work/build/power_logs/2023.08.03-02.31.36/testing_tmp/*/*/*/mlperf_log_detail.txt /work/build/power_logs_temp/ \\\n\t\t\t\t&& cp -v /work/build/power_logs/2023.08.03-02.31.36/testing_tmp/*/*/*/mlperf_log_summary.txt /work/build/power_logs_temp/; fi'
client 2023-08-03 02:58:56,744 [INFO] Sending command to the server: 'time'
client 2023-08-03 02:58:56,746 [INFO] Got response: '1691031536.7446284'
client 2023-08-03 02:58:56,746 [INFO] The time difference between the client and the server is within range -0.314 ms..1.886 ms
client 2023-08-03 02:58:56,746 [INFO] Sending command to the server: 'session,2023-08-02_19-32-25,stop,testing'
client 2023-08-03 02:59:07,568 [INFO] Got response: 'OK'
client 2023-08-03 02:59:07,568 [INFO] Sending command to the server: 'time'
client 2023-08-03 02:59:07,570 [INFO] Got response: '1691031547.5683026'
client 2023-08-03 02:59:07,570 [INFO] The time difference between the client and the server is within range 0.082 ms..1.948 ms
client 2023-08-03 02:59:07,587 [INFO] Copying loadgen logs from '/work/build/power_logs_temp' to '/work/build/power_logs/2023.08.03-02.31.36/2023-08-02_19-32-25/run_1'
client 2023-08-03 02:59:07,598 [INFO] Done runs
