client 2023-09-02 15:52:35,754 [INFO] Creating output directory '/home/cmuser/results_dir/valid_results/cecdad8c31f6-nvidia_original-gpu-tensorrt-vdefault-default_config/bert-99/server/performance/tmp_power'
client 2023-09-02 15:52:35,757 [INFO] Sending command to the server: 'mlcommons/power client v3'
client 2023-09-02 15:52:35,761 [INFO] Got response: 'mlcommons/power server v3'
client 2023-09-02 15:52:35,761 [INFO] Synchronizing with the server and with time.google.com...
client 2023-09-02 15:52:35,806 [INFO] NTP:offset = 0.001 s, delay = 0.024 s 
client 2023-09-02 15:52:35,806 [INFO] Sending command to the server: 'time'
client 2023-09-02 15:52:35,810 [INFO] Got response: '1693695155.8123312'
client 2023-09-02 15:52:35,810 [INFO] The time difference between the client and the server is within range -5.558 ms..-2.208 ms
client 2023-09-02 15:52:35,810 [INFO] Sending command to the server: 'new,,4200ac9a-56c9-4e27-8169-4779bbf19574'
client 2023-09-02 15:52:35,812 [INFO] Got response: 'OK 2023-09-02_22-52-35,c5074b5b-0266-44ef-809b-e19043fc197e'
client 2023-09-02 15:52:35,812 [INFO] Session id is '2023-09-02_22-52-35'
client 2023-09-02 15:52:35,812 [INFO] Sources: {"sources": {"__init__.py": "da39a3ee5e6b4b0d3255bfef95601890afd80709", "client.py": "33ca4f26368777ac06e01f9567b714a4b8063886", "lib/__init__.py": "da39a3ee5e6b4b0d3255bfef95601890afd80709", "lib/client.py": "ac2aa093c8e8bbc9569b9e2a3471bc64e58a2258", "lib/common.py": "611d8b29633d331eb19c9455ea3b5fa3284ed6df", "lib/external/__init__.py": "da39a3ee5e6b4b0d3255bfef95601890afd80709", "lib/external/ntplib.py": "4da8f970656505a40483206ef2b5d3dd5e81711d", "lib/server.py": "c7af63c31bb2fbedea4345f571f6e3507d268ada", "lib/source_hashes.py": "60a2e02193209e8d392803326208d5466342da18", "lib/summary.py": "aa92f0a3f975eecd44d3c0cd0236342ccc9f941d", "lib/time_sync.py": "80894ef2389e540781ff78de94db16aa4203a14e", "server.py": "c3f90f2f7eeb4db30727556d0c815ebc89b3d28b", "tests/unit/__init__.py": "da39a3ee5e6b4b0d3255bfef95601890afd80709", "tests/unit/test_server.py": "948c1995d4008bc2aa6c4046a34ffa3858d6d671", "tests/unit/test_source_hashes.py": "00468a2907583c593e6574a1f6b404e4651c221a"}, "modules": {"ptd_client_server.lib.client": "lib/client.py", "ptd_client_server.lib.common": "lib/common.py", "ptd_client_server.lib.external.ntplib": "lib/external/ntplib.py", "ptd_client_server.lib.source_hashes": "lib/source_hashes.py", "ptd_client_server.lib.summary": "lib/summary.py", "ptd_client_server.lib.time_sync": "lib/time_sync.py"}}
client 2023-09-02 15:52:35,812 [INFO] Running workload in ranging mode
client 2023-09-02 15:52:35,812 [INFO] Synchronizing with the server and with time.google.com...
client 2023-09-02 15:52:35,834 [INFO] NTP:offset = 0.002 s, delay = 0.011 s 
client 2023-09-02 15:52:35,834 [INFO] Sending command to the server: 'time'
client 2023-09-02 15:52:35,837 [INFO] Got response: '1693695155.8393772'
client 2023-09-02 15:52:35,837 [INFO] The time difference between the client and the server is within range -4.553 ms..-1.903 ms
client 2023-09-02 15:52:35,837 [INFO] Sending command to the server: 'session,2023-09-02_22-52-35,start,ranging'
client 2023-09-02 15:53:03,921 [INFO] Got response: 'OK'
client 2023-09-02 15:53:03,921 [INFO] Sending command to the server: 'time'
client 2023-09-02 15:53:03,923 [INFO] Got response: '1693695183.9261067'
client 2023-09-02 15:53:03,923 [INFO] The time difference between the client and the server is within range -4.704 ms..-3.061 ms
client 2023-09-02 15:53:03,923 [INFO] Running the workload 'CM_MLPERF_RUN_COUNT=$(cat ${CM_RUN_DIR}/count.txt); echo ${CM_MLPERF_RUN_COUNT}; CM_MLPERF_RUN_COUNT=$((CM_MLPERF_RUN_COUNT+1)); echo ${CM_MLPERF_RUN_COUNT} > ${CM_RUN_DIR}/count.txt && if [ ${CM_MLPERF_RUN_COUNT} -eq "1" ]; then export CM_MLPERF_USER_CONF=${CM_MLPERF_RANGING_USER_CONF}; else export CM_MLPERF_USER_CONF=${CM_MLPERF_TESTING_USER_CONF}; fi && make run_harness RUN_ARGS=" --benchmarks=bert --scenarios=server --test_mode=PerformanceOnly --offline_expected_qps=4100 --server_target_qps=3950 --single_stream_expected_latency_ns=1000000 --user_conf_path=${CM_MLPERF_USER_CONF} --mlperf_conf_path=/home/cmuser/CM/repos/local/cache/5c34903b0cf640c4/inference/mlperf.conf --gpu_batch_size=256 --no_audit_verify "'
client 2023-09-02 15:58:31,447 [INFO] Sending command to the server: 'time'
client 2023-09-02 15:58:31,746 [INFO] Got response: '1693695511.7495062'
client 2023-09-02 15:58:31,746 [INFO] The time difference between the client and the server is within range -301.592 ms..-3.020 ms
client 2023-09-02 15:58:31,746 [INFO] Sending command to the server: 'session,2023-09-02_22-52-35,stop,ranging'
client 2023-09-02 15:58:42,025 [INFO] Got response: 'OK'
client 2023-09-02 15:58:42,025 [INFO] Sending command to the server: 'time'
client 2023-09-02 15:58:42,027 [INFO] Got response: '1693695522.0301092'
client 2023-09-02 15:58:42,027 [INFO] The time difference between the client and the server is within range -4.727 ms..-2.227 ms
client 2023-09-02 15:58:42,029 [INFO] Copying loadgen logs from '/home/cmuser/results_dir/valid_results/cecdad8c31f6-nvidia_original-gpu-tensorrt-vdefault-default_config/bert-99/server/performance/run_1' to '/home/cmuser/results_dir/valid_results/cecdad8c31f6-nvidia_original-gpu-tensorrt-vdefault-default_config/bert-99/server/performance/tmp_power/ranging'
client 2023-09-02 15:58:42,029 [INFO] Running workload in testing mode
client 2023-09-02 15:58:42,029 [INFO] Synchronizing with the server and with time.google.com...
client 2023-09-02 15:58:42,057 [INFO] NTP:offset = 0.003 s, delay = 0.012 s 
client 2023-09-02 15:58:42,057 [INFO] Sending command to the server: 'time'
client 2023-09-02 15:58:42,058 [INFO] Got response: '1693695522.0619445'
client 2023-09-02 15:58:42,058 [INFO] The time difference between the client and the server is within range -4.633 ms..-3.502 ms
client 2023-09-02 15:58:42,058 [INFO] Sending command to the server: 'session,2023-09-02_22-52-35,start,testing'
client 2023-09-02 15:58:55,079 [INFO] Got response: 'OK'
client 2023-09-02 15:58:55,079 [INFO] Sending command to the server: 'time'
client 2023-09-02 15:58:55,081 [INFO] Got response: '1693695535.0847735'
client 2023-09-02 15:58:55,081 [INFO] The time difference between the client and the server is within range -5.032 ms..-3.069 ms
client 2023-09-02 15:58:55,081 [INFO] Running the workload 'CM_MLPERF_RUN_COUNT=$(cat ${CM_RUN_DIR}/count.txt); echo ${CM_MLPERF_RUN_COUNT}; CM_MLPERF_RUN_COUNT=$((CM_MLPERF_RUN_COUNT+1)); echo ${CM_MLPERF_RUN_COUNT} > ${CM_RUN_DIR}/count.txt && if [ ${CM_MLPERF_RUN_COUNT} -eq "1" ]; then export CM_MLPERF_USER_CONF=${CM_MLPERF_RANGING_USER_CONF}; else export CM_MLPERF_USER_CONF=${CM_MLPERF_TESTING_USER_CONF}; fi && make run_harness RUN_ARGS=" --benchmarks=bert --scenarios=server --test_mode=PerformanceOnly --offline_expected_qps=4100 --server_target_qps=3950 --single_stream_expected_latency_ns=1000000 --user_conf_path=${CM_MLPERF_USER_CONF} --mlperf_conf_path=/home/cmuser/CM/repos/local/cache/5c34903b0cf640c4/inference/mlperf.conf --gpu_batch_size=256 --no_audit_verify "'
client 2023-09-02 16:09:23,363 [INFO] Sending command to the server: 'time'
client 2023-09-02 16:09:23,423 [INFO] Got response: '1693696163.4259372'
client 2023-09-02 16:09:23,423 [INFO] The time difference between the client and the server is within range -62.607 ms..-2.800 ms
client 2023-09-02 16:09:23,423 [INFO] Sending command to the server: 'session,2023-09-02_22-52-35,stop,testing'
client 2023-09-02 16:09:34,125 [INFO] Got response: 'OK'
client 2023-09-02 16:09:34,125 [INFO] Sending command to the server: 'time'
client 2023-09-02 16:09:34,126 [INFO] Got response: '1693696174.1306615'
client 2023-09-02 16:09:34,126 [INFO] The time difference between the client and the server is within range -4.859 ms..-3.964 ms
client 2023-09-02 16:09:34,127 [INFO] Copying loadgen logs from '/home/cmuser/results_dir/valid_results/cecdad8c31f6-nvidia_original-gpu-tensorrt-vdefault-default_config/bert-99/server/performance/run_1' to '/home/cmuser/results_dir/valid_results/cecdad8c31f6-nvidia_original-gpu-tensorrt-vdefault-default_config/bert-99/server/performance/tmp_power/run_1'
client 2023-09-02 16:09:34,127 [INFO] Done runs
