client 2023-07-11 22:46:03,148 [INFO] Creating output directory '/home/arjun/mobilenet_results/valid_results/orin-tflite_armnn_cpp-cpu-armnn_tflite-v22.11-using_neon/mobilenet-v1-precision_uint8-0.5-192/singlestream/performance/tmp_power'
client 2023-07-11 22:46:03,151 [INFO] Sending command to the server: 'mlcommons/power client v3'
client 2023-07-11 22:46:03,153 [INFO] Got response: 'mlcommons/power server v3'
client 2023-07-11 22:46:03,153 [INFO] Synchronizing with the server and with time.google.com...
client 2023-07-11 22:46:03,175 [INFO] NTP:offset = -0.010 s, delay = 0.017 s 
client 2023-07-11 22:46:03,175 [INFO] Sending command to the server: 'time'
client 2023-07-11 22:46:03,177 [INFO] Got response: '1689111963.0557256'
client 2023-07-11 22:46:03,177 [INFO] The time difference between the client and the server is within range 119.517 ms..121.768 ms
client 2023-07-11 22:46:03,177 [INFO] Sending command to the server: 'new,,9f46f16a-1d13-4aa3-93fb-27b5cf6d5510'
client 2023-07-11 22:46:03,180 [INFO] Got response: 'OK 2023-07-11_22-46-03,980cfa62-8166-4bb7-b89f-50c6fe9b4597'
client 2023-07-11 22:46:03,180 [INFO] Session id is '2023-07-11_22-46-03'
client 2023-07-11 22:46:03,180 [INFO] Sources: {"sources": {"__init__.py": "da39a3ee5e6b4b0d3255bfef95601890afd80709", "client.py": "33ca4f26368777ac06e01f9567b714a4b8063886", "lib/__init__.py": "da39a3ee5e6b4b0d3255bfef95601890afd80709", "lib/client.py": "ac2aa093c8e8bbc9569b9e2a3471bc64e58a2258", "lib/common.py": "611d8b29633d331eb19c9455ea3b5fa3284ed6df", "lib/external/__init__.py": "da39a3ee5e6b4b0d3255bfef95601890afd80709", "lib/external/ntplib.py": "4da8f970656505a40483206ef2b5d3dd5e81711d", "lib/server.py": "c7af63c31bb2fbedea4345f571f6e3507d268ada", "lib/source_hashes.py": "60a2e02193209e8d392803326208d5466342da18", "lib/summary.py": "aa92f0a3f975eecd44d3c0cd0236342ccc9f941d", "lib/time_sync.py": "122eba67a9abc85635223e054def53be1367ade2", "server.py": "c3f90f2f7eeb4db30727556d0c815ebc89b3d28b", "tests/unit/__init__.py": "da39a3ee5e6b4b0d3255bfef95601890afd80709", "tests/unit/test_server.py": "948c1995d4008bc2aa6c4046a34ffa3858d6d671", "tests/unit/test_source_hashes.py": "00468a2907583c593e6574a1f6b404e4651c221a"}, "modules": {"ptd_client_server.lib.client": "lib/client.py", "ptd_client_server.lib.common": "lib/common.py", "ptd_client_server.lib.external.ntplib": "lib/external/ntplib.py", "ptd_client_server.lib.source_hashes": "lib/source_hashes.py", "ptd_client_server.lib.summary": "lib/summary.py", "ptd_client_server.lib.time_sync": "lib/time_sync.py"}}
client 2023-07-11 22:46:03,181 [INFO] Running workload in ranging mode
client 2023-07-11 22:46:03,181 [INFO] Synchronizing with the server and with time.google.com...
client 2023-07-11 22:46:03,196 [INFO] NTP:offset = -0.012 s, delay = 0.015 s 
client 2023-07-11 22:46:03,196 [INFO] Sending command to the server: 'time'
client 2023-07-11 22:46:03,199 [INFO] Got response: '1689111963.0857275'
client 2023-07-11 22:46:03,199 [INFO] The time difference between the client and the server is within range 111.248 ms..113.539 ms
client 2023-07-11 22:46:03,199 [INFO] Sending command to the server: 'session,2023-07-11_22-46-03,start,ranging'
client 2023-07-11 22:46:32,352 [INFO] Got response: 'OK'
client 2023-07-11 22:46:32,354 [INFO] Sending command to the server: 'time'
client 2023-07-11 22:46:32,357 [INFO] Got response: '1689111992.2397754'
client 2023-07-11 22:46:32,358 [INFO] The time difference between the client and the server is within range 114.362 ms..118.443 ms
client 2023-07-11 22:46:32,358 [INFO] Running the workload 'CM_MLPERF_RUN_COUNT=$(cat ${CM_RUN_DIR}/count.txt); echo ${CM_MLPERF_RUN_COUNT}; CM_MLPERF_RUN_COUNT=$((CM_MLPERF_RUN_COUNT+1)); echo ${CM_MLPERF_RUN_COUNT} > ${CM_RUN_DIR}/count.txt && if [ ${CM_MLPERF_RUN_COUNT} -eq "1" ]; then export CM_MLPERF_USER_CONF=${CM_MLPERF_RANGING_USER_CONF}; else export CM_MLPERF_USER_CONF=${CM_MLPERF_TESTING_USER_CONF}; fi && /home/arjun/run.out'
client 2023-07-11 22:51:34,020 [INFO] Sending command to the server: 'time'
client 2023-07-11 22:51:34,023 [INFO] Got response: '1689112293.9065018'
client 2023-07-11 22:51:34,024 [INFO] The time difference between the client and the server is within range 113.740 ms..117.555 ms
client 2023-07-11 22:51:34,024 [INFO] Sending command to the server: 'session,2023-07-11_22-46-03,stop,ranging'
client 2023-07-11 22:51:44,584 [INFO] Got response: 'OK'
client 2023-07-11 22:51:44,585 [INFO] Sending command to the server: 'time'
client 2023-07-11 22:51:44,589 [INFO] Got response: '1689112304.4630735'
client 2023-07-11 22:51:44,589 [INFO] The time difference between the client and the server is within range 122.354 ms..126.799 ms
client 2023-07-11 22:51:44,617 [INFO] Copying loadgen logs from '/home/arjun/mobilenet_results/valid_results/orin-tflite_armnn_cpp-cpu-armnn_tflite-v22.11-using_neon/mobilenet-v1-precision_uint8-0.5-192/singlestream/performance/run_1' to '/home/arjun/mobilenet_results/valid_results/orin-tflite_armnn_cpp-cpu-armnn_tflite-v22.11-using_neon/mobilenet-v1-precision_uint8-0.5-192/singlestream/performance/tmp_power/ranging'
client 2023-07-11 22:51:44,620 [INFO] Running workload in testing mode
client 2023-07-11 22:51:44,620 [INFO] Synchronizing with the server and with time.google.com...
client 2023-07-11 22:51:44,654 [INFO] NTP:offset = -0.011 s, delay = 0.016 s 
client 2023-07-11 22:51:44,655 [INFO] Sending command to the server: 'time'
client 2023-07-11 22:51:44,657 [INFO] Got response: '1689112304.5332654'
client 2023-07-11 22:51:44,658 [INFO] The time difference between the client and the server is within range 121.852 ms..124.786 ms
client 2023-07-11 22:51:44,658 [INFO] Sending command to the server: 'session,2023-07-11_22-46-03,start,testing'
client 2023-07-11 22:51:57,690 [INFO] Got response: 'OK'
client 2023-07-11 22:51:57,691 [INFO] Sending command to the server: 'time'
client 2023-07-11 22:51:57,694 [INFO] Got response: '1689112317.5725539'
client 2023-07-11 22:51:57,694 [INFO] The time difference between the client and the server is within range 118.860 ms..122.000 ms
client 2023-07-11 22:51:57,694 [INFO] Running the workload 'CM_MLPERF_RUN_COUNT=$(cat ${CM_RUN_DIR}/count.txt); echo ${CM_MLPERF_RUN_COUNT}; CM_MLPERF_RUN_COUNT=$((CM_MLPERF_RUN_COUNT+1)); echo ${CM_MLPERF_RUN_COUNT} > ${CM_RUN_DIR}/count.txt && if [ ${CM_MLPERF_RUN_COUNT} -eq "1" ]; then export CM_MLPERF_USER_CONF=${CM_MLPERF_RANGING_USER_CONF}; else export CM_MLPERF_USER_CONF=${CM_MLPERF_TESTING_USER_CONF}; fi && /home/arjun/run.out'
client 2023-07-11 23:02:00,662 [INFO] Sending command to the server: 'time'
client 2023-07-11 23:02:00,665 [INFO] Got response: '1689112920.539797'
client 2023-07-11 23:02:00,665 [INFO] The time difference between the client and the server is within range 122.625 ms..126.108 ms
client 2023-07-11 23:02:00,666 [INFO] Sending command to the server: 'session,2023-07-11_22-46-03,stop,testing'
client 2023-07-11 23:02:10,777 [INFO] Got response: 'OK'
client 2023-07-11 23:02:10,778 [INFO] Sending command to the server: 'time'
client 2023-07-11 23:02:10,781 [INFO] Got response: '1689112930.6468272'
client 2023-07-11 23:02:10,781 [INFO] The time difference between the client and the server is within range 131.480 ms..134.686 ms
client 2023-07-11 23:02:10,786 [INFO] Copying loadgen logs from '/home/arjun/mobilenet_results/valid_results/orin-tflite_armnn_cpp-cpu-armnn_tflite-v22.11-using_neon/mobilenet-v1-precision_uint8-0.5-192/singlestream/performance/run_1' to '/home/arjun/mobilenet_results/valid_results/orin-tflite_armnn_cpp-cpu-armnn_tflite-v22.11-using_neon/mobilenet-v1-precision_uint8-0.5-192/singlestream/performance/tmp_power/run_1'
client 2023-07-11 23:02:10,788 [INFO] Done runs
