client 2023-07-13 06:29:19,043 [INFO] Creating output directory '/home/arjun/mobilenet_results/valid_results/orin-tflite_armnn_cpp-cpu-armnn_tflite-v23.05-using_neon/mobilenet-v3-precision_float-small-minimalistic-224/singlestream/performance/tmp_power'
client 2023-07-13 06:29:19,045 [INFO] Sending command to the server: 'mlcommons/power client v3'
client 2023-07-13 06:29:19,048 [INFO] Got response: 'mlcommons/power server v3'
client 2023-07-13 06:29:19,048 [INFO] Synchronizing with the server and with time.google.com...
client 2023-07-13 06:29:19,078 [INFO] NTP:offset = -0.008 s, delay = 0.013 s 
client 2023-07-13 06:29:19,078 [INFO] Sending command to the server: 'time'
client 2023-07-13 06:29:19,081 [INFO] Got response: '1689226159.062083'
client 2023-07-13 06:29:19,081 [INFO] The time difference between the client and the server is within range 16.358 ms..19.418 ms
client 2023-07-13 06:29:19,081 [INFO] Sending command to the server: 'new,,f5fdd0f5-6dbc-4f19-9064-345b80c7833e'
client 2023-07-13 06:29:19,085 [INFO] Got response: 'OK 2023-07-13_06-29-19,3a2e77f3-6b3d-4b05-b694-f71a598784fa'
client 2023-07-13 06:29:19,085 [INFO] Session id is '2023-07-13_06-29-19'
client 2023-07-13 06:29:19,085 [INFO] Sources: {"sources": {"__init__.py": "da39a3ee5e6b4b0d3255bfef95601890afd80709", "client.py": "33ca4f26368777ac06e01f9567b714a4b8063886", "lib/__init__.py": "da39a3ee5e6b4b0d3255bfef95601890afd80709", "lib/client.py": "ac2aa093c8e8bbc9569b9e2a3471bc64e58a2258", "lib/common.py": "611d8b29633d331eb19c9455ea3b5fa3284ed6df", "lib/external/__init__.py": "da39a3ee5e6b4b0d3255bfef95601890afd80709", "lib/external/ntplib.py": "4da8f970656505a40483206ef2b5d3dd5e81711d", "lib/server.py": "c7af63c31bb2fbedea4345f571f6e3507d268ada", "lib/source_hashes.py": "60a2e02193209e8d392803326208d5466342da18", "lib/summary.py": "aa92f0a3f975eecd44d3c0cd0236342ccc9f941d", "lib/time_sync.py": "122eba67a9abc85635223e054def53be1367ade2", "server.py": "c3f90f2f7eeb4db30727556d0c815ebc89b3d28b", "tests/unit/__init__.py": "da39a3ee5e6b4b0d3255bfef95601890afd80709", "tests/unit/test_server.py": "948c1995d4008bc2aa6c4046a34ffa3858d6d671", "tests/unit/test_source_hashes.py": "00468a2907583c593e6574a1f6b404e4651c221a"}, "modules": {"ptd_client_server.lib.client": "lib/client.py", "ptd_client_server.lib.common": "lib/common.py", "ptd_client_server.lib.external.ntplib": "lib/external/ntplib.py", "ptd_client_server.lib.source_hashes": "lib/source_hashes.py", "ptd_client_server.lib.summary": "lib/summary.py", "ptd_client_server.lib.time_sync": "lib/time_sync.py"}}
client 2023-07-13 06:29:19,085 [INFO] Running workload in ranging mode
client 2023-07-13 06:29:19,085 [INFO] Synchronizing with the server and with time.google.com...
client 2023-07-13 06:29:19,101 [INFO] NTP:offset = -0.007 s, delay = 0.015 s 
client 2023-07-13 06:29:19,102 [INFO] Sending command to the server: 'time'
client 2023-07-13 06:29:19,104 [INFO] Got response: '1689226159.093201'
client 2023-07-13 06:29:19,104 [INFO] The time difference between the client and the server is within range 8.781 ms..11.381 ms
client 2023-07-13 06:29:19,104 [INFO] Sending command to the server: 'session,2023-07-13_06-29-19,start,ranging'
client 2023-07-13 06:29:47,985 [INFO] Got response: 'OK'
client 2023-07-13 06:29:47,987 [INFO] Sending command to the server: 'time'
client 2023-07-13 06:29:47,998 [INFO] Got response: '1689226187.977892'
client 2023-07-13 06:29:47,999 [INFO] The time difference between the client and the server is within range 9.078 ms..21.110 ms
client 2023-07-13 06:29:47,999 [INFO] Running the workload 'CM_MLPERF_RUN_COUNT=$(cat ${CM_RUN_DIR}/count.txt); echo ${CM_MLPERF_RUN_COUNT}; CM_MLPERF_RUN_COUNT=$((CM_MLPERF_RUN_COUNT+1)); echo ${CM_MLPERF_RUN_COUNT} > ${CM_RUN_DIR}/count.txt && if [ ${CM_MLPERF_RUN_COUNT} -eq "1" ]; then export CM_MLPERF_USER_CONF=${CM_MLPERF_RANGING_USER_CONF}; else export CM_MLPERF_USER_CONF=${CM_MLPERF_TESTING_USER_CONF}; fi && /home/arjun/run.out'
client 2023-07-13 06:34:50,004 [INFO] Sending command to the server: 'time'
client 2023-07-13 06:34:50,007 [INFO] Got response: '1689226489.9883277'
client 2023-07-13 06:34:50,008 [INFO] The time difference between the client and the server is within range 16.110 ms..19.827 ms
client 2023-07-13 06:34:50,008 [INFO] Sending command to the server: 'session,2023-07-13_06-29-19,stop,ranging'
client 2023-07-13 06:35:01,177 [INFO] Got response: 'OK'
client 2023-07-13 06:35:01,178 [INFO] Sending command to the server: 'time'
client 2023-07-13 06:35:01,181 [INFO] Got response: '1689226501.1635983'
client 2023-07-13 06:35:01,181 [INFO] The time difference between the client and the server is within range 14.457 ms..17.779 ms
client 2023-07-13 06:35:01,208 [INFO] Copying loadgen logs from '/home/arjun/mobilenet_results/valid_results/orin-tflite_armnn_cpp-cpu-armnn_tflite-v23.05-using_neon/mobilenet-v3-precision_float-small-minimalistic-224/singlestream/performance/run_1' to '/home/arjun/mobilenet_results/valid_results/orin-tflite_armnn_cpp-cpu-armnn_tflite-v23.05-using_neon/mobilenet-v3-precision_float-small-minimalistic-224/singlestream/performance/tmp_power/ranging'
client 2023-07-13 06:35:01,210 [INFO] Running workload in testing mode
client 2023-07-13 06:35:01,211 [INFO] Synchronizing with the server and with time.google.com...
client 2023-07-13 06:35:01,232 [INFO] NTP:offset = -0.008 s, delay = 0.016 s 
client 2023-07-13 06:35:01,232 [INFO] Sending command to the server: 'time'
client 2023-07-13 06:35:01,235 [INFO] Got response: '1689226501.2141845'
client 2023-07-13 06:35:01,235 [INFO] The time difference between the client and the server is within range 18.324 ms..21.710 ms
client 2023-07-13 06:35:01,236 [INFO] Sending command to the server: 'session,2023-07-13_06-29-19,start,testing'
client 2023-07-13 06:35:14,278 [INFO] Got response: 'OK'
client 2023-07-13 06:35:14,279 [INFO] Sending command to the server: 'time'
client 2023-07-13 06:35:14,284 [INFO] Got response: '1689226514.2586331'
client 2023-07-13 06:35:14,284 [INFO] The time difference between the client and the server is within range 20.714 ms..25.614 ms
client 2023-07-13 06:35:14,284 [INFO] Running the workload 'CM_MLPERF_RUN_COUNT=$(cat ${CM_RUN_DIR}/count.txt); echo ${CM_MLPERF_RUN_COUNT}; CM_MLPERF_RUN_COUNT=$((CM_MLPERF_RUN_COUNT+1)); echo ${CM_MLPERF_RUN_COUNT} > ${CM_RUN_DIR}/count.txt && if [ ${CM_MLPERF_RUN_COUNT} -eq "1" ]; then export CM_MLPERF_USER_CONF=${CM_MLPERF_RANGING_USER_CONF}; else export CM_MLPERF_USER_CONF=${CM_MLPERF_TESTING_USER_CONF}; fi && /home/arjun/run.out'
client 2023-07-13 06:45:17,717 [INFO] Sending command to the server: 'time'
client 2023-07-13 06:45:17,722 [INFO] Got response: '1689227117.6918'
client 2023-07-13 06:45:17,723 [INFO] The time difference between the client and the server is within range 25.967 ms..31.314 ms
client 2023-07-13 06:45:17,723 [INFO] Sending command to the server: 'session,2023-07-13_06-29-19,stop,testing'
client 2023-07-13 06:45:28,864 [INFO] Got response: 'OK'
client 2023-07-13 06:45:28,865 [INFO] Sending command to the server: 'time'
client 2023-07-13 06:45:28,879 [INFO] Got response: '1689227128.8484576'
client 2023-07-13 06:45:28,879 [INFO] The time difference between the client and the server is within range 17.135 ms..30.931 ms
client 2023-07-13 06:45:28,883 [INFO] Copying loadgen logs from '/home/arjun/mobilenet_results/valid_results/orin-tflite_armnn_cpp-cpu-armnn_tflite-v23.05-using_neon/mobilenet-v3-precision_float-small-minimalistic-224/singlestream/performance/run_1' to '/home/arjun/mobilenet_results/valid_results/orin-tflite_armnn_cpp-cpu-armnn_tflite-v23.05-using_neon/mobilenet-v3-precision_float-small-minimalistic-224/singlestream/performance/tmp_power/run_1'
client 2023-07-13 06:45:28,886 [INFO] Done runs
