client 2023-08-03 07:17:37,343 [INFO] Sending command to the server: 'mlcommons/power client v3'
client 2023-08-03 07:17:37,344 [INFO] Got response: 'mlcommons/power server v3'
client 2023-08-03 07:17:37,344 [INFO] Sending command to the server: 'stop'
client 2023-08-03 07:17:37,346 [INFO] Got response: 'OK'
client 2023-08-03 07:17:37,346 [INFO] Synchronizing with the server and with ib-01.dc4-in.nvidia.com...
client 2023-08-03 07:17:37,569 [INFO] NTP:offset = -0.001 s, delay = 0.212 s 
client 2023-08-03 07:17:37,569 [INFO] Sending command to the server: 'time'
client 2023-08-03 07:17:37,571 [INFO] Got response: '1691047057.5725305'
client 2023-08-03 07:17:37,571 [INFO] The time difference between the client and the server is within range -2.591 ms..-1.008 ms
client 2023-08-03 07:17:37,571 [INFO] Sending command to the server: 'new,,b135990c-f0a7-4483-b048-1024c41ea139'
client 2023-08-03 07:17:37,573 [INFO] Got response: 'OK 2023-08-03_00-17-37,7d514921-851b-4c85-849b-acb21264d5c7'
client 2023-08-03 07:17:37,573 [INFO] Session id is '2023-08-03_00-17-37'
client 2023-08-03 07:17:37,573 [INFO] Sources: {"sources": {"__init__.py": "da39a3ee5e6b4b0d3255bfef95601890afd80709", "client.py": "33ca4f26368777ac06e01f9567b714a4b8063886", "lib/__init__.py": "da39a3ee5e6b4b0d3255bfef95601890afd80709", "lib/client.py": "ac2aa093c8e8bbc9569b9e2a3471bc64e58a2258", "lib/common.py": "611d8b29633d331eb19c9455ea3b5fa3284ed6df", "lib/external/__init__.py": "da39a3ee5e6b4b0d3255bfef95601890afd80709", "lib/external/ntplib.py": "4da8f970656505a40483206ef2b5d3dd5e81711d", "lib/server.py": "c7af63c31bb2fbedea4345f571f6e3507d268ada", "lib/source_hashes.py": "60a2e02193209e8d392803326208d5466342da18", "lib/summary.py": "aa92f0a3f975eecd44d3c0cd0236342ccc9f941d", "lib/time_sync.py": "122eba67a9abc85635223e054def53be1367ade2", "server.py": "c3f90f2f7eeb4db30727556d0c815ebc89b3d28b", "tests/unit/__init__.py": "da39a3ee5e6b4b0d3255bfef95601890afd80709", "tests/unit/test_server.py": "948c1995d4008bc2aa6c4046a34ffa3858d6d671", "tests/unit/test_source_hashes.py": "00468a2907583c593e6574a1f6b404e4651c221a"}, "modules": {"ptd_client_server.lib.client": "lib/client.py", "ptd_client_server.lib.common": "lib/common.py", "ptd_client_server.lib.external.ntplib": "lib/external/ntplib.py", "ptd_client_server.lib.source_hashes": "lib/source_hashes.py", "ptd_client_server.lib.summary": "lib/summary.py", "ptd_client_server.lib.time_sync": "lib/time_sync.py"}}
client 2023-08-03 07:17:37,577 [INFO] Running workload in ranging mode
client 2023-08-03 07:17:37,577 [INFO] Synchronizing with the server and with ib-01.dc4-in.nvidia.com...
client 2023-08-03 07:17:37,797 [INFO] NTP:offset = -0.001 s, delay = 0.212 s 
client 2023-08-03 07:17:37,797 [INFO] Sending command to the server: 'time'
client 2023-08-03 07:17:37,798 [INFO] Got response: '1691047057.7998834'
client 2023-08-03 07:17:37,798 [INFO] The time difference between the client and the server is within range -2.578 ms..-1.009 ms
client 2023-08-03 07:17:37,798 [INFO] Sending command to the server: 'session,2023-08-03_00-17-37,start,ranging'
client 2023-08-03 07:18:17,716 [INFO] Got response: 'OK'
client 2023-08-03 07:18:17,716 [INFO] Sending command to the server: 'time'
client 2023-08-03 07:18:17,718 [INFO] Got response: '1691047097.71925'
client 2023-08-03 07:18:17,718 [INFO] The time difference between the client and the server is within range -2.608 ms..-1.126 ms
client 2023-08-03 07:18:17,718 [INFO] Running the workload 'LOG_DIR=/work/build/power_logs_temp python3.8 -m code.main --benchmarks=3d-unet --scenarios=Offline --test_mode=PerformanceOnly --config_ver=maxq_high_accuracy --action="run_harness" \\\n\t\t2>&1 | tee -a /work/build/power_logs/2023.08.03-07.16.48/stdout.txt \\\n\t\t&& if [ ! -d /work/build/power_logs/2023.08.03-07.16.48/ranging_tmp ]; \\\n\t\t\tthen mkdir /work/build/power_logs/2023.08.03-07.16.48/ranging_tmp \\\n\t\t\t\t&& mv /work/build/power_logs_temp/* /work/build/power_logs/2023.08.03-07.16.48/ranging_tmp/ \\\n\t\t\t\t&& cp -v /work/build/power_logs/2023.08.03-07.16.48/ranging_tmp/*/*/*/mlperf_log_detail.txt /work/build/power_logs_temp/ \\\n\t\t\t\t&& cp -v /work/build/power_logs/2023.08.03-07.16.48/ranging_tmp/*/*/*/mlperf_log_summary.txt /work/build/power_logs_temp/; \\\n\t\t\telse mkdir /work/build/power_logs/2023.08.03-07.16.48/testing_tmp \\\n\t\t\t\t&& mv /work/build/power_logs_temp/* /work/build/power_logs/2023.08.03-07.16.48/testing_tmp/ \\\n\t\t\t\t&& cp -v /work/build/power_logs/2023.08.03-07.16.48/testing_tmp/*/*/*/mlperf_log_detail.txt /work/build/power_logs_temp/ \\\n\t\t\t\t&& cp -v /work/build/power_logs/2023.08.03-07.16.48/testing_tmp/*/*/*/mlperf_log_summary.txt /work/build/power_logs_temp/; fi'
client 2023-08-03 07:29:49,779 [INFO] Sending command to the server: 'time'
client 2023-08-03 07:29:49,781 [INFO] Got response: '1691047789.7820697'
client 2023-08-03 07:29:49,781 [INFO] The time difference between the client and the server is within range -2.828 ms..-0.800 ms
client 2023-08-03 07:29:49,781 [INFO] Sending command to the server: 'session,2023-08-03_00-17-37,stop,ranging'
client 2023-08-03 07:30:00,793 [INFO] Got response: 'OK'
client 2023-08-03 07:30:00,793 [INFO] Sending command to the server: 'time'
client 2023-08-03 07:30:00,794 [INFO] Got response: '1691047800.795611'
client 2023-08-03 07:30:00,794 [INFO] The time difference between the client and the server is within range -2.382 ms..-0.998 ms
client 2023-08-03 07:30:00,806 [INFO] Copying loadgen logs from '/work/build/power_logs_temp' to '/work/build/power_logs/2023.08.03-07.16.48/2023-08-03_00-17-37/ranging'
client 2023-08-03 07:30:00,825 [INFO] Running workload in testing mode
client 2023-08-03 07:30:00,825 [INFO] Synchronizing with the server and with ib-01.dc4-in.nvidia.com...
client 2023-08-03 07:30:01,052 [INFO] NTP:offset = -0.001 s, delay = 0.212 s 
client 2023-08-03 07:30:01,052 [INFO] Sending command to the server: 'time'
client 2023-08-03 07:30:01,053 [INFO] Got response: '1691047801.0546813'
client 2023-08-03 07:30:01,053 [INFO] The time difference between the client and the server is within range -2.483 ms..-0.886 ms
client 2023-08-03 07:30:01,053 [INFO] Sending command to the server: 'session,2023-08-03_00-17-37,start,testing'
client 2023-08-03 07:30:22,677 [INFO] Got response: 'OK'
client 2023-08-03 07:30:22,677 [INFO] Sending command to the server: 'time'
client 2023-08-03 07:30:22,679 [INFO] Got response: '1691047822.6803646'
client 2023-08-03 07:30:22,679 [INFO] The time difference between the client and the server is within range -2.461 ms..-0.997 ms
client 2023-08-03 07:30:22,679 [INFO] Running the workload 'LOG_DIR=/work/build/power_logs_temp python3.8 -m code.main --benchmarks=3d-unet --scenarios=Offline --test_mode=PerformanceOnly --config_ver=maxq_high_accuracy --action="run_harness" \\\n\t\t2>&1 | tee -a /work/build/power_logs/2023.08.03-07.16.48/stdout.txt \\\n\t\t&& if [ ! -d /work/build/power_logs/2023.08.03-07.16.48/ranging_tmp ]; \\\n\t\t\tthen mkdir /work/build/power_logs/2023.08.03-07.16.48/ranging_tmp \\\n\t\t\t\t&& mv /work/build/power_logs_temp/* /work/build/power_logs/2023.08.03-07.16.48/ranging_tmp/ \\\n\t\t\t\t&& cp -v /work/build/power_logs/2023.08.03-07.16.48/ranging_tmp/*/*/*/mlperf_log_detail.txt /work/build/power_logs_temp/ \\\n\t\t\t\t&& cp -v /work/build/power_logs/2023.08.03-07.16.48/ranging_tmp/*/*/*/mlperf_log_summary.txt /work/build/power_logs_temp/; \\\n\t\t\telse mkdir /work/build/power_logs/2023.08.03-07.16.48/testing_tmp \\\n\t\t\t\t&& mv /work/build/power_logs_temp/* /work/build/power_logs/2023.08.03-07.16.48/testing_tmp/ \\\n\t\t\t\t&& cp -v /work/build/power_logs/2023.08.03-07.16.48/testing_tmp/*/*/*/mlperf_log_detail.txt /work/build/power_logs_temp/ \\\n\t\t\t\t&& cp -v /work/build/power_logs/2023.08.03-07.16.48/testing_tmp/*/*/*/mlperf_log_summary.txt /work/build/power_logs_temp/; fi'
client 2023-08-03 07:41:55,338 [INFO] Sending command to the server: 'time'
client 2023-08-03 07:41:55,340 [INFO] Got response: '1691048515.3409908'
client 2023-08-03 07:41:55,340 [INFO] The time difference between the client and the server is within range -2.829 ms..-0.854 ms
client 2023-08-03 07:41:55,340 [INFO] Sending command to the server: 'session,2023-08-03_00-17-37,stop,testing'
client 2023-08-03 07:42:05,726 [INFO] Got response: 'OK'
client 2023-08-03 07:42:05,726 [INFO] Sending command to the server: 'time'
client 2023-08-03 07:42:05,728 [INFO] Got response: '1691048525.7290864'
client 2023-08-03 07:42:05,728 [INFO] The time difference between the client and the server is within range -2.493 ms..-1.058 ms
client 2023-08-03 07:42:05,735 [INFO] Copying loadgen logs from '/work/build/power_logs_temp' to '/work/build/power_logs/2023.08.03-07.16.48/2023-08-03_00-17-37/run_1'
client 2023-08-03 07:42:05,753 [INFO] Done runs
