client 2023-08-06 17:21:22,589 [INFO] Creating output directory '/home/arjun/mobilenet_results/valid_results/orin-tflite_cpp-cpu-tflite-vmaster-default_config/efficientnet-int8-lite4/singlestream/performance/tmp_power'
client 2023-08-06 17:21:22,592 [INFO] Sending command to the server: 'mlcommons/power client v3'
client 2023-08-06 17:21:22,596 [INFO] Got response: 'mlcommons/power server v3'
client 2023-08-06 17:21:22,596 [INFO] Synchronizing with the server and with time.google.com...
client 2023-08-06 17:21:22,611 [INFO] NTP:offset = 0.001 s, delay = 0.011 s 
client 2023-08-06 17:21:22,611 [INFO] Sending command to the server: 'time'
client 2023-08-06 17:21:22,624 [INFO] Got response: '1691338882.472709'
client 2023-08-06 17:21:22,625 [INFO] The time difference between the client and the server is within range 138.912 ms..152.288 ms
client 2023-08-06 17:21:22,625 [INFO] Sending command to the server: 'new,,71141cf5-2ba5-4348-971c-ef2e4a310255'
client 2023-08-06 17:21:22,630 [INFO] Got response: 'OK 2023-08-06_17-21-22,f92f7ecc-1947-4718-936b-06c60ee5a89c'
client 2023-08-06 17:21:22,630 [INFO] Session id is '2023-08-06_17-21-22'
client 2023-08-06 17:21:22,630 [INFO] Sources: {"sources": {"__init__.py": "da39a3ee5e6b4b0d3255bfef95601890afd80709", "client.py": "33ca4f26368777ac06e01f9567b714a4b8063886", "lib/__init__.py": "da39a3ee5e6b4b0d3255bfef95601890afd80709", "lib/client.py": "ac2aa093c8e8bbc9569b9e2a3471bc64e58a2258", "lib/common.py": "611d8b29633d331eb19c9455ea3b5fa3284ed6df", "lib/external/__init__.py": "da39a3ee5e6b4b0d3255bfef95601890afd80709", "lib/external/ntplib.py": "4da8f970656505a40483206ef2b5d3dd5e81711d", "lib/server.py": "c7af63c31bb2fbedea4345f571f6e3507d268ada", "lib/source_hashes.py": "60a2e02193209e8d392803326208d5466342da18", "lib/summary.py": "aa92f0a3f975eecd44d3c0cd0236342ccc9f941d", "lib/time_sync.py": "122eba67a9abc85635223e054def53be1367ade2", "server.py": "c3f90f2f7eeb4db30727556d0c815ebc89b3d28b", "tests/unit/__init__.py": "da39a3ee5e6b4b0d3255bfef95601890afd80709", "tests/unit/test_server.py": "948c1995d4008bc2aa6c4046a34ffa3858d6d671", "tests/unit/test_source_hashes.py": "00468a2907583c593e6574a1f6b404e4651c221a"}, "modules": {"ptd_client_server.lib.client": "lib/client.py", "ptd_client_server.lib.common": "lib/common.py", "ptd_client_server.lib.external.ntplib": "lib/external/ntplib.py", "ptd_client_server.lib.source_hashes": "lib/source_hashes.py", "ptd_client_server.lib.summary": "lib/summary.py", "ptd_client_server.lib.time_sync": "lib/time_sync.py"}}
client 2023-08-06 17:21:22,631 [INFO] Running workload in ranging mode
client 2023-08-06 17:21:22,631 [INFO] Synchronizing with the server and with time.google.com...
client 2023-08-06 17:21:22,647 [INFO] NTP:offset = 0.000 s, delay = 0.015 s 
client 2023-08-06 17:21:22,647 [INFO] Sending command to the server: 'time'
client 2023-08-06 17:21:22,650 [INFO] Got response: '1691338882.4993165'
client 2023-08-06 17:21:22,650 [INFO] The time difference between the client and the server is within range 148.040 ms..151.415 ms
client 2023-08-06 17:21:22,650 [INFO] Sending command to the server: 'session,2023-08-06_17-21-22,start,ranging'
client 2023-08-06 17:21:51,374 [INFO] Got response: 'OK'
client 2023-08-06 17:21:51,374 [INFO] Sending command to the server: 'time'
client 2023-08-06 17:21:51,379 [INFO] Got response: '1691338911.2248733'
client 2023-08-06 17:21:51,379 [INFO] The time difference between the client and the server is within range 149.834 ms..154.445 ms
client 2023-08-06 17:21:51,379 [INFO] Running the workload 'CM_MLPERF_RUN_COUNT=$(cat ${CM_RUN_DIR}/count.txt); echo ${CM_MLPERF_RUN_COUNT}; CM_MLPERF_RUN_COUNT=$((CM_MLPERF_RUN_COUNT+1)); echo ${CM_MLPERF_RUN_COUNT} > ${CM_RUN_DIR}/count.txt && if [ ${CM_MLPERF_RUN_COUNT} -eq "1" ]; then export CM_MLPERF_USER_CONF=${CM_MLPERF_RANGING_USER_CONF}; else export CM_MLPERF_USER_CONF=${CM_MLPERF_TESTING_USER_CONF}; fi && /mount/CM/repos/ctuning@mlcommons-ck/cm-mlops/script/run-all-mlperf-models/run.out'
client 2023-08-06 17:26:52,914 [INFO] Sending command to the server: 'time'
client 2023-08-06 17:26:52,918 [INFO] Got response: '1691339212.767585'
client 2023-08-06 17:26:52,918 [INFO] The time difference between the client and the server is within range 146.506 ms..151.233 ms
client 2023-08-06 17:26:52,918 [INFO] Sending command to the server: 'session,2023-08-06_17-21-22,stop,ranging'
client 2023-08-06 17:27:03,553 [INFO] Got response: 'OK'
client 2023-08-06 17:27:03,553 [INFO] Sending command to the server: 'time'
client 2023-08-06 17:27:03,556 [INFO] Got response: '1691339223.4064713'
client 2023-08-06 17:27:03,556 [INFO] The time difference between the client and the server is within range 147.080 ms..149.801 ms
client 2023-08-06 17:27:03,559 [INFO] Copying loadgen logs from '/home/arjun/mobilenet_results/valid_results/orin-tflite_cpp-cpu-tflite-vmaster-default_config/efficientnet-int8-lite4/singlestream/performance/run_1' to '/home/arjun/mobilenet_results/valid_results/orin-tflite_cpp-cpu-tflite-vmaster-default_config/efficientnet-int8-lite4/singlestream/performance/tmp_power/ranging'
client 2023-08-06 17:27:03,560 [INFO] Running workload in testing mode
client 2023-08-06 17:27:03,560 [INFO] Synchronizing with the server and with time.google.com...
client 2023-08-06 17:27:03,575 [INFO] NTP:offset = -0.001 s, delay = 0.014 s 
client 2023-08-06 17:27:03,576 [INFO] Sending command to the server: 'time'
client 2023-08-06 17:27:03,580 [INFO] Got response: '1691339223.4263399'
client 2023-08-06 17:27:03,580 [INFO] The time difference between the client and the server is within range 149.671 ms..153.938 ms
client 2023-08-06 17:27:03,580 [INFO] Sending command to the server: 'session,2023-08-06_17-21-22,start,testing'
client 2023-08-06 17:27:16,630 [INFO] Got response: 'OK'
client 2023-08-06 17:27:16,630 [INFO] Sending command to the server: 'time'
client 2023-08-06 17:27:16,656 [INFO] Got response: '1691339236.506992'
client 2023-08-06 17:27:16,656 [INFO] The time difference between the client and the server is within range 123.240 ms..149.166 ms
client 2023-08-06 17:27:16,656 [INFO] Running the workload 'CM_MLPERF_RUN_COUNT=$(cat ${CM_RUN_DIR}/count.txt); echo ${CM_MLPERF_RUN_COUNT}; CM_MLPERF_RUN_COUNT=$((CM_MLPERF_RUN_COUNT+1)); echo ${CM_MLPERF_RUN_COUNT} > ${CM_RUN_DIR}/count.txt && if [ ${CM_MLPERF_RUN_COUNT} -eq "1" ]; then export CM_MLPERF_USER_CONF=${CM_MLPERF_RANGING_USER_CONF}; else export CM_MLPERF_USER_CONF=${CM_MLPERF_TESTING_USER_CONF}; fi && /mount/CM/repos/ctuning@mlcommons-ck/cm-mlops/script/run-all-mlperf-models/run.out'
client 2023-08-06 17:37:18,921 [INFO] Sending command to the server: 'time'
client 2023-08-06 17:37:18,928 [INFO] Got response: '1691339838.7687407'
client 2023-08-06 17:37:18,929 [INFO] The time difference between the client and the server is within range 152.424 ms..160.334 ms
client 2023-08-06 17:37:18,929 [INFO] Sending command to the server: 'session,2023-08-06_17-21-22,stop,testing'
client 2023-08-06 17:37:29,973 [INFO] Got response: 'OK'
client 2023-08-06 17:37:29,973 [INFO] Sending command to the server: 'time'
client 2023-08-06 17:37:29,977 [INFO] Got response: '1691339849.818355'
client 2023-08-06 17:37:29,977 [INFO] The time difference between the client and the server is within range 155.209 ms..159.303 ms
client 2023-08-06 17:37:29,978 [INFO] Copying loadgen logs from '/home/arjun/mobilenet_results/valid_results/orin-tflite_cpp-cpu-tflite-vmaster-default_config/efficientnet-int8-lite4/singlestream/performance/run_1' to '/home/arjun/mobilenet_results/valid_results/orin-tflite_cpp-cpu-tflite-vmaster-default_config/efficientnet-int8-lite4/singlestream/performance/tmp_power/run_1'
client 2023-08-06 17:37:29,979 [INFO] Done runs
