client 2023-08-07 08:18:03,177 [INFO] Creating output directory '/home/arjun/mobilenet_results/valid_results/orin-tflite_armnn_cpp-cpu-armnn_tflite-v23.05-using_neon/mobilenet-v2-precision_float-1.0-224/singlestream/performance/tmp_power'
client 2023-08-07 08:18:03,180 [INFO] Sending command to the server: 'mlcommons/power client v3'
client 2023-08-07 08:18:03,183 [INFO] Got response: 'mlcommons/power server v3'
client 2023-08-07 08:18:03,183 [INFO] Synchronizing with the server and with time.google.com...
client 2023-08-07 08:18:03,214 [INFO] NTP:offset = -0.003 s, delay = 0.017 s 
client 2023-08-07 08:18:03,214 [INFO] Sending command to the server: 'time'
client 2023-08-07 08:18:03,216 [INFO] Got response: '1691392683.1499012'
client 2023-08-07 08:18:03,216 [INFO] The time difference between the client and the server is within range 64.467 ms..66.760 ms
client 2023-08-07 08:18:03,216 [INFO] Sending command to the server: 'new,,8941e444-4378-414d-8725-3745b3d4ce7e'
client 2023-08-07 08:18:03,219 [INFO] Got response: 'OK 2023-08-07_08-18-03,772a0985-2806-4c6d-b4aa-b446209b49b3'
client 2023-08-07 08:18:03,219 [INFO] Session id is '2023-08-07_08-18-03'
client 2023-08-07 08:18:03,219 [INFO] Sources: {"sources": {"__init__.py": "da39a3ee5e6b4b0d3255bfef95601890afd80709", "client.py": "33ca4f26368777ac06e01f9567b714a4b8063886", "lib/__init__.py": "da39a3ee5e6b4b0d3255bfef95601890afd80709", "lib/client.py": "ac2aa093c8e8bbc9569b9e2a3471bc64e58a2258", "lib/common.py": "611d8b29633d331eb19c9455ea3b5fa3284ed6df", "lib/external/__init__.py": "da39a3ee5e6b4b0d3255bfef95601890afd80709", "lib/external/ntplib.py": "4da8f970656505a40483206ef2b5d3dd5e81711d", "lib/server.py": "c7af63c31bb2fbedea4345f571f6e3507d268ada", "lib/source_hashes.py": "60a2e02193209e8d392803326208d5466342da18", "lib/summary.py": "aa92f0a3f975eecd44d3c0cd0236342ccc9f941d", "lib/time_sync.py": "122eba67a9abc85635223e054def53be1367ade2", "server.py": "c3f90f2f7eeb4db30727556d0c815ebc89b3d28b", "tests/unit/__init__.py": "da39a3ee5e6b4b0d3255bfef95601890afd80709", "tests/unit/test_server.py": "948c1995d4008bc2aa6c4046a34ffa3858d6d671", "tests/unit/test_source_hashes.py": "00468a2907583c593e6574a1f6b404e4651c221a"}, "modules": {"ptd_client_server.lib.client": "lib/client.py", "ptd_client_server.lib.common": "lib/common.py", "ptd_client_server.lib.external.ntplib": "lib/external/ntplib.py", "ptd_client_server.lib.source_hashes": "lib/source_hashes.py", "ptd_client_server.lib.summary": "lib/summary.py", "ptd_client_server.lib.time_sync": "lib/time_sync.py"}}
client 2023-08-07 08:18:03,219 [INFO] Running workload in ranging mode
client 2023-08-07 08:18:03,219 [INFO] Synchronizing with the server and with time.google.com...
client 2023-08-07 08:18:03,239 [INFO] NTP:offset = -0.001 s, delay = 0.018 s 
client 2023-08-07 08:18:03,239 [INFO] Sending command to the server: 'time'
client 2023-08-07 08:18:03,245 [INFO] Got response: '1691392683.1797907'
client 2023-08-07 08:18:03,245 [INFO] The time difference between the client and the server is within range 59.525 ms..65.637 ms
client 2023-08-07 08:18:03,245 [INFO] Sending command to the server: 'session,2023-08-07_08-18-03,start,ranging'
client 2023-08-07 08:18:31,939 [INFO] Got response: 'OK'
client 2023-08-07 08:18:31,939 [INFO] Sending command to the server: 'time'
client 2023-08-07 08:18:31,942 [INFO] Got response: '1691392711.8714392'
client 2023-08-07 08:18:31,942 [INFO] The time difference between the client and the server is within range 68.229 ms..71.341 ms
client 2023-08-07 08:18:31,942 [INFO] Running the workload 'CM_MLPERF_RUN_COUNT=$(cat ${CM_RUN_DIR}/count.txt); echo ${CM_MLPERF_RUN_COUNT}; CM_MLPERF_RUN_COUNT=$((CM_MLPERF_RUN_COUNT+1)); echo ${CM_MLPERF_RUN_COUNT} > ${CM_RUN_DIR}/count.txt && if [ ${CM_MLPERF_RUN_COUNT} -eq "1" ]; then export CM_MLPERF_USER_CONF=${CM_MLPERF_RANGING_USER_CONF}; else export CM_MLPERF_USER_CONF=${CM_MLPERF_TESTING_USER_CONF}; fi && /mount/CM/repos/ctuning@mlcommons-ck/cm-mlops/script/run-all-mlperf-models/run.out'
client 2023-08-07 08:23:33,350 [INFO] Sending command to the server: 'time'
client 2023-08-07 08:23:33,354 [INFO] Got response: '1691393013.2800744'
client 2023-08-07 08:23:33,354 [INFO] The time difference between the client and the server is within range 70.100 ms..74.295 ms
client 2023-08-07 08:23:33,354 [INFO] Sending command to the server: 'session,2023-08-07_08-18-03,stop,ranging'
client 2023-08-07 08:23:44,337 [INFO] Got response: 'OK'
client 2023-08-07 08:23:44,337 [INFO] Sending command to the server: 'time'
client 2023-08-07 08:23:44,339 [INFO] Got response: '1691393024.271847'
client 2023-08-07 08:23:44,339 [INFO] The time difference between the client and the server is within range 65.693 ms..67.562 ms
client 2023-08-07 08:23:44,342 [INFO] Copying loadgen logs from '/home/arjun/mobilenet_results/valid_results/orin-tflite_armnn_cpp-cpu-armnn_tflite-v23.05-using_neon/mobilenet-v2-precision_float-1.0-224/singlestream/performance/run_1' to '/home/arjun/mobilenet_results/valid_results/orin-tflite_armnn_cpp-cpu-armnn_tflite-v23.05-using_neon/mobilenet-v2-precision_float-1.0-224/singlestream/performance/tmp_power/ranging'
client 2023-08-07 08:23:44,343 [INFO] Running workload in testing mode
client 2023-08-07 08:23:44,343 [INFO] Synchronizing with the server and with time.google.com...
client 2023-08-07 08:23:44,361 [INFO] NTP:offset = -0.002 s, delay = 0.017 s 
client 2023-08-07 08:23:44,362 [INFO] Sending command to the server: 'time'
client 2023-08-07 08:23:44,364 [INFO] Got response: '1691393024.2920492'
client 2023-08-07 08:23:44,364 [INFO] The time difference between the client and the server is within range 69.995 ms..72.471 ms
client 2023-08-07 08:23:44,364 [INFO] Sending command to the server: 'session,2023-08-07_08-18-03,start,testing'
client 2023-08-07 08:23:57,408 [INFO] Got response: 'OK'
client 2023-08-07 08:23:57,408 [INFO] Sending command to the server: 'time'
client 2023-08-07 08:23:57,411 [INFO] Got response: '1691393037.3428996'
client 2023-08-07 08:23:57,411 [INFO] The time difference between the client and the server is within range 65.248 ms..68.668 ms
client 2023-08-07 08:23:57,411 [INFO] Running the workload 'CM_MLPERF_RUN_COUNT=$(cat ${CM_RUN_DIR}/count.txt); echo ${CM_MLPERF_RUN_COUNT}; CM_MLPERF_RUN_COUNT=$((CM_MLPERF_RUN_COUNT+1)); echo ${CM_MLPERF_RUN_COUNT} > ${CM_RUN_DIR}/count.txt && if [ ${CM_MLPERF_RUN_COUNT} -eq "1" ]; then export CM_MLPERF_USER_CONF=${CM_MLPERF_RANGING_USER_CONF}; else export CM_MLPERF_USER_CONF=${CM_MLPERF_TESTING_USER_CONF}; fi && /mount/CM/repos/ctuning@mlcommons-ck/cm-mlops/script/run-all-mlperf-models/run.out'
client 2023-08-07 08:33:59,710 [INFO] Sending command to the server: 'time'
client 2023-08-07 08:33:59,715 [INFO] Got response: '1691393639.6444697'
client 2023-08-07 08:33:59,715 [INFO] The time difference between the client and the server is within range 65.545 ms..71.150 ms
client 2023-08-07 08:33:59,715 [INFO] Sending command to the server: 'session,2023-08-07_08-18-03,stop,testing'
client 2023-08-07 08:34:10,495 [INFO] Got response: 'OK'
client 2023-08-07 08:34:10,495 [INFO] Sending command to the server: 'time'
client 2023-08-07 08:34:10,497 [INFO] Got response: '1691393650.4253745'
client 2023-08-07 08:34:10,497 [INFO] The time difference between the client and the server is within range 70.441 ms..72.066 ms
client 2023-08-07 08:34:10,498 [INFO] Copying loadgen logs from '/home/arjun/mobilenet_results/valid_results/orin-tflite_armnn_cpp-cpu-armnn_tflite-v23.05-using_neon/mobilenet-v2-precision_float-1.0-224/singlestream/performance/run_1' to '/home/arjun/mobilenet_results/valid_results/orin-tflite_armnn_cpp-cpu-armnn_tflite-v23.05-using_neon/mobilenet-v2-precision_float-1.0-224/singlestream/performance/tmp_power/run_1'
client 2023-08-07 08:34:10,498 [INFO] Done runs
