client 2023-09-02 11:11:09,615 [INFO] Creating output directory '/home/arjun/results_dir/valid_results/phoenix_Amd_Am5-reference-cpu-deepsparse-vdefault-default_config/obert-large-pruned95-none-vnni-bert-99/singlestream/performance/tmp_power'
client 2023-09-02 11:11:09,736 [INFO] Sending command to the server: 'mlcommons/power client v3'
client 2023-09-02 11:11:09,738 [INFO] Got response: 'mlcommons/power server v3'
client 2023-09-02 11:11:09,738 [INFO] Synchronizing with the server and with time.google.com...
client 2023-09-02 11:11:09,767 [INFO] NTP:offset = 0.000 s, delay = 0.016 s 
client 2023-09-02 11:11:09,767 [INFO] Sending command to the server: 'time'
client 2023-09-02 11:11:09,770 [INFO] Got response: '1693649469.7689707'
client 2023-09-02 11:11:09,770 [INFO] The time difference between the client and the server is within range -1.828 ms..1.171 ms
client 2023-09-02 11:11:09,770 [INFO] Sending command to the server: 'new,,356bf4e3-b68b-4665-ae81-4d8b4d35fcae'
client 2023-09-02 11:11:09,772 [INFO] Got response: 'OK 2023-09-02_10-11-09,c970202b-83f1-4d74-8848-8d57c67d0cca'
client 2023-09-02 11:11:09,772 [INFO] Session id is '2023-09-02_10-11-09'
client 2023-09-02 11:11:09,772 [INFO] Sources: {"sources": {"__init__.py": "da39a3ee5e6b4b0d3255bfef95601890afd80709", "client.py": "33ca4f26368777ac06e01f9567b714a4b8063886", "lib/__init__.py": "da39a3ee5e6b4b0d3255bfef95601890afd80709", "lib/client.py": "ac2aa093c8e8bbc9569b9e2a3471bc64e58a2258", "lib/common.py": "611d8b29633d331eb19c9455ea3b5fa3284ed6df", "lib/external/__init__.py": "da39a3ee5e6b4b0d3255bfef95601890afd80709", "lib/external/ntplib.py": "4da8f970656505a40483206ef2b5d3dd5e81711d", "lib/server.py": "c7af63c31bb2fbedea4345f571f6e3507d268ada", "lib/source_hashes.py": "60a2e02193209e8d392803326208d5466342da18", "lib/summary.py": "aa92f0a3f975eecd44d3c0cd0236342ccc9f941d", "lib/time_sync.py": "122eba67a9abc85635223e054def53be1367ade2", "server.py": "c3f90f2f7eeb4db30727556d0c815ebc89b3d28b", "tests/unit/__init__.py": "da39a3ee5e6b4b0d3255bfef95601890afd80709", "tests/unit/test_server.py": "948c1995d4008bc2aa6c4046a34ffa3858d6d671", "tests/unit/test_source_hashes.py": "00468a2907583c593e6574a1f6b404e4651c221a"}, "modules": {"ptd_client_server.lib.client": "lib/client.py", "ptd_client_server.lib.common": "lib/common.py", "ptd_client_server.lib.external.ntplib": "lib/external/ntplib.py", "ptd_client_server.lib.source_hashes": "lib/source_hashes.py", "ptd_client_server.lib.summary": "lib/summary.py", "ptd_client_server.lib.time_sync": "lib/time_sync.py"}}
client 2023-09-02 11:11:09,773 [INFO] Running workload in ranging mode
client 2023-09-02 11:11:09,773 [INFO] Synchronizing with the server and with time.google.com...
client 2023-09-02 11:11:09,786 [INFO] NTP:offset = -0.000 s, delay = 0.013 s 
client 2023-09-02 11:11:09,786 [INFO] Sending command to the server: 'time'
client 2023-09-02 11:11:09,787 [INFO] Got response: '1693649469.787565'
client 2023-09-02 11:11:09,787 [INFO] The time difference between the client and the server is within range -1.370 ms..0.159 ms
client 2023-09-02 11:11:09,787 [INFO] Sending command to the server: 'session,2023-09-02_10-11-09,start,ranging'
client 2023-09-02 11:11:37,874 [INFO] Got response: 'OK'
client 2023-09-02 11:11:37,874 [INFO] Sending command to the server: 'time'
client 2023-09-02 11:11:37,876 [INFO] Got response: '1693649497.8763945'
client 2023-09-02 11:11:37,877 [INFO] The time difference between the client and the server is within range -1.981 ms..0.705 ms
client 2023-09-02 11:11:37,877 [INFO] Running the workload 'CM_MLPERF_RUN_COUNT=$(cat ${CM_RUN_DIR}/count.txt); echo ${CM_MLPERF_RUN_COUNT}; CM_MLPERF_RUN_COUNT=$((CM_MLPERF_RUN_COUNT+1)); echo ${CM_MLPERF_RUN_COUNT} > ${CM_RUN_DIR}/count.txt && if [ ${CM_MLPERF_RUN_COUNT} -eq "1" ]; then export CM_MLPERF_USER_CONF=${CM_MLPERF_RANGING_USER_CONF}; else export CM_MLPERF_USER_CONF=${CM_MLPERF_TESTING_USER_CONF}; fi && /usr/bin/python3 run.py --backend=deepsparse --scenario=SingleStream --mlperf_conf "/home/arjun/CM/repos/local/cache/c90a1dd626e44096/inference/mlperf.conf" --user_conf "${CM_MLPERF_USER_CONF}" --quantized --batch_size=1 --model_path=/home/arjun/.cache/sparsezoo/e84342c5-d2d4-4918-8dd4-713d0876b5c0/model.onnx'
client 2023-09-02 11:17:16,415 [INFO] Sending command to the server: 'time'
client 2023-09-02 11:17:16,418 [INFO] Got response: '1693649836.417741'
client 2023-09-02 11:17:16,418 [INFO] The time difference between the client and the server is within range -2.211 ms..0.559 ms
client 2023-09-02 11:17:16,418 [INFO] Sending command to the server: 'session,2023-09-02_10-11-09,stop,ranging'
client 2023-09-02 11:17:26,961 [INFO] Got response: 'OK'
client 2023-09-02 11:17:26,962 [INFO] Sending command to the server: 'time'
client 2023-09-02 11:17:26,963 [INFO] Got response: '1693649846.9632463'
client 2023-09-02 11:17:26,963 [INFO] The time difference between the client and the server is within range -1.157 ms..0.155 ms
client 2023-09-02 11:17:26,965 [INFO] Copying loadgen logs from '/home/arjun/results_dir/valid_results/phoenix_Amd_Am5-reference-cpu-deepsparse-vdefault-default_config/obert-large-pruned95-none-vnni-bert-99/singlestream/performance/run_1' to '/home/arjun/results_dir/valid_results/phoenix_Amd_Am5-reference-cpu-deepsparse-vdefault-default_config/obert-large-pruned95-none-vnni-bert-99/singlestream/performance/tmp_power/ranging'
client 2023-09-02 11:17:26,965 [INFO] Running workload in testing mode
client 2023-09-02 11:17:26,965 [INFO] Synchronizing with the server and with time.google.com...
client 2023-09-02 11:17:26,979 [INFO] NTP:offset = -0.001 s, delay = 0.014 s 
client 2023-09-02 11:17:26,979 [INFO] Sending command to the server: 'time'
client 2023-09-02 11:17:26,981 [INFO] Got response: '1693649846.9815085'
client 2023-09-02 11:17:26,981 [INFO] The time difference between the client and the server is within range -1.576 ms..0.249 ms
client 2023-09-02 11:17:26,981 [INFO] Sending command to the server: 'session,2023-09-02_10-11-09,start,testing'
client 2023-09-02 11:17:40,002 [INFO] Got response: 'OK'
client 2023-09-02 11:17:40,002 [INFO] Sending command to the server: 'time'
client 2023-09-02 11:17:40,004 [INFO] Got response: '1693649860.0040674'
client 2023-09-02 11:17:40,004 [INFO] The time difference between the client and the server is within range -1.376 ms..0.253 ms
client 2023-09-02 11:17:40,004 [INFO] Running the workload 'CM_MLPERF_RUN_COUNT=$(cat ${CM_RUN_DIR}/count.txt); echo ${CM_MLPERF_RUN_COUNT}; CM_MLPERF_RUN_COUNT=$((CM_MLPERF_RUN_COUNT+1)); echo ${CM_MLPERF_RUN_COUNT} > ${CM_RUN_DIR}/count.txt && if [ ${CM_MLPERF_RUN_COUNT} -eq "1" ]; then export CM_MLPERF_USER_CONF=${CM_MLPERF_RANGING_USER_CONF}; else export CM_MLPERF_USER_CONF=${CM_MLPERF_TESTING_USER_CONF}; fi && /usr/bin/python3 run.py --backend=deepsparse --scenario=SingleStream --mlperf_conf "/home/arjun/CM/repos/local/cache/c90a1dd626e44096/inference/mlperf.conf" --user_conf "${CM_MLPERF_USER_CONF}" --quantized --batch_size=1 --model_path=/home/arjun/.cache/sparsezoo/e84342c5-d2d4-4918-8dd4-713d0876b5c0/model.onnx'
client 2023-09-02 11:28:18,806 [INFO] Sending command to the server: 'time'
client 2023-09-02 11:28:18,861 [INFO] Got response: '1693650498.861133'
client 2023-09-02 11:28:18,862 [INFO] The time difference between the client and the server is within range -55.108 ms..0.878 ms
client 2023-09-02 11:28:18,862 [INFO] Sending command to the server: 'session,2023-09-02_10-11-09,stop,testing'
client 2023-09-02 11:28:29,057 [INFO] Got response: 'OK'
client 2023-09-02 11:28:29,057 [INFO] Sending command to the server: 'time'
client 2023-09-02 11:28:29,058 [INFO] Got response: '1693650509.0583844'
client 2023-09-02 11:28:29,058 [INFO] The time difference between the client and the server is within range -1.207 ms..0.067 ms
client 2023-09-02 11:28:29,058 [INFO] Copying loadgen logs from '/home/arjun/results_dir/valid_results/phoenix_Amd_Am5-reference-cpu-deepsparse-vdefault-default_config/obert-large-pruned95-none-vnni-bert-99/singlestream/performance/run_1' to '/home/arjun/results_dir/valid_results/phoenix_Amd_Am5-reference-cpu-deepsparse-vdefault-default_config/obert-large-pruned95-none-vnni-bert-99/singlestream/performance/tmp_power/run_1'
client 2023-09-02 11:28:29,059 [INFO] Done runs
