client 2023-08-07 18:12:20,115 [INFO] Creating output directory '/home/arjun/mobilenet_results/valid_results/orin-tflite_armnn_cpp-cpu-armnn_tflite-v23.05-using_neon/mobilenet-v3-precision_uint8-small-224/singlestream/performance/tmp_power'
client 2023-08-07 18:12:20,123 [INFO] Sending command to the server: 'mlcommons/power client v3'
client 2023-08-07 18:12:20,127 [INFO] Got response: 'mlcommons/power server v3'
client 2023-08-07 18:12:20,127 [INFO] Synchronizing with the server and with time.google.com...
client 2023-08-07 18:12:20,145 [INFO] NTP:offset = -0.002 s, delay = 0.016 s 
client 2023-08-07 18:12:20,145 [INFO] Sending command to the server: 'time'
client 2023-08-07 18:12:20,149 [INFO] Got response: '1691428340.0726123'
client 2023-08-07 18:12:20,150 [INFO] The time difference between the client and the server is within range 73.318 ms..77.408 ms
client 2023-08-07 18:12:20,150 [INFO] Sending command to the server: 'new,,c1a8d6eb-c58c-49bb-90c4-9f6c1049bea0'
client 2023-08-07 18:12:20,153 [INFO] Got response: 'OK 2023-08-07_18-12-20,5efddccd-8853-4a7d-951a-95f37f10a969'
client 2023-08-07 18:12:20,153 [INFO] Session id is '2023-08-07_18-12-20'
client 2023-08-07 18:12:20,154 [INFO] Sources: {"sources": {"__init__.py": "da39a3ee5e6b4b0d3255bfef95601890afd80709", "client.py": "33ca4f26368777ac06e01f9567b714a4b8063886", "lib/__init__.py": "da39a3ee5e6b4b0d3255bfef95601890afd80709", "lib/client.py": "ac2aa093c8e8bbc9569b9e2a3471bc64e58a2258", "lib/common.py": "611d8b29633d331eb19c9455ea3b5fa3284ed6df", "lib/external/__init__.py": "da39a3ee5e6b4b0d3255bfef95601890afd80709", "lib/external/ntplib.py": "4da8f970656505a40483206ef2b5d3dd5e81711d", "lib/server.py": "c7af63c31bb2fbedea4345f571f6e3507d268ada", "lib/source_hashes.py": "60a2e02193209e8d392803326208d5466342da18", "lib/summary.py": "aa92f0a3f975eecd44d3c0cd0236342ccc9f941d", "lib/time_sync.py": "122eba67a9abc85635223e054def53be1367ade2", "server.py": "c3f90f2f7eeb4db30727556d0c815ebc89b3d28b", "tests/unit/__init__.py": "da39a3ee5e6b4b0d3255bfef95601890afd80709", "tests/unit/test_server.py": "948c1995d4008bc2aa6c4046a34ffa3858d6d671", "tests/unit/test_source_hashes.py": "00468a2907583c593e6574a1f6b404e4651c221a"}, "modules": {"ptd_client_server.lib.client": "lib/client.py", "ptd_client_server.lib.common": "lib/common.py", "ptd_client_server.lib.external.ntplib": "lib/external/ntplib.py", "ptd_client_server.lib.source_hashes": "lib/source_hashes.py", "ptd_client_server.lib.summary": "lib/summary.py", "ptd_client_server.lib.time_sync": "lib/time_sync.py"}}
client 2023-08-07 18:12:20,154 [INFO] Running workload in ranging mode
client 2023-08-07 18:12:20,154 [INFO] Synchronizing with the server and with time.google.com...
client 2023-08-07 18:12:20,169 [INFO] NTP:offset = -0.001 s, delay = 0.014 s 
client 2023-08-07 18:12:20,169 [INFO] Sending command to the server: 'time'
client 2023-08-07 18:12:20,181 [INFO] Got response: '1691428340.1031206'
client 2023-08-07 18:12:20,181 [INFO] The time difference between the client and the server is within range 66.838 ms..78.363 ms
client 2023-08-07 18:12:20,181 [INFO] Sending command to the server: 'session,2023-08-07_18-12-20,start,ranging'
client 2023-08-07 18:12:48,940 [INFO] Got response: 'OK'
client 2023-08-07 18:12:48,940 [INFO] Sending command to the server: 'time'
client 2023-08-07 18:12:48,943 [INFO] Got response: '1691428368.86487'
client 2023-08-07 18:12:48,943 [INFO] The time difference between the client and the server is within range 75.371 ms..79.103 ms
client 2023-08-07 18:12:48,944 [INFO] Running the workload 'CM_MLPERF_RUN_COUNT=$(cat ${CM_RUN_DIR}/count.txt); echo ${CM_MLPERF_RUN_COUNT}; CM_MLPERF_RUN_COUNT=$((CM_MLPERF_RUN_COUNT+1)); echo ${CM_MLPERF_RUN_COUNT} > ${CM_RUN_DIR}/count.txt && if [ ${CM_MLPERF_RUN_COUNT} -eq "1" ]; then export CM_MLPERF_USER_CONF=${CM_MLPERF_RANGING_USER_CONF}; else export CM_MLPERF_USER_CONF=${CM_MLPERF_TESTING_USER_CONF}; fi && /mount/CM/repos/ctuning@mlcommons-ck/cm-mlops/script/run-all-mlperf-models/run.out'
client 2023-08-07 18:17:50,223 [INFO] Sending command to the server: 'time'
client 2023-08-07 18:17:50,229 [INFO] Got response: '1691428670.1467721'
client 2023-08-07 18:17:50,229 [INFO] The time difference between the client and the server is within range 76.365 ms..82.363 ms
client 2023-08-07 18:17:50,229 [INFO] Sending command to the server: 'session,2023-08-07_18-12-20,stop,ranging'
client 2023-08-07 18:18:01,278 [INFO] Got response: 'OK'
client 2023-08-07 18:18:01,278 [INFO] Sending command to the server: 'time'
client 2023-08-07 18:18:01,280 [INFO] Got response: '1691428681.2010238'
client 2023-08-07 18:18:01,280 [INFO] The time difference between the client and the server is within range 77.209 ms..79.840 ms
client 2023-08-07 18:18:01,284 [INFO] Copying loadgen logs from '/home/arjun/mobilenet_results/valid_results/orin-tflite_armnn_cpp-cpu-armnn_tflite-v23.05-using_neon/mobilenet-v3-precision_uint8-small-224/singlestream/performance/run_1' to '/home/arjun/mobilenet_results/valid_results/orin-tflite_armnn_cpp-cpu-armnn_tflite-v23.05-using_neon/mobilenet-v3-precision_uint8-small-224/singlestream/performance/tmp_power/ranging'
client 2023-08-07 18:18:01,285 [INFO] Running workload in testing mode
client 2023-08-07 18:18:01,285 [INFO] Synchronizing with the server and with time.google.com...
client 2023-08-07 18:18:01,300 [INFO] NTP:offset = -0.004 s, delay = 0.014 s 
client 2023-08-07 18:18:01,300 [INFO] Sending command to the server: 'time'
client 2023-08-07 18:18:01,303 [INFO] Got response: '1691428681.2210941'
client 2023-08-07 18:18:01,303 [INFO] The time difference between the client and the server is within range 79.428 ms..82.044 ms
client 2023-08-07 18:18:01,303 [INFO] Sending command to the server: 'session,2023-08-07_18-12-20,start,testing'
client 2023-08-07 18:18:14,357 [INFO] Got response: 'OK'
client 2023-08-07 18:18:14,358 [INFO] Sending command to the server: 'time'
client 2023-08-07 18:18:14,369 [INFO] Got response: '1691428694.280388'
client 2023-08-07 18:18:14,369 [INFO] The time difference between the client and the server is within range 77.686 ms..89.544 ms
client 2023-08-07 18:18:14,370 [INFO] Running the workload 'CM_MLPERF_RUN_COUNT=$(cat ${CM_RUN_DIR}/count.txt); echo ${CM_MLPERF_RUN_COUNT}; CM_MLPERF_RUN_COUNT=$((CM_MLPERF_RUN_COUNT+1)); echo ${CM_MLPERF_RUN_COUNT} > ${CM_RUN_DIR}/count.txt && if [ ${CM_MLPERF_RUN_COUNT} -eq "1" ]; then export CM_MLPERF_USER_CONF=${CM_MLPERF_RANGING_USER_CONF}; else export CM_MLPERF_USER_CONF=${CM_MLPERF_TESTING_USER_CONF}; fi && /mount/CM/repos/ctuning@mlcommons-ck/cm-mlops/script/run-all-mlperf-models/run.out'
client 2023-08-07 18:28:16,606 [INFO] Sending command to the server: 'time'
client 2023-08-07 18:28:16,613 [INFO] Got response: '1691429296.5345838'
client 2023-08-07 18:28:16,614 [INFO] The time difference between the client and the server is within range 71.990 ms..79.430 ms
client 2023-08-07 18:28:16,614 [INFO] Sending command to the server: 'session,2023-08-07_18-12-20,stop,testing'
client 2023-08-07 18:28:27,430 [INFO] Got response: 'OK'
client 2023-08-07 18:28:27,431 [INFO] Sending command to the server: 'time'
client 2023-08-07 18:28:27,457 [INFO] Got response: '1691429307.3809445'
client 2023-08-07 18:28:27,457 [INFO] The time difference between the client and the server is within range 50.128 ms..76.632 ms
client 2023-08-07 18:28:27,458 [INFO] Copying loadgen logs from '/home/arjun/mobilenet_results/valid_results/orin-tflite_armnn_cpp-cpu-armnn_tflite-v23.05-using_neon/mobilenet-v3-precision_uint8-small-224/singlestream/performance/run_1' to '/home/arjun/mobilenet_results/valid_results/orin-tflite_armnn_cpp-cpu-armnn_tflite-v23.05-using_neon/mobilenet-v3-precision_uint8-small-224/singlestream/performance/tmp_power/run_1'
client 2023-08-07 18:28:27,459 [INFO] Done runs
