client 2023-07-30 14:58:26,060 [INFO] Sending command to the server: 'mlcommons/power client v3'
client 2023-07-30 14:58:26,060 [INFO] Got response: 'mlcommons/power server v3'
client 2023-07-30 14:58:26,060 [INFO] Sending command to the server: 'stop'
client 2023-07-30 14:58:26,061 [INFO] Got response: 'OK'
client 2023-07-30 14:58:26,061 [INFO] Synchronizing with the server and with 192.168.123.123...
client 2023-07-30 14:58:26,063 [INFO] NTP:offset = 0.000 s, delay = 0.000 s 
client 2023-07-30 14:58:26,063 [INFO] Sending command to the server: 'time'
client 2023-07-30 14:58:26,063 [INFO] Got response: '1690729106.0632102'
client 2023-07-30 14:58:26,063 [INFO] The time difference between the client and the server is within range -0.119 ms..0.181 ms
client 2023-07-30 14:58:26,063 [INFO] Sending command to the server: 'new,,dc7e004b-bd3f-4d67-a12b-a273cc25affd'
client 2023-07-30 14:58:26,064 [INFO] Got response: 'OK 2023-07-30_14-58-26,780a2a1e-837c-41e3-a341-8ae5ef86f485'
client 2023-07-30 14:58:26,064 [INFO] Session id is '2023-07-30_14-58-26'
client 2023-07-30 14:58:26,064 [INFO] Sources: {"sources": {"__init__.py": "da39a3ee5e6b4b0d3255bfef95601890afd80709", "client.py": "33ca4f26368777ac06e01f9567b714a4b8063886", "lib/__init__.py": "da39a3ee5e6b4b0d3255bfef95601890afd80709", "lib/client.py": "ac2aa093c8e8bbc9569b9e2a3471bc64e58a2258", "lib/common.py": "611d8b29633d331eb19c9455ea3b5fa3284ed6df", "lib/external/__init__.py": "da39a3ee5e6b4b0d3255bfef95601890afd80709", "lib/external/ntplib.py": "4da8f970656505a40483206ef2b5d3dd5e81711d", "lib/server.py": "c7af63c31bb2fbedea4345f571f6e3507d268ada", "lib/source_hashes.py": "60a2e02193209e8d392803326208d5466342da18", "lib/summary.py": "aa92f0a3f975eecd44d3c0cd0236342ccc9f941d", "lib/time_sync.py": "122eba67a9abc85635223e054def53be1367ade2", "server.py": "c3f90f2f7eeb4db30727556d0c815ebc89b3d28b", "tests/unit/__init__.py": "da39a3ee5e6b4b0d3255bfef95601890afd80709", "tests/unit/test_server.py": "948c1995d4008bc2aa6c4046a34ffa3858d6d671", "tests/unit/test_source_hashes.py": "00468a2907583c593e6574a1f6b404e4651c221a"}, "modules": {"ptd_client_server.lib.client": "lib/client.py", "ptd_client_server.lib.common": "lib/common.py", "ptd_client_server.lib.external.ntplib": "lib/external/ntplib.py", "ptd_client_server.lib.source_hashes": "lib/source_hashes.py", "ptd_client_server.lib.summary": "lib/summary.py", "ptd_client_server.lib.time_sync": "lib/time_sync.py"}}
client 2023-07-30 14:58:26,065 [INFO] Running workload in ranging mode
client 2023-07-30 14:58:26,065 [INFO] Synchronizing with the server and with 192.168.123.123...
client 2023-07-30 14:58:26,065 [INFO] NTP:offset = -0.000 s, delay = 0.000 s 
client 2023-07-30 14:58:26,065 [INFO] Sending command to the server: 'time'
client 2023-07-30 14:58:26,065 [INFO] Got response: '1690729106.0656292'
client 2023-07-30 14:58:26,065 [INFO] The time difference between the client and the server is within range -0.096 ms..0.126 ms
client 2023-07-30 14:58:26,065 [INFO] Sending command to the server: 'session,2023-07-30_14-58-26,start,ranging'
client 2023-07-30 14:59:04,718 [INFO] Got response: 'OK'
client 2023-07-30 14:59:04,719 [INFO] Sending command to the server: 'time'
client 2023-07-30 14:59:04,719 [INFO] Got response: '1690729144.7191796'
client 2023-07-30 14:59:04,719 [INFO] The time difference between the client and the server is within range -0.175 ms..0.175 ms
client 2023-07-30 14:59:04,719 [INFO] Running the workload 'LOG_DIR=/work/build/power_logs_temp python3.8 -m code.main --benchmarks=resnet --scenarios=multistream --config_ver=maxq --action="run_harness" \\\n\t\t2>&1 | tee -a /work/build/power_logs/2023.07.30-14.57.29/stdout.txt \\\n\t\t&& if [ ! -d /work/build/power_logs/2023.07.30-14.57.29/ranging_tmp ]; \\\n\t\t\tthen mkdir /work/build/power_logs/2023.07.30-14.57.29/ranging_tmp \\\n\t\t\t\t&& mv /work/build/power_logs_temp/* /work/build/power_logs/2023.07.30-14.57.29/ranging_tmp/ \\\n\t\t\t\t&& cp -v /work/build/power_logs/2023.07.30-14.57.29/ranging_tmp/*/*/*/mlperf_log_detail.txt /work/build/power_logs_temp/ \\\n\t\t\t\t&& cp -v /work/build/power_logs/2023.07.30-14.57.29/ranging_tmp/*/*/*/mlperf_log_summary.txt /work/build/power_logs_temp/; \\\n\t\t\telse mkdir /work/build/power_logs/2023.07.30-14.57.29/testing_tmp \\\n\t\t\t\t&& mv /work/build/power_logs_temp/* /work/build/power_logs/2023.07.30-14.57.29/testing_tmp/ \\\n\t\t\t\t&& cp -v /work/build/power_logs/2023.07.30-14.57.29/testing_tmp/*/*/*/mlperf_log_detail.txt /work/build/power_logs_temp/ \\\n\t\t\t\t&& cp -v /work/build/power_logs/2023.07.30-14.57.29/testing_tmp/*/*/*/mlperf_log_summary.txt /work/build/power_logs_temp/; fi'
client 2023-07-30 15:09:16,060 [INFO] Sending command to the server: 'time'
client 2023-07-30 15:09:16,060 [INFO] Got response: '1690729756.0608077'
client 2023-07-30 15:09:16,061 [INFO] The time difference between the client and the server is within range -0.637 ms..0.218 ms
client 2023-07-30 15:09:16,061 [INFO] Sending command to the server: 'session,2023-07-30_14-58-26,stop,ranging'
client 2023-07-30 15:09:26,773 [INFO] Got response: 'OK'
client 2023-07-30 15:09:26,774 [INFO] Sending command to the server: 'time'
client 2023-07-30 15:09:26,774 [INFO] Got response: '1690729766.7741876'
client 2023-07-30 15:09:26,774 [INFO] The time difference between the client and the server is within range -0.139 ms..0.101 ms
client 2023-07-30 15:09:26,778 [INFO] Copying loadgen logs from '/work/build/power_logs_temp' to '/work/build/power_logs/2023.07.30-14.57.29/2023-07-30_14-58-26/ranging'
client 2023-07-30 15:09:26,781 [INFO] Running workload in testing mode
client 2023-07-30 15:09:26,781 [INFO] Synchronizing with the server and with 192.168.123.123...
client 2023-07-30 15:09:26,781 [INFO] NTP:offset = 0.000 s, delay = 0.000 s 
client 2023-07-30 15:09:26,781 [INFO] Sending command to the server: 'time'
client 2023-07-30 15:09:26,782 [INFO] Got response: '1690729766.7821472'
client 2023-07-30 15:09:26,782 [INFO] The time difference between the client and the server is within range -0.189 ms..0.143 ms
client 2023-07-30 15:09:26,782 [INFO] Sending command to the server: 'session,2023-07-30_14-58-26,start,testing'
client 2023-07-30 15:09:48,395 [INFO] Got response: 'OK'
client 2023-07-30 15:09:48,395 [INFO] Sending command to the server: 'time'
client 2023-07-30 15:09:48,395 [INFO] Got response: '1690729788.3954146'
client 2023-07-30 15:09:48,395 [INFO] The time difference between the client and the server is within range -0.182 ms..0.127 ms
client 2023-07-30 15:09:48,395 [INFO] Running the workload 'LOG_DIR=/work/build/power_logs_temp python3.8 -m code.main --benchmarks=resnet --scenarios=multistream --config_ver=maxq --action="run_harness" \\\n\t\t2>&1 | tee -a /work/build/power_logs/2023.07.30-14.57.29/stdout.txt \\\n\t\t&& if [ ! -d /work/build/power_logs/2023.07.30-14.57.29/ranging_tmp ]; \\\n\t\t\tthen mkdir /work/build/power_logs/2023.07.30-14.57.29/ranging_tmp \\\n\t\t\t\t&& mv /work/build/power_logs_temp/* /work/build/power_logs/2023.07.30-14.57.29/ranging_tmp/ \\\n\t\t\t\t&& cp -v /work/build/power_logs/2023.07.30-14.57.29/ranging_tmp/*/*/*/mlperf_log_detail.txt /work/build/power_logs_temp/ \\\n\t\t\t\t&& cp -v /work/build/power_logs/2023.07.30-14.57.29/ranging_tmp/*/*/*/mlperf_log_summary.txt /work/build/power_logs_temp/; \\\n\t\t\telse mkdir /work/build/power_logs/2023.07.30-14.57.29/testing_tmp \\\n\t\t\t\t&& mv /work/build/power_logs_temp/* /work/build/power_logs/2023.07.30-14.57.29/testing_tmp/ \\\n\t\t\t\t&& cp -v /work/build/power_logs/2023.07.30-14.57.29/testing_tmp/*/*/*/mlperf_log_detail.txt /work/build/power_logs_temp/ \\\n\t\t\t\t&& cp -v /work/build/power_logs/2023.07.30-14.57.29/testing_tmp/*/*/*/mlperf_log_summary.txt /work/build/power_logs_temp/; fi'
client 2023-07-30 15:19:59,708 [INFO] Sending command to the server: 'time'
client 2023-07-30 15:19:59,708 [INFO] Got response: '1690730399.7085273'
client 2023-07-30 15:19:59,708 [INFO] The time difference between the client and the server is within range -0.538 ms..0.313 ms
client 2023-07-30 15:19:59,708 [INFO] Sending command to the server: 'session,2023-07-30_14-58-26,stop,testing'
client 2023-07-30 15:20:10,439 [INFO] Got response: 'OK'
client 2023-07-30 15:20:10,439 [INFO] Sending command to the server: 'time'
client 2023-07-30 15:20:10,439 [INFO] Got response: '1690730410.4396992'
client 2023-07-30 15:20:10,439 [INFO] The time difference between the client and the server is within range -0.077 ms..0.173 ms
client 2023-07-30 15:20:10,441 [INFO] Copying loadgen logs from '/work/build/power_logs_temp' to '/work/build/power_logs/2023.07.30-14.57.29/2023-07-30_14-58-26/run_1'
client 2023-07-30 15:20:10,444 [INFO] Done runs
