client 2023-07-11 18:33:40,394 [INFO] Creating output directory '/home/arjun/mobilenet_results/valid_results/orin-tflite_armnn_cpp-cpu-armnn_tflite-v22.11-using_neon/mobilenet-v3-precision_float-small-224/singlestream/performance/tmp_power'
client 2023-07-11 18:33:40,397 [INFO] Sending command to the server: 'mlcommons/power client v3'
client 2023-07-11 18:33:40,398 [INFO] Got response: 'mlcommons/power server v3'
client 2023-07-11 18:33:40,399 [INFO] Synchronizing with the server and with time.google.com...
client 2023-07-11 18:33:40,421 [INFO] NTP:offset = -0.005 s, delay = 0.018 s 
client 2023-07-11 18:33:40,422 [INFO] Sending command to the server: 'time'
client 2023-07-11 18:33:40,424 [INFO] Got response: '1689096820.3092988'
client 2023-07-11 18:33:40,424 [INFO] The time difference between the client and the server is within range 112.723 ms..115.032 ms
client 2023-07-11 18:33:40,424 [INFO] Sending command to the server: 'new,,21ded836-42aa-42a3-b720-7951f961c3a2'
client 2023-07-11 18:33:40,427 [INFO] Got response: 'OK 2023-07-11_18-33-40,e24426d4-bc4e-444a-b23b-17fa97ce85a9'
client 2023-07-11 18:33:40,427 [INFO] Session id is '2023-07-11_18-33-40'
client 2023-07-11 18:33:40,427 [INFO] Sources: {"sources": {"__init__.py": "da39a3ee5e6b4b0d3255bfef95601890afd80709", "client.py": "33ca4f26368777ac06e01f9567b714a4b8063886", "lib/__init__.py": "da39a3ee5e6b4b0d3255bfef95601890afd80709", "lib/client.py": "ac2aa093c8e8bbc9569b9e2a3471bc64e58a2258", "lib/common.py": "611d8b29633d331eb19c9455ea3b5fa3284ed6df", "lib/external/__init__.py": "da39a3ee5e6b4b0d3255bfef95601890afd80709", "lib/external/ntplib.py": "4da8f970656505a40483206ef2b5d3dd5e81711d", "lib/server.py": "c7af63c31bb2fbedea4345f571f6e3507d268ada", "lib/source_hashes.py": "60a2e02193209e8d392803326208d5466342da18", "lib/summary.py": "aa92f0a3f975eecd44d3c0cd0236342ccc9f941d", "lib/time_sync.py": "122eba67a9abc85635223e054def53be1367ade2", "server.py": "c3f90f2f7eeb4db30727556d0c815ebc89b3d28b", "tests/unit/__init__.py": "da39a3ee5e6b4b0d3255bfef95601890afd80709", "tests/unit/test_server.py": "948c1995d4008bc2aa6c4046a34ffa3858d6d671", "tests/unit/test_source_hashes.py": "00468a2907583c593e6574a1f6b404e4651c221a"}, "modules": {"ptd_client_server.lib.client": "lib/client.py", "ptd_client_server.lib.common": "lib/common.py", "ptd_client_server.lib.external.ntplib": "lib/external/ntplib.py", "ptd_client_server.lib.source_hashes": "lib/source_hashes.py", "ptd_client_server.lib.summary": "lib/summary.py", "ptd_client_server.lib.time_sync": "lib/time_sync.py"}}
client 2023-07-11 18:33:40,427 [INFO] Running workload in ranging mode
client 2023-07-11 18:33:40,427 [INFO] Synchronizing with the server and with time.google.com...
client 2023-07-11 18:33:40,446 [INFO] NTP:offset = -0.005 s, delay = 0.018 s 
client 2023-07-11 18:33:40,446 [INFO] Sending command to the server: 'time'
client 2023-07-11 18:33:40,450 [INFO] Got response: '1689096820.3294249'
client 2023-07-11 18:33:40,450 [INFO] The time difference between the client and the server is within range 117.402 ms..120.846 ms
client 2023-07-11 18:33:40,450 [INFO] Sending command to the server: 'session,2023-07-11_18-33-40,start,ranging'
client 2023-07-11 18:34:09,067 [INFO] Got response: 'OK'
client 2023-07-11 18:34:09,068 [INFO] Sending command to the server: 'time'
client 2023-07-11 18:34:09,071 [INFO] Got response: '1689096848.9489286'
client 2023-07-11 18:34:09,072 [INFO] The time difference between the client and the server is within range 119.608 ms..123.332 ms
client 2023-07-11 18:34:09,072 [INFO] Running the workload 'CM_MLPERF_RUN_COUNT=$(cat ${CM_RUN_DIR}/count.txt); echo ${CM_MLPERF_RUN_COUNT}; CM_MLPERF_RUN_COUNT=$((CM_MLPERF_RUN_COUNT+1)); echo ${CM_MLPERF_RUN_COUNT} > ${CM_RUN_DIR}/count.txt && if [ ${CM_MLPERF_RUN_COUNT} -eq "1" ]; then export CM_MLPERF_USER_CONF=${CM_MLPERF_RANGING_USER_CONF}; else export CM_MLPERF_USER_CONF=${CM_MLPERF_TESTING_USER_CONF}; fi && /home/arjun/run.out'
client 2023-07-11 18:39:10,706 [INFO] Sending command to the server: 'time'
client 2023-07-11 18:39:10,709 [INFO] Got response: '1689097150.5817523'
client 2023-07-11 18:39:10,710 [INFO] The time difference between the client and the server is within range 124.392 ms..128.299 ms
client 2023-07-11 18:39:10,710 [INFO] Sending command to the server: 'session,2023-07-11_18-33-40,stop,ranging'
client 2023-07-11 18:39:21,237 [INFO] Got response: 'OK'
client 2023-07-11 18:39:21,238 [INFO] Sending command to the server: 'time'
client 2023-07-11 18:39:21,242 [INFO] Got response: '1689097161.110919'
client 2023-07-11 18:39:21,242 [INFO] The time difference between the client and the server is within range 127.540 ms..131.838 ms
client 2023-07-11 18:39:21,292 [INFO] Copying loadgen logs from '/home/arjun/mobilenet_results/valid_results/orin-tflite_armnn_cpp-cpu-armnn_tflite-v22.11-using_neon/mobilenet-v3-precision_float-small-224/singlestream/performance/run_1' to '/home/arjun/mobilenet_results/valid_results/orin-tflite_armnn_cpp-cpu-armnn_tflite-v22.11-using_neon/mobilenet-v3-precision_float-small-224/singlestream/performance/tmp_power/ranging'
client 2023-07-11 18:39:21,295 [INFO] Running workload in testing mode
client 2023-07-11 18:39:21,295 [INFO] Synchronizing with the server and with time.google.com...
client 2023-07-11 18:39:21,318 [INFO] NTP:offset = -0.006 s, delay = 0.018 s 
client 2023-07-11 18:39:21,319 [INFO] Sending command to the server: 'time'
client 2023-07-11 18:39:21,322 [INFO] Got response: '1689097161.2009943'
client 2023-07-11 18:39:21,322 [INFO] The time difference between the client and the server is within range 118.121 ms..121.349 ms
client 2023-07-11 18:39:21,322 [INFO] Sending command to the server: 'session,2023-07-11_18-33-40,start,testing'
client 2023-07-11 18:39:34,361 [INFO] Got response: 'OK'
client 2023-07-11 18:39:34,362 [INFO] Sending command to the server: 'time'
client 2023-07-11 18:39:34,365 [INFO] Got response: '1689097174.2377748'
client 2023-07-11 18:39:34,366 [INFO] The time difference between the client and the server is within range 124.275 ms..128.176 ms
client 2023-07-11 18:39:34,366 [INFO] Running the workload 'CM_MLPERF_RUN_COUNT=$(cat ${CM_RUN_DIR}/count.txt); echo ${CM_MLPERF_RUN_COUNT}; CM_MLPERF_RUN_COUNT=$((CM_MLPERF_RUN_COUNT+1)); echo ${CM_MLPERF_RUN_COUNT} > ${CM_RUN_DIR}/count.txt && if [ ${CM_MLPERF_RUN_COUNT} -eq "1" ]; then export CM_MLPERF_USER_CONF=${CM_MLPERF_RANGING_USER_CONF}; else export CM_MLPERF_USER_CONF=${CM_MLPERF_TESTING_USER_CONF}; fi && /home/arjun/run.out'
client 2023-07-11 18:49:37,249 [INFO] Sending command to the server: 'time'
client 2023-07-11 18:49:37,252 [INFO] Got response: '1689097777.1309578'
client 2023-07-11 18:49:37,252 [INFO] The time difference between the client and the server is within range 118.352 ms..121.951 ms
client 2023-07-11 18:49:37,253 [INFO] Sending command to the server: 'session,2023-07-11_18-33-40,stop,testing'
client 2023-07-11 18:49:47,440 [INFO] Got response: 'OK'
client 2023-07-11 18:49:47,441 [INFO] Sending command to the server: 'time'
client 2023-07-11 18:49:47,462 [INFO] Got response: '1689097787.3355517'
client 2023-07-11 18:49:47,462 [INFO] The time difference between the client and the server is within range 105.546 ms..127.027 ms
client 2023-07-11 18:49:47,467 [INFO] Copying loadgen logs from '/home/arjun/mobilenet_results/valid_results/orin-tflite_armnn_cpp-cpu-armnn_tflite-v22.11-using_neon/mobilenet-v3-precision_float-small-224/singlestream/performance/run_1' to '/home/arjun/mobilenet_results/valid_results/orin-tflite_armnn_cpp-cpu-armnn_tflite-v22.11-using_neon/mobilenet-v3-precision_float-small-224/singlestream/performance/tmp_power/run_1'
client 2023-07-11 18:49:47,469 [INFO] Done runs
