client 2023-08-07 11:54:36,000 [INFO] Creating output directory '/home/krai/work_collection/generated_by_power_measurement_on_run_83516da83a554cebbada4e23b57f8067/power_logs'
client 2023-08-07 11:54:36,000 [INFO] Sending command to the server: 'mlcommons/power client v3'
client 2023-08-07 11:54:36,002 [INFO] Got response: 'mlcommons/power server v3'
client 2023-08-07 11:54:36,002 [INFO] Synchronizing with the server and with time.google.com...
client 2023-08-07 11:54:36,135 [INFO] NTP:offset = -0.001 s, delay = 0.075 s 
client 2023-08-07 11:54:36,135 [INFO] Sending command to the server: 'time'
client 2023-08-07 11:54:36,136 [INFO] Got response: '1691427276.1347187'
client 2023-08-07 11:54:36,136 [INFO] The time difference between the client and the server is within range 0.509 ms..2.200 ms
client 2023-08-07 11:54:36,137 [INFO] Sending command to the server: 'new,,c91924ab-f517-4b97-8ec7-09ff381c6558'
client 2023-08-07 11:54:36,138 [INFO] Got response: 'OK 2023-08-07_11-54-36,61b9c8e2-302f-4e9c-8c34-ff45d2c5dee1'
client 2023-08-07 11:54:36,139 [INFO] Session id is '2023-08-07_11-54-36'
client 2023-08-07 11:54:36,139 [INFO] Sources: {"sources": {"__init__.py": "da39a3ee5e6b4b0d3255bfef95601890afd80709", "client.py": "33ca4f26368777ac06e01f9567b714a4b8063886", "lib/__init__.py": "da39a3ee5e6b4b0d3255bfef95601890afd80709", "lib/client.py": "ac2aa093c8e8bbc9569b9e2a3471bc64e58a2258", "lib/common.py": "611d8b29633d331eb19c9455ea3b5fa3284ed6df", "lib/external/__init__.py": "da39a3ee5e6b4b0d3255bfef95601890afd80709", "lib/external/ntplib.py": "4da8f970656505a40483206ef2b5d3dd5e81711d", "lib/server.py": "c7af63c31bb2fbedea4345f571f6e3507d268ada", "lib/source_hashes.py": "60a2e02193209e8d392803326208d5466342da18", "lib/summary.py": "aa92f0a3f975eecd44d3c0cd0236342ccc9f941d", "lib/time_sync.py": "80894ef2389e540781ff78de94db16aa4203a14e", "server.py": "c3f90f2f7eeb4db30727556d0c815ebc89b3d28b", "tests/unit/__init__.py": "da39a3ee5e6b4b0d3255bfef95601890afd80709", "tests/unit/test_server.py": "948c1995d4008bc2aa6c4046a34ffa3858d6d671", "tests/unit/test_source_hashes.py": "00468a2907583c593e6574a1f6b404e4651c221a"}, "modules": {"ptd_client_server.lib.client": "lib/client.py", "ptd_client_server.lib.common": "lib/common.py", "ptd_client_server.lib.external.ntplib": "lib/external/ntplib.py", "ptd_client_server.lib.source_hashes": "lib/source_hashes.py", "ptd_client_server.lib.summary": "lib/summary.py", "ptd_client_server.lib.time_sync": "lib/time_sync.py"}}
client 2023-08-07 11:54:36,139 [INFO] Running workload in ranging mode
client 2023-08-07 11:54:36,139 [INFO] Synchronizing with the server and with time.google.com...
client 2023-08-07 11:54:36,235 [INFO] NTP:offset = -0.001 s, delay = 0.094 s 
client 2023-08-07 11:54:36,235 [INFO] Sending command to the server: 'time'
client 2023-08-07 11:54:36,237 [INFO] Got response: '1691427276.2351902'
client 2023-08-07 11:54:36,237 [INFO] The time difference between the client and the server is within range 0.501 ms..2.219 ms
client 2023-08-07 11:54:36,237 [INFO] Sending command to the server: 'session,2023-08-07_11-54-36,start,ranging'
client 2023-08-07 11:55:05,771 [INFO] Got response: 'OK'
client 2023-08-07 11:55:05,771 [INFO] Sending command to the server: 'time'
client 2023-08-07 11:55:05,772 [INFO] Got response: '1691427305.7709122'
client 2023-08-07 11:55:05,773 [INFO] The time difference between the client and the server is within range 0.574 ms..2.203 ms
client 2023-08-07 11:55:05,773 [INFO] Running the workload 'axs byquery loadgen_output,image_classifier,model_name=resnet50,framework=kilt,device=qaic,sut_name=se450_q4_std,loadgen_mode=PerformanceOnly,loadgen_scenario=Offline,loadgen_compliance_test-,_with_power+,symlink_to=/home/krai/work_collection/generated_by_power_measurement_on_run_83516da83a554cebbada4e23b57f8067/last_mlperf_logs,power_client_entrydic_path=/home/krai/work_collection/generated_by_power_measurement_on_run_83516da83a554cebbada4e23b57f8067/program_output.json'
client 2023-08-07 12:06:25,591 [INFO] Sending command to the server: 'time'
client 2023-08-07 12:06:25,593 [INFO] Got response: '1691427985.5919023'
client 2023-08-07 12:06:25,593 [INFO] The time difference between the client and the server is within range -0.443 ms..1.758 ms
client 2023-08-07 12:06:25,593 [INFO] Sending command to the server: 'session,2023-08-07_11-54-36,stop,ranging'
client 2023-08-07 12:06:35,791 [INFO] Got response: 'OK'
client 2023-08-07 12:06:35,792 [INFO] Sending command to the server: 'time'
client 2023-08-07 12:06:35,792 [INFO] Got response: '1691427995.7914941'
client 2023-08-07 12:06:35,792 [INFO] The time difference between the client and the server is within range 0.564 ms..1.422 ms
client 2023-08-07 12:06:35,802 [INFO] Copying loadgen logs from '/home/krai/work_collection/generated_by_power_measurement_on_run_83516da83a554cebbada4e23b57f8067/last_mlperf_logs' to '/home/krai/work_collection/generated_by_power_measurement_on_run_83516da83a554cebbada4e23b57f8067/power_logs/ranging'
client 2023-08-07 12:06:35,803 [INFO] Running workload in testing mode
client 2023-08-07 12:06:35,803 [INFO] Synchronizing with the server and with time.google.com...
client 2023-08-07 12:06:35,881 [INFO] NTP:offset = -0.001 s, delay = 0.076 s 
client 2023-08-07 12:06:35,881 [INFO] Sending command to the server: 'time'
client 2023-08-07 12:06:35,883 [INFO] Got response: '1691427995.8817494'
client 2023-08-07 12:06:35,883 [INFO] The time difference between the client and the server is within range -0.089 ms..1.631 ms
client 2023-08-07 12:06:35,883 [INFO] Sending command to the server: 'session,2023-08-07_11-54-36,start,testing'
client 2023-08-07 12:06:48,901 [INFO] Got response: 'OK'
client 2023-08-07 12:06:48,901 [INFO] Sending command to the server: 'time'
client 2023-08-07 12:06:48,903 [INFO] Got response: '1691428008.9018922'
client 2023-08-07 12:06:48,903 [INFO] The time difference between the client and the server is within range -0.029 ms..1.649 ms
client 2023-08-07 12:06:48,903 [INFO] Running the workload 'axs byquery loadgen_output,image_classifier,model_name=resnet50,framework=kilt,device=qaic,sut_name=se450_q4_std,loadgen_mode=PerformanceOnly,loadgen_scenario=Offline,loadgen_compliance_test-,_with_power+,symlink_to=/home/krai/work_collection/generated_by_power_measurement_on_run_83516da83a554cebbada4e23b57f8067/last_mlperf_logs,power_client_entrydic_path=/home/krai/work_collection/generated_by_power_measurement_on_run_83516da83a554cebbada4e23b57f8067/program_output.json'
client 2023-08-07 12:18:08,917 [INFO] Sending command to the server: 'time'
client 2023-08-07 12:18:08,919 [INFO] Got response: '1691428688.9185355'
client 2023-08-07 12:18:08,919 [INFO] The time difference between the client and the server is within range -1.222 ms..1.092 ms
client 2023-08-07 12:18:08,919 [INFO] Sending command to the server: 'session,2023-08-07_11-54-36,stop,testing'
client 2023-08-07 12:18:19,909 [INFO] Got response: 'OK'
client 2023-08-07 12:18:19,909 [INFO] Sending command to the server: 'time'
client 2023-08-07 12:18:19,910 [INFO] Got response: '1691428699.909453'
client 2023-08-07 12:18:19,910 [INFO] The time difference between the client and the server is within range -0.082 ms..0.790 ms
client 2023-08-07 12:18:19,912 [INFO] Copying loadgen logs from '/home/krai/work_collection/generated_by_power_measurement_on_run_83516da83a554cebbada4e23b57f8067/last_mlperf_logs' to '/home/krai/work_collection/generated_by_power_measurement_on_run_83516da83a554cebbada4e23b57f8067/power_logs/run_1'
client 2023-08-07 12:18:19,913 [INFO] Done runs
