client 2023-07-10 00:14:40,798 [INFO] Creating output directory '/home/arjun/mobilenet_results/valid_results/orin-tflite_cpp-cpu-tflite-vmaster-default_config/mobilenet-v2-precision_uint8-0.5-128/singlestream/performance/tmp_power'
client 2023-07-10 00:14:40,801 [INFO] Sending command to the server: 'mlcommons/power client v3'
client 2023-07-10 00:14:40,804 [INFO] Got response: 'mlcommons/power server v3'
client 2023-07-10 00:14:40,804 [INFO] Synchronizing with the server and with time.google.com...
client 2023-07-10 00:14:40,825 [INFO] NTP:offset = -0.000 s, delay = 0.016 s 
client 2023-07-10 00:14:40,825 [INFO] Sending command to the server: 'time'
client 2023-07-10 00:14:40,828 [INFO] Got response: '1688944480.8275049'
client 2023-07-10 00:14:40,828 [INFO] The time difference between the client and the server is within range -2.258 ms..0.728 ms
client 2023-07-10 00:14:40,828 [INFO] Sending command to the server: 'new,,92329e2e-dd32-492f-975b-d115f47423d5'
client 2023-07-10 00:14:40,831 [INFO] Got response: 'OK 2023-07-09_23-14-40,ecb0c620-adcb-478d-8aff-ac845eee6866'
client 2023-07-10 00:14:40,831 [INFO] Session id is '2023-07-09_23-14-40'
client 2023-07-10 00:14:40,832 [INFO] Sources: {"sources": {"__init__.py": "da39a3ee5e6b4b0d3255bfef95601890afd80709", "client.py": "33ca4f26368777ac06e01f9567b714a4b8063886", "lib/__init__.py": "da39a3ee5e6b4b0d3255bfef95601890afd80709", "lib/client.py": "ac2aa093c8e8bbc9569b9e2a3471bc64e58a2258", "lib/common.py": "611d8b29633d331eb19c9455ea3b5fa3284ed6df", "lib/external/__init__.py": "da39a3ee5e6b4b0d3255bfef95601890afd80709", "lib/external/ntplib.py": "4da8f970656505a40483206ef2b5d3dd5e81711d", "lib/server.py": "c7af63c31bb2fbedea4345f571f6e3507d268ada", "lib/source_hashes.py": "60a2e02193209e8d392803326208d5466342da18", "lib/summary.py": "aa92f0a3f975eecd44d3c0cd0236342ccc9f941d", "lib/time_sync.py": "122eba67a9abc85635223e054def53be1367ade2", "server.py": "c3f90f2f7eeb4db30727556d0c815ebc89b3d28b", "tests/unit/__init__.py": "da39a3ee5e6b4b0d3255bfef95601890afd80709", "tests/unit/test_server.py": "948c1995d4008bc2aa6c4046a34ffa3858d6d671", "tests/unit/test_source_hashes.py": "00468a2907583c593e6574a1f6b404e4651c221a"}, "modules": {"ptd_client_server.lib.client": "lib/client.py", "ptd_client_server.lib.common": "lib/common.py", "ptd_client_server.lib.external.ntplib": "lib/external/ntplib.py", "ptd_client_server.lib.source_hashes": "lib/source_hashes.py", "ptd_client_server.lib.summary": "lib/summary.py", "ptd_client_server.lib.time_sync": "lib/time_sync.py"}}
client 2023-07-10 00:14:40,832 [INFO] Running workload in ranging mode
client 2023-07-10 00:14:40,832 [INFO] Synchronizing with the server and with time.google.com...
client 2023-07-10 00:14:40,850 [INFO] NTP:offset = 0.001 s, delay = 0.018 s 
client 2023-07-10 00:14:40,850 [INFO] Sending command to the server: 'time'
client 2023-07-10 00:14:40,854 [INFO] Got response: '1688944480.853315'
client 2023-07-10 00:14:40,854 [INFO] The time difference between the client and the server is within range -2.360 ms..0.809 ms
client 2023-07-10 00:14:40,854 [INFO] Sending command to the server: 'session,2023-07-09_23-14-40,start,ranging'
client 2023-07-10 00:15:08,970 [INFO] Got response: 'OK'
client 2023-07-10 00:15:08,971 [INFO] Sending command to the server: 'time'
client 2023-07-10 00:15:08,974 [INFO] Got response: '1688944508.9730594'
client 2023-07-10 00:15:08,974 [INFO] The time difference between the client and the server is within range -1.611 ms..1.372 ms
client 2023-07-10 00:15:08,974 [INFO] Running the workload 'CM_MLPERF_RUN_COUNT=$(cat ${CM_RUN_DIR}/count.txt); echo ${CM_MLPERF_RUN_COUNT}; CM_MLPERF_RUN_COUNT=$((CM_MLPERF_RUN_COUNT+1)); echo ${CM_MLPERF_RUN_COUNT} > ${CM_RUN_DIR}/count.txt && if [ ${CM_MLPERF_RUN_COUNT} -eq "1" ]; then export CM_MLPERF_USER_CONF=${CM_MLPERF_RANGING_USER_CONF}; else export CM_MLPERF_USER_CONF=${CM_MLPERF_TESTING_USER_CONF}; fi && /home/arjun/run.out'
client 2023-07-10 00:20:14,669 [INFO] Sending command to the server: 'time'
client 2023-07-10 00:20:14,779 [INFO] Got response: '1688944814.778086'
client 2023-07-10 00:20:14,780 [INFO] The time difference between the client and the server is within range -108.619 ms..2.239 ms
client 2023-07-10 00:20:14,780 [INFO] Sending command to the server: 'session,2023-07-09_23-14-40,stop,ranging'
client 2023-07-10 00:20:25,066 [INFO] Got response: 'OK'
client 2023-07-10 00:20:25,067 [INFO] Sending command to the server: 'time'
client 2023-07-10 00:20:25,070 [INFO] Got response: '1688944825.068573'
client 2023-07-10 00:20:25,070 [INFO] The time difference between the client and the server is within range -1.463 ms..1.702 ms
client 2023-07-10 00:20:25,094 [INFO] Copying loadgen logs from '/home/arjun/mobilenet_results/valid_results/orin-tflite_cpp-cpu-tflite-vmaster-default_config/mobilenet-v2-precision_uint8-0.5-128/singlestream/performance/run_1' to '/home/arjun/mobilenet_results/valid_results/orin-tflite_cpp-cpu-tflite-vmaster-default_config/mobilenet-v2-precision_uint8-0.5-128/singlestream/performance/tmp_power/ranging'
client 2023-07-10 00:20:25,097 [INFO] Running workload in testing mode
client 2023-07-10 00:20:25,097 [INFO] Synchronizing with the server and with time.google.com...
client 2023-07-10 00:20:25,121 [INFO] NTP:offset = 0.001 s, delay = 0.019 s 
client 2023-07-10 00:20:25,121 [INFO] Sending command to the server: 'time'
client 2023-07-10 00:20:25,125 [INFO] Got response: '1688944825.123533'
client 2023-07-10 00:20:25,125 [INFO] The time difference between the client and the server is within range -1.893 ms..2.235 ms
client 2023-07-10 00:20:25,126 [INFO] Sending command to the server: 'session,2023-07-09_23-14-40,start,testing'
client 2023-07-10 00:20:38,148 [INFO] Got response: 'OK'
client 2023-07-10 00:20:38,149 [INFO] Sending command to the server: 'time'
client 2023-07-10 00:20:38,152 [INFO] Got response: '1688944838.1510215'
client 2023-07-10 00:20:38,152 [INFO] The time difference between the client and the server is within range -1.713 ms..1.670 ms
client 2023-07-10 00:20:38,152 [INFO] Running the workload 'CM_MLPERF_RUN_COUNT=$(cat ${CM_RUN_DIR}/count.txt); echo ${CM_MLPERF_RUN_COUNT}; CM_MLPERF_RUN_COUNT=$((CM_MLPERF_RUN_COUNT+1)); echo ${CM_MLPERF_RUN_COUNT} > ${CM_RUN_DIR}/count.txt && if [ ${CM_MLPERF_RUN_COUNT} -eq "1" ]; then export CM_MLPERF_USER_CONF=${CM_MLPERF_RANGING_USER_CONF}; else export CM_MLPERF_USER_CONF=${CM_MLPERF_TESTING_USER_CONF}; fi && /home/arjun/run.out'
client 2023-07-10 00:30:49,185 [INFO] Sending command to the server: 'time'
client 2023-07-10 00:30:49,189 [INFO] Got response: '1688945449.1880102'
client 2023-07-10 00:30:49,189 [INFO] The time difference between the client and the server is within range -2.485 ms..1.829 ms
client 2023-07-10 00:30:49,190 [INFO] Sending command to the server: 'session,2023-07-09_23-14-40,stop,testing'
client 2023-07-10 00:31:00,206 [INFO] Got response: 'OK'
client 2023-07-10 00:31:00,207 [INFO] Sending command to the server: 'time'
client 2023-07-10 00:31:00,209 [INFO] Got response: '1688945460.2081292'
client 2023-07-10 00:31:00,210 [INFO] The time difference between the client and the server is within range -1.128 ms..2.203 ms
client 2023-07-10 00:31:00,214 [INFO] Copying loadgen logs from '/home/arjun/mobilenet_results/valid_results/orin-tflite_cpp-cpu-tflite-vmaster-default_config/mobilenet-v2-precision_uint8-0.5-128/singlestream/performance/run_1' to '/home/arjun/mobilenet_results/valid_results/orin-tflite_cpp-cpu-tflite-vmaster-default_config/mobilenet-v2-precision_uint8-0.5-128/singlestream/performance/tmp_power/run_1'
client 2023-07-10 00:31:00,217 [INFO] Done runs
