client 2023-07-19 16:23:29,004 [INFO] Creating output directory '/home/arjun/mobilenet_results/valid_results/raspberrypi-tflite_armnn_cpp-cpu-armnn_tflite-v22.11-using_neon/mobilenet-v1-precision_float-1.0-128/singlestream/performance/tmp_power'
client 2023-07-19 16:23:29,009 [INFO] Sending command to the server: 'mlcommons/power client v3'
client 2023-07-19 16:23:29,013 [INFO] Got response: 'mlcommons/power server v3'
client 2023-07-19 16:23:29,013 [INFO] Synchronizing with the server and with time.google.com...
client 2023-07-19 16:23:29,067 [INFO] NTP:offset = -0.035 s, delay = 0.018 s 
client 2023-07-19 16:23:29,068 [INFO] Sending command to the server: 'time'
client 2023-07-19 16:23:29,072 [INFO] Got response: '1689780208.9666684'
client 2023-07-19 16:23:29,073 [INFO] The time difference between the client and the server is within range 101.599 ms..106.288 ms
client 2023-07-19 16:23:29,073 [INFO] Sending command to the server: 'new,,51b0ae3e-f55f-4e25-a0f3-bee075410596'
client 2023-07-19 16:23:29,078 [INFO] Got response: 'OK 2023-07-19_16-23-28,05736196-450c-4cbf-b1c2-5103888ee8b2'
client 2023-07-19 16:23:29,078 [INFO] Session id is '2023-07-19_16-23-28'
client 2023-07-19 16:23:29,079 [INFO] Sources: {"sources": {"__init__.py": "da39a3ee5e6b4b0d3255bfef95601890afd80709", "client.py": "33ca4f26368777ac06e01f9567b714a4b8063886", "lib/__init__.py": "da39a3ee5e6b4b0d3255bfef95601890afd80709", "lib/client.py": "ac2aa093c8e8bbc9569b9e2a3471bc64e58a2258", "lib/common.py": "611d8b29633d331eb19c9455ea3b5fa3284ed6df", "lib/external/__init__.py": "da39a3ee5e6b4b0d3255bfef95601890afd80709", "lib/external/ntplib.py": "4da8f970656505a40483206ef2b5d3dd5e81711d", "lib/server.py": "c7af63c31bb2fbedea4345f571f6e3507d268ada", "lib/source_hashes.py": "60a2e02193209e8d392803326208d5466342da18", "lib/summary.py": "aa92f0a3f975eecd44d3c0cd0236342ccc9f941d", "lib/time_sync.py": "122eba67a9abc85635223e054def53be1367ade2", "server.py": "c3f90f2f7eeb4db30727556d0c815ebc89b3d28b", "tests/unit/__init__.py": "da39a3ee5e6b4b0d3255bfef95601890afd80709", "tests/unit/test_server.py": "948c1995d4008bc2aa6c4046a34ffa3858d6d671", "tests/unit/test_source_hashes.py": "00468a2907583c593e6574a1f6b404e4651c221a"}, "modules": {"ptd_client_server.lib.client": "lib/client.py", "ptd_client_server.lib.common": "lib/common.py", "ptd_client_server.lib.external.ntplib": "lib/external/ntplib.py", "ptd_client_server.lib.source_hashes": "lib/source_hashes.py", "ptd_client_server.lib.summary": "lib/summary.py", "ptd_client_server.lib.time_sync": "lib/time_sync.py"}}
client 2023-07-19 16:23:29,080 [INFO] Running workload in ranging mode
client 2023-07-19 16:23:29,081 [INFO] Synchronizing with the server and with time.google.com...
client 2023-07-19 16:23:29,117 [INFO] NTP:offset = -0.033 s, delay = 0.018 s 
client 2023-07-19 16:23:29,117 [INFO] Sending command to the server: 'time'
client 2023-07-19 16:23:29,122 [INFO] Got response: '1689780209.0186636'
client 2023-07-19 16:23:29,122 [INFO] The time difference between the client and the server is within range 99.247 ms..103.989 ms
client 2023-07-19 16:23:29,123 [INFO] Sending command to the server: 'session,2023-07-19_16-23-28,start,ranging'
client 2023-07-19 16:23:57,860 [INFO] Got response: 'OK'
client 2023-07-19 16:23:57,860 [INFO] Sending command to the server: 'time'
client 2023-07-19 16:23:57,864 [INFO] Got response: '1689780237.7542744'
client 2023-07-19 16:23:57,864 [INFO] The time difference between the client and the server is within range 106.539 ms..110.552 ms
client 2023-07-19 16:23:57,865 [INFO] Running the workload 'CM_MLPERF_RUN_COUNT=$(cat ${CM_RUN_DIR}/count.txt); echo ${CM_MLPERF_RUN_COUNT}; CM_MLPERF_RUN_COUNT=$((CM_MLPERF_RUN_COUNT+1)); echo ${CM_MLPERF_RUN_COUNT} > ${CM_RUN_DIR}/count.txt && if [ ${CM_MLPERF_RUN_COUNT} -eq "1" ]; then export CM_MLPERF_USER_CONF=${CM_MLPERF_RANGING_USER_CONF}; else export CM_MLPERF_USER_CONF=${CM_MLPERF_TESTING_USER_CONF}; fi && /home/arjun/CM/repos/ctuning@mlcommons-ck/cm-mlops/script/get-lib-armnn/run.out'
client 2023-07-19 16:29:13,255 [INFO] Sending command to the server: 'time'
client 2023-07-19 16:29:13,261 [INFO] Got response: '1689780553.158185'
client 2023-07-19 16:29:13,262 [INFO] The time difference between the client and the server is within range 96.863 ms..103.955 ms
client 2023-07-19 16:29:13,262 [INFO] Sending command to the server: 'session,2023-07-19_16-23-28,stop,ranging'
client 2023-07-19 16:29:23,882 [INFO] Got response: 'OK'
client 2023-07-19 16:29:23,882 [INFO] Sending command to the server: 'time'
client 2023-07-19 16:29:23,886 [INFO] Got response: '1689780563.779701'
client 2023-07-19 16:29:23,887 [INFO] The time difference between the client and the server is within range 103.131 ms..107.521 ms
client 2023-07-19 16:29:23,921 [INFO] Copying loadgen logs from '/home/arjun/mobilenet_results/valid_results/raspberrypi-tflite_armnn_cpp-cpu-armnn_tflite-v22.11-using_neon/mobilenet-v1-precision_float-1.0-128/singlestream/performance/run_1' to '/home/arjun/mobilenet_results/valid_results/raspberrypi-tflite_armnn_cpp-cpu-armnn_tflite-v22.11-using_neon/mobilenet-v1-precision_float-1.0-128/singlestream/performance/tmp_power/ranging'
client 2023-07-19 16:29:23,925 [INFO] Running workload in testing mode
client 2023-07-19 16:29:23,926 [INFO] Synchronizing with the server and with time.google.com...
client 2023-07-19 16:29:23,960 [INFO] NTP:offset = -0.026 s, delay = 0.015 s 
client 2023-07-19 16:29:23,961 [INFO] Sending command to the server: 'time'
client 2023-07-19 16:29:23,965 [INFO] Got response: '1689780563.861793'
client 2023-07-19 16:29:23,965 [INFO] The time difference between the client and the server is within range 99.220 ms..103.824 ms
client 2023-07-19 16:29:23,966 [INFO] Sending command to the server: 'session,2023-07-19_16-23-28,start,testing'
client 2023-07-19 16:29:37,013 [INFO] Got response: 'OK'
client 2023-07-19 16:29:37,014 [INFO] Sending command to the server: 'time'
client 2023-07-19 16:29:37,027 [INFO] Got response: '1689780576.9195158'
client 2023-07-19 16:29:37,027 [INFO] The time difference between the client and the server is within range 94.438 ms..108.056 ms
client 2023-07-19 16:29:37,028 [INFO] Running the workload 'CM_MLPERF_RUN_COUNT=$(cat ${CM_RUN_DIR}/count.txt); echo ${CM_MLPERF_RUN_COUNT}; CM_MLPERF_RUN_COUNT=$((CM_MLPERF_RUN_COUNT+1)); echo ${CM_MLPERF_RUN_COUNT} > ${CM_RUN_DIR}/count.txt && if [ ${CM_MLPERF_RUN_COUNT} -eq "1" ]; then export CM_MLPERF_USER_CONF=${CM_MLPERF_RANGING_USER_CONF}; else export CM_MLPERF_USER_CONF=${CM_MLPERF_TESTING_USER_CONF}; fi && /home/arjun/CM/repos/ctuning@mlcommons-ck/cm-mlops/script/get-lib-armnn/run.out'
client 2023-07-19 16:39:55,747 [INFO] Sending command to the server: 'time'
client 2023-07-19 16:39:55,752 [INFO] Got response: '1689781195.620765'
client 2023-07-19 16:39:55,753 [INFO] The time difference between the client and the server is within range 126.077 ms..132.289 ms
client 2023-07-19 16:39:55,753 [INFO] Sending command to the server: 'session,2023-07-19_16-23-28,stop,testing'
client 2023-07-19 16:40:06,113 [INFO] Got response: 'OK'
client 2023-07-19 16:40:06,113 [INFO] Sending command to the server: 'time'
client 2023-07-19 16:40:06,117 [INFO] Got response: '1689781205.9809668'
client 2023-07-19 16:40:06,117 [INFO] The time difference between the client and the server is within range 132.613 ms..136.493 ms
client 2023-07-19 16:40:06,123 [INFO] Copying loadgen logs from '/home/arjun/mobilenet_results/valid_results/raspberrypi-tflite_armnn_cpp-cpu-armnn_tflite-v22.11-using_neon/mobilenet-v1-precision_float-1.0-128/singlestream/performance/run_1' to '/home/arjun/mobilenet_results/valid_results/raspberrypi-tflite_armnn_cpp-cpu-armnn_tflite-v22.11-using_neon/mobilenet-v1-precision_float-1.0-128/singlestream/performance/tmp_power/run_1'
client 2023-07-19 16:40:06,126 [INFO] Done runs
