client 2023-08-16 03:35:44,822 [INFO] Creating output directory '/home/krai/work_collection/generated_by_power_measurement_on_run_b86984963599478d9c7c66a792920a3e/power_logs'
client 2023-08-16 03:35:44,824 [INFO] Sending command to the server: 'mlcommons/power client v3'
client 2023-08-16 03:35:44,826 [INFO] Got response: 'mlcommons/power server v3'
client 2023-08-16 03:35:44,826 [INFO] Synchronizing with the server and with time.google.com...
client 2023-08-16 03:35:45,005 [INFO] NTP:offset = -0.012 s, delay = 0.094 s 
client 2023-08-16 03:35:45,005 [INFO] Sending command to the server: 'time'
client 2023-08-16 03:35:45,007 [INFO] Got response: '1692174945.0076003'
client 2023-08-16 03:35:45,007 [INFO] The time difference between the client and the server is within range -2.248 ms..-0.343 ms
client 2023-08-16 03:35:45,007 [INFO] Sending command to the server: 'new,,39d84cc0-6f9d-46c9-a770-034888964fd0'
client 2023-08-16 03:35:45,009 [INFO] Got response: 'OK 2023-08-16_03-35-45,5b4acb42-98c5-44c5-9729-5ebd08d7fdec'
client 2023-08-16 03:35:45,009 [INFO] Session id is '2023-08-16_03-35-45'
client 2023-08-16 03:35:45,009 [INFO] Sources: {"sources": {"__init__.py": "da39a3ee5e6b4b0d3255bfef95601890afd80709", "client.py": "33ca4f26368777ac06e01f9567b714a4b8063886", "lib/__init__.py": "da39a3ee5e6b4b0d3255bfef95601890afd80709", "lib/client.py": "ac2aa093c8e8bbc9569b9e2a3471bc64e58a2258", "lib/common.py": "611d8b29633d331eb19c9455ea3b5fa3284ed6df", "lib/external/__init__.py": "da39a3ee5e6b4b0d3255bfef95601890afd80709", "lib/external/ntplib.py": "4da8f970656505a40483206ef2b5d3dd5e81711d", "lib/server.py": "c7af63c31bb2fbedea4345f571f6e3507d268ada", "lib/source_hashes.py": "60a2e02193209e8d392803326208d5466342da18", "lib/summary.py": "aa92f0a3f975eecd44d3c0cd0236342ccc9f941d", "lib/time_sync.py": "80894ef2389e540781ff78de94db16aa4203a14e", "server.py": "c3f90f2f7eeb4db30727556d0c815ebc89b3d28b", "tests/unit/__init__.py": "da39a3ee5e6b4b0d3255bfef95601890afd80709", "tests/unit/test_server.py": "948c1995d4008bc2aa6c4046a34ffa3858d6d671", "tests/unit/test_source_hashes.py": "00468a2907583c593e6574a1f6b404e4651c221a"}, "modules": {"ptd_client_server.lib.client": "lib/client.py", "ptd_client_server.lib.common": "lib/common.py", "ptd_client_server.lib.external.ntplib": "lib/external/ntplib.py", "ptd_client_server.lib.source_hashes": "lib/source_hashes.py", "ptd_client_server.lib.summary": "lib/summary.py", "ptd_client_server.lib.time_sync": "lib/time_sync.py"}}
client 2023-08-16 03:35:45,010 [INFO] Running workload in ranging mode
client 2023-08-16 03:35:45,010 [INFO] Synchronizing with the server and with time.google.com...
client 2023-08-16 03:35:45,131 [INFO] NTP:offset = -0.012 s, delay = 0.119 s 
client 2023-08-16 03:35:45,131 [INFO] Sending command to the server: 'time'
client 2023-08-16 03:35:45,132 [INFO] Got response: '1692174945.133497'
client 2023-08-16 03:35:45,132 [INFO] The time difference between the client and the server is within range -2.262 ms..-0.848 ms
client 2023-08-16 03:35:45,132 [INFO] Sending command to the server: 'session,2023-08-16_03-35-45,start,ranging'
client 2023-08-16 03:36:24,818 [INFO] Got response: 'OK'
client 2023-08-16 03:36:24,819 [INFO] Sending command to the server: 'time'
client 2023-08-16 03:36:24,820 [INFO] Got response: '1692174984.8213272'
client 2023-08-16 03:36:24,820 [INFO] The time difference between the client and the server is within range -2.149 ms..-0.763 ms
client 2023-08-16 03:36:24,820 [INFO] Running the workload 'axs byquery loadgen_output,object_detection,device=qaic,framework=kilt,model_name=retinanet,loadgen_mode=PerformanceOnly,loadgen_scenario=Server,first_n=24781,sut_name=g292_z43_q16e,_with_power+,symlink_to=/home/krai/work_collection/generated_by_power_measurement_on_run_b86984963599478d9c7c66a792920a3e/last_mlperf_logs,power_client_entrydic_path=/home/krai/work_collection/generated_by_power_measurement_on_run_b86984963599478d9c7c66a792920a3e/program_output.json'
client 2023-08-16 03:48:04,888 [INFO] Sending command to the server: 'time'
client 2023-08-16 03:48:04,890 [INFO] Got response: '1692175684.890192'
client 2023-08-16 03:48:04,890 [INFO] The time difference between the client and the server is within range -1.471 ms..0.402 ms
client 2023-08-16 03:48:04,890 [INFO] Sending command to the server: 'session,2023-08-16_03-35-45,stop,ranging'
client 2023-08-16 03:48:15,911 [INFO] Got response: 'OK'
client 2023-08-16 03:48:15,911 [INFO] Sending command to the server: 'time'
client 2023-08-16 03:48:15,912 [INFO] Got response: '1692175695.9121964'
client 2023-08-16 03:48:15,912 [INFO] The time difference between the client and the server is within range -0.404 ms..0.171 ms
client 2023-08-16 03:48:15,918 [INFO] Copying loadgen logs from '/home/krai/work_collection/generated_by_power_measurement_on_run_b86984963599478d9c7c66a792920a3e/last_mlperf_logs' to '/home/krai/work_collection/generated_by_power_measurement_on_run_b86984963599478d9c7c66a792920a3e/power_logs/ranging'
client 2023-08-16 03:48:15,918 [INFO] Running workload in testing mode
client 2023-08-16 03:48:15,918 [INFO] Synchronizing with the server and with time.google.com...
client 2023-08-16 03:48:16,038 [INFO] NTP:offset = -0.012 s, delay = 0.118 s 
client 2023-08-16 03:48:16,038 [INFO] Sending command to the server: 'time'
client 2023-08-16 03:48:16,039 [INFO] Got response: '1692175696.0392532'
client 2023-08-16 03:48:16,039 [INFO] The time difference between the client and the server is within range -0.980 ms..0.590 ms
client 2023-08-16 03:48:16,039 [INFO] Sending command to the server: 'session,2023-08-16_03-35-45,start,testing'
client 2023-08-16 03:48:37,658 [INFO] Got response: 'OK'
client 2023-08-16 03:48:37,658 [INFO] Sending command to the server: 'time'
client 2023-08-16 03:48:37,659 [INFO] Got response: '1692175717.6595197'
client 2023-08-16 03:48:37,659 [INFO] The time difference between the client and the server is within range -0.938 ms..0.410 ms
client 2023-08-16 03:48:37,660 [INFO] Running the workload 'axs byquery loadgen_output,object_detection,device=qaic,framework=kilt,model_name=retinanet,loadgen_mode=PerformanceOnly,loadgen_scenario=Server,first_n=24781,sut_name=g292_z43_q16e,_with_power+,symlink_to=/home/krai/work_collection/generated_by_power_measurement_on_run_b86984963599478d9c7c66a792920a3e/last_mlperf_logs,power_client_entrydic_path=/home/krai/work_collection/generated_by_power_measurement_on_run_b86984963599478d9c7c66a792920a3e/program_output.json'
client 2023-08-16 04:00:16,577 [INFO] Sending command to the server: 'time'
client 2023-08-16 04:00:16,579 [INFO] Got response: '1692176416.5771775'
client 2023-08-16 04:00:16,579 [INFO] The time difference between the client and the server is within range -0.017 ms..2.177 ms
client 2023-08-16 04:00:16,579 [INFO] Sending command to the server: 'session,2023-08-16_03-35-45,stop,testing'
client 2023-08-16 04:00:26,668 [INFO] Got response: 'OK'
client 2023-08-16 04:00:26,669 [INFO] Sending command to the server: 'time'
client 2023-08-16 04:00:26,669 [INFO] Got response: '1692176426.668004'
client 2023-08-16 04:00:26,669 [INFO] The time difference between the client and the server is within range 1.082 ms..1.718 ms
client 2023-08-16 04:00:26,671 [INFO] Copying loadgen logs from '/home/krai/work_collection/generated_by_power_measurement_on_run_b86984963599478d9c7c66a792920a3e/last_mlperf_logs' to '/home/krai/work_collection/generated_by_power_measurement_on_run_b86984963599478d9c7c66a792920a3e/power_logs/run_1'
client 2023-08-16 04:00:26,671 [INFO] Done runs
