client 2023-08-07 13:45:04,077 [INFO] Creating output directory '/home/arjun/mobilenet_results/valid_results/orin-tflite_armnn_cpp-cpu-armnn_tflite-v23.05-using_neon/mobilenet-v2-precision_float-0.5-160/singlestream/performance/tmp_power'
client 2023-08-07 13:45:04,081 [INFO] Sending command to the server: 'mlcommons/power client v3'
client 2023-08-07 13:45:04,084 [INFO] Got response: 'mlcommons/power server v3'
client 2023-08-07 13:45:04,084 [INFO] Synchronizing with the server and with time.google.com...
client 2023-08-07 13:45:04,103 [INFO] NTP:offset = -0.001 s, delay = 0.015 s 
client 2023-08-07 13:45:04,103 [INFO] Sending command to the server: 'time'
client 2023-08-07 13:45:04,106 [INFO] Got response: '1691412303.9453425'
client 2023-08-07 13:45:04,106 [INFO] The time difference between the client and the server is within range 157.858 ms..161.484 ms
client 2023-08-07 13:45:04,106 [INFO] Sending command to the server: 'new,,1e7acaca-862f-4a14-a877-69c4c1b99349'
client 2023-08-07 13:45:04,116 [INFO] Got response: 'OK 2023-08-07_13-45-03,76016ce6-b32c-4b7b-aa40-fcdc9ac4ab75'
client 2023-08-07 13:45:04,116 [INFO] Session id is '2023-08-07_13-45-03'
client 2023-08-07 13:45:04,116 [INFO] Sources: {"sources": {"__init__.py": "da39a3ee5e6b4b0d3255bfef95601890afd80709", "client.py": "33ca4f26368777ac06e01f9567b714a4b8063886", "lib/__init__.py": "da39a3ee5e6b4b0d3255bfef95601890afd80709", "lib/client.py": "ac2aa093c8e8bbc9569b9e2a3471bc64e58a2258", "lib/common.py": "611d8b29633d331eb19c9455ea3b5fa3284ed6df", "lib/external/__init__.py": "da39a3ee5e6b4b0d3255bfef95601890afd80709", "lib/external/ntplib.py": "4da8f970656505a40483206ef2b5d3dd5e81711d", "lib/server.py": "c7af63c31bb2fbedea4345f571f6e3507d268ada", "lib/source_hashes.py": "60a2e02193209e8d392803326208d5466342da18", "lib/summary.py": "aa92f0a3f975eecd44d3c0cd0236342ccc9f941d", "lib/time_sync.py": "122eba67a9abc85635223e054def53be1367ade2", "server.py": "c3f90f2f7eeb4db30727556d0c815ebc89b3d28b", "tests/unit/__init__.py": "da39a3ee5e6b4b0d3255bfef95601890afd80709", "tests/unit/test_server.py": "948c1995d4008bc2aa6c4046a34ffa3858d6d671", "tests/unit/test_source_hashes.py": "00468a2907583c593e6574a1f6b404e4651c221a"}, "modules": {"ptd_client_server.lib.client": "lib/client.py", "ptd_client_server.lib.common": "lib/common.py", "ptd_client_server.lib.external.ntplib": "lib/external/ntplib.py", "ptd_client_server.lib.source_hashes": "lib/source_hashes.py", "ptd_client_server.lib.summary": "lib/summary.py", "ptd_client_server.lib.time_sync": "lib/time_sync.py"}}
client 2023-08-07 13:45:04,116 [INFO] Running workload in ranging mode
client 2023-08-07 13:45:04,116 [INFO] Synchronizing with the server and with time.google.com...
client 2023-08-07 13:45:04,133 [INFO] NTP:offset = -0.001 s, delay = 0.016 s 
client 2023-08-07 13:45:04,133 [INFO] Sending command to the server: 'time'
client 2023-08-07 13:45:04,142 [INFO] Got response: '1691412303.975524'
client 2023-08-07 13:45:04,142 [INFO] The time difference between the client and the server is within range 158.157 ms..167.449 ms
client 2023-08-07 13:45:04,143 [INFO] Sending command to the server: 'session,2023-08-07_13-45-03,start,ranging'
client 2023-08-07 13:45:32,917 [INFO] Got response: 'OK'
client 2023-08-07 13:45:32,917 [INFO] Sending command to the server: 'time'
client 2023-08-07 13:45:32,922 [INFO] Got response: '1691412332.751724'
client 2023-08-07 13:45:32,922 [INFO] The time difference between the client and the server is within range 165.986 ms..170.454 ms
client 2023-08-07 13:45:32,922 [INFO] Running the workload 'CM_MLPERF_RUN_COUNT=$(cat ${CM_RUN_DIR}/count.txt); echo ${CM_MLPERF_RUN_COUNT}; CM_MLPERF_RUN_COUNT=$((CM_MLPERF_RUN_COUNT+1)); echo ${CM_MLPERF_RUN_COUNT} > ${CM_RUN_DIR}/count.txt && if [ ${CM_MLPERF_RUN_COUNT} -eq "1" ]; then export CM_MLPERF_USER_CONF=${CM_MLPERF_RANGING_USER_CONF}; else export CM_MLPERF_USER_CONF=${CM_MLPERF_TESTING_USER_CONF}; fi && /mount/CM/repos/ctuning@mlcommons-ck/cm-mlops/script/run-all-mlperf-models/run.out'
client 2023-08-07 13:50:34,215 [INFO] Sending command to the server: 'time'
client 2023-08-07 13:50:34,219 [INFO] Got response: '1691412634.051227'
client 2023-08-07 13:50:34,219 [INFO] The time difference between the client and the server is within range 164.533 ms..168.674 ms
client 2023-08-07 13:50:34,219 [INFO] Sending command to the server: 'session,2023-08-07_13-45-03,stop,ranging'
client 2023-08-07 13:50:45,283 [INFO] Got response: 'OK'
client 2023-08-07 13:50:45,283 [INFO] Sending command to the server: 'time'
client 2023-08-07 13:50:45,288 [INFO] Got response: '1691412645.1226768'
client 2023-08-07 13:50:45,289 [INFO] The time difference between the client and the server is within range 160.881 ms..166.338 ms
client 2023-08-07 13:50:45,292 [INFO] Copying loadgen logs from '/home/arjun/mobilenet_results/valid_results/orin-tflite_armnn_cpp-cpu-armnn_tflite-v23.05-using_neon/mobilenet-v2-precision_float-0.5-160/singlestream/performance/run_1' to '/home/arjun/mobilenet_results/valid_results/orin-tflite_armnn_cpp-cpu-armnn_tflite-v23.05-using_neon/mobilenet-v2-precision_float-0.5-160/singlestream/performance/tmp_power/ranging'
client 2023-08-07 13:50:45,293 [INFO] Running workload in testing mode
client 2023-08-07 13:50:45,293 [INFO] Synchronizing with the server and with time.google.com...
client 2023-08-07 13:50:45,312 [INFO] NTP:offset = -0.001 s, delay = 0.018 s 
client 2023-08-07 13:50:45,312 [INFO] Sending command to the server: 'time'
client 2023-08-07 13:50:45,316 [INFO] Got response: '1691412645.1529052'
client 2023-08-07 13:50:45,317 [INFO] The time difference between the client and the server is within range 159.683 ms..164.135 ms
client 2023-08-07 13:50:45,317 [INFO] Sending command to the server: 'session,2023-08-07_13-45-03,start,testing'
client 2023-08-07 13:50:58,364 [INFO] Got response: 'OK'
client 2023-08-07 13:50:58,364 [INFO] Sending command to the server: 'time'
client 2023-08-07 13:50:58,376 [INFO] Got response: '1691412658.2044206'
client 2023-08-07 13:50:58,376 [INFO] The time difference between the client and the server is within range 160.433 ms..172.293 ms
client 2023-08-07 13:50:58,376 [INFO] Running the workload 'CM_MLPERF_RUN_COUNT=$(cat ${CM_RUN_DIR}/count.txt); echo ${CM_MLPERF_RUN_COUNT}; CM_MLPERF_RUN_COUNT=$((CM_MLPERF_RUN_COUNT+1)); echo ${CM_MLPERF_RUN_COUNT} > ${CM_RUN_DIR}/count.txt && if [ ${CM_MLPERF_RUN_COUNT} -eq "1" ]; then export CM_MLPERF_USER_CONF=${CM_MLPERF_RANGING_USER_CONF}; else export CM_MLPERF_USER_CONF=${CM_MLPERF_TESTING_USER_CONF}; fi && /mount/CM/repos/ctuning@mlcommons-ck/cm-mlops/script/run-all-mlperf-models/run.out'
client 2023-08-07 14:01:00,630 [INFO] Sending command to the server: 'time'
client 2023-08-07 14:01:00,634 [INFO] Got response: '1691413260.4612064'
client 2023-08-07 14:01:00,634 [INFO] The time difference between the client and the server is within range 169.024 ms..172.937 ms
client 2023-08-07 14:01:00,634 [INFO] Sending command to the server: 'session,2023-08-07_13-45-03,stop,testing'
client 2023-08-07 14:01:11,449 [INFO] Got response: 'OK'
client 2023-08-07 14:01:11,449 [INFO] Sending command to the server: 'time'
client 2023-08-07 14:01:11,452 [INFO] Got response: '1691413271.2801743'
client 2023-08-07 14:01:11,452 [INFO] The time difference between the client and the server is within range 169.293 ms..172.092 ms
client 2023-08-07 14:01:11,453 [INFO] Copying loadgen logs from '/home/arjun/mobilenet_results/valid_results/orin-tflite_armnn_cpp-cpu-armnn_tflite-v23.05-using_neon/mobilenet-v2-precision_float-0.5-160/singlestream/performance/run_1' to '/home/arjun/mobilenet_results/valid_results/orin-tflite_armnn_cpp-cpu-armnn_tflite-v23.05-using_neon/mobilenet-v2-precision_float-0.5-160/singlestream/performance/tmp_power/run_1'
client 2023-08-07 14:01:11,453 [INFO] Done runs
