client 2023-07-11 07:02:32,588 [INFO] Creating output directory '/home/arjun/mobilenet_results/valid_results/orin-tflite_armnn_cpp-cpu-armnn_tflite-v22.11-using_neon/mobilenet-v1-precision_uint8-0.25-224/singlestream/performance/tmp_power'
client 2023-07-11 07:02:32,590 [INFO] Sending command to the server: 'mlcommons/power client v3'
client 2023-07-11 07:02:32,592 [INFO] Got response: 'mlcommons/power server v3'
client 2023-07-11 07:02:32,592 [INFO] Synchronizing with the server and with time.google.com...
client 2023-07-11 07:02:32,624 [INFO] NTP:offset = -0.010 s, delay = 0.015 s 
client 2023-07-11 07:02:32,624 [INFO] Sending command to the server: 'time'
client 2023-07-11 07:02:32,627 [INFO] Got response: '1689055352.6101322'
client 2023-07-11 07:02:32,627 [INFO] The time difference between the client and the server is within range 14.396 ms..16.985 ms
client 2023-07-11 07:02:32,627 [INFO] Sending command to the server: 'new,,ba4e60ea-a49a-4c81-b9e1-2c5da04248a6'
client 2023-07-11 07:02:32,630 [INFO] Got response: 'OK 2023-07-11_07-02-32,f4a6abf5-89de-40e6-b5d8-0d94f29b536e'
client 2023-07-11 07:02:32,630 [INFO] Session id is '2023-07-11_07-02-32'
client 2023-07-11 07:02:32,630 [INFO] Sources: {"sources": {"__init__.py": "da39a3ee5e6b4b0d3255bfef95601890afd80709", "client.py": "33ca4f26368777ac06e01f9567b714a4b8063886", "lib/__init__.py": "da39a3ee5e6b4b0d3255bfef95601890afd80709", "lib/client.py": "ac2aa093c8e8bbc9569b9e2a3471bc64e58a2258", "lib/common.py": "611d8b29633d331eb19c9455ea3b5fa3284ed6df", "lib/external/__init__.py": "da39a3ee5e6b4b0d3255bfef95601890afd80709", "lib/external/ntplib.py": "4da8f970656505a40483206ef2b5d3dd5e81711d", "lib/server.py": "c7af63c31bb2fbedea4345f571f6e3507d268ada", "lib/source_hashes.py": "60a2e02193209e8d392803326208d5466342da18", "lib/summary.py": "aa92f0a3f975eecd44d3c0cd0236342ccc9f941d", "lib/time_sync.py": "122eba67a9abc85635223e054def53be1367ade2", "server.py": "c3f90f2f7eeb4db30727556d0c815ebc89b3d28b", "tests/unit/__init__.py": "da39a3ee5e6b4b0d3255bfef95601890afd80709", "tests/unit/test_server.py": "948c1995d4008bc2aa6c4046a34ffa3858d6d671", "tests/unit/test_source_hashes.py": "00468a2907583c593e6574a1f6b404e4651c221a"}, "modules": {"ptd_client_server.lib.client": "lib/client.py", "ptd_client_server.lib.common": "lib/common.py", "ptd_client_server.lib.external.ntplib": "lib/external/ntplib.py", "ptd_client_server.lib.source_hashes": "lib/source_hashes.py", "ptd_client_server.lib.summary": "lib/summary.py", "ptd_client_server.lib.time_sync": "lib/time_sync.py"}}
client 2023-07-11 07:02:32,630 [INFO] Running workload in ranging mode
client 2023-07-11 07:02:32,631 [INFO] Synchronizing with the server and with time.google.com...
client 2023-07-11 07:02:32,649 [INFO] NTP:offset = -0.009 s, delay = 0.017 s 
client 2023-07-11 07:02:32,649 [INFO] Sending command to the server: 'time'
client 2023-07-11 07:02:32,652 [INFO] Got response: '1689055352.630191'
client 2023-07-11 07:02:32,652 [INFO] The time difference between the client and the server is within range 19.164 ms..22.413 ms
client 2023-07-11 07:02:32,652 [INFO] Sending command to the server: 'session,2023-07-11_07-02-32,start,ranging'
client 2023-07-11 07:03:01,299 [INFO] Got response: 'OK'
client 2023-07-11 07:03:01,300 [INFO] Sending command to the server: 'time'
client 2023-07-11 07:03:01,304 [INFO] Got response: '1689055381.2846222'
client 2023-07-11 07:03:01,304 [INFO] The time difference between the client and the server is within range 15.940 ms..19.902 ms
client 2023-07-11 07:03:01,304 [INFO] Running the workload 'CM_MLPERF_RUN_COUNT=$(cat ${CM_RUN_DIR}/count.txt); echo ${CM_MLPERF_RUN_COUNT}; CM_MLPERF_RUN_COUNT=$((CM_MLPERF_RUN_COUNT+1)); echo ${CM_MLPERF_RUN_COUNT} > ${CM_RUN_DIR}/count.txt && if [ ${CM_MLPERF_RUN_COUNT} -eq "1" ]; then export CM_MLPERF_USER_CONF=${CM_MLPERF_RANGING_USER_CONF}; else export CM_MLPERF_USER_CONF=${CM_MLPERF_TESTING_USER_CONF}; fi && /home/arjun/run.out'
client 2023-07-11 07:08:03,006 [INFO] Sending command to the server: 'time'
client 2023-07-11 07:08:03,009 [INFO] Got response: '1689055682.9886205'
client 2023-07-11 07:08:03,010 [INFO] The time difference between the client and the server is within range 17.780 ms..21.477 ms
client 2023-07-11 07:08:03,010 [INFO] Sending command to the server: 'session,2023-07-11_07-02-32,stop,ranging'
client 2023-07-11 07:08:13,733 [INFO] Got response: 'OK'
client 2023-07-11 07:08:13,734 [INFO] Sending command to the server: 'time'
client 2023-07-11 07:08:13,738 [INFO] Got response: '1689055693.7164109'
client 2023-07-11 07:08:13,738 [INFO] The time difference between the client and the server is within range 17.793 ms..22.121 ms
client 2023-07-11 07:08:13,759 [INFO] Copying loadgen logs from '/home/arjun/mobilenet_results/valid_results/orin-tflite_armnn_cpp-cpu-armnn_tflite-v22.11-using_neon/mobilenet-v1-precision_uint8-0.25-224/singlestream/performance/run_1' to '/home/arjun/mobilenet_results/valid_results/orin-tflite_armnn_cpp-cpu-armnn_tflite-v22.11-using_neon/mobilenet-v1-precision_uint8-0.25-224/singlestream/performance/tmp_power/ranging'
client 2023-07-11 07:08:13,761 [INFO] Running workload in testing mode
client 2023-07-11 07:08:13,761 [INFO] Synchronizing with the server and with time.google.com...
client 2023-07-11 07:08:13,787 [INFO] NTP:offset = -0.010 s, delay = 0.020 s 
client 2023-07-11 07:08:13,787 [INFO] Sending command to the server: 'time'
client 2023-07-11 07:08:13,791 [INFO] Got response: '1689055693.7664835'
client 2023-07-11 07:08:13,791 [INFO] The time difference between the client and the server is within range 20.997 ms..25.137 ms
client 2023-07-11 07:08:13,791 [INFO] Sending command to the server: 'session,2023-07-11_07-02-32,start,testing'
client 2023-07-11 07:08:26,826 [INFO] Got response: 'OK'
client 2023-07-11 07:08:26,827 [INFO] Sending command to the server: 'time'
client 2023-07-11 07:08:26,831 [INFO] Got response: '1689055706.8081267'
client 2023-07-11 07:08:26,832 [INFO] The time difference between the client and the server is within range 19.336 ms..23.833 ms
client 2023-07-11 07:08:26,832 [INFO] Running the workload 'CM_MLPERF_RUN_COUNT=$(cat ${CM_RUN_DIR}/count.txt); echo ${CM_MLPERF_RUN_COUNT}; CM_MLPERF_RUN_COUNT=$((CM_MLPERF_RUN_COUNT+1)); echo ${CM_MLPERF_RUN_COUNT} > ${CM_RUN_DIR}/count.txt && if [ ${CM_MLPERF_RUN_COUNT} -eq "1" ]; then export CM_MLPERF_USER_CONF=${CM_MLPERF_RANGING_USER_CONF}; else export CM_MLPERF_USER_CONF=${CM_MLPERF_TESTING_USER_CONF}; fi && /home/arjun/run.out'
client 2023-07-11 07:18:29,892 [INFO] Sending command to the server: 'time'
client 2023-07-11 07:18:29,895 [INFO] Got response: '1689056309.8650632'
client 2023-07-11 07:18:29,895 [INFO] The time difference between the client and the server is within range 27.355 ms..30.532 ms
client 2023-07-11 07:18:29,895 [INFO] Sending command to the server: 'session,2023-07-11_07-02-32,stop,testing'
client 2023-07-11 07:18:41,003 [INFO] Got response: 'OK'
client 2023-07-11 07:18:41,004 [INFO] Sending command to the server: 'time'
client 2023-07-11 07:18:41,007 [INFO] Got response: '1689056320.9723396'
client 2023-07-11 07:18:41,007 [INFO] The time difference between the client and the server is within range 31.746 ms..35.088 ms
client 2023-07-11 07:18:41,011 [INFO] Copying loadgen logs from '/home/arjun/mobilenet_results/valid_results/orin-tflite_armnn_cpp-cpu-armnn_tflite-v22.11-using_neon/mobilenet-v1-precision_uint8-0.25-224/singlestream/performance/run_1' to '/home/arjun/mobilenet_results/valid_results/orin-tflite_armnn_cpp-cpu-armnn_tflite-v22.11-using_neon/mobilenet-v1-precision_uint8-0.25-224/singlestream/performance/tmp_power/run_1'
client 2023-07-11 07:18:41,014 [INFO] Done runs
