client 2023-08-07 06:56:19,307 [INFO] Creating output directory '/home/arjun/mobilenet_results/valid_results/orin-tflite_armnn_cpp-cpu-armnn_tflite-v23.05-using_neon/mobilenet-v1-precision_uint8-0.25-192/singlestream/performance/tmp_power'
client 2023-08-07 06:56:19,309 [INFO] Sending command to the server: 'mlcommons/power client v3'
client 2023-08-07 06:56:19,313 [INFO] Got response: 'mlcommons/power server v3'
client 2023-08-07 06:56:19,313 [INFO] Synchronizing with the server and with time.google.com...
client 2023-08-07 06:56:19,328 [INFO] NTP:offset = -0.001 s, delay = 0.012 s 
client 2023-08-07 06:56:19,328 [INFO] Sending command to the server: 'time'
client 2023-08-07 06:56:19,336 [INFO] Got response: '1691387779.3046212'
client 2023-08-07 06:56:19,336 [INFO] The time difference between the client and the server is within range 23.605 ms..31.789 ms
client 2023-08-07 06:56:19,336 [INFO] Sending command to the server: 'new,,0d2e5012-df58-4cf5-93e4-c95ecbbec853'
client 2023-08-07 06:56:19,339 [INFO] Got response: 'OK 2023-08-07_06-56-19,7b3611c4-4f67-4d58-b432-94543def1a58'
client 2023-08-07 06:56:19,339 [INFO] Session id is '2023-08-07_06-56-19'
client 2023-08-07 06:56:19,340 [INFO] Sources: {"sources": {"__init__.py": "da39a3ee5e6b4b0d3255bfef95601890afd80709", "client.py": "33ca4f26368777ac06e01f9567b714a4b8063886", "lib/__init__.py": "da39a3ee5e6b4b0d3255bfef95601890afd80709", "lib/client.py": "ac2aa093c8e8bbc9569b9e2a3471bc64e58a2258", "lib/common.py": "611d8b29633d331eb19c9455ea3b5fa3284ed6df", "lib/external/__init__.py": "da39a3ee5e6b4b0d3255bfef95601890afd80709", "lib/external/ntplib.py": "4da8f970656505a40483206ef2b5d3dd5e81711d", "lib/server.py": "c7af63c31bb2fbedea4345f571f6e3507d268ada", "lib/source_hashes.py": "60a2e02193209e8d392803326208d5466342da18", "lib/summary.py": "aa92f0a3f975eecd44d3c0cd0236342ccc9f941d", "lib/time_sync.py": "122eba67a9abc85635223e054def53be1367ade2", "server.py": "c3f90f2f7eeb4db30727556d0c815ebc89b3d28b", "tests/unit/__init__.py": "da39a3ee5e6b4b0d3255bfef95601890afd80709", "tests/unit/test_server.py": "948c1995d4008bc2aa6c4046a34ffa3858d6d671", "tests/unit/test_source_hashes.py": "00468a2907583c593e6574a1f6b404e4651c221a"}, "modules": {"ptd_client_server.lib.client": "lib/client.py", "ptd_client_server.lib.common": "lib/common.py", "ptd_client_server.lib.external.ntplib": "lib/external/ntplib.py", "ptd_client_server.lib.source_hashes": "lib/source_hashes.py", "ptd_client_server.lib.summary": "lib/summary.py", "ptd_client_server.lib.time_sync": "lib/time_sync.py"}}
client 2023-08-07 06:56:19,340 [INFO] Running workload in ranging mode
client 2023-08-07 06:56:19,340 [INFO] Synchronizing with the server and with time.google.com...
client 2023-08-07 06:56:19,356 [INFO] NTP:offset = -0.000 s, delay = 0.016 s 
client 2023-08-07 06:56:19,356 [INFO] Sending command to the server: 'time'
client 2023-08-07 06:56:19,359 [INFO] Got response: '1691387779.3346481'
client 2023-08-07 06:56:19,359 [INFO] The time difference between the client and the server is within range 22.152 ms..25.300 ms
client 2023-08-07 06:56:19,360 [INFO] Sending command to the server: 'session,2023-08-07_06-56-19,start,ranging'
client 2023-08-07 06:56:48,097 [INFO] Got response: 'OK'
client 2023-08-07 06:56:48,098 [INFO] Sending command to the server: 'time'
client 2023-08-07 06:56:48,101 [INFO] Got response: '1691387808.0709915'
client 2023-08-07 06:56:48,101 [INFO] The time difference between the client and the server is within range 27.015 ms..30.474 ms
client 2023-08-07 06:56:48,101 [INFO] Running the workload 'CM_MLPERF_RUN_COUNT=$(cat ${CM_RUN_DIR}/count.txt); echo ${CM_MLPERF_RUN_COUNT}; CM_MLPERF_RUN_COUNT=$((CM_MLPERF_RUN_COUNT+1)); echo ${CM_MLPERF_RUN_COUNT} > ${CM_RUN_DIR}/count.txt && if [ ${CM_MLPERF_RUN_COUNT} -eq "1" ]; then export CM_MLPERF_USER_CONF=${CM_MLPERF_RANGING_USER_CONF}; else export CM_MLPERF_USER_CONF=${CM_MLPERF_TESTING_USER_CONF}; fi && /mount/CM/repos/ctuning@mlcommons-ck/cm-mlops/script/run-all-mlperf-models/run.out'
client 2023-08-07 07:01:49,591 [INFO] Sending command to the server: 'time'
client 2023-08-07 07:01:49,594 [INFO] Got response: '1691388109.5666602'
client 2023-08-07 07:01:49,595 [INFO] The time difference between the client and the server is within range 24.695 ms..28.350 ms
client 2023-08-07 07:01:49,595 [INFO] Sending command to the server: 'session,2023-08-07_06-56-19,stop,ranging'
client 2023-08-07 07:02:00,616 [INFO] Got response: 'OK'
client 2023-08-07 07:02:00,616 [INFO] Sending command to the server: 'time'
client 2023-08-07 07:02:00,619 [INFO] Got response: '1691388120.5882037'
client 2023-08-07 07:02:00,619 [INFO] The time difference between the client and the server is within range 28.777 ms..30.934 ms
client 2023-08-07 07:02:00,622 [INFO] Copying loadgen logs from '/home/arjun/mobilenet_results/valid_results/orin-tflite_armnn_cpp-cpu-armnn_tflite-v23.05-using_neon/mobilenet-v1-precision_uint8-0.25-192/singlestream/performance/run_1' to '/home/arjun/mobilenet_results/valid_results/orin-tflite_armnn_cpp-cpu-armnn_tflite-v23.05-using_neon/mobilenet-v1-precision_uint8-0.25-192/singlestream/performance/tmp_power/ranging'
client 2023-08-07 07:02:00,623 [INFO] Running workload in testing mode
client 2023-08-07 07:02:00,623 [INFO] Synchronizing with the server and with time.google.com...
client 2023-08-07 07:02:00,639 [INFO] NTP:offset = -0.002 s, delay = 0.015 s 
client 2023-08-07 07:02:00,639 [INFO] Sending command to the server: 'time'
client 2023-08-07 07:02:00,642 [INFO] Got response: '1691388120.6088107'
client 2023-08-07 07:02:00,642 [INFO] The time difference between the client and the server is within range 30.843 ms..33.419 ms
client 2023-08-07 07:02:00,642 [INFO] Sending command to the server: 'session,2023-08-07_06-56-19,start,testing'
client 2023-08-07 07:02:13,692 [INFO] Got response: 'OK'
client 2023-08-07 07:02:13,692 [INFO] Sending command to the server: 'time'
client 2023-08-07 07:02:13,695 [INFO] Got response: '1691388133.6651595'
client 2023-08-07 07:02:13,695 [INFO] The time difference between the client and the server is within range 27.638 ms..30.453 ms
client 2023-08-07 07:02:13,695 [INFO] Running the workload 'CM_MLPERF_RUN_COUNT=$(cat ${CM_RUN_DIR}/count.txt); echo ${CM_MLPERF_RUN_COUNT}; CM_MLPERF_RUN_COUNT=$((CM_MLPERF_RUN_COUNT+1)); echo ${CM_MLPERF_RUN_COUNT} > ${CM_RUN_DIR}/count.txt && if [ ${CM_MLPERF_RUN_COUNT} -eq "1" ]; then export CM_MLPERF_USER_CONF=${CM_MLPERF_RANGING_USER_CONF}; else export CM_MLPERF_USER_CONF=${CM_MLPERF_TESTING_USER_CONF}; fi && /mount/CM/repos/ctuning@mlcommons-ck/cm-mlops/script/run-all-mlperf-models/run.out'
client 2023-08-07 07:12:16,120 [INFO] Sending command to the server: 'time'
client 2023-08-07 07:12:16,122 [INFO] Got response: '1691388736.0817542'
client 2023-08-07 07:12:16,122 [INFO] The time difference between the client and the server is within range 38.255 ms..41.166 ms
client 2023-08-07 07:12:16,123 [INFO] Sending command to the server: 'session,2023-08-07_06-56-19,stop,testing'
client 2023-08-07 07:12:27,078 [INFO] Got response: 'OK'
client 2023-08-07 07:12:27,078 [INFO] Sending command to the server: 'time'
client 2023-08-07 07:12:27,080 [INFO] Got response: '1691388747.0380497'
client 2023-08-07 07:12:27,080 [INFO] The time difference between the client and the server is within range 40.682 ms..42.396 ms
client 2023-08-07 07:12:27,081 [INFO] Copying loadgen logs from '/home/arjun/mobilenet_results/valid_results/orin-tflite_armnn_cpp-cpu-armnn_tflite-v23.05-using_neon/mobilenet-v1-precision_uint8-0.25-192/singlestream/performance/run_1' to '/home/arjun/mobilenet_results/valid_results/orin-tflite_armnn_cpp-cpu-armnn_tflite-v23.05-using_neon/mobilenet-v1-precision_uint8-0.25-192/singlestream/performance/tmp_power/run_1'
client 2023-08-07 07:12:27,081 [INFO] Done runs
