client 2023-07-11 06:46:05,579 [INFO] Creating output directory '/home/arjun/mobilenet_results/valid_results/orin-tflite_armnn_cpp-cpu-armnn_tflite-v22.11-using_neon/mobilenet-v1-precision_float-0.25-224/singlestream/performance/tmp_power'
client 2023-07-11 06:46:05,581 [INFO] Sending command to the server: 'mlcommons/power client v3'
client 2023-07-11 06:46:05,583 [INFO] Got response: 'mlcommons/power server v3'
client 2023-07-11 06:46:05,583 [INFO] Synchronizing with the server and with time.google.com...
client 2023-07-11 06:46:05,606 [INFO] NTP:offset = -0.009 s, delay = 0.019 s 
client 2023-07-11 06:46:05,606 [INFO] Sending command to the server: 'time'
client 2023-07-11 06:46:05,608 [INFO] Got response: '1689054365.5203125'
client 2023-07-11 06:46:05,608 [INFO] The time difference between the client and the server is within range 85.979 ms..88.495 ms
client 2023-07-11 06:46:05,608 [INFO] Sending command to the server: 'new,,66a4fb0d-577e-41d9-a714-353ea03c859e'
client 2023-07-11 06:46:05,611 [INFO] Got response: 'OK 2023-07-11_06-46-05,1029e0ae-a6ee-4649-9d22-4a54bb466560'
client 2023-07-11 06:46:05,611 [INFO] Session id is '2023-07-11_06-46-05'
client 2023-07-11 06:46:05,612 [INFO] Sources: {"sources": {"__init__.py": "da39a3ee5e6b4b0d3255bfef95601890afd80709", "client.py": "33ca4f26368777ac06e01f9567b714a4b8063886", "lib/__init__.py": "da39a3ee5e6b4b0d3255bfef95601890afd80709", "lib/client.py": "ac2aa093c8e8bbc9569b9e2a3471bc64e58a2258", "lib/common.py": "611d8b29633d331eb19c9455ea3b5fa3284ed6df", "lib/external/__init__.py": "da39a3ee5e6b4b0d3255bfef95601890afd80709", "lib/external/ntplib.py": "4da8f970656505a40483206ef2b5d3dd5e81711d", "lib/server.py": "c7af63c31bb2fbedea4345f571f6e3507d268ada", "lib/source_hashes.py": "60a2e02193209e8d392803326208d5466342da18", "lib/summary.py": "aa92f0a3f975eecd44d3c0cd0236342ccc9f941d", "lib/time_sync.py": "122eba67a9abc85635223e054def53be1367ade2", "server.py": "c3f90f2f7eeb4db30727556d0c815ebc89b3d28b", "tests/unit/__init__.py": "da39a3ee5e6b4b0d3255bfef95601890afd80709", "tests/unit/test_server.py": "948c1995d4008bc2aa6c4046a34ffa3858d6d671", "tests/unit/test_source_hashes.py": "00468a2907583c593e6574a1f6b404e4651c221a"}, "modules": {"ptd_client_server.lib.client": "lib/client.py", "ptd_client_server.lib.common": "lib/common.py", "ptd_client_server.lib.external.ntplib": "lib/external/ntplib.py", "ptd_client_server.lib.source_hashes": "lib/source_hashes.py", "ptd_client_server.lib.summary": "lib/summary.py", "ptd_client_server.lib.time_sync": "lib/time_sync.py"}}
client 2023-07-11 06:46:05,612 [INFO] Running workload in ranging mode
client 2023-07-11 06:46:05,612 [INFO] Synchronizing with the server and with time.google.com...
client 2023-07-11 06:46:05,629 [INFO] NTP:offset = -0.008 s, delay = 0.016 s 
client 2023-07-11 06:46:05,629 [INFO] Sending command to the server: 'time'
client 2023-07-11 06:46:05,632 [INFO] Got response: '1689054365.5402868'
client 2023-07-11 06:46:05,632 [INFO] The time difference between the client and the server is within range 88.816 ms..92.269 ms
client 2023-07-11 06:46:05,632 [INFO] Sending command to the server: 'session,2023-07-11_06-46-05,start,ranging'
client 2023-07-11 06:46:34,271 [INFO] Got response: 'OK'
client 2023-07-11 06:46:34,272 [INFO] Sending command to the server: 'time'
client 2023-07-11 06:46:34,276 [INFO] Got response: '1689054394.1912558'
client 2023-07-11 06:46:34,276 [INFO] The time difference between the client and the server is within range 81.234 ms..85.207 ms
client 2023-07-11 06:46:34,276 [INFO] Running the workload 'CM_MLPERF_RUN_COUNT=$(cat ${CM_RUN_DIR}/count.txt); echo ${CM_MLPERF_RUN_COUNT}; CM_MLPERF_RUN_COUNT=$((CM_MLPERF_RUN_COUNT+1)); echo ${CM_MLPERF_RUN_COUNT} > ${CM_RUN_DIR}/count.txt && if [ ${CM_MLPERF_RUN_COUNT} -eq "1" ]; then export CM_MLPERF_USER_CONF=${CM_MLPERF_RANGING_USER_CONF}; else export CM_MLPERF_USER_CONF=${CM_MLPERF_TESTING_USER_CONF}; fi && /home/arjun/run.out'
client 2023-07-11 06:51:35,965 [INFO] Sending command to the server: 'time'
client 2023-07-11 06:51:35,968 [INFO] Got response: '1689054695.8784757'
client 2023-07-11 06:51:35,968 [INFO] The time difference between the client and the server is within range 86.702 ms..90.015 ms
client 2023-07-11 06:51:35,968 [INFO] Sending command to the server: 'session,2023-07-11_06-46-05,stop,ranging'
client 2023-07-11 06:51:46,362 [INFO] Got response: 'OK'
client 2023-07-11 06:51:46,363 [INFO] Sending command to the server: 'time'
client 2023-07-11 06:51:46,367 [INFO] Got response: '1689054706.2745152'
client 2023-07-11 06:51:46,367 [INFO] The time difference between the client and the server is within range 89.182 ms..93.342 ms
client 2023-07-11 06:51:46,387 [INFO] Copying loadgen logs from '/home/arjun/mobilenet_results/valid_results/orin-tflite_armnn_cpp-cpu-armnn_tflite-v22.11-using_neon/mobilenet-v1-precision_float-0.25-224/singlestream/performance/run_1' to '/home/arjun/mobilenet_results/valid_results/orin-tflite_armnn_cpp-cpu-armnn_tflite-v22.11-using_neon/mobilenet-v1-precision_float-0.25-224/singlestream/performance/tmp_power/ranging'
client 2023-07-11 06:51:46,389 [INFO] Running workload in testing mode
client 2023-07-11 06:51:46,389 [INFO] Synchronizing with the server and with time.google.com...
client 2023-07-11 06:51:46,415 [INFO] NTP:offset = -0.009 s, delay = 0.021 s 
client 2023-07-11 06:51:46,415 [INFO] Sending command to the server: 'time'
client 2023-07-11 06:51:46,418 [INFO] Got response: '1689054706.334521'
client 2023-07-11 06:51:46,418 [INFO] The time difference between the client and the server is within range 81.292 ms..84.193 ms
client 2023-07-11 06:51:46,418 [INFO] Sending command to the server: 'session,2023-07-11_06-46-05,start,testing'
client 2023-07-11 06:51:59,456 [INFO] Got response: 'OK'
client 2023-07-11 06:51:59,457 [INFO] Sending command to the server: 'time'
client 2023-07-11 06:51:59,461 [INFO] Got response: '1689054719.3707514'
client 2023-07-11 06:51:59,461 [INFO] The time difference between the client and the server is within range 86.738 ms..90.853 ms
client 2023-07-11 06:51:59,461 [INFO] Running the workload 'CM_MLPERF_RUN_COUNT=$(cat ${CM_RUN_DIR}/count.txt); echo ${CM_MLPERF_RUN_COUNT}; CM_MLPERF_RUN_COUNT=$((CM_MLPERF_RUN_COUNT+1)); echo ${CM_MLPERF_RUN_COUNT} > ${CM_RUN_DIR}/count.txt && if [ ${CM_MLPERF_RUN_COUNT} -eq "1" ]; then export CM_MLPERF_USER_CONF=${CM_MLPERF_RANGING_USER_CONF}; else export CM_MLPERF_USER_CONF=${CM_MLPERF_TESTING_USER_CONF}; fi && /home/arjun/run.out'
client 2023-07-11 07:02:02,473 [INFO] Sending command to the server: 'time'
client 2023-07-11 07:02:02,476 [INFO] Got response: '1689055322.4597156'
client 2023-07-11 07:02:02,476 [INFO] The time difference between the client and the server is within range 13.162 ms..16.486 ms
client 2023-07-11 07:02:02,476 [INFO] Sending command to the server: 'session,2023-07-11_06-46-05,stop,testing'
client 2023-07-11 07:02:13,479 [INFO] Got response: 'OK'
client 2023-07-11 07:02:13,480 [INFO] Sending command to the server: 'time'
client 2023-07-11 07:02:13,484 [INFO] Got response: '1689055333.4653661'
client 2023-07-11 07:02:13,484 [INFO] The time difference between the client and the server is within range 15.205 ms..19.110 ms
client 2023-07-11 07:02:13,489 [INFO] Copying loadgen logs from '/home/arjun/mobilenet_results/valid_results/orin-tflite_armnn_cpp-cpu-armnn_tflite-v22.11-using_neon/mobilenet-v1-precision_float-0.25-224/singlestream/performance/run_1' to '/home/arjun/mobilenet_results/valid_results/orin-tflite_armnn_cpp-cpu-armnn_tflite-v22.11-using_neon/mobilenet-v1-precision_float-0.25-224/singlestream/performance/tmp_power/run_1'
client 2023-07-11 07:02:13,501 [INFO] Done runs
