client 2023-08-07 00:24:00,208 [INFO] Creating output directory '/home/arjun/mobilenet_results/valid_results/orin-tflite_armnn_cpp-cpu-armnn_tflite-v23.05-using_neon/mobilenet-v1-precision_uint8-1.0-192/singlestream/performance/tmp_power'
client 2023-08-07 00:24:00,211 [INFO] Sending command to the server: 'mlcommons/power client v3'
client 2023-08-07 00:24:00,219 [INFO] Got response: 'mlcommons/power server v3'
client 2023-08-07 00:24:00,219 [INFO] Synchronizing with the server and with time.google.com...
client 2023-08-07 00:24:00,235 [INFO] NTP:offset = 0.001 s, delay = 0.013 s 
client 2023-08-07 00:24:00,235 [INFO] Sending command to the server: 'time'
client 2023-08-07 00:24:00,241 [INFO] Got response: '1691364240.2734473'
client 2023-08-07 00:24:00,241 [INFO] The time difference between the client and the server is within range -37.845 ms..-32.051 ms
client 2023-08-07 00:24:00,241 [INFO] Sending command to the server: 'new,,6b7026bf-a90f-4edd-a849-f38b7df1ac9e'
client 2023-08-07 00:24:00,244 [INFO] Got response: 'OK 2023-08-07_00-24-00,97fcdeca-fbdf-4d3b-ad46-e8fcffe7cf07'
client 2023-08-07 00:24:00,244 [INFO] Session id is '2023-08-07_00-24-00'
client 2023-08-07 00:24:00,244 [INFO] Sources: {"sources": {"__init__.py": "da39a3ee5e6b4b0d3255bfef95601890afd80709", "client.py": "33ca4f26368777ac06e01f9567b714a4b8063886", "lib/__init__.py": "da39a3ee5e6b4b0d3255bfef95601890afd80709", "lib/client.py": "ac2aa093c8e8bbc9569b9e2a3471bc64e58a2258", "lib/common.py": "611d8b29633d331eb19c9455ea3b5fa3284ed6df", "lib/external/__init__.py": "da39a3ee5e6b4b0d3255bfef95601890afd80709", "lib/external/ntplib.py": "4da8f970656505a40483206ef2b5d3dd5e81711d", "lib/server.py": "c7af63c31bb2fbedea4345f571f6e3507d268ada", "lib/source_hashes.py": "60a2e02193209e8d392803326208d5466342da18", "lib/summary.py": "aa92f0a3f975eecd44d3c0cd0236342ccc9f941d", "lib/time_sync.py": "122eba67a9abc85635223e054def53be1367ade2", "server.py": "c3f90f2f7eeb4db30727556d0c815ebc89b3d28b", "tests/unit/__init__.py": "da39a3ee5e6b4b0d3255bfef95601890afd80709", "tests/unit/test_server.py": "948c1995d4008bc2aa6c4046a34ffa3858d6d671", "tests/unit/test_source_hashes.py": "00468a2907583c593e6574a1f6b404e4651c221a"}, "modules": {"ptd_client_server.lib.client": "lib/client.py", "ptd_client_server.lib.common": "lib/common.py", "ptd_client_server.lib.external.ntplib": "lib/external/ntplib.py", "ptd_client_server.lib.source_hashes": "lib/source_hashes.py", "ptd_client_server.lib.summary": "lib/summary.py", "ptd_client_server.lib.time_sync": "lib/time_sync.py"}}
client 2023-08-07 00:24:00,245 [INFO] Running workload in ranging mode
client 2023-08-07 00:24:00,245 [INFO] Synchronizing with the server and with time.google.com...
client 2023-08-07 00:24:00,259 [INFO] NTP:offset = 0.002 s, delay = 0.014 s 
client 2023-08-07 00:24:00,260 [INFO] Sending command to the server: 'time'
client 2023-08-07 00:24:00,269 [INFO] Got response: '1691364240.3030891'
client 2023-08-07 00:24:00,269 [INFO] The time difference between the client and the server is within range -43.034 ms..-33.587 ms
client 2023-08-07 00:24:00,269 [INFO] Sending command to the server: 'session,2023-08-07_00-24-00,start,ranging'
client 2023-08-07 00:24:28,985 [INFO] Got response: 'OK'
client 2023-08-07 00:24:28,986 [INFO] Sending command to the server: 'time'
client 2023-08-07 00:24:29,008 [INFO] Got response: '1691364269.0221915'
client 2023-08-07 00:24:29,008 [INFO] The time difference between the client and the server is within range -36.037 ms..-13.331 ms
client 2023-08-07 00:24:29,008 [INFO] Running the workload 'CM_MLPERF_RUN_COUNT=$(cat ${CM_RUN_DIR}/count.txt); echo ${CM_MLPERF_RUN_COUNT}; CM_MLPERF_RUN_COUNT=$((CM_MLPERF_RUN_COUNT+1)); echo ${CM_MLPERF_RUN_COUNT} > ${CM_RUN_DIR}/count.txt && if [ ${CM_MLPERF_RUN_COUNT} -eq "1" ]; then export CM_MLPERF_USER_CONF=${CM_MLPERF_RANGING_USER_CONF}; else export CM_MLPERF_USER_CONF=${CM_MLPERF_TESTING_USER_CONF}; fi && /mount/CM/repos/ctuning@mlcommons-ck/cm-mlops/script/run-all-mlperf-models/run.out'
client 2023-08-07 00:29:30,369 [INFO] Sending command to the server: 'time'
client 2023-08-07 00:29:30,373 [INFO] Got response: '1691364570.4089665'
client 2023-08-07 00:29:30,373 [INFO] The time difference between the client and the server is within range -39.654 ms..-35.640 ms
client 2023-08-07 00:29:30,373 [INFO] Sending command to the server: 'session,2023-08-07_00-24-00,stop,ranging'
client 2023-08-07 00:29:41,169 [INFO] Got response: 'OK'
client 2023-08-07 00:29:41,169 [INFO] Sending command to the server: 'time'
client 2023-08-07 00:29:41,172 [INFO] Got response: '1691364581.2093484'
client 2023-08-07 00:29:41,172 [INFO] The time difference between the client and the server is within range -39.859 ms..-37.161 ms
client 2023-08-07 00:29:41,175 [INFO] Copying loadgen logs from '/home/arjun/mobilenet_results/valid_results/orin-tflite_armnn_cpp-cpu-armnn_tflite-v23.05-using_neon/mobilenet-v1-precision_uint8-1.0-192/singlestream/performance/run_1' to '/home/arjun/mobilenet_results/valid_results/orin-tflite_armnn_cpp-cpu-armnn_tflite-v23.05-using_neon/mobilenet-v1-precision_uint8-1.0-192/singlestream/performance/tmp_power/ranging'
client 2023-08-07 00:29:41,176 [INFO] Running workload in testing mode
client 2023-08-07 00:29:41,176 [INFO] Synchronizing with the server and with time.google.com...
client 2023-08-07 00:29:41,191 [INFO] NTP:offset = 0.001 s, delay = 0.014 s 
client 2023-08-07 00:29:41,191 [INFO] Sending command to the server: 'time'
client 2023-08-07 00:29:41,194 [INFO] Got response: '1691364581.2297697'
client 2023-08-07 00:29:41,194 [INFO] The time difference between the client and the server is within range -37.915 ms..-35.295 ms
client 2023-08-07 00:29:41,194 [INFO] Sending command to the server: 'session,2023-08-07_00-24-00,start,testing'
client 2023-08-07 00:29:54,243 [INFO] Got response: 'OK'
client 2023-08-07 00:29:54,243 [INFO] Sending command to the server: 'time'
client 2023-08-07 00:29:54,248 [INFO] Got response: '1691364594.2834134'
client 2023-08-07 00:29:54,248 [INFO] The time difference between the client and the server is within range -39.673 ms..-35.131 ms
client 2023-08-07 00:29:54,248 [INFO] Running the workload 'CM_MLPERF_RUN_COUNT=$(cat ${CM_RUN_DIR}/count.txt); echo ${CM_MLPERF_RUN_COUNT}; CM_MLPERF_RUN_COUNT=$((CM_MLPERF_RUN_COUNT+1)); echo ${CM_MLPERF_RUN_COUNT} > ${CM_RUN_DIR}/count.txt && if [ ${CM_MLPERF_RUN_COUNT} -eq "1" ]; then export CM_MLPERF_USER_CONF=${CM_MLPERF_RANGING_USER_CONF}; else export CM_MLPERF_USER_CONF=${CM_MLPERF_TESTING_USER_CONF}; fi && /mount/CM/repos/ctuning@mlcommons-ck/cm-mlops/script/run-all-mlperf-models/run.out'
client 2023-08-07 00:39:56,589 [INFO] Sending command to the server: 'time'
client 2023-08-07 00:39:56,594 [INFO] Got response: '1691365196.6420078'
client 2023-08-07 00:39:56,594 [INFO] The time difference between the client and the server is within range -52.268 ms..-47.789 ms
client 2023-08-07 00:39:56,594 [INFO] Sending command to the server: 'session,2023-08-07_00-24-00,stop,testing'
client 2023-08-07 00:40:07,309 [INFO] Got response: 'OK'
client 2023-08-07 00:40:07,309 [INFO] Sending command to the server: 'time'
client 2023-08-07 00:40:07,313 [INFO] Got response: '1691365207.3585265'
client 2023-08-07 00:40:07,313 [INFO] The time difference between the client and the server is within range -49.137 ms..-44.966 ms
client 2023-08-07 00:40:07,314 [INFO] Copying loadgen logs from '/home/arjun/mobilenet_results/valid_results/orin-tflite_armnn_cpp-cpu-armnn_tflite-v23.05-using_neon/mobilenet-v1-precision_uint8-1.0-192/singlestream/performance/run_1' to '/home/arjun/mobilenet_results/valid_results/orin-tflite_armnn_cpp-cpu-armnn_tflite-v23.05-using_neon/mobilenet-v1-precision_uint8-1.0-192/singlestream/performance/tmp_power/run_1'
client 2023-08-07 00:40:07,315 [INFO] Done runs
