client 2023-08-07 11:34:15,461 [INFO] Creating output directory '/home/arjun/mobilenet_results/valid_results/orin-tflite_armnn_cpp-cpu-armnn_tflite-v23.05-using_neon/mobilenet-v2-precision_float-0.75-160/singlestream/performance/tmp_power'
client 2023-08-07 11:34:15,465 [INFO] Sending command to the server: 'mlcommons/power client v3'
client 2023-08-07 11:34:15,468 [INFO] Got response: 'mlcommons/power server v3'
client 2023-08-07 11:34:15,469 [INFO] Synchronizing with the server and with time.google.com...
client 2023-08-07 11:34:15,486 [INFO] NTP:offset = -0.001 s, delay = 0.014 s 
client 2023-08-07 11:34:15,486 [INFO] Sending command to the server: 'time'
client 2023-08-07 11:34:15,489 [INFO] Got response: '1691404455.379958'
client 2023-08-07 11:34:15,489 [INFO] The time difference between the client and the server is within range 106.917 ms..109.675 ms
client 2023-08-07 11:34:15,489 [INFO] Sending command to the server: 'new,,3ea79ff2-e163-4ada-bb53-500b191f9f91'
client 2023-08-07 11:34:15,492 [INFO] Got response: 'OK 2023-08-07_11-34-15,6d838437-9ca7-4293-8f8d-43f450c1a8d2'
client 2023-08-07 11:34:15,492 [INFO] Session id is '2023-08-07_11-34-15'
client 2023-08-07 11:34:15,493 [INFO] Sources: {"sources": {"__init__.py": "da39a3ee5e6b4b0d3255bfef95601890afd80709", "client.py": "33ca4f26368777ac06e01f9567b714a4b8063886", "lib/__init__.py": "da39a3ee5e6b4b0d3255bfef95601890afd80709", "lib/client.py": "ac2aa093c8e8bbc9569b9e2a3471bc64e58a2258", "lib/common.py": "611d8b29633d331eb19c9455ea3b5fa3284ed6df", "lib/external/__init__.py": "da39a3ee5e6b4b0d3255bfef95601890afd80709", "lib/external/ntplib.py": "4da8f970656505a40483206ef2b5d3dd5e81711d", "lib/server.py": "c7af63c31bb2fbedea4345f571f6e3507d268ada", "lib/source_hashes.py": "60a2e02193209e8d392803326208d5466342da18", "lib/summary.py": "aa92f0a3f975eecd44d3c0cd0236342ccc9f941d", "lib/time_sync.py": "122eba67a9abc85635223e054def53be1367ade2", "server.py": "c3f90f2f7eeb4db30727556d0c815ebc89b3d28b", "tests/unit/__init__.py": "da39a3ee5e6b4b0d3255bfef95601890afd80709", "tests/unit/test_server.py": "948c1995d4008bc2aa6c4046a34ffa3858d6d671", "tests/unit/test_source_hashes.py": "00468a2907583c593e6574a1f6b404e4651c221a"}, "modules": {"ptd_client_server.lib.client": "lib/client.py", "ptd_client_server.lib.common": "lib/common.py", "ptd_client_server.lib.external.ntplib": "lib/external/ntplib.py", "ptd_client_server.lib.source_hashes": "lib/source_hashes.py", "ptd_client_server.lib.summary": "lib/summary.py", "ptd_client_server.lib.time_sync": "lib/time_sync.py"}}
client 2023-08-07 11:34:15,493 [INFO] Running workload in ranging mode
client 2023-08-07 11:34:15,493 [INFO] Synchronizing with the server and with time.google.com...
client 2023-08-07 11:34:15,509 [INFO] NTP:offset = -0.000 s, delay = 0.016 s 
client 2023-08-07 11:34:15,510 [INFO] Sending command to the server: 'time'
client 2023-08-07 11:34:15,512 [INFO] Got response: '1691404455.4001596'
client 2023-08-07 11:34:15,512 [INFO] The time difference between the client and the server is within range 109.852 ms..112.359 ms
client 2023-08-07 11:34:15,512 [INFO] Sending command to the server: 'session,2023-08-07_11-34-15,start,ranging'
client 2023-08-07 11:34:44,231 [INFO] Got response: 'OK'
client 2023-08-07 11:34:44,231 [INFO] Sending command to the server: 'time'
client 2023-08-07 11:34:44,234 [INFO] Got response: '1691404484.12669'
client 2023-08-07 11:34:44,234 [INFO] The time difference between the client and the server is within range 105.174 ms..107.805 ms
client 2023-08-07 11:34:44,234 [INFO] Running the workload 'CM_MLPERF_RUN_COUNT=$(cat ${CM_RUN_DIR}/count.txt); echo ${CM_MLPERF_RUN_COUNT}; CM_MLPERF_RUN_COUNT=$((CM_MLPERF_RUN_COUNT+1)); echo ${CM_MLPERF_RUN_COUNT} > ${CM_RUN_DIR}/count.txt && if [ ${CM_MLPERF_RUN_COUNT} -eq "1" ]; then export CM_MLPERF_USER_CONF=${CM_MLPERF_RANGING_USER_CONF}; else export CM_MLPERF_USER_CONF=${CM_MLPERF_TESTING_USER_CONF}; fi && /mount/CM/repos/ctuning@mlcommons-ck/cm-mlops/script/run-all-mlperf-models/run.out'
client 2023-08-07 11:39:45,578 [INFO] Sending command to the server: 'time'
client 2023-08-07 11:39:45,581 [INFO] Got response: '1691404785.4747453'
client 2023-08-07 11:39:45,581 [INFO] The time difference between the client and the server is within range 103.979 ms..106.472 ms
client 2023-08-07 11:39:45,581 [INFO] Sending command to the server: 'session,2023-08-07_11-34-15,stop,ranging'
client 2023-08-07 11:39:56,455 [INFO] Got response: 'OK'
client 2023-08-07 11:39:56,455 [INFO] Sending command to the server: 'time'
client 2023-08-07 11:39:56,458 [INFO] Got response: '1691404796.3475497'
client 2023-08-07 11:39:56,459 [INFO] The time difference between the client and the server is within range 108.288 ms..111.470 ms
client 2023-08-07 11:39:56,462 [INFO] Copying loadgen logs from '/home/arjun/mobilenet_results/valid_results/orin-tflite_armnn_cpp-cpu-armnn_tflite-v23.05-using_neon/mobilenet-v2-precision_float-0.75-160/singlestream/performance/run_1' to '/home/arjun/mobilenet_results/valid_results/orin-tflite_armnn_cpp-cpu-armnn_tflite-v23.05-using_neon/mobilenet-v2-precision_float-0.75-160/singlestream/performance/tmp_power/ranging'
client 2023-08-07 11:39:56,463 [INFO] Running workload in testing mode
client 2023-08-07 11:39:56,463 [INFO] Synchronizing with the server and with time.google.com...
client 2023-08-07 11:39:56,476 [INFO] NTP:offset = -0.001 s, delay = 0.012 s 
client 2023-08-07 11:39:56,476 [INFO] Sending command to the server: 'time'
client 2023-08-07 11:39:56,479 [INFO] Got response: '1691404796.368531'
client 2023-08-07 11:39:56,479 [INFO] The time difference between the client and the server is within range 108.424 ms..111.318 ms
client 2023-08-07 11:39:56,479 [INFO] Sending command to the server: 'session,2023-08-07_11-34-15,start,testing'
client 2023-08-07 11:40:09,522 [INFO] Got response: 'OK'
client 2023-08-07 11:40:09,522 [INFO] Sending command to the server: 'time'
client 2023-08-07 11:40:09,526 [INFO] Got response: '1691404809.4112663'
client 2023-08-07 11:40:09,526 [INFO] The time difference between the client and the server is within range 111.673 ms..115.149 ms
client 2023-08-07 11:40:09,526 [INFO] Running the workload 'CM_MLPERF_RUN_COUNT=$(cat ${CM_RUN_DIR}/count.txt); echo ${CM_MLPERF_RUN_COUNT}; CM_MLPERF_RUN_COUNT=$((CM_MLPERF_RUN_COUNT+1)); echo ${CM_MLPERF_RUN_COUNT} > ${CM_RUN_DIR}/count.txt && if [ ${CM_MLPERF_RUN_COUNT} -eq "1" ]; then export CM_MLPERF_USER_CONF=${CM_MLPERF_RANGING_USER_CONF}; else export CM_MLPERF_USER_CONF=${CM_MLPERF_TESTING_USER_CONF}; fi && /mount/CM/repos/ctuning@mlcommons-ck/cm-mlops/script/run-all-mlperf-models/run.out'
client 2023-08-07 11:50:11,649 [INFO] Sending command to the server: 'time'
client 2023-08-07 11:50:11,654 [INFO] Got response: '1691405411.5399003'
client 2023-08-07 11:50:11,654 [INFO] The time difference between the client and the server is within range 110.044 ms..114.322 ms
client 2023-08-07 11:50:11,654 [INFO] Sending command to the server: 'session,2023-08-07_11-34-15,stop,testing'
client 2023-08-07 11:50:22,920 [INFO] Got response: 'OK'
client 2023-08-07 11:50:22,920 [INFO] Sending command to the server: 'time'
client 2023-08-07 11:50:22,922 [INFO] Got response: '1691405422.8056812'
client 2023-08-07 11:50:22,922 [INFO] The time difference between the client and the server is within range 115.278 ms..117.111 ms
client 2023-08-07 11:50:22,923 [INFO] Copying loadgen logs from '/home/arjun/mobilenet_results/valid_results/orin-tflite_armnn_cpp-cpu-armnn_tflite-v23.05-using_neon/mobilenet-v2-precision_float-0.75-160/singlestream/performance/run_1' to '/home/arjun/mobilenet_results/valid_results/orin-tflite_armnn_cpp-cpu-armnn_tflite-v23.05-using_neon/mobilenet-v2-precision_float-0.75-160/singlestream/performance/tmp_power/run_1'
client 2023-08-07 11:50:22,924 [INFO] Done runs
