client 2023-07-13 12:50:57,523 [INFO] Creating output directory '/home/arjun/mobilenet_results/valid_results/orin-tflite_armnn_cpp-cpu-armnn_tflite-v23.05-using_neon/mobilenet-v1-precision_uint8-0.25-160/singlestream/performance/tmp_power'
client 2023-07-13 12:50:57,525 [INFO] Sending command to the server: 'mlcommons/power client v3'
client 2023-07-13 12:50:57,528 [INFO] Got response: 'mlcommons/power server v3'
client 2023-07-13 12:50:57,528 [INFO] Synchronizing with the server and with time.google.com...
client 2023-07-13 12:50:57,549 [INFO] NTP:offset = -0.009 s, delay = 0.016 s 
client 2023-07-13 12:50:57,549 [INFO] Sending command to the server: 'time'
client 2023-07-13 12:50:57,553 [INFO] Got response: '1689249057.467858'
client 2023-07-13 12:50:57,553 [INFO] The time difference between the client and the server is within range 81.625 ms..85.421 ms
client 2023-07-13 12:50:57,553 [INFO] Sending command to the server: 'new,,26323510-0637-47a9-843a-37a94d93beaa'
client 2023-07-13 12:50:57,556 [INFO] Got response: 'OK 2023-07-13_12-50-57,f3172d45-0f5f-4d31-89e3-c0db5ba83853'
client 2023-07-13 12:50:57,556 [INFO] Session id is '2023-07-13_12-50-57'
client 2023-07-13 12:50:57,556 [INFO] Sources: {"sources": {"__init__.py": "da39a3ee5e6b4b0d3255bfef95601890afd80709", "client.py": "33ca4f26368777ac06e01f9567b714a4b8063886", "lib/__init__.py": "da39a3ee5e6b4b0d3255bfef95601890afd80709", "lib/client.py": "ac2aa093c8e8bbc9569b9e2a3471bc64e58a2258", "lib/common.py": "611d8b29633d331eb19c9455ea3b5fa3284ed6df", "lib/external/__init__.py": "da39a3ee5e6b4b0d3255bfef95601890afd80709", "lib/external/ntplib.py": "4da8f970656505a40483206ef2b5d3dd5e81711d", "lib/server.py": "c7af63c31bb2fbedea4345f571f6e3507d268ada", "lib/source_hashes.py": "60a2e02193209e8d392803326208d5466342da18", "lib/summary.py": "aa92f0a3f975eecd44d3c0cd0236342ccc9f941d", "lib/time_sync.py": "122eba67a9abc85635223e054def53be1367ade2", "server.py": "c3f90f2f7eeb4db30727556d0c815ebc89b3d28b", "tests/unit/__init__.py": "da39a3ee5e6b4b0d3255bfef95601890afd80709", "tests/unit/test_server.py": "948c1995d4008bc2aa6c4046a34ffa3858d6d671", "tests/unit/test_source_hashes.py": "00468a2907583c593e6574a1f6b404e4651c221a"}, "modules": {"ptd_client_server.lib.client": "lib/client.py", "ptd_client_server.lib.common": "lib/common.py", "ptd_client_server.lib.external.ntplib": "lib/external/ntplib.py", "ptd_client_server.lib.source_hashes": "lib/source_hashes.py", "ptd_client_server.lib.summary": "lib/summary.py", "ptd_client_server.lib.time_sync": "lib/time_sync.py"}}
client 2023-07-13 12:50:57,556 [INFO] Running workload in ranging mode
client 2023-07-13 12:50:57,556 [INFO] Synchronizing with the server and with time.google.com...
client 2023-07-13 12:50:57,573 [INFO] NTP:offset = -0.010 s, delay = 0.015 s 
client 2023-07-13 12:50:57,573 [INFO] Sending command to the server: 'time'
client 2023-07-13 12:50:57,576 [INFO] Got response: '1689249057.4974887'
client 2023-07-13 12:50:57,576 [INFO] The time difference between the client and the server is within range 76.002 ms..78.820 ms
client 2023-07-13 12:50:57,576 [INFO] Sending command to the server: 'session,2023-07-13_12-50-57,start,ranging'
client 2023-07-13 12:51:26,524 [INFO] Got response: 'OK'
client 2023-07-13 12:51:26,525 [INFO] Sending command to the server: 'time'
client 2023-07-13 12:51:26,536 [INFO] Got response: '1689249086.4499767'
client 2023-07-13 12:51:26,536 [INFO] The time difference between the client and the server is within range 75.489 ms..86.579 ms
client 2023-07-13 12:51:26,536 [INFO] Running the workload 'CM_MLPERF_RUN_COUNT=$(cat ${CM_RUN_DIR}/count.txt); echo ${CM_MLPERF_RUN_COUNT}; CM_MLPERF_RUN_COUNT=$((CM_MLPERF_RUN_COUNT+1)); echo ${CM_MLPERF_RUN_COUNT} > ${CM_RUN_DIR}/count.txt && if [ ${CM_MLPERF_RUN_COUNT} -eq "1" ]; then export CM_MLPERF_USER_CONF=${CM_MLPERF_RANGING_USER_CONF}; else export CM_MLPERF_USER_CONF=${CM_MLPERF_TESTING_USER_CONF}; fi && /home/arjun/run.out'
client 2023-07-13 12:56:28,282 [INFO] Sending command to the server: 'time'
client 2023-07-13 12:56:28,287 [INFO] Got response: '1689249388.2083833'
client 2023-07-13 12:56:28,287 [INFO] The time difference between the client and the server is within range 74.311 ms..79.331 ms
client 2023-07-13 12:56:28,287 [INFO] Sending command to the server: 'session,2023-07-13_12-50-57,stop,ranging'
client 2023-07-13 12:56:38,664 [INFO] Got response: 'OK'
client 2023-07-13 12:56:38,665 [INFO] Sending command to the server: 'time'
client 2023-07-13 12:56:38,669 [INFO] Got response: '1689249398.587346'
client 2023-07-13 12:56:38,669 [INFO] The time difference between the client and the server is within range 78.441 ms..82.508 ms
client 2023-07-13 12:56:38,700 [INFO] Copying loadgen logs from '/home/arjun/mobilenet_results/valid_results/orin-tflite_armnn_cpp-cpu-armnn_tflite-v23.05-using_neon/mobilenet-v1-precision_uint8-0.25-160/singlestream/performance/run_1' to '/home/arjun/mobilenet_results/valid_results/orin-tflite_armnn_cpp-cpu-armnn_tflite-v23.05-using_neon/mobilenet-v1-precision_uint8-0.25-160/singlestream/performance/tmp_power/ranging'
client 2023-07-13 12:56:38,702 [INFO] Running workload in testing mode
client 2023-07-13 12:56:38,703 [INFO] Synchronizing with the server and with time.google.com...
client 2023-07-13 12:56:38,739 [INFO] NTP:offset = -0.011 s, delay = 0.018 s 
client 2023-07-13 12:56:38,740 [INFO] Sending command to the server: 'time'
client 2023-07-13 12:56:38,744 [INFO] Got response: '1689249398.6586895'
client 2023-07-13 12:56:38,745 [INFO] The time difference between the client and the server is within range 81.413 ms..86.338 ms
client 2023-07-13 12:56:38,745 [INFO] Sending command to the server: 'session,2023-07-13_12-50-57,start,testing'
client 2023-07-13 12:56:51,795 [INFO] Got response: 'OK'
client 2023-07-13 12:56:51,796 [INFO] Sending command to the server: 'time'
client 2023-07-13 12:56:51,801 [INFO] Got response: '1689249411.7145536'
client 2023-07-13 12:56:51,801 [INFO] The time difference between the client and the server is within range 81.888 ms..87.306 ms
client 2023-07-13 12:56:51,802 [INFO] Running the workload 'CM_MLPERF_RUN_COUNT=$(cat ${CM_RUN_DIR}/count.txt); echo ${CM_MLPERF_RUN_COUNT}; CM_MLPERF_RUN_COUNT=$((CM_MLPERF_RUN_COUNT+1)); echo ${CM_MLPERF_RUN_COUNT} > ${CM_RUN_DIR}/count.txt && if [ ${CM_MLPERF_RUN_COUNT} -eq "1" ]; then export CM_MLPERF_USER_CONF=${CM_MLPERF_RANGING_USER_CONF}; else export CM_MLPERF_USER_CONF=${CM_MLPERF_TESTING_USER_CONF}; fi && /home/arjun/run.out'
client 2023-07-13 13:06:55,166 [INFO] Sending command to the server: 'time'
client 2023-07-13 13:06:55,170 [INFO] Got response: '1689250015.0853643'
client 2023-07-13 13:06:55,170 [INFO] The time difference between the client and the server is within range 81.156 ms..85.050 ms
client 2023-07-13 13:06:55,170 [INFO] Sending command to the server: 'session,2023-07-13_12-50-57,stop,testing'
client 2023-07-13 13:07:06,284 [INFO] Got response: 'OK'
client 2023-07-13 13:07:06,285 [INFO] Sending command to the server: 'time'
client 2023-07-13 13:07:06,289 [INFO] Got response: '1689250026.2057488'
client 2023-07-13 13:07:06,290 [INFO] The time difference between the client and the server is within range 79.926 ms..84.623 ms
client 2023-07-13 13:07:06,295 [INFO] Copying loadgen logs from '/home/arjun/mobilenet_results/valid_results/orin-tflite_armnn_cpp-cpu-armnn_tflite-v23.05-using_neon/mobilenet-v1-precision_uint8-0.25-160/singlestream/performance/run_1' to '/home/arjun/mobilenet_results/valid_results/orin-tflite_armnn_cpp-cpu-armnn_tflite-v23.05-using_neon/mobilenet-v1-precision_uint8-0.25-160/singlestream/performance/tmp_power/run_1'
client 2023-07-13 13:07:06,297 [INFO] Done runs
