client 2023-07-30 19:40:39,544 [INFO] Creating output directory '/home/arjun/results_dir/valid_results/orin-nvidia_original-gpu-tensorrt-vdefault-default_config/rnnt/singlestream/performance/tmp_power'
client 2023-07-30 19:40:39,547 [INFO] Sending command to the server: 'mlcommons/power client v3'
client 2023-07-30 19:40:39,550 [INFO] Got response: 'mlcommons/power server v3'
client 2023-07-30 19:40:39,550 [INFO] Synchronizing with the server and with time.google.com...
client 2023-07-30 19:40:39,568 [INFO] NTP:offset = 0.001 s, delay = 0.015 s 
client 2023-07-30 19:40:39,568 [INFO] Sending command to the server: 'time'
client 2023-07-30 19:40:39,572 [INFO] Got response: '1690742439.5444307'
client 2023-07-30 19:40:39,572 [INFO] The time difference between the client and the server is within range 24.167 ms..27.982 ms
client 2023-07-30 19:40:39,572 [INFO] Sending command to the server: 'new,,1f914392-d21b-4504-a54d-fa31a382f6bd'
client 2023-07-30 19:40:39,576 [INFO] Got response: 'OK 2023-07-30_19-40-39,2ccf85ac-e2a7-4306-9f08-177a45c9977e'
client 2023-07-30 19:40:39,576 [INFO] Session id is '2023-07-30_19-40-39'
client 2023-07-30 19:40:39,576 [INFO] Sources: {"sources": {"__init__.py": "da39a3ee5e6b4b0d3255bfef95601890afd80709", "client.py": "33ca4f26368777ac06e01f9567b714a4b8063886", "lib/__init__.py": "da39a3ee5e6b4b0d3255bfef95601890afd80709", "lib/client.py": "ac2aa093c8e8bbc9569b9e2a3471bc64e58a2258", "lib/common.py": "611d8b29633d331eb19c9455ea3b5fa3284ed6df", "lib/external/__init__.py": "da39a3ee5e6b4b0d3255bfef95601890afd80709", "lib/external/ntplib.py": "4da8f970656505a40483206ef2b5d3dd5e81711d", "lib/server.py": "c7af63c31bb2fbedea4345f571f6e3507d268ada", "lib/source_hashes.py": "60a2e02193209e8d392803326208d5466342da18", "lib/summary.py": "aa92f0a3f975eecd44d3c0cd0236342ccc9f941d", "lib/time_sync.py": "122eba67a9abc85635223e054def53be1367ade2", "server.py": "c3f90f2f7eeb4db30727556d0c815ebc89b3d28b", "tests/unit/__init__.py": "da39a3ee5e6b4b0d3255bfef95601890afd80709", "tests/unit/test_server.py": "948c1995d4008bc2aa6c4046a34ffa3858d6d671", "tests/unit/test_source_hashes.py": "00468a2907583c593e6574a1f6b404e4651c221a"}, "modules": {"ptd_client_server.lib.client": "lib/client.py", "ptd_client_server.lib.common": "lib/common.py", "ptd_client_server.lib.external.ntplib": "lib/external/ntplib.py", "ptd_client_server.lib.source_hashes": "lib/source_hashes.py", "ptd_client_server.lib.summary": "lib/summary.py", "ptd_client_server.lib.time_sync": "lib/time_sync.py"}}
client 2023-07-30 19:40:39,576 [INFO] Running workload in ranging mode
client 2023-07-30 19:40:39,576 [INFO] Synchronizing with the server and with time.google.com...
client 2023-07-30 19:40:39,593 [INFO] NTP:offset = 0.002 s, delay = 0.015 s 
client 2023-07-30 19:40:39,593 [INFO] Sending command to the server: 'time'
client 2023-07-30 19:40:39,599 [INFO] Got response: '1690742439.564374'
client 2023-07-30 19:40:39,599 [INFO] The time difference between the client and the server is within range 28.804 ms..34.980 ms
client 2023-07-30 19:40:39,599 [INFO] Sending command to the server: 'session,2023-07-30_19-40-39,start,ranging'
client 2023-07-30 19:41:08,288 [INFO] Got response: 'OK'
client 2023-07-30 19:41:08,288 [INFO] Sending command to the server: 'time'
client 2023-07-30 19:41:08,292 [INFO] Got response: '1690742468.2588668'
client 2023-07-30 19:41:08,292 [INFO] The time difference between the client and the server is within range 29.458 ms..33.381 ms
client 2023-07-30 19:41:08,292 [INFO] Running the workload 'CM_MLPERF_RUN_COUNT=$(cat ${CM_RUN_DIR}/count.txt); echo ${CM_MLPERF_RUN_COUNT}; CM_MLPERF_RUN_COUNT=$((CM_MLPERF_RUN_COUNT+1)); echo ${CM_MLPERF_RUN_COUNT} > ${CM_RUN_DIR}/count.txt && if [ ${CM_MLPERF_RUN_COUNT} -eq "1" ]; then export CM_MLPERF_USER_CONF=${CM_MLPERF_RANGING_USER_CONF}; else export CM_MLPERF_USER_CONF=${CM_MLPERF_TESTING_USER_CONF}; fi && make run_harness RUN_ARGS=" --benchmarks=rnnt --scenarios=singlestream --test_mode=PerformanceOnly --offline_expected_qps=1100 --single_stream_expected_latency_ns=50000000 --user_conf_path=${CM_MLPERF_USER_CONF} --mlperf_conf_path=/mount/CM/repos/local/cache/cedb99c765c24b90/inference/mlperf.conf --gpu_batch_size=1 --num_warmups=1 --no_audit_verify "'
client 2023-07-30 19:46:39,139 [INFO] Sending command to the server: 'time'
client 2023-07-30 19:46:39,144 [INFO] Got response: '1690742799.1107807'
client 2023-07-30 19:46:39,145 [INFO] The time difference between the client and the server is within range 28.536 ms..34.199 ms
client 2023-07-30 19:46:39,145 [INFO] Sending command to the server: 'session,2023-07-30_19-40-39,stop,ranging'
client 2023-07-30 19:46:49,976 [INFO] Got response: 'OK'
client 2023-07-30 19:46:49,976 [INFO] Sending command to the server: 'time'
client 2023-07-30 19:46:49,981 [INFO] Got response: '1690742809.9478316'
client 2023-07-30 19:46:49,981 [INFO] The time difference between the client and the server is within range 28.432 ms..33.834 ms
client 2023-07-30 19:46:49,985 [INFO] Copying loadgen logs from '/home/arjun/results_dir/valid_results/orin-nvidia_original-gpu-tensorrt-vdefault-default_config/rnnt/singlestream/performance/run_1' to '/home/arjun/results_dir/valid_results/orin-nvidia_original-gpu-tensorrt-vdefault-default_config/rnnt/singlestream/performance/tmp_power/ranging'
client 2023-07-30 19:46:49,986 [INFO] Running workload in testing mode
client 2023-07-30 19:46:49,986 [INFO] Synchronizing with the server and with time.google.com...
client 2023-07-30 19:46:50,004 [INFO] NTP:offset = 0.002 s, delay = 0.017 s 
client 2023-07-30 19:46:50,004 [INFO] Sending command to the server: 'time'
client 2023-07-30 19:46:50,007 [INFO] Got response: '1690742809.978238'
client 2023-07-30 19:46:50,007 [INFO] The time difference between the client and the server is within range 25.886 ms..29.013 ms
client 2023-07-30 19:46:50,007 [INFO] Sending command to the server: 'session,2023-07-30_19-40-39,start,testing'
client 2023-07-30 19:47:03,050 [INFO] Got response: 'OK'
client 2023-07-30 19:47:03,050 [INFO] Sending command to the server: 'time'
client 2023-07-30 19:47:03,054 [INFO] Got response: '1690742823.0182858'
client 2023-07-30 19:47:03,054 [INFO] The time difference between the client and the server is within range 32.499 ms..36.401 ms
client 2023-07-30 19:47:03,054 [INFO] Running the workload 'CM_MLPERF_RUN_COUNT=$(cat ${CM_RUN_DIR}/count.txt); echo ${CM_MLPERF_RUN_COUNT}; CM_MLPERF_RUN_COUNT=$((CM_MLPERF_RUN_COUNT+1)); echo ${CM_MLPERF_RUN_COUNT} > ${CM_RUN_DIR}/count.txt && if [ ${CM_MLPERF_RUN_COUNT} -eq "1" ]; then export CM_MLPERF_USER_CONF=${CM_MLPERF_RANGING_USER_CONF}; else export CM_MLPERF_USER_CONF=${CM_MLPERF_TESTING_USER_CONF}; fi && make run_harness RUN_ARGS=" --benchmarks=rnnt --scenarios=singlestream --test_mode=PerformanceOnly --offline_expected_qps=1100 --single_stream_expected_latency_ns=50000000 --user_conf_path=${CM_MLPERF_USER_CONF} --mlperf_conf_path=/mount/CM/repos/local/cache/cedb99c765c24b90/inference/mlperf.conf --gpu_batch_size=1 --num_warmups=1 --no_audit_verify "'
client 2023-07-30 19:57:14,959 [INFO] Sending command to the server: 'time'
client 2023-07-30 19:57:14,961 [INFO] Got response: '1690743434.9319968'
client 2023-07-30 19:57:14,962 [INFO] The time difference between the client and the server is within range 26.919 ms..29.995 ms
client 2023-07-30 19:57:14,962 [INFO] Sending command to the server: 'session,2023-07-30_19-40-39,stop,testing'
client 2023-07-30 19:57:25,113 [INFO] Got response: 'OK'
client 2023-07-30 19:57:25,113 [INFO] Sending command to the server: 'time'
client 2023-07-30 19:57:25,115 [INFO] Got response: '1690743445.0786111'
client 2023-07-30 19:57:25,115 [INFO] The time difference between the client and the server is within range 34.841 ms..36.749 ms
client 2023-07-30 19:57:25,116 [INFO] Copying loadgen logs from '/home/arjun/results_dir/valid_results/orin-nvidia_original-gpu-tensorrt-vdefault-default_config/rnnt/singlestream/performance/run_1' to '/home/arjun/results_dir/valid_results/orin-nvidia_original-gpu-tensorrt-vdefault-default_config/rnnt/singlestream/performance/tmp_power/run_1'
client 2023-07-30 19:57:25,116 [INFO] Done runs
