client 2023-08-05 22:01:11,675 [INFO] Creating output directory '/home/arjun/mobilenet_results/valid_results/orin-tflite_cpp-cpu-tflite-vmaster-default_config/mobilenet-v1-precision_uint8-0.75-224/singlestream/performance/tmp_power'
client 2023-08-05 22:01:11,678 [INFO] Sending command to the server: 'mlcommons/power client v3'
client 2023-08-05 22:01:11,681 [INFO] Got response: 'mlcommons/power server v3'
client 2023-08-05 22:01:11,681 [INFO] Synchronizing with the server and with time.google.com...
client 2023-08-05 22:01:11,699 [INFO] NTP:offset = 0.001 s, delay = 0.015 s 
client 2023-08-05 22:01:11,699 [INFO] Sending command to the server: 'time'
client 2023-08-05 22:01:11,703 [INFO] Got response: '1691269271.5685933'
client 2023-08-05 22:01:11,703 [INFO] The time difference between the client and the server is within range 130.978 ms..134.474 ms
client 2023-08-05 22:01:11,703 [INFO] Sending command to the server: 'new,,9f96c0a8-e01d-4b13-82a9-8e94bc834fdc'
client 2023-08-05 22:01:11,708 [INFO] Got response: 'OK 2023-08-05_22-01-11,4601382c-6f76-48fd-b8ce-52c27aad1008'
client 2023-08-05 22:01:11,708 [INFO] Session id is '2023-08-05_22-01-11'
client 2023-08-05 22:01:11,709 [INFO] Sources: {"sources": {"__init__.py": "da39a3ee5e6b4b0d3255bfef95601890afd80709", "client.py": "33ca4f26368777ac06e01f9567b714a4b8063886", "lib/__init__.py": "da39a3ee5e6b4b0d3255bfef95601890afd80709", "lib/client.py": "ac2aa093c8e8bbc9569b9e2a3471bc64e58a2258", "lib/common.py": "611d8b29633d331eb19c9455ea3b5fa3284ed6df", "lib/external/__init__.py": "da39a3ee5e6b4b0d3255bfef95601890afd80709", "lib/external/ntplib.py": "4da8f970656505a40483206ef2b5d3dd5e81711d", "lib/server.py": "c7af63c31bb2fbedea4345f571f6e3507d268ada", "lib/source_hashes.py": "60a2e02193209e8d392803326208d5466342da18", "lib/summary.py": "aa92f0a3f975eecd44d3c0cd0236342ccc9f941d", "lib/time_sync.py": "122eba67a9abc85635223e054def53be1367ade2", "server.py": "c3f90f2f7eeb4db30727556d0c815ebc89b3d28b", "tests/unit/__init__.py": "da39a3ee5e6b4b0d3255bfef95601890afd80709", "tests/unit/test_server.py": "948c1995d4008bc2aa6c4046a34ffa3858d6d671", "tests/unit/test_source_hashes.py": "00468a2907583c593e6574a1f6b404e4651c221a"}, "modules": {"ptd_client_server.lib.client": "lib/client.py", "ptd_client_server.lib.common": "lib/common.py", "ptd_client_server.lib.external.ntplib": "lib/external/ntplib.py", "ptd_client_server.lib.source_hashes": "lib/source_hashes.py", "ptd_client_server.lib.summary": "lib/summary.py", "ptd_client_server.lib.time_sync": "lib/time_sync.py"}}
client 2023-08-05 22:01:11,709 [INFO] Running workload in ranging mode
client 2023-08-05 22:01:11,709 [INFO] Synchronizing with the server and with time.google.com...
client 2023-08-05 22:01:11,724 [INFO] NTP:offset = -0.001 s, delay = 0.014 s 
client 2023-08-05 22:01:11,724 [INFO] Sending command to the server: 'time'
client 2023-08-05 22:01:11,735 [INFO] Got response: '1691269271.5891638'
client 2023-08-05 22:01:11,735 [INFO] The time difference between the client and the server is within range 135.763 ms..146.034 ms
client 2023-08-05 22:01:11,735 [INFO] Sending command to the server: 'session,2023-08-05_22-01-11,start,ranging'
client 2023-08-05 22:01:40,411 [INFO] Got response: 'OK'
client 2023-08-05 22:01:40,411 [INFO] Sending command to the server: 'time'
client 2023-08-05 22:01:40,434 [INFO] Got response: '1691269300.28425'
client 2023-08-05 22:01:40,434 [INFO] The time difference between the client and the server is within range 127.627 ms..150.202 ms
client 2023-08-05 22:01:40,434 [INFO] Running the workload 'CM_MLPERF_RUN_COUNT=$(cat ${CM_RUN_DIR}/count.txt); echo ${CM_MLPERF_RUN_COUNT}; CM_MLPERF_RUN_COUNT=$((CM_MLPERF_RUN_COUNT+1)); echo ${CM_MLPERF_RUN_COUNT} > ${CM_RUN_DIR}/count.txt && if [ ${CM_MLPERF_RUN_COUNT} -eq "1" ]; then export CM_MLPERF_USER_CONF=${CM_MLPERF_RANGING_USER_CONF}; else export CM_MLPERF_USER_CONF=${CM_MLPERF_TESTING_USER_CONF}; fi && /mount/CM/repos/ctuning@mlcommons-ck/cm-mlops/script/run-all-mlperf-models/run.out'
client 2023-08-05 22:06:41,715 [INFO] Sending command to the server: 'time'
client 2023-08-05 22:06:41,720 [INFO] Got response: '1691269601.581835'
client 2023-08-05 22:06:41,720 [INFO] The time difference between the client and the server is within range 133.841 ms..138.513 ms
client 2023-08-05 22:06:41,720 [INFO] Sending command to the server: 'session,2023-08-05_22-01-11,stop,ranging'
client 2023-08-05 22:06:52,636 [INFO] Got response: 'OK'
client 2023-08-05 22:06:52,636 [INFO] Sending command to the server: 'time'
client 2023-08-05 22:06:52,640 [INFO] Got response: '1691269612.501199'
client 2023-08-05 22:06:52,640 [INFO] The time difference between the client and the server is within range 135.247 ms..139.366 ms
client 2023-08-05 22:06:52,644 [INFO] Copying loadgen logs from '/home/arjun/mobilenet_results/valid_results/orin-tflite_cpp-cpu-tflite-vmaster-default_config/mobilenet-v1-precision_uint8-0.75-224/singlestream/performance/run_1' to '/home/arjun/mobilenet_results/valid_results/orin-tflite_cpp-cpu-tflite-vmaster-default_config/mobilenet-v1-precision_uint8-0.75-224/singlestream/performance/tmp_power/ranging'
client 2023-08-05 22:06:52,644 [INFO] Running workload in testing mode
client 2023-08-05 22:06:52,645 [INFO] Synchronizing with the server and with time.google.com...
client 2023-08-05 22:06:52,661 [INFO] NTP:offset = -0.001 s, delay = 0.015 s 
client 2023-08-05 22:06:52,661 [INFO] Sending command to the server: 'time'
client 2023-08-05 22:06:52,666 [INFO] Got response: '1691269612.5216298'
client 2023-08-05 22:06:52,666 [INFO] The time difference between the client and the server is within range 139.601 ms..145.312 ms
client 2023-08-05 22:06:52,667 [INFO] Sending command to the server: 'session,2023-08-05_22-01-11,start,testing'
client 2023-08-05 22:07:05,726 [INFO] Got response: 'OK'
client 2023-08-05 22:07:05,726 [INFO] Sending command to the server: 'time'
client 2023-08-05 22:07:05,750 [INFO] Got response: '1691269625.595519'
client 2023-08-05 22:07:05,750 [INFO] The time difference between the client and the server is within range 131.151 ms..155.435 ms
client 2023-08-05 22:07:05,751 [INFO] Running the workload 'CM_MLPERF_RUN_COUNT=$(cat ${CM_RUN_DIR}/count.txt); echo ${CM_MLPERF_RUN_COUNT}; CM_MLPERF_RUN_COUNT=$((CM_MLPERF_RUN_COUNT+1)); echo ${CM_MLPERF_RUN_COUNT} > ${CM_RUN_DIR}/count.txt && if [ ${CM_MLPERF_RUN_COUNT} -eq "1" ]; then export CM_MLPERF_USER_CONF=${CM_MLPERF_RANGING_USER_CONF}; else export CM_MLPERF_USER_CONF=${CM_MLPERF_TESTING_USER_CONF}; fi && /mount/CM/repos/ctuning@mlcommons-ck/cm-mlops/script/run-all-mlperf-models/run.out'
client 2023-08-05 22:17:07,926 [INFO] Sending command to the server: 'time'
client 2023-08-05 22:17:07,931 [INFO] Got response: '1691270227.7822912'
client 2023-08-05 22:17:07,931 [INFO] The time difference between the client and the server is within range 143.699 ms..148.854 ms
client 2023-08-05 22:17:07,931 [INFO] Sending command to the server: 'session,2023-08-05_22-01-11,stop,testing'
client 2023-08-05 22:17:19,049 [INFO] Got response: 'OK'
client 2023-08-05 22:17:19,049 [INFO] Sending command to the server: 'time'
client 2023-08-05 22:17:19,065 [INFO] Got response: '1691270238.923225'
client 2023-08-05 22:17:19,065 [INFO] The time difference between the client and the server is within range 126.060 ms..141.880 ms
client 2023-08-05 22:17:19,065 [INFO] Copying loadgen logs from '/home/arjun/mobilenet_results/valid_results/orin-tflite_cpp-cpu-tflite-vmaster-default_config/mobilenet-v1-precision_uint8-0.75-224/singlestream/performance/run_1' to '/home/arjun/mobilenet_results/valid_results/orin-tflite_cpp-cpu-tflite-vmaster-default_config/mobilenet-v1-precision_uint8-0.75-224/singlestream/performance/tmp_power/run_1'
client 2023-08-05 22:17:19,066 [INFO] Done runs
