client 2023-07-11 21:34:50,141 [INFO] Creating output directory '/home/arjun/mobilenet_results/valid_results/orin-tflite_armnn_cpp-cpu-armnn_tflite-v22.11-using_neon/efficientnet-fp32-lite4/singlestream/performance/tmp_power'
client 2023-07-11 21:34:50,195 [INFO] Sending command to the server: 'mlcommons/power client v3'
client 2023-07-11 21:34:50,197 [INFO] Got response: 'mlcommons/power server v3'
client 2023-07-11 21:34:50,197 [INFO] Synchronizing with the server and with time.google.com...
client 2023-07-11 21:34:50,303 [INFO] NTP:offset = -0.045 s, delay = 0.099 s 
client 2023-07-11 21:34:50,303 [INFO] Sending command to the server: 'time'
client 2023-07-11 21:34:50,306 [INFO] Got response: '1689107690.2193677'
client 2023-07-11 21:34:50,306 [INFO] The time difference between the client and the server is within range 84.574 ms..87.240 ms
client 2023-07-11 21:34:50,306 [INFO] Sending command to the server: 'new,,553ca81c-b219-4bab-823f-472955296ca4'
client 2023-07-11 21:34:50,310 [INFO] Got response: 'OK 2023-07-11_21-34-50,31d055b3-c28a-45ca-9071-b2d328ec02c2'
client 2023-07-11 21:34:50,310 [INFO] Session id is '2023-07-11_21-34-50'
client 2023-07-11 21:34:50,311 [INFO] Sources: {"sources": {"__init__.py": "da39a3ee5e6b4b0d3255bfef95601890afd80709", "client.py": "33ca4f26368777ac06e01f9567b714a4b8063886", "lib/__init__.py": "da39a3ee5e6b4b0d3255bfef95601890afd80709", "lib/client.py": "ac2aa093c8e8bbc9569b9e2a3471bc64e58a2258", "lib/common.py": "611d8b29633d331eb19c9455ea3b5fa3284ed6df", "lib/external/__init__.py": "da39a3ee5e6b4b0d3255bfef95601890afd80709", "lib/external/ntplib.py": "4da8f970656505a40483206ef2b5d3dd5e81711d", "lib/server.py": "c7af63c31bb2fbedea4345f571f6e3507d268ada", "lib/source_hashes.py": "60a2e02193209e8d392803326208d5466342da18", "lib/summary.py": "aa92f0a3f975eecd44d3c0cd0236342ccc9f941d", "lib/time_sync.py": "122eba67a9abc85635223e054def53be1367ade2", "server.py": "c3f90f2f7eeb4db30727556d0c815ebc89b3d28b", "tests/unit/__init__.py": "da39a3ee5e6b4b0d3255bfef95601890afd80709", "tests/unit/test_server.py": "948c1995d4008bc2aa6c4046a34ffa3858d6d671", "tests/unit/test_source_hashes.py": "00468a2907583c593e6574a1f6b404e4651c221a"}, "modules": {"ptd_client_server.lib.client": "lib/client.py", "ptd_client_server.lib.common": "lib/common.py", "ptd_client_server.lib.external.ntplib": "lib/external/ntplib.py", "ptd_client_server.lib.source_hashes": "lib/source_hashes.py", "ptd_client_server.lib.summary": "lib/summary.py", "ptd_client_server.lib.time_sync": "lib/time_sync.py"}}
client 2023-07-11 21:34:50,312 [INFO] Running workload in ranging mode
client 2023-07-11 21:34:50,312 [INFO] Synchronizing with the server and with time.google.com...
client 2023-07-11 21:34:50,330 [INFO] NTP:offset = -0.005 s, delay = 0.014 s 
client 2023-07-11 21:34:50,330 [INFO] Sending command to the server: 'time'
client 2023-07-11 21:34:50,333 [INFO] Got response: '1689107690.2393682'
client 2023-07-11 21:34:50,333 [INFO] The time difference between the client and the server is within range 91.175 ms..93.852 ms
client 2023-07-11 21:34:50,333 [INFO] Sending command to the server: 'session,2023-07-11_21-34-50,start,ranging'
client 2023-07-11 21:35:19,001 [INFO] Got response: 'OK'
client 2023-07-11 21:35:19,002 [INFO] Sending command to the server: 'time'
client 2023-07-11 21:35:19,005 [INFO] Got response: '1689107718.9142034'
client 2023-07-11 21:35:19,006 [INFO] The time difference between the client and the server is within range 88.095 ms..92.022 ms
client 2023-07-11 21:35:19,006 [INFO] Running the workload 'CM_MLPERF_RUN_COUNT=$(cat ${CM_RUN_DIR}/count.txt); echo ${CM_MLPERF_RUN_COUNT}; CM_MLPERF_RUN_COUNT=$((CM_MLPERF_RUN_COUNT+1)); echo ${CM_MLPERF_RUN_COUNT} > ${CM_RUN_DIR}/count.txt && if [ ${CM_MLPERF_RUN_COUNT} -eq "1" ]; then export CM_MLPERF_USER_CONF=${CM_MLPERF_RANGING_USER_CONF}; else export CM_MLPERF_USER_CONF=${CM_MLPERF_TESTING_USER_CONF}; fi && /home/arjun/run.out'
client 2023-07-11 21:40:27,992 [INFO] Sending command to the server: 'time'
client 2023-07-11 21:40:27,995 [INFO] Got response: '1689108027.9038582'
client 2023-07-11 21:40:27,995 [INFO] The time difference between the client and the server is within range 88.300 ms..91.602 ms
client 2023-07-11 21:40:27,995 [INFO] Sending command to the server: 'session,2023-07-11_21-34-50,stop,ranging'
client 2023-07-11 21:40:38,463 [INFO] Got response: 'OK'
client 2023-07-11 21:40:38,463 [INFO] Sending command to the server: 'time'
client 2023-07-11 21:40:38,466 [INFO] Got response: '1689108038.3725002'
client 2023-07-11 21:40:38,466 [INFO] The time difference between the client and the server is within range 91.301 ms..94.288 ms
client 2023-07-11 21:40:38,489 [INFO] Copying loadgen logs from '/home/arjun/mobilenet_results/valid_results/orin-tflite_armnn_cpp-cpu-armnn_tflite-v22.11-using_neon/efficientnet-fp32-lite4/singlestream/performance/run_1' to '/home/arjun/mobilenet_results/valid_results/orin-tflite_armnn_cpp-cpu-armnn_tflite-v22.11-using_neon/efficientnet-fp32-lite4/singlestream/performance/tmp_power/ranging'
client 2023-07-11 21:40:38,491 [INFO] Running workload in testing mode
client 2023-07-11 21:40:38,491 [INFO] Synchronizing with the server and with time.google.com...
client 2023-07-11 21:40:38,516 [INFO] NTP:offset = -0.006 s, delay = 0.020 s 
client 2023-07-11 21:40:38,516 [INFO] Sending command to the server: 'time'
client 2023-07-11 21:40:38,520 [INFO] Got response: '1689108038.4326653'
client 2023-07-11 21:40:38,520 [INFO] The time difference between the client and the server is within range 84.189 ms..87.541 ms
client 2023-07-11 21:40:38,520 [INFO] Sending command to the server: 'session,2023-07-11_21-34-50,start,testing'
client 2023-07-11 21:40:51,547 [INFO] Got response: 'OK'
client 2023-07-11 21:40:51,548 [INFO] Sending command to the server: 'time'
client 2023-07-11 21:40:51,551 [INFO] Got response: '1689108051.4611213'
client 2023-07-11 21:40:51,551 [INFO] The time difference between the client and the server is within range 87.165 ms..90.699 ms
client 2023-07-11 21:40:51,552 [INFO] Running the workload 'CM_MLPERF_RUN_COUNT=$(cat ${CM_RUN_DIR}/count.txt); echo ${CM_MLPERF_RUN_COUNT}; CM_MLPERF_RUN_COUNT=$((CM_MLPERF_RUN_COUNT+1)); echo ${CM_MLPERF_RUN_COUNT} > ${CM_RUN_DIR}/count.txt && if [ ${CM_MLPERF_RUN_COUNT} -eq "1" ]; then export CM_MLPERF_USER_CONF=${CM_MLPERF_RANGING_USER_CONF}; else export CM_MLPERF_USER_CONF=${CM_MLPERF_TESTING_USER_CONF}; fi && /home/arjun/run.out'
client 2023-07-11 21:50:54,644 [INFO] Sending command to the server: 'time'
client 2023-07-11 21:50:54,647 [INFO] Got response: '1689108654.563356'
client 2023-07-11 21:50:54,647 [INFO] The time difference between the client and the server is within range 80.562 ms..84.073 ms
client 2023-07-11 21:50:54,647 [INFO] Sending command to the server: 'session,2023-07-11_21-34-50,stop,testing'
client 2023-07-11 21:51:05,755 [INFO] Got response: 'OK'
client 2023-07-11 21:51:05,755 [INFO] Sending command to the server: 'time'
client 2023-07-11 21:51:05,774 [INFO] Got response: '1689108665.6893632'
client 2023-07-11 21:51:05,775 [INFO] The time difference between the client and the server is within range 66.489 ms..85.618 ms
client 2023-07-11 21:51:05,779 [INFO] Copying loadgen logs from '/home/arjun/mobilenet_results/valid_results/orin-tflite_armnn_cpp-cpu-armnn_tflite-v22.11-using_neon/efficientnet-fp32-lite4/singlestream/performance/run_1' to '/home/arjun/mobilenet_results/valid_results/orin-tflite_armnn_cpp-cpu-armnn_tflite-v22.11-using_neon/efficientnet-fp32-lite4/singlestream/performance/tmp_power/run_1'
client 2023-07-11 21:51:05,782 [INFO] Done runs
