client 2023-08-12 12:32:33,104 [INFO] Creating output directory '/home/arjun/results_dir/valid_results/orin-reference-cpu-deepsparse-vdefault-default_config/bert-base-pruned90-none-bert-99/singlestream/performance/tmp_power'
client 2023-08-12 12:32:33,107 [INFO] Sending command to the server: 'mlcommons/power client v3'
client 2023-08-12 12:32:33,111 [INFO] Got response: 'mlcommons/power server v3'
client 2023-08-12 12:32:33,111 [INFO] Synchronizing with the server and with time.google.com...
client 2023-08-12 12:32:33,129 [INFO] NTP:offset = 0.001 s, delay = 0.015 s 
client 2023-08-12 12:32:33,129 [INFO] Sending command to the server: 'time'
client 2023-08-12 12:32:33,132 [INFO] Got response: '1691839952.804201'
client 2023-08-12 12:32:33,132 [INFO] The time difference between the client and the server is within range 325.413 ms..328.351 ms
client 2023-08-12 12:32:33,132 [INFO] Sending command to the server: 'new,,c583f22e-7ce0-43fe-bb6e-0ae6a3f23aaf'
client 2023-08-12 12:32:33,135 [INFO] Got response: 'OK 2023-08-12_12-32-32,78937feb-3936-4724-a334-9e24b8f2becb'
client 2023-08-12 12:32:33,136 [INFO] Session id is '2023-08-12_12-32-32'
client 2023-08-12 12:32:33,136 [INFO] Sources: {"sources": {"__init__.py": "da39a3ee5e6b4b0d3255bfef95601890afd80709", "client.py": "33ca4f26368777ac06e01f9567b714a4b8063886", "lib/__init__.py": "da39a3ee5e6b4b0d3255bfef95601890afd80709", "lib/client.py": "ac2aa093c8e8bbc9569b9e2a3471bc64e58a2258", "lib/common.py": "611d8b29633d331eb19c9455ea3b5fa3284ed6df", "lib/external/__init__.py": "da39a3ee5e6b4b0d3255bfef95601890afd80709", "lib/external/ntplib.py": "4da8f970656505a40483206ef2b5d3dd5e81711d", "lib/server.py": "c7af63c31bb2fbedea4345f571f6e3507d268ada", "lib/source_hashes.py": "60a2e02193209e8d392803326208d5466342da18", "lib/summary.py": "aa92f0a3f975eecd44d3c0cd0236342ccc9f941d", "lib/time_sync.py": "80894ef2389e540781ff78de94db16aa4203a14e", "server.py": "c3f90f2f7eeb4db30727556d0c815ebc89b3d28b", "tests/unit/__init__.py": "da39a3ee5e6b4b0d3255bfef95601890afd80709", "tests/unit/test_server.py": "948c1995d4008bc2aa6c4046a34ffa3858d6d671", "tests/unit/test_source_hashes.py": "00468a2907583c593e6574a1f6b404e4651c221a"}, "modules": {"ptd_client_server.lib.client": "lib/client.py", "ptd_client_server.lib.common": "lib/common.py", "ptd_client_server.lib.external.ntplib": "lib/external/ntplib.py", "ptd_client_server.lib.source_hashes": "lib/source_hashes.py", "ptd_client_server.lib.summary": "lib/summary.py", "ptd_client_server.lib.time_sync": "lib/time_sync.py"}}
client 2023-08-12 12:32:33,136 [INFO] Running workload in ranging mode
client 2023-08-12 12:32:33,136 [INFO] Synchronizing with the server and with time.google.com...
client 2023-08-12 12:32:33,151 [INFO] NTP:offset = 0.002 s, delay = 0.014 s 
client 2023-08-12 12:32:33,151 [INFO] Sending command to the server: 'time'
client 2023-08-12 12:32:33,153 [INFO] Got response: '1691839952.8321543'
client 2023-08-12 12:32:33,153 [INFO] The time difference between the client and the server is within range 319.176 ms..321.798 ms
client 2023-08-12 12:32:33,154 [INFO] Sending command to the server: 'session,2023-08-12_12-32-32,start,ranging'
client 2023-08-12 12:33:01,843 [INFO] Got response: 'OK'
client 2023-08-12 12:33:01,843 [INFO] Sending command to the server: 'time'
client 2023-08-12 12:33:01,847 [INFO] Got response: '1691839981.525228'
client 2023-08-12 12:33:01,847 [INFO] The time difference between the client and the server is within range 318.202 ms..322.132 ms
client 2023-08-12 12:33:01,847 [INFO] Running the workload 'CM_MLPERF_RUN_COUNT=$(cat ${CM_RUN_DIR}/count.txt); echo ${CM_MLPERF_RUN_COUNT}; CM_MLPERF_RUN_COUNT=$((CM_MLPERF_RUN_COUNT+1)); echo ${CM_MLPERF_RUN_COUNT} > ${CM_RUN_DIR}/count.txt && if [ ${CM_MLPERF_RUN_COUNT} -eq "1" ]; then export CM_MLPERF_USER_CONF=${CM_MLPERF_RANGING_USER_CONF}; else export CM_MLPERF_USER_CONF=${CM_MLPERF_TESTING_USER_CONF}; fi && /usr/bin/python3 run.py --backend=deepsparse --scenario=SingleStream --mlperf_conf "/mount/CM/repos/local/cache/e98684742c3f4b81/inference/mlperf.conf" --user_conf "${CM_MLPERF_USER_CONF}" --quantized --batch_size=1 --model_path=/home/arjun/.cache/sparsezoo/neuralmagic/bert-base-squad_wikipedia_bookcorpus-pruned90/model.onnx'
client 2023-08-12 12:39:25,036 [INFO] Sending command to the server: 'time'
client 2023-08-12 12:39:25,040 [INFO] Got response: '1691840364.727885'
client 2023-08-12 12:39:25,040 [INFO] The time difference between the client and the server is within range 308.372 ms..312.660 ms
client 2023-08-12 12:39:25,040 [INFO] Sending command to the server: 'session,2023-08-12_12-32-32,stop,ranging'
client 2023-08-12 12:39:35,984 [INFO] Got response: 'OK'
client 2023-08-12 12:39:35,984 [INFO] Sending command to the server: 'time'
client 2023-08-12 12:39:35,987 [INFO] Got response: '1691840375.6693027'
client 2023-08-12 12:39:35,987 [INFO] The time difference between the client and the server is within range 315.513 ms..318.103 ms
client 2023-08-12 12:39:35,991 [INFO] Copying loadgen logs from '/home/arjun/results_dir/valid_results/orin-reference-cpu-deepsparse-vdefault-default_config/bert-base-pruned90-none-bert-99/singlestream/performance/run_1' to '/home/arjun/results_dir/valid_results/orin-reference-cpu-deepsparse-vdefault-default_config/bert-base-pruned90-none-bert-99/singlestream/performance/tmp_power/ranging'
client 2023-08-12 12:39:35,991 [INFO] Running workload in testing mode
client 2023-08-12 12:39:35,991 [INFO] Synchronizing with the server and with time.google.com...
client 2023-08-12 12:39:36,007 [INFO] NTP:offset = 0.000 s, delay = 0.015 s 
client 2023-08-12 12:39:36,008 [INFO] Sending command to the server: 'time'
client 2023-08-12 12:39:36,011 [INFO] Got response: '1691840375.7002938'
client 2023-08-12 12:39:36,011 [INFO] The time difference between the client and the server is within range 307.773 ms..310.942 ms
client 2023-08-12 12:39:36,011 [INFO] Sending command to the server: 'session,2023-08-12_12-32-32,start,testing'
client 2023-08-12 12:39:49,048 [INFO] Got response: 'OK'
client 2023-08-12 12:39:49,049 [INFO] Sending command to the server: 'time'
client 2023-08-12 12:39:49,052 [INFO] Got response: '1691840388.7384415'
client 2023-08-12 12:39:49,052 [INFO] The time difference between the client and the server is within range 310.630 ms..314.188 ms
client 2023-08-12 12:39:49,052 [INFO] Running the workload 'CM_MLPERF_RUN_COUNT=$(cat ${CM_RUN_DIR}/count.txt); echo ${CM_MLPERF_RUN_COUNT}; CM_MLPERF_RUN_COUNT=$((CM_MLPERF_RUN_COUNT+1)); echo ${CM_MLPERF_RUN_COUNT} > ${CM_RUN_DIR}/count.txt && if [ ${CM_MLPERF_RUN_COUNT} -eq "1" ]; then export CM_MLPERF_USER_CONF=${CM_MLPERF_RANGING_USER_CONF}; else export CM_MLPERF_USER_CONF=${CM_MLPERF_TESTING_USER_CONF}; fi && /usr/bin/python3 run.py --backend=deepsparse --scenario=SingleStream --mlperf_conf "/mount/CM/repos/local/cache/e98684742c3f4b81/inference/mlperf.conf" --user_conf "${CM_MLPERF_USER_CONF}" --quantized --batch_size=1 --model_path=/home/arjun/.cache/sparsezoo/neuralmagic/bert-base-squad_wikipedia_bookcorpus-pruned90/model.onnx'
client 2023-08-12 12:51:03,113 [INFO] Sending command to the server: 'time'
client 2023-08-12 12:51:03,117 [INFO] Got response: '1691841062.8217428'
client 2023-08-12 12:51:03,117 [INFO] The time difference between the client and the server is within range 292.164 ms..296.217 ms
client 2023-08-12 12:51:03,118 [INFO] Sending command to the server: 'session,2023-08-12_12-32-32,stop,testing'
client 2023-08-12 12:51:14,464 [INFO] Got response: 'OK'
client 2023-08-12 12:51:14,464 [INFO] Sending command to the server: 'time'
client 2023-08-12 12:51:14,466 [INFO] Got response: '1691841074.164469'
client 2023-08-12 12:51:14,466 [INFO] The time difference between the client and the server is within range 300.084 ms..301.867 ms
client 2023-08-12 12:51:14,467 [INFO] Copying loadgen logs from '/home/arjun/results_dir/valid_results/orin-reference-cpu-deepsparse-vdefault-default_config/bert-base-pruned90-none-bert-99/singlestream/performance/run_1' to '/home/arjun/results_dir/valid_results/orin-reference-cpu-deepsparse-vdefault-default_config/bert-base-pruned90-none-bert-99/singlestream/performance/tmp_power/run_1'
client 2023-08-12 12:51:14,468 [INFO] Done runs
