client 2023-07-16 00:21:00,328 [INFO] Creating output directory '/home/arjun/mobilenet_results/valid_results/raspberrypi-tflite_armnn_cpp-cpu-armnn_tflite-v23.05-using_neon/mobilenet-v2-precision_uint8-0.75-224/singlestream/performance/tmp_power'
client 2023-07-16 00:21:00,336 [INFO] Sending command to the server: 'mlcommons/power client v3'
client 2023-07-16 00:21:00,340 [INFO] Got response: 'mlcommons/power server v3'
client 2023-07-16 00:21:00,340 [INFO] Synchronizing with the server and with time.google.com...
client 2023-07-16 00:21:00,371 [INFO] NTP:offset = -0.002 s, delay = 0.013 s 
client 2023-07-16 00:21:00,372 [INFO] Sending command to the server: 'time'
client 2023-07-16 00:21:00,375 [INFO] Got response: '1689463260.2973332'
client 2023-07-16 00:21:00,375 [INFO] The time difference between the client and the server is within range 74.868 ms..78.037 ms
client 2023-07-16 00:21:00,375 [INFO] Sending command to the server: 'new,,6c34ce6d-c029-4394-b533-26f1aa308c3f'
client 2023-07-16 00:21:00,379 [INFO] Got response: 'OK 2023-07-16_00-21-00,975752ab-21a5-44c1-ae72-e2132fed73ed'
client 2023-07-16 00:21:00,379 [INFO] Session id is '2023-07-16_00-21-00'
client 2023-07-16 00:21:00,379 [INFO] Sources: {"sources": {"__init__.py": "da39a3ee5e6b4b0d3255bfef95601890afd80709", "client.py": "33ca4f26368777ac06e01f9567b714a4b8063886", "lib/__init__.py": "da39a3ee5e6b4b0d3255bfef95601890afd80709", "lib/client.py": "ac2aa093c8e8bbc9569b9e2a3471bc64e58a2258", "lib/common.py": "611d8b29633d331eb19c9455ea3b5fa3284ed6df", "lib/external/__init__.py": "da39a3ee5e6b4b0d3255bfef95601890afd80709", "lib/external/ntplib.py": "4da8f970656505a40483206ef2b5d3dd5e81711d", "lib/server.py": "c7af63c31bb2fbedea4345f571f6e3507d268ada", "lib/source_hashes.py": "60a2e02193209e8d392803326208d5466342da18", "lib/summary.py": "aa92f0a3f975eecd44d3c0cd0236342ccc9f941d", "lib/time_sync.py": "122eba67a9abc85635223e054def53be1367ade2", "server.py": "c3f90f2f7eeb4db30727556d0c815ebc89b3d28b", "tests/unit/__init__.py": "da39a3ee5e6b4b0d3255bfef95601890afd80709", "tests/unit/test_server.py": "948c1995d4008bc2aa6c4046a34ffa3858d6d671", "tests/unit/test_source_hashes.py": "00468a2907583c593e6574a1f6b404e4651c221a"}, "modules": {"ptd_client_server.lib.client": "lib/client.py", "ptd_client_server.lib.common": "lib/common.py", "ptd_client_server.lib.external.ntplib": "lib/external/ntplib.py", "ptd_client_server.lib.source_hashes": "lib/source_hashes.py", "ptd_client_server.lib.summary": "lib/summary.py", "ptd_client_server.lib.time_sync": "lib/time_sync.py"}}
client 2023-07-16 00:21:00,380 [INFO] Running workload in ranging mode
client 2023-07-16 00:21:00,380 [INFO] Synchronizing with the server and with time.google.com...
client 2023-07-16 00:21:00,409 [INFO] NTP:offset = -0.004 s, delay = 0.013 s 
client 2023-07-16 00:21:00,410 [INFO] Sending command to the server: 'time'
client 2023-07-16 00:21:00,413 [INFO] Got response: '1689463260.3395402'
client 2023-07-16 00:21:00,413 [INFO] The time difference between the client and the server is within range 70.533 ms..73.787 ms
client 2023-07-16 00:21:00,413 [INFO] Sending command to the server: 'session,2023-07-16_00-21-00,start,ranging'
client 2023-07-16 00:21:29,172 [INFO] Got response: 'OK'
client 2023-07-16 00:21:29,172 [INFO] Sending command to the server: 'time'
client 2023-07-16 00:21:29,175 [INFO] Got response: '1689463289.1016057'
client 2023-07-16 00:21:29,176 [INFO] The time difference between the client and the server is within range 70.936 ms..74.581 ms
client 2023-07-16 00:21:29,176 [INFO] Running the workload 'CM_MLPERF_RUN_COUNT=$(cat ${CM_RUN_DIR}/count.txt); echo ${CM_MLPERF_RUN_COUNT}; CM_MLPERF_RUN_COUNT=$((CM_MLPERF_RUN_COUNT+1)); echo ${CM_MLPERF_RUN_COUNT} > ${CM_RUN_DIR}/count.txt && if [ ${CM_MLPERF_RUN_COUNT} -eq "1" ]; then export CM_MLPERF_USER_CONF=${CM_MLPERF_RANGING_USER_CONF}; else export CM_MLPERF_USER_CONF=${CM_MLPERF_TESTING_USER_CONF}; fi && /home/arjun/run.out'
client 2023-07-16 00:26:36,493 [INFO] Sending command to the server: 'time'
client 2023-07-16 00:26:36,498 [INFO] Got response: '1689463596.4179451'
client 2023-07-16 00:26:36,499 [INFO] The time difference between the client and the server is within range 75.561 ms..81.394 ms
client 2023-07-16 00:26:36,499 [INFO] Sending command to the server: 'session,2023-07-16_00-21-00,stop,ranging'
client 2023-07-16 00:26:47,412 [INFO] Got response: 'OK'
client 2023-07-16 00:26:47,412 [INFO] Sending command to the server: 'time'
client 2023-07-16 00:26:47,415 [INFO] Got response: '1689463607.3389118'
client 2023-07-16 00:26:47,416 [INFO] The time difference between the client and the server is within range 73.854 ms..77.126 ms
client 2023-07-16 00:26:47,450 [INFO] Copying loadgen logs from '/home/arjun/mobilenet_results/valid_results/raspberrypi-tflite_armnn_cpp-cpu-armnn_tflite-v23.05-using_neon/mobilenet-v2-precision_uint8-0.75-224/singlestream/performance/run_1' to '/home/arjun/mobilenet_results/valid_results/raspberrypi-tflite_armnn_cpp-cpu-armnn_tflite-v23.05-using_neon/mobilenet-v2-precision_uint8-0.75-224/singlestream/performance/tmp_power/ranging'
client 2023-07-16 00:26:47,453 [INFO] Running workload in testing mode
client 2023-07-16 00:26:47,454 [INFO] Synchronizing with the server and with time.google.com...
client 2023-07-16 00:26:47,489 [INFO] NTP:offset = -0.003 s, delay = 0.017 s 
client 2023-07-16 00:26:47,490 [INFO] Sending command to the server: 'time'
client 2023-07-16 00:26:47,494 [INFO] Got response: '1689463607.4101985'
client 2023-07-16 00:26:47,494 [INFO] The time difference between the client and the server is within range 79.880 ms..84.442 ms
client 2023-07-16 00:26:47,494 [INFO] Sending command to the server: 'session,2023-07-16_00-21-00,start,testing'
client 2023-07-16 00:27:00,535 [INFO] Got response: 'OK'
client 2023-07-16 00:27:00,535 [INFO] Sending command to the server: 'time'
client 2023-07-16 00:27:00,539 [INFO] Got response: '1689463620.4558876'
client 2023-07-16 00:27:00,540 [INFO] The time difference between the client and the server is within range 79.659 ms..84.308 ms
client 2023-07-16 00:27:00,540 [INFO] Running the workload 'CM_MLPERF_RUN_COUNT=$(cat ${CM_RUN_DIR}/count.txt); echo ${CM_MLPERF_RUN_COUNT}; CM_MLPERF_RUN_COUNT=$((CM_MLPERF_RUN_COUNT+1)); echo ${CM_MLPERF_RUN_COUNT} > ${CM_RUN_DIR}/count.txt && if [ ${CM_MLPERF_RUN_COUNT} -eq "1" ]; then export CM_MLPERF_USER_CONF=${CM_MLPERF_RANGING_USER_CONF}; else export CM_MLPERF_USER_CONF=${CM_MLPERF_TESTING_USER_CONF}; fi && /home/arjun/run.out'
client 2023-07-16 00:37:12,649 [INFO] Sending command to the server: 'time'
client 2023-07-16 00:37:12,654 [INFO] Got response: '1689464232.5692399'
client 2023-07-16 00:37:12,655 [INFO] The time difference between the client and the server is within range 80.561 ms..85.854 ms
client 2023-07-16 00:37:12,655 [INFO] Sending command to the server: 'session,2023-07-16_00-21-00,stop,testing'
client 2023-07-16 00:37:23,624 [INFO] Got response: 'OK'
client 2023-07-16 00:37:23,625 [INFO] Sending command to the server: 'time'
client 2023-07-16 00:37:23,627 [INFO] Got response: '1689464243.5330691'
client 2023-07-16 00:37:23,628 [INFO] The time difference between the client and the server is within range 91.944 ms..95.149 ms
client 2023-07-16 00:37:23,633 [INFO] Copying loadgen logs from '/home/arjun/mobilenet_results/valid_results/raspberrypi-tflite_armnn_cpp-cpu-armnn_tflite-v23.05-using_neon/mobilenet-v2-precision_uint8-0.75-224/singlestream/performance/run_1' to '/home/arjun/mobilenet_results/valid_results/raspberrypi-tflite_armnn_cpp-cpu-armnn_tflite-v23.05-using_neon/mobilenet-v2-precision_uint8-0.75-224/singlestream/performance/tmp_power/run_1'
client 2023-07-16 00:37:23,637 [INFO] Done runs
