client 2023-07-10 04:23:40,394 [INFO] Creating output directory '/home/arjun/mobilenet_results/valid_results/orin-tflite_cpp-cpu-tflite-vmaster-default_config/mobilenet-v3-precision_float-small-minimalistic-224/singlestream/performance/tmp_power'
client 2023-07-10 04:23:40,396 [INFO] Sending command to the server: 'mlcommons/power client v3'
client 2023-07-10 04:23:40,397 [INFO] Got response: 'mlcommons/power server v3'
client 2023-07-10 04:23:40,397 [INFO] Synchronizing with the server and with time.google.com...
client 2023-07-10 04:23:40,419 [INFO] NTP:offset = 0.000 s, delay = 0.017 s 
client 2023-07-10 04:23:40,419 [INFO] Sending command to the server: 'time'
client 2023-07-10 04:23:40,421 [INFO] Got response: '1688959420.4219923'
client 2023-07-10 04:23:40,421 [INFO] The time difference between the client and the server is within range -2.388 ms..-0.026 ms
client 2023-07-10 04:23:40,422 [INFO] Sending command to the server: 'new,,631e66d2-4fc8-43f3-a86e-927a7b6ac364'
client 2023-07-10 04:23:40,423 [INFO] Got response: 'OK 2023-07-10_03-23-40,7e53a8b5-a889-4b92-a146-8a56680087c8'
client 2023-07-10 04:23:40,423 [INFO] Session id is '2023-07-10_03-23-40'
client 2023-07-10 04:23:40,423 [INFO] Sources: {"sources": {"__init__.py": "da39a3ee5e6b4b0d3255bfef95601890afd80709", "client.py": "33ca4f26368777ac06e01f9567b714a4b8063886", "lib/__init__.py": "da39a3ee5e6b4b0d3255bfef95601890afd80709", "lib/client.py": "ac2aa093c8e8bbc9569b9e2a3471bc64e58a2258", "lib/common.py": "611d8b29633d331eb19c9455ea3b5fa3284ed6df", "lib/external/__init__.py": "da39a3ee5e6b4b0d3255bfef95601890afd80709", "lib/external/ntplib.py": "4da8f970656505a40483206ef2b5d3dd5e81711d", "lib/server.py": "c7af63c31bb2fbedea4345f571f6e3507d268ada", "lib/source_hashes.py": "60a2e02193209e8d392803326208d5466342da18", "lib/summary.py": "aa92f0a3f975eecd44d3c0cd0236342ccc9f941d", "lib/time_sync.py": "122eba67a9abc85635223e054def53be1367ade2", "server.py": "c3f90f2f7eeb4db30727556d0c815ebc89b3d28b", "tests/unit/__init__.py": "da39a3ee5e6b4b0d3255bfef95601890afd80709", "tests/unit/test_server.py": "948c1995d4008bc2aa6c4046a34ffa3858d6d671", "tests/unit/test_source_hashes.py": "00468a2907583c593e6574a1f6b404e4651c221a"}, "modules": {"ptd_client_server.lib.client": "lib/client.py", "ptd_client_server.lib.common": "lib/common.py", "ptd_client_server.lib.external.ntplib": "lib/external/ntplib.py", "ptd_client_server.lib.source_hashes": "lib/source_hashes.py", "ptd_client_server.lib.summary": "lib/summary.py", "ptd_client_server.lib.time_sync": "lib/time_sync.py"}}
client 2023-07-10 04:23:40,424 [INFO] Running workload in ranging mode
client 2023-07-10 04:23:40,424 [INFO] Synchronizing with the server and with time.google.com...
client 2023-07-10 04:23:40,440 [INFO] NTP:offset = 0.001 s, delay = 0.016 s 
client 2023-07-10 04:23:40,441 [INFO] Sending command to the server: 'time'
client 2023-07-10 04:23:40,442 [INFO] Got response: '1688959420.4427447'
client 2023-07-10 04:23:40,442 [INFO] The time difference between the client and the server is within range -1.713 ms..-0.019 ms
client 2023-07-10 04:23:40,442 [INFO] Sending command to the server: 'session,2023-07-10_03-23-40,start,ranging'
client 2023-07-10 04:24:08,523 [INFO] Got response: 'OK'
client 2023-07-10 04:24:08,524 [INFO] Sending command to the server: 'time'
client 2023-07-10 04:24:08,527 [INFO] Got response: '1688959448.5267038'
client 2023-07-10 04:24:08,528 [INFO] The time difference between the client and the server is within range -2.347 ms..1.400 ms
client 2023-07-10 04:24:08,528 [INFO] Running the workload 'CM_MLPERF_RUN_COUNT=$(cat ${CM_RUN_DIR}/count.txt); echo ${CM_MLPERF_RUN_COUNT}; CM_MLPERF_RUN_COUNT=$((CM_MLPERF_RUN_COUNT+1)); echo ${CM_MLPERF_RUN_COUNT} > ${CM_RUN_DIR}/count.txt && if [ ${CM_MLPERF_RUN_COUNT} -eq "1" ]; then export CM_MLPERF_USER_CONF=${CM_MLPERF_RANGING_USER_CONF}; else export CM_MLPERF_USER_CONF=${CM_MLPERF_TESTING_USER_CONF}; fi && /home/arjun/run.out'
client 2023-07-10 04:29:14,565 [INFO] Sending command to the server: 'time'
client 2023-07-10 04:29:14,588 [INFO] Got response: '1688959754.5882893'
client 2023-07-10 04:29:14,588 [INFO] The time difference between the client and the server is within range -22.870 ms..0.274 ms
client 2023-07-10 04:29:14,588 [INFO] Sending command to the server: 'session,2023-07-10_03-23-40,stop,ranging'
client 2023-07-10 04:29:25,625 [INFO] Got response: 'OK'
client 2023-07-10 04:29:25,626 [INFO] Sending command to the server: 'time'
client 2023-07-10 04:29:25,628 [INFO] Got response: '1688959765.6286175'
client 2023-07-10 04:29:25,628 [INFO] The time difference between the client and the server is within range -2.321 ms..0.045 ms
client 2023-07-10 04:29:25,651 [INFO] Copying loadgen logs from '/home/arjun/mobilenet_results/valid_results/orin-tflite_cpp-cpu-tflite-vmaster-default_config/mobilenet-v3-precision_float-small-minimalistic-224/singlestream/performance/run_1' to '/home/arjun/mobilenet_results/valid_results/orin-tflite_cpp-cpu-tflite-vmaster-default_config/mobilenet-v3-precision_float-small-minimalistic-224/singlestream/performance/tmp_power/ranging'
client 2023-07-10 04:29:25,653 [INFO] Running workload in testing mode
client 2023-07-10 04:29:25,653 [INFO] Synchronizing with the server and with time.google.com...
client 2023-07-10 04:29:25,674 [INFO] NTP:offset = 0.002 s, delay = 0.016 s 
client 2023-07-10 04:29:25,674 [INFO] Sending command to the server: 'time'
client 2023-07-10 04:29:25,677 [INFO] Got response: '1688959765.6771972'
client 2023-07-10 04:29:25,677 [INFO] The time difference between the client and the server is within range -2.239 ms..0.230 ms
client 2023-07-10 04:29:25,677 [INFO] Sending command to the server: 'session,2023-07-10_03-23-40,start,testing'
client 2023-07-10 04:29:38,693 [INFO] Got response: 'OK'
client 2023-07-10 04:29:38,694 [INFO] Sending command to the server: 'time'
client 2023-07-10 04:29:38,696 [INFO] Got response: '1688959778.696317'
client 2023-07-10 04:29:38,696 [INFO] The time difference between the client and the server is within range -2.269 ms..0.572 ms
client 2023-07-10 04:29:38,697 [INFO] Running the workload 'CM_MLPERF_RUN_COUNT=$(cat ${CM_RUN_DIR}/count.txt); echo ${CM_MLPERF_RUN_COUNT}; CM_MLPERF_RUN_COUNT=$((CM_MLPERF_RUN_COUNT+1)); echo ${CM_MLPERF_RUN_COUNT} > ${CM_RUN_DIR}/count.txt && if [ ${CM_MLPERF_RUN_COUNT} -eq "1" ]; then export CM_MLPERF_USER_CONF=${CM_MLPERF_RANGING_USER_CONF}; else export CM_MLPERF_USER_CONF=${CM_MLPERF_TESTING_USER_CONF}; fi && /home/arjun/run.out'
client 2023-07-10 04:39:50,229 [INFO] Sending command to the server: 'time'
client 2023-07-10 04:39:50,290 [INFO] Got response: '1688960390.2901654'
client 2023-07-10 04:39:50,290 [INFO] The time difference between the client and the server is within range -60.946 ms..0.468 ms
client 2023-07-10 04:39:50,290 [INFO] Sending command to the server: 'session,2023-07-10_03-23-40,stop,testing'
client 2023-07-10 04:40:00,738 [INFO] Got response: 'OK'
client 2023-07-10 04:40:00,739 [INFO] Sending command to the server: 'time'
client 2023-07-10 04:40:00,741 [INFO] Got response: '1688960400.7421575'
client 2023-07-10 04:40:00,741 [INFO] The time difference between the client and the server is within range -2.910 ms..-0.490 ms
client 2023-07-10 04:40:00,746 [INFO] Copying loadgen logs from '/home/arjun/mobilenet_results/valid_results/orin-tflite_cpp-cpu-tflite-vmaster-default_config/mobilenet-v3-precision_float-small-minimalistic-224/singlestream/performance/run_1' to '/home/arjun/mobilenet_results/valid_results/orin-tflite_cpp-cpu-tflite-vmaster-default_config/mobilenet-v3-precision_float-small-minimalistic-224/singlestream/performance/tmp_power/run_1'
client 2023-07-10 04:40:00,748 [INFO] Done runs
