client 2023-08-06 12:43:27,075 [INFO] Creating output directory '/home/arjun/mobilenet_results/valid_results/orin-tflite_cpp-cpu-tflite-vmaster-default_config/mobilenet-v2-precision_uint8-0.35-128/singlestream/performance/tmp_power'
client 2023-08-06 12:43:27,078 [INFO] Sending command to the server: 'mlcommons/power client v3'
client 2023-08-06 12:43:27,080 [INFO] Got response: 'mlcommons/power server v3'
client 2023-08-06 12:43:27,080 [INFO] Synchronizing with the server and with time.google.com...
client 2023-08-06 12:43:27,103 [INFO] NTP:offset = 0.001 s, delay = 0.020 s 
client 2023-08-06 12:43:27,103 [INFO] Sending command to the server: 'time'
client 2023-08-06 12:43:27,106 [INFO] Got response: '1691322207.0274467'
client 2023-08-06 12:43:27,106 [INFO] The time difference between the client and the server is within range 76.271 ms..79.017 ms
client 2023-08-06 12:43:27,106 [INFO] Sending command to the server: 'new,,2e9dc649-b2bc-49da-83fb-ef04a9e63ba3'
client 2023-08-06 12:43:27,109 [INFO] Got response: 'OK 2023-08-06_12-43-27,ccac4726-b2bf-49c8-968d-387c6dc483bc'
client 2023-08-06 12:43:27,109 [INFO] Session id is '2023-08-06_12-43-27'
client 2023-08-06 12:43:27,109 [INFO] Sources: {"sources": {"__init__.py": "da39a3ee5e6b4b0d3255bfef95601890afd80709", "client.py": "33ca4f26368777ac06e01f9567b714a4b8063886", "lib/__init__.py": "da39a3ee5e6b4b0d3255bfef95601890afd80709", "lib/client.py": "ac2aa093c8e8bbc9569b9e2a3471bc64e58a2258", "lib/common.py": "611d8b29633d331eb19c9455ea3b5fa3284ed6df", "lib/external/__init__.py": "da39a3ee5e6b4b0d3255bfef95601890afd80709", "lib/external/ntplib.py": "4da8f970656505a40483206ef2b5d3dd5e81711d", "lib/server.py": "c7af63c31bb2fbedea4345f571f6e3507d268ada", "lib/source_hashes.py": "60a2e02193209e8d392803326208d5466342da18", "lib/summary.py": "aa92f0a3f975eecd44d3c0cd0236342ccc9f941d", "lib/time_sync.py": "122eba67a9abc85635223e054def53be1367ade2", "server.py": "c3f90f2f7eeb4db30727556d0c815ebc89b3d28b", "tests/unit/__init__.py": "da39a3ee5e6b4b0d3255bfef95601890afd80709", "tests/unit/test_server.py": "948c1995d4008bc2aa6c4046a34ffa3858d6d671", "tests/unit/test_source_hashes.py": "00468a2907583c593e6574a1f6b404e4651c221a"}, "modules": {"ptd_client_server.lib.client": "lib/client.py", "ptd_client_server.lib.common": "lib/common.py", "ptd_client_server.lib.external.ntplib": "lib/external/ntplib.py", "ptd_client_server.lib.source_hashes": "lib/source_hashes.py", "ptd_client_server.lib.summary": "lib/summary.py", "ptd_client_server.lib.time_sync": "lib/time_sync.py"}}
client 2023-08-06 12:43:27,109 [INFO] Running workload in ranging mode
client 2023-08-06 12:43:27,109 [INFO] Synchronizing with the server and with time.google.com...
client 2023-08-06 12:43:27,131 [INFO] NTP:offset = 0.000 s, delay = 0.020 s 
client 2023-08-06 12:43:27,131 [INFO] Sending command to the server: 'time'
client 2023-08-06 12:43:27,135 [INFO] Got response: '1691322207.047291'
client 2023-08-06 12:43:27,135 [INFO] The time difference between the client and the server is within range 84.041 ms..87.821 ms
client 2023-08-06 12:43:27,135 [INFO] Sending command to the server: 'session,2023-08-06_12-43-27,start,ranging'
client 2023-08-06 12:43:56,339 [INFO] Got response: 'OK'
client 2023-08-06 12:43:56,339 [INFO] Sending command to the server: 'time'
client 2023-08-06 12:43:56,343 [INFO] Got response: '1691322236.261446'
client 2023-08-06 12:43:56,343 [INFO] The time difference between the client and the server is within range 77.974 ms..81.680 ms
client 2023-08-06 12:43:56,343 [INFO] Running the workload 'CM_MLPERF_RUN_COUNT=$(cat ${CM_RUN_DIR}/count.txt); echo ${CM_MLPERF_RUN_COUNT}; CM_MLPERF_RUN_COUNT=$((CM_MLPERF_RUN_COUNT+1)); echo ${CM_MLPERF_RUN_COUNT} > ${CM_RUN_DIR}/count.txt && if [ ${CM_MLPERF_RUN_COUNT} -eq "1" ]; then export CM_MLPERF_USER_CONF=${CM_MLPERF_RANGING_USER_CONF}; else export CM_MLPERF_USER_CONF=${CM_MLPERF_TESTING_USER_CONF}; fi && /mount/CM/repos/ctuning@mlcommons-ck/cm-mlops/script/run-all-mlperf-models/run.out'
client 2023-08-06 12:48:57,670 [INFO] Sending command to the server: 'time'
client 2023-08-06 12:48:57,673 [INFO] Got response: '1691322537.587456'
client 2023-08-06 12:48:57,674 [INFO] The time difference between the client and the server is within range 82.489 ms..86.524 ms
client 2023-08-06 12:48:57,674 [INFO] Sending command to the server: 'session,2023-08-06_12-43-27,stop,ranging'
client 2023-08-06 12:49:08,491 [INFO] Got response: 'OK'
client 2023-08-06 12:49:08,491 [INFO] Sending command to the server: 'time'
client 2023-08-06 12:49:08,493 [INFO] Got response: '1691322548.403665'
client 2023-08-06 12:49:08,493 [INFO] The time difference between the client and the server is within range 87.688 ms..90.168 ms
client 2023-08-06 12:49:08,497 [INFO] Copying loadgen logs from '/home/arjun/mobilenet_results/valid_results/orin-tflite_cpp-cpu-tflite-vmaster-default_config/mobilenet-v2-precision_uint8-0.35-128/singlestream/performance/run_1' to '/home/arjun/mobilenet_results/valid_results/orin-tflite_cpp-cpu-tflite-vmaster-default_config/mobilenet-v2-precision_uint8-0.35-128/singlestream/performance/tmp_power/ranging'
client 2023-08-06 12:49:08,498 [INFO] Running workload in testing mode
client 2023-08-06 12:49:08,498 [INFO] Synchronizing with the server and with time.google.com...
client 2023-08-06 12:49:08,516 [INFO] NTP:offset = -0.001 s, delay = 0.016 s 
client 2023-08-06 12:49:08,516 [INFO] Sending command to the server: 'time'
client 2023-08-06 12:49:08,518 [INFO] Got response: '1691322548.4351254'
client 2023-08-06 12:49:08,518 [INFO] The time difference between the client and the server is within range 81.011 ms..83.558 ms
client 2023-08-06 12:49:08,518 [INFO] Sending command to the server: 'session,2023-08-06_12-43-27,start,testing'
client 2023-08-06 12:49:21,549 [INFO] Got response: 'OK'
client 2023-08-06 12:49:21,549 [INFO] Sending command to the server: 'time'
client 2023-08-06 12:49:21,552 [INFO] Got response: '1691322561.4627826'
client 2023-08-06 12:49:21,553 [INFO] The time difference between the client and the server is within range 86.633 ms..90.218 ms
client 2023-08-06 12:49:21,553 [INFO] Running the workload 'CM_MLPERF_RUN_COUNT=$(cat ${CM_RUN_DIR}/count.txt); echo ${CM_MLPERF_RUN_COUNT}; CM_MLPERF_RUN_COUNT=$((CM_MLPERF_RUN_COUNT+1)); echo ${CM_MLPERF_RUN_COUNT} > ${CM_RUN_DIR}/count.txt && if [ ${CM_MLPERF_RUN_COUNT} -eq "1" ]; then export CM_MLPERF_USER_CONF=${CM_MLPERF_RANGING_USER_CONF}; else export CM_MLPERF_USER_CONF=${CM_MLPERF_TESTING_USER_CONF}; fi && /mount/CM/repos/ctuning@mlcommons-ck/cm-mlops/script/run-all-mlperf-models/run.out'
client 2023-08-06 12:59:23,867 [INFO] Sending command to the server: 'time'
client 2023-08-06 12:59:23,872 [INFO] Got response: '1691323163.7827013'
client 2023-08-06 12:59:23,872 [INFO] The time difference between the client and the server is within range 85.032 ms..89.608 ms
client 2023-08-06 12:59:23,872 [INFO] Sending command to the server: 'session,2023-08-06_12-43-27,stop,testing'
client 2023-08-06 12:59:34,625 [INFO] Got response: 'OK'
client 2023-08-06 12:59:34,625 [INFO] Sending command to the server: 'time'
client 2023-08-06 12:59:34,630 [INFO] Got response: '1691323174.5384963'
client 2023-08-06 12:59:34,630 [INFO] The time difference between the client and the server is within range 86.935 ms..92.121 ms
client 2023-08-06 12:59:34,631 [INFO] Copying loadgen logs from '/home/arjun/mobilenet_results/valid_results/orin-tflite_cpp-cpu-tflite-vmaster-default_config/mobilenet-v2-precision_uint8-0.35-128/singlestream/performance/run_1' to '/home/arjun/mobilenet_results/valid_results/orin-tflite_cpp-cpu-tflite-vmaster-default_config/mobilenet-v2-precision_uint8-0.35-128/singlestream/performance/tmp_power/run_1'
client 2023-08-06 12:59:34,632 [INFO] Done runs
