client 2023-07-16 12:42:17,361 [INFO] Creating output directory '/home/arjun/mobilenet_results/valid_results/raspberrypi-tflite_armnn_cpp-cpu-armnn_tflite-v23.05-using_neon/mobilenet-v3-precision_float-large-224/singlestream/performance/tmp_power'
client 2023-07-16 12:42:17,367 [INFO] Sending command to the server: 'mlcommons/power client v3'
client 2023-07-16 12:42:17,372 [INFO] Got response: 'mlcommons/power server v3'
client 2023-07-16 12:42:17,372 [INFO] Synchronizing with the server and with time.google.com...
client 2023-07-16 12:42:18,454 [INFO] NTP:offset = -0.006 s, delay = 0.032 s 
client 2023-07-16 12:42:18,455 [INFO] Sending command to the server: 'time'
client 2023-07-16 12:42:18,458 [INFO] Got response: '1689507738.281573'
client 2023-07-16 12:42:18,458 [INFO] The time difference between the client and the server is within range 173.373 ms..176.859 ms
client 2023-07-16 12:42:18,458 [INFO] Sending command to the server: 'new,,3023208b-751b-4e21-b828-37da3c68ccd6'
client 2023-07-16 12:42:18,464 [INFO] Got response: 'OK 2023-07-16_12-42-18,371b8172-4107-4fc6-900b-90c462fecd3f'
client 2023-07-16 12:42:18,465 [INFO] Session id is '2023-07-16_12-42-18'
client 2023-07-16 12:42:18,465 [INFO] Sources: {"sources": {"__init__.py": "da39a3ee5e6b4b0d3255bfef95601890afd80709", "client.py": "33ca4f26368777ac06e01f9567b714a4b8063886", "lib/__init__.py": "da39a3ee5e6b4b0d3255bfef95601890afd80709", "lib/client.py": "ac2aa093c8e8bbc9569b9e2a3471bc64e58a2258", "lib/common.py": "611d8b29633d331eb19c9455ea3b5fa3284ed6df", "lib/external/__init__.py": "da39a3ee5e6b4b0d3255bfef95601890afd80709", "lib/external/ntplib.py": "4da8f970656505a40483206ef2b5d3dd5e81711d", "lib/server.py": "c7af63c31bb2fbedea4345f571f6e3507d268ada", "lib/source_hashes.py": "60a2e02193209e8d392803326208d5466342da18", "lib/summary.py": "aa92f0a3f975eecd44d3c0cd0236342ccc9f941d", "lib/time_sync.py": "122eba67a9abc85635223e054def53be1367ade2", "server.py": "c3f90f2f7eeb4db30727556d0c815ebc89b3d28b", "tests/unit/__init__.py": "da39a3ee5e6b4b0d3255bfef95601890afd80709", "tests/unit/test_server.py": "948c1995d4008bc2aa6c4046a34ffa3858d6d671", "tests/unit/test_source_hashes.py": "00468a2907583c593e6574a1f6b404e4651c221a"}, "modules": {"ptd_client_server.lib.client": "lib/client.py", "ptd_client_server.lib.common": "lib/common.py", "ptd_client_server.lib.external.ntplib": "lib/external/ntplib.py", "ptd_client_server.lib.source_hashes": "lib/source_hashes.py", "ptd_client_server.lib.summary": "lib/summary.py", "ptd_client_server.lib.time_sync": "lib/time_sync.py"}}
client 2023-07-16 12:42:18,465 [INFO] Running workload in ranging mode
client 2023-07-16 12:42:18,466 [INFO] Synchronizing with the server and with time.google.com...
client 2023-07-16 12:42:18,522 [INFO] NTP:offset = -0.007 s, delay = 0.029 s 
client 2023-07-16 12:42:18,522 [INFO] Sending command to the server: 'time'
client 2023-07-16 12:42:18,526 [INFO] Got response: '1689507738.3431067'
client 2023-07-16 12:42:18,527 [INFO] The time difference between the client and the server is within range 179.492 ms..183.897 ms
client 2023-07-16 12:42:18,527 [INFO] Sending command to the server: 'session,2023-07-16_12-42-18,start,ranging'
client 2023-07-16 12:42:47,202 [INFO] Got response: 'OK'
client 2023-07-16 12:42:47,203 [INFO] Sending command to the server: 'time'
client 2023-07-16 12:42:47,216 [INFO] Got response: '1689507767.0231414'
client 2023-07-16 12:42:47,216 [INFO] The time difference between the client and the server is within range 179.894 ms..193.733 ms
client 2023-07-16 12:42:47,217 [INFO] Running the workload 'CM_MLPERF_RUN_COUNT=$(cat ${CM_RUN_DIR}/count.txt); echo ${CM_MLPERF_RUN_COUNT}; CM_MLPERF_RUN_COUNT=$((CM_MLPERF_RUN_COUNT+1)); echo ${CM_MLPERF_RUN_COUNT} > ${CM_RUN_DIR}/count.txt && if [ ${CM_MLPERF_RUN_COUNT} -eq "1" ]; then export CM_MLPERF_USER_CONF=${CM_MLPERF_RANGING_USER_CONF}; else export CM_MLPERF_USER_CONF=${CM_MLPERF_TESTING_USER_CONF}; fi && /home/arjun/run.out'
client 2023-07-16 12:47:58,656 [INFO] Sending command to the server: 'time'
client 2023-07-16 12:47:58,662 [INFO] Got response: '1689508078.4847074'
client 2023-07-16 12:47:58,662 [INFO] The time difference between the client and the server is within range 171.954 ms..178.157 ms
client 2023-07-16 12:47:58,663 [INFO] Sending command to the server: 'session,2023-07-16_12-42-18,stop,ranging'
client 2023-07-16 12:48:09,471 [INFO] Got response: 'OK'
client 2023-07-16 12:48:09,472 [INFO] Sending command to the server: 'time'
client 2023-07-16 12:48:09,477 [INFO] Got response: '1689508089.2911308'
client 2023-07-16 12:48:09,477 [INFO] The time difference between the client and the server is within range 181.347 ms..186.631 ms
client 2023-07-16 12:48:09,511 [INFO] Copying loadgen logs from '/home/arjun/mobilenet_results/valid_results/raspberrypi-tflite_armnn_cpp-cpu-armnn_tflite-v23.05-using_neon/mobilenet-v3-precision_float-large-224/singlestream/performance/run_1' to '/home/arjun/mobilenet_results/valid_results/raspberrypi-tflite_armnn_cpp-cpu-armnn_tflite-v23.05-using_neon/mobilenet-v3-precision_float-large-224/singlestream/performance/tmp_power/ranging'
client 2023-07-16 12:48:09,515 [INFO] Running workload in testing mode
client 2023-07-16 12:48:09,515 [INFO] Synchronizing with the server and with time.google.com...
client 2023-07-16 12:48:09,582 [INFO] NTP:offset = -0.006 s, delay = 0.032 s 
client 2023-07-16 12:48:09,583 [INFO] Sending command to the server: 'time'
client 2023-07-16 12:48:09,586 [INFO] Got response: '1689508089.4031558'
client 2023-07-16 12:48:09,587 [INFO] The time difference between the client and the server is within range 180.096 ms..184.054 ms
client 2023-07-16 12:48:09,587 [INFO] Sending command to the server: 'session,2023-07-16_12-42-18,start,testing'
client 2023-07-16 12:48:22,637 [INFO] Got response: 'OK'
client 2023-07-16 12:48:22,638 [INFO] Sending command to the server: 'time'
client 2023-07-16 12:48:22,654 [INFO] Got response: '1689508102.4749565'
client 2023-07-16 12:48:22,655 [INFO] The time difference between the client and the server is within range 163.257 ms..180.153 ms
client 2023-07-16 12:48:22,655 [INFO] Running the workload 'CM_MLPERF_RUN_COUNT=$(cat ${CM_RUN_DIR}/count.txt); echo ${CM_MLPERF_RUN_COUNT}; CM_MLPERF_RUN_COUNT=$((CM_MLPERF_RUN_COUNT+1)); echo ${CM_MLPERF_RUN_COUNT} > ${CM_RUN_DIR}/count.txt && if [ ${CM_MLPERF_RUN_COUNT} -eq "1" ]; then export CM_MLPERF_USER_CONF=${CM_MLPERF_RANGING_USER_CONF}; else export CM_MLPERF_USER_CONF=${CM_MLPERF_TESTING_USER_CONF}; fi && /home/arjun/run.out'
client 2023-07-16 12:58:37,236 [INFO] Sending command to the server: 'time'
client 2023-07-16 12:58:37,241 [INFO] Got response: '1689508717.0520377'
client 2023-07-16 12:58:37,242 [INFO] The time difference between the client and the server is within range 184.634 ms..190.009 ms
client 2023-07-16 12:58:37,242 [INFO] Sending command to the server: 'session,2023-07-16_12-42-18,stop,testing'
client 2023-07-16 12:58:47,712 [INFO] Got response: 'OK'
client 2023-07-16 12:58:47,713 [INFO] Sending command to the server: 'time'
client 2023-07-16 12:58:47,726 [INFO] Got response: '1689508727.5410507'
client 2023-07-16 12:58:47,726 [INFO] The time difference between the client and the server is within range 171.897 ms..185.446 ms
client 2023-07-16 12:58:47,732 [INFO] Copying loadgen logs from '/home/arjun/mobilenet_results/valid_results/raspberrypi-tflite_armnn_cpp-cpu-armnn_tflite-v23.05-using_neon/mobilenet-v3-precision_float-large-224/singlestream/performance/run_1' to '/home/arjun/mobilenet_results/valid_results/raspberrypi-tflite_armnn_cpp-cpu-armnn_tflite-v23.05-using_neon/mobilenet-v3-precision_float-large-224/singlestream/performance/tmp_power/run_1'
client 2023-07-16 12:58:47,735 [INFO] Done runs
