client 2023-07-29 21:55:21,525 [INFO] Creating output directory '/home/arjun/results_dir/valid_results/orin-nvidia_original-gpu-tensorrt-vdefault-default_config/resnet50/singlestream/performance/tmp_power'
client 2023-07-29 21:55:21,629 [INFO] Sending command to the server: 'mlcommons/power client v3'
client 2023-07-29 21:55:21,633 [INFO] Got response: 'mlcommons/power server v3'
client 2023-07-29 21:55:21,633 [INFO] Synchronizing with the server and with time.google.com...
client 2023-07-29 21:55:21,665 [INFO] NTP:offset = 0.002 s, delay = 0.016 s 
client 2023-07-29 21:55:21,665 [INFO] Sending command to the server: 'time'
client 2023-07-29 21:55:21,669 [INFO] Got response: '1690664121.4477599'
client 2023-07-29 21:55:21,669 [INFO] The time difference between the client and the server is within range 217.904 ms..221.548 ms
client 2023-07-29 21:55:21,669 [WARNING] The time difference between the client and the server is more than 200 ms
client 2023-07-29 21:55:21,669 [INFO] Sending command to the server: 'set_ntp'
client 2023-07-29 21:55:22,703 [INFO] Got response: 'OK'
client 2023-07-29 21:55:22,703 [INFO] Synchronizing with time.google.com time using NTP...
client 2023-07-29 21:55:31,231 [INFO] Set system time at 2023-07-29 21:55:31.231569
client 2023-07-29 21:55:31,247 [INFO] NTP:offset = 0.002 s, delay = 0.014 s 
client 2023-07-29 21:55:31,247 [INFO] Sending command to the server: 'time'
client 2023-07-29 21:55:31,251 [INFO] Got response: '1690664131.2450416'
client 2023-07-29 21:55:31,251 [INFO] The time difference between the client and the server is within range 2.249 ms..6.195 ms
client 2023-07-29 21:55:31,251 [INFO] Sending command to the server: 'new,,a8604332-8fd7-40d5-bbc8-66ae85333f2a'
client 2023-07-29 21:55:31,257 [INFO] Got response: 'OK 2023-07-29_21-55-31,6e333ae0-8e0c-4e50-86e3-2014454fa568'
client 2023-07-29 21:55:31,257 [INFO] Session id is '2023-07-29_21-55-31'
client 2023-07-29 21:55:31,257 [INFO] Sources: {"sources": {"__init__.py": "da39a3ee5e6b4b0d3255bfef95601890afd80709", "client.py": "33ca4f26368777ac06e01f9567b714a4b8063886", "lib/__init__.py": "da39a3ee5e6b4b0d3255bfef95601890afd80709", "lib/client.py": "ac2aa093c8e8bbc9569b9e2a3471bc64e58a2258", "lib/common.py": "611d8b29633d331eb19c9455ea3b5fa3284ed6df", "lib/external/__init__.py": "da39a3ee5e6b4b0d3255bfef95601890afd80709", "lib/external/ntplib.py": "4da8f970656505a40483206ef2b5d3dd5e81711d", "lib/server.py": "c7af63c31bb2fbedea4345f571f6e3507d268ada", "lib/source_hashes.py": "60a2e02193209e8d392803326208d5466342da18", "lib/summary.py": "aa92f0a3f975eecd44d3c0cd0236342ccc9f941d", "lib/time_sync.py": "122eba67a9abc85635223e054def53be1367ade2", "server.py": "c3f90f2f7eeb4db30727556d0c815ebc89b3d28b", "tests/unit/__init__.py": "da39a3ee5e6b4b0d3255bfef95601890afd80709", "tests/unit/test_server.py": "948c1995d4008bc2aa6c4046a34ffa3858d6d671", "tests/unit/test_source_hashes.py": "00468a2907583c593e6574a1f6b404e4651c221a"}, "modules": {"ptd_client_server.lib.client": "lib/client.py", "ptd_client_server.lib.common": "lib/common.py", "ptd_client_server.lib.external.ntplib": "lib/external/ntplib.py", "ptd_client_server.lib.source_hashes": "lib/source_hashes.py", "ptd_client_server.lib.summary": "lib/summary.py", "ptd_client_server.lib.time_sync": "lib/time_sync.py"}}
client 2023-07-29 21:55:31,257 [INFO] Running workload in ranging mode
client 2023-07-29 21:55:31,257 [INFO] Synchronizing with the server and with time.google.com...
client 2023-07-29 21:55:31,272 [INFO] NTP:offset = 0.002 s, delay = 0.014 s 
client 2023-07-29 21:55:31,272 [INFO] Sending command to the server: 'time'
client 2023-07-29 21:55:31,276 [INFO] Got response: '1690664131.2758825'
client 2023-07-29 21:55:31,276 [INFO] The time difference between the client and the server is within range -3.183 ms..0.875 ms
client 2023-07-29 21:55:31,276 [INFO] Sending command to the server: 'session,2023-07-29_21-55-31,start,ranging'
client 2023-07-29 21:55:59,977 [INFO] Got response: 'OK'
client 2023-07-29 21:55:59,978 [INFO] Sending command to the server: 'time'
client 2023-07-29 21:55:59,990 [INFO] Got response: '1690664159.9818952'
client 2023-07-29 21:55:59,991 [INFO] The time difference between the client and the server is within range -3.881 ms..9.141 ms
client 2023-07-29 21:55:59,991 [INFO] Running the workload 'CM_MLPERF_RUN_COUNT=$(cat ${CM_RUN_DIR}/count.txt); echo ${CM_MLPERF_RUN_COUNT}; CM_MLPERF_RUN_COUNT=$((CM_MLPERF_RUN_COUNT+1)); echo ${CM_MLPERF_RUN_COUNT} > ${CM_RUN_DIR}/count.txt && if [ ${CM_MLPERF_RUN_COUNT} -eq "1" ]; then export CM_MLPERF_USER_CONF=${CM_MLPERF_RANGING_USER_CONF}; else export CM_MLPERF_USER_CONF=${CM_MLPERF_TESTING_USER_CONF}; fi && make run_harness RUN_ARGS=" --benchmarks=resnet50 --scenarios=singlestream --test_mode=PerformanceOnly --offline_expected_qps=5120 --single_stream_expected_latency_ns=600000 --multi_stream_expected_latency_ns=2000000 --user_conf_path=${CM_MLPERF_USER_CONF} --mlperf_conf_path=/mount/CM/repos/local/cache/cedb99c765c24b90/inference/mlperf.conf --gpu_batch_size=1 --no_audit_verify "'
client 2023-07-29 22:01:18,306 [INFO] Sending command to the server: 'time'
client 2023-07-29 22:01:18,504 [INFO] Got response: '1690664478.3143704'
client 2023-07-29 22:01:18,504 [INFO] The time difference between the client and the server is within range -7.647 ms..190.540 ms
client 2023-07-29 22:01:18,505 [INFO] Sending command to the server: 'session,2023-07-29_21-55-31,stop,ranging'
client 2023-07-29 22:01:29,262 [INFO] Got response: 'OK'
client 2023-07-29 22:01:29,262 [INFO] Sending command to the server: 'time'
client 2023-07-29 22:01:29,265 [INFO] Got response: '1690664489.2563603'
client 2023-07-29 22:01:29,265 [INFO] The time difference between the client and the server is within range 6.461 ms..9.312 ms
client 2023-07-29 22:01:29,280 [INFO] Copying loadgen logs from '/home/arjun/results_dir/valid_results/orin-nvidia_original-gpu-tensorrt-vdefault-default_config/resnet50/singlestream/performance/run_1' to '/home/arjun/results_dir/valid_results/orin-nvidia_original-gpu-tensorrt-vdefault-default_config/resnet50/singlestream/performance/tmp_power/ranging'
client 2023-07-29 22:01:29,281 [INFO] Running workload in testing mode
client 2023-07-29 22:01:29,281 [INFO] Synchronizing with the server and with time.google.com...
client 2023-07-29 22:01:29,299 [INFO] NTP:offset = -0.000 s, delay = 0.017 s 
client 2023-07-29 22:01:29,299 [INFO] Sending command to the server: 'time'
client 2023-07-29 22:01:29,302 [INFO] Got response: '1690664489.2965066'
client 2023-07-29 22:01:29,302 [INFO] The time difference between the client and the server is within range 3.114 ms..6.471 ms
client 2023-07-29 22:01:29,303 [INFO] Sending command to the server: 'session,2023-07-29_21-55-31,start,testing'
client 2023-07-29 22:01:42,349 [INFO] Got response: 'OK'
client 2023-07-29 22:01:42,349 [INFO] Sending command to the server: 'time'
client 2023-07-29 22:01:42,354 [INFO] Got response: '1690664502.3452988'
client 2023-07-29 22:01:42,354 [INFO] The time difference between the client and the server is within range 4.152 ms..9.277 ms
client 2023-07-29 22:01:42,354 [INFO] Running the workload 'CM_MLPERF_RUN_COUNT=$(cat ${CM_RUN_DIR}/count.txt); echo ${CM_MLPERF_RUN_COUNT}; CM_MLPERF_RUN_COUNT=$((CM_MLPERF_RUN_COUNT+1)); echo ${CM_MLPERF_RUN_COUNT} > ${CM_RUN_DIR}/count.txt && if [ ${CM_MLPERF_RUN_COUNT} -eq "1" ]; then export CM_MLPERF_USER_CONF=${CM_MLPERF_RANGING_USER_CONF}; else export CM_MLPERF_USER_CONF=${CM_MLPERF_TESTING_USER_CONF}; fi && make run_harness RUN_ARGS=" --benchmarks=resnet50 --scenarios=singlestream --test_mode=PerformanceOnly --offline_expected_qps=5120 --single_stream_expected_latency_ns=600000 --multi_stream_expected_latency_ns=2000000 --user_conf_path=${CM_MLPERF_USER_CONF} --mlperf_conf_path=/mount/CM/repos/local/cache/cedb99c765c24b90/inference/mlperf.conf --gpu_batch_size=1 --no_audit_verify "'
client 2023-07-29 22:11:58,881 [INFO] Sending command to the server: 'time'
client 2023-07-29 22:11:58,885 [INFO] Got response: '1690665118.8725607'
client 2023-07-29 22:11:58,885 [INFO] The time difference between the client and the server is within range 8.449 ms..13.292 ms
client 2023-07-29 22:11:58,885 [INFO] Sending command to the server: 'session,2023-07-29_21-55-31,stop,testing'
client 2023-07-29 22:12:09,741 [INFO] Got response: 'OK'
client 2023-07-29 22:12:09,741 [INFO] Sending command to the server: 'time'
client 2023-07-29 22:12:09,743 [INFO] Got response: '1690665129.7306707'
client 2023-07-29 22:12:09,743 [INFO] The time difference between the client and the server is within range 10.696 ms..13.303 ms
client 2023-07-29 22:12:09,744 [INFO] Copying loadgen logs from '/home/arjun/results_dir/valid_results/orin-nvidia_original-gpu-tensorrt-vdefault-default_config/resnet50/singlestream/performance/run_1' to '/home/arjun/results_dir/valid_results/orin-nvidia_original-gpu-tensorrt-vdefault-default_config/resnet50/singlestream/performance/tmp_power/run_1'
client 2023-07-29 22:12:09,745 [INFO] Done runs
