client 2023-08-06 13:16:07,430 [INFO] Creating output directory '/home/arjun/mobilenet_results/valid_results/orin-tflite_cpp-cpu-tflite-vmaster-default_config/mobilenet-v3-precision_uint8-large-224/singlestream/performance/tmp_power'
client 2023-08-06 13:16:07,433 [INFO] Sending command to the server: 'mlcommons/power client v3'
client 2023-08-06 13:16:07,437 [INFO] Got response: 'mlcommons/power server v3'
client 2023-08-06 13:16:07,437 [INFO] Synchronizing with the server and with time.google.com...
client 2023-08-06 13:16:07,458 [INFO] NTP:offset = -0.002 s, delay = 0.018 s 
client 2023-08-06 13:16:07,458 [INFO] Sending command to the server: 'time'
client 2023-08-06 13:16:07,462 [INFO] Got response: '1691324167.36128'
client 2023-08-06 13:16:07,462 [INFO] The time difference between the client and the server is within range 97.226 ms..100.785 ms
client 2023-08-06 13:16:07,462 [INFO] Sending command to the server: 'new,,3f43cffc-6846-4cee-adfa-41b66add9282'
client 2023-08-06 13:16:07,465 [INFO] Got response: 'OK 2023-08-06_13-16-07,fdedc05c-e142-42dd-9d32-ebb8c97a1259'
client 2023-08-06 13:16:07,465 [INFO] Session id is '2023-08-06_13-16-07'
client 2023-08-06 13:16:07,465 [INFO] Sources: {"sources": {"__init__.py": "da39a3ee5e6b4b0d3255bfef95601890afd80709", "client.py": "33ca4f26368777ac06e01f9567b714a4b8063886", "lib/__init__.py": "da39a3ee5e6b4b0d3255bfef95601890afd80709", "lib/client.py": "ac2aa093c8e8bbc9569b9e2a3471bc64e58a2258", "lib/common.py": "611d8b29633d331eb19c9455ea3b5fa3284ed6df", "lib/external/__init__.py": "da39a3ee5e6b4b0d3255bfef95601890afd80709", "lib/external/ntplib.py": "4da8f970656505a40483206ef2b5d3dd5e81711d", "lib/server.py": "c7af63c31bb2fbedea4345f571f6e3507d268ada", "lib/source_hashes.py": "60a2e02193209e8d392803326208d5466342da18", "lib/summary.py": "aa92f0a3f975eecd44d3c0cd0236342ccc9f941d", "lib/time_sync.py": "122eba67a9abc85635223e054def53be1367ade2", "server.py": "c3f90f2f7eeb4db30727556d0c815ebc89b3d28b", "tests/unit/__init__.py": "da39a3ee5e6b4b0d3255bfef95601890afd80709", "tests/unit/test_server.py": "948c1995d4008bc2aa6c4046a34ffa3858d6d671", "tests/unit/test_source_hashes.py": "00468a2907583c593e6574a1f6b404e4651c221a"}, "modules": {"ptd_client_server.lib.client": "lib/client.py", "ptd_client_server.lib.common": "lib/common.py", "ptd_client_server.lib.external.ntplib": "lib/external/ntplib.py", "ptd_client_server.lib.source_hashes": "lib/source_hashes.py", "ptd_client_server.lib.summary": "lib/summary.py", "ptd_client_server.lib.time_sync": "lib/time_sync.py"}}
client 2023-08-06 13:16:07,466 [INFO] Running workload in ranging mode
client 2023-08-06 13:16:07,466 [INFO] Synchronizing with the server and with time.google.com...
client 2023-08-06 13:16:07,483 [INFO] NTP:offset = -0.002 s, delay = 0.017 s 
client 2023-08-06 13:16:07,483 [INFO] Sending command to the server: 'time'
client 2023-08-06 13:16:07,486 [INFO] Got response: '1691324167.389028'
client 2023-08-06 13:16:07,487 [INFO] The time difference between the client and the server is within range 94.803 ms..98.016 ms
client 2023-08-06 13:16:07,487 [INFO] Sending command to the server: 'session,2023-08-06_13-16-07,start,ranging'
client 2023-08-06 13:16:36,207 [INFO] Got response: 'OK'
client 2023-08-06 13:16:36,208 [INFO] Sending command to the server: 'time'
client 2023-08-06 13:16:36,210 [INFO] Got response: '1691324196.1080372'
client 2023-08-06 13:16:36,210 [INFO] The time difference between the client and the server is within range 100.019 ms..102.425 ms
client 2023-08-06 13:16:36,210 [INFO] Running the workload 'CM_MLPERF_RUN_COUNT=$(cat ${CM_RUN_DIR}/count.txt); echo ${CM_MLPERF_RUN_COUNT}; CM_MLPERF_RUN_COUNT=$((CM_MLPERF_RUN_COUNT+1)); echo ${CM_MLPERF_RUN_COUNT} > ${CM_RUN_DIR}/count.txt && if [ ${CM_MLPERF_RUN_COUNT} -eq "1" ]; then export CM_MLPERF_USER_CONF=${CM_MLPERF_RANGING_USER_CONF}; else export CM_MLPERF_USER_CONF=${CM_MLPERF_TESTING_USER_CONF}; fi && /mount/CM/repos/ctuning@mlcommons-ck/cm-mlops/script/run-all-mlperf-models/run.out'
client 2023-08-06 13:21:37,548 [INFO] Sending command to the server: 'time'
client 2023-08-06 13:21:37,552 [INFO] Got response: '1691324497.449103'
client 2023-08-06 13:21:37,552 [INFO] The time difference between the client and the server is within range 98.862 ms..103.311 ms
client 2023-08-06 13:21:37,552 [INFO] Sending command to the server: 'session,2023-08-06_13-16-07,stop,ranging'
client 2023-08-06 13:21:48,368 [INFO] Got response: 'OK'
client 2023-08-06 13:21:48,368 [INFO] Sending command to the server: 'time'
client 2023-08-06 13:21:48,372 [INFO] Got response: '1691324508.2703242'
client 2023-08-06 13:21:48,372 [INFO] The time difference between the client and the server is within range 98.501 ms..102.167 ms
client 2023-08-06 13:21:48,376 [INFO] Copying loadgen logs from '/home/arjun/mobilenet_results/valid_results/orin-tflite_cpp-cpu-tflite-vmaster-default_config/mobilenet-v3-precision_uint8-large-224/singlestream/performance/run_1' to '/home/arjun/mobilenet_results/valid_results/orin-tflite_cpp-cpu-tflite-vmaster-default_config/mobilenet-v3-precision_uint8-large-224/singlestream/performance/tmp_power/ranging'
client 2023-08-06 13:21:48,376 [INFO] Running workload in testing mode
client 2023-08-06 13:21:48,376 [INFO] Synchronizing with the server and with time.google.com...
client 2023-08-06 13:21:48,396 [INFO] NTP:offset = -0.002 s, delay = 0.019 s 
client 2023-08-06 13:21:48,396 [INFO] Sending command to the server: 'time'
client 2023-08-06 13:21:48,399 [INFO] Got response: '1691324508.2950163'
client 2023-08-06 13:21:48,399 [INFO] The time difference between the client and the server is within range 101.875 ms..104.451 ms
client 2023-08-06 13:21:48,399 [INFO] Sending command to the server: 'session,2023-08-06_13-16-07,start,testing'
client 2023-08-06 13:22:01,439 [INFO] Got response: 'OK'
client 2023-08-06 13:22:01,439 [INFO] Sending command to the server: 'time'
client 2023-08-06 13:22:01,443 [INFO] Got response: '1691324521.3358061'
client 2023-08-06 13:22:01,443 [INFO] The time difference between the client and the server is within range 104.084 ms..107.654 ms
client 2023-08-06 13:22:01,443 [INFO] Running the workload 'CM_MLPERF_RUN_COUNT=$(cat ${CM_RUN_DIR}/count.txt); echo ${CM_MLPERF_RUN_COUNT}; CM_MLPERF_RUN_COUNT=$((CM_MLPERF_RUN_COUNT+1)); echo ${CM_MLPERF_RUN_COUNT} > ${CM_RUN_DIR}/count.txt && if [ ${CM_MLPERF_RUN_COUNT} -eq "1" ]; then export CM_MLPERF_USER_CONF=${CM_MLPERF_RANGING_USER_CONF}; else export CM_MLPERF_USER_CONF=${CM_MLPERF_TESTING_USER_CONF}; fi && /mount/CM/repos/ctuning@mlcommons-ck/cm-mlops/script/run-all-mlperf-models/run.out'
client 2023-08-06 13:32:03,614 [INFO] Sending command to the server: 'time'
client 2023-08-06 13:32:03,619 [INFO] Got response: '1691325123.5091035'
client 2023-08-06 13:32:03,619 [INFO] The time difference between the client and the server is within range 105.298 ms..110.294 ms
client 2023-08-06 13:32:03,619 [INFO] Sending command to the server: 'session,2023-08-06_13-16-07,stop,testing'
client 2023-08-06 13:32:14,605 [INFO] Got response: 'OK'
client 2023-08-06 13:32:14,605 [INFO] Sending command to the server: 'time'
client 2023-08-06 13:32:14,607 [INFO] Got response: '1691325134.4974132'
client 2023-08-06 13:32:14,607 [INFO] The time difference between the client and the server is within range 108.182 ms..110.363 ms
client 2023-08-06 13:32:14,608 [INFO] Copying loadgen logs from '/home/arjun/mobilenet_results/valid_results/orin-tflite_cpp-cpu-tflite-vmaster-default_config/mobilenet-v3-precision_uint8-large-224/singlestream/performance/run_1' to '/home/arjun/mobilenet_results/valid_results/orin-tflite_cpp-cpu-tflite-vmaster-default_config/mobilenet-v3-precision_uint8-large-224/singlestream/performance/tmp_power/run_1'
client 2023-08-06 13:32:14,609 [INFO] Done runs
