client 2023-08-07 13:12:21,159 [INFO] Creating output directory '/home/arjun/mobilenet_results/valid_results/orin-tflite_armnn_cpp-cpu-armnn_tflite-v23.05-using_neon/mobilenet-v2-precision_float-0.5-192/singlestream/performance/tmp_power'
client 2023-08-07 13:12:21,166 [INFO] Sending command to the server: 'mlcommons/power client v3'
client 2023-08-07 13:12:21,169 [INFO] Got response: 'mlcommons/power server v3'
client 2023-08-07 13:12:21,169 [INFO] Synchronizing with the server and with time.google.com...
client 2023-08-07 13:12:21,185 [INFO] NTP:offset = -0.003 s, delay = 0.013 s 
client 2023-08-07 13:12:21,185 [INFO] Sending command to the server: 'time'
client 2023-08-07 13:12:21,190 [INFO] Got response: '1691410341.0414157'
client 2023-08-07 13:12:21,190 [INFO] The time difference between the client and the server is within range 144.034 ms..149.555 ms
client 2023-08-07 13:12:21,191 [INFO] Sending command to the server: 'new,,f79461f5-c05c-450b-9f16-a91a9a086b82'
client 2023-08-07 13:12:21,199 [INFO] Got response: 'OK 2023-08-07_13-12-21,7e532d80-4ab0-444b-ab91-f38d75338821'
client 2023-08-07 13:12:21,199 [INFO] Session id is '2023-08-07_13-12-21'
client 2023-08-07 13:12:21,200 [INFO] Sources: {"sources": {"__init__.py": "da39a3ee5e6b4b0d3255bfef95601890afd80709", "client.py": "33ca4f26368777ac06e01f9567b714a4b8063886", "lib/__init__.py": "da39a3ee5e6b4b0d3255bfef95601890afd80709", "lib/client.py": "ac2aa093c8e8bbc9569b9e2a3471bc64e58a2258", "lib/common.py": "611d8b29633d331eb19c9455ea3b5fa3284ed6df", "lib/external/__init__.py": "da39a3ee5e6b4b0d3255bfef95601890afd80709", "lib/external/ntplib.py": "4da8f970656505a40483206ef2b5d3dd5e81711d", "lib/server.py": "c7af63c31bb2fbedea4345f571f6e3507d268ada", "lib/source_hashes.py": "60a2e02193209e8d392803326208d5466342da18", "lib/summary.py": "aa92f0a3f975eecd44d3c0cd0236342ccc9f941d", "lib/time_sync.py": "122eba67a9abc85635223e054def53be1367ade2", "server.py": "c3f90f2f7eeb4db30727556d0c815ebc89b3d28b", "tests/unit/__init__.py": "da39a3ee5e6b4b0d3255bfef95601890afd80709", "tests/unit/test_server.py": "948c1995d4008bc2aa6c4046a34ffa3858d6d671", "tests/unit/test_source_hashes.py": "00468a2907583c593e6574a1f6b404e4651c221a"}, "modules": {"ptd_client_server.lib.client": "lib/client.py", "ptd_client_server.lib.common": "lib/common.py", "ptd_client_server.lib.external.ntplib": "lib/external/ntplib.py", "ptd_client_server.lib.source_hashes": "lib/source_hashes.py", "ptd_client_server.lib.summary": "lib/summary.py", "ptd_client_server.lib.time_sync": "lib/time_sync.py"}}
client 2023-08-07 13:12:21,200 [INFO] Running workload in ranging mode
client 2023-08-07 13:12:21,200 [INFO] Synchronizing with the server and with time.google.com...
client 2023-08-07 13:12:21,215 [INFO] NTP:offset = -0.003 s, delay = 0.014 s 
client 2023-08-07 13:12:21,215 [INFO] Sending command to the server: 'time'
client 2023-08-07 13:12:21,227 [INFO] Got response: '1691410341.0724707'
client 2023-08-07 13:12:21,227 [INFO] The time difference between the client and the server is within range 143.068 ms..154.743 ms
client 2023-08-07 13:12:21,227 [INFO] Sending command to the server: 'session,2023-08-07_13-12-21,start,ranging'
client 2023-08-07 13:12:49,987 [INFO] Got response: 'OK'
client 2023-08-07 13:12:49,987 [INFO] Sending command to the server: 'time'
client 2023-08-07 13:12:49,991 [INFO] Got response: '1691410369.8421276'
client 2023-08-07 13:12:49,991 [INFO] The time difference between the client and the server is within range 145.119 ms..149.532 ms
client 2023-08-07 13:12:49,991 [INFO] Running the workload 'CM_MLPERF_RUN_COUNT=$(cat ${CM_RUN_DIR}/count.txt); echo ${CM_MLPERF_RUN_COUNT}; CM_MLPERF_RUN_COUNT=$((CM_MLPERF_RUN_COUNT+1)); echo ${CM_MLPERF_RUN_COUNT} > ${CM_RUN_DIR}/count.txt && if [ ${CM_MLPERF_RUN_COUNT} -eq "1" ]; then export CM_MLPERF_USER_CONF=${CM_MLPERF_RANGING_USER_CONF}; else export CM_MLPERF_USER_CONF=${CM_MLPERF_TESTING_USER_CONF}; fi && /mount/CM/repos/ctuning@mlcommons-ck/cm-mlops/script/run-all-mlperf-models/run.out'
client 2023-08-07 13:17:51,305 [INFO] Sending command to the server: 'time'
client 2023-08-07 13:17:51,310 [INFO] Got response: '1691410671.1610978'
client 2023-08-07 13:17:51,310 [INFO] The time difference between the client and the server is within range 144.810 ms..149.862 ms
client 2023-08-07 13:17:51,311 [INFO] Sending command to the server: 'session,2023-08-07_13-12-21,stop,ranging'
client 2023-08-07 13:18:02,554 [INFO] Got response: 'OK'
client 2023-08-07 13:18:02,554 [INFO] Sending command to the server: 'time'
client 2023-08-07 13:18:02,557 [INFO] Got response: '1691410682.4059472'
client 2023-08-07 13:18:02,557 [INFO] The time difference between the client and the server is within range 148.435 ms..151.419 ms
client 2023-08-07 13:18:02,560 [INFO] Copying loadgen logs from '/home/arjun/mobilenet_results/valid_results/orin-tflite_armnn_cpp-cpu-armnn_tflite-v23.05-using_neon/mobilenet-v2-precision_float-0.5-192/singlestream/performance/run_1' to '/home/arjun/mobilenet_results/valid_results/orin-tflite_armnn_cpp-cpu-armnn_tflite-v23.05-using_neon/mobilenet-v2-precision_float-0.5-192/singlestream/performance/tmp_power/ranging'
client 2023-08-07 13:18:02,561 [INFO] Running workload in testing mode
client 2023-08-07 13:18:02,561 [INFO] Synchronizing with the server and with time.google.com...
client 2023-08-07 13:18:02,593 [INFO] NTP:offset = -0.001 s, delay = 0.018 s 
client 2023-08-07 13:18:02,593 [INFO] Sending command to the server: 'time'
client 2023-08-07 13:18:02,597 [INFO] Got response: '1691410682.4464016'
client 2023-08-07 13:18:02,597 [INFO] The time difference between the client and the server is within range 147.029 ms..150.834 ms
client 2023-08-07 13:18:02,597 [INFO] Sending command to the server: 'session,2023-08-07_13-12-21,start,testing'
client 2023-08-07 13:18:15,653 [INFO] Got response: 'OK'
client 2023-08-07 13:18:15,653 [INFO] Sending command to the server: 'time'
client 2023-08-07 13:18:15,729 [INFO] Got response: '1691410695.5790339'
client 2023-08-07 13:18:15,729 [INFO] The time difference between the client and the server is within range 74.932 ms..150.326 ms
client 2023-08-07 13:18:15,729 [INFO] Running the workload 'CM_MLPERF_RUN_COUNT=$(cat ${CM_RUN_DIR}/count.txt); echo ${CM_MLPERF_RUN_COUNT}; CM_MLPERF_RUN_COUNT=$((CM_MLPERF_RUN_COUNT+1)); echo ${CM_MLPERF_RUN_COUNT} > ${CM_RUN_DIR}/count.txt && if [ ${CM_MLPERF_RUN_COUNT} -eq "1" ]; then export CM_MLPERF_USER_CONF=${CM_MLPERF_RANGING_USER_CONF}; else export CM_MLPERF_USER_CONF=${CM_MLPERF_TESTING_USER_CONF}; fi && /mount/CM/repos/ctuning@mlcommons-ck/cm-mlops/script/run-all-mlperf-models/run.out'
client 2023-08-07 13:28:17,910 [INFO] Sending command to the server: 'time'
client 2023-08-07 13:28:17,915 [INFO] Got response: '1691411297.7604482'
client 2023-08-07 13:28:17,915 [INFO] The time difference between the client and the server is within range 149.675 ms..154.877 ms
client 2023-08-07 13:28:17,915 [INFO] Sending command to the server: 'session,2023-08-07_13-12-21,stop,testing'
client 2023-08-07 13:28:28,725 [INFO] Got response: 'OK'
client 2023-08-07 13:28:28,726 [INFO] Sending command to the server: 'time'
client 2023-08-07 13:28:28,728 [INFO] Got response: '1691411308.5697045'
client 2023-08-07 13:28:28,728 [INFO] The time difference between the client and the server is within range 156.314 ms..158.834 ms
client 2023-08-07 13:28:28,729 [INFO] Copying loadgen logs from '/home/arjun/mobilenet_results/valid_results/orin-tflite_armnn_cpp-cpu-armnn_tflite-v23.05-using_neon/mobilenet-v2-precision_float-0.5-192/singlestream/performance/run_1' to '/home/arjun/mobilenet_results/valid_results/orin-tflite_armnn_cpp-cpu-armnn_tflite-v23.05-using_neon/mobilenet-v2-precision_float-0.5-192/singlestream/performance/tmp_power/run_1'
client 2023-08-07 13:28:28,730 [INFO] Done runs
