client 2023-07-19 23:57:16,517 [INFO] Creating output directory '/home/arjun/mobilenet_results/valid_results/raspberrypi-tflite_armnn_cpp-cpu-armnn_tflite-v22.11-using_neon/mobilenet-v2-precision_float-1.0-192/singlestream/performance/tmp_power'
client 2023-07-19 23:57:16,522 [INFO] Sending command to the server: 'mlcommons/power client v3'
client 2023-07-19 23:57:16,525 [INFO] Got response: 'mlcommons/power server v3'
client 2023-07-19 23:57:16,525 [INFO] Synchronizing with the server and with time.google.com...
client 2023-07-19 23:57:16,582 [INFO] NTP:offset = 0.012 s, delay = 0.017 s 
client 2023-07-19 23:57:16,583 [INFO] Sending command to the server: 'time'
client 2023-07-19 23:57:16,587 [INFO] Got response: '1689807436.4458144'
client 2023-07-19 23:57:16,587 [INFO] The time difference between the client and the server is within range 137.148 ms..141.869 ms
client 2023-07-19 23:57:16,588 [INFO] Sending command to the server: 'new,,c41df951-55f9-4453-bd40-d1ce35ec2b4f'
client 2023-07-19 23:57:16,593 [INFO] Got response: 'OK 2023-07-19_23-57-16,46248f57-c7cb-490b-befb-012e4a8f9c46'
client 2023-07-19 23:57:16,594 [INFO] Session id is '2023-07-19_23-57-16'
client 2023-07-19 23:57:16,594 [INFO] Sources: {"sources": {"__init__.py": "da39a3ee5e6b4b0d3255bfef95601890afd80709", "client.py": "33ca4f26368777ac06e01f9567b714a4b8063886", "lib/__init__.py": "da39a3ee5e6b4b0d3255bfef95601890afd80709", "lib/client.py": "ac2aa093c8e8bbc9569b9e2a3471bc64e58a2258", "lib/common.py": "611d8b29633d331eb19c9455ea3b5fa3284ed6df", "lib/external/__init__.py": "da39a3ee5e6b4b0d3255bfef95601890afd80709", "lib/external/ntplib.py": "4da8f970656505a40483206ef2b5d3dd5e81711d", "lib/server.py": "c7af63c31bb2fbedea4345f571f6e3507d268ada", "lib/source_hashes.py": "60a2e02193209e8d392803326208d5466342da18", "lib/summary.py": "aa92f0a3f975eecd44d3c0cd0236342ccc9f941d", "lib/time_sync.py": "122eba67a9abc85635223e054def53be1367ade2", "server.py": "c3f90f2f7eeb4db30727556d0c815ebc89b3d28b", "tests/unit/__init__.py": "da39a3ee5e6b4b0d3255bfef95601890afd80709", "tests/unit/test_server.py": "948c1995d4008bc2aa6c4046a34ffa3858d6d671", "tests/unit/test_source_hashes.py": "00468a2907583c593e6574a1f6b404e4651c221a"}, "modules": {"ptd_client_server.lib.client": "lib/client.py", "ptd_client_server.lib.common": "lib/common.py", "ptd_client_server.lib.external.ntplib": "lib/external/ntplib.py", "ptd_client_server.lib.source_hashes": "lib/source_hashes.py", "ptd_client_server.lib.summary": "lib/summary.py", "ptd_client_server.lib.time_sync": "lib/time_sync.py"}}
client 2023-07-19 23:57:16,595 [INFO] Running workload in ranging mode
client 2023-07-19 23:57:16,596 [INFO] Synchronizing with the server and with time.google.com...
client 2023-07-19 23:57:16,632 [INFO] NTP:offset = 0.013 s, delay = 0.016 s 
client 2023-07-19 23:57:16,632 [INFO] Sending command to the server: 'time'
client 2023-07-19 23:57:16,636 [INFO] Got response: '1689807436.4870226'
client 2023-07-19 23:57:16,636 [INFO] The time difference between the client and the server is within range 145.808 ms..149.558 ms
client 2023-07-19 23:57:16,636 [INFO] Sending command to the server: 'session,2023-07-19_23-57-16,start,ranging'
client 2023-07-19 23:57:45,330 [INFO] Got response: 'OK'
client 2023-07-19 23:57:45,331 [INFO] Sending command to the server: 'time'
client 2023-07-19 23:57:45,335 [INFO] Got response: '1689807465.1850853'
client 2023-07-19 23:57:45,336 [INFO] The time difference between the client and the server is within range 146.029 ms..151.094 ms
client 2023-07-19 23:57:45,336 [INFO] Running the workload 'CM_MLPERF_RUN_COUNT=$(cat ${CM_RUN_DIR}/count.txt); echo ${CM_MLPERF_RUN_COUNT}; CM_MLPERF_RUN_COUNT=$((CM_MLPERF_RUN_COUNT+1)); echo ${CM_MLPERF_RUN_COUNT} > ${CM_RUN_DIR}/count.txt && if [ ${CM_MLPERF_RUN_COUNT} -eq "1" ]; then export CM_MLPERF_USER_CONF=${CM_MLPERF_RANGING_USER_CONF}; else export CM_MLPERF_USER_CONF=${CM_MLPERF_TESTING_USER_CONF}; fi && /home/arjun/CM/repos/ctuning@mlcommons-ck/cm-mlops/script/get-lib-armnn/run.out'
client 2023-07-20 00:03:02,673 [INFO] Sending command to the server: 'time'
client 2023-07-20 00:03:02,677 [INFO] Got response: '1689807782.520763'
client 2023-07-20 00:03:02,677 [INFO] The time difference between the client and the server is within range 152.118 ms..156.661 ms
client 2023-07-20 00:03:02,677 [INFO] Sending command to the server: 'session,2023-07-19_23-57-16,stop,ranging'
client 2023-07-20 00:03:13,415 [INFO] Got response: 'OK'
client 2023-07-20 00:03:13,416 [INFO] Sending command to the server: 'time'
client 2023-07-20 00:03:13,419 [INFO] Got response: '1689807793.2600403'
client 2023-07-20 00:03:13,420 [INFO] The time difference between the client and the server is within range 156.012 ms..160.213 ms
client 2023-07-20 00:03:13,457 [INFO] Copying loadgen logs from '/home/arjun/mobilenet_results/valid_results/raspberrypi-tflite_armnn_cpp-cpu-armnn_tflite-v22.11-using_neon/mobilenet-v2-precision_float-1.0-192/singlestream/performance/run_1' to '/home/arjun/mobilenet_results/valid_results/raspberrypi-tflite_armnn_cpp-cpu-armnn_tflite-v22.11-using_neon/mobilenet-v2-precision_float-1.0-192/singlestream/performance/tmp_power/ranging'
client 2023-07-20 00:03:13,461 [INFO] Running workload in testing mode
client 2023-07-20 00:03:13,461 [INFO] Synchronizing with the server and with time.google.com...
client 2023-07-20 00:03:13,495 [INFO] NTP:offset = 0.008 s, delay = 0.017 s 
client 2023-07-20 00:03:13,495 [INFO] Sending command to the server: 'time'
client 2023-07-20 00:03:13,499 [INFO] Got response: '1689807793.342853'
client 2023-07-20 00:03:13,500 [INFO] The time difference between the client and the server is within range 152.882 ms..157.260 ms
client 2023-07-20 00:03:13,500 [INFO] Sending command to the server: 'session,2023-07-19_23-57-16,start,testing'
client 2023-07-20 00:03:26,545 [INFO] Got response: 'OK'
client 2023-07-20 00:03:26,546 [INFO] Sending command to the server: 'time'
client 2023-07-20 00:03:26,550 [INFO] Got response: '1689807806.3914106'
client 2023-07-20 00:03:26,551 [INFO] The time difference between the client and the server is within range 154.861 ms..159.812 ms
client 2023-07-20 00:03:26,551 [INFO] Running the workload 'CM_MLPERF_RUN_COUNT=$(cat ${CM_RUN_DIR}/count.txt); echo ${CM_MLPERF_RUN_COUNT}; CM_MLPERF_RUN_COUNT=$((CM_MLPERF_RUN_COUNT+1)); echo ${CM_MLPERF_RUN_COUNT} > ${CM_RUN_DIR}/count.txt && if [ ${CM_MLPERF_RUN_COUNT} -eq "1" ]; then export CM_MLPERF_USER_CONF=${CM_MLPERF_RANGING_USER_CONF}; else export CM_MLPERF_USER_CONF=${CM_MLPERF_TESTING_USER_CONF}; fi && /home/arjun/CM/repos/ctuning@mlcommons-ck/cm-mlops/script/get-lib-armnn/run.out'
client 2023-07-20 00:13:43,051 [INFO] Sending command to the server: 'time'
client 2023-07-20 00:13:43,056 [INFO] Got response: '1689808422.9050174'
client 2023-07-20 00:13:43,057 [INFO] The time difference between the client and the server is within range 146.245 ms..152.353 ms
client 2023-07-20 00:13:43,057 [INFO] Sending command to the server: 'session,2023-07-19_23-57-16,stop,testing'
client 2023-07-20 00:13:53,586 [INFO] Got response: 'OK'
client 2023-07-20 00:13:53,586 [INFO] Sending command to the server: 'time'
client 2023-07-20 00:13:53,589 [INFO] Got response: '1689808433.4364626'
client 2023-07-20 00:13:53,589 [INFO] The time difference between the client and the server is within range 150.281 ms..153.332 ms
client 2023-07-20 00:13:53,595 [INFO] Copying loadgen logs from '/home/arjun/mobilenet_results/valid_results/raspberrypi-tflite_armnn_cpp-cpu-armnn_tflite-v22.11-using_neon/mobilenet-v2-precision_float-1.0-192/singlestream/performance/run_1' to '/home/arjun/mobilenet_results/valid_results/raspberrypi-tflite_armnn_cpp-cpu-armnn_tflite-v22.11-using_neon/mobilenet-v2-precision_float-1.0-192/singlestream/performance/tmp_power/run_1'
client 2023-07-20 00:13:53,604 [INFO] Done runs
