client 2023-07-16 00:37:58,579 [INFO] Creating output directory '/home/arjun/mobilenet_results/valid_results/raspberrypi-tflite_armnn_cpp-cpu-armnn_tflite-v23.05-using_neon/mobilenet-v2-precision_float-0.75-192/singlestream/performance/tmp_power'
client 2023-07-16 00:37:58,587 [INFO] Sending command to the server: 'mlcommons/power client v3'
client 2023-07-16 00:37:58,590 [INFO] Got response: 'mlcommons/power server v3'
client 2023-07-16 00:37:58,590 [INFO] Synchronizing with the server and with time.google.com...
client 2023-07-16 00:37:58,621 [INFO] NTP:offset = -0.003 s, delay = 0.012 s 
client 2023-07-16 00:37:58,621 [INFO] Sending command to the server: 'time'
client 2023-07-16 00:37:58,624 [INFO] Got response: '1689464278.537088'
client 2023-07-16 00:37:58,624 [INFO] The time difference between the client and the server is within range 84.402 ms..87.276 ms
client 2023-07-16 00:37:58,624 [INFO] Sending command to the server: 'new,,279e6069-fac3-4907-a06b-79f8e787b818'
client 2023-07-16 00:37:58,627 [INFO] Got response: 'OK 2023-07-16_00-37-58,5574316f-3762-4d60-af72-a6eaa61967c5'
client 2023-07-16 00:37:58,627 [INFO] Session id is '2023-07-16_00-37-58'
client 2023-07-16 00:37:58,627 [INFO] Sources: {"sources": {"__init__.py": "da39a3ee5e6b4b0d3255bfef95601890afd80709", "client.py": "33ca4f26368777ac06e01f9567b714a4b8063886", "lib/__init__.py": "da39a3ee5e6b4b0d3255bfef95601890afd80709", "lib/client.py": "ac2aa093c8e8bbc9569b9e2a3471bc64e58a2258", "lib/common.py": "611d8b29633d331eb19c9455ea3b5fa3284ed6df", "lib/external/__init__.py": "da39a3ee5e6b4b0d3255bfef95601890afd80709", "lib/external/ntplib.py": "4da8f970656505a40483206ef2b5d3dd5e81711d", "lib/server.py": "c7af63c31bb2fbedea4345f571f6e3507d268ada", "lib/source_hashes.py": "60a2e02193209e8d392803326208d5466342da18", "lib/summary.py": "aa92f0a3f975eecd44d3c0cd0236342ccc9f941d", "lib/time_sync.py": "122eba67a9abc85635223e054def53be1367ade2", "server.py": "c3f90f2f7eeb4db30727556d0c815ebc89b3d28b", "tests/unit/__init__.py": "da39a3ee5e6b4b0d3255bfef95601890afd80709", "tests/unit/test_server.py": "948c1995d4008bc2aa6c4046a34ffa3858d6d671", "tests/unit/test_source_hashes.py": "00468a2907583c593e6574a1f6b404e4651c221a"}, "modules": {"ptd_client_server.lib.client": "lib/client.py", "ptd_client_server.lib.common": "lib/common.py", "ptd_client_server.lib.external.ntplib": "lib/external/ntplib.py", "ptd_client_server.lib.source_hashes": "lib/source_hashes.py", "ptd_client_server.lib.summary": "lib/summary.py", "ptd_client_server.lib.time_sync": "lib/time_sync.py"}}
client 2023-07-16 00:37:58,628 [INFO] Running workload in ranging mode
client 2023-07-16 00:37:58,628 [INFO] Synchronizing with the server and with time.google.com...
client 2023-07-16 00:37:58,657 [INFO] NTP:offset = -0.004 s, delay = 0.014 s 
client 2023-07-16 00:37:58,657 [INFO] Sending command to the server: 'time'
client 2023-07-16 00:37:58,660 [INFO] Got response: '1689464278.567328'
client 2023-07-16 00:37:58,660 [INFO] The time difference between the client and the server is within range 89.937 ms..92.918 ms
client 2023-07-16 00:37:58,660 [INFO] Sending command to the server: 'session,2023-07-16_00-37-58,start,ranging'
client 2023-07-16 00:38:27,377 [INFO] Got response: 'OK'
client 2023-07-16 00:38:27,378 [INFO] Sending command to the server: 'time'
client 2023-07-16 00:38:27,382 [INFO] Got response: '1689464307.2935884'
client 2023-07-16 00:38:27,383 [INFO] The time difference between the client and the server is within range 84.925 ms..89.753 ms
client 2023-07-16 00:38:27,383 [INFO] Running the workload 'CM_MLPERF_RUN_COUNT=$(cat ${CM_RUN_DIR}/count.txt); echo ${CM_MLPERF_RUN_COUNT}; CM_MLPERF_RUN_COUNT=$((CM_MLPERF_RUN_COUNT+1)); echo ${CM_MLPERF_RUN_COUNT} > ${CM_RUN_DIR}/count.txt && if [ ${CM_MLPERF_RUN_COUNT} -eq "1" ]; then export CM_MLPERF_USER_CONF=${CM_MLPERF_RANGING_USER_CONF}; else export CM_MLPERF_USER_CONF=${CM_MLPERF_TESTING_USER_CONF}; fi && /home/arjun/run.out'
client 2023-07-16 00:43:35,165 [INFO] Sending command to the server: 'time'
client 2023-07-16 00:43:35,170 [INFO] Got response: '1689464615.0733163'
client 2023-07-16 00:43:35,170 [INFO] The time difference between the client and the server is within range 92.219 ms..97.381 ms
client 2023-07-16 00:43:35,170 [INFO] Sending command to the server: 'session,2023-07-16_00-37-58,stop,ranging'
client 2023-07-16 00:43:45,635 [INFO] Got response: 'OK'
client 2023-07-16 00:43:45,636 [INFO] Sending command to the server: 'time'
client 2023-07-16 00:43:45,639 [INFO] Got response: '1689464625.5461738'
client 2023-07-16 00:43:45,639 [INFO] The time difference between the client and the server is within range 89.777 ms..93.621 ms
client 2023-07-16 00:43:45,674 [INFO] Copying loadgen logs from '/home/arjun/mobilenet_results/valid_results/raspberrypi-tflite_armnn_cpp-cpu-armnn_tflite-v23.05-using_neon/mobilenet-v2-precision_float-0.75-192/singlestream/performance/run_1' to '/home/arjun/mobilenet_results/valid_results/raspberrypi-tflite_armnn_cpp-cpu-armnn_tflite-v23.05-using_neon/mobilenet-v2-precision_float-0.75-192/singlestream/performance/tmp_power/ranging'
client 2023-07-16 00:43:45,677 [INFO] Running workload in testing mode
client 2023-07-16 00:43:45,678 [INFO] Synchronizing with the server and with time.google.com...
client 2023-07-16 00:43:45,712 [INFO] NTP:offset = -0.002 s, delay = 0.016 s 
client 2023-07-16 00:43:45,713 [INFO] Sending command to the server: 'time'
client 2023-07-16 00:43:45,716 [INFO] Got response: '1689464625.6173863'
client 2023-07-16 00:43:45,717 [INFO] The time difference between the client and the server is within range 95.710 ms..99.771 ms
client 2023-07-16 00:43:45,717 [INFO] Sending command to the server: 'session,2023-07-16_00-37-58,start,testing'
client 2023-07-16 00:43:58,751 [INFO] Got response: 'OK'
client 2023-07-16 00:43:58,751 [INFO] Sending command to the server: 'time'
client 2023-07-16 00:43:58,756 [INFO] Got response: '1689464638.6556797'
client 2023-07-16 00:43:58,756 [INFO] The time difference between the client and the server is within range 96.047 ms..100.972 ms
client 2023-07-16 00:43:58,757 [INFO] Running the workload 'CM_MLPERF_RUN_COUNT=$(cat ${CM_RUN_DIR}/count.txt); echo ${CM_MLPERF_RUN_COUNT}; CM_MLPERF_RUN_COUNT=$((CM_MLPERF_RUN_COUNT+1)); echo ${CM_MLPERF_RUN_COUNT} > ${CM_RUN_DIR}/count.txt && if [ ${CM_MLPERF_RUN_COUNT} -eq "1" ]; then export CM_MLPERF_USER_CONF=${CM_MLPERF_RANGING_USER_CONF}; else export CM_MLPERF_USER_CONF=${CM_MLPERF_TESTING_USER_CONF}; fi && /home/arjun/run.out'
client 2023-07-16 00:54:10,778 [INFO] Sending command to the server: 'time'
client 2023-07-16 00:54:10,783 [INFO] Got response: '1689465250.6816611'
client 2023-07-16 00:54:10,783 [INFO] The time difference between the client and the server is within range 96.237 ms..101.545 ms
client 2023-07-16 00:54:10,783 [INFO] Sending command to the server: 'session,2023-07-16_00-37-58,stop,testing'
client 2023-07-16 00:54:21,826 [INFO] Got response: 'OK'
client 2023-07-16 00:54:21,826 [INFO] Sending command to the server: 'time'
client 2023-07-16 00:54:21,829 [INFO] Got response: '1689465261.7208803'
client 2023-07-16 00:54:21,829 [INFO] The time difference between the client and the server is within range 105.793 ms..108.883 ms
client 2023-07-16 00:54:21,834 [INFO] Copying loadgen logs from '/home/arjun/mobilenet_results/valid_results/raspberrypi-tflite_armnn_cpp-cpu-armnn_tflite-v23.05-using_neon/mobilenet-v2-precision_float-0.75-192/singlestream/performance/run_1' to '/home/arjun/mobilenet_results/valid_results/raspberrypi-tflite_armnn_cpp-cpu-armnn_tflite-v23.05-using_neon/mobilenet-v2-precision_float-0.75-192/singlestream/performance/tmp_power/run_1'
client 2023-07-16 00:54:21,837 [INFO] Done runs
