client 2023-07-12 22:51:19,655 [INFO] Creating output directory '/home/arjun/mobilenet_results/valid_results/orin-tflite_armnn_cpp-cpu-armnn_tflite-v23.05-using_neon/mobilenet-v1-precision_float-0.5-128/singlestream/performance/tmp_power'
client 2023-07-12 22:51:19,658 [INFO] Sending command to the server: 'mlcommons/power client v3'
client 2023-07-12 22:51:19,662 [INFO] Got response: 'mlcommons/power server v3'
client 2023-07-12 22:51:19,662 [INFO] Synchronizing with the server and with time.google.com...
client 2023-07-12 22:51:19,682 [INFO] NTP:offset = -0.006 s, delay = 0.016 s 
client 2023-07-12 22:51:19,682 [INFO] Sending command to the server: 'time'
client 2023-07-12 22:51:19,685 [INFO] Got response: '1689198679.588231'
client 2023-07-12 22:51:19,685 [INFO] The time difference between the client and the server is within range 94.593 ms..97.547 ms
client 2023-07-12 22:51:19,685 [INFO] Sending command to the server: 'new,,69dcae3e-c3df-48a9-90c9-e179adc9d43c'
client 2023-07-12 22:51:19,688 [INFO] Got response: 'OK 2023-07-12_22-51-19,c86b4eed-e89d-461a-8aa6-45a9b85a8c15'
client 2023-07-12 22:51:19,688 [INFO] Session id is '2023-07-12_22-51-19'
client 2023-07-12 22:51:19,688 [INFO] Sources: {"sources": {"__init__.py": "da39a3ee5e6b4b0d3255bfef95601890afd80709", "client.py": "33ca4f26368777ac06e01f9567b714a4b8063886", "lib/__init__.py": "da39a3ee5e6b4b0d3255bfef95601890afd80709", "lib/client.py": "ac2aa093c8e8bbc9569b9e2a3471bc64e58a2258", "lib/common.py": "611d8b29633d331eb19c9455ea3b5fa3284ed6df", "lib/external/__init__.py": "da39a3ee5e6b4b0d3255bfef95601890afd80709", "lib/external/ntplib.py": "4da8f970656505a40483206ef2b5d3dd5e81711d", "lib/server.py": "c7af63c31bb2fbedea4345f571f6e3507d268ada", "lib/source_hashes.py": "60a2e02193209e8d392803326208d5466342da18", "lib/summary.py": "aa92f0a3f975eecd44d3c0cd0236342ccc9f941d", "lib/time_sync.py": "122eba67a9abc85635223e054def53be1367ade2", "server.py": "c3f90f2f7eeb4db30727556d0c815ebc89b3d28b", "tests/unit/__init__.py": "da39a3ee5e6b4b0d3255bfef95601890afd80709", "tests/unit/test_server.py": "948c1995d4008bc2aa6c4046a34ffa3858d6d671", "tests/unit/test_source_hashes.py": "00468a2907583c593e6574a1f6b404e4651c221a"}, "modules": {"ptd_client_server.lib.client": "lib/client.py", "ptd_client_server.lib.common": "lib/common.py", "ptd_client_server.lib.external.ntplib": "lib/external/ntplib.py", "ptd_client_server.lib.source_hashes": "lib/source_hashes.py", "ptd_client_server.lib.summary": "lib/summary.py", "ptd_client_server.lib.time_sync": "lib/time_sync.py"}}
client 2023-07-12 22:51:19,689 [INFO] Running workload in ranging mode
client 2023-07-12 22:51:19,689 [INFO] Synchronizing with the server and with time.google.com...
client 2023-07-12 22:51:19,706 [INFO] NTP:offset = -0.006 s, delay = 0.016 s 
client 2023-07-12 22:51:19,706 [INFO] Sending command to the server: 'time'
client 2023-07-12 22:51:19,710 [INFO] Got response: '1689198679.6092148'
client 2023-07-12 22:51:19,710 [INFO] The time difference between the client and the server is within range 96.984 ms..100.936 ms
client 2023-07-12 22:51:19,710 [INFO] Sending command to the server: 'session,2023-07-12_22-51-19,start,ranging'
client 2023-07-12 22:51:48,420 [INFO] Got response: 'OK'
client 2023-07-12 22:51:48,421 [INFO] Sending command to the server: 'time'
client 2023-07-12 22:51:48,425 [INFO] Got response: '1689198708.3247259'
client 2023-07-12 22:51:48,426 [INFO] The time difference between the client and the server is within range 96.549 ms..101.526 ms
client 2023-07-12 22:51:48,426 [INFO] Running the workload 'CM_MLPERF_RUN_COUNT=$(cat ${CM_RUN_DIR}/count.txt); echo ${CM_MLPERF_RUN_COUNT}; CM_MLPERF_RUN_COUNT=$((CM_MLPERF_RUN_COUNT+1)); echo ${CM_MLPERF_RUN_COUNT} > ${CM_RUN_DIR}/count.txt && if [ ${CM_MLPERF_RUN_COUNT} -eq "1" ]; then export CM_MLPERF_USER_CONF=${CM_MLPERF_RANGING_USER_CONF}; else export CM_MLPERF_USER_CONF=${CM_MLPERF_TESTING_USER_CONF}; fi && /home/arjun/run.out'
client 2023-07-12 22:56:50,200 [INFO] Sending command to the server: 'time'
client 2023-07-12 22:56:50,205 [INFO] Got response: '1689199010.1034987'
client 2023-07-12 22:56:50,206 [INFO] The time difference between the client and the server is within range 97.073 ms..102.757 ms
client 2023-07-12 22:56:50,206 [INFO] Sending command to the server: 'session,2023-07-12_22-51-19,stop,ranging'
client 2023-07-12 22:57:00,509 [INFO] Got response: 'OK'
client 2023-07-12 22:57:00,510 [INFO] Sending command to the server: 'time'
client 2023-07-12 22:57:00,515 [INFO] Got response: '1689199020.4206388'
client 2023-07-12 22:57:00,516 [INFO] The time difference between the client and the server is within range 90.191 ms..95.264 ms
client 2023-07-12 22:57:00,544 [INFO] Copying loadgen logs from '/home/arjun/mobilenet_results/valid_results/orin-tflite_armnn_cpp-cpu-armnn_tflite-v23.05-using_neon/mobilenet-v1-precision_float-0.5-128/singlestream/performance/run_1' to '/home/arjun/mobilenet_results/valid_results/orin-tflite_armnn_cpp-cpu-armnn_tflite-v23.05-using_neon/mobilenet-v1-precision_float-0.5-128/singlestream/performance/tmp_power/ranging'
client 2023-07-12 22:57:00,546 [INFO] Running workload in testing mode
client 2023-07-12 22:57:00,546 [INFO] Synchronizing with the server and with time.google.com...
client 2023-07-12 22:57:00,565 [INFO] NTP:offset = -0.007 s, delay = 0.015 s 
client 2023-07-12 22:57:00,565 [INFO] Sending command to the server: 'time'
client 2023-07-12 22:57:00,569 [INFO] Got response: '1689199020.4721332'
client 2023-07-12 22:57:00,569 [INFO] The time difference between the client and the server is within range 93.294 ms..97.490 ms
client 2023-07-12 22:57:00,569 [INFO] Sending command to the server: 'session,2023-07-12_22-51-19,start,testing'
client 2023-07-12 22:57:13,607 [INFO] Got response: 'OK'
client 2023-07-12 22:57:13,608 [INFO] Sending command to the server: 'time'
client 2023-07-12 22:57:13,613 [INFO] Got response: '1689199033.5103939'
client 2023-07-12 22:57:13,613 [INFO] The time difference between the client and the server is within range 97.927 ms..103.324 ms
client 2023-07-12 22:57:13,614 [INFO] Running the workload 'CM_MLPERF_RUN_COUNT=$(cat ${CM_RUN_DIR}/count.txt); echo ${CM_MLPERF_RUN_COUNT}; CM_MLPERF_RUN_COUNT=$((CM_MLPERF_RUN_COUNT+1)); echo ${CM_MLPERF_RUN_COUNT} > ${CM_RUN_DIR}/count.txt && if [ ${CM_MLPERF_RUN_COUNT} -eq "1" ]; then export CM_MLPERF_USER_CONF=${CM_MLPERF_RANGING_USER_CONF}; else export CM_MLPERF_USER_CONF=${CM_MLPERF_TESTING_USER_CONF}; fi && /home/arjun/run.out'
client 2023-07-12 23:07:16,897 [INFO] Sending command to the server: 'time'
client 2023-07-12 23:07:16,902 [INFO] Got response: '1689199636.8121994'
client 2023-07-12 23:07:16,902 [INFO] The time difference between the client and the server is within range 85.404 ms..90.419 ms
client 2023-07-12 23:07:16,902 [INFO] Sending command to the server: 'session,2023-07-12_22-51-19,stop,testing'
client 2023-07-12 23:07:27,678 [INFO] Got response: 'OK'
client 2023-07-12 23:07:27,680 [INFO] Sending command to the server: 'time'
client 2023-07-12 23:07:27,683 [INFO] Got response: '1689199647.5878344'
client 2023-07-12 23:07:27,683 [INFO] The time difference between the client and the server is within range 92.229 ms..95.398 ms
client 2023-07-12 23:07:27,687 [INFO] Copying loadgen logs from '/home/arjun/mobilenet_results/valid_results/orin-tflite_armnn_cpp-cpu-armnn_tflite-v23.05-using_neon/mobilenet-v1-precision_float-0.5-128/singlestream/performance/run_1' to '/home/arjun/mobilenet_results/valid_results/orin-tflite_armnn_cpp-cpu-armnn_tflite-v23.05-using_neon/mobilenet-v1-precision_float-0.5-128/singlestream/performance/tmp_power/run_1'
client 2023-07-12 23:07:27,690 [INFO] Done runs
