client 2023-07-30 07:12:17,958 [INFO] Sending command to the server: 'mlcommons/power client v3'
client 2023-07-30 07:12:17,959 [INFO] Got response: 'mlcommons/power server v3'
client 2023-07-30 07:12:17,959 [INFO] Sending command to the server: 'stop'
client 2023-07-30 07:12:17,960 [INFO] Got response: 'OK'
client 2023-07-30 07:12:17,960 [INFO] Synchronizing with the server and with 192.168.123.123...
client 2023-07-30 07:12:17,962 [INFO] NTP:offset = -0.000 s, delay = 0.000 s 
client 2023-07-30 07:12:17,962 [INFO] Sending command to the server: 'time'
client 2023-07-30 07:12:17,962 [INFO] Got response: '1690701137.9624314'
client 2023-07-30 07:12:17,962 [INFO] The time difference between the client and the server is within range -0.165 ms..0.166 ms
client 2023-07-30 07:12:17,962 [INFO] Sending command to the server: 'new,,7e604413-b3d7-4909-9f17-ae3116891750'
client 2023-07-30 07:12:17,963 [INFO] Got response: 'OK 2023-07-30_07-12-17,faeb14a4-462b-4818-aa91-40881f4631c1'
client 2023-07-30 07:12:17,963 [INFO] Session id is '2023-07-30_07-12-17'
client 2023-07-30 07:12:17,963 [INFO] Sources: {"sources": {"__init__.py": "da39a3ee5e6b4b0d3255bfef95601890afd80709", "client.py": "33ca4f26368777ac06e01f9567b714a4b8063886", "lib/__init__.py": "da39a3ee5e6b4b0d3255bfef95601890afd80709", "lib/client.py": "ac2aa093c8e8bbc9569b9e2a3471bc64e58a2258", "lib/common.py": "611d8b29633d331eb19c9455ea3b5fa3284ed6df", "lib/external/__init__.py": "da39a3ee5e6b4b0d3255bfef95601890afd80709", "lib/external/ntplib.py": "4da8f970656505a40483206ef2b5d3dd5e81711d", "lib/server.py": "c7af63c31bb2fbedea4345f571f6e3507d268ada", "lib/source_hashes.py": "60a2e02193209e8d392803326208d5466342da18", "lib/summary.py": "aa92f0a3f975eecd44d3c0cd0236342ccc9f941d", "lib/time_sync.py": "122eba67a9abc85635223e054def53be1367ade2", "server.py": "c3f90f2f7eeb4db30727556d0c815ebc89b3d28b", "tests/unit/__init__.py": "da39a3ee5e6b4b0d3255bfef95601890afd80709", "tests/unit/test_server.py": "948c1995d4008bc2aa6c4046a34ffa3858d6d671", "tests/unit/test_source_hashes.py": "00468a2907583c593e6574a1f6b404e4651c221a"}, "modules": {"ptd_client_server.lib.client": "lib/client.py", "ptd_client_server.lib.common": "lib/common.py", "ptd_client_server.lib.external.ntplib": "lib/external/ntplib.py", "ptd_client_server.lib.source_hashes": "lib/source_hashes.py", "ptd_client_server.lib.summary": "lib/summary.py", "ptd_client_server.lib.time_sync": "lib/time_sync.py"}}
client 2023-07-30 07:12:17,964 [INFO] Running workload in ranging mode
client 2023-07-30 07:12:17,964 [INFO] Synchronizing with the server and with 192.168.123.123...
client 2023-07-30 07:12:17,964 [INFO] NTP:offset = -0.000 s, delay = 0.000 s 
client 2023-07-30 07:12:17,964 [INFO] Sending command to the server: 'time'
client 2023-07-30 07:12:17,964 [INFO] Got response: '1690701137.964831'
client 2023-07-30 07:12:17,964 [INFO] The time difference between the client and the server is within range -0.111 ms..0.122 ms
client 2023-07-30 07:12:17,964 [INFO] Sending command to the server: 'session,2023-07-30_07-12-17,start,ranging'
client 2023-07-30 07:12:56,618 [INFO] Got response: 'OK'
client 2023-07-30 07:12:56,618 [INFO] Sending command to the server: 'time'
client 2023-07-30 07:12:56,618 [INFO] Got response: '1690701176.6186671'
client 2023-07-30 07:12:56,618 [INFO] The time difference between the client and the server is within range -0.184 ms..0.288 ms
client 2023-07-30 07:12:56,619 [INFO] Running the workload 'LOG_DIR=/work/build/power_logs_temp python3.8 -m code.main --benchmarks=resnet50 --scenarios=Singlestream --config_ver=maxq_default --test_mode=PerformanceOnly --action="run_harness" \\\n\t\t2>&1 | tee -a /work/build/power_logs/2023.07.30-07.11.35/stdout.txt \\\n\t\t&& if [ ! -d /work/build/power_logs/2023.07.30-07.11.35/ranging_tmp ]; \\\n\t\t\tthen mkdir /work/build/power_logs/2023.07.30-07.11.35/ranging_tmp \\\n\t\t\t\t&& mv /work/build/power_logs_temp/* /work/build/power_logs/2023.07.30-07.11.35/ranging_tmp/ \\\n\t\t\t\t&& cp -v /work/build/power_logs/2023.07.30-07.11.35/ranging_tmp/*/*/*/mlperf_log_detail.txt /work/build/power_logs_temp/ \\\n\t\t\t\t&& cp -v /work/build/power_logs/2023.07.30-07.11.35/ranging_tmp/*/*/*/mlperf_log_summary.txt /work/build/power_logs_temp/; \\\n\t\t\telse mkdir /work/build/power_logs/2023.07.30-07.11.35/testing_tmp \\\n\t\t\t\t&& mv /work/build/power_logs_temp/* /work/build/power_logs/2023.07.30-07.11.35/testing_tmp/ \\\n\t\t\t\t&& cp -v /work/build/power_logs/2023.07.30-07.11.35/testing_tmp/*/*/*/mlperf_log_detail.txt /work/build/power_logs_temp/ \\\n\t\t\t\t&& cp -v /work/build/power_logs/2023.07.30-07.11.35/testing_tmp/*/*/*/mlperf_log_summary.txt /work/build/power_logs_temp/; fi'
client 2023-07-30 07:23:05,678 [INFO] Sending command to the server: 'time'
client 2023-07-30 07:23:05,679 [INFO] Got response: '1690701785.679056'
client 2023-07-30 07:23:05,679 [INFO] The time difference between the client and the server is within range -0.625 ms..0.208 ms
client 2023-07-30 07:23:05,679 [INFO] Sending command to the server: 'session,2023-07-30_07-12-17,stop,ranging'
client 2023-07-30 07:23:16,673 [INFO] Got response: 'OK'
client 2023-07-30 07:23:16,673 [INFO] Sending command to the server: 'time'
client 2023-07-30 07:23:16,674 [INFO] Got response: '1690701796.6740904'
client 2023-07-30 07:23:16,674 [INFO] The time difference between the client and the server is within range -0.148 ms..0.099 ms
client 2023-07-30 07:23:16,678 [INFO] Copying loadgen logs from '/work/build/power_logs_temp' to '/work/build/power_logs/2023.07.30-07.11.35/2023-07-30_07-12-17/ranging'
client 2023-07-30 07:23:16,681 [INFO] Running workload in testing mode
client 2023-07-30 07:23:16,681 [INFO] Synchronizing with the server and with 192.168.123.123...
client 2023-07-30 07:23:16,681 [INFO] NTP:offset = -0.000 s, delay = 0.000 s 
client 2023-07-30 07:23:16,681 [INFO] Sending command to the server: 'time'
client 2023-07-30 07:23:16,681 [INFO] Got response: '1690701796.681914'
client 2023-07-30 07:23:16,682 [INFO] The time difference between the client and the server is within range -0.137 ms..0.098 ms
client 2023-07-30 07:23:16,682 [INFO] Sending command to the server: 'session,2023-07-30_07-12-17,start,testing'
client 2023-07-30 07:23:38,295 [INFO] Got response: 'OK'
client 2023-07-30 07:23:38,295 [INFO] Sending command to the server: 'time'
client 2023-07-30 07:23:38,295 [INFO] Got response: '1690701818.295361'
client 2023-07-30 07:23:38,295 [INFO] The time difference between the client and the server is within range -0.156 ms..0.201 ms
client 2023-07-30 07:23:38,295 [INFO] Running the workload 'LOG_DIR=/work/build/power_logs_temp python3.8 -m code.main --benchmarks=resnet50 --scenarios=Singlestream --config_ver=maxq_default --test_mode=PerformanceOnly --action="run_harness" \\\n\t\t2>&1 | tee -a /work/build/power_logs/2023.07.30-07.11.35/stdout.txt \\\n\t\t&& if [ ! -d /work/build/power_logs/2023.07.30-07.11.35/ranging_tmp ]; \\\n\t\t\tthen mkdir /work/build/power_logs/2023.07.30-07.11.35/ranging_tmp \\\n\t\t\t\t&& mv /work/build/power_logs_temp/* /work/build/power_logs/2023.07.30-07.11.35/ranging_tmp/ \\\n\t\t\t\t&& cp -v /work/build/power_logs/2023.07.30-07.11.35/ranging_tmp/*/*/*/mlperf_log_detail.txt /work/build/power_logs_temp/ \\\n\t\t\t\t&& cp -v /work/build/power_logs/2023.07.30-07.11.35/ranging_tmp/*/*/*/mlperf_log_summary.txt /work/build/power_logs_temp/; \\\n\t\t\telse mkdir /work/build/power_logs/2023.07.30-07.11.35/testing_tmp \\\n\t\t\t\t&& mv /work/build/power_logs_temp/* /work/build/power_logs/2023.07.30-07.11.35/testing_tmp/ \\\n\t\t\t\t&& cp -v /work/build/power_logs/2023.07.30-07.11.35/testing_tmp/*/*/*/mlperf_log_detail.txt /work/build/power_logs_temp/ \\\n\t\t\t\t&& cp -v /work/build/power_logs/2023.07.30-07.11.35/testing_tmp/*/*/*/mlperf_log_summary.txt /work/build/power_logs_temp/; fi'
client 2023-07-30 07:33:47,356 [INFO] Sending command to the server: 'time'
client 2023-07-30 07:33:47,357 [INFO] Got response: '1690702427.3574905'
client 2023-07-30 07:33:47,357 [INFO] The time difference between the client and the server is within range -0.630 ms..0.229 ms
client 2023-07-30 07:33:47,357 [INFO] Sending command to the server: 'session,2023-07-30_07-12-17,stop,testing'
client 2023-07-30 07:33:58,337 [INFO] Got response: 'OK'
client 2023-07-30 07:33:58,337 [INFO] Sending command to the server: 'time'
client 2023-07-30 07:33:58,337 [INFO] Got response: '1690702438.3375638'
client 2023-07-30 07:33:58,337 [INFO] The time difference between the client and the server is within range -0.133 ms..0.110 ms
client 2023-07-30 07:33:58,339 [INFO] Copying loadgen logs from '/work/build/power_logs_temp' to '/work/build/power_logs/2023.07.30-07.11.35/2023-07-30_07-12-17/run_1'
client 2023-07-30 07:33:58,341 [INFO] Done runs
