client 2023-07-10 05:46:44,014 [INFO] Creating output directory '/home/arjun/mobilenet_results/valid_results/orin-tflite_cpp-cpu-tflite-vmaster-default_config/efficientnet-fp32-lite2/singlestream/performance/tmp_power'
client 2023-07-10 05:46:44,079 [INFO] Sending command to the server: 'mlcommons/power client v3'
client 2023-07-10 05:46:44,082 [INFO] Got response: 'mlcommons/power server v3'
client 2023-07-10 05:46:44,082 [INFO] Synchronizing with the server and with time.google.com...
client 2023-07-10 05:46:44,109 [INFO] NTP:offset = 0.001 s, delay = 0.017 s 
client 2023-07-10 05:46:44,110 [INFO] Sending command to the server: 'time'
client 2023-07-10 05:46:44,112 [INFO] Got response: '1688964404.112145'
client 2023-07-10 05:46:44,112 [INFO] The time difference between the client and the server is within range -2.017 ms..0.172 ms
client 2023-07-10 05:46:44,112 [INFO] Sending command to the server: 'new,,6a50f6db-df4f-4cfc-8391-c570fd34466e'
client 2023-07-10 05:46:44,114 [INFO] Got response: 'OK 2023-07-10_04-46-44,0efc0135-e787-463c-aba4-73528a0f635b'
client 2023-07-10 05:46:44,114 [INFO] Session id is '2023-07-10_04-46-44'
client 2023-07-10 05:46:44,115 [INFO] Sources: {"sources": {"__init__.py": "da39a3ee5e6b4b0d3255bfef95601890afd80709", "client.py": "33ca4f26368777ac06e01f9567b714a4b8063886", "lib/__init__.py": "da39a3ee5e6b4b0d3255bfef95601890afd80709", "lib/client.py": "ac2aa093c8e8bbc9569b9e2a3471bc64e58a2258", "lib/common.py": "611d8b29633d331eb19c9455ea3b5fa3284ed6df", "lib/external/__init__.py": "da39a3ee5e6b4b0d3255bfef95601890afd80709", "lib/external/ntplib.py": "4da8f970656505a40483206ef2b5d3dd5e81711d", "lib/server.py": "c7af63c31bb2fbedea4345f571f6e3507d268ada", "lib/source_hashes.py": "60a2e02193209e8d392803326208d5466342da18", "lib/summary.py": "aa92f0a3f975eecd44d3c0cd0236342ccc9f941d", "lib/time_sync.py": "122eba67a9abc85635223e054def53be1367ade2", "server.py": "c3f90f2f7eeb4db30727556d0c815ebc89b3d28b", "tests/unit/__init__.py": "da39a3ee5e6b4b0d3255bfef95601890afd80709", "tests/unit/test_server.py": "948c1995d4008bc2aa6c4046a34ffa3858d6d671", "tests/unit/test_source_hashes.py": "00468a2907583c593e6574a1f6b404e4651c221a"}, "modules": {"ptd_client_server.lib.client": "lib/client.py", "ptd_client_server.lib.common": "lib/common.py", "ptd_client_server.lib.external.ntplib": "lib/external/ntplib.py", "ptd_client_server.lib.source_hashes": "lib/source_hashes.py", "ptd_client_server.lib.summary": "lib/summary.py", "ptd_client_server.lib.time_sync": "lib/time_sync.py"}}
client 2023-07-10 05:46:44,115 [INFO] Running workload in ranging mode
client 2023-07-10 05:46:44,115 [INFO] Synchronizing with the server and with time.google.com...
client 2023-07-10 05:46:44,133 [INFO] NTP:offset = 0.002 s, delay = 0.016 s 
client 2023-07-10 05:46:44,133 [INFO] Sending command to the server: 'time'
client 2023-07-10 05:46:44,135 [INFO] Got response: '1688964404.135134'
client 2023-07-10 05:46:44,135 [INFO] The time difference between the client and the server is within range -1.960 ms..0.216 ms
client 2023-07-10 05:46:44,135 [INFO] Sending command to the server: 'session,2023-07-10_04-46-44,start,ranging'
client 2023-07-10 05:47:12,216 [INFO] Got response: 'OK'
client 2023-07-10 05:47:12,217 [INFO] Sending command to the server: 'time'
client 2023-07-10 05:47:12,219 [INFO] Got response: '1688964432.218776'
client 2023-07-10 05:47:12,219 [INFO] The time difference between the client and the server is within range -1.748 ms..0.492 ms
client 2023-07-10 05:47:12,219 [INFO] Running the workload 'CM_MLPERF_RUN_COUNT=$(cat ${CM_RUN_DIR}/count.txt); echo ${CM_MLPERF_RUN_COUNT}; CM_MLPERF_RUN_COUNT=$((CM_MLPERF_RUN_COUNT+1)); echo ${CM_MLPERF_RUN_COUNT} > ${CM_RUN_DIR}/count.txt && if [ ${CM_MLPERF_RUN_COUNT} -eq "1" ]; then export CM_MLPERF_USER_CONF=${CM_MLPERF_RANGING_USER_CONF}; else export CM_MLPERF_USER_CONF=${CM_MLPERF_TESTING_USER_CONF}; fi && /home/arjun/run.out'
client 2023-07-10 05:52:22,098 [INFO] Sending command to the server: 'time'
client 2023-07-10 05:52:22,208 [INFO] Got response: '1688964742.2070959'
client 2023-07-10 05:52:22,208 [INFO] The time difference between the client and the server is within range -108.362 ms..1.417 ms
client 2023-07-10 05:52:22,208 [INFO] Sending command to the server: 'session,2023-07-10_04-46-44,stop,ranging'
client 2023-07-10 05:52:33,332 [INFO] Got response: 'OK'
client 2023-07-10 05:52:33,333 [INFO] Sending command to the server: 'time'
client 2023-07-10 05:52:33,336 [INFO] Got response: '1688964753.335753'
client 2023-07-10 05:52:33,337 [INFO] The time difference between the client and the server is within range -2.464 ms..1.241 ms
client 2023-07-10 05:52:33,365 [INFO] Copying loadgen logs from '/home/arjun/mobilenet_results/valid_results/orin-tflite_cpp-cpu-tflite-vmaster-default_config/efficientnet-fp32-lite2/singlestream/performance/run_1' to '/home/arjun/mobilenet_results/valid_results/orin-tflite_cpp-cpu-tflite-vmaster-default_config/efficientnet-fp32-lite2/singlestream/performance/tmp_power/ranging'
client 2023-07-10 05:52:33,368 [INFO] Running workload in testing mode
client 2023-07-10 05:52:33,368 [INFO] Synchronizing with the server and with time.google.com...
client 2023-07-10 05:52:33,403 [INFO] NTP:offset = 0.002 s, delay = 0.018 s 
client 2023-07-10 05:52:33,403 [INFO] Sending command to the server: 'time'
client 2023-07-10 05:52:33,407 [INFO] Got response: '1688964753.4066248'
client 2023-07-10 05:52:33,407 [INFO] The time difference between the client and the server is within range -2.735 ms..0.784 ms
client 2023-07-10 05:52:33,407 [INFO] Sending command to the server: 'session,2023-07-10_04-46-44,start,testing'
client 2023-07-10 05:52:46,432 [INFO] Got response: 'OK'
client 2023-07-10 05:52:46,432 [INFO] Sending command to the server: 'time'
client 2023-07-10 05:52:46,437 [INFO] Got response: '1688964766.4354243'
client 2023-07-10 05:52:46,437 [INFO] The time difference between the client and the server is within range -2.651 ms..1.936 ms
client 2023-07-10 05:52:46,437 [INFO] Running the workload 'CM_MLPERF_RUN_COUNT=$(cat ${CM_RUN_DIR}/count.txt); echo ${CM_MLPERF_RUN_COUNT}; CM_MLPERF_RUN_COUNT=$((CM_MLPERF_RUN_COUNT+1)); echo ${CM_MLPERF_RUN_COUNT} > ${CM_RUN_DIR}/count.txt && if [ ${CM_MLPERF_RUN_COUNT} -eq "1" ]; then export CM_MLPERF_USER_CONF=${CM_MLPERF_RANGING_USER_CONF}; else export CM_MLPERF_USER_CONF=${CM_MLPERF_TESTING_USER_CONF}; fi && /home/arjun/run.out'
client 2023-07-10 06:02:57,911 [INFO] Sending command to the server: 'time'
client 2023-07-10 06:02:57,915 [INFO] Got response: '1688965377.915665'
client 2023-07-10 06:02:57,916 [INFO] The time difference between the client and the server is within range -4.385 ms..0.471 ms
client 2023-07-10 06:02:57,916 [INFO] Sending command to the server: 'session,2023-07-10_04-46-44,stop,testing'
client 2023-07-10 06:03:08,487 [INFO] Got response: 'OK'
client 2023-07-10 06:03:08,488 [INFO] Sending command to the server: 'time'
client 2023-07-10 06:03:08,491 [INFO] Got response: '1688965388.4907646'
client 2023-07-10 06:03:08,491 [INFO] The time difference between the client and the server is within range -2.692 ms..0.788 ms
client 2023-07-10 06:03:08,496 [INFO] Copying loadgen logs from '/home/arjun/mobilenet_results/valid_results/orin-tflite_cpp-cpu-tflite-vmaster-default_config/efficientnet-fp32-lite2/singlestream/performance/run_1' to '/home/arjun/mobilenet_results/valid_results/orin-tflite_cpp-cpu-tflite-vmaster-default_config/efficientnet-fp32-lite2/singlestream/performance/tmp_power/run_1'
client 2023-07-10 06:03:08,498 [INFO] Done runs
