client 2023-08-03 01:22:09,612 [INFO] Sending command to the server: 'mlcommons/power client v3'
client 2023-08-03 01:22:09,614 [INFO] Got response: 'mlcommons/power server v3'
client 2023-08-03 01:22:09,614 [INFO] Sending command to the server: 'stop'
client 2023-08-03 01:22:09,616 [INFO] Got response: 'OK'
client 2023-08-03 01:22:09,616 [INFO] Synchronizing with the server and with ib-01.dc4-in.nvidia.com...
client 2023-08-03 01:22:09,835 [INFO] NTP:offset = -0.007 s, delay = 0.212 s 
client 2023-08-03 01:22:09,835 [INFO] Sending command to the server: 'time'
client 2023-08-03 01:22:09,837 [INFO] Got response: '1691025729.8366256'
client 2023-08-03 01:22:09,837 [INFO] The time difference between the client and the server is within range -1.008 ms..0.600 ms
client 2023-08-03 01:22:09,837 [INFO] Sending command to the server: 'new,,1727beaf-9cb0-4c32-8d4e-fdb887325f79'
client 2023-08-03 01:22:09,839 [INFO] Got response: 'OK 2023-08-02_18-22-09,7f964d22-6a27-4648-b634-7d09c1ff8562'
client 2023-08-03 01:22:09,839 [INFO] Session id is '2023-08-02_18-22-09'
client 2023-08-03 01:22:09,839 [INFO] Sources: {"sources": {"__init__.py": "da39a3ee5e6b4b0d3255bfef95601890afd80709", "client.py": "33ca4f26368777ac06e01f9567b714a4b8063886", "lib/__init__.py": "da39a3ee5e6b4b0d3255bfef95601890afd80709", "lib/client.py": "ac2aa093c8e8bbc9569b9e2a3471bc64e58a2258", "lib/common.py": "611d8b29633d331eb19c9455ea3b5fa3284ed6df", "lib/external/__init__.py": "da39a3ee5e6b4b0d3255bfef95601890afd80709", "lib/external/ntplib.py": "4da8f970656505a40483206ef2b5d3dd5e81711d", "lib/server.py": "c7af63c31bb2fbedea4345f571f6e3507d268ada", "lib/source_hashes.py": "60a2e02193209e8d392803326208d5466342da18", "lib/summary.py": "aa92f0a3f975eecd44d3c0cd0236342ccc9f941d", "lib/time_sync.py": "122eba67a9abc85635223e054def53be1367ade2", "server.py": "c3f90f2f7eeb4db30727556d0c815ebc89b3d28b", "tests/unit/__init__.py": "da39a3ee5e6b4b0d3255bfef95601890afd80709", "tests/unit/test_server.py": "948c1995d4008bc2aa6c4046a34ffa3858d6d671", "tests/unit/test_source_hashes.py": "00468a2907583c593e6574a1f6b404e4651c221a"}, "modules": {"ptd_client_server.lib.client": "lib/client.py", "ptd_client_server.lib.common": "lib/common.py", "ptd_client_server.lib.external.ntplib": "lib/external/ntplib.py", "ptd_client_server.lib.source_hashes": "lib/source_hashes.py", "ptd_client_server.lib.summary": "lib/summary.py", "ptd_client_server.lib.time_sync": "lib/time_sync.py"}}
client 2023-08-03 01:22:09,842 [INFO] Running workload in ranging mode
client 2023-08-03 01:22:09,842 [INFO] Synchronizing with the server and with ib-01.dc4-in.nvidia.com...
client 2023-08-03 01:22:10,060 [INFO] NTP:offset = -0.007 s, delay = 0.212 s 
client 2023-08-03 01:22:10,060 [INFO] Sending command to the server: 'time'
client 2023-08-03 01:22:10,064 [INFO] Got response: '1691025730.0617723'
client 2023-08-03 01:22:10,064 [INFO] The time difference between the client and the server is within range -0.900 ms..2.710 ms
client 2023-08-03 01:22:10,064 [INFO] Sending command to the server: 'session,2023-08-02_18-22-09,start,ranging'
client 2023-08-03 01:22:49,984 [INFO] Got response: 'OK'
client 2023-08-03 01:22:49,984 [INFO] Sending command to the server: 'time'
client 2023-08-03 01:22:49,986 [INFO] Got response: '1691025769.9858193'
client 2023-08-03 01:22:49,986 [INFO] The time difference between the client and the server is within range -0.935 ms..0.493 ms
client 2023-08-03 01:22:49,986 [INFO] Running the workload 'LOG_DIR=/work/build/power_logs_temp python3.8 -m code.main --benchmarks=bert --scenarios=Server --test_mode=PerformanceOnly --config_ver=maxq --action="run_harness" \\\n\t\t2>&1 | tee -a /work/build/power_logs/2023.08.03-01.21.20/stdout.txt \\\n\t\t&& if [ ! -d /work/build/power_logs/2023.08.03-01.21.20/ranging_tmp ]; \\\n\t\t\tthen mkdir /work/build/power_logs/2023.08.03-01.21.20/ranging_tmp \\\n\t\t\t\t&& mv /work/build/power_logs_temp/* /work/build/power_logs/2023.08.03-01.21.20/ranging_tmp/ \\\n\t\t\t\t&& cp -v /work/build/power_logs/2023.08.03-01.21.20/ranging_tmp/*/*/*/mlperf_log_detail.txt /work/build/power_logs_temp/ \\\n\t\t\t\t&& cp -v /work/build/power_logs/2023.08.03-01.21.20/ranging_tmp/*/*/*/mlperf_log_summary.txt /work/build/power_logs_temp/; \\\n\t\t\telse mkdir /work/build/power_logs/2023.08.03-01.21.20/testing_tmp \\\n\t\t\t\t&& mv /work/build/power_logs_temp/* /work/build/power_logs/2023.08.03-01.21.20/testing_tmp/ \\\n\t\t\t\t&& cp -v /work/build/power_logs/2023.08.03-01.21.20/testing_tmp/*/*/*/mlperf_log_detail.txt /work/build/power_logs_temp/ \\\n\t\t\t\t&& cp -v /work/build/power_logs/2023.08.03-01.21.20/testing_tmp/*/*/*/mlperf_log_summary.txt /work/build/power_logs_temp/; fi'
client 2023-08-03 01:33:42,608 [INFO] Sending command to the server: 'time'
client 2023-08-03 01:33:42,610 [INFO] Got response: '1691026422.6106782'
client 2023-08-03 01:33:42,610 [INFO] The time difference between the client and the server is within range -1.834 ms..-0.002 ms
client 2023-08-03 01:33:42,610 [INFO] Sending command to the server: 'session,2023-08-02_18-22-09,stop,ranging'
client 2023-08-03 01:33:53,062 [INFO] Got response: 'OK'
client 2023-08-03 01:33:53,062 [INFO] Sending command to the server: 'time'
client 2023-08-03 01:33:53,063 [INFO] Got response: '1691026433.0637116'
client 2023-08-03 01:33:53,063 [INFO] The time difference between the client and the server is within range -1.320 ms..-0.208 ms
client 2023-08-03 01:33:53,074 [INFO] Copying loadgen logs from '/work/build/power_logs_temp' to '/work/build/power_logs/2023.08.03-01.21.20/2023-08-02_18-22-09/ranging'
client 2023-08-03 01:33:53,094 [INFO] Running workload in testing mode
client 2023-08-03 01:33:53,094 [INFO] Synchronizing with the server and with ib-01.dc4-in.nvidia.com...
client 2023-08-03 01:33:53,313 [INFO] NTP:offset = -0.006 s, delay = 0.212 s 
client 2023-08-03 01:33:53,313 [INFO] Sending command to the server: 'time'
client 2023-08-03 01:33:53,314 [INFO] Got response: '1691026433.314839'
client 2023-08-03 01:33:53,314 [INFO] The time difference between the client and the server is within range -1.536 ms..-0.103 ms
client 2023-08-03 01:33:53,314 [INFO] Sending command to the server: 'session,2023-08-02_18-22-09,start,testing'
client 2023-08-03 01:34:14,938 [INFO] Got response: 'OK'
client 2023-08-03 01:34:14,938 [INFO] Sending command to the server: 'time'
client 2023-08-03 01:34:14,940 [INFO] Got response: '1691026454.9404256'
client 2023-08-03 01:34:14,940 [INFO] The time difference between the client and the server is within range -1.528 ms..-0.185 ms
client 2023-08-03 01:34:14,940 [INFO] Running the workload 'LOG_DIR=/work/build/power_logs_temp python3.8 -m code.main --benchmarks=bert --scenarios=Server --test_mode=PerformanceOnly --config_ver=maxq --action="run_harness" \\\n\t\t2>&1 | tee -a /work/build/power_logs/2023.08.03-01.21.20/stdout.txt \\\n\t\t&& if [ ! -d /work/build/power_logs/2023.08.03-01.21.20/ranging_tmp ]; \\\n\t\t\tthen mkdir /work/build/power_logs/2023.08.03-01.21.20/ranging_tmp \\\n\t\t\t\t&& mv /work/build/power_logs_temp/* /work/build/power_logs/2023.08.03-01.21.20/ranging_tmp/ \\\n\t\t\t\t&& cp -v /work/build/power_logs/2023.08.03-01.21.20/ranging_tmp/*/*/*/mlperf_log_detail.txt /work/build/power_logs_temp/ \\\n\t\t\t\t&& cp -v /work/build/power_logs/2023.08.03-01.21.20/ranging_tmp/*/*/*/mlperf_log_summary.txt /work/build/power_logs_temp/; \\\n\t\t\telse mkdir /work/build/power_logs/2023.08.03-01.21.20/testing_tmp \\\n\t\t\t\t&& mv /work/build/power_logs_temp/* /work/build/power_logs/2023.08.03-01.21.20/testing_tmp/ \\\n\t\t\t\t&& cp -v /work/build/power_logs/2023.08.03-01.21.20/testing_tmp/*/*/*/mlperf_log_detail.txt /work/build/power_logs_temp/ \\\n\t\t\t\t&& cp -v /work/build/power_logs/2023.08.03-01.21.20/testing_tmp/*/*/*/mlperf_log_summary.txt /work/build/power_logs_temp/; fi'
client 2023-08-03 01:45:07,642 [INFO] Sending command to the server: 'time'
client 2023-08-03 01:45:07,643 [INFO] Got response: '1691027107.644736'
client 2023-08-03 01:45:07,643 [INFO] The time difference between the client and the server is within range -2.777 ms..-0.822 ms
client 2023-08-03 01:45:07,643 [INFO] Sending command to the server: 'session,2023-08-02_18-22-09,stop,testing'
client 2023-08-03 01:45:17,986 [INFO] Got response: 'OK'
client 2023-08-03 01:45:17,986 [INFO] Sending command to the server: 'time'
client 2023-08-03 01:45:17,988 [INFO] Got response: '1691027117.9890242'
client 2023-08-03 01:45:17,988 [INFO] The time difference between the client and the server is within range -2.364 ms..-0.926 ms
client 2023-08-03 01:45:17,995 [INFO] Copying loadgen logs from '/work/build/power_logs_temp' to '/work/build/power_logs/2023.08.03-01.21.20/2023-08-02_18-22-09/run_1'
client 2023-08-03 01:45:18,015 [INFO] Done runs
