client 2023-07-13 03:18:01,349 [INFO] Creating output directory '/home/arjun/mobilenet_results/valid_results/orin-tflite_armnn_cpp-cpu-armnn_tflite-v23.05-using_neon/mobilenet-v2-precision_uint8-0.75-128/singlestream/performance/tmp_power'
client 2023-07-13 03:18:01,352 [INFO] Sending command to the server: 'mlcommons/power client v3'
client 2023-07-13 03:18:01,355 [INFO] Got response: 'mlcommons/power server v3'
client 2023-07-13 03:18:01,355 [INFO] Synchronizing with the server and with time.google.com...
client 2023-07-13 03:18:01,377 [INFO] NTP:offset = -0.010 s, delay = 0.017 s 
client 2023-07-13 03:18:01,377 [INFO] Sending command to the server: 'time'
client 2023-07-13 03:18:01,380 [INFO] Got response: '1689214681.285894'
client 2023-07-13 03:18:01,380 [INFO] The time difference between the client and the server is within range 91.796 ms..94.609 ms
client 2023-07-13 03:18:01,380 [INFO] Sending command to the server: 'new,,9f518e0f-16a0-4b4b-b45d-a9f536cf9702'
client 2023-07-13 03:18:01,383 [INFO] Got response: 'OK 2023-07-13_03-18-01,bbffdd55-13db-4dea-909d-6111fe9f91b8'
client 2023-07-13 03:18:01,383 [INFO] Session id is '2023-07-13_03-18-01'
client 2023-07-13 03:18:01,383 [INFO] Sources: {"sources": {"__init__.py": "da39a3ee5e6b4b0d3255bfef95601890afd80709", "client.py": "33ca4f26368777ac06e01f9567b714a4b8063886", "lib/__init__.py": "da39a3ee5e6b4b0d3255bfef95601890afd80709", "lib/client.py": "ac2aa093c8e8bbc9569b9e2a3471bc64e58a2258", "lib/common.py": "611d8b29633d331eb19c9455ea3b5fa3284ed6df", "lib/external/__init__.py": "da39a3ee5e6b4b0d3255bfef95601890afd80709", "lib/external/ntplib.py": "4da8f970656505a40483206ef2b5d3dd5e81711d", "lib/server.py": "c7af63c31bb2fbedea4345f571f6e3507d268ada", "lib/source_hashes.py": "60a2e02193209e8d392803326208d5466342da18", "lib/summary.py": "aa92f0a3f975eecd44d3c0cd0236342ccc9f941d", "lib/time_sync.py": "122eba67a9abc85635223e054def53be1367ade2", "server.py": "c3f90f2f7eeb4db30727556d0c815ebc89b3d28b", "tests/unit/__init__.py": "da39a3ee5e6b4b0d3255bfef95601890afd80709", "tests/unit/test_server.py": "948c1995d4008bc2aa6c4046a34ffa3858d6d671", "tests/unit/test_source_hashes.py": "00468a2907583c593e6574a1f6b404e4651c221a"}, "modules": {"ptd_client_server.lib.client": "lib/client.py", "ptd_client_server.lib.common": "lib/common.py", "ptd_client_server.lib.external.ntplib": "lib/external/ntplib.py", "ptd_client_server.lib.source_hashes": "lib/source_hashes.py", "ptd_client_server.lib.summary": "lib/summary.py", "ptd_client_server.lib.time_sync": "lib/time_sync.py"}}
client 2023-07-13 03:18:01,383 [INFO] Running workload in ranging mode
client 2023-07-13 03:18:01,384 [INFO] Synchronizing with the server and with time.google.com...
client 2023-07-13 03:18:01,399 [INFO] NTP:offset = -0.011 s, delay = 0.015 s 
client 2023-07-13 03:18:01,399 [INFO] Sending command to the server: 'time'
client 2023-07-13 03:18:01,401 [INFO] Got response: '1689214681.3068929'
client 2023-07-13 03:18:01,401 [INFO] The time difference between the client and the server is within range 92.583 ms..94.735 ms
client 2023-07-13 03:18:01,401 [INFO] Sending command to the server: 'session,2023-07-13_03-18-01,start,ranging'
client 2023-07-13 03:18:30,118 [INFO] Got response: 'OK'
client 2023-07-13 03:18:30,120 [INFO] Sending command to the server: 'time'
client 2023-07-13 03:18:30,133 [INFO] Got response: '1689214710.02029'
client 2023-07-13 03:18:30,134 [INFO] The time difference between the client and the server is within range 99.810 ms..113.617 ms
client 2023-07-13 03:18:30,134 [INFO] Running the workload 'CM_MLPERF_RUN_COUNT=$(cat ${CM_RUN_DIR}/count.txt); echo ${CM_MLPERF_RUN_COUNT}; CM_MLPERF_RUN_COUNT=$((CM_MLPERF_RUN_COUNT+1)); echo ${CM_MLPERF_RUN_COUNT} > ${CM_RUN_DIR}/count.txt && if [ ${CM_MLPERF_RUN_COUNT} -eq "1" ]; then export CM_MLPERF_USER_CONF=${CM_MLPERF_RANGING_USER_CONF}; else export CM_MLPERF_USER_CONF=${CM_MLPERF_TESTING_USER_CONF}; fi && /home/arjun/run.out'
client 2023-07-13 03:23:31,991 [INFO] Sending command to the server: 'time'
client 2023-07-13 03:23:31,996 [INFO] Got response: '1689215011.903213'
client 2023-07-13 03:23:31,996 [INFO] The time difference between the client and the server is within range 88.477 ms..93.150 ms
client 2023-07-13 03:23:31,996 [INFO] Sending command to the server: 'session,2023-07-13_03-18-01,stop,ranging'
client 2023-07-13 03:23:42,217 [INFO] Got response: 'OK'
client 2023-07-13 03:23:42,218 [INFO] Sending command to the server: 'time'
client 2023-07-13 03:23:42,222 [INFO] Got response: '1689215022.1218414'
client 2023-07-13 03:23:42,222 [INFO] The time difference between the client and the server is within range 96.842 ms..101.022 ms
client 2023-07-13 03:23:42,247 [INFO] Copying loadgen logs from '/home/arjun/mobilenet_results/valid_results/orin-tflite_armnn_cpp-cpu-armnn_tflite-v23.05-using_neon/mobilenet-v2-precision_uint8-0.75-128/singlestream/performance/run_1' to '/home/arjun/mobilenet_results/valid_results/orin-tflite_armnn_cpp-cpu-armnn_tflite-v23.05-using_neon/mobilenet-v2-precision_uint8-0.75-128/singlestream/performance/tmp_power/ranging'
client 2023-07-13 03:23:42,249 [INFO] Running workload in testing mode
client 2023-07-13 03:23:42,249 [INFO] Synchronizing with the server and with time.google.com...
client 2023-07-13 03:23:42,271 [INFO] NTP:offset = -0.010 s, delay = 0.015 s 
client 2023-07-13 03:23:42,271 [INFO] Sending command to the server: 'time'
client 2023-07-13 03:23:42,274 [INFO] Got response: '1689215022.1737723'
client 2023-07-13 03:23:42,275 [INFO] The time difference between the client and the server is within range 97.604 ms..101.274 ms
client 2023-07-13 03:23:42,275 [INFO] Sending command to the server: 'session,2023-07-13_03-18-01,start,testing'
client 2023-07-13 03:23:55,311 [INFO] Got response: 'OK'
client 2023-07-13 03:23:55,311 [INFO] Sending command to the server: 'time'
client 2023-07-13 03:23:55,315 [INFO] Got response: '1689215035.2148085'
client 2023-07-13 03:23:55,316 [INFO] The time difference between the client and the server is within range 96.674 ms..101.556 ms
client 2023-07-13 03:23:55,316 [INFO] Running the workload 'CM_MLPERF_RUN_COUNT=$(cat ${CM_RUN_DIR}/count.txt); echo ${CM_MLPERF_RUN_COUNT}; CM_MLPERF_RUN_COUNT=$((CM_MLPERF_RUN_COUNT+1)); echo ${CM_MLPERF_RUN_COUNT} > ${CM_RUN_DIR}/count.txt && if [ ${CM_MLPERF_RUN_COUNT} -eq "1" ]; then export CM_MLPERF_USER_CONF=${CM_MLPERF_RANGING_USER_CONF}; else export CM_MLPERF_USER_CONF=${CM_MLPERF_TESTING_USER_CONF}; fi && /home/arjun/run.out'
client 2023-07-13 03:33:58,569 [INFO] Sending command to the server: 'time'
client 2023-07-13 03:33:58,575 [INFO] Got response: '1689215638.4833112'
client 2023-07-13 03:33:58,575 [INFO] The time difference between the client and the server is within range 86.501 ms..92.151 ms
client 2023-07-13 03:33:58,575 [INFO] Sending command to the server: 'session,2023-07-13_03-18-01,stop,testing'
client 2023-07-13 03:34:09,391 [INFO] Got response: 'OK'
client 2023-07-13 03:34:09,392 [INFO] Sending command to the server: 'time'
client 2023-07-13 03:34:09,396 [INFO] Got response: '1689215649.301255'
client 2023-07-13 03:34:09,397 [INFO] The time difference between the client and the server is within range 91.444 ms..96.062 ms
client 2023-07-13 03:34:09,401 [INFO] Copying loadgen logs from '/home/arjun/mobilenet_results/valid_results/orin-tflite_armnn_cpp-cpu-armnn_tflite-v23.05-using_neon/mobilenet-v2-precision_uint8-0.75-128/singlestream/performance/run_1' to '/home/arjun/mobilenet_results/valid_results/orin-tflite_armnn_cpp-cpu-armnn_tflite-v23.05-using_neon/mobilenet-v2-precision_uint8-0.75-128/singlestream/performance/tmp_power/run_1'
client 2023-07-13 03:34:09,404 [INFO] Done runs
