client 2023-08-07 15:12:27,769 [INFO] Creating output directory '/home/arjun/mobilenet_results/valid_results/orin-tflite_armnn_cpp-cpu-armnn_tflite-v23.05-using_neon/mobilenet-v2-precision_float-0.35-192/singlestream/performance/tmp_power'
client 2023-08-07 15:12:27,774 [INFO] Sending command to the server: 'mlcommons/power client v3'
client 2023-08-07 15:12:27,778 [INFO] Got response: 'mlcommons/power server v3'
client 2023-08-07 15:12:27,778 [INFO] Synchronizing with the server and with time.google.com...
client 2023-08-07 15:12:27,795 [INFO] NTP:offset = -0.001 s, delay = 0.014 s 
client 2023-08-07 15:12:27,795 [INFO] Sending command to the server: 'time'
client 2023-08-07 15:12:27,808 [INFO] Got response: '1691417547.785178'
client 2023-08-07 15:12:27,809 [INFO] The time difference between the client and the server is within range 10.569 ms..23.822 ms
client 2023-08-07 15:12:27,809 [INFO] Sending command to the server: 'new,,31c8c9ad-d435-4480-8797-e600bf4e2c6a'
client 2023-08-07 15:12:27,812 [INFO] Got response: 'OK 2023-08-07_15-12-27,87cfa6f7-a30f-4147-ae43-fab07bce436c'
client 2023-08-07 15:12:27,812 [INFO] Session id is '2023-08-07_15-12-27'
client 2023-08-07 15:12:27,813 [INFO] Sources: {"sources": {"__init__.py": "da39a3ee5e6b4b0d3255bfef95601890afd80709", "client.py": "33ca4f26368777ac06e01f9567b714a4b8063886", "lib/__init__.py": "da39a3ee5e6b4b0d3255bfef95601890afd80709", "lib/client.py": "ac2aa093c8e8bbc9569b9e2a3471bc64e58a2258", "lib/common.py": "611d8b29633d331eb19c9455ea3b5fa3284ed6df", "lib/external/__init__.py": "da39a3ee5e6b4b0d3255bfef95601890afd80709", "lib/external/ntplib.py": "4da8f970656505a40483206ef2b5d3dd5e81711d", "lib/server.py": "c7af63c31bb2fbedea4345f571f6e3507d268ada", "lib/source_hashes.py": "60a2e02193209e8d392803326208d5466342da18", "lib/summary.py": "aa92f0a3f975eecd44d3c0cd0236342ccc9f941d", "lib/time_sync.py": "122eba67a9abc85635223e054def53be1367ade2", "server.py": "c3f90f2f7eeb4db30727556d0c815ebc89b3d28b", "tests/unit/__init__.py": "da39a3ee5e6b4b0d3255bfef95601890afd80709", "tests/unit/test_server.py": "948c1995d4008bc2aa6c4046a34ffa3858d6d671", "tests/unit/test_source_hashes.py": "00468a2907583c593e6574a1f6b404e4651c221a"}, "modules": {"ptd_client_server.lib.client": "lib/client.py", "ptd_client_server.lib.common": "lib/common.py", "ptd_client_server.lib.external.ntplib": "lib/external/ntplib.py", "ptd_client_server.lib.source_hashes": "lib/source_hashes.py", "ptd_client_server.lib.summary": "lib/summary.py", "ptd_client_server.lib.time_sync": "lib/time_sync.py"}}
client 2023-08-07 15:12:27,813 [INFO] Running workload in ranging mode
client 2023-08-07 15:12:27,813 [INFO] Synchronizing with the server and with time.google.com...
client 2023-08-07 15:12:27,828 [INFO] NTP:offset = -0.001 s, delay = 0.014 s 
client 2023-08-07 15:12:27,828 [INFO] Sending command to the server: 'time'
client 2023-08-07 15:12:27,831 [INFO] Got response: '1691417547.8152683'
client 2023-08-07 15:12:27,831 [INFO] The time difference between the client and the server is within range 13.129 ms..16.550 ms
client 2023-08-07 15:12:27,831 [INFO] Sending command to the server: 'session,2023-08-07_15-12-27,start,ranging'
client 2023-08-07 15:12:56,539 [INFO] Got response: 'OK'
client 2023-08-07 15:12:56,539 [INFO] Sending command to the server: 'time'
client 2023-08-07 15:12:56,554 [INFO] Got response: '1691417576.5355935'
client 2023-08-07 15:12:56,554 [INFO] The time difference between the client and the server is within range 3.740 ms..19.030 ms
client 2023-08-07 15:12:56,554 [INFO] Running the workload 'CM_MLPERF_RUN_COUNT=$(cat ${CM_RUN_DIR}/count.txt); echo ${CM_MLPERF_RUN_COUNT}; CM_MLPERF_RUN_COUNT=$((CM_MLPERF_RUN_COUNT+1)); echo ${CM_MLPERF_RUN_COUNT} > ${CM_RUN_DIR}/count.txt && if [ ${CM_MLPERF_RUN_COUNT} -eq "1" ]; then export CM_MLPERF_USER_CONF=${CM_MLPERF_RANGING_USER_CONF}; else export CM_MLPERF_USER_CONF=${CM_MLPERF_TESTING_USER_CONF}; fi && /mount/CM/repos/ctuning@mlcommons-ck/cm-mlops/script/run-all-mlperf-models/run.out'
client 2023-08-07 15:17:57,887 [INFO] Sending command to the server: 'time'
client 2023-08-07 15:17:57,890 [INFO] Got response: '1691417877.8759172'
client 2023-08-07 15:17:57,890 [INFO] The time difference between the client and the server is within range 11.830 ms..14.740 ms
client 2023-08-07 15:17:57,890 [INFO] Sending command to the server: 'session,2023-08-07_15-12-27,stop,ranging'
client 2023-08-07 15:18:08,744 [INFO] Got response: 'OK'
client 2023-08-07 15:18:08,744 [INFO] Sending command to the server: 'time'
client 2023-08-07 15:18:08,747 [INFO] Got response: '1691417888.7243419'
client 2023-08-07 15:18:08,747 [INFO] The time difference between the client and the server is within range 20.257 ms..23.082 ms
client 2023-08-07 15:18:08,750 [INFO] Copying loadgen logs from '/home/arjun/mobilenet_results/valid_results/orin-tflite_armnn_cpp-cpu-armnn_tflite-v23.05-using_neon/mobilenet-v2-precision_float-0.35-192/singlestream/performance/run_1' to '/home/arjun/mobilenet_results/valid_results/orin-tflite_armnn_cpp-cpu-armnn_tflite-v23.05-using_neon/mobilenet-v2-precision_float-0.35-192/singlestream/performance/tmp_power/ranging'
client 2023-08-07 15:18:08,751 [INFO] Running workload in testing mode
client 2023-08-07 15:18:08,751 [INFO] Synchronizing with the server and with time.google.com...
client 2023-08-07 15:18:08,776 [INFO] NTP:offset = -0.003 s, delay = 0.013 s 
client 2023-08-07 15:18:08,776 [INFO] Sending command to the server: 'time'
client 2023-08-07 15:18:08,783 [INFO] Got response: '1691417888.7647'
client 2023-08-07 15:18:08,783 [INFO] The time difference between the client and the server is within range 11.895 ms..18.782 ms
client 2023-08-07 15:18:08,783 [INFO] Sending command to the server: 'session,2023-08-07_15-12-27,start,testing'
client 2023-08-07 15:18:21,825 [INFO] Got response: 'OK'
client 2023-08-07 15:18:21,825 [INFO] Sending command to the server: 'time'
client 2023-08-07 15:18:21,830 [INFO] Got response: '1691417901.812711'
client 2023-08-07 15:18:21,830 [INFO] The time difference between the client and the server is within range 12.948 ms..17.412 ms
client 2023-08-07 15:18:21,830 [INFO] Running the workload 'CM_MLPERF_RUN_COUNT=$(cat ${CM_RUN_DIR}/count.txt); echo ${CM_MLPERF_RUN_COUNT}; CM_MLPERF_RUN_COUNT=$((CM_MLPERF_RUN_COUNT+1)); echo ${CM_MLPERF_RUN_COUNT} > ${CM_RUN_DIR}/count.txt && if [ ${CM_MLPERF_RUN_COUNT} -eq "1" ]; then export CM_MLPERF_USER_CONF=${CM_MLPERF_RANGING_USER_CONF}; else export CM_MLPERF_USER_CONF=${CM_MLPERF_TESTING_USER_CONF}; fi && /mount/CM/repos/ctuning@mlcommons-ck/cm-mlops/script/run-all-mlperf-models/run.out'
client 2023-08-07 15:28:24,136 [INFO] Sending command to the server: 'time'
client 2023-08-07 15:28:24,140 [INFO] Got response: '1691418504.1096547'
client 2023-08-07 15:28:24,140 [INFO] The time difference between the client and the server is within range 26.941 ms..31.075 ms
client 2023-08-07 15:28:24,140 [INFO] Sending command to the server: 'session,2023-08-07_15-12-27,stop,testing'
client 2023-08-07 15:28:35,089 [INFO] Got response: 'OK'
client 2023-08-07 15:28:35,089 [INFO] Sending command to the server: 'time'
client 2023-08-07 15:28:35,093 [INFO] Got response: '1691418515.0715885'
client 2023-08-07 15:28:35,093 [INFO] The time difference between the client and the server is within range 18.001 ms..21.803 ms
client 2023-08-07 15:28:35,094 [INFO] Copying loadgen logs from '/home/arjun/mobilenet_results/valid_results/orin-tflite_armnn_cpp-cpu-armnn_tflite-v23.05-using_neon/mobilenet-v2-precision_float-0.35-192/singlestream/performance/run_1' to '/home/arjun/mobilenet_results/valid_results/orin-tflite_armnn_cpp-cpu-armnn_tflite-v23.05-using_neon/mobilenet-v2-precision_float-0.35-192/singlestream/performance/tmp_power/run_1'
client 2023-08-07 15:28:35,094 [INFO] Done runs
