client 2023-07-10 06:20:01,162 [INFO] Creating output directory '/home/arjun/mobilenet_results/valid_results/orin-tflite_cpp-cpu-tflite-vmaster-default_config/efficientnet-fp32-lite3/singlestream/performance/tmp_power'
client 2023-07-10 06:20:01,195 [INFO] Sending command to the server: 'mlcommons/power client v3'
client 2023-07-10 06:20:01,197 [INFO] Got response: 'mlcommons/power server v3'
client 2023-07-10 06:20:01,197 [INFO] Synchronizing with the server and with time.google.com...
client 2023-07-10 06:20:01,215 [INFO] NTP:offset = 0.001 s, delay = 0.013 s 
client 2023-07-10 06:20:01,215 [INFO] Sending command to the server: 'time'
client 2023-07-10 06:20:01,217 [INFO] Got response: '1688966401.2185936'
client 2023-07-10 06:20:01,217 [INFO] The time difference between the client and the server is within range -3.076 ms..-1.195 ms
client 2023-07-10 06:20:01,217 [INFO] Sending command to the server: 'new,,481d0d1f-a48a-4547-aef8-494d7bebfbb3'
client 2023-07-10 06:20:01,219 [INFO] Got response: 'OK 2023-07-10_05-20-01,b809e659-211c-40e3-a5fc-ec5c93db3780'
client 2023-07-10 06:20:01,219 [INFO] Session id is '2023-07-10_05-20-01'
client 2023-07-10 06:20:01,219 [INFO] Sources: {"sources": {"__init__.py": "da39a3ee5e6b4b0d3255bfef95601890afd80709", "client.py": "33ca4f26368777ac06e01f9567b714a4b8063886", "lib/__init__.py": "da39a3ee5e6b4b0d3255bfef95601890afd80709", "lib/client.py": "ac2aa093c8e8bbc9569b9e2a3471bc64e58a2258", "lib/common.py": "611d8b29633d331eb19c9455ea3b5fa3284ed6df", "lib/external/__init__.py": "da39a3ee5e6b4b0d3255bfef95601890afd80709", "lib/external/ntplib.py": "4da8f970656505a40483206ef2b5d3dd5e81711d", "lib/server.py": "c7af63c31bb2fbedea4345f571f6e3507d268ada", "lib/source_hashes.py": "60a2e02193209e8d392803326208d5466342da18", "lib/summary.py": "aa92f0a3f975eecd44d3c0cd0236342ccc9f941d", "lib/time_sync.py": "122eba67a9abc85635223e054def53be1367ade2", "server.py": "c3f90f2f7eeb4db30727556d0c815ebc89b3d28b", "tests/unit/__init__.py": "da39a3ee5e6b4b0d3255bfef95601890afd80709", "tests/unit/test_server.py": "948c1995d4008bc2aa6c4046a34ffa3858d6d671", "tests/unit/test_source_hashes.py": "00468a2907583c593e6574a1f6b404e4651c221a"}, "modules": {"ptd_client_server.lib.client": "lib/client.py", "ptd_client_server.lib.common": "lib/common.py", "ptd_client_server.lib.external.ntplib": "lib/external/ntplib.py", "ptd_client_server.lib.source_hashes": "lib/source_hashes.py", "ptd_client_server.lib.summary": "lib/summary.py", "ptd_client_server.lib.time_sync": "lib/time_sync.py"}}
client 2023-07-10 06:20:01,220 [INFO] Running workload in ranging mode
client 2023-07-10 06:20:01,220 [INFO] Synchronizing with the server and with time.google.com...
client 2023-07-10 06:20:01,236 [INFO] NTP:offset = 0.001 s, delay = 0.016 s 
client 2023-07-10 06:20:01,237 [INFO] Sending command to the server: 'time'
client 2023-07-10 06:20:01,238 [INFO] Got response: '1688966401.2401261'
client 2023-07-10 06:20:01,238 [INFO] The time difference between the client and the server is within range -3.093 ms..-1.149 ms
client 2023-07-10 06:20:01,239 [INFO] Sending command to the server: 'session,2023-07-10_05-20-01,start,ranging'
client 2023-07-10 06:20:29,321 [INFO] Got response: 'OK'
client 2023-07-10 06:20:29,322 [INFO] Sending command to the server: 'time'
client 2023-07-10 06:20:29,325 [INFO] Got response: '1688966429.3260276'
client 2023-07-10 06:20:29,326 [INFO] The time difference between the client and the server is within range -3.257 ms..-0.133 ms
client 2023-07-10 06:20:29,326 [INFO] Running the workload 'CM_MLPERF_RUN_COUNT=$(cat ${CM_RUN_DIR}/count.txt); echo ${CM_MLPERF_RUN_COUNT}; CM_MLPERF_RUN_COUNT=$((CM_MLPERF_RUN_COUNT+1)); echo ${CM_MLPERF_RUN_COUNT} > ${CM_RUN_DIR}/count.txt && if [ ${CM_MLPERF_RUN_COUNT} -eq "1" ]; then export CM_MLPERF_USER_CONF=${CM_MLPERF_RANGING_USER_CONF}; else export CM_MLPERF_USER_CONF=${CM_MLPERF_TESTING_USER_CONF}; fi && /home/arjun/run.out'
client 2023-07-10 06:25:39,537 [INFO] Sending command to the server: 'time'
client 2023-07-10 06:25:39,630 [INFO] Got response: '1688966739.6309857'
client 2023-07-10 06:25:39,630 [INFO] The time difference between the client and the server is within range -93.315 ms..-0.166 ms
client 2023-07-10 06:25:39,631 [INFO] Sending command to the server: 'session,2023-07-10_05-20-01,stop,ranging'
client 2023-07-10 06:25:50,455 [INFO] Got response: 'OK'
client 2023-07-10 06:25:50,456 [INFO] Sending command to the server: 'time'
client 2023-07-10 06:25:50,459 [INFO] Got response: '1688966750.460134'
client 2023-07-10 06:25:50,459 [INFO] The time difference between the client and the server is within range -3.814 ms..-0.870 ms
client 2023-07-10 06:25:50,488 [INFO] Copying loadgen logs from '/home/arjun/mobilenet_results/valid_results/orin-tflite_cpp-cpu-tflite-vmaster-default_config/efficientnet-fp32-lite3/singlestream/performance/run_1' to '/home/arjun/mobilenet_results/valid_results/orin-tflite_cpp-cpu-tflite-vmaster-default_config/efficientnet-fp32-lite3/singlestream/performance/tmp_power/ranging'
client 2023-07-10 06:25:50,490 [INFO] Running workload in testing mode
client 2023-07-10 06:25:50,490 [INFO] Synchronizing with the server and with time.google.com...
client 2023-07-10 06:25:50,511 [INFO] NTP:offset = 0.002 s, delay = 0.015 s 
client 2023-07-10 06:25:50,511 [INFO] Sending command to the server: 'time'
client 2023-07-10 06:25:50,514 [INFO] Got response: '1688966750.514907'
client 2023-07-10 06:25:50,514 [INFO] The time difference between the client and the server is within range -3.668 ms..-0.484 ms
client 2023-07-10 06:25:50,514 [INFO] Sending command to the server: 'session,2023-07-10_05-20-01,start,testing'
client 2023-07-10 06:26:03,539 [INFO] Got response: 'OK'
client 2023-07-10 06:26:03,539 [INFO] Sending command to the server: 'time'
client 2023-07-10 06:26:03,543 [INFO] Got response: '1688966763.5435517'
client 2023-07-10 06:26:03,543 [INFO] The time difference between the client and the server is within range -3.992 ms..-0.314 ms
client 2023-07-10 06:26:03,543 [INFO] Running the workload 'CM_MLPERF_RUN_COUNT=$(cat ${CM_RUN_DIR}/count.txt); echo ${CM_MLPERF_RUN_COUNT}; CM_MLPERF_RUN_COUNT=$((CM_MLPERF_RUN_COUNT+1)); echo ${CM_MLPERF_RUN_COUNT} > ${CM_RUN_DIR}/count.txt && if [ ${CM_MLPERF_RUN_COUNT} -eq "1" ]; then export CM_MLPERF_USER_CONF=${CM_MLPERF_RANGING_USER_CONF}; else export CM_MLPERF_USER_CONF=${CM_MLPERF_TESTING_USER_CONF}; fi && /home/arjun/run.out'
client 2023-07-10 06:36:14,903 [INFO] Sending command to the server: 'time'
client 2023-07-10 06:36:14,921 [INFO] Got response: '1688967374.9225278'
client 2023-07-10 06:36:14,922 [INFO] The time difference between the client and the server is within range -19.632 ms..-0.454 ms
client 2023-07-10 06:36:14,922 [INFO] Sending command to the server: 'session,2023-07-10_05-20-01,stop,testing'
client 2023-07-10 06:36:25,591 [INFO] Got response: 'OK'
client 2023-07-10 06:36:25,591 [INFO] Sending command to the server: 'time'
client 2023-07-10 06:36:25,594 [INFO] Got response: '1688967385.5945854'
client 2023-07-10 06:36:25,594 [INFO] The time difference between the client and the server is within range -3.149 ms..0.142 ms
client 2023-07-10 06:36:25,599 [INFO] Copying loadgen logs from '/home/arjun/mobilenet_results/valid_results/orin-tflite_cpp-cpu-tflite-vmaster-default_config/efficientnet-fp32-lite3/singlestream/performance/run_1' to '/home/arjun/mobilenet_results/valid_results/orin-tflite_cpp-cpu-tflite-vmaster-default_config/efficientnet-fp32-lite3/singlestream/performance/tmp_power/run_1'
client 2023-07-10 06:36:25,601 [INFO] Done runs
