client 2023-08-18 17:10:14,989 [INFO] Creating output directory '/data/maria/work_collection/generated_by_power_measurement_on_run_bd6041f3ee034970ac8d0b4bdb602cb6/power_logs'
client 2023-08-18 17:10:14,990 [INFO] Sending command to the server: 'mlcommons/power client v3'
client 2023-08-18 17:10:14,991 [INFO] Got response: 'mlcommons/power server v3'
client 2023-08-18 17:10:14,991 [INFO] Synchronizing with the server and with time.google.com...
client 2023-08-18 17:10:15,057 [INFO] NTP:offset = -0.001 s, delay = 0.011 s 
client 2023-08-18 17:10:15,057 [INFO] Sending command to the server: 'time'
client 2023-08-18 17:10:15,058 [INFO] Got response: '1692375015.0567684'
client 2023-08-18 17:10:15,058 [INFO] The time difference between the client and the server is within range 0.478 ms..1.414 ms
client 2023-08-18 17:10:15,058 [INFO] Sending command to the server: 'new,,6bb35ebe-1b97-43a8-8475-8cad61d10104'
client 2023-08-18 17:10:15,059 [INFO] Got response: 'OK 2023-08-18_17-10-15,2bb055f0-6d44-4ee5-ba1a-5e7618319203'
client 2023-08-18 17:10:15,059 [INFO] Session id is '2023-08-18_17-10-15'
client 2023-08-18 17:10:15,059 [INFO] Sources: {"sources": {"__init__.py": "da39a3ee5e6b4b0d3255bfef95601890afd80709", "client.py": "33ca4f26368777ac06e01f9567b714a4b8063886", "lib/__init__.py": "da39a3ee5e6b4b0d3255bfef95601890afd80709", "lib/client.py": "ac2aa093c8e8bbc9569b9e2a3471bc64e58a2258", "lib/common.py": "611d8b29633d331eb19c9455ea3b5fa3284ed6df", "lib/external/__init__.py": "da39a3ee5e6b4b0d3255bfef95601890afd80709", "lib/external/ntplib.py": "4da8f970656505a40483206ef2b5d3dd5e81711d", "lib/server.py": "c7af63c31bb2fbedea4345f571f6e3507d268ada", "lib/source_hashes.py": "60a2e02193209e8d392803326208d5466342da18", "lib/summary.py": "aa92f0a3f975eecd44d3c0cd0236342ccc9f941d", "lib/time_sync.py": "80894ef2389e540781ff78de94db16aa4203a14e", "server.py": "c3f90f2f7eeb4db30727556d0c815ebc89b3d28b", "tests/unit/__init__.py": "da39a3ee5e6b4b0d3255bfef95601890afd80709", "tests/unit/test_server.py": "948c1995d4008bc2aa6c4046a34ffa3858d6d671", "tests/unit/test_source_hashes.py": "00468a2907583c593e6574a1f6b404e4651c221a"}, "modules": {"ptd_client_server.lib.client": "lib/client.py", "ptd_client_server.lib.common": "lib/common.py", "ptd_client_server.lib.external.ntplib": "lib/external/ntplib.py", "ptd_client_server.lib.source_hashes": "lib/source_hashes.py", "ptd_client_server.lib.summary": "lib/summary.py", "ptd_client_server.lib.time_sync": "lib/time_sync.py"}}
client 2023-08-18 17:10:15,059 [INFO] Running workload in ranging mode
client 2023-08-18 17:10:15,059 [INFO] Synchronizing with the server and with time.google.com...
client 2023-08-18 17:10:15,074 [INFO] NTP:offset = -0.001 s, delay = 0.014 s 
client 2023-08-18 17:10:15,074 [INFO] Sending command to the server: 'time'
client 2023-08-18 17:10:15,075 [INFO] Got response: '1692375015.0741384'
client 2023-08-18 17:10:15,075 [INFO] The time difference between the client and the server is within range 0.479 ms..1.385 ms
client 2023-08-18 17:10:15,075 [INFO] Sending command to the server: 'session,2023-08-18_17-10-15,start,ranging'
client 2023-08-18 17:10:43,168 [INFO] Got response: 'OK'
client 2023-08-18 17:10:43,169 [INFO] Sending command to the server: 'time'
client 2023-08-18 17:10:43,169 [INFO] Got response: '1692375043.1686285'
client 2023-08-18 17:10:43,170 [INFO] The time difference between the client and the server is within range 0.484 ms..1.378 ms
client 2023-08-18 17:10:43,170 [INFO] Running the workload 'axs byquery loadgen_output,image_classifier,device=qaic,framework=kilt,model_name=resnet50,loadgen_mode=PerformanceOnly,loadgen_scenario=MultiStream,first_n=50000,sut_name=eb6-kilt-qaic,compiled_model_source=/data/krai/CK-TOOLS/model-qaic-compiled-resnet50-resnet50.aedk.multistream,recommended_batch_size=1,loadgen_compliance_test-,_with_power+,symlink_to=/data/maria/work_collection/generated_by_power_measurement_on_run_bd6041f3ee034970ac8d0b4bdb602cb6/last_mlperf_logs,power_client_entrydic_path=/data/maria/work_collection/generated_by_power_measurement_on_run_bd6041f3ee034970ac8d0b4bdb602cb6/program_output.json'
client 2023-08-18 17:20:48,618 [INFO] Sending command to the server: 'time'
client 2023-08-18 17:20:48,619 [INFO] Got response: '1692375648.6184053'
client 2023-08-18 17:20:48,620 [INFO] The time difference between the client and the server is within range -0.333 ms..1.608 ms
client 2023-08-18 17:20:48,620 [INFO] Sending command to the server: 'session,2023-08-18_17-10-15,stop,ranging'
client 2023-08-18 17:20:59,241 [INFO] Got response: 'OK'
client 2023-08-18 17:20:59,241 [INFO] Sending command to the server: 'time'
client 2023-08-18 17:20:59,242 [INFO] Got response: '1692375659.2411075'
client 2023-08-18 17:20:59,242 [INFO] The time difference between the client and the server is within range 0.564 ms..1.405 ms
client 2023-08-18 17:20:59,245 [INFO] Copying loadgen logs from '/data/maria/work_collection/generated_by_power_measurement_on_run_bd6041f3ee034970ac8d0b4bdb602cb6/last_mlperf_logs' to '/data/maria/work_collection/generated_by_power_measurement_on_run_bd6041f3ee034970ac8d0b4bdb602cb6/power_logs/ranging'
client 2023-08-18 17:20:59,247 [INFO] Running workload in testing mode
client 2023-08-18 17:20:59,248 [INFO] Synchronizing with the server and with time.google.com...
client 2023-08-18 17:20:59,269 [INFO] NTP:offset = -0.001 s, delay = 0.012 s 
client 2023-08-18 17:20:59,269 [INFO] Sending command to the server: 'time'
client 2023-08-18 17:20:59,270 [INFO] Got response: '1692375659.2692704'
client 2023-08-18 17:20:59,271 [INFO] The time difference between the client and the server is within range 0.627 ms..2.534 ms
client 2023-08-18 17:20:59,271 [INFO] Sending command to the server: 'session,2023-08-18_17-10-15,start,testing'
client 2023-08-18 17:21:12,283 [INFO] Got response: 'OK'
client 2023-08-18 17:21:12,283 [INFO] Sending command to the server: 'time'
client 2023-08-18 17:21:12,284 [INFO] Got response: '1692375672.2828555'
client 2023-08-18 17:21:12,284 [INFO] The time difference between the client and the server is within range 0.566 ms..1.489 ms
client 2023-08-18 17:21:12,284 [INFO] Running the workload 'axs byquery loadgen_output,image_classifier,device=qaic,framework=kilt,model_name=resnet50,loadgen_mode=PerformanceOnly,loadgen_scenario=MultiStream,first_n=50000,sut_name=eb6-kilt-qaic,compiled_model_source=/data/krai/CK-TOOLS/model-qaic-compiled-resnet50-resnet50.aedk.multistream,recommended_batch_size=1,loadgen_compliance_test-,_with_power+,symlink_to=/data/maria/work_collection/generated_by_power_measurement_on_run_bd6041f3ee034970ac8d0b4bdb602cb6/last_mlperf_logs,power_client_entrydic_path=/data/maria/work_collection/generated_by_power_measurement_on_run_bd6041f3ee034970ac8d0b4bdb602cb6/program_output.json'
client 2023-08-18 17:31:17,758 [INFO] Sending command to the server: 'time'
client 2023-08-18 17:31:17,760 [INFO] Got response: '1692376277.7588198'
client 2023-08-18 17:31:17,760 [INFO] The time difference between the client and the server is within range -0.227 ms..1.724 ms
client 2023-08-18 17:31:17,760 [INFO] Sending command to the server: 'session,2023-08-18_17-10-15,stop,testing'
client 2023-08-18 17:31:28,341 [INFO] Got response: 'OK'
client 2023-08-18 17:31:28,341 [INFO] Sending command to the server: 'time'
client 2023-08-18 17:31:28,342 [INFO] Got response: '1692376288.3412569'
client 2023-08-18 17:31:28,342 [INFO] The time difference between the client and the server is within range 0.657 ms..1.579 ms
client 2023-08-18 17:31:28,343 [INFO] Copying loadgen logs from '/data/maria/work_collection/generated_by_power_measurement_on_run_bd6041f3ee034970ac8d0b4bdb602cb6/last_mlperf_logs' to '/data/maria/work_collection/generated_by_power_measurement_on_run_bd6041f3ee034970ac8d0b4bdb602cb6/power_logs/run_1'
client 2023-08-18 17:31:28,346 [INFO] Done runs
