client 2023-09-02 09:50:54,077 [INFO] Creating output directory '/home/cmuser/CM/repos/mlcommons@ck/cm-mlops/script/run-all-mlperf-models/valid_results/cecdad8c31f6-nvidia_original-gpu-tensorrt-vdefault-default_config/bert-99/singlestream/performance/tmp_power'
client 2023-09-02 09:50:54,381 [INFO] Sending command to the server: 'mlcommons/power client v3'
client 2023-09-02 09:50:54,383 [INFO] Got response: 'mlcommons/power server v3'
client 2023-09-02 09:50:54,383 [INFO] Synchronizing with the server and with time.google.com...
client 2023-09-02 09:50:54,412 [INFO] NTP:offset = -0.001 s, delay = 0.016 s 
client 2023-09-02 09:50:54,412 [INFO] Sending command to the server: 'time'
client 2023-09-02 09:50:54,414 [INFO] Got response: '1693673454.4144964'
client 2023-09-02 09:50:54,414 [INFO] The time difference between the client and the server is within range -1.644 ms..0.474 ms
client 2023-09-02 09:50:54,415 [INFO] Sending command to the server: 'new,,ad7f12d0-70fb-4721-83da-ec3a7b5a2d75'
client 2023-09-02 09:50:54,416 [INFO] Got response: 'OK 2023-09-02_16-50-54,4da7768b-c524-4166-b928-92b9d2a46908'
client 2023-09-02 09:50:54,416 [INFO] Session id is '2023-09-02_16-50-54'
client 2023-09-02 09:50:54,417 [INFO] Sources: {"sources": {"__init__.py": "da39a3ee5e6b4b0d3255bfef95601890afd80709", "client.py": "33ca4f26368777ac06e01f9567b714a4b8063886", "lib/__init__.py": "da39a3ee5e6b4b0d3255bfef95601890afd80709", "lib/client.py": "ac2aa093c8e8bbc9569b9e2a3471bc64e58a2258", "lib/common.py": "611d8b29633d331eb19c9455ea3b5fa3284ed6df", "lib/external/__init__.py": "da39a3ee5e6b4b0d3255bfef95601890afd80709", "lib/external/ntplib.py": "4da8f970656505a40483206ef2b5d3dd5e81711d", "lib/server.py": "c7af63c31bb2fbedea4345f571f6e3507d268ada", "lib/source_hashes.py": "60a2e02193209e8d392803326208d5466342da18", "lib/summary.py": "aa92f0a3f975eecd44d3c0cd0236342ccc9f941d", "lib/time_sync.py": "80894ef2389e540781ff78de94db16aa4203a14e", "server.py": "c3f90f2f7eeb4db30727556d0c815ebc89b3d28b", "tests/unit/__init__.py": "da39a3ee5e6b4b0d3255bfef95601890afd80709", "tests/unit/test_server.py": "948c1995d4008bc2aa6c4046a34ffa3858d6d671", "tests/unit/test_source_hashes.py": "00468a2907583c593e6574a1f6b404e4651c221a"}, "modules": {"ptd_client_server.lib.client": "lib/client.py", "ptd_client_server.lib.common": "lib/common.py", "ptd_client_server.lib.external.ntplib": "lib/external/ntplib.py", "ptd_client_server.lib.source_hashes": "lib/source_hashes.py", "ptd_client_server.lib.summary": "lib/summary.py", "ptd_client_server.lib.time_sync": "lib/time_sync.py"}}
client 2023-09-02 09:50:54,417 [INFO] Running workload in ranging mode
client 2023-09-02 09:50:54,417 [INFO] Synchronizing with the server and with time.google.com...
client 2023-09-02 09:50:54,441 [INFO] NTP:offset = -0.001 s, delay = 0.012 s 
client 2023-09-02 09:50:54,441 [INFO] Sending command to the server: 'time'
client 2023-09-02 09:50:54,442 [INFO] Got response: '1693673454.4427085'
client 2023-09-02 09:50:54,442 [INFO] The time difference between the client and the server is within range -1.565 ms..0.094 ms
client 2023-09-02 09:50:54,442 [INFO] Sending command to the server: 'session,2023-09-02_16-50-54,start,ranging'
client 2023-09-02 09:51:22,524 [INFO] Got response: 'OK'
client 2023-09-02 09:51:22,524 [INFO] Sending command to the server: 'time'
client 2023-09-02 09:51:22,526 [INFO] Got response: '1693673482.5263836'
client 2023-09-02 09:51:22,526 [INFO] The time difference between the client and the server is within range -1.485 ms..0.350 ms
client 2023-09-02 09:51:22,526 [INFO] Running the workload 'CM_MLPERF_RUN_COUNT=$(cat ${CM_RUN_DIR}/count.txt); echo ${CM_MLPERF_RUN_COUNT}; CM_MLPERF_RUN_COUNT=$((CM_MLPERF_RUN_COUNT+1)); echo ${CM_MLPERF_RUN_COUNT} > ${CM_RUN_DIR}/count.txt && if [ ${CM_MLPERF_RUN_COUNT} -eq "1" ]; then export CM_MLPERF_USER_CONF=${CM_MLPERF_RANGING_USER_CONF}; else export CM_MLPERF_USER_CONF=${CM_MLPERF_TESTING_USER_CONF}; fi && make run_harness RUN_ARGS=" --benchmarks=bert --scenarios=singlestream --test_mode=PerformanceOnly --offline_expected_qps=4100 --single_stream_expected_latency_ns=1000000 --user_conf_path=${CM_MLPERF_USER_CONF} --mlperf_conf_path=/home/cmuser/CM/repos/local/cache/5c34903b0cf640c4/inference/mlperf.conf --gpu_batch_size=1 --no_audit_verify "'
client 2023-09-02 09:56:24,821 [INFO] Sending command to the server: 'time'
client 2023-09-02 09:56:24,822 [INFO] Got response: '1693673784.8228452'
client 2023-09-02 09:56:24,822 [INFO] The time difference between the client and the server is within range -1.283 ms..0.051 ms
client 2023-09-02 09:56:24,822 [INFO] Sending command to the server: 'session,2023-09-02_16-50-54,stop,ranging'
client 2023-09-02 09:56:35,645 [INFO] Got response: 'OK'
client 2023-09-02 09:56:35,645 [INFO] Sending command to the server: 'time'
client 2023-09-02 09:56:35,647 [INFO] Got response: '1693673795.6473138'
client 2023-09-02 09:56:35,647 [INFO] The time difference between the client and the server is within range -1.627 ms..-0.045 ms
client 2023-09-02 09:56:35,648 [INFO] Copying loadgen logs from '/home/cmuser/CM/repos/mlcommons@ck/cm-mlops/script/run-all-mlperf-models/valid_results/cecdad8c31f6-nvidia_original-gpu-tensorrt-vdefault-default_config/bert-99/singlestream/performance/run_1' to '/home/cmuser/CM/repos/mlcommons@ck/cm-mlops/script/run-all-mlperf-models/valid_results/cecdad8c31f6-nvidia_original-gpu-tensorrt-vdefault-default_config/bert-99/singlestream/performance/tmp_power/ranging'
client 2023-09-02 09:56:35,649 [INFO] Running workload in testing mode
client 2023-09-02 09:56:35,649 [INFO] Synchronizing with the server and with time.google.com...
client 2023-09-02 09:56:35,681 [INFO] NTP:offset = -0.001 s, delay = 0.020 s 
client 2023-09-02 09:56:35,681 [INFO] Sending command to the server: 'time'
client 2023-09-02 09:56:35,683 [INFO] Got response: '1693673795.68275'
client 2023-09-02 09:56:35,683 [INFO] The time difference between the client and the server is within range -1.558 ms..0.379 ms
client 2023-09-02 09:56:35,683 [INFO] Sending command to the server: 'session,2023-09-02_16-50-54,start,testing'
client 2023-09-02 09:56:48,704 [INFO] Got response: 'OK'
client 2023-09-02 09:56:48,704 [INFO] Sending command to the server: 'time'
client 2023-09-02 09:56:48,705 [INFO] Got response: '1693673808.7058969'
client 2023-09-02 09:56:48,706 [INFO] The time difference between the client and the server is within range -1.379 ms..0.146 ms
client 2023-09-02 09:56:48,706 [INFO] Running the workload 'CM_MLPERF_RUN_COUNT=$(cat ${CM_RUN_DIR}/count.txt); echo ${CM_MLPERF_RUN_COUNT}; CM_MLPERF_RUN_COUNT=$((CM_MLPERF_RUN_COUNT+1)); echo ${CM_MLPERF_RUN_COUNT} > ${CM_RUN_DIR}/count.txt && if [ ${CM_MLPERF_RUN_COUNT} -eq "1" ]; then export CM_MLPERF_USER_CONF=${CM_MLPERF_RANGING_USER_CONF}; else export CM_MLPERF_USER_CONF=${CM_MLPERF_TESTING_USER_CONF}; fi && make run_harness RUN_ARGS=" --benchmarks=bert --scenarios=singlestream --test_mode=PerformanceOnly --offline_expected_qps=4100 --single_stream_expected_latency_ns=1000000 --user_conf_path=${CM_MLPERF_USER_CONF} --mlperf_conf_path=/home/cmuser/CM/repos/local/cache/5c34903b0cf640c4/inference/mlperf.conf --gpu_batch_size=1 --no_audit_verify "'
client 2023-09-02 10:06:51,210 [INFO] Sending command to the server: 'time'
client 2023-09-02 10:06:51,417 [INFO] Got response: '1693674411.4168167'
client 2023-09-02 10:06:51,417 [INFO] The time difference between the client and the server is within range -206.130 ms..0.790 ms
client 2023-09-02 10:06:51,417 [INFO] Sending command to the server: 'session,2023-09-02_16-50-54,stop,testing'
client 2023-09-02 10:07:01,760 [INFO] Got response: 'OK'
client 2023-09-02 10:07:01,760 [INFO] Sending command to the server: 'time'
client 2023-09-02 10:07:01,762 [INFO] Got response: '1693674421.762291'
client 2023-09-02 10:07:01,762 [INFO] The time difference between the client and the server is within range -1.717 ms..0.022 ms
client 2023-09-02 10:07:01,762 [INFO] Copying loadgen logs from '/home/cmuser/CM/repos/mlcommons@ck/cm-mlops/script/run-all-mlperf-models/valid_results/cecdad8c31f6-nvidia_original-gpu-tensorrt-vdefault-default_config/bert-99/singlestream/performance/run_1' to '/home/cmuser/CM/repos/mlcommons@ck/cm-mlops/script/run-all-mlperf-models/valid_results/cecdad8c31f6-nvidia_original-gpu-tensorrt-vdefault-default_config/bert-99/singlestream/performance/tmp_power/run_1'
client 2023-09-02 10:07:01,763 [INFO] Done runs
