client 2023-07-13 14:46:12,882 [INFO] Creating output directory '/home/arjun/mobilenet_results/valid_results/orin-tflite_armnn_cpp-cpu-armnn_tflite-v23.05-using_neon/mobilenet-v2-precision_float-1.0-160/singlestream/performance/tmp_power'
client 2023-07-13 14:46:12,885 [INFO] Sending command to the server: 'mlcommons/power client v3'
client 2023-07-13 14:46:12,888 [INFO] Got response: 'mlcommons/power server v3'
client 2023-07-13 14:46:12,888 [INFO] Synchronizing with the server and with time.google.com...
client 2023-07-13 14:46:12,909 [INFO] NTP:offset = -0.006 s, delay = 0.016 s 
client 2023-07-13 14:46:12,909 [INFO] Sending command to the server: 'time'
client 2023-07-13 14:46:12,912 [INFO] Got response: '1689255972.781709'
client 2023-07-13 14:46:12,912 [INFO] The time difference between the client and the server is within range 127.448 ms..131.243 ms
client 2023-07-13 14:46:12,913 [INFO] Sending command to the server: 'new,,21aa84ea-5ca0-445a-90f1-548e355208f2'
client 2023-07-13 14:46:12,918 [INFO] Got response: 'OK 2023-07-13_14-46-12,096bf135-bcb3-4c16-9a9e-0c3006db9cca'
client 2023-07-13 14:46:12,918 [INFO] Session id is '2023-07-13_14-46-12'
client 2023-07-13 14:46:12,918 [INFO] Sources: {"sources": {"__init__.py": "da39a3ee5e6b4b0d3255bfef95601890afd80709", "client.py": "33ca4f26368777ac06e01f9567b714a4b8063886", "lib/__init__.py": "da39a3ee5e6b4b0d3255bfef95601890afd80709", "lib/client.py": "ac2aa093c8e8bbc9569b9e2a3471bc64e58a2258", "lib/common.py": "611d8b29633d331eb19c9455ea3b5fa3284ed6df", "lib/external/__init__.py": "da39a3ee5e6b4b0d3255bfef95601890afd80709", "lib/external/ntplib.py": "4da8f970656505a40483206ef2b5d3dd5e81711d", "lib/server.py": "c7af63c31bb2fbedea4345f571f6e3507d268ada", "lib/source_hashes.py": "60a2e02193209e8d392803326208d5466342da18", "lib/summary.py": "aa92f0a3f975eecd44d3c0cd0236342ccc9f941d", "lib/time_sync.py": "122eba67a9abc85635223e054def53be1367ade2", "server.py": "c3f90f2f7eeb4db30727556d0c815ebc89b3d28b", "tests/unit/__init__.py": "da39a3ee5e6b4b0d3255bfef95601890afd80709", "tests/unit/test_server.py": "948c1995d4008bc2aa6c4046a34ffa3858d6d671", "tests/unit/test_source_hashes.py": "00468a2907583c593e6574a1f6b404e4651c221a"}, "modules": {"ptd_client_server.lib.client": "lib/client.py", "ptd_client_server.lib.common": "lib/common.py", "ptd_client_server.lib.external.ntplib": "lib/external/ntplib.py", "ptd_client_server.lib.source_hashes": "lib/source_hashes.py", "ptd_client_server.lib.summary": "lib/summary.py", "ptd_client_server.lib.time_sync": "lib/time_sync.py"}}
client 2023-07-13 14:46:12,918 [INFO] Running workload in ranging mode
client 2023-07-13 14:46:12,918 [INFO] Synchronizing with the server and with time.google.com...
client 2023-07-13 14:46:12,933 [INFO] NTP:offset = -0.007 s, delay = 0.014 s 
client 2023-07-13 14:46:12,934 [INFO] Sending command to the server: 'time'
client 2023-07-13 14:46:12,942 [INFO] Got response: '1689255972.8117707'
client 2023-07-13 14:46:12,942 [INFO] The time difference between the client and the server is within range 122.328 ms..130.397 ms
client 2023-07-13 14:46:12,942 [INFO] Sending command to the server: 'session,2023-07-13_14-46-12,start,ranging'
client 2023-07-13 14:46:41,642 [INFO] Got response: 'OK'
client 2023-07-13 14:46:41,643 [INFO] Sending command to the server: 'time'
client 2023-07-13 14:46:41,649 [INFO] Got response: '1689256001.5216913'
client 2023-07-13 14:46:41,649 [INFO] The time difference between the client and the server is within range 121.695 ms..128.142 ms
client 2023-07-13 14:46:41,650 [INFO] Running the workload 'CM_MLPERF_RUN_COUNT=$(cat ${CM_RUN_DIR}/count.txt); echo ${CM_MLPERF_RUN_COUNT}; CM_MLPERF_RUN_COUNT=$((CM_MLPERF_RUN_COUNT+1)); echo ${CM_MLPERF_RUN_COUNT} > ${CM_RUN_DIR}/count.txt && if [ ${CM_MLPERF_RUN_COUNT} -eq "1" ]; then export CM_MLPERF_USER_CONF=${CM_MLPERF_RANGING_USER_CONF}; else export CM_MLPERF_USER_CONF=${CM_MLPERF_TESTING_USER_CONF}; fi && /home/arjun/run.out'
client 2023-07-13 14:51:43,402 [INFO] Sending command to the server: 'time'
client 2023-07-13 14:51:43,407 [INFO] Got response: '1689256303.277957'
client 2023-07-13 14:51:43,407 [INFO] The time difference between the client and the server is within range 124.231 ms..129.935 ms
client 2023-07-13 14:51:43,408 [INFO] Sending command to the server: 'session,2023-07-13_14-46-12,stop,ranging'
client 2023-07-13 14:51:53,785 [INFO] Got response: 'OK'
client 2023-07-13 14:51:53,786 [INFO] Sending command to the server: 'time'
client 2023-07-13 14:51:53,790 [INFO] Got response: '1689256313.6640522'
client 2023-07-13 14:51:53,791 [INFO] The time difference between the client and the server is within range 122.518 ms..127.146 ms
client 2023-07-13 14:51:53,815 [INFO] Copying loadgen logs from '/home/arjun/mobilenet_results/valid_results/orin-tflite_armnn_cpp-cpu-armnn_tflite-v23.05-using_neon/mobilenet-v2-precision_float-1.0-160/singlestream/performance/run_1' to '/home/arjun/mobilenet_results/valid_results/orin-tflite_armnn_cpp-cpu-armnn_tflite-v23.05-using_neon/mobilenet-v2-precision_float-1.0-160/singlestream/performance/tmp_power/ranging'
client 2023-07-13 14:51:53,818 [INFO] Running workload in testing mode
client 2023-07-13 14:51:53,818 [INFO] Synchronizing with the server and with time.google.com...
client 2023-07-13 14:51:53,840 [INFO] NTP:offset = -0.006 s, delay = 0.017 s 
client 2023-07-13 14:51:53,841 [INFO] Sending command to the server: 'time'
client 2023-07-13 14:51:53,845 [INFO] Got response: '1689256313.7155602'
client 2023-07-13 14:51:53,845 [INFO] The time difference between the client and the server is within range 125.607 ms..130.346 ms
client 2023-07-13 14:51:53,846 [INFO] Sending command to the server: 'session,2023-07-13_14-46-12,start,testing'
client 2023-07-13 14:52:06,883 [INFO] Got response: 'OK'
client 2023-07-13 14:52:06,884 [INFO] Sending command to the server: 'time'
client 2023-07-13 14:52:06,888 [INFO] Got response: '1689256326.7635953'
client 2023-07-13 14:52:06,889 [INFO] The time difference between the client and the server is within range 121.327 ms..125.429 ms
client 2023-07-13 14:52:06,889 [INFO] Running the workload 'CM_MLPERF_RUN_COUNT=$(cat ${CM_RUN_DIR}/count.txt); echo ${CM_MLPERF_RUN_COUNT}; CM_MLPERF_RUN_COUNT=$((CM_MLPERF_RUN_COUNT+1)); echo ${CM_MLPERF_RUN_COUNT} > ${CM_RUN_DIR}/count.txt && if [ ${CM_MLPERF_RUN_COUNT} -eq "1" ]; then export CM_MLPERF_USER_CONF=${CM_MLPERF_RANGING_USER_CONF}; else export CM_MLPERF_USER_CONF=${CM_MLPERF_TESTING_USER_CONF}; fi && /home/arjun/run.out'
client 2023-07-13 15:02:10,082 [INFO] Sending command to the server: 'time'
client 2023-07-13 15:02:10,087 [INFO] Got response: '1689256929.9684079'
client 2023-07-13 15:02:10,087 [INFO] The time difference between the client and the server is within range 113.737 ms..119.249 ms
client 2023-07-13 15:02:10,087 [INFO] Sending command to the server: 'session,2023-07-13_14-46-12,stop,testing'
client 2023-07-13 15:02:20,941 [INFO] Got response: 'OK'
client 2023-07-13 15:02:20,942 [INFO] Sending command to the server: 'time'
client 2023-07-13 15:02:20,955 [INFO] Got response: '1689256940.8421843'
client 2023-07-13 15:02:20,956 [INFO] The time difference between the client and the server is within range 100.173 ms..113.797 ms
client 2023-07-13 15:02:20,960 [INFO] Copying loadgen logs from '/home/arjun/mobilenet_results/valid_results/orin-tflite_armnn_cpp-cpu-armnn_tflite-v23.05-using_neon/mobilenet-v2-precision_float-1.0-160/singlestream/performance/run_1' to '/home/arjun/mobilenet_results/valid_results/orin-tflite_armnn_cpp-cpu-armnn_tflite-v23.05-using_neon/mobilenet-v2-precision_float-1.0-160/singlestream/performance/tmp_power/run_1'
client 2023-07-13 15:02:20,963 [INFO] Done runs
