client 2023-07-13 16:58:38,427 [INFO] Creating output directory '/home/arjun/mobilenet_results/valid_results/orin-tflite_armnn_cpp-cpu-armnn_tflite-v23.05-using_neon/mobilenet-v2-precision_float-0.35-224/singlestream/performance/tmp_power'
client 2023-07-13 16:58:38,430 [INFO] Sending command to the server: 'mlcommons/power client v3'
client 2023-07-13 16:58:38,434 [INFO] Got response: 'mlcommons/power server v3'
client 2023-07-13 16:58:38,434 [INFO] Synchronizing with the server and with time.google.com...
client 2023-07-13 16:58:38,452 [INFO] NTP:offset = 0.004 s, delay = 0.013 s 
client 2023-07-13 16:58:38,452 [INFO] Sending command to the server: 'time'
client 2023-07-13 16:58:38,456 [INFO] Got response: '1689263918.334412'
client 2023-07-13 16:58:38,456 [INFO] The time difference between the client and the server is within range 118.299 ms..122.251 ms
client 2023-07-13 16:58:38,456 [INFO] Sending command to the server: 'new,,77905c12-f60e-4bec-896e-dcd09d9c1fe5'
client 2023-07-13 16:58:38,460 [INFO] Got response: 'OK 2023-07-13_16-58-38,ab9d6d0e-1368-4874-93ee-19a1df4f26a5'
client 2023-07-13 16:58:38,460 [INFO] Session id is '2023-07-13_16-58-38'
client 2023-07-13 16:58:38,460 [INFO] Sources: {"sources": {"__init__.py": "da39a3ee5e6b4b0d3255bfef95601890afd80709", "client.py": "33ca4f26368777ac06e01f9567b714a4b8063886", "lib/__init__.py": "da39a3ee5e6b4b0d3255bfef95601890afd80709", "lib/client.py": "ac2aa093c8e8bbc9569b9e2a3471bc64e58a2258", "lib/common.py": "611d8b29633d331eb19c9455ea3b5fa3284ed6df", "lib/external/__init__.py": "da39a3ee5e6b4b0d3255bfef95601890afd80709", "lib/external/ntplib.py": "4da8f970656505a40483206ef2b5d3dd5e81711d", "lib/server.py": "c7af63c31bb2fbedea4345f571f6e3507d268ada", "lib/source_hashes.py": "60a2e02193209e8d392803326208d5466342da18", "lib/summary.py": "aa92f0a3f975eecd44d3c0cd0236342ccc9f941d", "lib/time_sync.py": "122eba67a9abc85635223e054def53be1367ade2", "server.py": "c3f90f2f7eeb4db30727556d0c815ebc89b3d28b", "tests/unit/__init__.py": "da39a3ee5e6b4b0d3255bfef95601890afd80709", "tests/unit/test_server.py": "948c1995d4008bc2aa6c4046a34ffa3858d6d671", "tests/unit/test_source_hashes.py": "00468a2907583c593e6574a1f6b404e4651c221a"}, "modules": {"ptd_client_server.lib.client": "lib/client.py", "ptd_client_server.lib.common": "lib/common.py", "ptd_client_server.lib.external.ntplib": "lib/external/ntplib.py", "ptd_client_server.lib.source_hashes": "lib/source_hashes.py", "ptd_client_server.lib.summary": "lib/summary.py", "ptd_client_server.lib.time_sync": "lib/time_sync.py"}}
client 2023-07-13 16:58:38,460 [INFO] Running workload in ranging mode
client 2023-07-13 16:58:38,460 [INFO] Synchronizing with the server and with time.google.com...
client 2023-07-13 16:58:38,478 [INFO] NTP:offset = 0.004 s, delay = 0.017 s 
client 2023-07-13 16:58:38,478 [INFO] Sending command to the server: 'time'
client 2023-07-13 16:58:38,481 [INFO] Got response: '1689263918.3554163'
client 2023-07-13 16:58:38,481 [INFO] The time difference between the client and the server is within range 123.252 ms..126.070 ms
client 2023-07-13 16:58:38,481 [INFO] Sending command to the server: 'session,2023-07-13_16-58-38,start,ranging'
client 2023-07-13 16:59:07,201 [INFO] Got response: 'OK'
client 2023-07-13 16:59:07,203 [INFO] Sending command to the server: 'time'
client 2023-07-13 16:59:07,217 [INFO] Got response: '1689263947.0860074'
client 2023-07-13 16:59:07,217 [INFO] The time difference between the client and the server is within range 117.084 ms..131.288 ms
client 2023-07-13 16:59:07,217 [INFO] Running the workload 'CM_MLPERF_RUN_COUNT=$(cat ${CM_RUN_DIR}/count.txt); echo ${CM_MLPERF_RUN_COUNT}; CM_MLPERF_RUN_COUNT=$((CM_MLPERF_RUN_COUNT+1)); echo ${CM_MLPERF_RUN_COUNT} > ${CM_RUN_DIR}/count.txt && if [ ${CM_MLPERF_RUN_COUNT} -eq "1" ]; then export CM_MLPERF_USER_CONF=${CM_MLPERF_RANGING_USER_CONF}; else export CM_MLPERF_USER_CONF=${CM_MLPERF_TESTING_USER_CONF}; fi && /home/arjun/run.out'
client 2023-07-13 17:04:09,055 [INFO] Sending command to the server: 'time'
client 2023-07-13 17:04:09,060 [INFO] Got response: '1689264248.9418244'
client 2023-07-13 17:04:09,060 [INFO] The time difference between the client and the server is within range 113.265 ms..118.683 ms
client 2023-07-13 17:04:09,060 [INFO] Sending command to the server: 'session,2023-07-13_16-58-38,stop,ranging'
client 2023-07-13 17:04:19,370 [INFO] Got response: 'OK'
client 2023-07-13 17:04:19,370 [INFO] Sending command to the server: 'time'
client 2023-07-13 17:04:19,374 [INFO] Got response: '1689264259.2495842'
client 2023-07-13 17:04:19,374 [INFO] The time difference between the client and the server is within range 120.962 ms..124.864 ms
client 2023-07-13 17:04:19,399 [INFO] Copying loadgen logs from '/home/arjun/mobilenet_results/valid_results/orin-tflite_armnn_cpp-cpu-armnn_tflite-v23.05-using_neon/mobilenet-v2-precision_float-0.35-224/singlestream/performance/run_1' to '/home/arjun/mobilenet_results/valid_results/orin-tflite_armnn_cpp-cpu-armnn_tflite-v23.05-using_neon/mobilenet-v2-precision_float-0.35-224/singlestream/performance/tmp_power/ranging'
client 2023-07-13 17:04:19,401 [INFO] Running workload in testing mode
client 2023-07-13 17:04:19,401 [INFO] Synchronizing with the server and with time.google.com...
client 2023-07-13 17:04:19,420 [INFO] NTP:offset = 0.005 s, delay = 0.013 s 
client 2023-07-13 17:04:19,420 [INFO] Sending command to the server: 'time'
client 2023-07-13 17:04:19,423 [INFO] Got response: '1689264259.301562'
client 2023-07-13 17:04:19,424 [INFO] The time difference between the client and the server is within range 119.152 ms..122.464 ms
client 2023-07-13 17:04:19,424 [INFO] Sending command to the server: 'session,2023-07-13_16-58-38,start,testing'
client 2023-07-13 17:04:32,476 [INFO] Got response: 'OK'
client 2023-07-13 17:04:32,477 [INFO] Sending command to the server: 'time'
client 2023-07-13 17:04:32,484 [INFO] Got response: '1689264272.3585722'
client 2023-07-13 17:04:32,484 [INFO] The time difference between the client and the server is within range 118.720 ms..126.121 ms
client 2023-07-13 17:04:32,484 [INFO] Running the workload 'CM_MLPERF_RUN_COUNT=$(cat ${CM_RUN_DIR}/count.txt); echo ${CM_MLPERF_RUN_COUNT}; CM_MLPERF_RUN_COUNT=$((CM_MLPERF_RUN_COUNT+1)); echo ${CM_MLPERF_RUN_COUNT} > ${CM_RUN_DIR}/count.txt && if [ ${CM_MLPERF_RUN_COUNT} -eq "1" ]; then export CM_MLPERF_USER_CONF=${CM_MLPERF_RANGING_USER_CONF}; else export CM_MLPERF_USER_CONF=${CM_MLPERF_TESTING_USER_CONF}; fi && /home/arjun/run.out'
client 2023-07-13 17:14:35,683 [INFO] Sending command to the server: 'time'
client 2023-07-13 17:14:35,688 [INFO] Got response: '1689264875.5746655'
client 2023-07-13 17:14:35,688 [INFO] The time difference between the client and the server is within range 108.617 ms..114.063 ms
client 2023-07-13 17:14:35,688 [INFO] Sending command to the server: 'session,2023-07-13_16-58-38,stop,testing'
client 2023-07-13 17:14:46,539 [INFO] Got response: 'OK'
client 2023-07-13 17:14:46,539 [INFO] Sending command to the server: 'time'
client 2023-07-13 17:14:46,543 [INFO] Got response: '1689264886.4261296'
client 2023-07-13 17:14:46,543 [INFO] The time difference between the client and the server is within range 113.518 ms..117.209 ms
client 2023-07-13 17:14:46,547 [INFO] Copying loadgen logs from '/home/arjun/mobilenet_results/valid_results/orin-tflite_armnn_cpp-cpu-armnn_tflite-v23.05-using_neon/mobilenet-v2-precision_float-0.35-224/singlestream/performance/run_1' to '/home/arjun/mobilenet_results/valid_results/orin-tflite_armnn_cpp-cpu-armnn_tflite-v23.05-using_neon/mobilenet-v2-precision_float-0.35-224/singlestream/performance/tmp_power/run_1'
client 2023-07-13 17:14:46,550 [INFO] Done runs
