client 2023-07-12 23:07:47,164 [INFO] Creating output directory '/home/arjun/mobilenet_results/valid_results/orin-tflite_armnn_cpp-cpu-armnn_tflite-v23.05-using_neon/mobilenet-v1-precision_uint8-0.5-128/singlestream/performance/tmp_power'
client 2023-07-12 23:07:47,168 [INFO] Sending command to the server: 'mlcommons/power client v3'
client 2023-07-12 23:07:47,172 [INFO] Got response: 'mlcommons/power server v3'
client 2023-07-12 23:07:47,172 [INFO] Synchronizing with the server and with time.google.com...
client 2023-07-12 23:07:47,191 [INFO] NTP:offset = -0.006 s, delay = 0.015 s 
client 2023-07-12 23:07:47,191 [INFO] Sending command to the server: 'time'
client 2023-07-12 23:07:47,195 [INFO] Got response: '1689199667.100501'
client 2023-07-12 23:07:47,195 [INFO] The time difference between the client and the server is within range 91.202 ms..95.201 ms
client 2023-07-12 23:07:47,195 [INFO] Sending command to the server: 'new,,8fc86167-0cea-4fff-86ad-6e952433718a'
client 2023-07-12 23:07:47,200 [INFO] Got response: 'OK 2023-07-12_23-07-47,d29346a0-75d7-4c84-bfa6-910d66879493'
client 2023-07-12 23:07:47,200 [INFO] Session id is '2023-07-12_23-07-47'
client 2023-07-12 23:07:47,201 [INFO] Sources: {"sources": {"__init__.py": "da39a3ee5e6b4b0d3255bfef95601890afd80709", "client.py": "33ca4f26368777ac06e01f9567b714a4b8063886", "lib/__init__.py": "da39a3ee5e6b4b0d3255bfef95601890afd80709", "lib/client.py": "ac2aa093c8e8bbc9569b9e2a3471bc64e58a2258", "lib/common.py": "611d8b29633d331eb19c9455ea3b5fa3284ed6df", "lib/external/__init__.py": "da39a3ee5e6b4b0d3255bfef95601890afd80709", "lib/external/ntplib.py": "4da8f970656505a40483206ef2b5d3dd5e81711d", "lib/server.py": "c7af63c31bb2fbedea4345f571f6e3507d268ada", "lib/source_hashes.py": "60a2e02193209e8d392803326208d5466342da18", "lib/summary.py": "aa92f0a3f975eecd44d3c0cd0236342ccc9f941d", "lib/time_sync.py": "122eba67a9abc85635223e054def53be1367ade2", "server.py": "c3f90f2f7eeb4db30727556d0c815ebc89b3d28b", "tests/unit/__init__.py": "da39a3ee5e6b4b0d3255bfef95601890afd80709", "tests/unit/test_server.py": "948c1995d4008bc2aa6c4046a34ffa3858d6d671", "tests/unit/test_source_hashes.py": "00468a2907583c593e6574a1f6b404e4651c221a"}, "modules": {"ptd_client_server.lib.client": "lib/client.py", "ptd_client_server.lib.common": "lib/common.py", "ptd_client_server.lib.external.ntplib": "lib/external/ntplib.py", "ptd_client_server.lib.source_hashes": "lib/source_hashes.py", "ptd_client_server.lib.summary": "lib/summary.py", "ptd_client_server.lib.time_sync": "lib/time_sync.py"}}
client 2023-07-12 23:07:47,201 [INFO] Running workload in ranging mode
client 2023-07-12 23:07:47,201 [INFO] Synchronizing with the server and with time.google.com...
client 2023-07-12 23:07:47,217 [INFO] NTP:offset = -0.006 s, delay = 0.015 s 
client 2023-07-12 23:07:47,217 [INFO] Sending command to the server: 'time'
client 2023-07-12 23:07:47,220 [INFO] Got response: '1689199667.130346'
client 2023-07-12 23:07:47,220 [INFO] The time difference between the client and the server is within range 87.404 ms..90.612 ms
client 2023-07-12 23:07:47,221 [INFO] Sending command to the server: 'session,2023-07-12_23-07-47,start,ranging'
client 2023-07-12 23:08:15,857 [INFO] Got response: 'OK'
client 2023-07-12 23:08:15,859 [INFO] Sending command to the server: 'time'
client 2023-07-12 23:08:15,862 [INFO] Got response: '1689199695.7668235'
client 2023-07-12 23:08:15,863 [INFO] The time difference between the client and the server is within range 92.362 ms..96.572 ms
client 2023-07-12 23:08:15,863 [INFO] Running the workload 'CM_MLPERF_RUN_COUNT=$(cat ${CM_RUN_DIR}/count.txt); echo ${CM_MLPERF_RUN_COUNT}; CM_MLPERF_RUN_COUNT=$((CM_MLPERF_RUN_COUNT+1)); echo ${CM_MLPERF_RUN_COUNT} > ${CM_RUN_DIR}/count.txt && if [ ${CM_MLPERF_RUN_COUNT} -eq "1" ]; then export CM_MLPERF_USER_CONF=${CM_MLPERF_RANGING_USER_CONF}; else export CM_MLPERF_USER_CONF=${CM_MLPERF_TESTING_USER_CONF}; fi && /home/arjun/run.out'
client 2023-07-12 23:13:17,706 [INFO] Sending command to the server: 'time'
client 2023-07-12 23:13:17,711 [INFO] Got response: '1689199997.6195786'
client 2023-07-12 23:13:17,711 [INFO] The time difference between the client and the server is within range 87.110 ms..91.991 ms
client 2023-07-12 23:13:17,711 [INFO] Sending command to the server: 'session,2023-07-12_23-07-47,stop,ranging'
client 2023-07-12 23:13:28,122 [INFO] Got response: 'OK'
client 2023-07-12 23:13:28,123 [INFO] Sending command to the server: 'time'
client 2023-07-12 23:13:28,127 [INFO] Got response: '1689200008.0379515'
client 2023-07-12 23:13:28,127 [INFO] The time difference between the client and the server is within range 85.069 ms..89.589 ms
client 2023-07-12 23:13:28,147 [INFO] Copying loadgen logs from '/home/arjun/mobilenet_results/valid_results/orin-tflite_armnn_cpp-cpu-armnn_tflite-v23.05-using_neon/mobilenet-v1-precision_uint8-0.5-128/singlestream/performance/run_1' to '/home/arjun/mobilenet_results/valid_results/orin-tflite_armnn_cpp-cpu-armnn_tflite-v23.05-using_neon/mobilenet-v1-precision_uint8-0.5-128/singlestream/performance/tmp_power/ranging'
client 2023-07-12 23:13:28,149 [INFO] Running workload in testing mode
client 2023-07-12 23:13:28,149 [INFO] Synchronizing with the server and with time.google.com...
client 2023-07-12 23:13:28,171 [INFO] NTP:offset = -0.005 s, delay = 0.018 s 
client 2023-07-12 23:13:28,171 [INFO] Sending command to the server: 'time'
client 2023-07-12 23:13:28,175 [INFO] Got response: '1689200008.0792933'
client 2023-07-12 23:13:28,175 [INFO] The time difference between the client and the server is within range 92.118 ms..95.973 ms
client 2023-07-12 23:13:28,175 [INFO] Sending command to the server: 'session,2023-07-12_23-07-47,start,testing'
client 2023-07-12 23:13:41,217 [INFO] Got response: 'OK'
client 2023-07-12 23:13:41,219 [INFO] Sending command to the server: 'time'
client 2023-07-12 23:13:41,231 [INFO] Got response: '1689200021.1368325'
client 2023-07-12 23:13:41,232 [INFO] The time difference between the client and the server is within range 82.134 ms..95.386 ms
client 2023-07-12 23:13:41,232 [INFO] Running the workload 'CM_MLPERF_RUN_COUNT=$(cat ${CM_RUN_DIR}/count.txt); echo ${CM_MLPERF_RUN_COUNT}; CM_MLPERF_RUN_COUNT=$((CM_MLPERF_RUN_COUNT+1)); echo ${CM_MLPERF_RUN_COUNT} > ${CM_RUN_DIR}/count.txt && if [ ${CM_MLPERF_RUN_COUNT} -eq "1" ]; then export CM_MLPERF_USER_CONF=${CM_MLPERF_RANGING_USER_CONF}; else export CM_MLPERF_USER_CONF=${CM_MLPERF_TESTING_USER_CONF}; fi && /home/arjun/run.out'
client 2023-07-12 23:23:44,495 [INFO] Sending command to the server: 'time'
client 2023-07-12 23:23:44,500 [INFO] Got response: '1689200624.4166393'
client 2023-07-12 23:23:44,500 [INFO] The time difference between the client and the server is within range 79.169 ms..84.247 ms
client 2023-07-12 23:23:44,501 [INFO] Sending command to the server: 'session,2023-07-12_23-07-47,stop,testing'
client 2023-07-12 23:23:55,771 [INFO] Got response: 'OK'
client 2023-07-12 23:23:55,771 [INFO] Sending command to the server: 'time'
client 2023-07-12 23:23:55,788 [INFO] Got response: '1689200635.7007358'
client 2023-07-12 23:23:55,788 [INFO] The time difference between the client and the server is within range 71.056 ms..88.179 ms
client 2023-07-12 23:23:55,793 [INFO] Copying loadgen logs from '/home/arjun/mobilenet_results/valid_results/orin-tflite_armnn_cpp-cpu-armnn_tflite-v23.05-using_neon/mobilenet-v1-precision_uint8-0.5-128/singlestream/performance/run_1' to '/home/arjun/mobilenet_results/valid_results/orin-tflite_armnn_cpp-cpu-armnn_tflite-v23.05-using_neon/mobilenet-v1-precision_uint8-0.5-128/singlestream/performance/tmp_power/run_1'
client 2023-07-12 23:23:55,795 [INFO] Done runs
