client 2023-07-15 14:05:24,659 [INFO] Creating output directory '/home/arjun/mobilenet_results/valid_results/raspberrypi-tflite_armnn_cpp-cpu-armnn_tflite-v23.05-using_neon/mobilenet-v1-precision_float-0.75-192/singlestream/performance/tmp_power'
client 2023-07-15 14:05:24,664 [INFO] Sending command to the server: 'mlcommons/power client v3'
client 2023-07-15 14:05:24,668 [INFO] Got response: 'mlcommons/power server v3'
client 2023-07-15 14:05:24,668 [INFO] Synchronizing with the server and with time.google.com...
client 2023-07-15 14:05:24,716 [INFO] NTP:offset = -0.142 s, delay = 0.016 s 
client 2023-07-15 14:05:24,716 [INFO] Sending command to the server: 'time'
client 2023-07-15 14:05:24,721 [INFO] Got response: '1689426324.5766687'
client 2023-07-15 14:05:24,721 [INFO] The time difference between the client and the server is within range 140.151 ms..144.723 ms
client 2023-07-15 14:05:24,721 [INFO] Sending command to the server: 'new,,eb912b63-f3c9-4644-b41c-920bebb5dc97'
client 2023-07-15 14:05:24,725 [INFO] Got response: 'OK 2023-07-15_14-05-24,1a8af20c-2631-4546-8b7c-78e0c22071e7'
client 2023-07-15 14:05:24,726 [INFO] Session id is '2023-07-15_14-05-24'
client 2023-07-15 14:05:24,726 [INFO] Sources: {"sources": {"__init__.py": "da39a3ee5e6b4b0d3255bfef95601890afd80709", "client.py": "33ca4f26368777ac06e01f9567b714a4b8063886", "lib/__init__.py": "da39a3ee5e6b4b0d3255bfef95601890afd80709", "lib/client.py": "ac2aa093c8e8bbc9569b9e2a3471bc64e58a2258", "lib/common.py": "611d8b29633d331eb19c9455ea3b5fa3284ed6df", "lib/external/__init__.py": "da39a3ee5e6b4b0d3255bfef95601890afd80709", "lib/external/ntplib.py": "4da8f970656505a40483206ef2b5d3dd5e81711d", "lib/server.py": "c7af63c31bb2fbedea4345f571f6e3507d268ada", "lib/source_hashes.py": "60a2e02193209e8d392803326208d5466342da18", "lib/summary.py": "aa92f0a3f975eecd44d3c0cd0236342ccc9f941d", "lib/time_sync.py": "122eba67a9abc85635223e054def53be1367ade2", "server.py": "c3f90f2f7eeb4db30727556d0c815ebc89b3d28b", "tests/unit/__init__.py": "da39a3ee5e6b4b0d3255bfef95601890afd80709", "tests/unit/test_server.py": "948c1995d4008bc2aa6c4046a34ffa3858d6d671", "tests/unit/test_source_hashes.py": "00468a2907583c593e6574a1f6b404e4651c221a"}, "modules": {"ptd_client_server.lib.client": "lib/client.py", "ptd_client_server.lib.common": "lib/common.py", "ptd_client_server.lib.external.ntplib": "lib/external/ntplib.py", "ptd_client_server.lib.source_hashes": "lib/source_hashes.py", "ptd_client_server.lib.summary": "lib/summary.py", "ptd_client_server.lib.time_sync": "lib/time_sync.py"}}
client 2023-07-15 14:05:24,727 [INFO] Running workload in ranging mode
client 2023-07-15 14:05:24,728 [INFO] Synchronizing with the server and with time.google.com...
client 2023-07-15 14:05:24,764 [INFO] NTP:offset = -0.143 s, delay = 0.017 s 
client 2023-07-15 14:05:24,765 [INFO] Sending command to the server: 'time'
client 2023-07-15 14:05:24,770 [INFO] Got response: '1689426324.617896'
client 2023-07-15 14:05:24,770 [INFO] The time difference between the client and the server is within range 147.194 ms..152.734 ms
client 2023-07-15 14:05:24,771 [INFO] Sending command to the server: 'session,2023-07-15_14-05-24,start,ranging'
client 2023-07-15 14:05:53,462 [INFO] Got response: 'OK'
client 2023-07-15 14:05:53,463 [INFO] Sending command to the server: 'time'
client 2023-07-15 14:05:53,468 [INFO] Got response: '1689426353.3187907'
client 2023-07-15 14:05:53,468 [INFO] The time difference between the client and the server is within range 144.224 ms..149.878 ms
client 2023-07-15 14:05:53,469 [INFO] Running the workload 'CM_MLPERF_RUN_COUNT=$(cat ${CM_RUN_DIR}/count.txt); echo ${CM_MLPERF_RUN_COUNT}; CM_MLPERF_RUN_COUNT=$((CM_MLPERF_RUN_COUNT+1)); echo ${CM_MLPERF_RUN_COUNT} > ${CM_RUN_DIR}/count.txt && if [ ${CM_MLPERF_RUN_COUNT} -eq "1" ]; then export CM_MLPERF_USER_CONF=${CM_MLPERF_RANGING_USER_CONF}; else export CM_MLPERF_USER_CONF=${CM_MLPERF_TESTING_USER_CONF}; fi && /home/arjun/run.out'
client 2023-07-15 14:11:00,968 [INFO] Sending command to the server: 'time'
client 2023-07-15 14:11:00,978 [INFO] Got response: '1689426660.8227232'
client 2023-07-15 14:11:00,978 [INFO] The time difference between the client and the server is within range 145.816 ms..155.579 ms
client 2023-07-15 14:11:00,978 [INFO] Sending command to the server: 'session,2023-07-15_14-05-24,stop,ranging'
client 2023-07-15 14:11:11,699 [INFO] Got response: 'OK'
client 2023-07-15 14:11:11,699 [INFO] Sending command to the server: 'time'
client 2023-07-15 14:11:11,702 [INFO] Got response: '1689426671.5441692'
client 2023-07-15 14:11:11,703 [INFO] The time difference between the client and the server is within range 155.443 ms..159.189 ms
client 2023-07-15 14:11:11,736 [INFO] Copying loadgen logs from '/home/arjun/mobilenet_results/valid_results/raspberrypi-tflite_armnn_cpp-cpu-armnn_tflite-v23.05-using_neon/mobilenet-v1-precision_float-0.75-192/singlestream/performance/run_1' to '/home/arjun/mobilenet_results/valid_results/raspberrypi-tflite_armnn_cpp-cpu-armnn_tflite-v23.05-using_neon/mobilenet-v1-precision_float-0.75-192/singlestream/performance/tmp_power/ranging'
client 2023-07-15 14:11:11,738 [INFO] Running workload in testing mode
client 2023-07-15 14:11:11,739 [INFO] Synchronizing with the server and with time.google.com...
client 2023-07-15 14:11:11,888 [INFO] NTP:offset = -0.148 s, delay = 0.017 s 
client 2023-07-15 14:11:11,888 [INFO] Sending command to the server: 'time'
client 2023-07-15 14:11:11,892 [INFO] Got response: '1689426671.7390811'
client 2023-07-15 14:11:11,893 [INFO] The time difference between the client and the server is within range 149.735 ms..154.021 ms
client 2023-07-15 14:11:11,893 [INFO] Sending command to the server: 'session,2023-07-15_14-05-24,start,testing'
client 2023-07-15 14:11:24,943 [INFO] Got response: 'OK'
client 2023-07-15 14:11:24,944 [INFO] Sending command to the server: 'time'
client 2023-07-15 14:11:24,950 [INFO] Got response: '1689426684.796716'
client 2023-07-15 14:11:24,951 [INFO] The time difference between the client and the server is within range 147.482 ms..154.341 ms
client 2023-07-15 14:11:24,951 [INFO] Running the workload 'CM_MLPERF_RUN_COUNT=$(cat ${CM_RUN_DIR}/count.txt); echo ${CM_MLPERF_RUN_COUNT}; CM_MLPERF_RUN_COUNT=$((CM_MLPERF_RUN_COUNT+1)); echo ${CM_MLPERF_RUN_COUNT} > ${CM_RUN_DIR}/count.txt && if [ ${CM_MLPERF_RUN_COUNT} -eq "1" ]; then export CM_MLPERF_USER_CONF=${CM_MLPERF_RANGING_USER_CONF}; else export CM_MLPERF_USER_CONF=${CM_MLPERF_TESTING_USER_CONF}; fi && /home/arjun/run.out'
client 2023-07-15 14:21:38,141 [INFO] Sending command to the server: 'time'
client 2023-07-15 14:21:38,146 [INFO] Got response: '1689427298.0277038'
client 2023-07-15 14:21:38,146 [INFO] The time difference between the client and the server is within range 113.612 ms..119.091 ms
client 2023-07-15 14:21:38,147 [INFO] Sending command to the server: 'session,2023-07-15_14-05-24,stop,testing'
client 2023-07-15 14:21:48,962 [INFO] Got response: 'OK'
client 2023-07-15 14:21:48,962 [INFO] Sending command to the server: 'time'
client 2023-07-15 14:21:48,966 [INFO] Got response: '1689427308.856298'
client 2023-07-15 14:21:48,966 [INFO] The time difference between the client and the server is within range 106.641 ms..110.511 ms
client 2023-07-15 14:21:48,972 [INFO] Copying loadgen logs from '/home/arjun/mobilenet_results/valid_results/raspberrypi-tflite_armnn_cpp-cpu-armnn_tflite-v23.05-using_neon/mobilenet-v1-precision_float-0.75-192/singlestream/performance/run_1' to '/home/arjun/mobilenet_results/valid_results/raspberrypi-tflite_armnn_cpp-cpu-armnn_tflite-v23.05-using_neon/mobilenet-v1-precision_float-0.75-192/singlestream/performance/tmp_power/run_1'
client 2023-07-15 14:21:48,975 [INFO] Done runs
