client 2023-07-15 22:05:03,716 [INFO] Creating output directory '/home/arjun/mobilenet_results/valid_results/raspberrypi-tflite_armnn_cpp-cpu-armnn_tflite-v23.05-using_neon/mobilenet-v2-precision_uint8-1.0-224/singlestream/performance/tmp_power'
client 2023-07-15 22:05:03,720 [INFO] Sending command to the server: 'mlcommons/power client v3'
client 2023-07-15 22:05:03,723 [INFO] Got response: 'mlcommons/power server v3'
client 2023-07-15 22:05:03,723 [INFO] Synchronizing with the server and with time.google.com...
client 2023-07-15 22:05:03,762 [INFO] NTP:offset = -0.004 s, delay = 0.017 s 
client 2023-07-15 22:05:03,763 [INFO] Sending command to the server: 'time'
client 2023-07-15 22:05:03,766 [INFO] Got response: '1689455103.6165261'
client 2023-07-15 22:05:03,767 [INFO] The time difference between the client and the server is within range 146.679 ms..150.586 ms
client 2023-07-15 22:05:03,767 [INFO] Sending command to the server: 'new,,3627ad8e-1642-49e3-9cc1-8103ed2a37b2'
client 2023-07-15 22:05:03,771 [INFO] Got response: 'OK 2023-07-15_22-05-03,370ce7c5-ed6c-4b37-b110-7966ee93b7f4'
client 2023-07-15 22:05:03,771 [INFO] Session id is '2023-07-15_22-05-03'
client 2023-07-15 22:05:03,771 [INFO] Sources: {"sources": {"__init__.py": "da39a3ee5e6b4b0d3255bfef95601890afd80709", "client.py": "33ca4f26368777ac06e01f9567b714a4b8063886", "lib/__init__.py": "da39a3ee5e6b4b0d3255bfef95601890afd80709", "lib/client.py": "ac2aa093c8e8bbc9569b9e2a3471bc64e58a2258", "lib/common.py": "611d8b29633d331eb19c9455ea3b5fa3284ed6df", "lib/external/__init__.py": "da39a3ee5e6b4b0d3255bfef95601890afd80709", "lib/external/ntplib.py": "4da8f970656505a40483206ef2b5d3dd5e81711d", "lib/server.py": "c7af63c31bb2fbedea4345f571f6e3507d268ada", "lib/source_hashes.py": "60a2e02193209e8d392803326208d5466342da18", "lib/summary.py": "aa92f0a3f975eecd44d3c0cd0236342ccc9f941d", "lib/time_sync.py": "122eba67a9abc85635223e054def53be1367ade2", "server.py": "c3f90f2f7eeb4db30727556d0c815ebc89b3d28b", "tests/unit/__init__.py": "da39a3ee5e6b4b0d3255bfef95601890afd80709", "tests/unit/test_server.py": "948c1995d4008bc2aa6c4046a34ffa3858d6d671", "tests/unit/test_source_hashes.py": "00468a2907583c593e6574a1f6b404e4651c221a"}, "modules": {"ptd_client_server.lib.client": "lib/client.py", "ptd_client_server.lib.common": "lib/common.py", "ptd_client_server.lib.external.ntplib": "lib/external/ntplib.py", "ptd_client_server.lib.source_hashes": "lib/source_hashes.py", "ptd_client_server.lib.summary": "lib/summary.py", "ptd_client_server.lib.time_sync": "lib/time_sync.py"}}
client 2023-07-15 22:05:03,772 [INFO] Running workload in ranging mode
client 2023-07-15 22:05:03,772 [INFO] Synchronizing with the server and with time.google.com...
client 2023-07-15 22:05:03,806 [INFO] NTP:offset = -0.003 s, delay = 0.015 s 
client 2023-07-15 22:05:03,806 [INFO] Sending command to the server: 'time'
client 2023-07-15 22:05:03,811 [INFO] Got response: '1689455103.6673295'
client 2023-07-15 22:05:03,811 [INFO] The time difference between the client and the server is within range 139.036 ms..144.182 ms
client 2023-07-15 22:05:03,811 [INFO] Sending command to the server: 'session,2023-07-15_22-05-03,start,ranging'
client 2023-07-15 22:05:32,523 [INFO] Got response: 'OK'
client 2023-07-15 22:05:32,524 [INFO] Sending command to the server: 'time'
client 2023-07-15 22:05:32,529 [INFO] Got response: '1689455132.3818512'
client 2023-07-15 22:05:32,529 [INFO] The time difference between the client and the server is within range 142.553 ms..147.614 ms
client 2023-07-15 22:05:32,529 [INFO] Running the workload 'CM_MLPERF_RUN_COUNT=$(cat ${CM_RUN_DIR}/count.txt); echo ${CM_MLPERF_RUN_COUNT}; CM_MLPERF_RUN_COUNT=$((CM_MLPERF_RUN_COUNT+1)); echo ${CM_MLPERF_RUN_COUNT} > ${CM_RUN_DIR}/count.txt && if [ ${CM_MLPERF_RUN_COUNT} -eq "1" ]; then export CM_MLPERF_USER_CONF=${CM_MLPERF_RANGING_USER_CONF}; else export CM_MLPERF_USER_CONF=${CM_MLPERF_TESTING_USER_CONF}; fi && /home/arjun/run.out'
client 2023-07-15 22:10:39,675 [INFO] Sending command to the server: 'time'
client 2023-07-15 22:10:39,680 [INFO] Got response: '1689455439.5249608'
client 2023-07-15 22:10:39,680 [INFO] The time difference between the client and the server is within range 150.713 ms..155.809 ms
client 2023-07-15 22:10:39,680 [INFO] Sending command to the server: 'session,2023-07-15_22-05-03,stop,ranging'
client 2023-07-15 22:10:50,736 [INFO] Got response: 'OK'
client 2023-07-15 22:10:50,736 [INFO] Sending command to the server: 'time'
client 2023-07-15 22:10:50,742 [INFO] Got response: '1689455450.5925753'
client 2023-07-15 22:10:50,742 [INFO] The time difference between the client and the server is within range 144.088 ms..149.846 ms
client 2023-07-15 22:10:50,777 [INFO] Copying loadgen logs from '/home/arjun/mobilenet_results/valid_results/raspberrypi-tflite_armnn_cpp-cpu-armnn_tflite-v23.05-using_neon/mobilenet-v2-precision_uint8-1.0-224/singlestream/performance/run_1' to '/home/arjun/mobilenet_results/valid_results/raspberrypi-tflite_armnn_cpp-cpu-armnn_tflite-v23.05-using_neon/mobilenet-v2-precision_uint8-1.0-224/singlestream/performance/tmp_power/ranging'
client 2023-07-15 22:10:50,780 [INFO] Running workload in testing mode
client 2023-07-15 22:10:50,781 [INFO] Synchronizing with the server and with time.google.com...
client 2023-07-15 22:10:50,982 [INFO] NTP:offset = -0.053 s, delay = 0.114 s 
client 2023-07-15 22:10:50,982 [INFO] Sending command to the server: 'time'
client 2023-07-15 22:10:50,988 [INFO] Got response: '1689455450.8354259'
client 2023-07-15 22:10:50,988 [INFO] The time difference between the client and the server is within range 147.281 ms..153.143 ms
client 2023-07-15 22:10:50,989 [INFO] Sending command to the server: 'session,2023-07-15_22-05-03,start,testing'
client 2023-07-15 22:11:04,038 [INFO] Got response: 'OK'
client 2023-07-15 22:11:04,039 [INFO] Sending command to the server: 'time'
client 2023-07-15 22:11:04,045 [INFO] Got response: '1689455463.8862286'
client 2023-07-15 22:11:04,045 [INFO] The time difference between the client and the server is within range 152.974 ms..159.560 ms
client 2023-07-15 22:11:04,046 [INFO] Running the workload 'CM_MLPERF_RUN_COUNT=$(cat ${CM_RUN_DIR}/count.txt); echo ${CM_MLPERF_RUN_COUNT}; CM_MLPERF_RUN_COUNT=$((CM_MLPERF_RUN_COUNT+1)); echo ${CM_MLPERF_RUN_COUNT} > ${CM_RUN_DIR}/count.txt && if [ ${CM_MLPERF_RUN_COUNT} -eq "1" ]; then export CM_MLPERF_USER_CONF=${CM_MLPERF_RANGING_USER_CONF}; else export CM_MLPERF_USER_CONF=${CM_MLPERF_TESTING_USER_CONF}; fi && /home/arjun/run.out'
client 2023-07-15 22:21:17,012 [INFO] Sending command to the server: 'time'
client 2023-07-15 22:21:17,018 [INFO] Got response: '1689456076.856695'
client 2023-07-15 22:21:17,019 [INFO] The time difference between the client and the server is within range 155.188 ms..162.459 ms
client 2023-07-15 22:21:17,019 [INFO] Sending command to the server: 'session,2023-07-15_22-05-03,stop,testing'
client 2023-07-15 22:21:27,406 [INFO] Got response: 'OK'
client 2023-07-15 22:21:27,407 [INFO] Sending command to the server: 'time'
client 2023-07-15 22:21:27,421 [INFO] Got response: '1689456087.2608879'
client 2023-07-15 22:21:27,422 [INFO] The time difference between the client and the server is within range 146.533 ms..161.204 ms
client 2023-07-15 22:21:27,427 [INFO] Copying loadgen logs from '/home/arjun/mobilenet_results/valid_results/raspberrypi-tflite_armnn_cpp-cpu-armnn_tflite-v23.05-using_neon/mobilenet-v2-precision_uint8-1.0-224/singlestream/performance/run_1' to '/home/arjun/mobilenet_results/valid_results/raspberrypi-tflite_armnn_cpp-cpu-armnn_tflite-v23.05-using_neon/mobilenet-v2-precision_uint8-1.0-224/singlestream/performance/tmp_power/run_1'
client 2023-07-15 22:21:27,431 [INFO] Done runs
