client 2023-08-06 09:27:16,116 [INFO] Creating output directory '/home/arjun/mobilenet_results/valid_results/orin-tflite_cpp-cpu-tflite-vmaster-default_config/mobilenet-v2-precision_uint8-0.5-192/singlestream/performance/tmp_power'
client 2023-08-06 09:27:16,118 [INFO] Sending command to the server: 'mlcommons/power client v3'
client 2023-08-06 09:27:16,122 [INFO] Got response: 'mlcommons/power server v3'
client 2023-08-06 09:27:16,122 [INFO] Synchronizing with the server and with time.google.com...
client 2023-08-06 09:27:16,153 [INFO] NTP:offset = 0.001 s, delay = 0.016 s 
client 2023-08-06 09:27:16,153 [INFO] Sending command to the server: 'time'
client 2023-08-06 09:27:16,155 [INFO] Got response: '1691310435.9907076'
client 2023-08-06 09:27:16,155 [INFO] The time difference between the client and the server is within range 162.509 ms..165.090 ms
client 2023-08-06 09:27:16,155 [INFO] Sending command to the server: 'new,,d310a2b7-752e-4b57-9a61-ac1c954579ac'
client 2023-08-06 09:27:16,159 [INFO] Got response: 'OK 2023-08-06_09-27-15,52ed666c-f141-4bd8-8ef5-781171413b92'
client 2023-08-06 09:27:16,159 [INFO] Session id is '2023-08-06_09-27-15'
client 2023-08-06 09:27:16,159 [INFO] Sources: {"sources": {"__init__.py": "da39a3ee5e6b4b0d3255bfef95601890afd80709", "client.py": "33ca4f26368777ac06e01f9567b714a4b8063886", "lib/__init__.py": "da39a3ee5e6b4b0d3255bfef95601890afd80709", "lib/client.py": "ac2aa093c8e8bbc9569b9e2a3471bc64e58a2258", "lib/common.py": "611d8b29633d331eb19c9455ea3b5fa3284ed6df", "lib/external/__init__.py": "da39a3ee5e6b4b0d3255bfef95601890afd80709", "lib/external/ntplib.py": "4da8f970656505a40483206ef2b5d3dd5e81711d", "lib/server.py": "c7af63c31bb2fbedea4345f571f6e3507d268ada", "lib/source_hashes.py": "60a2e02193209e8d392803326208d5466342da18", "lib/summary.py": "aa92f0a3f975eecd44d3c0cd0236342ccc9f941d", "lib/time_sync.py": "122eba67a9abc85635223e054def53be1367ade2", "server.py": "c3f90f2f7eeb4db30727556d0c815ebc89b3d28b", "tests/unit/__init__.py": "da39a3ee5e6b4b0d3255bfef95601890afd80709", "tests/unit/test_server.py": "948c1995d4008bc2aa6c4046a34ffa3858d6d671", "tests/unit/test_source_hashes.py": "00468a2907583c593e6574a1f6b404e4651c221a"}, "modules": {"ptd_client_server.lib.client": "lib/client.py", "ptd_client_server.lib.common": "lib/common.py", "ptd_client_server.lib.external.ntplib": "lib/external/ntplib.py", "ptd_client_server.lib.source_hashes": "lib/source_hashes.py", "ptd_client_server.lib.summary": "lib/summary.py", "ptd_client_server.lib.time_sync": "lib/time_sync.py"}}
client 2023-08-06 09:27:16,159 [INFO] Running workload in ranging mode
client 2023-08-06 09:27:16,159 [INFO] Synchronizing with the server and with time.google.com...
client 2023-08-06 09:27:16,178 [INFO] NTP:offset = 0.002 s, delay = 0.018 s 
client 2023-08-06 09:27:16,178 [INFO] Sending command to the server: 'time'
client 2023-08-06 09:27:16,180 [INFO] Got response: '1691310436.0113163'
client 2023-08-06 09:27:16,180 [INFO] The time difference between the client and the server is within range 167.051 ms..169.300 ms
client 2023-08-06 09:27:16,180 [INFO] Sending command to the server: 'session,2023-08-06_09-27-15,start,ranging'
client 2023-08-06 09:27:44,903 [INFO] Got response: 'OK'
client 2023-08-06 09:27:44,903 [INFO] Sending command to the server: 'time'
client 2023-08-06 09:27:44,907 [INFO] Got response: '1691310464.7404897'
client 2023-08-06 09:27:44,907 [INFO] The time difference between the client and the server is within range 163.296 ms..166.746 ms
client 2023-08-06 09:27:44,907 [INFO] Running the workload 'CM_MLPERF_RUN_COUNT=$(cat ${CM_RUN_DIR}/count.txt); echo ${CM_MLPERF_RUN_COUNT}; CM_MLPERF_RUN_COUNT=$((CM_MLPERF_RUN_COUNT+1)); echo ${CM_MLPERF_RUN_COUNT} > ${CM_RUN_DIR}/count.txt && if [ ${CM_MLPERF_RUN_COUNT} -eq "1" ]; then export CM_MLPERF_USER_CONF=${CM_MLPERF_RANGING_USER_CONF}; else export CM_MLPERF_USER_CONF=${CM_MLPERF_TESTING_USER_CONF}; fi && /mount/CM/repos/ctuning@mlcommons-ck/cm-mlops/script/run-all-mlperf-models/run.out'
client 2023-08-06 09:32:46,170 [INFO] Sending command to the server: 'time'
client 2023-08-06 09:32:46,174 [INFO] Got response: '1691310766.001288'
client 2023-08-06 09:32:46,174 [INFO] The time difference between the client and the server is within range 169.631 ms..173.581 ms
client 2023-08-06 09:32:46,174 [INFO] Sending command to the server: 'session,2023-08-06_09-27-15,stop,ranging'
client 2023-08-06 09:32:57,490 [INFO] Got response: 'OK'
client 2023-08-06 09:32:57,490 [INFO] Sending command to the server: 'time'
client 2023-08-06 09:32:57,492 [INFO] Got response: '1691310777.321685'
client 2023-08-06 09:32:57,492 [INFO] The time difference between the client and the server is within range 168.630 ms..171.166 ms
client 2023-08-06 09:32:57,496 [INFO] Copying loadgen logs from '/home/arjun/mobilenet_results/valid_results/orin-tflite_cpp-cpu-tflite-vmaster-default_config/mobilenet-v2-precision_uint8-0.5-192/singlestream/performance/run_1' to '/home/arjun/mobilenet_results/valid_results/orin-tflite_cpp-cpu-tflite-vmaster-default_config/mobilenet-v2-precision_uint8-0.5-192/singlestream/performance/tmp_power/ranging'
client 2023-08-06 09:32:57,497 [INFO] Running workload in testing mode
client 2023-08-06 09:32:57,497 [INFO] Synchronizing with the server and with time.google.com...
client 2023-08-06 09:32:57,518 [INFO] NTP:offset = 0.000 s, delay = 0.020 s 
client 2023-08-06 09:32:57,518 [INFO] Sending command to the server: 'time'
client 2023-08-06 09:32:57,521 [INFO] Got response: '1691310777.3520882'
client 2023-08-06 09:32:57,521 [INFO] The time difference between the client and the server is within range 166.866 ms..169.539 ms
client 2023-08-06 09:32:57,521 [INFO] Sending command to the server: 'session,2023-08-06_09-27-15,start,testing'
client 2023-08-06 09:33:10,573 [INFO] Got response: 'OK'
client 2023-08-06 09:33:10,573 [INFO] Sending command to the server: 'time'
client 2023-08-06 09:33:10,576 [INFO] Got response: '1691310790.4033403'
client 2023-08-06 09:33:10,576 [INFO] The time difference between the client and the server is within range 170.103 ms..173.591 ms
client 2023-08-06 09:33:10,577 [INFO] Running the workload 'CM_MLPERF_RUN_COUNT=$(cat ${CM_RUN_DIR}/count.txt); echo ${CM_MLPERF_RUN_COUNT}; CM_MLPERF_RUN_COUNT=$((CM_MLPERF_RUN_COUNT+1)); echo ${CM_MLPERF_RUN_COUNT} > ${CM_RUN_DIR}/count.txt && if [ ${CM_MLPERF_RUN_COUNT} -eq "1" ]; then export CM_MLPERF_USER_CONF=${CM_MLPERF_RANGING_USER_CONF}; else export CM_MLPERF_USER_CONF=${CM_MLPERF_TESTING_USER_CONF}; fi && /mount/CM/repos/ctuning@mlcommons-ck/cm-mlops/script/run-all-mlperf-models/run.out'
client 2023-08-06 09:43:12,683 [INFO] Sending command to the server: 'time'
client 2023-08-06 09:43:12,686 [INFO] Got response: '1691311392.5138366'
client 2023-08-06 09:43:12,686 [INFO] The time difference between the client and the server is within range 169.497 ms..172.583 ms
client 2023-08-06 09:43:12,686 [INFO] Sending command to the server: 'session,2023-08-06_09-27-15,stop,testing'
client 2023-08-06 09:43:23,659 [INFO] Got response: 'OK'
client 2023-08-06 09:43:23,659 [INFO] Sending command to the server: 'time'
client 2023-08-06 09:43:23,661 [INFO] Got response: '1691311403.4842787'
client 2023-08-06 09:43:23,661 [INFO] The time difference between the client and the server is within range 175.472 ms..177.336 ms
client 2023-08-06 09:43:23,662 [INFO] Copying loadgen logs from '/home/arjun/mobilenet_results/valid_results/orin-tflite_cpp-cpu-tflite-vmaster-default_config/mobilenet-v2-precision_uint8-0.5-192/singlestream/performance/run_1' to '/home/arjun/mobilenet_results/valid_results/orin-tflite_cpp-cpu-tflite-vmaster-default_config/mobilenet-v2-precision_uint8-0.5-192/singlestream/performance/tmp_power/run_1'
client 2023-08-06 09:43:23,663 [INFO] Done runs
