client 2023-08-17 06:56:31,559 [INFO] Creating output directory '/home/krai/work_collection/generated_by_power_measurement_on_run_5a3e7ee8d06b4ef395ce992a4198b775/power_logs'
client 2023-08-17 06:56:31,561 [INFO] Sending command to the server: 'mlcommons/power client v3'
client 2023-08-17 06:56:31,562 [INFO] Got response: 'mlcommons/power server v3'
client 2023-08-17 06:56:31,562 [INFO] Synchronizing with the server and with time.google.com...
client 2023-08-17 06:56:31,803 [INFO] NTP:offset = -0.014 s, delay = 0.117 s 
client 2023-08-17 06:56:31,803 [INFO] Sending command to the server: 'time'
client 2023-08-17 06:56:31,804 [INFO] Got response: '1692273391.7988591'
client 2023-08-17 06:56:31,804 [INFO] The time difference between the client and the server is within range 4.339 ms..6.049 ms
client 2023-08-17 06:56:31,805 [INFO] Sending command to the server: 'new,,353cc15c-b914-4eee-ab55-5d439b54baac'
client 2023-08-17 06:56:31,806 [INFO] Got response: 'OK 2023-08-17_06-56-31,cff76d07-a7e6-474d-b160-39cbefd235ac'
client 2023-08-17 06:56:31,807 [INFO] Session id is '2023-08-17_06-56-31'
client 2023-08-17 06:56:31,807 [INFO] Sources: {"sources": {"__init__.py": "da39a3ee5e6b4b0d3255bfef95601890afd80709", "client.py": "33ca4f26368777ac06e01f9567b714a4b8063886", "lib/__init__.py": "da39a3ee5e6b4b0d3255bfef95601890afd80709", "lib/client.py": "ac2aa093c8e8bbc9569b9e2a3471bc64e58a2258", "lib/common.py": "611d8b29633d331eb19c9455ea3b5fa3284ed6df", "lib/external/__init__.py": "da39a3ee5e6b4b0d3255bfef95601890afd80709", "lib/external/ntplib.py": "4da8f970656505a40483206ef2b5d3dd5e81711d", "lib/server.py": "c7af63c31bb2fbedea4345f571f6e3507d268ada", "lib/source_hashes.py": "60a2e02193209e8d392803326208d5466342da18", "lib/summary.py": "aa92f0a3f975eecd44d3c0cd0236342ccc9f941d", "lib/time_sync.py": "80894ef2389e540781ff78de94db16aa4203a14e", "server.py": "c3f90f2f7eeb4db30727556d0c815ebc89b3d28b", "tests/unit/__init__.py": "da39a3ee5e6b4b0d3255bfef95601890afd80709", "tests/unit/test_server.py": "948c1995d4008bc2aa6c4046a34ffa3858d6d671", "tests/unit/test_source_hashes.py": "00468a2907583c593e6574a1f6b404e4651c221a"}, "modules": {"ptd_client_server.lib.client": "lib/client.py", "ptd_client_server.lib.common": "lib/common.py", "ptd_client_server.lib.external.ntplib": "lib/external/ntplib.py", "ptd_client_server.lib.source_hashes": "lib/source_hashes.py", "ptd_client_server.lib.summary": "lib/summary.py", "ptd_client_server.lib.time_sync": "lib/time_sync.py"}}
client 2023-08-17 06:56:31,807 [INFO] Running workload in ranging mode
client 2023-08-17 06:56:31,807 [INFO] Synchronizing with the server and with time.google.com...
client 2023-08-17 06:56:31,908 [INFO] NTP:offset = -0.014 s, delay = 0.099 s 
client 2023-08-17 06:56:31,909 [INFO] Sending command to the server: 'time'
client 2023-08-17 06:56:31,910 [INFO] Got response: '1692273391.9047987'
client 2023-08-17 06:56:31,910 [INFO] The time difference between the client and the server is within range 4.315 ms..6.012 ms
client 2023-08-17 06:56:31,910 [INFO] Sending command to the server: 'session,2023-08-17_06-56-31,start,ranging'
client 2023-08-17 06:57:02,828 [INFO] Got response: 'OK'
client 2023-08-17 06:57:02,829 [INFO] Sending command to the server: 'time'
client 2023-08-17 06:57:02,830 [INFO] Got response: '1692273422.8246768'
client 2023-08-17 06:57:02,830 [INFO] The time difference between the client and the server is within range 4.475 ms..6.207 ms
client 2023-08-17 06:57:02,831 [INFO] Running the workload 'axs byquery loadgen_output,object_detection,sut_name=e920d_q4_std,model_name=retinanet,framework=kilt,device=qaic,loadgen_mode=PerformanceOnly,loadgen_compliance_test-,loadgen_scenario=MultiStream,_with_power+,symlink_to=/home/krai/work_collection/generated_by_power_measurement_on_run_5a3e7ee8d06b4ef395ce992a4198b775/last_mlperf_logs,power_client_entrydic_path=/home/krai/work_collection/generated_by_power_measurement_on_run_5a3e7ee8d06b4ef395ce992a4198b775/program_output.json'
client 2023-08-17 07:07:21,517 [INFO] Sending command to the server: 'time'
client 2023-08-17 07:07:21,518 [INFO] Got response: '1692274041.5187128'
client 2023-08-17 07:07:21,519 [INFO] The time difference between the client and the server is within range -1.753 ms..0.397 ms
client 2023-08-17 07:07:21,519 [INFO] Sending command to the server: 'session,2023-08-17_06-56-31,stop,ranging'
client 2023-08-17 07:07:31,859 [INFO] Got response: 'OK'
client 2023-08-17 07:07:31,859 [INFO] Sending command to the server: 'time'
client 2023-08-17 07:07:31,860 [INFO] Got response: '1692274051.8605053'
client 2023-08-17 07:07:31,860 [INFO] The time difference between the client and the server is within range -1.130 ms..-0.149 ms
client 2023-08-17 07:07:31,869 [INFO] Copying loadgen logs from '/home/krai/work_collection/generated_by_power_measurement_on_run_5a3e7ee8d06b4ef395ce992a4198b775/last_mlperf_logs' to '/home/krai/work_collection/generated_by_power_measurement_on_run_5a3e7ee8d06b4ef395ce992a4198b775/power_logs/ranging'
client 2023-08-17 07:07:31,870 [INFO] Running workload in testing mode
client 2023-08-17 07:07:31,871 [INFO] Synchronizing with the server and with time.google.com...
client 2023-08-17 07:07:31,988 [INFO] NTP:offset = -0.007 s, delay = 0.115 s 
client 2023-08-17 07:07:31,988 [INFO] Sending command to the server: 'time'
client 2023-08-17 07:07:31,990 [INFO] Got response: '1692274051.990279'
client 2023-08-17 07:07:31,990 [INFO] The time difference between the client and the server is within range -1.645 ms..0.055 ms
client 2023-08-17 07:07:31,990 [INFO] Sending command to the server: 'session,2023-08-17_06-56-31,start,testing'
client 2023-08-17 07:07:45,008 [INFO] Got response: 'OK'
client 2023-08-17 07:07:45,008 [INFO] Sending command to the server: 'time'
client 2023-08-17 07:07:45,009 [INFO] Got response: '1692274065.0101304'
client 2023-08-17 07:07:45,009 [INFO] The time difference between the client and the server is within range -1.864 ms..-0.250 ms
client 2023-08-17 07:07:45,010 [INFO] Running the workload 'axs byquery loadgen_output,object_detection,sut_name=e920d_q4_std,model_name=retinanet,framework=kilt,device=qaic,loadgen_mode=PerformanceOnly,loadgen_compliance_test-,loadgen_scenario=MultiStream,_with_power+,symlink_to=/home/krai/work_collection/generated_by_power_measurement_on_run_5a3e7ee8d06b4ef395ce992a4198b775/last_mlperf_logs,power_client_entrydic_path=/home/krai/work_collection/generated_by_power_measurement_on_run_5a3e7ee8d06b4ef395ce992a4198b775/program_output.json'
client 2023-08-17 07:18:03,865 [INFO] Sending command to the server: 'time'
client 2023-08-17 07:18:03,867 [INFO] Got response: '1692274683.8786657'
client 2023-08-17 07:18:03,868 [INFO] The time difference between the client and the server is within range -13.014 ms..-10.661 ms
client 2023-08-17 07:18:03,868 [INFO] Sending command to the server: 'session,2023-08-17_06-56-31,stop,testing'
client 2023-08-17 07:18:14,005 [INFO] Got response: 'OK'
client 2023-08-17 07:18:14,005 [INFO] Sending command to the server: 'time'
client 2023-08-17 07:18:14,006 [INFO] Got response: '1692274694.0179482'
client 2023-08-17 07:18:14,007 [INFO] The time difference between the client and the server is within range -12.051 ms..-10.813 ms
client 2023-08-17 07:18:14,009 [INFO] Copying loadgen logs from '/home/krai/work_collection/generated_by_power_measurement_on_run_5a3e7ee8d06b4ef395ce992a4198b775/last_mlperf_logs' to '/home/krai/work_collection/generated_by_power_measurement_on_run_5a3e7ee8d06b4ef395ce992a4198b775/power_logs/run_1'
client 2023-08-17 07:18:14,010 [INFO] Done runs
