client 2023-09-01 20:45:26,035 [INFO] Creating output directory '/home/arjun/results_dir/valid_results/phoenix_Amd_Am5-reference-cpu-deepsparse-vdefault-default_config/obert-base-pruned90-none-bert-99/offline/performance/tmp_power'
client 2023-09-01 20:45:26,225 [INFO] Sending command to the server: 'mlcommons/power client v3'
client 2023-09-01 20:45:26,228 [INFO] Got response: 'mlcommons/power server v3'
client 2023-09-01 20:45:26,228 [INFO] Synchronizing with the server and with time.google.com...
client 2023-09-01 20:45:26,243 [INFO] NTP:offset = -0.000 s, delay = 0.013 s 
client 2023-09-01 20:45:26,243 [INFO] Sending command to the server: 'time'
client 2023-09-01 20:45:26,246 [INFO] Got response: '1693597526.2448847'
client 2023-09-01 20:45:26,246 [INFO] The time difference between the client and the server is within range -1.745 ms..1.225 ms
client 2023-09-01 20:45:26,246 [INFO] Sending command to the server: 'new,,1f4c4763-fd15-4ee2-9e1a-cce0a672c714'
client 2023-09-01 20:45:26,249 [INFO] Got response: 'OK 2023-09-01_19-45-26,bc24272c-0133-403f-a8b6-e2bc4d3517a8'
client 2023-09-01 20:45:26,249 [INFO] Session id is '2023-09-01_19-45-26'
client 2023-09-01 20:45:26,249 [INFO] Sources: {"sources": {"__init__.py": "da39a3ee5e6b4b0d3255bfef95601890afd80709", "client.py": "33ca4f26368777ac06e01f9567b714a4b8063886", "lib/__init__.py": "da39a3ee5e6b4b0d3255bfef95601890afd80709", "lib/client.py": "ac2aa093c8e8bbc9569b9e2a3471bc64e58a2258", "lib/common.py": "611d8b29633d331eb19c9455ea3b5fa3284ed6df", "lib/external/__init__.py": "da39a3ee5e6b4b0d3255bfef95601890afd80709", "lib/external/ntplib.py": "4da8f970656505a40483206ef2b5d3dd5e81711d", "lib/server.py": "c7af63c31bb2fbedea4345f571f6e3507d268ada", "lib/source_hashes.py": "60a2e02193209e8d392803326208d5466342da18", "lib/summary.py": "aa92f0a3f975eecd44d3c0cd0236342ccc9f941d", "lib/time_sync.py": "122eba67a9abc85635223e054def53be1367ade2", "server.py": "c3f90f2f7eeb4db30727556d0c815ebc89b3d28b", "tests/unit/__init__.py": "da39a3ee5e6b4b0d3255bfef95601890afd80709", "tests/unit/test_server.py": "948c1995d4008bc2aa6c4046a34ffa3858d6d671", "tests/unit/test_source_hashes.py": "00468a2907583c593e6574a1f6b404e4651c221a"}, "modules": {"ptd_client_server.lib.client": "lib/client.py", "ptd_client_server.lib.common": "lib/common.py", "ptd_client_server.lib.external.ntplib": "lib/external/ntplib.py", "ptd_client_server.lib.source_hashes": "lib/source_hashes.py", "ptd_client_server.lib.summary": "lib/summary.py", "ptd_client_server.lib.time_sync": "lib/time_sync.py"}}
client 2023-09-01 20:45:26,249 [INFO] Running workload in ranging mode
client 2023-09-01 20:45:26,249 [INFO] Synchronizing with the server and with time.google.com...
client 2023-09-01 20:45:26,264 [INFO] NTP:offset = -0.001 s, delay = 0.015 s 
client 2023-09-01 20:45:26,265 [INFO] Sending command to the server: 'time'
client 2023-09-01 20:45:26,266 [INFO] Got response: '1693597526.2661052'
client 2023-09-01 20:45:26,266 [INFO] The time difference between the client and the server is within range -1.105 ms..0.655 ms
client 2023-09-01 20:45:26,266 [INFO] Sending command to the server: 'session,2023-09-01_19-45-26,start,ranging'
client 2023-09-01 20:45:54,355 [INFO] Got response: 'OK'
client 2023-09-01 20:45:54,355 [INFO] Sending command to the server: 'time'
client 2023-09-01 20:45:54,356 [INFO] Got response: '1693597554.3564742'
client 2023-09-01 20:45:54,356 [INFO] The time difference between the client and the server is within range -0.869 ms..0.433 ms
client 2023-09-01 20:45:54,356 [INFO] Running the workload 'CM_MLPERF_RUN_COUNT=$(cat ${CM_RUN_DIR}/count.txt); echo ${CM_MLPERF_RUN_COUNT}; CM_MLPERF_RUN_COUNT=$((CM_MLPERF_RUN_COUNT+1)); echo ${CM_MLPERF_RUN_COUNT} > ${CM_RUN_DIR}/count.txt && if [ ${CM_MLPERF_RUN_COUNT} -eq "1" ]; then export CM_MLPERF_USER_CONF=${CM_MLPERF_RANGING_USER_CONF}; else export CM_MLPERF_USER_CONF=${CM_MLPERF_TESTING_USER_CONF}; fi && /usr/bin/python3 run.py --backend=deepsparse --scenario=Offline --mlperf_conf "/home/arjun/CM/repos/local/cache/c90a1dd626e44096/inference/mlperf.conf" --user_conf "${CM_MLPERF_USER_CONF}" --quantized --batch_size=384 --model_path=/home/arjun/.cache/sparsezoo/68214cb1-14dc-4f1b-93fd-075d0b06ca32/model.onnx'
client 2023-09-01 20:52:43,629 [INFO] Sending command to the server: 'time'
client 2023-09-01 20:52:43,735 [INFO] Got response: '1693597963.7348437'
client 2023-09-01 20:52:43,735 [INFO] The time difference between the client and the server is within range -105.789 ms..1.008 ms
client 2023-09-01 20:52:43,735 [INFO] Sending command to the server: 'session,2023-09-01_19-45-26,stop,ranging'
client 2023-09-01 20:52:54,443 [INFO] Got response: 'OK'
client 2023-09-01 20:52:54,443 [INFO] Sending command to the server: 'time'
client 2023-09-01 20:52:54,444 [INFO] Got response: '1693597974.4440973'
client 2023-09-01 20:52:54,444 [INFO] The time difference between the client and the server is within range -0.522 ms..0.403 ms
client 2023-09-01 20:52:54,446 [INFO] Copying loadgen logs from '/home/arjun/results_dir/valid_results/phoenix_Amd_Am5-reference-cpu-deepsparse-vdefault-default_config/obert-base-pruned90-none-bert-99/offline/performance/run_1' to '/home/arjun/results_dir/valid_results/phoenix_Amd_Am5-reference-cpu-deepsparse-vdefault-default_config/obert-base-pruned90-none-bert-99/offline/performance/tmp_power/ranging'
client 2023-09-01 20:52:54,446 [INFO] Running workload in testing mode
client 2023-09-01 20:52:54,446 [INFO] Synchronizing with the server and with time.google.com...
client 2023-09-01 20:52:54,466 [INFO] NTP:offset = 0.000 s, delay = 0.020 s 
client 2023-09-01 20:52:54,466 [INFO] Sending command to the server: 'time'
client 2023-09-01 20:52:54,468 [INFO] Got response: '1693597974.4676423'
client 2023-09-01 20:52:54,468 [INFO] The time difference between the client and the server is within range -0.672 ms..0.859 ms
client 2023-09-01 20:52:54,468 [INFO] Sending command to the server: 'session,2023-09-01_19-45-26,start,testing'
client 2023-09-01 20:53:07,483 [INFO] Got response: 'OK'
client 2023-09-01 20:53:07,483 [INFO] Sending command to the server: 'time'
client 2023-09-01 20:53:07,485 [INFO] Got response: '1693597987.4846604'
client 2023-09-01 20:53:07,485 [INFO] The time difference between the client and the server is within range -0.941 ms..0.595 ms
client 2023-09-01 20:53:07,485 [INFO] Running the workload 'CM_MLPERF_RUN_COUNT=$(cat ${CM_RUN_DIR}/count.txt); echo ${CM_MLPERF_RUN_COUNT}; CM_MLPERF_RUN_COUNT=$((CM_MLPERF_RUN_COUNT+1)); echo ${CM_MLPERF_RUN_COUNT} > ${CM_RUN_DIR}/count.txt && if [ ${CM_MLPERF_RUN_COUNT} -eq "1" ]; then export CM_MLPERF_USER_CONF=${CM_MLPERF_RANGING_USER_CONF}; else export CM_MLPERF_USER_CONF=${CM_MLPERF_TESTING_USER_CONF}; fi && /usr/bin/python3 run.py --backend=deepsparse --scenario=Offline --mlperf_conf "/home/arjun/CM/repos/local/cache/c90a1dd626e44096/inference/mlperf.conf" --user_conf "${CM_MLPERF_USER_CONF}" --quantized --batch_size=384 --model_path=/home/arjun/.cache/sparsezoo/68214cb1-14dc-4f1b-93fd-075d0b06ca32/model.onnx'
client 2023-09-01 21:05:26,793 [INFO] Sending command to the server: 'time'
client 2023-09-01 21:05:26,921 [INFO] Got response: '1693598726.9200115'
client 2023-09-01 21:05:26,921 [INFO] The time difference between the client and the server is within range -126.427 ms..1.164 ms
client 2023-09-01 21:05:26,921 [INFO] Sending command to the server: 'session,2023-09-01_19-45-26,stop,testing'
client 2023-09-01 21:05:37,495 [INFO] Got response: 'OK'
client 2023-09-01 21:05:37,495 [INFO] Sending command to the server: 'time'
client 2023-09-01 21:05:37,497 [INFO] Got response: '1693598737.4964068'
client 2023-09-01 21:05:37,497 [INFO] The time difference between the client and the server is within range -0.460 ms..0.725 ms
client 2023-09-01 21:05:37,497 [INFO] Copying loadgen logs from '/home/arjun/results_dir/valid_results/phoenix_Amd_Am5-reference-cpu-deepsparse-vdefault-default_config/obert-base-pruned90-none-bert-99/offline/performance/run_1' to '/home/arjun/results_dir/valid_results/phoenix_Amd_Am5-reference-cpu-deepsparse-vdefault-default_config/obert-base-pruned90-none-bert-99/offline/performance/tmp_power/run_1'
client 2023-09-01 21:05:37,497 [INFO] Done runs
