client 2023-08-05 23:22:50,705 [INFO] Creating output directory '/home/arjun/mobilenet_results/valid_results/orin-tflite_cpp-cpu-tflite-vmaster-default_config/mobilenet-v1-precision_float-0.75-128/singlestream/performance/tmp_power'
client 2023-08-05 23:22:50,711 [INFO] Sending command to the server: 'mlcommons/power client v3'
client 2023-08-05 23:22:50,726 [INFO] Got response: 'mlcommons/power server v3'
client 2023-08-05 23:22:50,726 [INFO] Synchronizing with the server and with time.google.com...
client 2023-08-05 23:22:50,741 [INFO] NTP:offset = 0.000 s, delay = 0.012 s 
client 2023-08-05 23:22:50,742 [INFO] Sending command to the server: 'time'
client 2023-08-05 23:22:50,745 [INFO] Got response: '1691274170.5978456'
client 2023-08-05 23:22:50,745 [INFO] The time difference between the client and the server is within range 144.208 ms..147.813 ms
client 2023-08-05 23:22:50,745 [INFO] Sending command to the server: 'new,,8025a1a1-0f5e-42b1-be35-a0b683f6bf7f'
client 2023-08-05 23:22:50,752 [INFO] Got response: 'OK 2023-08-05_23-22-50,b0b26170-f1be-4e49-9f92-d0b4582b022f'
client 2023-08-05 23:22:50,752 [INFO] Session id is '2023-08-05_23-22-50'
client 2023-08-05 23:22:50,752 [INFO] Sources: {"sources": {"__init__.py": "da39a3ee5e6b4b0d3255bfef95601890afd80709", "client.py": "33ca4f26368777ac06e01f9567b714a4b8063886", "lib/__init__.py": "da39a3ee5e6b4b0d3255bfef95601890afd80709", "lib/client.py": "ac2aa093c8e8bbc9569b9e2a3471bc64e58a2258", "lib/common.py": "611d8b29633d331eb19c9455ea3b5fa3284ed6df", "lib/external/__init__.py": "da39a3ee5e6b4b0d3255bfef95601890afd80709", "lib/external/ntplib.py": "4da8f970656505a40483206ef2b5d3dd5e81711d", "lib/server.py": "c7af63c31bb2fbedea4345f571f6e3507d268ada", "lib/source_hashes.py": "60a2e02193209e8d392803326208d5466342da18", "lib/summary.py": "aa92f0a3f975eecd44d3c0cd0236342ccc9f941d", "lib/time_sync.py": "122eba67a9abc85635223e054def53be1367ade2", "server.py": "c3f90f2f7eeb4db30727556d0c815ebc89b3d28b", "tests/unit/__init__.py": "da39a3ee5e6b4b0d3255bfef95601890afd80709", "tests/unit/test_server.py": "948c1995d4008bc2aa6c4046a34ffa3858d6d671", "tests/unit/test_source_hashes.py": "00468a2907583c593e6574a1f6b404e4651c221a"}, "modules": {"ptd_client_server.lib.client": "lib/client.py", "ptd_client_server.lib.common": "lib/common.py", "ptd_client_server.lib.external.ntplib": "lib/external/ntplib.py", "ptd_client_server.lib.source_hashes": "lib/source_hashes.py", "ptd_client_server.lib.summary": "lib/summary.py", "ptd_client_server.lib.time_sync": "lib/time_sync.py"}}
client 2023-08-05 23:22:50,752 [INFO] Running workload in ranging mode
client 2023-08-05 23:22:50,752 [INFO] Synchronizing with the server and with time.google.com...
client 2023-08-05 23:22:50,767 [INFO] NTP:offset = -0.001 s, delay = 0.014 s 
client 2023-08-05 23:22:50,767 [INFO] Sending command to the server: 'time'
client 2023-08-05 23:22:50,773 [INFO] Got response: '1691274170.6285317'
client 2023-08-05 23:22:50,773 [INFO] The time difference between the client and the server is within range 139.136 ms..145.331 ms
client 2023-08-05 23:22:50,773 [INFO] Sending command to the server: 'session,2023-08-05_23-22-50,start,ranging'
client 2023-08-05 23:23:19,483 [INFO] Got response: 'OK'
client 2023-08-05 23:23:19,484 [INFO] Sending command to the server: 'time'
client 2023-08-05 23:23:19,487 [INFO] Got response: '1691274199.340774'
client 2023-08-05 23:23:19,488 [INFO] The time difference between the client and the server is within range 143.368 ms..147.233 ms
client 2023-08-05 23:23:19,488 [INFO] Running the workload 'CM_MLPERF_RUN_COUNT=$(cat ${CM_RUN_DIR}/count.txt); echo ${CM_MLPERF_RUN_COUNT}; CM_MLPERF_RUN_COUNT=$((CM_MLPERF_RUN_COUNT+1)); echo ${CM_MLPERF_RUN_COUNT} > ${CM_RUN_DIR}/count.txt && if [ ${CM_MLPERF_RUN_COUNT} -eq "1" ]; then export CM_MLPERF_USER_CONF=${CM_MLPERF_RANGING_USER_CONF}; else export CM_MLPERF_USER_CONF=${CM_MLPERF_TESTING_USER_CONF}; fi && /mount/CM/repos/ctuning@mlcommons-ck/cm-mlops/script/run-all-mlperf-models/run.out'
client 2023-08-05 23:28:20,801 [INFO] Sending command to the server: 'time'
client 2023-08-05 23:28:20,805 [INFO] Got response: '1691274500.6654475'
client 2023-08-05 23:28:20,806 [INFO] The time difference between the client and the server is within range 135.715 ms..140.640 ms
client 2023-08-05 23:28:20,806 [INFO] Sending command to the server: 'session,2023-08-05_23-22-50,stop,ranging'
client 2023-08-05 23:28:32,028 [INFO] Got response: 'OK'
client 2023-08-05 23:28:32,028 [INFO] Sending command to the server: 'time'
client 2023-08-05 23:28:32,031 [INFO] Got response: '1691274511.8894997'
client 2023-08-05 23:28:32,031 [INFO] The time difference between the client and the server is within range 139.299 ms..142.428 ms
client 2023-08-05 23:28:32,035 [INFO] Copying loadgen logs from '/home/arjun/mobilenet_results/valid_results/orin-tflite_cpp-cpu-tflite-vmaster-default_config/mobilenet-v1-precision_float-0.75-128/singlestream/performance/run_1' to '/home/arjun/mobilenet_results/valid_results/orin-tflite_cpp-cpu-tflite-vmaster-default_config/mobilenet-v1-precision_float-0.75-128/singlestream/performance/tmp_power/ranging'
client 2023-08-05 23:28:32,036 [INFO] Running workload in testing mode
client 2023-08-05 23:28:32,036 [INFO] Synchronizing with the server and with time.google.com...
client 2023-08-05 23:28:32,051 [INFO] NTP:offset = -0.001 s, delay = 0.014 s 
client 2023-08-05 23:28:32,051 [INFO] Sending command to the server: 'time'
client 2023-08-05 23:28:32,055 [INFO] Got response: '1691274511.9100554'
client 2023-08-05 23:28:32,055 [INFO] The time difference between the client and the server is within range 141.439 ms..145.122 ms
client 2023-08-05 23:28:32,055 [INFO] Sending command to the server: 'session,2023-08-05_23-22-50,start,testing'
client 2023-08-05 23:28:45,092 [INFO] Got response: 'OK'
client 2023-08-05 23:28:45,093 [INFO] Sending command to the server: 'time'
client 2023-08-05 23:28:45,097 [INFO] Got response: '1691274524.9562726'
client 2023-08-05 23:28:45,097 [INFO] The time difference between the client and the server is within range 136.824 ms..141.109 ms
client 2023-08-05 23:28:45,097 [INFO] Running the workload 'CM_MLPERF_RUN_COUNT=$(cat ${CM_RUN_DIR}/count.txt); echo ${CM_MLPERF_RUN_COUNT}; CM_MLPERF_RUN_COUNT=$((CM_MLPERF_RUN_COUNT+1)); echo ${CM_MLPERF_RUN_COUNT} > ${CM_RUN_DIR}/count.txt && if [ ${CM_MLPERF_RUN_COUNT} -eq "1" ]; then export CM_MLPERF_USER_CONF=${CM_MLPERF_RANGING_USER_CONF}; else export CM_MLPERF_USER_CONF=${CM_MLPERF_TESTING_USER_CONF}; fi && /mount/CM/repos/ctuning@mlcommons-ck/cm-mlops/script/run-all-mlperf-models/run.out'
client 2023-08-05 23:38:47,211 [INFO] Sending command to the server: 'time'
client 2023-08-05 23:38:47,216 [INFO] Got response: '1691275127.079976'
client 2023-08-05 23:38:47,216 [INFO] The time difference between the client and the server is within range 131.421 ms..136.406 ms
client 2023-08-05 23:38:47,216 [INFO] Sending command to the server: 'session,2023-08-05_23-22-50,stop,testing'
client 2023-08-05 23:38:58,672 [INFO] Got response: 'OK'
client 2023-08-05 23:38:58,672 [INFO] Sending command to the server: 'time'
client 2023-08-05 23:38:58,676 [INFO] Got response: '1691275138.5390668'
client 2023-08-05 23:38:58,676 [INFO] The time difference between the client and the server is within range 133.390 ms..137.168 ms
client 2023-08-05 23:38:58,677 [INFO] Copying loadgen logs from '/home/arjun/mobilenet_results/valid_results/orin-tflite_cpp-cpu-tflite-vmaster-default_config/mobilenet-v1-precision_float-0.75-128/singlestream/performance/run_1' to '/home/arjun/mobilenet_results/valid_results/orin-tflite_cpp-cpu-tflite-vmaster-default_config/mobilenet-v1-precision_float-0.75-128/singlestream/performance/tmp_power/run_1'
client 2023-08-05 23:38:58,677 [INFO] Done runs
