client 2023-07-16 06:53:39,442 [INFO] Creating output directory '/home/arjun/mobilenet_results/valid_results/raspberrypi-tflite_armnn_cpp-cpu-armnn_tflite-v23.05-using_neon/mobilenet-v3-precision_uint8-large-224/singlestream/performance/tmp_power'
client 2023-07-16 06:53:39,449 [INFO] Sending command to the server: 'mlcommons/power client v3'
client 2023-07-16 06:53:39,452 [INFO] Got response: 'mlcommons/power server v3'
client 2023-07-16 06:53:39,452 [INFO] Synchronizing with the server and with time.google.com...
client 2023-07-16 06:53:39,485 [INFO] NTP:offset = -0.000 s, delay = 0.014 s 
client 2023-07-16 06:53:39,485 [INFO] Sending command to the server: 'time'
client 2023-07-16 06:53:39,489 [INFO] Got response: '1689486819.2896051'
client 2023-07-16 06:53:39,489 [INFO] The time difference between the client and the server is within range 195.841 ms..200.305 ms
client 2023-07-16 06:53:39,490 [WARNING] The time difference between the client and the server is more than 200 ms
client 2023-07-16 06:53:39,490 [INFO] Sending command to the server: 'set_ntp'
client 2023-07-16 06:53:40,531 [INFO] Got response: 'OK'
client 2023-07-16 06:53:40,532 [INFO] Synchronizing with time.google.com time using NTP...
client 2023-07-16 06:53:49,123 [INFO] Set system time at 2023-07-16 06:53:49.123045
client 2023-07-16 06:53:49,157 [INFO] NTP:offset = -0.002 s, delay = 0.015 s 
client 2023-07-16 06:53:49,158 [INFO] Sending command to the server: 'time'
client 2023-07-16 06:53:49,164 [INFO] Got response: '1689486829.155782'
client 2023-07-16 06:53:49,164 [INFO] The time difference between the client and the server is within range 2.424 ms..9.017 ms
client 2023-07-16 06:53:49,165 [INFO] Sending command to the server: 'new,,f04e3fd8-2090-47fb-ba72-480d4c3564a2'
client 2023-07-16 06:53:49,171 [INFO] Got response: 'OK 2023-07-16_06-53-49,c388ce41-009a-4ef7-9db2-f47f2730b57b'
client 2023-07-16 06:53:49,172 [INFO] Session id is '2023-07-16_06-53-49'
client 2023-07-16 06:53:49,173 [INFO] Sources: {"sources": {"__init__.py": "da39a3ee5e6b4b0d3255bfef95601890afd80709", "client.py": "33ca4f26368777ac06e01f9567b714a4b8063886", "lib/__init__.py": "da39a3ee5e6b4b0d3255bfef95601890afd80709", "lib/client.py": "ac2aa093c8e8bbc9569b9e2a3471bc64e58a2258", "lib/common.py": "611d8b29633d331eb19c9455ea3b5fa3284ed6df", "lib/external/__init__.py": "da39a3ee5e6b4b0d3255bfef95601890afd80709", "lib/external/ntplib.py": "4da8f970656505a40483206ef2b5d3dd5e81711d", "lib/server.py": "c7af63c31bb2fbedea4345f571f6e3507d268ada", "lib/source_hashes.py": "60a2e02193209e8d392803326208d5466342da18", "lib/summary.py": "aa92f0a3f975eecd44d3c0cd0236342ccc9f941d", "lib/time_sync.py": "122eba67a9abc85635223e054def53be1367ade2", "server.py": "c3f90f2f7eeb4db30727556d0c815ebc89b3d28b", "tests/unit/__init__.py": "da39a3ee5e6b4b0d3255bfef95601890afd80709", "tests/unit/test_server.py": "948c1995d4008bc2aa6c4046a34ffa3858d6d671", "tests/unit/test_source_hashes.py": "00468a2907583c593e6574a1f6b404e4651c221a"}, "modules": {"ptd_client_server.lib.client": "lib/client.py", "ptd_client_server.lib.common": "lib/common.py", "ptd_client_server.lib.external.ntplib": "lib/external/ntplib.py", "ptd_client_server.lib.source_hashes": "lib/source_hashes.py", "ptd_client_server.lib.summary": "lib/summary.py", "ptd_client_server.lib.time_sync": "lib/time_sync.py"}}
client 2023-07-16 06:53:49,174 [INFO] Running workload in ranging mode
client 2023-07-16 06:53:49,174 [INFO] Synchronizing with the server and with time.google.com...
client 2023-07-16 06:53:49,208 [INFO] NTP:offset = 0.000 s, delay = 0.014 s 
client 2023-07-16 06:53:49,209 [INFO] Sending command to the server: 'time'
client 2023-07-16 06:53:49,212 [INFO] Got response: '1689486829.2070212'
client 2023-07-16 06:53:49,213 [INFO] The time difference between the client and the server is within range 1.947 ms..5.943 ms
client 2023-07-16 06:53:49,213 [INFO] Sending command to the server: 'session,2023-07-16_06-53-49,start,ranging'
client 2023-07-16 06:54:17,920 [INFO] Got response: 'OK'
client 2023-07-16 06:54:17,920 [INFO] Sending command to the server: 'time'
client 2023-07-16 06:54:17,924 [INFO] Got response: '1689486857.922934'
client 2023-07-16 06:54:17,924 [INFO] The time difference between the client and the server is within range -2.253 ms..1.601 ms
client 2023-07-16 06:54:17,924 [INFO] Running the workload 'CM_MLPERF_RUN_COUNT=$(cat ${CM_RUN_DIR}/count.txt); echo ${CM_MLPERF_RUN_COUNT}; CM_MLPERF_RUN_COUNT=$((CM_MLPERF_RUN_COUNT+1)); echo ${CM_MLPERF_RUN_COUNT} > ${CM_RUN_DIR}/count.txt && if [ ${CM_MLPERF_RUN_COUNT} -eq "1" ]; then export CM_MLPERF_USER_CONF=${CM_MLPERF_RANGING_USER_CONF}; else export CM_MLPERF_USER_CONF=${CM_MLPERF_TESTING_USER_CONF}; fi && /home/arjun/run.out'
client 2023-07-16 06:59:24,643 [INFO] Sending command to the server: 'time'
client 2023-07-16 06:59:24,648 [INFO] Got response: '1689487164.6362329'
client 2023-07-16 06:59:24,648 [INFO] The time difference between the client and the server is within range 7.411 ms..12.281 ms
client 2023-07-16 06:59:24,648 [INFO] Sending command to the server: 'session,2023-07-16_06-53-49,stop,ranging'
client 2023-07-16 06:59:35,165 [INFO] Got response: 'OK'
client 2023-07-16 06:59:35,166 [INFO] Sending command to the server: 'time'
client 2023-07-16 06:59:35,169 [INFO] Got response: '1689487175.1608312'
client 2023-07-16 06:59:35,169 [INFO] The time difference between the client and the server is within range 5.298 ms..8.790 ms
client 2023-07-16 06:59:35,199 [INFO] Copying loadgen logs from '/home/arjun/mobilenet_results/valid_results/raspberrypi-tflite_armnn_cpp-cpu-armnn_tflite-v23.05-using_neon/mobilenet-v3-precision_uint8-large-224/singlestream/performance/run_1' to '/home/arjun/mobilenet_results/valid_results/raspberrypi-tflite_armnn_cpp-cpu-armnn_tflite-v23.05-using_neon/mobilenet-v3-precision_uint8-large-224/singlestream/performance/tmp_power/ranging'
client 2023-07-16 06:59:35,202 [INFO] Running workload in testing mode
client 2023-07-16 06:59:35,203 [INFO] Synchronizing with the server and with time.google.com...
client 2023-07-16 06:59:35,236 [INFO] NTP:offset = -0.000 s, delay = 0.015 s 
client 2023-07-16 06:59:35,236 [INFO] Sending command to the server: 'time'
client 2023-07-16 06:59:35,240 [INFO] Got response: '1689487175.2323637'
client 2023-07-16 06:59:35,240 [INFO] The time difference between the client and the server is within range 4.505 ms..8.351 ms
client 2023-07-16 06:59:35,241 [INFO] Sending command to the server: 'session,2023-07-16_06-53-49,start,testing'
client 2023-07-16 06:59:48,275 [INFO] Got response: 'OK'
client 2023-07-16 06:59:48,276 [INFO] Sending command to the server: 'time'
client 2023-07-16 06:59:48,280 [INFO] Got response: '1689487188.2739222'
client 2023-07-16 06:59:48,281 [INFO] The time difference between the client and the server is within range 2.306 ms..7.113 ms
client 2023-07-16 06:59:48,281 [INFO] Running the workload 'CM_MLPERF_RUN_COUNT=$(cat ${CM_RUN_DIR}/count.txt); echo ${CM_MLPERF_RUN_COUNT}; CM_MLPERF_RUN_COUNT=$((CM_MLPERF_RUN_COUNT+1)); echo ${CM_MLPERF_RUN_COUNT} > ${CM_RUN_DIR}/count.txt && if [ ${CM_MLPERF_RUN_COUNT} -eq "1" ]; then export CM_MLPERF_USER_CONF=${CM_MLPERF_RANGING_USER_CONF}; else export CM_MLPERF_USER_CONF=${CM_MLPERF_TESTING_USER_CONF}; fi && /home/arjun/run.out'
client 2023-07-16 07:10:01,288 [INFO] Sending command to the server: 'time'
client 2023-07-16 07:10:01,293 [INFO] Got response: '1689487801.2808397'
client 2023-07-16 07:10:01,294 [INFO] The time difference between the client and the server is within range 7.477 ms..13.151 ms
client 2023-07-16 07:10:01,294 [INFO] Sending command to the server: 'session,2023-07-16_06-53-49,stop,testing'
client 2023-07-16 07:10:12,433 [INFO] Got response: 'OK'
client 2023-07-16 07:10:12,434 [INFO] Sending command to the server: 'time'
client 2023-07-16 07:10:12,436 [INFO] Got response: '1689487812.4162464'
client 2023-07-16 07:10:12,437 [INFO] The time difference between the client and the server is within range 17.889 ms..20.900 ms
client 2023-07-16 07:10:12,441 [INFO] Copying loadgen logs from '/home/arjun/mobilenet_results/valid_results/raspberrypi-tflite_armnn_cpp-cpu-armnn_tflite-v23.05-using_neon/mobilenet-v3-precision_uint8-large-224/singlestream/performance/run_1' to '/home/arjun/mobilenet_results/valid_results/raspberrypi-tflite_armnn_cpp-cpu-armnn_tflite-v23.05-using_neon/mobilenet-v3-precision_uint8-large-224/singlestream/performance/tmp_power/run_1'
client 2023-07-16 07:10:12,444 [INFO] Done runs
