client 2023-08-16 08:03:42,685 [INFO] Creating output directory '/home/krai/work_collection/generated_by_power_measurement_on_run_4a3fddbb20df4c6dace8d4e952de73a2/power_logs'
client 2023-08-16 08:03:42,686 [INFO] Sending command to the server: 'mlcommons/power client v3'
client 2023-08-16 08:03:42,687 [INFO] Got response: 'mlcommons/power server v3'
client 2023-08-16 08:03:42,687 [INFO] Synchronizing with the server and with time.google.com...
client 2023-08-16 08:03:42,835 [INFO] NTP:offset = 0.016 s, delay = 0.075 s 
client 2023-08-16 08:03:42,835 [INFO] Sending command to the server: 'time'
client 2023-08-16 08:03:42,836 [INFO] Got response: '1692191022.8518207'
client 2023-08-16 08:03:42,837 [INFO] The time difference between the client and the server is within range -16.320 ms..-14.732 ms
client 2023-08-16 08:03:42,837 [INFO] Sending command to the server: 'new,,a1637e9d-8c76-43c4-8c47-fb8f4c14a4a1'
client 2023-08-16 08:03:42,838 [INFO] Got response: 'OK 2023-08-16_08-03-42,6c8908de-b868-493f-a4e7-f06fe6f4c949'
client 2023-08-16 08:03:42,838 [INFO] Session id is '2023-08-16_08-03-42'
client 2023-08-16 08:03:42,839 [INFO] Sources: {"sources": {"__init__.py": "da39a3ee5e6b4b0d3255bfef95601890afd80709", "client.py": "33ca4f26368777ac06e01f9567b714a4b8063886", "lib/__init__.py": "da39a3ee5e6b4b0d3255bfef95601890afd80709", "lib/client.py": "ac2aa093c8e8bbc9569b9e2a3471bc64e58a2258", "lib/common.py": "611d8b29633d331eb19c9455ea3b5fa3284ed6df", "lib/external/__init__.py": "da39a3ee5e6b4b0d3255bfef95601890afd80709", "lib/external/ntplib.py": "4da8f970656505a40483206ef2b5d3dd5e81711d", "lib/server.py": "c7af63c31bb2fbedea4345f571f6e3507d268ada", "lib/source_hashes.py": "60a2e02193209e8d392803326208d5466342da18", "lib/summary.py": "aa92f0a3f975eecd44d3c0cd0236342ccc9f941d", "lib/time_sync.py": "80894ef2389e540781ff78de94db16aa4203a14e", "server.py": "c3f90f2f7eeb4db30727556d0c815ebc89b3d28b", "tests/unit/__init__.py": "da39a3ee5e6b4b0d3255bfef95601890afd80709", "tests/unit/test_server.py": "948c1995d4008bc2aa6c4046a34ffa3858d6d671", "tests/unit/test_source_hashes.py": "00468a2907583c593e6574a1f6b404e4651c221a"}, "modules": {"ptd_client_server.lib.client": "lib/client.py", "ptd_client_server.lib.common": "lib/common.py", "ptd_client_server.lib.external.ntplib": "lib/external/ntplib.py", "ptd_client_server.lib.source_hashes": "lib/source_hashes.py", "ptd_client_server.lib.summary": "lib/summary.py", "ptd_client_server.lib.time_sync": "lib/time_sync.py"}}
client 2023-08-16 08:03:42,839 [INFO] Running workload in ranging mode
client 2023-08-16 08:03:42,839 [INFO] Synchronizing with the server and with time.google.com...
client 2023-08-16 08:03:42,907 [INFO] NTP:offset = 0.016 s, delay = 0.067 s 
client 2023-08-16 08:03:42,907 [INFO] Sending command to the server: 'time'
client 2023-08-16 08:03:42,908 [INFO] Got response: '1692191022.9239473'
client 2023-08-16 08:03:42,909 [INFO] The time difference between the client and the server is within range -16.291 ms..-14.900 ms
client 2023-08-16 08:03:42,909 [INFO] Sending command to the server: 'session,2023-08-16_08-03-42,start,ranging'
client 2023-08-16 08:04:12,085 [INFO] Got response: 'OK'
client 2023-08-16 08:04:12,086 [INFO] Sending command to the server: 'time'
client 2023-08-16 08:04:12,087 [INFO] Got response: '1692191052.1023536'
client 2023-08-16 08:04:12,087 [INFO] The time difference between the client and the server is within range -16.342 ms..-14.811 ms
client 2023-08-16 08:04:12,087 [INFO] Running the workload 'axs byquery loadgen_output,bert_squad,sut_name=q5e_pro_edge,model_name=bert-99,framework=kilt,device=qaic,loadgen_mode=PerformanceOnly,loadgen_compliance_test-,loadgen_scenario=Offline,_with_power+,symlink_to=/home/krai/work_collection/generated_by_power_measurement_on_run_4a3fddbb20df4c6dace8d4e952de73a2/last_mlperf_logs,power_client_entrydic_path=/home/krai/work_collection/generated_by_power_measurement_on_run_4a3fddbb20df4c6dace8d4e952de73a2/program_output.json'
client 2023-08-16 08:15:44,421 [INFO] Sending command to the server: 'time'
client 2023-08-16 08:15:44,423 [INFO] Got response: '1692191744.4389246'
client 2023-08-16 08:15:44,423 [INFO] The time difference between the client and the server is within range -17.439 ms..-15.580 ms
client 2023-08-16 08:15:44,423 [INFO] Sending command to the server: 'session,2023-08-16_08-03-42,stop,ranging'
client 2023-08-16 08:15:55,129 [INFO] Got response: 'OK'
client 2023-08-16 08:15:55,129 [INFO] Sending command to the server: 'time'
client 2023-08-16 08:15:55,130 [INFO] Got response: '1692191755.1463788'
client 2023-08-16 08:15:55,130 [INFO] The time difference between the client and the server is within range -16.984 ms..-15.757 ms
client 2023-08-16 08:15:55,136 [INFO] Copying loadgen logs from '/home/krai/work_collection/generated_by_power_measurement_on_run_4a3fddbb20df4c6dace8d4e952de73a2/last_mlperf_logs' to '/home/krai/work_collection/generated_by_power_measurement_on_run_4a3fddbb20df4c6dace8d4e952de73a2/power_logs/ranging'
client 2023-08-16 08:15:55,137 [INFO] Running workload in testing mode
client 2023-08-16 08:15:55,137 [INFO] Synchronizing with the server and with time.google.com...
client 2023-08-16 08:15:55,205 [INFO] NTP:offset = 0.016 s, delay = 0.067 s 
client 2023-08-16 08:15:55,205 [INFO] Sending command to the server: 'time'
client 2023-08-16 08:15:55,206 [INFO] Got response: '1692191755.2221944'
client 2023-08-16 08:15:55,206 [INFO] The time difference between the client and the server is within range -17.021 ms..-15.626 ms
client 2023-08-16 08:15:55,206 [INFO] Sending command to the server: 'session,2023-08-16_08-03-42,start,testing'
client 2023-08-16 08:16:08,224 [INFO] Got response: 'OK'
client 2023-08-16 08:16:08,224 [INFO] Sending command to the server: 'time'
client 2023-08-16 08:16:08,225 [INFO] Got response: '1692191768.2414837'
client 2023-08-16 08:16:08,226 [INFO] The time difference between the client and the server is within range -16.919 ms..-15.449 ms
client 2023-08-16 08:16:08,226 [INFO] Running the workload 'axs byquery loadgen_output,bert_squad,sut_name=q5e_pro_edge,model_name=bert-99,framework=kilt,device=qaic,loadgen_mode=PerformanceOnly,loadgen_compliance_test-,loadgen_scenario=Offline,_with_power+,symlink_to=/home/krai/work_collection/generated_by_power_measurement_on_run_4a3fddbb20df4c6dace8d4e952de73a2/last_mlperf_logs,power_client_entrydic_path=/home/krai/work_collection/generated_by_power_measurement_on_run_4a3fddbb20df4c6dace8d4e952de73a2/program_output.json'
client 2023-08-16 08:27:40,389 [INFO] Sending command to the server: 'time'
client 2023-08-16 08:27:40,391 [INFO] Got response: '1692192460.4066525'
client 2023-08-16 08:27:40,391 [INFO] The time difference between the client and the server is within range -17.062 ms..-14.966 ms
client 2023-08-16 08:27:40,391 [INFO] Sending command to the server: 'session,2023-08-16_08-03-42,stop,testing'
client 2023-08-16 08:27:51,233 [INFO] Got response: 'OK'
client 2023-08-16 08:27:51,233 [INFO] Sending command to the server: 'time'
client 2023-08-16 08:27:51,236 [INFO] Got response: '1692192471.251945'
client 2023-08-16 08:27:51,236 [INFO] The time difference between the client and the server is within range -18.424 ms..-15.445 ms
client 2023-08-16 08:27:51,238 [INFO] Copying loadgen logs from '/home/krai/work_collection/generated_by_power_measurement_on_run_4a3fddbb20df4c6dace8d4e952de73a2/last_mlperf_logs' to '/home/krai/work_collection/generated_by_power_measurement_on_run_4a3fddbb20df4c6dace8d4e952de73a2/power_logs/run_1'
client 2023-08-16 08:27:51,238 [INFO] Done runs
