client 2023-07-26 01:55:10,356 [INFO] Creating output directory '/home/arjun/results_dir/valid_results/orin-nvidia_original-gpu-tensorrt-vdefault-default_config/resnet50/singlestream/performance/tmp_power'
client 2023-07-26 01:55:10,361 [INFO] Sending command to the server: 'mlcommons/power client v3'
client 2023-07-26 01:55:10,364 [INFO] Got response: 'mlcommons/power server v3'
client 2023-07-26 01:55:10,364 [INFO] Synchronizing with the server and with time.google.com...
client 2023-07-26 01:55:10,404 [INFO] NTP:offset = -0.002 s, delay = 0.015 s 
client 2023-07-26 01:55:10,405 [INFO] Sending command to the server: 'time'
client 2023-07-26 01:55:10,408 [INFO] Got response: '1690332910.3548863'
client 2023-07-26 01:55:10,408 [INFO] The time difference between the client and the server is within range 50.260 ms..53.625 ms
client 2023-07-26 01:55:10,408 [INFO] Sending command to the server: 'new,,3077dd7c-30a6-4037-8334-716ceac7b163'
client 2023-07-26 01:55:10,412 [INFO] Got response: 'OK 2023-07-26_01-55-10,65fb54ec-0938-4701-85a9-957531f4ef61'
client 2023-07-26 01:55:10,412 [INFO] Session id is '2023-07-26_01-55-10'
client 2023-07-26 01:55:10,413 [INFO] Sources: {"sources": {"__init__.py": "da39a3ee5e6b4b0d3255bfef95601890afd80709", "client.py": "33ca4f26368777ac06e01f9567b714a4b8063886", "lib/__init__.py": "da39a3ee5e6b4b0d3255bfef95601890afd80709", "lib/client.py": "ac2aa093c8e8bbc9569b9e2a3471bc64e58a2258", "lib/common.py": "611d8b29633d331eb19c9455ea3b5fa3284ed6df", "lib/external/__init__.py": "da39a3ee5e6b4b0d3255bfef95601890afd80709", "lib/external/ntplib.py": "4da8f970656505a40483206ef2b5d3dd5e81711d", "lib/server.py": "c7af63c31bb2fbedea4345f571f6e3507d268ada", "lib/source_hashes.py": "60a2e02193209e8d392803326208d5466342da18", "lib/summary.py": "aa92f0a3f975eecd44d3c0cd0236342ccc9f941d", "lib/time_sync.py": "122eba67a9abc85635223e054def53be1367ade2", "server.py": "c3f90f2f7eeb4db30727556d0c815ebc89b3d28b", "tests/unit/__init__.py": "da39a3ee5e6b4b0d3255bfef95601890afd80709", "tests/unit/test_server.py": "948c1995d4008bc2aa6c4046a34ffa3858d6d671", "tests/unit/test_source_hashes.py": "00468a2907583c593e6574a1f6b404e4651c221a"}, "modules": {"ptd_client_server.lib.client": "lib/client.py", "ptd_client_server.lib.common": "lib/common.py", "ptd_client_server.lib.external.ntplib": "lib/external/ntplib.py", "ptd_client_server.lib.source_hashes": "lib/source_hashes.py", "ptd_client_server.lib.summary": "lib/summary.py", "ptd_client_server.lib.time_sync": "lib/time_sync.py"}}
client 2023-07-26 01:55:10,414 [INFO] Running workload in ranging mode
client 2023-07-26 01:55:10,414 [INFO] Synchronizing with the server and with time.google.com...
client 2023-07-26 01:55:10,433 [INFO] NTP:offset = -0.002 s, delay = 0.015 s 
client 2023-07-26 01:55:10,433 [INFO] Sending command to the server: 'time'
client 2023-07-26 01:55:10,436 [INFO] Got response: '1690332910.384725'
client 2023-07-26 01:55:10,437 [INFO] The time difference between the client and the server is within range 48.874 ms..52.573 ms
client 2023-07-26 01:55:10,437 [INFO] Sending command to the server: 'session,2023-07-26_01-55-10,start,ranging'
client 2023-07-26 01:55:39,159 [INFO] Got response: 'OK'
client 2023-07-26 01:55:39,161 [INFO] Sending command to the server: 'time'
client 2023-07-26 01:55:39,175 [INFO] Got response: '1690332939.1203172'
client 2023-07-26 01:55:39,177 [INFO] The time difference between the client and the server is within range 40.922 ms..56.499 ms
client 2023-07-26 01:55:39,177 [INFO] Running the workload 'CM_MLPERF_RUN_COUNT=$(cat ${CM_RUN_DIR}/count.txt); echo ${CM_MLPERF_RUN_COUNT}; CM_MLPERF_RUN_COUNT=$((CM_MLPERF_RUN_COUNT+1)); echo ${CM_MLPERF_RUN_COUNT} > ${CM_RUN_DIR}/count.txt && if [ ${CM_MLPERF_RUN_COUNT} -eq "1" ]; then export CM_MLPERF_USER_CONF=${CM_MLPERF_RANGING_USER_CONF}; else export CM_MLPERF_USER_CONF=${CM_MLPERF_TESTING_USER_CONF}; fi && make run_harness RUN_ARGS=" --benchmarks=resnet50 --scenarios=singlestream --test_mode=PerformanceOnly --offline_expected_qps=3000 --single_stream_expected_latency_ns=1000000 --multi_stream_expected_latency_ns=2000000 --config_ver=maxq --user_conf_path=${CM_MLPERF_USER_CONF} --mlperf_conf_path=/mount/CM/repos/local/cache/cedb99c765c24b90/inference/mlperf.conf --gpu_batch_size=1 --performance_sample_count=2048 --no_audit_verify "'
client 2023-07-26 02:01:20,557 [INFO] Sending command to the server: 'time'
client 2023-07-26 02:01:20,565 [INFO] Got response: '1690333280.5097756'
client 2023-07-26 02:01:20,566 [INFO] The time difference between the client and the server is within range 46.744 ms..56.428 ms
client 2023-07-26 02:01:20,567 [INFO] Sending command to the server: 'session,2023-07-26_01-55-10,stop,ranging'
client 2023-07-26 02:01:31,373 [INFO] Got response: 'OK'
client 2023-07-26 02:01:31,375 [INFO] Sending command to the server: 'time'
client 2023-07-26 02:01:31,380 [INFO] Got response: '1690333291.3296647'
client 2023-07-26 02:01:31,381 [INFO] The time difference between the client and the server is within range 45.468 ms..51.291 ms
client 2023-07-26 02:01:31,436 [INFO] Copying loadgen logs from '/home/arjun/results_dir/valid_results/orin-nvidia_original-gpu-tensorrt-vdefault-default_config/resnet50/singlestream/performance/run_1' to '/home/arjun/results_dir/valid_results/orin-nvidia_original-gpu-tensorrt-vdefault-default_config/resnet50/singlestream/performance/tmp_power/ranging'
client 2023-07-26 02:01:31,443 [INFO] Running workload in testing mode
client 2023-07-26 02:01:31,445 [INFO] Synchronizing with the server and with time.google.com...
client 2023-07-26 02:01:31,474 [INFO] NTP:offset = -0.001 s, delay = 0.014 s 
client 2023-07-26 02:01:31,475 [INFO] Sending command to the server: 'time'
client 2023-07-26 02:01:31,481 [INFO] Got response: '1690333291.4307365'
client 2023-07-26 02:01:31,482 [INFO] The time difference between the client and the server is within range 44.864 ms..51.365 ms
client 2023-07-26 02:01:31,483 [INFO] Sending command to the server: 'session,2023-07-26_01-55-10,start,testing'
client 2023-07-26 02:01:44,522 [INFO] Got response: 'OK'
client 2023-07-26 02:01:44,523 [INFO] Sending command to the server: 'time'
client 2023-07-26 02:01:44,528 [INFO] Got response: '1690333304.479235'
client 2023-07-26 02:01:44,529 [INFO] The time difference between the client and the server is within range 44.599 ms..50.403 ms
client 2023-07-26 02:01:44,530 [INFO] Running the workload 'CM_MLPERF_RUN_COUNT=$(cat ${CM_RUN_DIR}/count.txt); echo ${CM_MLPERF_RUN_COUNT}; CM_MLPERF_RUN_COUNT=$((CM_MLPERF_RUN_COUNT+1)); echo ${CM_MLPERF_RUN_COUNT} > ${CM_RUN_DIR}/count.txt && if [ ${CM_MLPERF_RUN_COUNT} -eq "1" ]; then export CM_MLPERF_USER_CONF=${CM_MLPERF_RANGING_USER_CONF}; else export CM_MLPERF_USER_CONF=${CM_MLPERF_TESTING_USER_CONF}; fi && make run_harness RUN_ARGS=" --benchmarks=resnet50 --scenarios=singlestream --test_mode=PerformanceOnly --offline_expected_qps=3000 --single_stream_expected_latency_ns=1000000 --multi_stream_expected_latency_ns=2000000 --config_ver=maxq --user_conf_path=${CM_MLPERF_USER_CONF} --mlperf_conf_path=/mount/CM/repos/local/cache/cedb99c765c24b90/inference/mlperf.conf --gpu_batch_size=1 --performance_sample_count=2048 --no_audit_verify "'
client 2023-07-26 02:13:31,278 [INFO] Sending command to the server: 'time'
client 2023-07-26 02:13:31,286 [INFO] Got response: '1690334011.2208629'
client 2023-07-26 02:13:31,287 [INFO] The time difference between the client and the server is within range 57.284 ms..66.408 ms
client 2023-07-26 02:13:31,288 [INFO] Sending command to the server: 'session,2023-07-26_01-55-10,stop,testing'
client 2023-07-26 02:13:41,621 [INFO] Got response: 'OK'
client 2023-07-26 02:13:41,622 [INFO] Sending command to the server: 'time'
client 2023-07-26 02:13:41,635 [INFO] Got response: '1690334021.57625'
client 2023-07-26 02:13:41,636 [INFO] The time difference between the client and the server is within range 46.325 ms..60.147 ms
client 2023-07-26 02:13:41,649 [INFO] Copying loadgen logs from '/home/arjun/results_dir/valid_results/orin-nvidia_original-gpu-tensorrt-vdefault-default_config/resnet50/singlestream/performance/run_1' to '/home/arjun/results_dir/valid_results/orin-nvidia_original-gpu-tensorrt-vdefault-default_config/resnet50/singlestream/performance/tmp_power/run_1'
client 2023-07-26 02:13:41,658 [INFO] Done runs
