client 2023-08-03 05:14:18,735 [INFO] Sending command to the server: 'mlcommons/power client v3'
client 2023-08-03 05:14:18,737 [INFO] Got response: 'mlcommons/power server v3'
client 2023-08-03 05:14:18,737 [INFO] Sending command to the server: 'stop'
client 2023-08-03 05:14:18,739 [INFO] Got response: 'OK'
client 2023-08-03 05:14:18,739 [INFO] Synchronizing with the server and with ib-01.dc4-in.nvidia.com...
client 2023-08-03 05:14:18,954 [INFO] NTP:offset = -0.007 s, delay = 0.211 s 
client 2023-08-03 05:14:18,954 [INFO] Sending command to the server: 'time'
client 2023-08-03 05:14:18,956 [INFO] Got response: '1691039658.9555786'
client 2023-08-03 05:14:18,956 [INFO] The time difference between the client and the server is within range -0.829 ms..1.097 ms
client 2023-08-03 05:14:18,956 [INFO] Sending command to the server: 'new,,1b631191-d3cc-4636-8e07-d4c9564d70f6'
client 2023-08-03 05:14:18,959 [INFO] Got response: 'OK 2023-08-02_22-14-18,9c664904-9d07-4129-8d8a-37c7a77569f4'
client 2023-08-03 05:14:18,959 [INFO] Session id is '2023-08-02_22-14-18'
client 2023-08-03 05:14:18,959 [INFO] Sources: {"sources": {"__init__.py": "da39a3ee5e6b4b0d3255bfef95601890afd80709", "client.py": "33ca4f26368777ac06e01f9567b714a4b8063886", "lib/__init__.py": "da39a3ee5e6b4b0d3255bfef95601890afd80709", "lib/client.py": "ac2aa093c8e8bbc9569b9e2a3471bc64e58a2258", "lib/common.py": "611d8b29633d331eb19c9455ea3b5fa3284ed6df", "lib/external/__init__.py": "da39a3ee5e6b4b0d3255bfef95601890afd80709", "lib/external/ntplib.py": "4da8f970656505a40483206ef2b5d3dd5e81711d", "lib/server.py": "c7af63c31bb2fbedea4345f571f6e3507d268ada", "lib/source_hashes.py": "60a2e02193209e8d392803326208d5466342da18", "lib/summary.py": "aa92f0a3f975eecd44d3c0cd0236342ccc9f941d", "lib/time_sync.py": "122eba67a9abc85635223e054def53be1367ade2", "server.py": "c3f90f2f7eeb4db30727556d0c815ebc89b3d28b", "tests/unit/__init__.py": "da39a3ee5e6b4b0d3255bfef95601890afd80709", "tests/unit/test_server.py": "948c1995d4008bc2aa6c4046a34ffa3858d6d671", "tests/unit/test_source_hashes.py": "00468a2907583c593e6574a1f6b404e4651c221a"}, "modules": {"ptd_client_server.lib.client": "lib/client.py", "ptd_client_server.lib.common": "lib/common.py", "ptd_client_server.lib.external.ntplib": "lib/external/ntplib.py", "ptd_client_server.lib.source_hashes": "lib/source_hashes.py", "ptd_client_server.lib.summary": "lib/summary.py", "ptd_client_server.lib.time_sync": "lib/time_sync.py"}}
client 2023-08-03 05:14:18,961 [INFO] Running workload in ranging mode
client 2023-08-03 05:14:18,961 [INFO] Synchronizing with the server and with ib-01.dc4-in.nvidia.com...
client 2023-08-03 05:14:19,174 [INFO] NTP:offset = -0.007 s, delay = 0.211 s 
client 2023-08-03 05:14:19,174 [INFO] Sending command to the server: 'time'
client 2023-08-03 05:14:19,176 [INFO] Got response: '1691039659.175906'
client 2023-08-03 05:14:19,176 [INFO] The time difference between the client and the server is within range -0.946 ms..0.959 ms
client 2023-08-03 05:14:19,176 [INFO] Sending command to the server: 'session,2023-08-02_22-14-18,start,ranging'
client 2023-08-03 05:14:59,093 [INFO] Got response: 'OK'
client 2023-08-03 05:14:59,093 [INFO] Sending command to the server: 'time'
client 2023-08-03 05:14:59,095 [INFO] Got response: '1691039699.0945837'
client 2023-08-03 05:14:59,095 [INFO] The time difference between the client and the server is within range -0.761 ms..1.093 ms
client 2023-08-03 05:14:59,095 [INFO] Running the workload 'LOG_DIR=/work/build/power_logs_temp python3.8 -m code.main --benchmarks=rnnt --scenarios=Server --test_mode=PerformanceOnly --config_ver=maxq --action="run_harness" \\\n\t\t2>&1 | tee -a /work/build/power_logs/2023.08.03-05.13.30/stdout.txt \\\n\t\t&& if [ ! -d /work/build/power_logs/2023.08.03-05.13.30/ranging_tmp ]; \\\n\t\t\tthen mkdir /work/build/power_logs/2023.08.03-05.13.30/ranging_tmp \\\n\t\t\t\t&& mv /work/build/power_logs_temp/* /work/build/power_logs/2023.08.03-05.13.30/ranging_tmp/ \\\n\t\t\t\t&& cp -v /work/build/power_logs/2023.08.03-05.13.30/ranging_tmp/*/*/*/mlperf_log_detail.txt /work/build/power_logs_temp/ \\\n\t\t\t\t&& cp -v /work/build/power_logs/2023.08.03-05.13.30/ranging_tmp/*/*/*/mlperf_log_summary.txt /work/build/power_logs_temp/; \\\n\t\t\telse mkdir /work/build/power_logs/2023.08.03-05.13.30/testing_tmp \\\n\t\t\t\t&& mv /work/build/power_logs_temp/* /work/build/power_logs/2023.08.03-05.13.30/testing_tmp/ \\\n\t\t\t\t&& cp -v /work/build/power_logs/2023.08.03-05.13.30/testing_tmp/*/*/*/mlperf_log_detail.txt /work/build/power_logs_temp/ \\\n\t\t\t\t&& cp -v /work/build/power_logs/2023.08.03-05.13.30/testing_tmp/*/*/*/mlperf_log_summary.txt /work/build/power_logs_temp/; fi'
client 2023-08-03 05:26:59,876 [INFO] Sending command to the server: 'time'
client 2023-08-03 05:26:59,878 [INFO] Got response: '1691040419.8776867'
client 2023-08-03 05:26:59,878 [INFO] The time difference between the client and the server is within range -1.063 ms..1.095 ms
client 2023-08-03 05:26:59,878 [INFO] Sending command to the server: 'session,2023-08-02_22-14-18,stop,ranging'
client 2023-08-03 05:27:10,172 [INFO] Got response: 'OK'
client 2023-08-03 05:27:10,172 [INFO] Sending command to the server: 'time'
client 2023-08-03 05:27:10,174 [INFO] Got response: '1691040430.1731184'
client 2023-08-03 05:27:10,174 [INFO] The time difference between the client and the server is within range -0.479 ms..0.992 ms
client 2023-08-03 05:27:10,185 [INFO] Copying loadgen logs from '/work/build/power_logs_temp' to '/work/build/power_logs/2023.08.03-05.13.30/2023-08-02_22-14-18/ranging'
client 2023-08-03 05:27:10,232 [INFO] Running workload in testing mode
client 2023-08-03 05:27:10,232 [INFO] Synchronizing with the server and with ib-01.dc4-in.nvidia.com...
client 2023-08-03 05:27:10,461 [INFO] NTP:offset = 0.004 s, delay = 0.227 s 
client 2023-08-03 05:27:10,461 [INFO] Sending command to the server: 'time'
client 2023-08-03 05:27:10,463 [INFO] Got response: '1691040430.4622836'
client 2023-08-03 05:27:10,463 [INFO] The time difference between the client and the server is within range -0.708 ms..1.196 ms
client 2023-08-03 05:27:10,463 [INFO] Sending command to the server: 'session,2023-08-02_22-14-18,start,testing'
client 2023-08-03 05:27:32,087 [INFO] Got response: 'OK'
client 2023-08-03 05:27:32,088 [INFO] Sending command to the server: 'time'
client 2023-08-03 05:27:32,089 [INFO] Got response: '1691040452.088665'
client 2023-08-03 05:27:32,089 [INFO] The time difference between the client and the server is within range -0.632 ms..1.191 ms
client 2023-08-03 05:27:32,089 [INFO] Running the workload 'LOG_DIR=/work/build/power_logs_temp python3.8 -m code.main --benchmarks=rnnt --scenarios=Server --test_mode=PerformanceOnly --config_ver=maxq --action="run_harness" \\\n\t\t2>&1 | tee -a /work/build/power_logs/2023.08.03-05.13.30/stdout.txt \\\n\t\t&& if [ ! -d /work/build/power_logs/2023.08.03-05.13.30/ranging_tmp ]; \\\n\t\t\tthen mkdir /work/build/power_logs/2023.08.03-05.13.30/ranging_tmp \\\n\t\t\t\t&& mv /work/build/power_logs_temp/* /work/build/power_logs/2023.08.03-05.13.30/ranging_tmp/ \\\n\t\t\t\t&& cp -v /work/build/power_logs/2023.08.03-05.13.30/ranging_tmp/*/*/*/mlperf_log_detail.txt /work/build/power_logs_temp/ \\\n\t\t\t\t&& cp -v /work/build/power_logs/2023.08.03-05.13.30/ranging_tmp/*/*/*/mlperf_log_summary.txt /work/build/power_logs_temp/; \\\n\t\t\telse mkdir /work/build/power_logs/2023.08.03-05.13.30/testing_tmp \\\n\t\t\t\t&& mv /work/build/power_logs_temp/* /work/build/power_logs/2023.08.03-05.13.30/testing_tmp/ \\\n\t\t\t\t&& cp -v /work/build/power_logs/2023.08.03-05.13.30/testing_tmp/*/*/*/mlperf_log_detail.txt /work/build/power_logs_temp/ \\\n\t\t\t\t&& cp -v /work/build/power_logs/2023.08.03-05.13.30/testing_tmp/*/*/*/mlperf_log_summary.txt /work/build/power_logs_temp/; fi'
client 2023-08-03 05:39:45,077 [INFO] Sending command to the server: 'time'
client 2023-08-03 05:39:45,079 [INFO] Got response: '1691041185.079725'
client 2023-08-03 05:39:45,079 [INFO] The time difference between the client and the server is within range -2.231 ms..-0.053 ms
client 2023-08-03 05:39:45,079 [INFO] Sending command to the server: 'session,2023-08-02_22-14-18,stop,testing'
client 2023-08-03 05:39:56,135 [INFO] Got response: 'OK'
client 2023-08-03 05:39:56,135 [INFO] Sending command to the server: 'time'
client 2023-08-03 05:39:56,137 [INFO] Got response: '1691041196.1373193'
client 2023-08-03 05:39:56,137 [INFO] The time difference between the client and the server is within range -1.805 ms..0.085 ms
client 2023-08-03 05:39:56,148 [INFO] Copying loadgen logs from '/work/build/power_logs_temp' to '/work/build/power_logs/2023.08.03-05.13.30/2023-08-02_22-14-18/run_1'
client 2023-08-03 05:39:56,157 [INFO] Done runs
