client 2023-07-19 17:50:45,364 [INFO] Creating output directory '/home/arjun/mobilenet_results/valid_results/raspberrypi-tflite_armnn_cpp-cpu-armnn_tflite-v22.11-using_neon/mobilenet-v1-precision_uint8-0.75-192/singlestream/performance/tmp_power'
client 2023-07-19 17:50:45,369 [INFO] Sending command to the server: 'mlcommons/power client v3'
client 2023-07-19 17:50:45,373 [INFO] Got response: 'mlcommons/power server v3'
client 2023-07-19 17:50:45,374 [INFO] Synchronizing with the server and with time.google.com...
client 2023-07-19 17:50:45,429 [INFO] NTP:offset = 0.080 s, delay = 0.020 s 
client 2023-07-19 17:50:45,430 [INFO] Sending command to the server: 'time'
client 2023-07-19 17:50:45,435 [INFO] Got response: '1689785445.489671'
client 2023-07-19 17:50:45,436 [INFO] The time difference between the client and the server is within range -59.147 ms..-53.114 ms
client 2023-07-19 17:50:45,437 [INFO] Sending command to the server: 'new,,91ced6a9-7e4e-4a98-ae06-ed6fd283ece7'
client 2023-07-19 17:50:45,444 [INFO] Got response: 'OK 2023-07-19_17-50-45,d4b8963b-85c6-4b0c-98ac-fc163b9b0bf6'
client 2023-07-19 17:50:45,445 [INFO] Session id is '2023-07-19_17-50-45'
client 2023-07-19 17:50:45,446 [INFO] Sources: {"sources": {"__init__.py": "da39a3ee5e6b4b0d3255bfef95601890afd80709", "client.py": "33ca4f26368777ac06e01f9567b714a4b8063886", "lib/__init__.py": "da39a3ee5e6b4b0d3255bfef95601890afd80709", "lib/client.py": "ac2aa093c8e8bbc9569b9e2a3471bc64e58a2258", "lib/common.py": "611d8b29633d331eb19c9455ea3b5fa3284ed6df", "lib/external/__init__.py": "da39a3ee5e6b4b0d3255bfef95601890afd80709", "lib/external/ntplib.py": "4da8f970656505a40483206ef2b5d3dd5e81711d", "lib/server.py": "c7af63c31bb2fbedea4345f571f6e3507d268ada", "lib/source_hashes.py": "60a2e02193209e8d392803326208d5466342da18", "lib/summary.py": "aa92f0a3f975eecd44d3c0cd0236342ccc9f941d", "lib/time_sync.py": "122eba67a9abc85635223e054def53be1367ade2", "server.py": "c3f90f2f7eeb4db30727556d0c815ebc89b3d28b", "tests/unit/__init__.py": "da39a3ee5e6b4b0d3255bfef95601890afd80709", "tests/unit/test_server.py": "948c1995d4008bc2aa6c4046a34ffa3858d6d671", "tests/unit/test_source_hashes.py": "00468a2907583c593e6574a1f6b404e4651c221a"}, "modules": {"ptd_client_server.lib.client": "lib/client.py", "ptd_client_server.lib.common": "lib/common.py", "ptd_client_server.lib.external.ntplib": "lib/external/ntplib.py", "ptd_client_server.lib.source_hashes": "lib/source_hashes.py", "ptd_client_server.lib.summary": "lib/summary.py", "ptd_client_server.lib.time_sync": "lib/time_sync.py"}}
client 2023-07-19 17:50:45,448 [INFO] Running workload in ranging mode
client 2023-07-19 17:50:45,448 [INFO] Synchronizing with the server and with time.google.com...
client 2023-07-19 17:50:45,489 [INFO] NTP:offset = 0.079 s, delay = 0.020 s 
client 2023-07-19 17:50:45,489 [INFO] Sending command to the server: 'time'
client 2023-07-19 17:50:45,493 [INFO] Got response: '1689785445.550278'
client 2023-07-19 17:50:45,494 [INFO] The time difference between the client and the server is within range -60.367 ms..-56.308 ms
client 2023-07-19 17:50:45,494 [INFO] Sending command to the server: 'session,2023-07-19_17-50-45,start,ranging'
client 2023-07-19 17:51:14,231 [INFO] Got response: 'OK'
client 2023-07-19 17:51:14,231 [INFO] Sending command to the server: 'time'
client 2023-07-19 17:51:14,236 [INFO] Got response: '1689785474.2920594'
client 2023-07-19 17:51:14,237 [INFO] The time difference between the client and the server is within range -60.253 ms..-55.023 ms
client 2023-07-19 17:51:14,237 [INFO] Running the workload 'CM_MLPERF_RUN_COUNT=$(cat ${CM_RUN_DIR}/count.txt); echo ${CM_MLPERF_RUN_COUNT}; CM_MLPERF_RUN_COUNT=$((CM_MLPERF_RUN_COUNT+1)); echo ${CM_MLPERF_RUN_COUNT} > ${CM_RUN_DIR}/count.txt && if [ ${CM_MLPERF_RUN_COUNT} -eq "1" ]; then export CM_MLPERF_USER_CONF=${CM_MLPERF_RANGING_USER_CONF}; else export CM_MLPERF_USER_CONF=${CM_MLPERF_TESTING_USER_CONF}; fi && /home/arjun/CM/repos/ctuning@mlcommons-ck/cm-mlops/script/get-lib-armnn/run.out'
client 2023-07-19 17:56:27,859 [INFO] Sending command to the server: 'time'
client 2023-07-19 17:56:27,865 [INFO] Got response: '1689785787.9064612'
client 2023-07-19 17:56:27,866 [INFO] The time difference between the client and the server is within range -47.709 ms..-40.299 ms
client 2023-07-19 17:56:27,866 [INFO] Sending command to the server: 'session,2023-07-19_17-50-45,stop,ranging'
client 2023-07-19 17:56:38,311 [INFO] Got response: 'OK'
client 2023-07-19 17:56:38,311 [INFO] Sending command to the server: 'time'
client 2023-07-19 17:56:38,315 [INFO] Got response: '1689785798.3566828'
client 2023-07-19 17:56:38,315 [INFO] The time difference between the client and the server is within range -44.973 ms..-40.816 ms
client 2023-07-19 17:56:38,352 [INFO] Copying loadgen logs from '/home/arjun/mobilenet_results/valid_results/raspberrypi-tflite_armnn_cpp-cpu-armnn_tflite-v22.11-using_neon/mobilenet-v1-precision_uint8-0.75-192/singlestream/performance/run_1' to '/home/arjun/mobilenet_results/valid_results/raspberrypi-tflite_armnn_cpp-cpu-armnn_tflite-v22.11-using_neon/mobilenet-v1-precision_uint8-0.75-192/singlestream/performance/tmp_power/ranging'
client 2023-07-19 17:56:38,355 [INFO] Running workload in testing mode
client 2023-07-19 17:56:38,356 [INFO] Synchronizing with the server and with time.google.com...
client 2023-07-19 17:56:38,387 [INFO] NTP:offset = 0.075 s, delay = 0.014 s 
client 2023-07-19 17:56:38,387 [INFO] Sending command to the server: 'time'
client 2023-07-19 17:56:38,392 [INFO] Got response: '1689785798.4377005'
client 2023-07-19 17:56:38,392 [INFO] The time difference between the client and the server is within range -49.788 ms..-45.093 ms
client 2023-07-19 17:56:38,392 [INFO] Sending command to the server: 'session,2023-07-19_17-50-45,start,testing'
client 2023-07-19 17:56:51,437 [INFO] Got response: 'OK'
client 2023-07-19 17:56:51,437 [INFO] Sending command to the server: 'time'
client 2023-07-19 17:56:51,441 [INFO] Got response: '1689785811.4886887'
client 2023-07-19 17:56:51,441 [INFO] The time difference between the client and the server is within range -50.910 ms..-47.081 ms
client 2023-07-19 17:56:51,442 [INFO] Running the workload 'CM_MLPERF_RUN_COUNT=$(cat ${CM_RUN_DIR}/count.txt); echo ${CM_MLPERF_RUN_COUNT}; CM_MLPERF_RUN_COUNT=$((CM_MLPERF_RUN_COUNT+1)); echo ${CM_MLPERF_RUN_COUNT} > ${CM_RUN_DIR}/count.txt && if [ ${CM_MLPERF_RUN_COUNT} -eq "1" ]; then export CM_MLPERF_USER_CONF=${CM_MLPERF_RANGING_USER_CONF}; else export CM_MLPERF_USER_CONF=${CM_MLPERF_TESTING_USER_CONF}; fi && /home/arjun/CM/repos/ctuning@mlcommons-ck/cm-mlops/script/get-lib-armnn/run.out'
client 2023-07-19 18:07:07,871 [INFO] Sending command to the server: 'time'
client 2023-07-19 18:07:07,876 [INFO] Got response: '1689786427.8224947'
client 2023-07-19 18:07:07,876 [INFO] The time difference between the client and the server is within range 48.404 ms..53.804 ms
client 2023-07-19 18:07:07,876 [INFO] Sending command to the server: 'session,2023-07-19_17-50-45,stop,testing'
client 2023-07-19 18:07:18,609 [INFO] Got response: 'OK'
client 2023-07-19 18:07:18,610 [INFO] Sending command to the server: 'time'
client 2023-07-19 18:07:18,613 [INFO] Got response: '1689786438.554707'
client 2023-07-19 18:07:18,614 [INFO] The time difference between the client and the server is within range 55.801 ms..59.506 ms
client 2023-07-19 18:07:18,619 [INFO] Copying loadgen logs from '/home/arjun/mobilenet_results/valid_results/raspberrypi-tflite_armnn_cpp-cpu-armnn_tflite-v22.11-using_neon/mobilenet-v1-precision_uint8-0.75-192/singlestream/performance/run_1' to '/home/arjun/mobilenet_results/valid_results/raspberrypi-tflite_armnn_cpp-cpu-armnn_tflite-v22.11-using_neon/mobilenet-v1-precision_uint8-0.75-192/singlestream/performance/tmp_power/run_1'
client 2023-07-19 18:07:18,623 [INFO] Done runs
