client 2023-07-11 12:31:33,695 [INFO] Creating output directory '/home/arjun/mobilenet_results/valid_results/orin-tflite_armnn_cpp-cpu-armnn_tflite-v22.11-using_neon/mobilenet-v2-precision_uint8-0.75-160/singlestream/performance/tmp_power'
client 2023-07-11 12:31:33,698 [INFO] Sending command to the server: 'mlcommons/power client v3'
client 2023-07-11 12:31:33,913 [INFO] Got response: 'mlcommons/power server v3'
client 2023-07-11 12:31:33,913 [INFO] Synchronizing with the server and with time.google.com...
client 2023-07-11 12:31:33,939 [INFO] NTP:offset = -0.008 s, delay = 0.015 s 
client 2023-07-11 12:31:33,939 [INFO] Sending command to the server: 'time'
client 2023-07-11 12:31:33,943 [INFO] Got response: '1689075093.8351417'
client 2023-07-11 12:31:33,943 [INFO] The time difference between the client and the server is within range 104.346 ms..108.113 ms
client 2023-07-11 12:31:33,943 [INFO] Sending command to the server: 'new,,299c2b27-aab1-4c45-a519-866267f51613'
client 2023-07-11 12:31:33,947 [INFO] Got response: 'OK 2023-07-11_12-31-33,b5042085-013e-4c38-b772-ae25fc723361'
client 2023-07-11 12:31:33,947 [INFO] Session id is '2023-07-11_12-31-33'
client 2023-07-11 12:31:33,948 [INFO] Sources: {"sources": {"__init__.py": "da39a3ee5e6b4b0d3255bfef95601890afd80709", "client.py": "33ca4f26368777ac06e01f9567b714a4b8063886", "lib/__init__.py": "da39a3ee5e6b4b0d3255bfef95601890afd80709", "lib/client.py": "ac2aa093c8e8bbc9569b9e2a3471bc64e58a2258", "lib/common.py": "611d8b29633d331eb19c9455ea3b5fa3284ed6df", "lib/external/__init__.py": "da39a3ee5e6b4b0d3255bfef95601890afd80709", "lib/external/ntplib.py": "4da8f970656505a40483206ef2b5d3dd5e81711d", "lib/server.py": "c7af63c31bb2fbedea4345f571f6e3507d268ada", "lib/source_hashes.py": "60a2e02193209e8d392803326208d5466342da18", "lib/summary.py": "aa92f0a3f975eecd44d3c0cd0236342ccc9f941d", "lib/time_sync.py": "122eba67a9abc85635223e054def53be1367ade2", "server.py": "c3f90f2f7eeb4db30727556d0c815ebc89b3d28b", "tests/unit/__init__.py": "da39a3ee5e6b4b0d3255bfef95601890afd80709", "tests/unit/test_server.py": "948c1995d4008bc2aa6c4046a34ffa3858d6d671", "tests/unit/test_source_hashes.py": "00468a2907583c593e6574a1f6b404e4651c221a"}, "modules": {"ptd_client_server.lib.client": "lib/client.py", "ptd_client_server.lib.common": "lib/common.py", "ptd_client_server.lib.external.ntplib": "lib/external/ntplib.py", "ptd_client_server.lib.source_hashes": "lib/source_hashes.py", "ptd_client_server.lib.summary": "lib/summary.py", "ptd_client_server.lib.time_sync": "lib/time_sync.py"}}
client 2023-07-11 12:31:33,949 [INFO] Running workload in ranging mode
client 2023-07-11 12:31:33,949 [INFO] Synchronizing with the server and with time.google.com...
client 2023-07-11 12:31:33,967 [INFO] NTP:offset = -0.009 s, delay = 0.015 s 
client 2023-07-11 12:31:33,967 [INFO] Sending command to the server: 'time'
client 2023-07-11 12:31:33,970 [INFO] Got response: '1689075093.8630455'
client 2023-07-11 12:31:33,971 [INFO] The time difference between the client and the server is within range 104.606 ms..107.985 ms
client 2023-07-11 12:31:33,971 [INFO] Sending command to the server: 'session,2023-07-11_12-31-33,start,ranging'
client 2023-07-11 12:32:02,660 [INFO] Got response: 'OK'
client 2023-07-11 12:32:02,661 [INFO] Sending command to the server: 'time'
client 2023-07-11 12:32:02,664 [INFO] Got response: '1689075122.5562818'
client 2023-07-11 12:32:02,665 [INFO] The time difference between the client and the server is within range 105.407 ms..108.876 ms
client 2023-07-11 12:32:02,665 [INFO] Running the workload 'CM_MLPERF_RUN_COUNT=$(cat ${CM_RUN_DIR}/count.txt); echo ${CM_MLPERF_RUN_COUNT}; CM_MLPERF_RUN_COUNT=$((CM_MLPERF_RUN_COUNT+1)); echo ${CM_MLPERF_RUN_COUNT} > ${CM_RUN_DIR}/count.txt && if [ ${CM_MLPERF_RUN_COUNT} -eq "1" ]; then export CM_MLPERF_USER_CONF=${CM_MLPERF_RANGING_USER_CONF}; else export CM_MLPERF_USER_CONF=${CM_MLPERF_TESTING_USER_CONF}; fi && /home/arjun/run.out'
client 2023-07-11 12:37:04,301 [INFO] Sending command to the server: 'time'
client 2023-07-11 12:37:04,304 [INFO] Got response: '1689075424.2924182'
client 2023-07-11 12:37:04,304 [INFO] The time difference between the client and the server is within range 8.768 ms..12.416 ms
client 2023-07-11 12:37:04,305 [INFO] Sending command to the server: 'session,2023-07-11_12-31-33,stop,ranging'
client 2023-07-11 12:37:14,727 [INFO] Got response: 'OK'
client 2023-07-11 12:37:14,728 [INFO] Sending command to the server: 'time'
client 2023-07-11 12:37:14,731 [INFO] Got response: '1689075434.7185721'
client 2023-07-11 12:37:14,732 [INFO] The time difference between the client and the server is within range 9.516 ms..13.637 ms
client 2023-07-11 12:37:14,754 [INFO] Copying loadgen logs from '/home/arjun/mobilenet_results/valid_results/orin-tflite_armnn_cpp-cpu-armnn_tflite-v22.11-using_neon/mobilenet-v2-precision_uint8-0.75-160/singlestream/performance/run_1' to '/home/arjun/mobilenet_results/valid_results/orin-tflite_armnn_cpp-cpu-armnn_tflite-v22.11-using_neon/mobilenet-v2-precision_uint8-0.75-160/singlestream/performance/tmp_power/ranging'
client 2023-07-11 12:37:14,757 [INFO] Running workload in testing mode
client 2023-07-11 12:37:14,757 [INFO] Synchronizing with the server and with time.google.com...
client 2023-07-11 12:37:14,779 [INFO] NTP:offset = -0.009 s, delay = 0.017 s 
client 2023-07-11 12:37:14,780 [INFO] Sending command to the server: 'time'
client 2023-07-11 12:37:14,782 [INFO] Got response: '1689075434.7704296'
client 2023-07-11 12:37:14,782 [INFO] The time difference between the client and the server is within range 9.588 ms..12.435 ms
client 2023-07-11 12:37:14,783 [INFO] Sending command to the server: 'session,2023-07-11_12-31-33,start,testing'
client 2023-07-11 12:37:27,820 [INFO] Got response: 'OK'
client 2023-07-11 12:37:27,821 [INFO] Sending command to the server: 'time'
client 2023-07-11 12:37:27,824 [INFO] Got response: '1689075447.8114252'
client 2023-07-11 12:37:27,825 [INFO] The time difference between the client and the server is within range 9.555 ms..13.870 ms
client 2023-07-11 12:37:27,825 [INFO] Running the workload 'CM_MLPERF_RUN_COUNT=$(cat ${CM_RUN_DIR}/count.txt); echo ${CM_MLPERF_RUN_COUNT}; CM_MLPERF_RUN_COUNT=$((CM_MLPERF_RUN_COUNT+1)); echo ${CM_MLPERF_RUN_COUNT} > ${CM_RUN_DIR}/count.txt && if [ ${CM_MLPERF_RUN_COUNT} -eq "1" ]; then export CM_MLPERF_USER_CONF=${CM_MLPERF_RANGING_USER_CONF}; else export CM_MLPERF_USER_CONF=${CM_MLPERF_TESTING_USER_CONF}; fi && /home/arjun/run.out'
client 2023-07-11 12:47:30,780 [INFO] Sending command to the server: 'time'
client 2023-07-11 12:47:30,784 [INFO] Got response: '1689076050.7630067'
client 2023-07-11 12:47:30,784 [INFO] The time difference between the client and the server is within range 17.357 ms..21.457 ms
client 2023-07-11 12:47:30,784 [INFO] Sending command to the server: 'session,2023-07-11_12-31-33,stop,testing'
client 2023-07-11 12:47:40,917 [INFO] Got response: 'OK'
client 2023-07-11 12:47:40,918 [INFO] Sending command to the server: 'time'
client 2023-07-11 12:47:40,941 [INFO] Got response: '1689076060.9190202'
client 2023-07-11 12:47:40,941 [INFO] The time difference between the client and the server is within range -0.525 ms..22.360 ms
client 2023-07-11 12:47:40,945 [INFO] Copying loadgen logs from '/home/arjun/mobilenet_results/valid_results/orin-tflite_armnn_cpp-cpu-armnn_tflite-v22.11-using_neon/mobilenet-v2-precision_uint8-0.75-160/singlestream/performance/run_1' to '/home/arjun/mobilenet_results/valid_results/orin-tflite_armnn_cpp-cpu-armnn_tflite-v22.11-using_neon/mobilenet-v2-precision_uint8-0.75-160/singlestream/performance/tmp_power/run_1'
client 2023-07-11 12:47:40,947 [INFO] Done runs
