client 2023-07-16 02:20:01,392 [INFO] Creating output directory '/home/arjun/mobilenet_results/valid_results/raspberrypi-tflite_armnn_cpp-cpu-armnn_tflite-v23.05-using_neon/mobilenet-v2-precision_float-0.5-224/singlestream/performance/tmp_power'
client 2023-07-16 02:20:01,397 [INFO] Sending command to the server: 'mlcommons/power client v3'
client 2023-07-16 02:20:01,402 [INFO] Got response: 'mlcommons/power server v3'
client 2023-07-16 02:20:01,402 [INFO] Synchronizing with the server and with time.google.com...
client 2023-07-16 02:20:01,434 [INFO] NTP:offset = 0.003 s, delay = 0.013 s 
client 2023-07-16 02:20:01,435 [INFO] Sending command to the server: 'time'
client 2023-07-16 02:20:01,438 [INFO] Got response: '1689470401.423984'
client 2023-07-16 02:20:01,438 [INFO] The time difference between the client and the server is within range 11.018 ms..14.799 ms
client 2023-07-16 02:20:01,439 [INFO] Sending command to the server: 'new,,9594b664-5221-4f83-b803-c1d1b4707aa9'
client 2023-07-16 02:20:01,443 [INFO] Got response: 'OK 2023-07-16_02-20-01,9aa58d92-0b3c-4129-93e5-8692c7cc0afb'
client 2023-07-16 02:20:01,443 [INFO] Session id is '2023-07-16_02-20-01'
client 2023-07-16 02:20:01,443 [INFO] Sources: {"sources": {"__init__.py": "da39a3ee5e6b4b0d3255bfef95601890afd80709", "client.py": "33ca4f26368777ac06e01f9567b714a4b8063886", "lib/__init__.py": "da39a3ee5e6b4b0d3255bfef95601890afd80709", "lib/client.py": "ac2aa093c8e8bbc9569b9e2a3471bc64e58a2258", "lib/common.py": "611d8b29633d331eb19c9455ea3b5fa3284ed6df", "lib/external/__init__.py": "da39a3ee5e6b4b0d3255bfef95601890afd80709", "lib/external/ntplib.py": "4da8f970656505a40483206ef2b5d3dd5e81711d", "lib/server.py": "c7af63c31bb2fbedea4345f571f6e3507d268ada", "lib/source_hashes.py": "60a2e02193209e8d392803326208d5466342da18", "lib/summary.py": "aa92f0a3f975eecd44d3c0cd0236342ccc9f941d", "lib/time_sync.py": "122eba67a9abc85635223e054def53be1367ade2", "server.py": "c3f90f2f7eeb4db30727556d0c815ebc89b3d28b", "tests/unit/__init__.py": "da39a3ee5e6b4b0d3255bfef95601890afd80709", "tests/unit/test_server.py": "948c1995d4008bc2aa6c4046a34ffa3858d6d671", "tests/unit/test_source_hashes.py": "00468a2907583c593e6574a1f6b404e4651c221a"}, "modules": {"ptd_client_server.lib.client": "lib/client.py", "ptd_client_server.lib.common": "lib/common.py", "ptd_client_server.lib.external.ntplib": "lib/external/ntplib.py", "ptd_client_server.lib.source_hashes": "lib/source_hashes.py", "ptd_client_server.lib.summary": "lib/summary.py", "ptd_client_server.lib.time_sync": "lib/time_sync.py"}}
client 2023-07-16 02:20:01,444 [INFO] Running workload in ranging mode
client 2023-07-16 02:20:01,444 [INFO] Synchronizing with the server and with time.google.com...
client 2023-07-16 02:20:01,474 [INFO] NTP:offset = 0.003 s, delay = 0.015 s 
client 2023-07-16 02:20:01,474 [INFO] Sending command to the server: 'time'
client 2023-07-16 02:20:01,479 [INFO] Got response: '1689470401.4643643'
client 2023-07-16 02:20:01,479 [INFO] The time difference between the client and the server is within range 10.579 ms..15.326 ms
client 2023-07-16 02:20:01,479 [INFO] Sending command to the server: 'session,2023-07-16_02-20-01,start,ranging'
client 2023-07-16 02:20:30,182 [INFO] Got response: 'OK'
client 2023-07-16 02:20:30,183 [INFO] Sending command to the server: 'time'
client 2023-07-16 02:20:30,186 [INFO] Got response: '1689470430.177069'
client 2023-07-16 02:20:30,187 [INFO] The time difference between the client and the server is within range 6.333 ms..10.031 ms
client 2023-07-16 02:20:30,187 [INFO] Running the workload 'CM_MLPERF_RUN_COUNT=$(cat ${CM_RUN_DIR}/count.txt); echo ${CM_MLPERF_RUN_COUNT}; CM_MLPERF_RUN_COUNT=$((CM_MLPERF_RUN_COUNT+1)); echo ${CM_MLPERF_RUN_COUNT} > ${CM_RUN_DIR}/count.txt && if [ ${CM_MLPERF_RUN_COUNT} -eq "1" ]; then export CM_MLPERF_USER_CONF=${CM_MLPERF_RANGING_USER_CONF}; else export CM_MLPERF_USER_CONF=${CM_MLPERF_TESTING_USER_CONF}; fi && /home/arjun/run.out'
client 2023-07-16 02:25:37,537 [INFO] Sending command to the server: 'time'
client 2023-07-16 02:25:37,541 [INFO] Got response: '1689470737.5291274'
client 2023-07-16 02:25:37,542 [INFO] The time difference between the client and the server is within range 8.692 ms..13.048 ms
client 2023-07-16 02:25:37,542 [INFO] Sending command to the server: 'session,2023-07-16_02-20-01,stop,ranging'
client 2023-07-16 02:25:48,586 [INFO] Got response: 'OK'
client 2023-07-16 02:25:48,587 [INFO] Sending command to the server: 'time'
client 2023-07-16 02:25:48,591 [INFO] Got response: '1689470748.5766556'
client 2023-07-16 02:25:48,591 [INFO] The time difference between the client and the server is within range 10.600 ms..14.827 ms
client 2023-07-16 02:25:48,625 [INFO] Copying loadgen logs from '/home/arjun/mobilenet_results/valid_results/raspberrypi-tflite_armnn_cpp-cpu-armnn_tflite-v23.05-using_neon/mobilenet-v2-precision_float-0.5-224/singlestream/performance/run_1' to '/home/arjun/mobilenet_results/valid_results/raspberrypi-tflite_armnn_cpp-cpu-armnn_tflite-v23.05-using_neon/mobilenet-v2-precision_float-0.5-224/singlestream/performance/tmp_power/ranging'
client 2023-07-16 02:25:48,628 [INFO] Running workload in testing mode
client 2023-07-16 02:25:48,628 [INFO] Synchronizing with the server and with time.google.com...
client 2023-07-16 02:25:48,661 [INFO] NTP:offset = 0.001 s, delay = 0.015 s 
client 2023-07-16 02:25:48,661 [INFO] Sending command to the server: 'time'
client 2023-07-16 02:25:48,666 [INFO] Got response: '1689470748.657556'
client 2023-07-16 02:25:48,667 [INFO] The time difference between the client and the server is within range 4.309 ms..9.436 ms
client 2023-07-16 02:25:48,667 [INFO] Sending command to the server: 'session,2023-07-16_02-20-01,start,testing'
client 2023-07-16 02:26:01,713 [INFO] Got response: 'OK'
client 2023-07-16 02:26:01,714 [INFO] Sending command to the server: 'time'
client 2023-07-16 02:26:01,718 [INFO] Got response: '1689470761.7045696'
client 2023-07-16 02:26:01,719 [INFO] The time difference between the client and the server is within range 9.786 ms..14.694 ms
client 2023-07-16 02:26:01,719 [INFO] Running the workload 'CM_MLPERF_RUN_COUNT=$(cat ${CM_RUN_DIR}/count.txt); echo ${CM_MLPERF_RUN_COUNT}; CM_MLPERF_RUN_COUNT=$((CM_MLPERF_RUN_COUNT+1)); echo ${CM_MLPERF_RUN_COUNT} > ${CM_RUN_DIR}/count.txt && if [ ${CM_MLPERF_RUN_COUNT} -eq "1" ]; then export CM_MLPERF_USER_CONF=${CM_MLPERF_RANGING_USER_CONF}; else export CM_MLPERF_USER_CONF=${CM_MLPERF_TESTING_USER_CONF}; fi && /home/arjun/run.out'
client 2023-07-16 02:36:13,707 [INFO] Sending command to the server: 'time'
client 2023-07-16 02:36:13,712 [INFO] Got response: '1689471373.6984694'
client 2023-07-16 02:36:13,713 [INFO] The time difference between the client and the server is within range 9.333 ms..14.544 ms
client 2023-07-16 02:36:13,713 [INFO] Sending command to the server: 'session,2023-07-16_02-20-01,stop,testing'
client 2023-07-16 02:36:24,786 [INFO] Got response: 'OK'
client 2023-07-16 02:36:24,786 [INFO] Sending command to the server: 'time'
client 2023-07-16 02:36:24,789 [INFO] Got response: '1689471384.769403'
client 2023-07-16 02:36:24,790 [INFO] The time difference between the client and the server is within range 17.439 ms..20.727 ms
client 2023-07-16 02:36:24,795 [INFO] Copying loadgen logs from '/home/arjun/mobilenet_results/valid_results/raspberrypi-tflite_armnn_cpp-cpu-armnn_tflite-v23.05-using_neon/mobilenet-v2-precision_float-0.5-224/singlestream/performance/run_1' to '/home/arjun/mobilenet_results/valid_results/raspberrypi-tflite_armnn_cpp-cpu-armnn_tflite-v23.05-using_neon/mobilenet-v2-precision_float-0.5-224/singlestream/performance/tmp_power/run_1'
client 2023-07-16 02:36:24,799 [INFO] Done runs
