client 2023-08-11 03:37:54,899 [INFO] Creating output directory '/home/krai/work_collection/generated_by_power_measurement_on_run_1af072171ba149d196674f018e293203/power_logs'
client 2023-08-11 03:37:54,900 [INFO] Sending command to the server: 'mlcommons/power client v3'
client 2023-08-11 03:37:54,901 [INFO] Got response: 'mlcommons/power server v3'
client 2023-08-11 03:37:54,901 [INFO] Synchronizing with the server and with time.google.com...
client 2023-08-11 03:37:55,056 [INFO] NTP:offset = 0.001 s, delay = 0.094 s 
client 2023-08-11 03:37:55,056 [INFO] Sending command to the server: 'time'
client 2023-08-11 03:37:55,058 [INFO] Got response: '1691743075.0569465'
client 2023-08-11 03:37:55,058 [INFO] The time difference between the client and the server is within range -0.160 ms..1.526 ms
client 2023-08-11 03:37:55,058 [INFO] Sending command to the server: 'new,,2642f878-87f2-4fa1-b2be-e8670e7c8d0a'
client 2023-08-11 03:37:55,060 [INFO] Got response: 'OK 2023-08-11_03-37-55,1cd40cf7-01e3-4e24-9c33-26fd9bca7618'
client 2023-08-11 03:37:55,060 [INFO] Session id is '2023-08-11_03-37-55'
client 2023-08-11 03:37:55,060 [INFO] Sources: {"sources": {"__init__.py": "da39a3ee5e6b4b0d3255bfef95601890afd80709", "client.py": "33ca4f26368777ac06e01f9567b714a4b8063886", "lib/__init__.py": "da39a3ee5e6b4b0d3255bfef95601890afd80709", "lib/client.py": "ac2aa093c8e8bbc9569b9e2a3471bc64e58a2258", "lib/common.py": "611d8b29633d331eb19c9455ea3b5fa3284ed6df", "lib/external/__init__.py": "da39a3ee5e6b4b0d3255bfef95601890afd80709", "lib/external/ntplib.py": "4da8f970656505a40483206ef2b5d3dd5e81711d", "lib/server.py": "c7af63c31bb2fbedea4345f571f6e3507d268ada", "lib/source_hashes.py": "60a2e02193209e8d392803326208d5466342da18", "lib/summary.py": "aa92f0a3f975eecd44d3c0cd0236342ccc9f941d", "lib/time_sync.py": "80894ef2389e540781ff78de94db16aa4203a14e", "server.py": "c3f90f2f7eeb4db30727556d0c815ebc89b3d28b", "tests/unit/__init__.py": "da39a3ee5e6b4b0d3255bfef95601890afd80709", "tests/unit/test_server.py": "948c1995d4008bc2aa6c4046a34ffa3858d6d671", "tests/unit/test_source_hashes.py": "00468a2907583c593e6574a1f6b404e4651c221a"}, "modules": {"ptd_client_server.lib.client": "lib/client.py", "ptd_client_server.lib.common": "lib/common.py", "ptd_client_server.lib.external.ntplib": "lib/external/ntplib.py", "ptd_client_server.lib.source_hashes": "lib/source_hashes.py", "ptd_client_server.lib.summary": "lib/summary.py", "ptd_client_server.lib.time_sync": "lib/time_sync.py"}}
client 2023-08-11 03:37:55,060 [INFO] Running workload in ranging mode
client 2023-08-11 03:37:55,060 [INFO] Synchronizing with the server and with time.google.com...
client 2023-08-11 03:37:55,153 [INFO] NTP:offset = 0.003 s, delay = 0.092 s 
client 2023-08-11 03:37:55,153 [INFO] Sending command to the server: 'time'
client 2023-08-11 03:37:55,155 [INFO] Got response: '1691743075.153699'
client 2023-08-11 03:37:55,155 [INFO] The time difference between the client and the server is within range -0.122 ms..1.504 ms
client 2023-08-11 03:37:55,155 [INFO] Sending command to the server: 'session,2023-08-11_03-37-55,start,ranging'
client 2023-08-11 03:38:24,322 [INFO] Got response: 'OK'
client 2023-08-11 03:38:24,322 [INFO] Sending command to the server: 'time'
client 2023-08-11 03:38:24,324 [INFO] Got response: '1691743104.3229232'
client 2023-08-11 03:38:24,324 [INFO] The time difference between the client and the server is within range 0.044 ms..1.496 ms
client 2023-08-11 03:38:24,324 [INFO] Running the workload 'axs byquery loadgen_output,image_classifier,sut_name=q5e_pro_edge,model_name=resnet50,framework=kilt,loadgen_dataset_size=50000,loadgen_buffer_size=1024,device=qaic,loadgen_mode=PerformanceOnly,loadgen_compliance_test-,loadgen_scenario=SingleStream,_with_power+,symlink_to=/home/krai/work_collection/generated_by_power_measurement_on_run_1af072171ba149d196674f018e293203/last_mlperf_logs,power_client_entrydic_path=/home/krai/work_collection/generated_by_power_measurement_on_run_1af072171ba149d196674f018e293203/program_output.json'
client 2023-08-11 03:48:32,526 [INFO] Sending command to the server: 'time'
client 2023-08-11 03:48:32,528 [INFO] Got response: '1691743712.527975'
client 2023-08-11 03:48:32,528 [INFO] The time difference between the client and the server is within range -1.387 ms..0.574 ms
client 2023-08-11 03:48:32,528 [INFO] Sending command to the server: 'session,2023-08-11_03-37-55,stop,ranging'
client 2023-08-11 03:48:43,363 [INFO] Got response: 'OK'
client 2023-08-11 03:48:43,363 [INFO] Sending command to the server: 'time'
client 2023-08-11 03:48:43,363 [INFO] Got response: '1691743723.3639562'
client 2023-08-11 03:48:43,364 [INFO] The time difference between the client and the server is within range -0.408 ms..0.078 ms
client 2023-08-11 03:48:43,369 [INFO] Copying loadgen logs from '/home/krai/work_collection/generated_by_power_measurement_on_run_1af072171ba149d196674f018e293203/last_mlperf_logs' to '/home/krai/work_collection/generated_by_power_measurement_on_run_1af072171ba149d196674f018e293203/power_logs/ranging'
client 2023-08-11 03:48:43,370 [INFO] Running workload in testing mode
client 2023-08-11 03:48:43,370 [INFO] Synchronizing with the server and with time.google.com...
client 2023-08-11 03:48:43,468 [INFO] NTP:offset = -0.014 s, delay = 0.097 s 
client 2023-08-11 03:48:43,468 [INFO] Sending command to the server: 'time'
client 2023-08-11 03:48:43,469 [INFO] Got response: '1691743723.469679'
client 2023-08-11 03:48:43,470 [INFO] The time difference between the client and the server is within range -1.044 ms..0.396 ms
client 2023-08-11 03:48:43,470 [INFO] Sending command to the server: 'session,2023-08-11_03-37-55,start,testing'
client 2023-08-11 03:48:56,488 [INFO] Got response: 'OK'
client 2023-08-11 03:48:56,488 [INFO] Sending command to the server: 'time'
client 2023-08-11 03:48:56,489 [INFO] Got response: '1691743736.4891267'
client 2023-08-11 03:48:56,489 [INFO] The time difference between the client and the server is within range -0.915 ms..0.485 ms
client 2023-08-11 03:48:56,489 [INFO] Running the workload 'axs byquery loadgen_output,image_classifier,sut_name=q5e_pro_edge,model_name=resnet50,framework=kilt,loadgen_dataset_size=50000,loadgen_buffer_size=1024,device=qaic,loadgen_mode=PerformanceOnly,loadgen_compliance_test-,loadgen_scenario=SingleStream,_with_power+,symlink_to=/home/krai/work_collection/generated_by_power_measurement_on_run_1af072171ba149d196674f018e293203/last_mlperf_logs,power_client_entrydic_path=/home/krai/work_collection/generated_by_power_measurement_on_run_1af072171ba149d196674f018e293203/program_output.json'
client 2023-08-11 03:59:05,799 [INFO] Sending command to the server: 'time'
client 2023-08-11 03:59:05,801 [INFO] Got response: '1691744345.8022864'
client 2023-08-11 03:59:05,801 [INFO] The time difference between the client and the server is within range -2.992 ms..-1.044 ms
client 2023-08-11 03:59:05,801 [INFO] Sending command to the server: 'session,2023-08-11_03-37-55,stop,testing'
client 2023-08-11 03:59:16,537 [INFO] Got response: 'OK'
client 2023-08-11 03:59:16,537 [INFO] Sending command to the server: 'time'
client 2023-08-11 03:59:16,538 [INFO] Got response: '1691744356.5403013'
client 2023-08-11 03:59:16,538 [INFO] The time difference between the client and the server is within range -2.547 ms..-1.341 ms
client 2023-08-11 03:59:16,540 [INFO] Copying loadgen logs from '/home/krai/work_collection/generated_by_power_measurement_on_run_1af072171ba149d196674f018e293203/last_mlperf_logs' to '/home/krai/work_collection/generated_by_power_measurement_on_run_1af072171ba149d196674f018e293203/power_logs/run_1'
client 2023-08-11 03:59:16,540 [INFO] Done runs
