client 2023-07-11 02:39:15,127 [INFO] Creating output directory '/home/arjun/mobilenet_results/valid_results/orin-tflite_armnn_cpp-cpu-armnn_tflite-v22.11-using_neon/mobilenet-v1-precision_float-0.75-224/singlestream/performance/tmp_power'
client 2023-07-11 02:39:15,130 [INFO] Sending command to the server: 'mlcommons/power client v3'
client 2023-07-11 02:39:15,132 [INFO] Got response: 'mlcommons/power server v3'
client 2023-07-11 02:39:15,132 [INFO] Synchronizing with the server and with time.google.com...
client 2023-07-11 02:39:15,149 [INFO] NTP:offset = -0.005 s, delay = 0.013 s 
client 2023-07-11 02:39:15,149 [INFO] Sending command to the server: 'time'
client 2023-07-11 02:39:15,152 [INFO] Got response: '1689039555.0626614'
client 2023-07-11 02:39:15,152 [INFO] The time difference between the client and the server is within range 87.101 ms..89.432 ms
client 2023-07-11 02:39:15,152 [INFO] Sending command to the server: 'new,,1f2606e1-d099-49e0-ad7c-862b649dd92b'
client 2023-07-11 02:39:15,154 [INFO] Got response: 'OK 2023-07-11_02-39-15,df14120f-e495-4f16-bcfa-02e3a9b7c1f6'
client 2023-07-11 02:39:15,154 [INFO] Session id is '2023-07-11_02-39-15'
client 2023-07-11 02:39:15,154 [INFO] Sources: {"sources": {"__init__.py": "da39a3ee5e6b4b0d3255bfef95601890afd80709", "client.py": "33ca4f26368777ac06e01f9567b714a4b8063886", "lib/__init__.py": "da39a3ee5e6b4b0d3255bfef95601890afd80709", "lib/client.py": "ac2aa093c8e8bbc9569b9e2a3471bc64e58a2258", "lib/common.py": "611d8b29633d331eb19c9455ea3b5fa3284ed6df", "lib/external/__init__.py": "da39a3ee5e6b4b0d3255bfef95601890afd80709", "lib/external/ntplib.py": "4da8f970656505a40483206ef2b5d3dd5e81711d", "lib/server.py": "c7af63c31bb2fbedea4345f571f6e3507d268ada", "lib/source_hashes.py": "60a2e02193209e8d392803326208d5466342da18", "lib/summary.py": "aa92f0a3f975eecd44d3c0cd0236342ccc9f941d", "lib/time_sync.py": "122eba67a9abc85635223e054def53be1367ade2", "server.py": "c3f90f2f7eeb4db30727556d0c815ebc89b3d28b", "tests/unit/__init__.py": "da39a3ee5e6b4b0d3255bfef95601890afd80709", "tests/unit/test_server.py": "948c1995d4008bc2aa6c4046a34ffa3858d6d671", "tests/unit/test_source_hashes.py": "00468a2907583c593e6574a1f6b404e4651c221a"}, "modules": {"ptd_client_server.lib.client": "lib/client.py", "ptd_client_server.lib.common": "lib/common.py", "ptd_client_server.lib.external.ntplib": "lib/external/ntplib.py", "ptd_client_server.lib.source_hashes": "lib/source_hashes.py", "ptd_client_server.lib.summary": "lib/summary.py", "ptd_client_server.lib.time_sync": "lib/time_sync.py"}}
client 2023-07-11 02:39:15,154 [INFO] Running workload in ranging mode
client 2023-07-11 02:39:15,154 [INFO] Synchronizing with the server and with time.google.com...
client 2023-07-11 02:39:15,171 [INFO] NTP:offset = -0.004 s, delay = 0.015 s 
client 2023-07-11 02:39:15,171 [INFO] Sending command to the server: 'time'
client 2023-07-11 02:39:15,173 [INFO] Got response: '1689039555.0827599'
client 2023-07-11 02:39:15,173 [INFO] The time difference between the client and the server is within range 88.440 ms..90.923 ms
client 2023-07-11 02:39:15,173 [INFO] Sending command to the server: 'session,2023-07-11_02-39-15,start,ranging'
client 2023-07-11 02:39:43,772 [INFO] Got response: 'OK'
client 2023-07-11 02:39:43,773 [INFO] Sending command to the server: 'time'
client 2023-07-11 02:39:43,778 [INFO] Got response: '1689039583.6908462'
client 2023-07-11 02:39:43,778 [INFO] The time difference between the client and the server is within range 83.037 ms..87.663 ms
client 2023-07-11 02:39:43,778 [INFO] Running the workload 'CM_MLPERF_RUN_COUNT=$(cat ${CM_RUN_DIR}/count.txt); echo ${CM_MLPERF_RUN_COUNT}; CM_MLPERF_RUN_COUNT=$((CM_MLPERF_RUN_COUNT+1)); echo ${CM_MLPERF_RUN_COUNT} > ${CM_RUN_DIR}/count.txt && if [ ${CM_MLPERF_RUN_COUNT} -eq "1" ]; then export CM_MLPERF_USER_CONF=${CM_MLPERF_RANGING_USER_CONF}; else export CM_MLPERF_USER_CONF=${CM_MLPERF_TESTING_USER_CONF}; fi && /home/arjun/run.out'
client 2023-07-11 02:44:45,402 [INFO] Sending command to the server: 'time'
client 2023-07-11 02:44:45,405 [INFO] Got response: '1689039885.3154233'
client 2023-07-11 02:44:45,405 [INFO] The time difference between the client and the server is within range 86.904 ms..90.224 ms
client 2023-07-11 02:44:45,405 [INFO] Sending command to the server: 'session,2023-07-11_02-39-15,stop,ranging'
client 2023-07-11 02:44:56,203 [INFO] Got response: 'OK'
client 2023-07-11 02:44:56,204 [INFO] Sending command to the server: 'time'
client 2023-07-11 02:44:56,208 [INFO] Got response: '1689039896.1181448'
client 2023-07-11 02:44:56,209 [INFO] The time difference between the client and the server is within range 86.176 ms..90.934 ms
client 2023-07-11 02:44:56,235 [INFO] Copying loadgen logs from '/home/arjun/mobilenet_results/valid_results/orin-tflite_armnn_cpp-cpu-armnn_tflite-v22.11-using_neon/mobilenet-v1-precision_float-0.75-224/singlestream/performance/run_1' to '/home/arjun/mobilenet_results/valid_results/orin-tflite_armnn_cpp-cpu-armnn_tflite-v22.11-using_neon/mobilenet-v1-precision_float-0.75-224/singlestream/performance/tmp_power/ranging'
client 2023-07-11 02:44:56,238 [INFO] Running workload in testing mode
client 2023-07-11 02:44:56,238 [INFO] Synchronizing with the server and with time.google.com...
client 2023-07-11 02:44:56,259 [INFO] NTP:offset = -0.006 s, delay = 0.016 s 
client 2023-07-11 02:44:56,260 [INFO] Sending command to the server: 'time'
client 2023-07-11 02:44:56,262 [INFO] Got response: '1689039896.1681504'
client 2023-07-11 02:44:56,263 [INFO] The time difference between the client and the server is within range 91.846 ms..94.992 ms
client 2023-07-11 02:44:56,263 [INFO] Sending command to the server: 'session,2023-07-11_02-39-15,start,testing'
client 2023-07-11 02:45:09,294 [INFO] Got response: 'OK'
client 2023-07-11 02:45:09,294 [INFO] Sending command to the server: 'time'
client 2023-07-11 02:45:09,304 [INFO] Got response: '1689039909.2079737'
client 2023-07-11 02:45:09,304 [INFO] The time difference between the client and the server is within range 86.613 ms..96.834 ms
client 2023-07-11 02:45:09,305 [INFO] Running the workload 'CM_MLPERF_RUN_COUNT=$(cat ${CM_RUN_DIR}/count.txt); echo ${CM_MLPERF_RUN_COUNT}; CM_MLPERF_RUN_COUNT=$((CM_MLPERF_RUN_COUNT+1)); echo ${CM_MLPERF_RUN_COUNT} > ${CM_RUN_DIR}/count.txt && if [ ${CM_MLPERF_RUN_COUNT} -eq "1" ]; then export CM_MLPERF_USER_CONF=${CM_MLPERF_RANGING_USER_CONF}; else export CM_MLPERF_USER_CONF=${CM_MLPERF_TESTING_USER_CONF}; fi && /home/arjun/run.out'
client 2023-07-11 02:55:12,236 [INFO] Sending command to the server: 'time'
client 2023-07-11 02:55:12,239 [INFO] Got response: '1689040512.153085'
client 2023-07-11 02:55:12,239 [INFO] The time difference between the client and the server is within range 82.996 ms..86.293 ms
client 2023-07-11 02:55:12,239 [INFO] Sending command to the server: 'session,2023-07-11_02-39-15,stop,testing'
client 2023-07-11 02:55:22,418 [INFO] Got response: 'OK'
client 2023-07-11 02:55:22,419 [INFO] Sending command to the server: 'time'
client 2023-07-11 02:55:22,423 [INFO] Got response: '1689040522.3293464'
client 2023-07-11 02:55:22,423 [INFO] The time difference between the client and the server is within range 90.276 ms..94.332 ms
client 2023-07-11 02:55:22,428 [INFO] Copying loadgen logs from '/home/arjun/mobilenet_results/valid_results/orin-tflite_armnn_cpp-cpu-armnn_tflite-v22.11-using_neon/mobilenet-v1-precision_float-0.75-224/singlestream/performance/run_1' to '/home/arjun/mobilenet_results/valid_results/orin-tflite_armnn_cpp-cpu-armnn_tflite-v22.11-using_neon/mobilenet-v1-precision_float-0.75-224/singlestream/performance/tmp_power/run_1'
client 2023-07-11 02:55:22,430 [INFO] Done runs
