client 2023-08-01 04:01:44,613 [INFO] Creating output directory '/home/arjun/results_dir/valid_results/orin-nvidia_original-gpu-tensorrt-vdefault-default_config/retinanet/offline/performance/tmp_power'
client 2023-08-01 04:01:44,616 [INFO] Sending command to the server: 'mlcommons/power client v3'
client 2023-08-01 04:01:44,618 [INFO] Got response: 'mlcommons/power server v3'
client 2023-08-01 04:01:44,618 [INFO] Synchronizing with the server and with time.google.com...
client 2023-08-01 04:01:44,645 [INFO] NTP:offset = 0.002 s, delay = 0.013 s 
client 2023-08-01 04:01:44,645 [INFO] Sending command to the server: 'time'
client 2023-08-01 04:01:44,648 [INFO] Got response: '1690858904.5054474'
client 2023-08-01 04:01:44,648 [INFO] The time difference between the client and the server is within range 140.049 ms..142.685 ms
client 2023-08-01 04:01:44,648 [INFO] Sending command to the server: 'new,,1223abe7-3854-442d-96ab-3a3136332082'
client 2023-08-01 04:01:44,652 [INFO] Got response: 'OK 2023-08-01_04-01-44,58c94e66-6c5c-499b-acf1-bbeb477bee78'
client 2023-08-01 04:01:44,652 [INFO] Session id is '2023-08-01_04-01-44'
client 2023-08-01 04:01:44,652 [INFO] Sources: {"sources": {"__init__.py": "da39a3ee5e6b4b0d3255bfef95601890afd80709", "client.py": "33ca4f26368777ac06e01f9567b714a4b8063886", "lib/__init__.py": "da39a3ee5e6b4b0d3255bfef95601890afd80709", "lib/client.py": "ac2aa093c8e8bbc9569b9e2a3471bc64e58a2258", "lib/common.py": "611d8b29633d331eb19c9455ea3b5fa3284ed6df", "lib/external/__init__.py": "da39a3ee5e6b4b0d3255bfef95601890afd80709", "lib/external/ntplib.py": "4da8f970656505a40483206ef2b5d3dd5e81711d", "lib/server.py": "c7af63c31bb2fbedea4345f571f6e3507d268ada", "lib/source_hashes.py": "60a2e02193209e8d392803326208d5466342da18", "lib/summary.py": "aa92f0a3f975eecd44d3c0cd0236342ccc9f941d", "lib/time_sync.py": "122eba67a9abc85635223e054def53be1367ade2", "server.py": "c3f90f2f7eeb4db30727556d0c815ebc89b3d28b", "tests/unit/__init__.py": "da39a3ee5e6b4b0d3255bfef95601890afd80709", "tests/unit/test_server.py": "948c1995d4008bc2aa6c4046a34ffa3858d6d671", "tests/unit/test_source_hashes.py": "00468a2907583c593e6574a1f6b404e4651c221a"}, "modules": {"ptd_client_server.lib.client": "lib/client.py", "ptd_client_server.lib.common": "lib/common.py", "ptd_client_server.lib.external.ntplib": "lib/external/ntplib.py", "ptd_client_server.lib.source_hashes": "lib/source_hashes.py", "ptd_client_server.lib.summary": "lib/summary.py", "ptd_client_server.lib.time_sync": "lib/time_sync.py"}}
client 2023-08-01 04:01:44,653 [INFO] Running workload in ranging mode
client 2023-08-01 04:01:44,653 [INFO] Synchronizing with the server and with time.google.com...
client 2023-08-01 04:01:44,668 [INFO] NTP:offset = 0.004 s, delay = 0.014 s 
client 2023-08-01 04:01:44,668 [INFO] Sending command to the server: 'time'
client 2023-08-01 04:01:44,671 [INFO] Got response: '1690858904.5358348'
client 2023-08-01 04:01:44,671 [INFO] The time difference between the client and the server is within range 132.283 ms..135.695 ms
client 2023-08-01 04:01:44,671 [INFO] Sending command to the server: 'session,2023-08-01_04-01-44,start,ranging'
client 2023-08-01 04:02:13,426 [INFO] Got response: 'OK'
client 2023-08-01 04:02:13,426 [INFO] Sending command to the server: 'time'
client 2023-08-01 04:02:13,430 [INFO] Got response: '1690858933.2869713'
client 2023-08-01 04:02:13,430 [INFO] The time difference between the client and the server is within range 139.668 ms..143.590 ms
client 2023-08-01 04:02:13,430 [INFO] Running the workload 'CM_MLPERF_RUN_COUNT=$(cat ${CM_RUN_DIR}/count.txt); echo ${CM_MLPERF_RUN_COUNT}; CM_MLPERF_RUN_COUNT=$((CM_MLPERF_RUN_COUNT+1)); echo ${CM_MLPERF_RUN_COUNT} > ${CM_RUN_DIR}/count.txt && if [ ${CM_MLPERF_RUN_COUNT} -eq "1" ]; then export CM_MLPERF_USER_CONF=${CM_MLPERF_RANGING_USER_CONF}; else export CM_MLPERF_USER_CONF=${CM_MLPERF_TESTING_USER_CONF}; fi && make run_harness RUN_ARGS=" --benchmarks=retinanet --scenarios=offline --test_mode=PerformanceOnly --offline_expected_qps=93 --single_stream_expected_latency_ns=13000000 --multi_stream_expected_latency_ns=105000000 --user_conf_path=${CM_MLPERF_USER_CONF} --mlperf_conf_path=/mount/CM/repos/local/cache/cedb99c765c24b90/inference/mlperf.conf --no_audit_verify "'
client 2023-08-01 04:07:57,395 [INFO] Sending command to the server: 'time'
client 2023-08-01 04:07:57,399 [INFO] Got response: '1690859277.2652318'
client 2023-08-01 04:07:57,399 [INFO] The time difference between the client and the server is within range 130.578 ms..134.051 ms
client 2023-08-01 04:07:57,399 [INFO] Sending command to the server: 'session,2023-08-01_04-01-44,stop,ranging'
client 2023-08-01 04:08:07,706 [INFO] Got response: 'OK'
client 2023-08-01 04:08:07,706 [INFO] Sending command to the server: 'time'
client 2023-08-01 04:08:07,710 [INFO] Got response: '1690859287.577673'
client 2023-08-01 04:08:07,710 [INFO] The time difference between the client and the server is within range 129.108 ms..132.919 ms
client 2023-08-01 04:08:07,724 [INFO] Copying loadgen logs from '/home/arjun/results_dir/valid_results/orin-nvidia_original-gpu-tensorrt-vdefault-default_config/retinanet/offline/performance/run_1' to '/home/arjun/results_dir/valid_results/orin-nvidia_original-gpu-tensorrt-vdefault-default_config/retinanet/offline/performance/tmp_power/ranging'
client 2023-08-01 04:08:07,725 [INFO] Running workload in testing mode
client 2023-08-01 04:08:07,725 [INFO] Synchronizing with the server and with time.google.com...
client 2023-08-01 04:08:07,741 [INFO] NTP:offset = 0.004 s, delay = 0.015 s 
client 2023-08-01 04:08:07,741 [INFO] Sending command to the server: 'time'
client 2023-08-01 04:08:07,745 [INFO] Got response: '1690859287.6079834'
client 2023-08-01 04:08:07,745 [INFO] The time difference between the client and the server is within range 133.861 ms..137.182 ms
client 2023-08-01 04:08:07,745 [INFO] Sending command to the server: 'session,2023-08-01_04-01-44,start,testing'
client 2023-08-01 04:08:20,797 [INFO] Got response: 'OK'
client 2023-08-01 04:08:20,797 [INFO] Sending command to the server: 'time'
client 2023-08-01 04:08:20,801 [INFO] Got response: '1690859300.6614418'
client 2023-08-01 04:08:20,801 [INFO] The time difference between the client and the server is within range 136.469 ms..140.166 ms
client 2023-08-01 04:08:20,801 [INFO] Running the workload 'CM_MLPERF_RUN_COUNT=$(cat ${CM_RUN_DIR}/count.txt); echo ${CM_MLPERF_RUN_COUNT}; CM_MLPERF_RUN_COUNT=$((CM_MLPERF_RUN_COUNT+1)); echo ${CM_MLPERF_RUN_COUNT} > ${CM_RUN_DIR}/count.txt && if [ ${CM_MLPERF_RUN_COUNT} -eq "1" ]; then export CM_MLPERF_USER_CONF=${CM_MLPERF_RANGING_USER_CONF}; else export CM_MLPERF_USER_CONF=${CM_MLPERF_TESTING_USER_CONF}; fi && make run_harness RUN_ARGS=" --benchmarks=retinanet --scenarios=offline --test_mode=PerformanceOnly --offline_expected_qps=93 --single_stream_expected_latency_ns=13000000 --multi_stream_expected_latency_ns=105000000 --user_conf_path=${CM_MLPERF_USER_CONF} --mlperf_conf_path=/mount/CM/repos/local/cache/cedb99c765c24b90/inference/mlperf.conf --no_audit_verify "'
client 2023-08-01 04:19:31,858 [INFO] Sending command to the server: 'time'
client 2023-08-01 04:19:31,862 [INFO] Got response: '1690859971.7305872'
client 2023-08-01 04:19:31,862 [INFO] The time difference between the client and the server is within range 127.563 ms..132.050 ms
client 2023-08-01 04:19:31,862 [INFO] Sending command to the server: 'session,2023-08-01_04-01-44,stop,testing'
client 2023-08-01 04:19:42,871 [INFO] Got response: 'OK'
client 2023-08-01 04:19:42,871 [INFO] Sending command to the server: 'time'
client 2023-08-01 04:19:42,873 [INFO] Got response: '1690859982.7452965'
client 2023-08-01 04:19:42,873 [INFO] The time difference between the client and the server is within range 126.079 ms..128.118 ms
client 2023-08-01 04:19:42,874 [INFO] Copying loadgen logs from '/home/arjun/results_dir/valid_results/orin-nvidia_original-gpu-tensorrt-vdefault-default_config/retinanet/offline/performance/run_1' to '/home/arjun/results_dir/valid_results/orin-nvidia_original-gpu-tensorrt-vdefault-default_config/retinanet/offline/performance/tmp_power/run_1'
client 2023-08-01 04:19:42,874 [INFO] Done runs
