client 2023-08-16 08:38:26,933 [INFO] Creating output directory '/home/krai/work_collection/generated_by_power_measurement_on_run_4ee616f030794935932ae380b274f496/power_logs'
client 2023-08-16 08:38:26,934 [INFO] Sending command to the server: 'mlcommons/power client v3'
client 2023-08-16 08:38:26,935 [INFO] Got response: 'mlcommons/power server v3'
client 2023-08-16 08:38:26,935 [INFO] Synchronizing with the server and with time.google.com...
client 2023-08-16 08:38:27,031 [INFO] NTP:offset = -0.003 s, delay = 0.093 s 
client 2023-08-16 08:38:27,031 [INFO] Sending command to the server: 'time'
client 2023-08-16 08:38:27,032 [INFO] Got response: '1692193107.0312955'
client 2023-08-16 08:38:27,032 [INFO] The time difference between the client and the server is within range 0.162 ms..1.599 ms
client 2023-08-16 08:38:27,032 [INFO] Sending command to the server: 'new,,58a622af-658c-4d3c-9001-b9544c00e744'
client 2023-08-16 08:38:27,034 [INFO] Got response: 'OK 2023-08-16_08-38-27,1f55c449-375a-40fb-89ca-87efa3fbc53c'
client 2023-08-16 08:38:27,034 [INFO] Session id is '2023-08-16_08-38-27'
client 2023-08-16 08:38:27,034 [INFO] Sources: {"sources": {"__init__.py": "da39a3ee5e6b4b0d3255bfef95601890afd80709", "client.py": "33ca4f26368777ac06e01f9567b714a4b8063886", "lib/__init__.py": "da39a3ee5e6b4b0d3255bfef95601890afd80709", "lib/client.py": "ac2aa093c8e8bbc9569b9e2a3471bc64e58a2258", "lib/common.py": "611d8b29633d331eb19c9455ea3b5fa3284ed6df", "lib/external/__init__.py": "da39a3ee5e6b4b0d3255bfef95601890afd80709", "lib/external/ntplib.py": "4da8f970656505a40483206ef2b5d3dd5e81711d", "lib/server.py": "c7af63c31bb2fbedea4345f571f6e3507d268ada", "lib/source_hashes.py": "60a2e02193209e8d392803326208d5466342da18", "lib/summary.py": "aa92f0a3f975eecd44d3c0cd0236342ccc9f941d", "lib/time_sync.py": "80894ef2389e540781ff78de94db16aa4203a14e", "server.py": "c3f90f2f7eeb4db30727556d0c815ebc89b3d28b", "tests/unit/__init__.py": "da39a3ee5e6b4b0d3255bfef95601890afd80709", "tests/unit/test_server.py": "948c1995d4008bc2aa6c4046a34ffa3858d6d671", "tests/unit/test_source_hashes.py": "00468a2907583c593e6574a1f6b404e4651c221a"}, "modules": {"ptd_client_server.lib.client": "lib/client.py", "ptd_client_server.lib.common": "lib/common.py", "ptd_client_server.lib.external.ntplib": "lib/external/ntplib.py", "ptd_client_server.lib.source_hashes": "lib/source_hashes.py", "ptd_client_server.lib.summary": "lib/summary.py", "ptd_client_server.lib.time_sync": "lib/time_sync.py"}}
client 2023-08-16 08:38:27,034 [INFO] Running workload in ranging mode
client 2023-08-16 08:38:27,034 [INFO] Synchronizing with the server and with time.google.com...
client 2023-08-16 08:38:27,105 [INFO] NTP:offset = -0.001 s, delay = 0.070 s 
client 2023-08-16 08:38:27,105 [INFO] Sending command to the server: 'time'
client 2023-08-16 08:38:27,106 [INFO] Got response: '1692193107.105238'
client 2023-08-16 08:38:27,107 [INFO] The time difference between the client and the server is within range 0.205 ms..1.797 ms
client 2023-08-16 08:38:27,107 [INFO] Sending command to the server: 'session,2023-08-16_08-38-27,start,ranging'
client 2023-08-16 08:39:06,292 [INFO] Got response: 'OK'
client 2023-08-16 08:39:06,292 [INFO] Sending command to the server: 'time'
client 2023-08-16 08:39:06,293 [INFO] Got response: '1692193146.2921126'
client 2023-08-16 08:39:06,293 [INFO] The time difference between the client and the server is within range 0.280 ms..1.638 ms
client 2023-08-16 08:39:06,293 [INFO] Running the workload 'axs byquery loadgen_output,object_detection,device=qaic,framework=kilt,model_name=retinanet,loadgen_mode=PerformanceOnly,loadgen_scenario=Offline,first_n=24781,sut_name=g292_z43_q16e,_with_power+,symlink_to=/home/krai/work_collection/generated_by_power_measurement_on_run_4ee616f030794935932ae380b274f496/last_mlperf_logs,power_client_entrydic_path=/home/krai/work_collection/generated_by_power_measurement_on_run_4ee616f030794935932ae380b274f496/program_output.json'
client 2023-08-16 08:51:53,163 [INFO] Sending command to the server: 'time'
client 2023-08-16 08:51:53,165 [INFO] Got response: '1692193913.164746'
client 2023-08-16 08:51:53,165 [INFO] The time difference between the client and the server is within range -1.078 ms..0.780 ms
client 2023-08-16 08:51:53,165 [INFO] Sending command to the server: 'session,2023-08-16_08-38-27,stop,ranging'
client 2023-08-16 08:52:03,392 [INFO] Got response: 'OK'
client 2023-08-16 08:52:03,392 [INFO] Sending command to the server: 'time'
client 2023-08-16 08:52:03,392 [INFO] Got response: '1692193923.3923845'
client 2023-08-16 08:52:03,392 [INFO] The time difference between the client and the server is within range -0.022 ms..0.551 ms
client 2023-08-16 08:52:03,398 [INFO] Copying loadgen logs from '/home/krai/work_collection/generated_by_power_measurement_on_run_4ee616f030794935932ae380b274f496/last_mlperf_logs' to '/home/krai/work_collection/generated_by_power_measurement_on_run_4ee616f030794935932ae380b274f496/power_logs/ranging'
client 2023-08-16 08:52:03,399 [INFO] Running workload in testing mode
client 2023-08-16 08:52:03,399 [INFO] Synchronizing with the server and with time.google.com...
client 2023-08-16 08:52:03,495 [INFO] NTP:offset = 0.000 s, delay = 0.095 s 
client 2023-08-16 08:52:03,495 [INFO] Sending command to the server: 'time'
client 2023-08-16 08:52:03,497 [INFO] Got response: '1692193923.4965076'
client 2023-08-16 08:52:03,497 [INFO] The time difference between the client and the server is within range -0.716 ms..0.903 ms
client 2023-08-16 08:52:03,497 [INFO] Sending command to the server: 'session,2023-08-16_08-38-27,start,testing'
client 2023-08-16 08:52:25,116 [INFO] Got response: 'OK'
client 2023-08-16 08:52:25,116 [INFO] Sending command to the server: 'time'
client 2023-08-16 08:52:25,117 [INFO] Got response: '1692193945.1166945'
client 2023-08-16 08:52:25,117 [INFO] The time difference between the client and the server is within range -0.527 ms..0.737 ms
client 2023-08-16 08:52:25,117 [INFO] Running the workload 'axs byquery loadgen_output,object_detection,device=qaic,framework=kilt,model_name=retinanet,loadgen_mode=PerformanceOnly,loadgen_scenario=Offline,first_n=24781,sut_name=g292_z43_q16e,_with_power+,symlink_to=/home/krai/work_collection/generated_by_power_measurement_on_run_4ee616f030794935932ae380b274f496/last_mlperf_logs,power_client_entrydic_path=/home/krai/work_collection/generated_by_power_measurement_on_run_4ee616f030794935932ae380b274f496/program_output.json'
client 2023-08-16 09:05:11,019 [INFO] Sending command to the server: 'time'
client 2023-08-16 09:05:11,021 [INFO] Got response: '1692194711.0208297'
client 2023-08-16 09:05:11,021 [INFO] The time difference between the client and the server is within range -1.016 ms..1.094 ms
client 2023-08-16 09:05:11,022 [INFO] Sending command to the server: 'session,2023-08-16_08-38-27,stop,testing'
client 2023-08-16 09:05:21,125 [INFO] Got response: 'OK'
client 2023-08-16 09:05:21,125 [INFO] Sending command to the server: 'time'
client 2023-08-16 09:05:21,126 [INFO] Got response: '1692194721.1256444'
client 2023-08-16 09:05:21,126 [INFO] The time difference between the client and the server is within range 0.057 ms..0.613 ms
client 2023-08-16 09:05:21,127 [INFO] Copying loadgen logs from '/home/krai/work_collection/generated_by_power_measurement_on_run_4ee616f030794935932ae380b274f496/last_mlperf_logs' to '/home/krai/work_collection/generated_by_power_measurement_on_run_4ee616f030794935932ae380b274f496/power_logs/run_1'
client 2023-08-16 09:05:21,128 [INFO] Done runs
