client 2023-07-13 02:12:08,540 [INFO] Creating output directory '/home/arjun/mobilenet_results/valid_results/orin-tflite_armnn_cpp-cpu-armnn_tflite-v23.05-using_neon/mobilenet-v2-precision_uint8-0.75-192/singlestream/performance/tmp_power'
client 2023-07-13 02:12:08,542 [INFO] Sending command to the server: 'mlcommons/power client v3'
client 2023-07-13 02:12:08,545 [INFO] Got response: 'mlcommons/power server v3'
client 2023-07-13 02:12:08,545 [INFO] Synchronizing with the server and with time.google.com...
client 2023-07-13 02:12:08,567 [INFO] NTP:offset = -0.003 s, delay = 0.017 s 
client 2023-07-13 02:12:08,567 [INFO] Sending command to the server: 'time'
client 2023-07-13 02:12:08,571 [INFO] Got response: '1689210728.4907134'
client 2023-07-13 02:12:08,572 [INFO] The time difference between the client and the server is within range 76.912 ms..81.319 ms
client 2023-07-13 02:12:08,572 [INFO] Sending command to the server: 'new,,86f68df8-aa1c-4ca2-95d3-ffcd088f585d'
client 2023-07-13 02:12:08,575 [INFO] Got response: 'OK 2023-07-13_02-12-08,2852c5d8-1bd0-44e8-a176-7c5d508f841c'
client 2023-07-13 02:12:08,575 [INFO] Session id is '2023-07-13_02-12-08'
client 2023-07-13 02:12:08,575 [INFO] Sources: {"sources": {"__init__.py": "da39a3ee5e6b4b0d3255bfef95601890afd80709", "client.py": "33ca4f26368777ac06e01f9567b714a4b8063886", "lib/__init__.py": "da39a3ee5e6b4b0d3255bfef95601890afd80709", "lib/client.py": "ac2aa093c8e8bbc9569b9e2a3471bc64e58a2258", "lib/common.py": "611d8b29633d331eb19c9455ea3b5fa3284ed6df", "lib/external/__init__.py": "da39a3ee5e6b4b0d3255bfef95601890afd80709", "lib/external/ntplib.py": "4da8f970656505a40483206ef2b5d3dd5e81711d", "lib/server.py": "c7af63c31bb2fbedea4345f571f6e3507d268ada", "lib/source_hashes.py": "60a2e02193209e8d392803326208d5466342da18", "lib/summary.py": "aa92f0a3f975eecd44d3c0cd0236342ccc9f941d", "lib/time_sync.py": "122eba67a9abc85635223e054def53be1367ade2", "server.py": "c3f90f2f7eeb4db30727556d0c815ebc89b3d28b", "tests/unit/__init__.py": "da39a3ee5e6b4b0d3255bfef95601890afd80709", "tests/unit/test_server.py": "948c1995d4008bc2aa6c4046a34ffa3858d6d671", "tests/unit/test_source_hashes.py": "00468a2907583c593e6574a1f6b404e4651c221a"}, "modules": {"ptd_client_server.lib.client": "lib/client.py", "ptd_client_server.lib.common": "lib/common.py", "ptd_client_server.lib.external.ntplib": "lib/external/ntplib.py", "ptd_client_server.lib.source_hashes": "lib/source_hashes.py", "ptd_client_server.lib.summary": "lib/summary.py", "ptd_client_server.lib.time_sync": "lib/time_sync.py"}}
client 2023-07-13 02:12:08,576 [INFO] Running workload in ranging mode
client 2023-07-13 02:12:08,576 [INFO] Synchronizing with the server and with time.google.com...
client 2023-07-13 02:12:08,591 [INFO] NTP:offset = -0.003 s, delay = 0.015 s 
client 2023-07-13 02:12:08,591 [INFO] Sending command to the server: 'time'
client 2023-07-13 02:12:08,594 [INFO] Got response: '1689210728.510293'
client 2023-07-13 02:12:08,594 [INFO] The time difference between the client and the server is within range 81.638 ms..84.321 ms
client 2023-07-13 02:12:08,594 [INFO] Sending command to the server: 'session,2023-07-13_02-12-08,start,ranging'
client 2023-07-13 02:12:37,245 [INFO] Got response: 'OK'
client 2023-07-13 02:12:37,246 [INFO] Sending command to the server: 'time'
client 2023-07-13 02:12:37,250 [INFO] Got response: '1689210757.1692002'
client 2023-07-13 02:12:37,251 [INFO] The time difference between the client and the server is within range 77.180 ms..81.908 ms
client 2023-07-13 02:12:37,251 [INFO] Running the workload 'CM_MLPERF_RUN_COUNT=$(cat ${CM_RUN_DIR}/count.txt); echo ${CM_MLPERF_RUN_COUNT}; CM_MLPERF_RUN_COUNT=$((CM_MLPERF_RUN_COUNT+1)); echo ${CM_MLPERF_RUN_COUNT} > ${CM_RUN_DIR}/count.txt && if [ ${CM_MLPERF_RUN_COUNT} -eq "1" ]; then export CM_MLPERF_USER_CONF=${CM_MLPERF_RANGING_USER_CONF}; else export CM_MLPERF_USER_CONF=${CM_MLPERF_TESTING_USER_CONF}; fi && /home/arjun/run.out'
client 2023-07-13 02:17:39,094 [INFO] Sending command to the server: 'time'
client 2023-07-13 02:17:39,099 [INFO] Got response: '1689211059.0163624'
client 2023-07-13 02:17:39,100 [INFO] The time difference between the client and the server is within range 77.964 ms..83.647 ms
client 2023-07-13 02:17:39,100 [INFO] Sending command to the server: 'session,2023-07-13_02-12-08,stop,ranging'
client 2023-07-13 02:17:49,349 [INFO] Got response: 'OK'
client 2023-07-13 02:17:49,350 [INFO] Sending command to the server: 'time'
client 2023-07-13 02:17:49,354 [INFO] Got response: '1689211069.269092'
client 2023-07-13 02:17:49,354 [INFO] The time difference between the client and the server is within range 81.569 ms..85.614 ms
client 2023-07-13 02:17:49,380 [INFO] Copying loadgen logs from '/home/arjun/mobilenet_results/valid_results/orin-tflite_armnn_cpp-cpu-armnn_tflite-v23.05-using_neon/mobilenet-v2-precision_uint8-0.75-192/singlestream/performance/run_1' to '/home/arjun/mobilenet_results/valid_results/orin-tflite_armnn_cpp-cpu-armnn_tflite-v23.05-using_neon/mobilenet-v2-precision_uint8-0.75-192/singlestream/performance/tmp_power/ranging'
client 2023-07-13 02:17:49,382 [INFO] Running workload in testing mode
client 2023-07-13 02:17:49,382 [INFO] Synchronizing with the server and with time.google.com...
client 2023-07-13 02:17:49,402 [INFO] NTP:offset = -0.005 s, delay = 0.015 s 
client 2023-07-13 02:17:49,402 [INFO] Sending command to the server: 'time'
client 2023-07-13 02:17:49,405 [INFO] Got response: '1689211069.3206453'
client 2023-07-13 02:17:49,406 [INFO] The time difference between the client and the server is within range 82.151 ms..85.443 ms
client 2023-07-13 02:17:49,406 [INFO] Sending command to the server: 'session,2023-07-13_02-12-08,start,testing'
client 2023-07-13 02:18:02,454 [INFO] Got response: 'OK'
client 2023-07-13 02:18:02,454 [INFO] Sending command to the server: 'time'
client 2023-07-13 02:18:02,458 [INFO] Got response: '1689211082.3727028'
client 2023-07-13 02:18:02,458 [INFO] The time difference between the client and the server is within range 81.969 ms..85.677 ms
client 2023-07-13 02:18:02,458 [INFO] Running the workload 'CM_MLPERF_RUN_COUNT=$(cat ${CM_RUN_DIR}/count.txt); echo ${CM_MLPERF_RUN_COUNT}; CM_MLPERF_RUN_COUNT=$((CM_MLPERF_RUN_COUNT+1)); echo ${CM_MLPERF_RUN_COUNT} > ${CM_RUN_DIR}/count.txt && if [ ${CM_MLPERF_RUN_COUNT} -eq "1" ]; then export CM_MLPERF_USER_CONF=${CM_MLPERF_RANGING_USER_CONF}; else export CM_MLPERF_USER_CONF=${CM_MLPERF_TESTING_USER_CONF}; fi && /home/arjun/run.out'
client 2023-07-13 02:28:05,810 [INFO] Sending command to the server: 'time'
client 2023-07-13 02:28:05,817 [INFO] Got response: '1689211685.7285948'
client 2023-07-13 02:28:05,818 [INFO] The time difference between the client and the server is within range 81.728 ms..89.543 ms
client 2023-07-13 02:28:05,818 [INFO] Sending command to the server: 'session,2023-07-13_02-12-08,stop,testing'
client 2023-07-13 02:28:16,732 [INFO] Got response: 'OK'
client 2023-07-13 02:28:16,732 [INFO] Sending command to the server: 'time'
client 2023-07-13 02:28:16,735 [INFO] Got response: '1689211696.64119'
client 2023-07-13 02:28:16,736 [INFO] The time difference between the client and the server is within range 91.728 ms..94.804 ms
client 2023-07-13 02:28:16,740 [INFO] Copying loadgen logs from '/home/arjun/mobilenet_results/valid_results/orin-tflite_armnn_cpp-cpu-armnn_tflite-v23.05-using_neon/mobilenet-v2-precision_uint8-0.75-192/singlestream/performance/run_1' to '/home/arjun/mobilenet_results/valid_results/orin-tflite_armnn_cpp-cpu-armnn_tflite-v23.05-using_neon/mobilenet-v2-precision_uint8-0.75-192/singlestream/performance/tmp_power/run_1'
client 2023-07-13 02:28:16,742 [INFO] Done runs
