client 2023-08-06 09:59:56,381 [INFO] Creating output directory '/home/arjun/mobilenet_results/valid_results/orin-tflite_cpp-cpu-tflite-vmaster-default_config/mobilenet-v2-precision_uint8-0.5-160/singlestream/performance/tmp_power'
client 2023-08-06 09:59:56,384 [INFO] Sending command to the server: 'mlcommons/power client v3'
client 2023-08-06 09:59:56,388 [INFO] Got response: 'mlcommons/power server v3'
client 2023-08-06 09:59:56,388 [INFO] Synchronizing with the server and with time.google.com...
client 2023-08-06 09:59:56,414 [INFO] NTP:offset = -0.002 s, delay = 0.012 s 
client 2023-08-06 09:59:56,414 [INFO] Sending command to the server: 'time'
client 2023-08-06 09:59:56,417 [INFO] Got response: '1691312396.231769'
client 2023-08-06 09:59:56,417 [INFO] The time difference between the client and the server is within range 182.663 ms..185.583 ms
client 2023-08-06 09:59:56,417 [INFO] Sending command to the server: 'new,,0653eb4c-e03a-46ce-893e-7fabe941dcb3'
client 2023-08-06 09:59:56,420 [INFO] Got response: 'OK 2023-08-06_09-59-56,17e3e65d-ceac-4b9b-b603-af598bc5bb1b'
client 2023-08-06 09:59:56,420 [INFO] Session id is '2023-08-06_09-59-56'
client 2023-08-06 09:59:56,420 [INFO] Sources: {"sources": {"__init__.py": "da39a3ee5e6b4b0d3255bfef95601890afd80709", "client.py": "33ca4f26368777ac06e01f9567b714a4b8063886", "lib/__init__.py": "da39a3ee5e6b4b0d3255bfef95601890afd80709", "lib/client.py": "ac2aa093c8e8bbc9569b9e2a3471bc64e58a2258", "lib/common.py": "611d8b29633d331eb19c9455ea3b5fa3284ed6df", "lib/external/__init__.py": "da39a3ee5e6b4b0d3255bfef95601890afd80709", "lib/external/ntplib.py": "4da8f970656505a40483206ef2b5d3dd5e81711d", "lib/server.py": "c7af63c31bb2fbedea4345f571f6e3507d268ada", "lib/source_hashes.py": "60a2e02193209e8d392803326208d5466342da18", "lib/summary.py": "aa92f0a3f975eecd44d3c0cd0236342ccc9f941d", "lib/time_sync.py": "122eba67a9abc85635223e054def53be1367ade2", "server.py": "c3f90f2f7eeb4db30727556d0c815ebc89b3d28b", "tests/unit/__init__.py": "da39a3ee5e6b4b0d3255bfef95601890afd80709", "tests/unit/test_server.py": "948c1995d4008bc2aa6c4046a34ffa3858d6d671", "tests/unit/test_source_hashes.py": "00468a2907583c593e6574a1f6b404e4651c221a"}, "modules": {"ptd_client_server.lib.client": "lib/client.py", "ptd_client_server.lib.common": "lib/common.py", "ptd_client_server.lib.external.ntplib": "lib/external/ntplib.py", "ptd_client_server.lib.source_hashes": "lib/source_hashes.py", "ptd_client_server.lib.summary": "lib/summary.py", "ptd_client_server.lib.time_sync": "lib/time_sync.py"}}
client 2023-08-06 09:59:56,420 [INFO] Running workload in ranging mode
client 2023-08-06 09:59:56,421 [INFO] Synchronizing with the server and with time.google.com...
client 2023-08-06 09:59:56,438 [INFO] NTP:offset = -0.001 s, delay = 0.016 s 
client 2023-08-06 09:59:56,438 [INFO] Sending command to the server: 'time'
client 2023-08-06 09:59:56,440 [INFO] Got response: '1691312396.2520835'
client 2023-08-06 09:59:56,440 [INFO] The time difference between the client and the server is within range 186.046 ms..188.674 ms
client 2023-08-06 09:59:56,440 [INFO] Sending command to the server: 'session,2023-08-06_09-59-56,start,ranging'
client 2023-08-06 10:00:25,157 [INFO] Got response: 'OK'
client 2023-08-06 10:00:25,157 [INFO] Sending command to the server: 'time'
client 2023-08-06 10:00:25,161 [INFO] Got response: '1691312424.9769974'
client 2023-08-06 10:00:25,161 [INFO] The time difference between the client and the server is within range 180.629 ms..184.099 ms
client 2023-08-06 10:00:25,161 [INFO] Running the workload 'CM_MLPERF_RUN_COUNT=$(cat ${CM_RUN_DIR}/count.txt); echo ${CM_MLPERF_RUN_COUNT}; CM_MLPERF_RUN_COUNT=$((CM_MLPERF_RUN_COUNT+1)); echo ${CM_MLPERF_RUN_COUNT} > ${CM_RUN_DIR}/count.txt && if [ ${CM_MLPERF_RUN_COUNT} -eq "1" ]; then export CM_MLPERF_USER_CONF=${CM_MLPERF_RANGING_USER_CONF}; else export CM_MLPERF_USER_CONF=${CM_MLPERF_TESTING_USER_CONF}; fi && /mount/CM/repos/ctuning@mlcommons-ck/cm-mlops/script/run-all-mlperf-models/run.out'
client 2023-08-06 10:05:26,399 [INFO] Sending command to the server: 'time'
client 2023-08-06 10:05:26,403 [INFO] Got response: '1691312726.2172344'
client 2023-08-06 10:05:26,403 [INFO] The time difference between the client and the server is within range 182.430 ms..186.406 ms
client 2023-08-06 10:05:26,403 [INFO] Sending command to the server: 'session,2023-08-06_09-59-56,stop,ranging'
client 2023-08-06 10:05:37,276 [INFO] Got response: 'OK'
client 2023-08-06 10:05:37,276 [INFO] Sending command to the server: 'time'
client 2023-08-06 10:05:37,278 [INFO] Got response: '1691312737.0916727'
client 2023-08-06 10:05:37,278 [INFO] The time difference between the client and the server is within range 184.814 ms..186.830 ms
client 2023-08-06 10:05:37,282 [INFO] Copying loadgen logs from '/home/arjun/mobilenet_results/valid_results/orin-tflite_cpp-cpu-tflite-vmaster-default_config/mobilenet-v2-precision_uint8-0.5-160/singlestream/performance/run_1' to '/home/arjun/mobilenet_results/valid_results/orin-tflite_cpp-cpu-tflite-vmaster-default_config/mobilenet-v2-precision_uint8-0.5-160/singlestream/performance/tmp_power/ranging'
client 2023-08-06 10:05:37,282 [INFO] Running workload in testing mode
client 2023-08-06 10:05:37,282 [INFO] Synchronizing with the server and with time.google.com...
client 2023-08-06 10:05:37,303 [INFO] NTP:offset = -0.001 s, delay = 0.019 s 
client 2023-08-06 10:05:37,303 [INFO] Sending command to the server: 'time'
client 2023-08-06 10:05:37,306 [INFO] Got response: '1691312737.1222856'
client 2023-08-06 10:05:37,307 [INFO] The time difference between the client and the server is within range 181.311 ms..184.738 ms
client 2023-08-06 10:05:37,307 [INFO] Sending command to the server: 'session,2023-08-06_09-59-56,start,testing'
client 2023-08-06 10:05:50,355 [INFO] Got response: 'OK'
client 2023-08-06 10:05:50,355 [INFO] Sending command to the server: 'time'
client 2023-08-06 10:05:50,358 [INFO] Got response: '1691312750.1708052'
client 2023-08-06 10:05:50,358 [INFO] The time difference between the client and the server is within range 184.910 ms..188.163 ms
client 2023-08-06 10:05:50,359 [INFO] Running the workload 'CM_MLPERF_RUN_COUNT=$(cat ${CM_RUN_DIR}/count.txt); echo ${CM_MLPERF_RUN_COUNT}; CM_MLPERF_RUN_COUNT=$((CM_MLPERF_RUN_COUNT+1)); echo ${CM_MLPERF_RUN_COUNT} > ${CM_RUN_DIR}/count.txt && if [ ${CM_MLPERF_RUN_COUNT} -eq "1" ]; then export CM_MLPERF_USER_CONF=${CM_MLPERF_RANGING_USER_CONF}; else export CM_MLPERF_USER_CONF=${CM_MLPERF_TESTING_USER_CONF}; fi && /mount/CM/repos/ctuning@mlcommons-ck/cm-mlops/script/run-all-mlperf-models/run.out'
client 2023-08-06 10:15:52,499 [INFO] Sending command to the server: 'time'
client 2023-08-06 10:15:52,504 [INFO] Got response: '1691313352.3132899'
client 2023-08-06 10:15:52,504 [INFO] The time difference between the client and the server is within range 185.935 ms..190.987 ms
client 2023-08-06 10:15:52,504 [INFO] Sending command to the server: 'session,2023-08-06_09-59-56,stop,testing'
client 2023-08-06 10:16:03,422 [INFO] Got response: 'OK'
client 2023-08-06 10:16:03,422 [INFO] Sending command to the server: 'time'
client 2023-08-06 10:16:03,424 [INFO] Got response: '1691313363.2288482'
client 2023-08-06 10:16:03,424 [INFO] The time difference between the client and the server is within range 193.546 ms..196.044 ms
client 2023-08-06 10:16:03,425 [INFO] Copying loadgen logs from '/home/arjun/mobilenet_results/valid_results/orin-tflite_cpp-cpu-tflite-vmaster-default_config/mobilenet-v2-precision_uint8-0.5-160/singlestream/performance/run_1' to '/home/arjun/mobilenet_results/valid_results/orin-tflite_cpp-cpu-tflite-vmaster-default_config/mobilenet-v2-precision_uint8-0.5-160/singlestream/performance/tmp_power/run_1'
client 2023-08-06 10:16:03,426 [INFO] Done runs
