client 2023-07-27 15:57:47,983 [INFO] Creating output directory '/home/arjun/results_dir/valid_results/orin-nvidia_original-gpu-tensorrt-vdefault-default_config/rnnt/offline/performance/tmp_power'
client 2023-07-27 15:57:47,991 [INFO] Sending command to the server: 'mlcommons/power client v3'
client 2023-07-27 15:57:47,995 [INFO] Got response: 'mlcommons/power server v3'
client 2023-07-27 15:57:47,997 [INFO] Synchronizing with the server and with time.google.com...
client 2023-07-27 15:57:48,059 [INFO] NTP:offset = -0.004 s, delay = 0.016 s 
client 2023-07-27 15:57:48,060 [INFO] Sending command to the server: 'time'
client 2023-07-27 15:57:48,066 [INFO] Got response: '1690469867.8999045'
client 2023-07-27 15:57:48,067 [INFO] The time difference between the client and the server is within range 160.504 ms..167.046 ms
client 2023-07-27 15:57:48,068 [INFO] Sending command to the server: 'new,,ba18eff9-d5e6-4d19-92cc-f7eae9ad2a6b'
client 2023-07-27 15:57:48,075 [INFO] Got response: 'OK 2023-07-27_15-57-47,8035c654-c222-4fe6-958b-0ee758fe5ac4'
client 2023-07-27 15:57:48,077 [INFO] Session id is '2023-07-27_15-57-47'
client 2023-07-27 15:57:48,078 [INFO] Sources: {"sources": {"__init__.py": "da39a3ee5e6b4b0d3255bfef95601890afd80709", "client.py": "33ca4f26368777ac06e01f9567b714a4b8063886", "lib/__init__.py": "da39a3ee5e6b4b0d3255bfef95601890afd80709", "lib/client.py": "ac2aa093c8e8bbc9569b9e2a3471bc64e58a2258", "lib/common.py": "611d8b29633d331eb19c9455ea3b5fa3284ed6df", "lib/external/__init__.py": "da39a3ee5e6b4b0d3255bfef95601890afd80709", "lib/external/ntplib.py": "4da8f970656505a40483206ef2b5d3dd5e81711d", "lib/server.py": "c7af63c31bb2fbedea4345f571f6e3507d268ada", "lib/source_hashes.py": "60a2e02193209e8d392803326208d5466342da18", "lib/summary.py": "aa92f0a3f975eecd44d3c0cd0236342ccc9f941d", "lib/time_sync.py": "122eba67a9abc85635223e054def53be1367ade2", "server.py": "c3f90f2f7eeb4db30727556d0c815ebc89b3d28b", "tests/unit/__init__.py": "da39a3ee5e6b4b0d3255bfef95601890afd80709", "tests/unit/test_server.py": "948c1995d4008bc2aa6c4046a34ffa3858d6d671", "tests/unit/test_source_hashes.py": "00468a2907583c593e6574a1f6b404e4651c221a"}, "modules": {"ptd_client_server.lib.client": "lib/client.py", "ptd_client_server.lib.common": "lib/common.py", "ptd_client_server.lib.external.ntplib": "lib/external/ntplib.py", "ptd_client_server.lib.source_hashes": "lib/source_hashes.py", "ptd_client_server.lib.summary": "lib/summary.py", "ptd_client_server.lib.time_sync": "lib/time_sync.py"}}
client 2023-07-27 15:57:48,081 [INFO] Running workload in ranging mode
client 2023-07-27 15:57:48,082 [INFO] Synchronizing with the server and with time.google.com...
client 2023-07-27 15:57:48,113 [INFO] NTP:offset = -0.002 s, delay = 0.015 s 
client 2023-07-27 15:57:48,114 [INFO] Sending command to the server: 'time'
client 2023-07-27 15:57:48,120 [INFO] Got response: '1690469867.9498692'
client 2023-07-27 15:57:48,121 [INFO] The time difference between the client and the server is within range 164.251 ms..171.213 ms
client 2023-07-27 15:57:48,122 [INFO] Sending command to the server: 'session,2023-07-27_15-57-47,start,ranging'
client 2023-07-27 15:58:16,867 [INFO] Got response: 'OK'
client 2023-07-27 15:58:16,869 [INFO] Sending command to the server: 'time'
client 2023-07-27 15:58:16,886 [INFO] Got response: '1690469896.7040699'
client 2023-07-27 15:58:16,887 [INFO] The time difference between the client and the server is within range 165.343 ms..183.657 ms
client 2023-07-27 15:58:16,889 [INFO] Running the workload 'CM_MLPERF_RUN_COUNT=$(cat ${CM_RUN_DIR}/count.txt); echo ${CM_MLPERF_RUN_COUNT}; CM_MLPERF_RUN_COUNT=$((CM_MLPERF_RUN_COUNT+1)); echo ${CM_MLPERF_RUN_COUNT} > ${CM_RUN_DIR}/count.txt && if [ ${CM_MLPERF_RUN_COUNT} -eq "1" ]; then export CM_MLPERF_USER_CONF=${CM_MLPERF_RANGING_USER_CONF}; else export CM_MLPERF_USER_CONF=${CM_MLPERF_TESTING_USER_CONF}; fi && make run_harness RUN_ARGS=" --benchmarks=rnnt --scenarios=offline --test_mode=PerformanceOnly --offline_expected_qps=980 --single_stream_expected_latency_ns=100000000 --config_ver=maxq --user_conf_path=${CM_MLPERF_USER_CONF} --mlperf_conf_path=/mount/CM/repos/local/cache/cedb99c765c24b90/inference/mlperf.conf --no_audit_verify "'
client 2023-07-27 16:05:39,797 [INFO] Sending command to the server: 'time'
client 2023-07-27 16:05:39,806 [INFO] Got response: '1690470339.6340868'
client 2023-07-27 16:05:39,807 [INFO] The time difference between the client and the server is within range 163.020 ms..173.055 ms
client 2023-07-27 16:05:39,808 [INFO] Sending command to the server: 'session,2023-07-27_15-57-47,stop,ranging'
client 2023-07-27 16:05:50,075 [INFO] Got response: 'OK'
client 2023-07-27 16:05:50,077 [INFO] Sending command to the server: 'time'
client 2023-07-27 16:05:50,085 [INFO] Got response: '1690470349.9160986'
client 2023-07-27 16:05:50,086 [INFO] The time difference between the client and the server is within range 161.341 ms..170.308 ms
client 2023-07-27 16:05:50,142 [INFO] Copying loadgen logs from '/home/arjun/results_dir/valid_results/orin-nvidia_original-gpu-tensorrt-vdefault-default_config/rnnt/offline/performance/run_1' to '/home/arjun/results_dir/valid_results/orin-nvidia_original-gpu-tensorrt-vdefault-default_config/rnnt/offline/performance/tmp_power/ranging'
client 2023-07-27 16:05:50,150 [INFO] Running workload in testing mode
client 2023-07-27 16:05:50,151 [INFO] Synchronizing with the server and with time.google.com...
client 2023-07-27 16:05:50,183 [INFO] NTP:offset = -0.003 s, delay = 0.015 s 
client 2023-07-27 16:05:50,185 [INFO] Sending command to the server: 'time'
client 2023-07-27 16:05:50,191 [INFO] Got response: '1690470350.017152'
client 2023-07-27 16:05:50,192 [INFO] The time difference between the client and the server is within range 167.686 ms..174.819 ms
client 2023-07-27 16:05:50,193 [INFO] Sending command to the server: 'session,2023-07-27_15-57-47,start,testing'
client 2023-07-27 16:06:03,237 [INFO] Got response: 'OK'
client 2023-07-27 16:06:03,238 [INFO] Sending command to the server: 'time'
client 2023-07-27 16:06:03,243 [INFO] Got response: '1690470363.0710807'
client 2023-07-27 16:06:03,244 [INFO] The time difference between the client and the server is within range 167.222 ms..173.450 ms
client 2023-07-27 16:06:03,245 [INFO] Running the workload 'CM_MLPERF_RUN_COUNT=$(cat ${CM_RUN_DIR}/count.txt); echo ${CM_MLPERF_RUN_COUNT}; CM_MLPERF_RUN_COUNT=$((CM_MLPERF_RUN_COUNT+1)); echo ${CM_MLPERF_RUN_COUNT} > ${CM_RUN_DIR}/count.txt && if [ ${CM_MLPERF_RUN_COUNT} -eq "1" ]; then export CM_MLPERF_USER_CONF=${CM_MLPERF_RANGING_USER_CONF}; else export CM_MLPERF_USER_CONF=${CM_MLPERF_TESTING_USER_CONF}; fi && make run_harness RUN_ARGS=" --benchmarks=rnnt --scenarios=offline --test_mode=PerformanceOnly --offline_expected_qps=980 --single_stream_expected_latency_ns=100000000 --config_ver=maxq --user_conf_path=${CM_MLPERF_USER_CONF} --mlperf_conf_path=/mount/CM/repos/local/cache/cedb99c765c24b90/inference/mlperf.conf --no_audit_verify "'
client 2023-07-27 16:19:03,601 [INFO] Sending command to the server: 'time'
client 2023-07-27 16:19:03,610 [INFO] Got response: '1690471143.4340715'
client 2023-07-27 16:19:03,611 [INFO] The time difference between the client and the server is within range 167.236 ms..177.193 ms
client 2023-07-27 16:19:03,612 [INFO] Sending command to the server: 'session,2023-07-27_15-57-47,stop,testing'
client 2023-07-27 16:19:14,324 [INFO] Got response: 'OK'
client 2023-07-27 16:19:14,326 [INFO] Sending command to the server: 'time'
client 2023-07-27 16:19:14,341 [INFO] Got response: '1690471154.1676528'
client 2023-07-27 16:19:14,343 [INFO] The time difference between the client and the server is within range 158.731 ms..175.391 ms
client 2023-07-27 16:19:14,354 [INFO] Copying loadgen logs from '/home/arjun/results_dir/valid_results/orin-nvidia_original-gpu-tensorrt-vdefault-default_config/rnnt/offline/performance/run_1' to '/home/arjun/results_dir/valid_results/orin-nvidia_original-gpu-tensorrt-vdefault-default_config/rnnt/offline/performance/tmp_power/run_1'
client 2023-07-27 16:19:14,362 [INFO] Done runs
