client 2023-07-11 12:15:06,435 [INFO] Creating output directory '/home/arjun/mobilenet_results/valid_results/orin-tflite_armnn_cpp-cpu-armnn_tflite-v22.11-using_neon/mobilenet-v2-precision_float-0.75-160/singlestream/performance/tmp_power'
client 2023-07-11 12:15:06,438 [INFO] Sending command to the server: 'mlcommons/power client v3'
client 2023-07-11 12:15:06,440 [INFO] Got response: 'mlcommons/power server v3'
client 2023-07-11 12:15:06,440 [INFO] Synchronizing with the server and with time.google.com...
client 2023-07-11 12:15:06,460 [INFO] NTP:offset = -0.009 s, delay = 0.016 s 
client 2023-07-11 12:15:06,460 [INFO] Sending command to the server: 'time'
client 2023-07-11 12:15:06,463 [INFO] Got response: '1689074106.3627656'
client 2023-07-11 12:15:06,463 [INFO] The time difference between the client and the server is within range 97.864 ms..100.363 ms
client 2023-07-11 12:15:06,463 [INFO] Sending command to the server: 'new,,1220bcad-e3b0-4b6d-ae92-e480a731d402'
client 2023-07-11 12:15:06,466 [INFO] Got response: 'OK 2023-07-11_12-15-06,f3650239-bb72-4080-b10b-bbccc71d803d'
client 2023-07-11 12:15:06,466 [INFO] Session id is '2023-07-11_12-15-06'
client 2023-07-11 12:15:06,466 [INFO] Sources: {"sources": {"__init__.py": "da39a3ee5e6b4b0d3255bfef95601890afd80709", "client.py": "33ca4f26368777ac06e01f9567b714a4b8063886", "lib/__init__.py": "da39a3ee5e6b4b0d3255bfef95601890afd80709", "lib/client.py": "ac2aa093c8e8bbc9569b9e2a3471bc64e58a2258", "lib/common.py": "611d8b29633d331eb19c9455ea3b5fa3284ed6df", "lib/external/__init__.py": "da39a3ee5e6b4b0d3255bfef95601890afd80709", "lib/external/ntplib.py": "4da8f970656505a40483206ef2b5d3dd5e81711d", "lib/server.py": "c7af63c31bb2fbedea4345f571f6e3507d268ada", "lib/source_hashes.py": "60a2e02193209e8d392803326208d5466342da18", "lib/summary.py": "aa92f0a3f975eecd44d3c0cd0236342ccc9f941d", "lib/time_sync.py": "122eba67a9abc85635223e054def53be1367ade2", "server.py": "c3f90f2f7eeb4db30727556d0c815ebc89b3d28b", "tests/unit/__init__.py": "da39a3ee5e6b4b0d3255bfef95601890afd80709", "tests/unit/test_server.py": "948c1995d4008bc2aa6c4046a34ffa3858d6d671", "tests/unit/test_source_hashes.py": "00468a2907583c593e6574a1f6b404e4651c221a"}, "modules": {"ptd_client_server.lib.client": "lib/client.py", "ptd_client_server.lib.common": "lib/common.py", "ptd_client_server.lib.external.ntplib": "lib/external/ntplib.py", "ptd_client_server.lib.source_hashes": "lib/source_hashes.py", "ptd_client_server.lib.summary": "lib/summary.py", "ptd_client_server.lib.time_sync": "lib/time_sync.py"}}
client 2023-07-11 12:15:06,466 [INFO] Running workload in ranging mode
client 2023-07-11 12:15:06,466 [INFO] Synchronizing with the server and with time.google.com...
client 2023-07-11 12:15:06,483 [INFO] NTP:offset = -0.010 s, delay = 0.016 s 
client 2023-07-11 12:15:06,484 [INFO] Sending command to the server: 'time'
client 2023-07-11 12:15:06,486 [INFO] Got response: '1689074106.3872457'
client 2023-07-11 12:15:06,486 [INFO] The time difference between the client and the server is within range 96.781 ms..99.471 ms
client 2023-07-11 12:15:06,486 [INFO] Sending command to the server: 'session,2023-07-11_12-15-06,start,ranging'
client 2023-07-11 12:15:35,229 [INFO] Got response: 'OK'
client 2023-07-11 12:15:35,230 [INFO] Sending command to the server: 'time'
client 2023-07-11 12:15:35,234 [INFO] Got response: '1689074135.1330442'
client 2023-07-11 12:15:35,234 [INFO] The time difference between the client and the server is within range 97.358 ms..101.512 ms
client 2023-07-11 12:15:35,234 [INFO] Running the workload 'CM_MLPERF_RUN_COUNT=$(cat ${CM_RUN_DIR}/count.txt); echo ${CM_MLPERF_RUN_COUNT}; CM_MLPERF_RUN_COUNT=$((CM_MLPERF_RUN_COUNT+1)); echo ${CM_MLPERF_RUN_COUNT} > ${CM_RUN_DIR}/count.txt && if [ ${CM_MLPERF_RUN_COUNT} -eq "1" ]; then export CM_MLPERF_USER_CONF=${CM_MLPERF_RANGING_USER_CONF}; else export CM_MLPERF_USER_CONF=${CM_MLPERF_TESTING_USER_CONF}; fi && /home/arjun/run.out'
client 2023-07-11 12:20:36,875 [INFO] Sending command to the server: 'time'
client 2023-07-11 12:20:36,878 [INFO] Got response: '1689074436.7769885'
client 2023-07-11 12:20:36,878 [INFO] The time difference between the client and the server is within range 98.238 ms..101.900 ms
client 2023-07-11 12:20:36,879 [INFO] Sending command to the server: 'session,2023-07-11_12-15-06,stop,ranging'
client 2023-07-11 12:20:47,693 [INFO] Got response: 'OK'
client 2023-07-11 12:20:47,693 [INFO] Sending command to the server: 'time'
client 2023-07-11 12:20:47,696 [INFO] Got response: '1689074447.594357'
client 2023-07-11 12:20:47,696 [INFO] The time difference between the client and the server is within range 99.111 ms..102.001 ms
client 2023-07-11 12:20:47,720 [INFO] Copying loadgen logs from '/home/arjun/mobilenet_results/valid_results/orin-tflite_armnn_cpp-cpu-armnn_tflite-v22.11-using_neon/mobilenet-v2-precision_float-0.75-160/singlestream/performance/run_1' to '/home/arjun/mobilenet_results/valid_results/orin-tflite_armnn_cpp-cpu-armnn_tflite-v22.11-using_neon/mobilenet-v2-precision_float-0.75-160/singlestream/performance/tmp_power/ranging'
client 2023-07-11 12:20:47,722 [INFO] Running workload in testing mode
client 2023-07-11 12:20:47,722 [INFO] Synchronizing with the server and with time.google.com...
client 2023-07-11 12:20:47,743 [INFO] NTP:offset = -0.011 s, delay = 0.016 s 
client 2023-07-11 12:20:47,743 [INFO] Sending command to the server: 'time'
client 2023-07-11 12:20:47,746 [INFO] Got response: '1689074447.6447458'
client 2023-07-11 12:20:47,746 [INFO] The time difference between the client and the server is within range 98.976 ms..101.752 ms
client 2023-07-11 12:20:47,746 [INFO] Sending command to the server: 'session,2023-07-11_12-15-06,start,testing'
client 2023-07-11 12:21:00,789 [INFO] Got response: 'OK'
client 2023-07-11 12:21:00,789 [INFO] Sending command to the server: 'time'
client 2023-07-11 12:21:00,792 [INFO] Got response: '1689074460.6896715'
client 2023-07-11 12:21:00,792 [INFO] The time difference between the client and the server is within range 99.805 ms..102.804 ms
client 2023-07-11 12:21:00,792 [INFO] Running the workload 'CM_MLPERF_RUN_COUNT=$(cat ${CM_RUN_DIR}/count.txt); echo ${CM_MLPERF_RUN_COUNT}; CM_MLPERF_RUN_COUNT=$((CM_MLPERF_RUN_COUNT+1)); echo ${CM_MLPERF_RUN_COUNT} > ${CM_RUN_DIR}/count.txt && if [ ${CM_MLPERF_RUN_COUNT} -eq "1" ]; then export CM_MLPERF_USER_CONF=${CM_MLPERF_RANGING_USER_CONF}; else export CM_MLPERF_USER_CONF=${CM_MLPERF_TESTING_USER_CONF}; fi && /home/arjun/run.out'
client 2023-07-11 12:31:03,723 [INFO] Sending command to the server: 'time'
client 2023-07-11 12:31:03,727 [INFO] Got response: '1689075063.6197104'
client 2023-07-11 12:31:03,727 [INFO] The time difference between the client and the server is within range 103.694 ms..108.039 ms
client 2023-07-11 12:31:03,728 [INFO] Sending command to the server: 'session,2023-07-11_12-15-06,stop,testing'
client 2023-07-11 12:31:13,904 [INFO] Got response: 'OK'
client 2023-07-11 12:31:13,905 [INFO] Sending command to the server: 'time'
client 2023-07-11 12:31:13,931 [INFO] Got response: '1689075073.8230524'
client 2023-07-11 12:31:13,931 [INFO] The time difference between the client and the server is within range 82.341 ms..108.774 ms
client 2023-07-11 12:31:13,936 [INFO] Copying loadgen logs from '/home/arjun/mobilenet_results/valid_results/orin-tflite_armnn_cpp-cpu-armnn_tflite-v22.11-using_neon/mobilenet-v2-precision_float-0.75-160/singlestream/performance/run_1' to '/home/arjun/mobilenet_results/valid_results/orin-tflite_armnn_cpp-cpu-armnn_tflite-v22.11-using_neon/mobilenet-v2-precision_float-0.75-160/singlestream/performance/tmp_power/run_1'
client 2023-07-11 12:31:13,939 [INFO] Done runs
