client 2023-08-07 11:17:54,404 [INFO] Creating output directory '/home/arjun/mobilenet_results/valid_results/orin-tflite_armnn_cpp-cpu-armnn_tflite-v23.05-using_neon/mobilenet-v2-precision_uint8-0.75-192/singlestream/performance/tmp_power'
client 2023-08-07 11:17:54,407 [INFO] Sending command to the server: 'mlcommons/power client v3'
client 2023-08-07 11:17:54,410 [INFO] Got response: 'mlcommons/power server v3'
client 2023-08-07 11:17:54,410 [INFO] Synchronizing with the server and with time.google.com...
client 2023-08-07 11:17:54,444 [INFO] NTP:offset = 0.001 s, delay = 0.018 s 
client 2023-08-07 11:17:54,444 [INFO] Sending command to the server: 'time'
client 2023-08-07 11:17:54,446 [INFO] Got response: '1691403474.34918'
client 2023-08-07 11:17:54,446 [INFO] The time difference between the client and the server is within range 95.756 ms..97.689 ms
client 2023-08-07 11:17:54,446 [INFO] Sending command to the server: 'new,,95cbe230-dbac-4bb8-a2f6-ddbe3dd37718'
client 2023-08-07 11:17:54,451 [INFO] Got response: 'OK 2023-08-07_11-17-54,942eac39-2956-44cc-a614-7da51306a2e5'
client 2023-08-07 11:17:54,451 [INFO] Session id is '2023-08-07_11-17-54'
client 2023-08-07 11:17:54,451 [INFO] Sources: {"sources": {"__init__.py": "da39a3ee5e6b4b0d3255bfef95601890afd80709", "client.py": "33ca4f26368777ac06e01f9567b714a4b8063886", "lib/__init__.py": "da39a3ee5e6b4b0d3255bfef95601890afd80709", "lib/client.py": "ac2aa093c8e8bbc9569b9e2a3471bc64e58a2258", "lib/common.py": "611d8b29633d331eb19c9455ea3b5fa3284ed6df", "lib/external/__init__.py": "da39a3ee5e6b4b0d3255bfef95601890afd80709", "lib/external/ntplib.py": "4da8f970656505a40483206ef2b5d3dd5e81711d", "lib/server.py": "c7af63c31bb2fbedea4345f571f6e3507d268ada", "lib/source_hashes.py": "60a2e02193209e8d392803326208d5466342da18", "lib/summary.py": "aa92f0a3f975eecd44d3c0cd0236342ccc9f941d", "lib/time_sync.py": "122eba67a9abc85635223e054def53be1367ade2", "server.py": "c3f90f2f7eeb4db30727556d0c815ebc89b3d28b", "tests/unit/__init__.py": "da39a3ee5e6b4b0d3255bfef95601890afd80709", "tests/unit/test_server.py": "948c1995d4008bc2aa6c4046a34ffa3858d6d671", "tests/unit/test_source_hashes.py": "00468a2907583c593e6574a1f6b404e4651c221a"}, "modules": {"ptd_client_server.lib.client": "lib/client.py", "ptd_client_server.lib.common": "lib/common.py", "ptd_client_server.lib.external.ntplib": "lib/external/ntplib.py", "ptd_client_server.lib.source_hashes": "lib/source_hashes.py", "ptd_client_server.lib.summary": "lib/summary.py", "ptd_client_server.lib.time_sync": "lib/time_sync.py"}}
client 2023-08-07 11:17:54,452 [INFO] Running workload in ranging mode
client 2023-08-07 11:17:54,452 [INFO] Synchronizing with the server and with time.google.com...
client 2023-08-07 11:17:54,468 [INFO] NTP:offset = 0.001 s, delay = 0.016 s 
client 2023-08-07 11:17:54,469 [INFO] Sending command to the server: 'time'
client 2023-08-07 11:17:54,471 [INFO] Got response: '1691403474.3692908'
client 2023-08-07 11:17:54,471 [INFO] The time difference between the client and the server is within range 99.759 ms..102.006 ms
client 2023-08-07 11:17:54,471 [INFO] Sending command to the server: 'session,2023-08-07_11-17-54,start,ranging'
client 2023-08-07 11:18:23,187 [INFO] Got response: 'OK'
client 2023-08-07 11:18:23,188 [INFO] Sending command to the server: 'time'
client 2023-08-07 11:18:23,191 [INFO] Got response: '1691403503.092027'
client 2023-08-07 11:18:23,191 [INFO] The time difference between the client and the server is within range 96.137 ms..99.379 ms
client 2023-08-07 11:18:23,191 [INFO] Running the workload 'CM_MLPERF_RUN_COUNT=$(cat ${CM_RUN_DIR}/count.txt); echo ${CM_MLPERF_RUN_COUNT}; CM_MLPERF_RUN_COUNT=$((CM_MLPERF_RUN_COUNT+1)); echo ${CM_MLPERF_RUN_COUNT} > ${CM_RUN_DIR}/count.txt && if [ ${CM_MLPERF_RUN_COUNT} -eq "1" ]; then export CM_MLPERF_USER_CONF=${CM_MLPERF_RANGING_USER_CONF}; else export CM_MLPERF_USER_CONF=${CM_MLPERF_TESTING_USER_CONF}; fi && /mount/CM/repos/ctuning@mlcommons-ck/cm-mlops/script/run-all-mlperf-models/run.out'
client 2023-08-07 11:23:24,486 [INFO] Sending command to the server: 'time'
client 2023-08-07 11:23:24,489 [INFO] Got response: '1691403804.386007'
client 2023-08-07 11:23:24,489 [INFO] The time difference between the client and the server is within range 100.808 ms..103.730 ms
client 2023-08-07 11:23:24,489 [INFO] Sending command to the server: 'session,2023-08-07_11-17-54,stop,ranging'
client 2023-08-07 11:23:35,511 [INFO] Got response: 'OK'
client 2023-08-07 11:23:35,511 [INFO] Sending command to the server: 'time'
client 2023-08-07 11:23:35,513 [INFO] Got response: '1691403815.409378'
client 2023-08-07 11:23:35,513 [INFO] The time difference between the client and the server is within range 101.835 ms..104.049 ms
client 2023-08-07 11:23:35,516 [INFO] Copying loadgen logs from '/home/arjun/mobilenet_results/valid_results/orin-tflite_armnn_cpp-cpu-armnn_tflite-v23.05-using_neon/mobilenet-v2-precision_uint8-0.75-192/singlestream/performance/run_1' to '/home/arjun/mobilenet_results/valid_results/orin-tflite_armnn_cpp-cpu-armnn_tflite-v23.05-using_neon/mobilenet-v2-precision_uint8-0.75-192/singlestream/performance/tmp_power/ranging'
client 2023-08-07 11:23:35,517 [INFO] Running workload in testing mode
client 2023-08-07 11:23:35,517 [INFO] Synchronizing with the server and with time.google.com...
client 2023-08-07 11:23:35,530 [INFO] NTP:offset = 0.001 s, delay = 0.011 s 
client 2023-08-07 11:23:35,530 [INFO] Sending command to the server: 'time'
client 2023-08-07 11:23:35,532 [INFO] Got response: '1691403815.4297674'
client 2023-08-07 11:23:35,532 [INFO] The time difference between the client and the server is within range 100.485 ms..102.486 ms
client 2023-08-07 11:23:35,532 [INFO] Sending command to the server: 'session,2023-08-07_11-17-54,start,testing'
client 2023-08-07 11:23:48,571 [INFO] Got response: 'OK'
client 2023-08-07 11:23:48,571 [INFO] Sending command to the server: 'time'
client 2023-08-07 11:23:48,574 [INFO] Got response: '1691403828.4694173'
client 2023-08-07 11:23:48,574 [INFO] The time difference between the client and the server is within range 101.712 ms..105.027 ms
client 2023-08-07 11:23:48,574 [INFO] Running the workload 'CM_MLPERF_RUN_COUNT=$(cat ${CM_RUN_DIR}/count.txt); echo ${CM_MLPERF_RUN_COUNT}; CM_MLPERF_RUN_COUNT=$((CM_MLPERF_RUN_COUNT+1)); echo ${CM_MLPERF_RUN_COUNT} > ${CM_RUN_DIR}/count.txt && if [ ${CM_MLPERF_RUN_COUNT} -eq "1" ]; then export CM_MLPERF_USER_CONF=${CM_MLPERF_RANGING_USER_CONF}; else export CM_MLPERF_USER_CONF=${CM_MLPERF_TESTING_USER_CONF}; fi && /mount/CM/repos/ctuning@mlcommons-ck/cm-mlops/script/run-all-mlperf-models/run.out'
client 2023-08-07 11:33:50,714 [INFO] Sending command to the server: 'time'
client 2023-08-07 11:33:50,719 [INFO] Got response: '1691404430.6092339'
client 2023-08-07 11:33:50,719 [INFO] The time difference between the client and the server is within range 105.575 ms..110.107 ms
client 2023-08-07 11:33:50,719 [INFO] Sending command to the server: 'session,2023-08-07_11-17-54,stop,testing'
client 2023-08-07 11:34:01,647 [INFO] Got response: 'OK'
client 2023-08-07 11:34:01,647 [INFO] Sending command to the server: 'time'
client 2023-08-07 11:34:01,649 [INFO] Got response: '1691404441.545763'
client 2023-08-07 11:34:01,649 [INFO] The time difference between the client and the server is within range 101.746 ms..103.764 ms
client 2023-08-07 11:34:01,650 [INFO] Copying loadgen logs from '/home/arjun/mobilenet_results/valid_results/orin-tflite_armnn_cpp-cpu-armnn_tflite-v23.05-using_neon/mobilenet-v2-precision_uint8-0.75-192/singlestream/performance/run_1' to '/home/arjun/mobilenet_results/valid_results/orin-tflite_armnn_cpp-cpu-armnn_tflite-v23.05-using_neon/mobilenet-v2-precision_uint8-0.75-192/singlestream/performance/tmp_power/run_1'
client 2023-08-07 11:34:01,650 [INFO] Done runs
