client 2023-07-11 08:08:20,963 [INFO] Creating output directory '/home/arjun/mobilenet_results/valid_results/orin-tflite_armnn_cpp-cpu-armnn_tflite-v22.11-using_neon/mobilenet-v1-precision_uint8-0.25-160/singlestream/performance/tmp_power'
client 2023-07-11 08:08:20,965 [INFO] Sending command to the server: 'mlcommons/power client v3'
client 2023-07-11 08:08:20,967 [INFO] Got response: 'mlcommons/power server v3'
client 2023-07-11 08:08:20,967 [INFO] Synchronizing with the server and with time.google.com...
client 2023-07-11 08:08:20,988 [INFO] NTP:offset = -0.008 s, delay = 0.016 s 
client 2023-07-11 08:08:20,988 [INFO] Sending command to the server: 'time'
client 2023-07-11 08:08:20,990 [INFO] Got response: '1689059300.9324098'
client 2023-07-11 08:08:20,990 [INFO] The time difference between the client and the server is within range 55.886 ms..58.156 ms
client 2023-07-11 08:08:20,990 [INFO] Sending command to the server: 'new,,117ce68a-fd9b-4df3-b133-3e92d5084513'
client 2023-07-11 08:08:20,992 [INFO] Got response: 'OK 2023-07-11_08-08-20,cec2f923-a1c2-41a0-9b29-b0d73325a6c7'
client 2023-07-11 08:08:20,992 [INFO] Session id is '2023-07-11_08-08-20'
client 2023-07-11 08:08:20,993 [INFO] Sources: {"sources": {"__init__.py": "da39a3ee5e6b4b0d3255bfef95601890afd80709", "client.py": "33ca4f26368777ac06e01f9567b714a4b8063886", "lib/__init__.py": "da39a3ee5e6b4b0d3255bfef95601890afd80709", "lib/client.py": "ac2aa093c8e8bbc9569b9e2a3471bc64e58a2258", "lib/common.py": "611d8b29633d331eb19c9455ea3b5fa3284ed6df", "lib/external/__init__.py": "da39a3ee5e6b4b0d3255bfef95601890afd80709", "lib/external/ntplib.py": "4da8f970656505a40483206ef2b5d3dd5e81711d", "lib/server.py": "c7af63c31bb2fbedea4345f571f6e3507d268ada", "lib/source_hashes.py": "60a2e02193209e8d392803326208d5466342da18", "lib/summary.py": "aa92f0a3f975eecd44d3c0cd0236342ccc9f941d", "lib/time_sync.py": "122eba67a9abc85635223e054def53be1367ade2", "server.py": "c3f90f2f7eeb4db30727556d0c815ebc89b3d28b", "tests/unit/__init__.py": "da39a3ee5e6b4b0d3255bfef95601890afd80709", "tests/unit/test_server.py": "948c1995d4008bc2aa6c4046a34ffa3858d6d671", "tests/unit/test_source_hashes.py": "00468a2907583c593e6574a1f6b404e4651c221a"}, "modules": {"ptd_client_server.lib.client": "lib/client.py", "ptd_client_server.lib.common": "lib/common.py", "ptd_client_server.lib.external.ntplib": "lib/external/ntplib.py", "ptd_client_server.lib.source_hashes": "lib/source_hashes.py", "ptd_client_server.lib.summary": "lib/summary.py", "ptd_client_server.lib.time_sync": "lib/time_sync.py"}}
client 2023-07-11 08:08:20,993 [INFO] Running workload in ranging mode
client 2023-07-11 08:08:20,993 [INFO] Synchronizing with the server and with time.google.com...
client 2023-07-11 08:08:21,010 [INFO] NTP:offset = -0.008 s, delay = 0.016 s 
client 2023-07-11 08:08:21,010 [INFO] Sending command to the server: 'time'
client 2023-07-11 08:08:21,012 [INFO] Got response: '1689059300.9524891'
client 2023-07-11 08:08:21,012 [INFO] The time difference between the client and the server is within range 57.636 ms..59.970 ms
client 2023-07-11 08:08:21,012 [INFO] Sending command to the server: 'session,2023-07-11_08-08-20,start,ranging'
client 2023-07-11 08:08:49,655 [INFO] Got response: 'OK'
client 2023-07-11 08:08:49,656 [INFO] Sending command to the server: 'time'
client 2023-07-11 08:08:49,660 [INFO] Got response: '1689059329.60221'
client 2023-07-11 08:08:49,660 [INFO] The time difference between the client and the server is within range 54.594 ms..58.646 ms
client 2023-07-11 08:08:49,661 [INFO] Running the workload 'CM_MLPERF_RUN_COUNT=$(cat ${CM_RUN_DIR}/count.txt); echo ${CM_MLPERF_RUN_COUNT}; CM_MLPERF_RUN_COUNT=$((CM_MLPERF_RUN_COUNT+1)); echo ${CM_MLPERF_RUN_COUNT} > ${CM_RUN_DIR}/count.txt && if [ ${CM_MLPERF_RUN_COUNT} -eq "1" ]; then export CM_MLPERF_USER_CONF=${CM_MLPERF_RANGING_USER_CONF}; else export CM_MLPERF_USER_CONF=${CM_MLPERF_TESTING_USER_CONF}; fi && /home/arjun/run.out'
client 2023-07-11 08:13:51,349 [INFO] Sending command to the server: 'time'
client 2023-07-11 08:13:51,352 [INFO] Got response: '1689059631.286162'
client 2023-07-11 08:13:51,352 [INFO] The time difference between the client and the server is within range 63.319 ms..66.706 ms
client 2023-07-11 08:13:51,353 [INFO] Sending command to the server: 'session,2023-07-11_08-08-20,stop,ranging'
client 2023-07-11 08:14:01,762 [INFO] Got response: 'OK'
client 2023-07-11 08:14:01,763 [INFO] Sending command to the server: 'time'
client 2023-07-11 08:14:01,766 [INFO] Got response: '1689059641.7007978'
client 2023-07-11 08:14:01,766 [INFO] The time difference between the client and the server is within range 62.525 ms..66.063 ms
client 2023-07-11 08:14:01,788 [INFO] Copying loadgen logs from '/home/arjun/mobilenet_results/valid_results/orin-tflite_armnn_cpp-cpu-armnn_tflite-v22.11-using_neon/mobilenet-v1-precision_uint8-0.25-160/singlestream/performance/run_1' to '/home/arjun/mobilenet_results/valid_results/orin-tflite_armnn_cpp-cpu-armnn_tflite-v22.11-using_neon/mobilenet-v1-precision_uint8-0.25-160/singlestream/performance/tmp_power/ranging'
client 2023-07-11 08:14:01,791 [INFO] Running workload in testing mode
client 2023-07-11 08:14:01,791 [INFO] Synchronizing with the server and with time.google.com...
client 2023-07-11 08:14:01,817 [INFO] NTP:offset = -0.008 s, delay = 0.021 s 
client 2023-07-11 08:14:01,817 [INFO] Sending command to the server: 'time'
client 2023-07-11 08:14:01,820 [INFO] Got response: '1689059641.7628016'
client 2023-07-11 08:14:01,820 [INFO] The time difference between the client and the server is within range 54.631 ms..57.986 ms
client 2023-07-11 08:14:01,821 [INFO] Sending command to the server: 'session,2023-07-11_08-08-20,start,testing'
client 2023-07-11 08:14:14,866 [INFO] Got response: 'OK'
client 2023-07-11 08:14:14,867 [INFO] Sending command to the server: 'time'
client 2023-07-11 08:14:14,870 [INFO] Got response: '1689059654.8102486'
client 2023-07-11 08:14:14,871 [INFO] The time difference between the client and the server is within range 57.017 ms..60.922 ms
client 2023-07-11 08:14:14,871 [INFO] Running the workload 'CM_MLPERF_RUN_COUNT=$(cat ${CM_RUN_DIR}/count.txt); echo ${CM_MLPERF_RUN_COUNT}; CM_MLPERF_RUN_COUNT=$((CM_MLPERF_RUN_COUNT+1)); echo ${CM_MLPERF_RUN_COUNT} > ${CM_RUN_DIR}/count.txt && if [ ${CM_MLPERF_RUN_COUNT} -eq "1" ]; then export CM_MLPERF_USER_CONF=${CM_MLPERF_RANGING_USER_CONF}; else export CM_MLPERF_USER_CONF=${CM_MLPERF_TESTING_USER_CONF}; fi && /home/arjun/run.out'
client 2023-07-11 08:24:18,074 [INFO] Sending command to the server: 'time'
client 2023-07-11 08:24:18,076 [INFO] Got response: '1689060258.0145147'
client 2023-07-11 08:24:18,077 [INFO] The time difference between the client and the server is within range 59.385 ms..62.605 ms
client 2023-07-11 08:24:18,077 [INFO] Sending command to the server: 'session,2023-07-11_08-08-20,stop,testing'
client 2023-07-11 08:24:28,975 [INFO] Got response: 'OK'
client 2023-07-11 08:24:28,976 [INFO] Sending command to the server: 'time'
client 2023-07-11 08:24:28,981 [INFO] Got response: '1689060268.9141138'
client 2023-07-11 08:24:28,981 [INFO] The time difference between the client and the server is within range 62.765 ms..67.475 ms
client 2023-07-11 08:24:28,986 [INFO] Copying loadgen logs from '/home/arjun/mobilenet_results/valid_results/orin-tflite_armnn_cpp-cpu-armnn_tflite-v22.11-using_neon/mobilenet-v1-precision_uint8-0.25-160/singlestream/performance/run_1' to '/home/arjun/mobilenet_results/valid_results/orin-tflite_armnn_cpp-cpu-armnn_tflite-v22.11-using_neon/mobilenet-v1-precision_uint8-0.25-160/singlestream/performance/tmp_power/run_1'
client 2023-07-11 08:24:28,988 [INFO] Done runs
