client 2023-07-19 22:06:44,566 [INFO] Creating output directory '/home/arjun/mobilenet_results/valid_results/raspberrypi-tflite_armnn_cpp-cpu-armnn_tflite-v22.11-using_neon/mobilenet-v1-precision_uint8-0.25-192/singlestream/performance/tmp_power'
client 2023-07-19 22:06:44,571 [INFO] Sending command to the server: 'mlcommons/power client v3'
client 2023-07-19 22:06:44,575 [INFO] Got response: 'mlcommons/power server v3'
client 2023-07-19 22:06:44,575 [INFO] Synchronizing with the server and with time.google.com...
client 2023-07-19 22:06:44,638 [INFO] NTP:offset = -0.108 s, delay = 0.021 s 
client 2023-07-19 22:06:44,639 [INFO] Sending command to the server: 'time'
client 2023-07-19 22:06:44,643 [INFO] Got response: '1689800804.4565027'
client 2023-07-19 22:06:44,644 [INFO] The time difference between the client and the server is within range 182.597 ms..187.635 ms
client 2023-07-19 22:06:44,645 [INFO] Sending command to the server: 'new,,43c8d198-230a-4601-8ed9-eee94f932410'
client 2023-07-19 22:06:44,651 [INFO] Got response: 'OK 2023-07-19_22-06-44,a010df92-a483-4bc1-b58d-773f76bcce5a'
client 2023-07-19 22:06:44,652 [INFO] Session id is '2023-07-19_22-06-44'
client 2023-07-19 22:06:44,652 [INFO] Sources: {"sources": {"__init__.py": "da39a3ee5e6b4b0d3255bfef95601890afd80709", "client.py": "33ca4f26368777ac06e01f9567b714a4b8063886", "lib/__init__.py": "da39a3ee5e6b4b0d3255bfef95601890afd80709", "lib/client.py": "ac2aa093c8e8bbc9569b9e2a3471bc64e58a2258", "lib/common.py": "611d8b29633d331eb19c9455ea3b5fa3284ed6df", "lib/external/__init__.py": "da39a3ee5e6b4b0d3255bfef95601890afd80709", "lib/external/ntplib.py": "4da8f970656505a40483206ef2b5d3dd5e81711d", "lib/server.py": "c7af63c31bb2fbedea4345f571f6e3507d268ada", "lib/source_hashes.py": "60a2e02193209e8d392803326208d5466342da18", "lib/summary.py": "aa92f0a3f975eecd44d3c0cd0236342ccc9f941d", "lib/time_sync.py": "122eba67a9abc85635223e054def53be1367ade2", "server.py": "c3f90f2f7eeb4db30727556d0c815ebc89b3d28b", "tests/unit/__init__.py": "da39a3ee5e6b4b0d3255bfef95601890afd80709", "tests/unit/test_server.py": "948c1995d4008bc2aa6c4046a34ffa3858d6d671", "tests/unit/test_source_hashes.py": "00468a2907583c593e6574a1f6b404e4651c221a"}, "modules": {"ptd_client_server.lib.client": "lib/client.py", "ptd_client_server.lib.common": "lib/common.py", "ptd_client_server.lib.external.ntplib": "lib/external/ntplib.py", "ptd_client_server.lib.source_hashes": "lib/source_hashes.py", "ptd_client_server.lib.summary": "lib/summary.py", "ptd_client_server.lib.time_sync": "lib/time_sync.py"}}
client 2023-07-19 22:06:44,653 [INFO] Running workload in ranging mode
client 2023-07-19 22:06:44,654 [INFO] Synchronizing with the server and with time.google.com...
client 2023-07-19 22:06:44,692 [INFO] NTP:offset = -0.109 s, delay = 0.018 s 
client 2023-07-19 22:06:44,692 [INFO] Sending command to the server: 'time'
client 2023-07-19 22:06:44,697 [INFO] Got response: '1689800804.5081313'
client 2023-07-19 22:06:44,698 [INFO] The time difference between the client and the server is within range 184.630 ms..189.841 ms
client 2023-07-19 22:06:44,698 [INFO] Sending command to the server: 'session,2023-07-19_22-06-44,start,ranging'
client 2023-07-19 22:07:13,310 [INFO] Got response: 'OK'
client 2023-07-19 22:07:13,310 [INFO] Sending command to the server: 'time'
client 2023-07-19 22:07:13,313 [INFO] Got response: '1689800833.125114'
client 2023-07-19 22:07:13,314 [INFO] The time difference between the client and the server is within range 185.524 ms..188.942 ms
client 2023-07-19 22:07:13,314 [INFO] Running the workload 'CM_MLPERF_RUN_COUNT=$(cat ${CM_RUN_DIR}/count.txt); echo ${CM_MLPERF_RUN_COUNT}; CM_MLPERF_RUN_COUNT=$((CM_MLPERF_RUN_COUNT+1)); echo ${CM_MLPERF_RUN_COUNT} > ${CM_RUN_DIR}/count.txt && if [ ${CM_MLPERF_RUN_COUNT} -eq "1" ]; then export CM_MLPERF_USER_CONF=${CM_MLPERF_RANGING_USER_CONF}; else export CM_MLPERF_USER_CONF=${CM_MLPERF_TESTING_USER_CONF}; fi && /home/arjun/CM/repos/ctuning@mlcommons-ck/cm-mlops/script/get-lib-armnn/run.out'
client 2023-07-19 22:12:23,348 [INFO] Sending command to the server: 'time'
client 2023-07-19 22:12:23,353 [INFO] Got response: '1689801143.1762676'
client 2023-07-19 22:12:23,353 [INFO] The time difference between the client and the server is within range 172.259 ms..177.175 ms
client 2023-07-19 22:12:23,353 [INFO] Sending command to the server: 'session,2023-07-19_22-06-44,stop,ranging'
client 2023-07-19 22:12:34,545 [INFO] Got response: 'OK'
client 2023-07-19 22:12:34,546 [INFO] Sending command to the server: 'time'
client 2023-07-19 22:12:34,550 [INFO] Got response: '1689801154.373254'
client 2023-07-19 22:12:34,551 [INFO] The time difference between the client and the server is within range 172.919 ms..178.072 ms
client 2023-07-19 22:12:34,585 [INFO] Copying loadgen logs from '/home/arjun/mobilenet_results/valid_results/raspberrypi-tflite_armnn_cpp-cpu-armnn_tflite-v22.11-using_neon/mobilenet-v1-precision_uint8-0.25-192/singlestream/performance/run_1' to '/home/arjun/mobilenet_results/valid_results/raspberrypi-tflite_armnn_cpp-cpu-armnn_tflite-v22.11-using_neon/mobilenet-v1-precision_uint8-0.25-192/singlestream/performance/tmp_power/ranging'
client 2023-07-19 22:12:34,589 [INFO] Running workload in testing mode
client 2023-07-19 22:12:34,589 [INFO] Synchronizing with the server and with time.google.com...
client 2023-07-19 22:12:34,623 [INFO] NTP:offset = -0.093 s, delay = 0.016 s 
client 2023-07-19 22:12:34,623 [INFO] Sending command to the server: 'time'
client 2023-07-19 22:12:34,629 [INFO] Got response: '1689801154.4548695'
client 2023-07-19 22:12:34,630 [INFO] The time difference between the client and the server is within range 168.798 ms..175.159 ms
client 2023-07-19 22:12:34,630 [INFO] Sending command to the server: 'session,2023-07-19_22-06-44,start,testing'
client 2023-07-19 22:12:47,669 [INFO] Got response: 'OK'
client 2023-07-19 22:12:47,670 [INFO] Sending command to the server: 'time'
client 2023-07-19 22:12:47,674 [INFO] Got response: '1689801167.4972467'
client 2023-07-19 22:12:47,674 [INFO] The time difference between the client and the server is within range 173.096 ms..177.192 ms
client 2023-07-19 22:12:47,674 [INFO] Running the workload 'CM_MLPERF_RUN_COUNT=$(cat ${CM_RUN_DIR}/count.txt); echo ${CM_MLPERF_RUN_COUNT}; CM_MLPERF_RUN_COUNT=$((CM_MLPERF_RUN_COUNT+1)); echo ${CM_MLPERF_RUN_COUNT} > ${CM_RUN_DIR}/count.txt && if [ ${CM_MLPERF_RUN_COUNT} -eq "1" ]; then export CM_MLPERF_USER_CONF=${CM_MLPERF_RANGING_USER_CONF}; else export CM_MLPERF_USER_CONF=${CM_MLPERF_TESTING_USER_CONF}; fi && /home/arjun/CM/repos/ctuning@mlcommons-ck/cm-mlops/script/get-lib-armnn/run.out'
client 2023-07-19 22:23:04,155 [INFO] Sending command to the server: 'time'
client 2023-07-19 22:23:04,160 [INFO] Got response: '1689801783.995163'
client 2023-07-19 22:23:04,161 [INFO] The time difference between the client and the server is within range 160.105 ms..165.798 ms
client 2023-07-19 22:23:04,161 [INFO] Sending command to the server: 'session,2023-07-19_22-06-44,stop,testing'
client 2023-07-19 22:23:14,741 [INFO] Got response: 'OK'
client 2023-07-19 22:23:14,742 [INFO] Sending command to the server: 'time'
client 2023-07-19 22:23:14,745 [INFO] Got response: '1689801794.5846562'
client 2023-07-19 22:23:14,745 [INFO] The time difference between the client and the server is within range 157.382 ms..160.722 ms
client 2023-07-19 22:23:14,751 [INFO] Copying loadgen logs from '/home/arjun/mobilenet_results/valid_results/raspberrypi-tflite_armnn_cpp-cpu-armnn_tflite-v22.11-using_neon/mobilenet-v1-precision_uint8-0.25-192/singlestream/performance/run_1' to '/home/arjun/mobilenet_results/valid_results/raspberrypi-tflite_armnn_cpp-cpu-armnn_tflite-v22.11-using_neon/mobilenet-v1-precision_uint8-0.25-192/singlestream/performance/tmp_power/run_1'
client 2023-07-19 22:23:14,754 [INFO] Done runs
