client 2023-07-09 12:21:10,720 [INFO] Creating output directory '/home/arjun/mobilenet_results/valid_results/orin-tflite_cpp-cpu-tflite-vmaster-default_config/mobilenet-v1-precision_float-0.75-160/singlestream/performance/tmp_power'
client 2023-07-09 12:21:10,740 [INFO] Sending command to the server: 'mlcommons/power client v3'
client 2023-07-09 12:21:10,743 [INFO] Got response: 'mlcommons/power server v3'
client 2023-07-09 12:21:10,743 [INFO] Synchronizing with the server and with time.google.com...
client 2023-07-09 12:21:10,763 [INFO] NTP:offset = -0.000 s, delay = 0.016 s 
client 2023-07-09 12:21:10,763 [INFO] Sending command to the server: 'time'
client 2023-07-09 12:21:10,767 [INFO] Got response: '1688901670.766152'
client 2023-07-09 12:21:10,767 [INFO] The time difference between the client and the server is within range -2.173 ms..1.210 ms
client 2023-07-09 12:21:10,767 [INFO] Sending command to the server: 'new,,26533481-bd52-431b-b947-c5e2bdb90982'
client 2023-07-09 12:21:10,771 [INFO] Got response: 'OK 2023-07-09_11-21-10,5063078a-f74d-46ef-93b8-e4b7fabe6c61'
client 2023-07-09 12:21:10,771 [INFO] Session id is '2023-07-09_11-21-10'
client 2023-07-09 12:21:10,771 [INFO] Sources: {"sources": {"__init__.py": "da39a3ee5e6b4b0d3255bfef95601890afd80709", "client.py": "33ca4f26368777ac06e01f9567b714a4b8063886", "lib/__init__.py": "da39a3ee5e6b4b0d3255bfef95601890afd80709", "lib/client.py": "ac2aa093c8e8bbc9569b9e2a3471bc64e58a2258", "lib/common.py": "611d8b29633d331eb19c9455ea3b5fa3284ed6df", "lib/external/__init__.py": "da39a3ee5e6b4b0d3255bfef95601890afd80709", "lib/external/ntplib.py": "4da8f970656505a40483206ef2b5d3dd5e81711d", "lib/server.py": "c7af63c31bb2fbedea4345f571f6e3507d268ada", "lib/source_hashes.py": "60a2e02193209e8d392803326208d5466342da18", "lib/summary.py": "aa92f0a3f975eecd44d3c0cd0236342ccc9f941d", "lib/time_sync.py": "122eba67a9abc85635223e054def53be1367ade2", "server.py": "c3f90f2f7eeb4db30727556d0c815ebc89b3d28b", "tests/unit/__init__.py": "da39a3ee5e6b4b0d3255bfef95601890afd80709", "tests/unit/test_server.py": "948c1995d4008bc2aa6c4046a34ffa3858d6d671", "tests/unit/test_source_hashes.py": "00468a2907583c593e6574a1f6b404e4651c221a"}, "modules": {"ptd_client_server.lib.client": "lib/client.py", "ptd_client_server.lib.common": "lib/common.py", "ptd_client_server.lib.external.ntplib": "lib/external/ntplib.py", "ptd_client_server.lib.source_hashes": "lib/source_hashes.py", "ptd_client_server.lib.summary": "lib/summary.py", "ptd_client_server.lib.time_sync": "lib/time_sync.py"}}
client 2023-07-09 12:21:10,772 [INFO] Running workload in ranging mode
client 2023-07-09 12:21:10,772 [INFO] Synchronizing with the server and with time.google.com...
client 2023-07-09 12:21:10,786 [INFO] NTP:offset = -0.000 s, delay = 0.013 s 
client 2023-07-09 12:21:10,786 [INFO] Sending command to the server: 'time'
client 2023-07-09 12:21:10,789 [INFO] Got response: '1688901670.7886431'
client 2023-07-09 12:21:10,789 [INFO] The time difference between the client and the server is within range -2.307 ms..1.316 ms
client 2023-07-09 12:21:10,790 [INFO] Sending command to the server: 'session,2023-07-09_11-21-10,start,ranging'
client 2023-07-09 12:21:38,913 [INFO] Got response: 'OK'
client 2023-07-09 12:21:38,914 [INFO] Sending command to the server: 'time'
client 2023-07-09 12:21:38,918 [INFO] Got response: '1688901698.9164276'
client 2023-07-09 12:21:38,919 [INFO] The time difference between the client and the server is within range -2.012 ms..2.915 ms
client 2023-07-09 12:21:38,919 [INFO] Running the workload 'CM_MLPERF_RUN_COUNT=$(cat ${CM_RUN_DIR}/count.txt); echo ${CM_MLPERF_RUN_COUNT}; CM_MLPERF_RUN_COUNT=$((CM_MLPERF_RUN_COUNT+1)); echo ${CM_MLPERF_RUN_COUNT} > ${CM_RUN_DIR}/count.txt && if [ ${CM_MLPERF_RUN_COUNT} -eq "1" ]; then export CM_MLPERF_USER_CONF=${CM_MLPERF_RANGING_USER_CONF}; else export CM_MLPERF_USER_CONF=${CM_MLPERF_TESTING_USER_CONF}; fi && /home/arjun/run.out'
client 2023-07-09 12:26:44,849 [INFO] Sending command to the server: 'time'
client 2023-07-09 12:26:44,976 [INFO] Got response: '1688902004.975232'
client 2023-07-09 12:26:44,977 [INFO] The time difference between the client and the server is within range -125.732 ms..2.017 ms
client 2023-07-09 12:26:44,977 [INFO] Sending command to the server: 'session,2023-07-09_11-21-10,stop,ranging'
client 2023-07-09 12:26:55,971 [INFO] Got response: 'OK'
client 2023-07-09 12:26:55,972 [INFO] Sending command to the server: 'time'
client 2023-07-09 12:26:55,977 [INFO] Got response: '1688902015.975394'
client 2023-07-09 12:26:55,978 [INFO] The time difference between the client and the server is within range -2.483 ms..2.594 ms
client 2023-07-09 12:26:55,997 [INFO] Copying loadgen logs from '/home/arjun/mobilenet_results/valid_results/orin-tflite_cpp-cpu-tflite-vmaster-default_config/mobilenet-v1-precision_float-0.75-160/singlestream/performance/run_1' to '/home/arjun/mobilenet_results/valid_results/orin-tflite_cpp-cpu-tflite-vmaster-default_config/mobilenet-v1-precision_float-0.75-160/singlestream/performance/tmp_power/ranging'
client 2023-07-09 12:26:55,999 [INFO] Running workload in testing mode
client 2023-07-09 12:26:55,999 [INFO] Synchronizing with the server and with time.google.com...
client 2023-07-09 12:26:56,021 [INFO] NTP:offset = -0.000 s, delay = 0.017 s 
client 2023-07-09 12:26:56,022 [INFO] Sending command to the server: 'time'
client 2023-07-09 12:26:56,027 [INFO] Got response: '1688902016.0250795'
client 2023-07-09 12:26:56,027 [INFO] The time difference between the client and the server is within range -3.027 ms..2.391 ms
client 2023-07-09 12:26:56,027 [INFO] Sending command to the server: 'session,2023-07-09_11-21-10,start,testing'
client 2023-07-09 12:27:09,054 [INFO] Got response: 'OK'
client 2023-07-09 12:27:09,055 [INFO] Sending command to the server: 'time'
client 2023-07-09 12:27:09,059 [INFO] Got response: '1688902029.0582302'
client 2023-07-09 12:27:09,060 [INFO] The time difference between the client and the server is within range -3.061 ms..1.974 ms
client 2023-07-09 12:27:09,060 [INFO] Running the workload 'CM_MLPERF_RUN_COUNT=$(cat ${CM_RUN_DIR}/count.txt); echo ${CM_MLPERF_RUN_COUNT}; CM_MLPERF_RUN_COUNT=$((CM_MLPERF_RUN_COUNT+1)); echo ${CM_MLPERF_RUN_COUNT} > ${CM_RUN_DIR}/count.txt && if [ ${CM_MLPERF_RUN_COUNT} -eq "1" ]; then export CM_MLPERF_USER_CONF=${CM_MLPERF_RANGING_USER_CONF}; else export CM_MLPERF_USER_CONF=${CM_MLPERF_TESTING_USER_CONF}; fi && /home/arjun/run.out'
client 2023-07-09 12:37:20,429 [INFO] Sending command to the server: 'time'
client 2023-07-09 12:37:20,433 [INFO] Got response: '1688902640.4334452'
client 2023-07-09 12:37:20,433 [INFO] The time difference between the client and the server is within range -4.582 ms..0.100 ms
client 2023-07-09 12:37:20,433 [INFO] Sending command to the server: 'session,2023-07-09_11-21-10,stop,testing'
client 2023-07-09 12:37:31,104 [INFO] Got response: 'OK'
client 2023-07-09 12:37:31,105 [INFO] Sending command to the server: 'time'
client 2023-07-09 12:37:31,109 [INFO] Got response: '1688902651.1084116'
client 2023-07-09 12:37:31,110 [INFO] The time difference between the client and the server is within range -3.059 ms..1.574 ms
client 2023-07-09 12:37:31,114 [INFO] Copying loadgen logs from '/home/arjun/mobilenet_results/valid_results/orin-tflite_cpp-cpu-tflite-vmaster-default_config/mobilenet-v1-precision_float-0.75-160/singlestream/performance/run_1' to '/home/arjun/mobilenet_results/valid_results/orin-tflite_cpp-cpu-tflite-vmaster-default_config/mobilenet-v1-precision_float-0.75-160/singlestream/performance/tmp_power/run_1'
client 2023-07-09 12:37:31,117 [INFO] Done runs
