client 2023-07-15 19:31:26,756 [INFO] Creating output directory '/home/arjun/mobilenet_results/valid_results/raspberrypi-tflite_armnn_cpp-cpu-armnn_tflite-v23.05-using_neon/mobilenet-v1-precision_float-0.25-224/singlestream/performance/tmp_power'
client 2023-07-15 19:31:26,761 [INFO] Sending command to the server: 'mlcommons/power client v3'
client 2023-07-15 19:31:26,766 [INFO] Got response: 'mlcommons/power server v3'
client 2023-07-15 19:31:26,766 [INFO] Synchronizing with the server and with time.google.com...
client 2023-07-15 19:31:26,819 [INFO] NTP:offset = 0.000 s, delay = 0.021 s 
client 2023-07-15 19:31:26,820 [INFO] Sending command to the server: 'time'
client 2023-07-15 19:31:26,827 [INFO] Got response: '1689445886.6289027'
client 2023-07-15 19:31:26,828 [INFO] The time difference between the client and the server is within range 191.298 ms..199.203 ms
client 2023-07-15 19:31:26,828 [INFO] Sending command to the server: 'new,,4c121adf-6f96-48d9-9577-09a726e6d467'
client 2023-07-15 19:31:26,835 [INFO] Got response: 'OK 2023-07-15_19-31-26,d1c3885a-a570-49d8-a841-7a357824114a'
client 2023-07-15 19:31:26,835 [INFO] Session id is '2023-07-15_19-31-26'
client 2023-07-15 19:31:26,836 [INFO] Sources: {"sources": {"__init__.py": "da39a3ee5e6b4b0d3255bfef95601890afd80709", "client.py": "33ca4f26368777ac06e01f9567b714a4b8063886", "lib/__init__.py": "da39a3ee5e6b4b0d3255bfef95601890afd80709", "lib/client.py": "ac2aa093c8e8bbc9569b9e2a3471bc64e58a2258", "lib/common.py": "611d8b29633d331eb19c9455ea3b5fa3284ed6df", "lib/external/__init__.py": "da39a3ee5e6b4b0d3255bfef95601890afd80709", "lib/external/ntplib.py": "4da8f970656505a40483206ef2b5d3dd5e81711d", "lib/server.py": "c7af63c31bb2fbedea4345f571f6e3507d268ada", "lib/source_hashes.py": "60a2e02193209e8d392803326208d5466342da18", "lib/summary.py": "aa92f0a3f975eecd44d3c0cd0236342ccc9f941d", "lib/time_sync.py": "122eba67a9abc85635223e054def53be1367ade2", "server.py": "c3f90f2f7eeb4db30727556d0c815ebc89b3d28b", "tests/unit/__init__.py": "da39a3ee5e6b4b0d3255bfef95601890afd80709", "tests/unit/test_server.py": "948c1995d4008bc2aa6c4046a34ffa3858d6d671", "tests/unit/test_source_hashes.py": "00468a2907583c593e6574a1f6b404e4651c221a"}, "modules": {"ptd_client_server.lib.client": "lib/client.py", "ptd_client_server.lib.common": "lib/common.py", "ptd_client_server.lib.external.ntplib": "lib/external/ntplib.py", "ptd_client_server.lib.source_hashes": "lib/source_hashes.py", "ptd_client_server.lib.summary": "lib/summary.py", "ptd_client_server.lib.time_sync": "lib/time_sync.py"}}
client 2023-07-15 19:31:26,837 [INFO] Running workload in ranging mode
client 2023-07-15 19:31:26,837 [INFO] Synchronizing with the server and with time.google.com...
client 2023-07-15 19:31:26,875 [INFO] NTP:offset = -0.001 s, delay = 0.020 s 
client 2023-07-15 19:31:26,876 [INFO] Sending command to the server: 'time'
client 2023-07-15 19:31:26,880 [INFO] Got response: '1689445886.680444'
client 2023-07-15 19:31:26,880 [INFO] The time difference between the client and the server is within range 195.800 ms..200.354 ms
client 2023-07-15 19:31:26,881 [WARNING] The time difference between the client and the server is more than 200 ms
client 2023-07-15 19:31:26,881 [INFO] Sending command to the server: 'set_ntp'
client 2023-07-15 19:31:27,922 [INFO] Got response: 'OK'
client 2023-07-15 19:31:27,922 [INFO] Synchronizing with time.google.com time using NTP...
client 2023-07-15 19:31:36,491 [INFO] Set system time at 2023-07-15 19:31:36.491645
client 2023-07-15 19:31:36,526 [INFO] NTP:offset = -0.001 s, delay = 0.016 s 
client 2023-07-15 19:31:36,526 [INFO] Sending command to the server: 'time'
client 2023-07-15 19:31:36,531 [INFO] Got response: '1689445896.520813'
client 2023-07-15 19:31:36,531 [INFO] The time difference between the client and the server is within range 5.713 ms..11.059 ms
client 2023-07-15 19:31:36,532 [INFO] Sending command to the server: 'session,2023-07-15_19-31-26,start,ranging'
client 2023-07-15 19:32:05,246 [INFO] Got response: 'OK'
client 2023-07-15 19:32:05,246 [INFO] Sending command to the server: 'time'
client 2023-07-15 19:32:05,250 [INFO] Got response: '1689445925.2506185'
client 2023-07-15 19:32:05,251 [INFO] The time difference between the client and the server is within range -3.768 ms..0.480 ms
client 2023-07-15 19:32:05,251 [INFO] Running the workload 'CM_MLPERF_RUN_COUNT=$(cat ${CM_RUN_DIR}/count.txt); echo ${CM_MLPERF_RUN_COUNT}; CM_MLPERF_RUN_COUNT=$((CM_MLPERF_RUN_COUNT+1)); echo ${CM_MLPERF_RUN_COUNT} > ${CM_RUN_DIR}/count.txt && if [ ${CM_MLPERF_RUN_COUNT} -eq "1" ]; then export CM_MLPERF_USER_CONF=${CM_MLPERF_RANGING_USER_CONF}; else export CM_MLPERF_USER_CONF=${CM_MLPERF_TESTING_USER_CONF}; fi && /home/arjun/run.out'
client 2023-07-15 19:37:12,430 [INFO] Sending command to the server: 'time'
client 2023-07-15 19:37:12,436 [INFO] Got response: '1689446232.4291098'
client 2023-07-15 19:37:12,437 [INFO] The time difference between the client and the server is within range 1.642 ms..7.863 ms
client 2023-07-15 19:37:12,437 [INFO] Sending command to the server: 'session,2023-07-15_19-31-26,stop,ranging'
client 2023-07-15 19:37:23,546 [INFO] Got response: 'OK'
client 2023-07-15 19:37:23,546 [INFO] Sending command to the server: 'time'
client 2023-07-15 19:37:23,550 [INFO] Got response: '1689446243.5441656'
client 2023-07-15 19:37:23,550 [INFO] The time difference between the client and the server is within range 2.524 ms..6.638 ms
client 2023-07-15 19:37:23,584 [INFO] Copying loadgen logs from '/home/arjun/mobilenet_results/valid_results/raspberrypi-tflite_armnn_cpp-cpu-armnn_tflite-v23.05-using_neon/mobilenet-v1-precision_float-0.25-224/singlestream/performance/run_1' to '/home/arjun/mobilenet_results/valid_results/raspberrypi-tflite_armnn_cpp-cpu-armnn_tflite-v23.05-using_neon/mobilenet-v1-precision_float-0.25-224/singlestream/performance/tmp_power/ranging'
client 2023-07-15 19:37:23,587 [INFO] Running workload in testing mode
client 2023-07-15 19:37:23,588 [INFO] Synchronizing with the server and with time.google.com...
client 2023-07-15 19:37:23,620 [INFO] NTP:offset = 0.001 s, delay = 0.014 s 
client 2023-07-15 19:37:23,620 [INFO] Sending command to the server: 'time'
client 2023-07-15 19:37:23,625 [INFO] Got response: '1689446243.618505'
client 2023-07-15 19:37:23,625 [INFO] The time difference between the client and the server is within range 2.130 ms..6.932 ms
client 2023-07-15 19:37:23,625 [INFO] Sending command to the server: 'session,2023-07-15_19-31-26,start,testing'
client 2023-07-15 19:37:36,671 [INFO] Got response: 'OK'
client 2023-07-15 19:37:36,672 [INFO] Sending command to the server: 'time'
client 2023-07-15 19:37:36,677 [INFO] Got response: '1689446256.668586'
client 2023-07-15 19:37:36,678 [INFO] The time difference between the client and the server is within range 3.732 ms..9.473 ms
client 2023-07-15 19:37:36,678 [INFO] Running the workload 'CM_MLPERF_RUN_COUNT=$(cat ${CM_RUN_DIR}/count.txt); echo ${CM_MLPERF_RUN_COUNT}; CM_MLPERF_RUN_COUNT=$((CM_MLPERF_RUN_COUNT+1)); echo ${CM_MLPERF_RUN_COUNT} > ${CM_RUN_DIR}/count.txt && if [ ${CM_MLPERF_RUN_COUNT} -eq "1" ]; then export CM_MLPERF_USER_CONF=${CM_MLPERF_RANGING_USER_CONF}; else export CM_MLPERF_USER_CONF=${CM_MLPERF_TESTING_USER_CONF}; fi && /home/arjun/run.out'
client 2023-07-15 19:47:50,963 [INFO] Sending command to the server: 'time'
client 2023-07-15 19:47:51,016 [INFO] Got response: '1689446870.9977038'
client 2023-07-15 19:47:51,016 [INFO] The time difference between the client and the server is within range -34.287 ms..18.722 ms
client 2023-07-15 19:47:51,016 [INFO] Sending command to the server: 'session,2023-07-15_19-31-26,stop,testing'
client 2023-07-15 19:48:01,743 [INFO] Got response: 'OK'
client 2023-07-15 19:48:01,743 [INFO] Sending command to the server: 'time'
client 2023-07-15 19:48:01,748 [INFO] Got response: '1689446881.7330174'
client 2023-07-15 19:48:01,748 [INFO] The time difference between the client and the server is within range 10.511 ms..15.465 ms
client 2023-07-15 19:48:01,754 [INFO] Copying loadgen logs from '/home/arjun/mobilenet_results/valid_results/raspberrypi-tflite_armnn_cpp-cpu-armnn_tflite-v23.05-using_neon/mobilenet-v1-precision_float-0.25-224/singlestream/performance/run_1' to '/home/arjun/mobilenet_results/valid_results/raspberrypi-tflite_armnn_cpp-cpu-armnn_tflite-v23.05-using_neon/mobilenet-v1-precision_float-0.25-224/singlestream/performance/tmp_power/run_1'
client 2023-07-15 19:48:01,757 [INFO] Done runs
