client 2023-07-11 23:26:28,019 [INFO] Creating output directory '/home/arjun/mobilenet_results/valid_results/orin-tflite_armnn_cpp-cpu-armnn_tflite-v22.11-using_neon/mobilenet-v2-precision_uint8-0.35-160/singlestream/performance/tmp_power'
client 2023-07-11 23:26:28,022 [INFO] Sending command to the server: 'mlcommons/power client v3'
client 2023-07-11 23:26:28,025 [INFO] Got response: 'mlcommons/power server v3'
client 2023-07-11 23:26:28,025 [INFO] Synchronizing with the server and with time.google.com...
client 2023-07-11 23:26:28,056 [INFO] NTP:offset = -0.005 s, delay = 0.015 s 
client 2023-07-11 23:26:28,057 [INFO] Sending command to the server: 'time'
client 2023-07-11 23:26:28,060 [INFO] Got response: '1689114387.914788'
client 2023-07-11 23:26:28,060 [INFO] The time difference between the client and the server is within range 142.211 ms..145.337 ms
client 2023-07-11 23:26:28,060 [INFO] Sending command to the server: 'new,,21ea5fd0-a6c2-4f5f-845e-1e5e0f43c7da'
client 2023-07-11 23:26:28,062 [INFO] Got response: 'OK 2023-07-11_23-26-27,03c718c4-aa21-483e-b70e-ff597031b08c'
client 2023-07-11 23:26:28,063 [INFO] Session id is '2023-07-11_23-26-27'
client 2023-07-11 23:26:28,063 [INFO] Sources: {"sources": {"__init__.py": "da39a3ee5e6b4b0d3255bfef95601890afd80709", "client.py": "33ca4f26368777ac06e01f9567b714a4b8063886", "lib/__init__.py": "da39a3ee5e6b4b0d3255bfef95601890afd80709", "lib/client.py": "ac2aa093c8e8bbc9569b9e2a3471bc64e58a2258", "lib/common.py": "611d8b29633d331eb19c9455ea3b5fa3284ed6df", "lib/external/__init__.py": "da39a3ee5e6b4b0d3255bfef95601890afd80709", "lib/external/ntplib.py": "4da8f970656505a40483206ef2b5d3dd5e81711d", "lib/server.py": "c7af63c31bb2fbedea4345f571f6e3507d268ada", "lib/source_hashes.py": "60a2e02193209e8d392803326208d5466342da18", "lib/summary.py": "aa92f0a3f975eecd44d3c0cd0236342ccc9f941d", "lib/time_sync.py": "122eba67a9abc85635223e054def53be1367ade2", "server.py": "c3f90f2f7eeb4db30727556d0c815ebc89b3d28b", "tests/unit/__init__.py": "da39a3ee5e6b4b0d3255bfef95601890afd80709", "tests/unit/test_server.py": "948c1995d4008bc2aa6c4046a34ffa3858d6d671", "tests/unit/test_source_hashes.py": "00468a2907583c593e6574a1f6b404e4651c221a"}, "modules": {"ptd_client_server.lib.client": "lib/client.py", "ptd_client_server.lib.common": "lib/common.py", "ptd_client_server.lib.external.ntplib": "lib/external/ntplib.py", "ptd_client_server.lib.source_hashes": "lib/source_hashes.py", "ptd_client_server.lib.summary": "lib/summary.py", "ptd_client_server.lib.time_sync": "lib/time_sync.py"}}
client 2023-07-11 23:26:28,063 [INFO] Running workload in ranging mode
client 2023-07-11 23:26:28,063 [INFO] Synchronizing with the server and with time.google.com...
client 2023-07-11 23:26:28,081 [INFO] NTP:offset = -0.007 s, delay = 0.017 s 
client 2023-07-11 23:26:28,081 [INFO] Sending command to the server: 'time'
client 2023-07-11 23:26:28,083 [INFO] Got response: '1689114387.9448023'
client 2023-07-11 23:26:28,084 [INFO] The time difference between the client and the server is within range 136.758 ms..139.248 ms
client 2023-07-11 23:26:28,084 [INFO] Sending command to the server: 'session,2023-07-11_23-26-27,start,ranging'
client 2023-07-11 23:26:56,689 [INFO] Got response: 'OK'
client 2023-07-11 23:26:56,690 [INFO] Sending command to the server: 'time'
client 2023-07-11 23:26:56,694 [INFO] Got response: '1689114416.5530834'
client 2023-07-11 23:26:56,694 [INFO] The time difference between the client and the server is within range 137.245 ms..141.361 ms
client 2023-07-11 23:26:56,694 [INFO] Running the workload 'CM_MLPERF_RUN_COUNT=$(cat ${CM_RUN_DIR}/count.txt); echo ${CM_MLPERF_RUN_COUNT}; CM_MLPERF_RUN_COUNT=$((CM_MLPERF_RUN_COUNT+1)); echo ${CM_MLPERF_RUN_COUNT} > ${CM_RUN_DIR}/count.txt && if [ ${CM_MLPERF_RUN_COUNT} -eq "1" ]; then export CM_MLPERF_USER_CONF=${CM_MLPERF_RANGING_USER_CONF}; else export CM_MLPERF_USER_CONF=${CM_MLPERF_TESTING_USER_CONF}; fi && /home/arjun/run.out'
client 2023-07-11 23:31:58,315 [INFO] Sending command to the server: 'time'
client 2023-07-11 23:31:58,318 [INFO] Got response: '1689114718.1702454'
client 2023-07-11 23:31:58,318 [INFO] The time difference between the client and the server is within range 144.678 ms..148.258 ms
client 2023-07-11 23:31:58,318 [INFO] Sending command to the server: 'session,2023-07-11_23-26-27,stop,ranging'
client 2023-07-11 23:32:09,006 [INFO] Got response: 'OK'
client 2023-07-11 23:32:09,007 [INFO] Sending command to the server: 'time'
client 2023-07-11 23:32:09,012 [INFO] Got response: '1689114728.8636084'
client 2023-07-11 23:32:09,012 [INFO] The time difference between the client and the server is within range 143.667 ms..148.818 ms
client 2023-07-11 23:32:09,029 [INFO] Copying loadgen logs from '/home/arjun/mobilenet_results/valid_results/orin-tflite_armnn_cpp-cpu-armnn_tflite-v22.11-using_neon/mobilenet-v2-precision_uint8-0.35-160/singlestream/performance/run_1' to '/home/arjun/mobilenet_results/valid_results/orin-tflite_armnn_cpp-cpu-armnn_tflite-v22.11-using_neon/mobilenet-v2-precision_uint8-0.35-160/singlestream/performance/tmp_power/ranging'
client 2023-07-11 23:32:09,030 [INFO] Running workload in testing mode
client 2023-07-11 23:32:09,031 [INFO] Synchronizing with the server and with time.google.com...
client 2023-07-11 23:32:09,173 [INFO] NTP:offset = -0.067 s, delay = 0.137 s 
client 2023-07-11 23:32:09,173 [INFO] Sending command to the server: 'time'
client 2023-07-11 23:32:09,178 [INFO] Got response: '1689114729.0245845'
client 2023-07-11 23:32:09,179 [INFO] The time difference between the client and the server is within range 149.149 ms..154.375 ms
client 2023-07-11 23:32:09,179 [INFO] Sending command to the server: 'session,2023-07-11_23-26-27,start,testing'
client 2023-07-11 23:32:22,208 [INFO] Got response: 'OK'
client 2023-07-11 23:32:22,208 [INFO] Sending command to the server: 'time'
client 2023-07-11 23:32:22,213 [INFO] Got response: '1689114742.0624847'
client 2023-07-11 23:32:22,214 [INFO] The time difference between the client and the server is within range 146.306 ms..151.622 ms
client 2023-07-11 23:32:22,214 [INFO] Running the workload 'CM_MLPERF_RUN_COUNT=$(cat ${CM_RUN_DIR}/count.txt); echo ${CM_MLPERF_RUN_COUNT}; CM_MLPERF_RUN_COUNT=$((CM_MLPERF_RUN_COUNT+1)); echo ${CM_MLPERF_RUN_COUNT} > ${CM_RUN_DIR}/count.txt && if [ ${CM_MLPERF_RUN_COUNT} -eq "1" ]; then export CM_MLPERF_USER_CONF=${CM_MLPERF_RANGING_USER_CONF}; else export CM_MLPERF_USER_CONF=${CM_MLPERF_TESTING_USER_CONF}; fi && /home/arjun/run.out'
client 2023-07-11 23:42:25,115 [INFO] Sending command to the server: 'time'
client 2023-07-11 23:42:25,118 [INFO] Got response: '1689115344.9805737'
client 2023-07-11 23:42:25,118 [INFO] The time difference between the client and the server is within range 134.753 ms..138.052 ms
client 2023-07-11 23:42:25,118 [INFO] Sending command to the server: 'session,2023-07-11_23-26-27,stop,testing'
client 2023-07-11 23:42:35,379 [INFO] Got response: 'OK'
client 2023-07-11 23:42:35,380 [INFO] Sending command to the server: 'time'
client 2023-07-11 23:42:35,384 [INFO] Got response: '1689115355.2381742'
client 2023-07-11 23:42:35,384 [INFO] The time difference between the client and the server is within range 142.261 ms..146.607 ms
client 2023-07-11 23:42:35,389 [INFO] Copying loadgen logs from '/home/arjun/mobilenet_results/valid_results/orin-tflite_armnn_cpp-cpu-armnn_tflite-v22.11-using_neon/mobilenet-v2-precision_uint8-0.35-160/singlestream/performance/run_1' to '/home/arjun/mobilenet_results/valid_results/orin-tflite_armnn_cpp-cpu-armnn_tflite-v22.11-using_neon/mobilenet-v2-precision_uint8-0.35-160/singlestream/performance/tmp_power/run_1'
client 2023-07-11 23:42:35,392 [INFO] Done runs
