client 2023-08-11 22:36:09,526 [INFO] Sending command to the server: 'mlcommons/power client v3'
client 2023-08-11 22:36:09,530 [INFO] Got response: 'mlcommons/power server v3'
client 2023-08-11 22:36:09,530 [INFO] Sending command to the server: 'stop'
client 2023-08-11 22:36:09,534 [INFO] Got response: 'OK'
client 2023-08-11 22:36:09,534 [INFO] Synchronizing with the server and with ib-01.dc4-in.nvidia.com...
client 2023-08-11 22:36:09,767 [INFO] NTP:offset = 0.000 s, delay = 0.216 s 
client 2023-08-11 22:36:09,767 [INFO] Sending command to the server: 'time'
client 2023-08-11 22:36:09,772 [INFO] Got response: '1691793369.770773'
client 2023-08-11 22:36:09,772 [INFO] The time difference between the client and the server is within range -2.945 ms..1.484 ms
client 2023-08-11 22:36:09,772 [INFO] Sending command to the server: 'new,,60259bc9-be8a-41fa-98bc-fc6b5907c27e'
client 2023-08-11 22:36:09,777 [INFO] Got response: 'OK 2023-08-11_15-36-09,e72856e3-e1fa-401c-a436-42cd26062a22'
client 2023-08-11 22:36:09,777 [INFO] Session id is '2023-08-11_15-36-09'
client 2023-08-11 22:36:09,777 [INFO] Sources: {"sources": {"__init__.py": "da39a3ee5e6b4b0d3255bfef95601890afd80709", "client.py": "33ca4f26368777ac06e01f9567b714a4b8063886", "lib/__init__.py": "da39a3ee5e6b4b0d3255bfef95601890afd80709", "lib/client.py": "ac2aa093c8e8bbc9569b9e2a3471bc64e58a2258", "lib/common.py": "611d8b29633d331eb19c9455ea3b5fa3284ed6df", "lib/external/__init__.py": "da39a3ee5e6b4b0d3255bfef95601890afd80709", "lib/external/ntplib.py": "4da8f970656505a40483206ef2b5d3dd5e81711d", "lib/server.py": "c7af63c31bb2fbedea4345f571f6e3507d268ada", "lib/source_hashes.py": "60a2e02193209e8d392803326208d5466342da18", "lib/summary.py": "aa92f0a3f975eecd44d3c0cd0236342ccc9f941d", "lib/time_sync.py": "122eba67a9abc85635223e054def53be1367ade2", "server.py": "c3f90f2f7eeb4db30727556d0c815ebc89b3d28b", "tests/unit/__init__.py": "da39a3ee5e6b4b0d3255bfef95601890afd80709", "tests/unit/test_server.py": "948c1995d4008bc2aa6c4046a34ffa3858d6d671", "tests/unit/test_source_hashes.py": "00468a2907583c593e6574a1f6b404e4651c221a"}, "modules": {"ptd_client_server.lib.client": "lib/client.py", "ptd_client_server.lib.common": "lib/common.py", "ptd_client_server.lib.external.ntplib": "lib/external/ntplib.py", "ptd_client_server.lib.source_hashes": "lib/source_hashes.py", "ptd_client_server.lib.summary": "lib/summary.py", "ptd_client_server.lib.time_sync": "lib/time_sync.py"}}
client 2023-08-11 22:36:09,787 [INFO] Running workload in ranging mode
client 2023-08-11 22:36:09,787 [INFO] Synchronizing with the server and with ib-01.dc4-in.nvidia.com...
client 2023-08-11 22:36:10,010 [INFO] NTP:offset = 0.000 s, delay = 0.216 s 
client 2023-08-11 22:36:10,010 [INFO] Sending command to the server: 'time'
client 2023-08-11 22:36:10,014 [INFO] Got response: '1691793370.013543'
client 2023-08-11 22:36:10,014 [INFO] The time difference between the client and the server is within range -2.908 ms..1.148 ms
client 2023-08-11 22:36:10,014 [INFO] Sending command to the server: 'session,2023-08-11_15-36-09,start,ranging'
client 2023-08-11 22:36:38,127 [INFO] Got response: 'OK'
client 2023-08-11 22:36:38,127 [INFO] Sending command to the server: 'time'
client 2023-08-11 22:36:38,132 [INFO] Got response: '1691793398.1309235'
client 2023-08-11 22:36:38,132 [INFO] The time difference between the client and the server is within range -3.048 ms..1.515 ms
client 2023-08-11 22:36:38,132 [INFO] Running the workload 'LOG_DIR=/work/build/power_logs_temp python3.8 -m code.main --benchmarks=resnet50 --scenarios=SingleStream --test_mode=PerformanceOnly --config_ver=maxq --action="run_harness" \\\n\t\t2>&1 | tee -a /work/build/power_logs/2023.08.11-22.35.20/stdout.txt \\\n\t\t&& if [ ! -d /work/build/power_logs/2023.08.11-22.35.20/ranging_tmp ]; \\\n\t\t\tthen mkdir /work/build/power_logs/2023.08.11-22.35.20/ranging_tmp \\\n\t\t\t\t&& mv /work/build/power_logs_temp/* /work/build/power_logs/2023.08.11-22.35.20/ranging_tmp/ \\\n\t\t\t\t&& cp -v /work/build/power_logs/2023.08.11-22.35.20/ranging_tmp/*/*/*/mlperf_log_detail.txt /work/build/power_logs_temp/ \\\n\t\t\t\t&& cp -v /work/build/power_logs/2023.08.11-22.35.20/ranging_tmp/*/*/*/mlperf_log_summary.txt /work/build/power_logs_temp/; \\\n\t\t\telse mkdir /work/build/power_logs/2023.08.11-22.35.20/testing_tmp \\\n\t\t\t\t&& mv /work/build/power_logs_temp/* /work/build/power_logs/2023.08.11-22.35.20/testing_tmp/ \\\n\t\t\t\t&& cp -v /work/build/power_logs/2023.08.11-22.35.20/testing_tmp/*/*/*/mlperf_log_detail.txt /work/build/power_logs_temp/ \\\n\t\t\t\t&& cp -v /work/build/power_logs/2023.08.11-22.35.20/testing_tmp/*/*/*/mlperf_log_summary.txt /work/build/power_logs_temp/; fi'
client 2023-08-11 22:47:19,186 [INFO] Sending command to the server: 'time'
client 2023-08-11 22:47:19,189 [INFO] Got response: '1691794039.1892028'
client 2023-08-11 22:47:19,189 [INFO] The time difference between the client and the server is within range -3.268 ms..0.701 ms
client 2023-08-11 22:47:19,190 [INFO] Sending command to the server: 'session,2023-08-11_15-36-09,stop,ranging'
client 2023-08-11 22:47:30,189 [INFO] Got response: 'OK'
client 2023-08-11 22:47:30,190 [INFO] Sending command to the server: 'time'
client 2023-08-11 22:47:30,194 [INFO] Got response: '1691794050.1935415'
client 2023-08-11 22:47:30,194 [INFO] The time difference between the client and the server is within range -3.157 ms..0.918 ms
client 2023-08-11 22:47:30,235 [INFO] Copying loadgen logs from '/work/build/power_logs_temp' to '/work/build/power_logs/2023.08.11-22.35.20/2023-08-11_15-36-09/ranging'
client 2023-08-11 22:47:30,275 [INFO] Running workload in testing mode
client 2023-08-11 22:47:30,275 [INFO] Synchronizing with the server and with ib-01.dc4-in.nvidia.com...
client 2023-08-11 22:47:30,501 [INFO] NTP:offset = 0.000 s, delay = 0.216 s 
client 2023-08-11 22:47:30,501 [INFO] Sending command to the server: 'time'
client 2023-08-11 22:47:30,508 [INFO] Got response: '1691794050.505308'
client 2023-08-11 22:47:30,508 [INFO] The time difference between the client and the server is within range -3.599 ms..3.123 ms
client 2023-08-11 22:47:30,508 [INFO] Sending command to the server: 'session,2023-08-11_15-36-09,start,testing'
client 2023-08-11 22:47:43,536 [INFO] Got response: 'OK'
client 2023-08-11 22:47:43,536 [INFO] Sending command to the server: 'time'
client 2023-08-11 22:47:43,540 [INFO] Got response: '1691794063.5396745'
client 2023-08-11 22:47:43,541 [INFO] The time difference between the client and the server is within range -2.990 ms..1.509 ms
client 2023-08-11 22:47:43,541 [INFO] Running the workload 'LOG_DIR=/work/build/power_logs_temp python3.8 -m code.main --benchmarks=resnet50 --scenarios=SingleStream --test_mode=PerformanceOnly --config_ver=maxq --action="run_harness" \\\n\t\t2>&1 | tee -a /work/build/power_logs/2023.08.11-22.35.20/stdout.txt \\\n\t\t&& if [ ! -d /work/build/power_logs/2023.08.11-22.35.20/ranging_tmp ]; \\\n\t\t\tthen mkdir /work/build/power_logs/2023.08.11-22.35.20/ranging_tmp \\\n\t\t\t\t&& mv /work/build/power_logs_temp/* /work/build/power_logs/2023.08.11-22.35.20/ranging_tmp/ \\\n\t\t\t\t&& cp -v /work/build/power_logs/2023.08.11-22.35.20/ranging_tmp/*/*/*/mlperf_log_detail.txt /work/build/power_logs_temp/ \\\n\t\t\t\t&& cp -v /work/build/power_logs/2023.08.11-22.35.20/ranging_tmp/*/*/*/mlperf_log_summary.txt /work/build/power_logs_temp/; \\\n\t\t\telse mkdir /work/build/power_logs/2023.08.11-22.35.20/testing_tmp \\\n\t\t\t\t&& mv /work/build/power_logs_temp/* /work/build/power_logs/2023.08.11-22.35.20/testing_tmp/ \\\n\t\t\t\t&& cp -v /work/build/power_logs/2023.08.11-22.35.20/testing_tmp/*/*/*/mlperf_log_detail.txt /work/build/power_logs_temp/ \\\n\t\t\t\t&& cp -v /work/build/power_logs/2023.08.11-22.35.20/testing_tmp/*/*/*/mlperf_log_summary.txt /work/build/power_logs_temp/; fi'
client 2023-08-11 22:58:11,365 [INFO] Sending command to the server: 'time'
client 2023-08-11 22:58:11,369 [INFO] Got response: '1691794691.3685656'
client 2023-08-11 22:58:11,369 [INFO] The time difference between the client and the server is within range -3.067 ms..1.077 ms
client 2023-08-11 22:58:11,369 [INFO] Sending command to the server: 'session,2023-08-11_15-36-09,stop,testing'
client 2023-08-11 22:58:21,585 [INFO] Got response: 'OK'
client 2023-08-11 22:58:21,586 [INFO] Sending command to the server: 'time'
client 2023-08-11 22:58:21,590 [INFO] Got response: '1691794701.5892406'
client 2023-08-11 22:58:21,591 [INFO] The time difference between the client and the server is within range -2.634 ms..1.685 ms
client 2023-08-11 22:58:21,611 [INFO] Copying loadgen logs from '/work/build/power_logs_temp' to '/work/build/power_logs/2023.08.11-22.35.20/2023-08-11_15-36-09/run_1'
client 2023-08-11 22:58:21,649 [INFO] Done runs
