client 2023-07-30 16:35:20,856 [INFO] Sending command to the server: 'mlcommons/power client v3'
client 2023-07-30 16:35:20,857 [INFO] Got response: 'mlcommons/power server v3'
client 2023-07-30 16:35:20,857 [INFO] Sending command to the server: 'stop'
client 2023-07-30 16:35:20,857 [INFO] Got response: 'OK'
client 2023-07-30 16:35:20,857 [INFO] Synchronizing with the server and with 192.168.123.123...
client 2023-07-30 16:35:20,859 [INFO] NTP:offset = 0.000 s, delay = 0.000 s 
client 2023-07-30 16:35:20,859 [INFO] Sending command to the server: 'time'
client 2023-07-30 16:35:20,860 [INFO] Got response: '1690734920.8601215'
client 2023-07-30 16:35:20,860 [INFO] The time difference between the client and the server is within range -0.136 ms..0.193 ms
client 2023-07-30 16:35:20,860 [INFO] Sending command to the server: 'new,,b8496d41-d8cf-4bdf-bd4a-fe60978e121b'
client 2023-07-30 16:35:20,861 [INFO] Got response: 'OK 2023-07-30_16-35-20,edb83c4e-aec3-49a8-8f36-0d2b2ed362c9'
client 2023-07-30 16:35:20,861 [INFO] Session id is '2023-07-30_16-35-20'
client 2023-07-30 16:35:20,861 [INFO] Sources: {"sources": {"__init__.py": "da39a3ee5e6b4b0d3255bfef95601890afd80709", "client.py": "33ca4f26368777ac06e01f9567b714a4b8063886", "lib/__init__.py": "da39a3ee5e6b4b0d3255bfef95601890afd80709", "lib/client.py": "ac2aa093c8e8bbc9569b9e2a3471bc64e58a2258", "lib/common.py": "611d8b29633d331eb19c9455ea3b5fa3284ed6df", "lib/external/__init__.py": "da39a3ee5e6b4b0d3255bfef95601890afd80709", "lib/external/ntplib.py": "4da8f970656505a40483206ef2b5d3dd5e81711d", "lib/server.py": "c7af63c31bb2fbedea4345f571f6e3507d268ada", "lib/source_hashes.py": "60a2e02193209e8d392803326208d5466342da18", "lib/summary.py": "aa92f0a3f975eecd44d3c0cd0236342ccc9f941d", "lib/time_sync.py": "122eba67a9abc85635223e054def53be1367ade2", "server.py": "c3f90f2f7eeb4db30727556d0c815ebc89b3d28b", "tests/unit/__init__.py": "da39a3ee5e6b4b0d3255bfef95601890afd80709", "tests/unit/test_server.py": "948c1995d4008bc2aa6c4046a34ffa3858d6d671", "tests/unit/test_source_hashes.py": "00468a2907583c593e6574a1f6b404e4651c221a"}, "modules": {"ptd_client_server.lib.client": "lib/client.py", "ptd_client_server.lib.common": "lib/common.py", "ptd_client_server.lib.external.ntplib": "lib/external/ntplib.py", "ptd_client_server.lib.source_hashes": "lib/source_hashes.py", "ptd_client_server.lib.summary": "lib/summary.py", "ptd_client_server.lib.time_sync": "lib/time_sync.py"}}
client 2023-07-30 16:35:20,861 [INFO] Running workload in ranging mode
client 2023-07-30 16:35:20,861 [INFO] Synchronizing with the server and with 192.168.123.123...
client 2023-07-30 16:35:20,862 [INFO] NTP:offset = 0.000 s, delay = 0.000 s 
client 2023-07-30 16:35:20,862 [INFO] Sending command to the server: 'time'
client 2023-07-30 16:35:20,862 [INFO] Got response: '1690734920.86237'
client 2023-07-30 16:35:20,862 [INFO] The time difference between the client and the server is within range -0.082 ms..0.146 ms
client 2023-07-30 16:35:20,862 [INFO] Sending command to the server: 'session,2023-07-30_16-35-20,start,ranging'
client 2023-07-30 16:35:59,516 [INFO] Got response: 'OK'
client 2023-07-30 16:35:59,516 [INFO] Sending command to the server: 'time'
client 2023-07-30 16:35:59,516 [INFO] Got response: '1690734959.5164404'
client 2023-07-30 16:35:59,516 [INFO] The time difference between the client and the server is within range -0.204 ms..0.160 ms
client 2023-07-30 16:35:59,516 [INFO] Running the workload 'LOG_DIR=/work/build/power_logs_temp python3.8 -m code.main --benchmarks=retinanet --scenarios=Offline --config_ver=maxq_default --test_mode=PerformanceOnly --action="run_harness" \\\n\t\t2>&1 | tee -a /work/build/power_logs/2023.07.30-16.34.38/stdout.txt \\\n\t\t&& if [ ! -d /work/build/power_logs/2023.07.30-16.34.38/ranging_tmp ]; \\\n\t\t\tthen mkdir /work/build/power_logs/2023.07.30-16.34.38/ranging_tmp \\\n\t\t\t\t&& mv /work/build/power_logs_temp/* /work/build/power_logs/2023.07.30-16.34.38/ranging_tmp/ \\\n\t\t\t\t&& cp -v /work/build/power_logs/2023.07.30-16.34.38/ranging_tmp/*/*/*/mlperf_log_detail.txt /work/build/power_logs_temp/ \\\n\t\t\t\t&& cp -v /work/build/power_logs/2023.07.30-16.34.38/ranging_tmp/*/*/*/mlperf_log_summary.txt /work/build/power_logs_temp/; \\\n\t\t\telse mkdir /work/build/power_logs/2023.07.30-16.34.38/testing_tmp \\\n\t\t\t\t&& mv /work/build/power_logs_temp/* /work/build/power_logs/2023.07.30-16.34.38/testing_tmp/ \\\n\t\t\t\t&& cp -v /work/build/power_logs/2023.07.30-16.34.38/testing_tmp/*/*/*/mlperf_log_detail.txt /work/build/power_logs_temp/ \\\n\t\t\t\t&& cp -v /work/build/power_logs/2023.07.30-16.34.38/testing_tmp/*/*/*/mlperf_log_summary.txt /work/build/power_logs_temp/; fi'
client 2023-07-30 16:47:02,566 [INFO] Sending command to the server: 'time'
client 2023-07-30 16:47:02,567 [INFO] Got response: '1690735622.566592'
client 2023-07-30 16:47:02,567 [INFO] The time difference between the client and the server is within range -0.372 ms..0.476 ms
client 2023-07-30 16:47:02,567 [INFO] Sending command to the server: 'session,2023-07-30_16-35-20,stop,ranging'
client 2023-07-30 16:47:13,574 [INFO] Got response: 'OK'
client 2023-07-30 16:47:13,574 [INFO] Sending command to the server: 'time'
client 2023-07-30 16:47:13,574 [INFO] Got response: '1690735633.5742998'
client 2023-07-30 16:47:13,574 [INFO] The time difference between the client and the server is within range 0.101 ms..0.359 ms
client 2023-07-30 16:47:13,578 [INFO] Copying loadgen logs from '/work/build/power_logs_temp' to '/work/build/power_logs/2023.07.30-16.34.38/2023-07-30_16-35-20/ranging'
client 2023-07-30 16:47:13,613 [INFO] Running workload in testing mode
client 2023-07-30 16:47:13,613 [INFO] Synchronizing with the server and with 192.168.123.123...
client 2023-07-30 16:47:13,614 [INFO] NTP:offset = 0.000 s, delay = 0.000 s 
client 2023-07-30 16:47:13,614 [INFO] Sending command to the server: 'time'
client 2023-07-30 16:47:13,614 [INFO] Got response: '1690735633.6140616'
client 2023-07-30 16:47:13,614 [INFO] The time difference between the client and the server is within range 0.058 ms..0.388 ms
client 2023-07-30 16:47:13,614 [INFO] Sending command to the server: 'session,2023-07-30_16-35-20,start,testing'
client 2023-07-30 16:47:35,227 [INFO] Got response: 'OK'
client 2023-07-30 16:47:35,227 [INFO] Sending command to the server: 'time'
client 2023-07-30 16:47:35,227 [INFO] Got response: '1690735655.2276375'
client 2023-07-30 16:47:35,227 [INFO] The time difference between the client and the server is within range -0.191 ms..0.074 ms
client 2023-07-30 16:47:35,227 [INFO] Running the workload 'LOG_DIR=/work/build/power_logs_temp python3.8 -m code.main --benchmarks=retinanet --scenarios=Offline --config_ver=maxq_default --test_mode=PerformanceOnly --action="run_harness" \\\n\t\t2>&1 | tee -a /work/build/power_logs/2023.07.30-16.34.38/stdout.txt \\\n\t\t&& if [ ! -d /work/build/power_logs/2023.07.30-16.34.38/ranging_tmp ]; \\\n\t\t\tthen mkdir /work/build/power_logs/2023.07.30-16.34.38/ranging_tmp \\\n\t\t\t\t&& mv /work/build/power_logs_temp/* /work/build/power_logs/2023.07.30-16.34.38/ranging_tmp/ \\\n\t\t\t\t&& cp -v /work/build/power_logs/2023.07.30-16.34.38/ranging_tmp/*/*/*/mlperf_log_detail.txt /work/build/power_logs_temp/ \\\n\t\t\t\t&& cp -v /work/build/power_logs/2023.07.30-16.34.38/ranging_tmp/*/*/*/mlperf_log_summary.txt /work/build/power_logs_temp/; \\\n\t\t\telse mkdir /work/build/power_logs/2023.07.30-16.34.38/testing_tmp \\\n\t\t\t\t&& mv /work/build/power_logs_temp/* /work/build/power_logs/2023.07.30-16.34.38/testing_tmp/ \\\n\t\t\t\t&& cp -v /work/build/power_logs/2023.07.30-16.34.38/testing_tmp/*/*/*/mlperf_log_detail.txt /work/build/power_logs_temp/ \\\n\t\t\t\t&& cp -v /work/build/power_logs/2023.07.30-16.34.38/testing_tmp/*/*/*/mlperf_log_summary.txt /work/build/power_logs_temp/; fi'
client 2023-07-30 16:58:38,066 [INFO] Sending command to the server: 'time'
client 2023-07-30 16:58:38,067 [INFO] Got response: '1690736318.0670443'
client 2023-07-30 16:58:38,067 [INFO] The time difference between the client and the server is within range -0.665 ms..0.200 ms
client 2023-07-30 16:58:38,067 [INFO] Sending command to the server: 'session,2023-07-30_16-35-20,stop,testing'
client 2023-07-30 16:58:48,270 [INFO] Got response: 'OK'
client 2023-07-30 16:58:48,270 [INFO] Sending command to the server: 'time'
client 2023-07-30 16:58:48,271 [INFO] Got response: '1690736328.270941'
client 2023-07-30 16:58:48,271 [INFO] The time difference between the client and the server is within range -0.169 ms..0.087 ms
client 2023-07-30 16:58:48,272 [INFO] Copying loadgen logs from '/work/build/power_logs_temp' to '/work/build/power_logs/2023.07.30-16.34.38/2023-07-30_16-35-20/run_1'
client 2023-07-30 16:58:48,274 [INFO] Done runs
