client 2023-08-06 04:33:15,069 [INFO] Creating output directory '/home/arjun/mobilenet_results/valid_results/orin-tflite_cpp-cpu-tflite-vmaster-default_config/mobilenet-v2-precision_uint8-1.0-224/singlestream/performance/tmp_power'
client 2023-08-06 04:33:15,071 [INFO] Sending command to the server: 'mlcommons/power client v3'
client 2023-08-06 04:33:15,073 [INFO] Got response: 'mlcommons/power server v3'
client 2023-08-06 04:33:15,073 [INFO] Synchronizing with the server and with time.google.com...
client 2023-08-06 04:33:15,091 [INFO] NTP:offset = -0.007 s, delay = 0.015 s 
client 2023-08-06 04:33:15,091 [INFO] Sending command to the server: 'time'
client 2023-08-06 04:33:15,095 [INFO] Got response: '1691292795.043719'
client 2023-08-06 04:33:15,095 [INFO] The time difference between the client and the server is within range 47.763 ms..51.382 ms
client 2023-08-06 04:33:15,095 [INFO] Sending command to the server: 'new,,8d17eba4-2cab-4da3-8180-f157d8a6ea6e'
client 2023-08-06 04:33:15,098 [INFO] Got response: 'OK 2023-08-06_04-33-15,f0b6ed29-ef67-4a15-ae9e-cc227a367993'
client 2023-08-06 04:33:15,098 [INFO] Session id is '2023-08-06_04-33-15'
client 2023-08-06 04:33:15,098 [INFO] Sources: {"sources": {"__init__.py": "da39a3ee5e6b4b0d3255bfef95601890afd80709", "client.py": "33ca4f26368777ac06e01f9567b714a4b8063886", "lib/__init__.py": "da39a3ee5e6b4b0d3255bfef95601890afd80709", "lib/client.py": "ac2aa093c8e8bbc9569b9e2a3471bc64e58a2258", "lib/common.py": "611d8b29633d331eb19c9455ea3b5fa3284ed6df", "lib/external/__init__.py": "da39a3ee5e6b4b0d3255bfef95601890afd80709", "lib/external/ntplib.py": "4da8f970656505a40483206ef2b5d3dd5e81711d", "lib/server.py": "c7af63c31bb2fbedea4345f571f6e3507d268ada", "lib/source_hashes.py": "60a2e02193209e8d392803326208d5466342da18", "lib/summary.py": "aa92f0a3f975eecd44d3c0cd0236342ccc9f941d", "lib/time_sync.py": "122eba67a9abc85635223e054def53be1367ade2", "server.py": "c3f90f2f7eeb4db30727556d0c815ebc89b3d28b", "tests/unit/__init__.py": "da39a3ee5e6b4b0d3255bfef95601890afd80709", "tests/unit/test_server.py": "948c1995d4008bc2aa6c4046a34ffa3858d6d671", "tests/unit/test_source_hashes.py": "00468a2907583c593e6574a1f6b404e4651c221a"}, "modules": {"ptd_client_server.lib.client": "lib/client.py", "ptd_client_server.lib.common": "lib/common.py", "ptd_client_server.lib.external.ntplib": "lib/external/ntplib.py", "ptd_client_server.lib.source_hashes": "lib/source_hashes.py", "ptd_client_server.lib.summary": "lib/summary.py", "ptd_client_server.lib.time_sync": "lib/time_sync.py"}}
client 2023-08-06 04:33:15,098 [INFO] Running workload in ranging mode
client 2023-08-06 04:33:15,098 [INFO] Synchronizing with the server and with time.google.com...
client 2023-08-06 04:33:15,112 [INFO] NTP:offset = -0.008 s, delay = 0.013 s 
client 2023-08-06 04:33:15,112 [INFO] Sending command to the server: 'time'
client 2023-08-06 04:33:15,118 [INFO] Got response: '1691292795.0640285'
client 2023-08-06 04:33:15,118 [INFO] The time difference between the client and the server is within range 48.909 ms..54.339 ms
client 2023-08-06 04:33:15,118 [INFO] Sending command to the server: 'session,2023-08-06_04-33-15,start,ranging'
client 2023-08-06 04:33:43,812 [INFO] Got response: 'OK'
client 2023-08-06 04:33:43,812 [INFO] Sending command to the server: 'time'
client 2023-08-06 04:33:43,817 [INFO] Got response: '1691292823.7678142'
client 2023-08-06 04:33:43,818 [INFO] The time difference between the client and the server is within range 45.171 ms..50.184 ms
client 2023-08-06 04:33:43,818 [INFO] Running the workload 'CM_MLPERF_RUN_COUNT=$(cat ${CM_RUN_DIR}/count.txt); echo ${CM_MLPERF_RUN_COUNT}; CM_MLPERF_RUN_COUNT=$((CM_MLPERF_RUN_COUNT+1)); echo ${CM_MLPERF_RUN_COUNT} > ${CM_RUN_DIR}/count.txt && if [ ${CM_MLPERF_RUN_COUNT} -eq "1" ]; then export CM_MLPERF_USER_CONF=${CM_MLPERF_RANGING_USER_CONF}; else export CM_MLPERF_USER_CONF=${CM_MLPERF_TESTING_USER_CONF}; fi && /mount/CM/repos/ctuning@mlcommons-ck/cm-mlops/script/run-all-mlperf-models/run.out'
client 2023-08-06 04:38:45,101 [INFO] Sending command to the server: 'time'
client 2023-08-06 04:38:45,105 [INFO] Got response: '1691293125.0513406'
client 2023-08-06 04:38:45,105 [INFO] The time difference between the client and the server is within range 50.554 ms..54.637 ms
client 2023-08-06 04:38:45,106 [INFO] Sending command to the server: 'session,2023-08-06_04-33-15,stop,ranging'
client 2023-08-06 04:38:55,920 [INFO] Got response: 'OK'
client 2023-08-06 04:38:55,920 [INFO] Sending command to the server: 'time'
client 2023-08-06 04:38:55,923 [INFO] Got response: '1691293135.8719053'
client 2023-08-06 04:38:55,923 [INFO] The time difference between the client and the server is within range 48.924 ms..51.491 ms
client 2023-08-06 04:38:55,926 [INFO] Copying loadgen logs from '/home/arjun/mobilenet_results/valid_results/orin-tflite_cpp-cpu-tflite-vmaster-default_config/mobilenet-v2-precision_uint8-1.0-224/singlestream/performance/run_1' to '/home/arjun/mobilenet_results/valid_results/orin-tflite_cpp-cpu-tflite-vmaster-default_config/mobilenet-v2-precision_uint8-1.0-224/singlestream/performance/tmp_power/ranging'
client 2023-08-06 04:38:55,927 [INFO] Running workload in testing mode
client 2023-08-06 04:38:55,927 [INFO] Synchronizing with the server and with time.google.com...
client 2023-08-06 04:38:55,953 [INFO] NTP:offset = -0.009 s, delay = 0.013 s 
client 2023-08-06 04:38:55,953 [INFO] Sending command to the server: 'time'
client 2023-08-06 04:38:55,956 [INFO] Got response: '1691293135.902364'
client 2023-08-06 04:38:55,956 [INFO] The time difference between the client and the server is within range 50.855 ms..54.115 ms
client 2023-08-06 04:38:55,956 [INFO] Sending command to the server: 'session,2023-08-06_04-33-15,start,testing'
client 2023-08-06 04:39:08,986 [INFO] Got response: 'OK'
client 2023-08-06 04:39:08,987 [INFO] Sending command to the server: 'time'
client 2023-08-06 04:39:08,990 [INFO] Got response: '1691293148.9339252'
client 2023-08-06 04:39:08,990 [INFO] The time difference between the client and the server is within range 53.106 ms..56.365 ms
client 2023-08-06 04:39:08,990 [INFO] Running the workload 'CM_MLPERF_RUN_COUNT=$(cat ${CM_RUN_DIR}/count.txt); echo ${CM_MLPERF_RUN_COUNT}; CM_MLPERF_RUN_COUNT=$((CM_MLPERF_RUN_COUNT+1)); echo ${CM_MLPERF_RUN_COUNT} > ${CM_RUN_DIR}/count.txt && if [ ${CM_MLPERF_RUN_COUNT} -eq "1" ]; then export CM_MLPERF_USER_CONF=${CM_MLPERF_RANGING_USER_CONF}; else export CM_MLPERF_USER_CONF=${CM_MLPERF_TESTING_USER_CONF}; fi && /mount/CM/repos/ctuning@mlcommons-ck/cm-mlops/script/run-all-mlperf-models/run.out'
client 2023-08-06 04:49:11,047 [INFO] Sending command to the server: 'time'
client 2023-08-06 04:49:11,050 [INFO] Got response: '1691293750.9883883'
client 2023-08-06 04:49:11,050 [INFO] The time difference between the client and the server is within range 58.761 ms..61.790 ms
client 2023-08-06 04:49:11,050 [INFO] Sending command to the server: 'session,2023-08-06_04-33-15,stop,testing'
client 2023-08-06 04:49:22,049 [INFO] Got response: 'OK'
client 2023-08-06 04:49:22,049 [INFO] Sending command to the server: 'time'
client 2023-08-06 04:49:22,051 [INFO] Got response: '1691293761.9918494'
client 2023-08-06 04:49:22,051 [INFO] The time difference between the client and the server is within range 57.675 ms..59.446 ms
client 2023-08-06 04:49:22,052 [INFO] Copying loadgen logs from '/home/arjun/mobilenet_results/valid_results/orin-tflite_cpp-cpu-tflite-vmaster-default_config/mobilenet-v2-precision_uint8-1.0-224/singlestream/performance/run_1' to '/home/arjun/mobilenet_results/valid_results/orin-tflite_cpp-cpu-tflite-vmaster-default_config/mobilenet-v2-precision_uint8-1.0-224/singlestream/performance/tmp_power/run_1'
client 2023-08-06 04:49:22,052 [INFO] Done runs
