client 2023-09-02 06:52:21,083 [INFO] Creating output directory '/home/cmuser/CM/repos/mlcommons@ck/cm-mlops/script/run-all-mlperf-models/valid_results/cecdad8c31f6-nvidia_original-gpu-tensorrt-vdefault-default_config/retinanet/singlestream/performance/tmp_power'
client 2023-09-02 06:52:21,085 [INFO] Sending command to the server: 'mlcommons/power client v3'
client 2023-09-02 06:52:21,087 [INFO] Got response: 'mlcommons/power server v3'
client 2023-09-02 06:52:21,087 [INFO] Synchronizing with the server and with time.google.com...
client 2023-09-02 06:52:21,116 [INFO] NTP:offset = -0.001 s, delay = 0.016 s 
client 2023-09-02 06:52:21,116 [INFO] Sending command to the server: 'time'
client 2023-09-02 06:52:21,118 [INFO] Got response: '1693662741.1182091'
client 2023-09-02 06:52:21,118 [INFO] The time difference between the client and the server is within range -1.739 ms..0.744 ms
client 2023-09-02 06:52:21,119 [INFO] Sending command to the server: 'new,,2d1c1875-be54-4fd4-98ae-824092d30933'
client 2023-09-02 06:52:21,121 [INFO] Got response: 'OK 2023-09-02_13-52-21,663cb72b-b83e-41ea-aa3e-be5f0ad8e9da'
client 2023-09-02 06:52:21,121 [INFO] Session id is '2023-09-02_13-52-21'
client 2023-09-02 06:52:21,121 [INFO] Sources: {"sources": {"__init__.py": "da39a3ee5e6b4b0d3255bfef95601890afd80709", "client.py": "33ca4f26368777ac06e01f9567b714a4b8063886", "lib/__init__.py": "da39a3ee5e6b4b0d3255bfef95601890afd80709", "lib/client.py": "ac2aa093c8e8bbc9569b9e2a3471bc64e58a2258", "lib/common.py": "611d8b29633d331eb19c9455ea3b5fa3284ed6df", "lib/external/__init__.py": "da39a3ee5e6b4b0d3255bfef95601890afd80709", "lib/external/ntplib.py": "4da8f970656505a40483206ef2b5d3dd5e81711d", "lib/server.py": "c7af63c31bb2fbedea4345f571f6e3507d268ada", "lib/source_hashes.py": "60a2e02193209e8d392803326208d5466342da18", "lib/summary.py": "aa92f0a3f975eecd44d3c0cd0236342ccc9f941d", "lib/time_sync.py": "80894ef2389e540781ff78de94db16aa4203a14e", "server.py": "c3f90f2f7eeb4db30727556d0c815ebc89b3d28b", "tests/unit/__init__.py": "da39a3ee5e6b4b0d3255bfef95601890afd80709", "tests/unit/test_server.py": "948c1995d4008bc2aa6c4046a34ffa3858d6d671", "tests/unit/test_source_hashes.py": "00468a2907583c593e6574a1f6b404e4651c221a"}, "modules": {"ptd_client_server.lib.client": "lib/client.py", "ptd_client_server.lib.common": "lib/common.py", "ptd_client_server.lib.external.ntplib": "lib/external/ntplib.py", "ptd_client_server.lib.source_hashes": "lib/source_hashes.py", "ptd_client_server.lib.summary": "lib/summary.py", "ptd_client_server.lib.time_sync": "lib/time_sync.py"}}
client 2023-09-02 06:52:21,122 [INFO] Running workload in ranging mode
client 2023-09-02 06:52:21,122 [INFO] Synchronizing with the server and with time.google.com...
client 2023-09-02 06:52:21,152 [INFO] NTP:offset = -0.000 s, delay = 0.018 s 
client 2023-09-02 06:52:21,152 [INFO] Sending command to the server: 'time'
client 2023-09-02 06:52:21,154 [INFO] Got response: '1693662741.1541917'
client 2023-09-02 06:52:21,154 [INFO] The time difference between the client and the server is within range -1.792 ms..0.472 ms
client 2023-09-02 06:52:21,154 [INFO] Sending command to the server: 'session,2023-09-02_13-52-21,start,ranging'
client 2023-09-02 06:52:49,237 [INFO] Got response: 'OK'
client 2023-09-02 06:52:49,237 [INFO] Sending command to the server: 'time'
client 2023-09-02 06:52:49,238 [INFO] Got response: '1693662769.2383332'
client 2023-09-02 06:52:49,238 [INFO] The time difference between the client and the server is within range -1.083 ms..0.366 ms
client 2023-09-02 06:52:49,238 [INFO] Running the workload 'CM_MLPERF_RUN_COUNT=$(cat ${CM_RUN_DIR}/count.txt); echo ${CM_MLPERF_RUN_COUNT}; CM_MLPERF_RUN_COUNT=$((CM_MLPERF_RUN_COUNT+1)); echo ${CM_MLPERF_RUN_COUNT} > ${CM_RUN_DIR}/count.txt && if [ ${CM_MLPERF_RUN_COUNT} -eq "1" ]; then export CM_MLPERF_USER_CONF=${CM_MLPERF_RANGING_USER_CONF}; else export CM_MLPERF_USER_CONF=${CM_MLPERF_TESTING_USER_CONF}; fi && make run_harness RUN_ARGS=" --benchmarks=retinanet --scenarios=singlestream --test_mode=PerformanceOnly --offline_expected_qps=620 --single_stream_expected_latency_ns=2000000 --multi_stream_expected_latency_ns=14000000 --user_conf_path=${CM_MLPERF_USER_CONF} --mlperf_conf_path=/home/cmuser/CM/repos/local/cache/e08d8d07b7714054/inference/mlperf.conf --gpu_batch_size=1 --no_audit_verify "'
client 2023-09-02 06:57:55,682 [INFO] Sending command to the server: 'time'
client 2023-09-02 06:57:55,891 [INFO] Got response: '1693663075.8909743'
client 2023-09-02 06:57:55,891 [INFO] The time difference between the client and the server is within range -208.786 ms..0.862 ms
client 2023-09-02 06:57:55,891 [INFO] Sending command to the server: 'session,2023-09-02_13-52-21,stop,ranging'
client 2023-09-02 06:58:06,354 [INFO] Got response: 'OK'
client 2023-09-02 06:58:06,354 [INFO] Sending command to the server: 'time'
client 2023-09-02 06:58:06,355 [INFO] Got response: '1693663086.3556402'
client 2023-09-02 06:58:06,355 [INFO] The time difference between the client and the server is within range -1.154 ms..0.103 ms
client 2023-09-02 06:58:06,357 [INFO] Copying loadgen logs from '/home/cmuser/CM/repos/mlcommons@ck/cm-mlops/script/run-all-mlperf-models/valid_results/cecdad8c31f6-nvidia_original-gpu-tensorrt-vdefault-default_config/retinanet/singlestream/performance/run_1' to '/home/cmuser/CM/repos/mlcommons@ck/cm-mlops/script/run-all-mlperf-models/valid_results/cecdad8c31f6-nvidia_original-gpu-tensorrt-vdefault-default_config/retinanet/singlestream/performance/tmp_power/ranging'
client 2023-09-02 06:58:06,357 [INFO] Running workload in testing mode
client 2023-09-02 06:58:06,357 [INFO] Synchronizing with the server and with time.google.com...
client 2023-09-02 06:58:06,384 [INFO] NTP:offset = -0.000 s, delay = 0.016 s 
client 2023-09-02 06:58:06,384 [INFO] Sending command to the server: 'time'
client 2023-09-02 06:58:06,385 [INFO] Got response: '1693663086.385749'
client 2023-09-02 06:58:06,385 [INFO] The time difference between the client and the server is within range -1.627 ms..0.056 ms
client 2023-09-02 06:58:06,385 [INFO] Sending command to the server: 'session,2023-09-02_13-52-21,start,testing'
client 2023-09-02 06:58:19,406 [INFO] Got response: 'OK'
client 2023-09-02 06:58:19,406 [INFO] Sending command to the server: 'time'
client 2023-09-02 06:58:19,408 [INFO] Got response: '1693663099.4084089'
client 2023-09-02 06:58:19,408 [INFO] The time difference between the client and the server is within range -1.522 ms..0.420 ms
client 2023-09-02 06:58:19,408 [INFO] Running the workload 'CM_MLPERF_RUN_COUNT=$(cat ${CM_RUN_DIR}/count.txt); echo ${CM_MLPERF_RUN_COUNT}; CM_MLPERF_RUN_COUNT=$((CM_MLPERF_RUN_COUNT+1)); echo ${CM_MLPERF_RUN_COUNT} > ${CM_RUN_DIR}/count.txt && if [ ${CM_MLPERF_RUN_COUNT} -eq "1" ]; then export CM_MLPERF_USER_CONF=${CM_MLPERF_RANGING_USER_CONF}; else export CM_MLPERF_USER_CONF=${CM_MLPERF_TESTING_USER_CONF}; fi && make run_harness RUN_ARGS=" --benchmarks=retinanet --scenarios=singlestream --test_mode=PerformanceOnly --offline_expected_qps=620 --single_stream_expected_latency_ns=2000000 --multi_stream_expected_latency_ns=14000000 --user_conf_path=${CM_MLPERF_USER_CONF} --mlperf_conf_path=/home/cmuser/CM/repos/local/cache/e08d8d07b7714054/inference/mlperf.conf --gpu_batch_size=1 --no_audit_verify "'
client 2023-09-02 07:08:26,039 [INFO] Sending command to the server: 'time'
client 2023-09-02 07:08:26,067 [INFO] Got response: '1693663706.0676851'
client 2023-09-02 07:08:26,067 [INFO] The time difference between the client and the server is within range -27.825 ms..0.062 ms
client 2023-09-02 07:08:26,067 [INFO] Sending command to the server: 'session,2023-09-02_13-52-21,stop,testing'
client 2023-09-02 07:08:36,457 [INFO] Got response: 'OK'
client 2023-09-02 07:08:36,457 [INFO] Sending command to the server: 'time'
client 2023-09-02 07:08:36,459 [INFO] Got response: '1693663716.4586058'
client 2023-09-02 07:08:36,459 [INFO] The time difference between the client and the server is within range -1.226 ms..0.433 ms
client 2023-09-02 07:08:36,459 [INFO] Copying loadgen logs from '/home/cmuser/CM/repos/mlcommons@ck/cm-mlops/script/run-all-mlperf-models/valid_results/cecdad8c31f6-nvidia_original-gpu-tensorrt-vdefault-default_config/retinanet/singlestream/performance/run_1' to '/home/cmuser/CM/repos/mlcommons@ck/cm-mlops/script/run-all-mlperf-models/valid_results/cecdad8c31f6-nvidia_original-gpu-tensorrt-vdefault-default_config/retinanet/singlestream/performance/tmp_power/run_1'
client 2023-09-02 07:08:36,459 [INFO] Done runs
