client 2023-07-20 07:11:46,952 [INFO] Creating output directory '/home/arjun/mobilenet_results/valid_results/raspberrypi-tflite_armnn_cpp-cpu-armnn_tflite-v22.11-using_neon/mobilenet-v2-precision_uint8-0.35-192/singlestream/performance/tmp_power'
client 2023-07-20 07:11:46,955 [INFO] Sending command to the server: 'mlcommons/power client v3'
client 2023-07-20 07:11:46,959 [INFO] Got response: 'mlcommons/power server v3'
client 2023-07-20 07:11:46,959 [INFO] Synchronizing with the server and with time.google.com...
client 2023-07-20 07:11:47,008 [INFO] NTP:offset = 0.000 s, delay = 0.020 s 
client 2023-07-20 07:11:47,008 [INFO] Sending command to the server: 'time'
client 2023-07-20 07:11:47,011 [INFO] Got response: '1689833506.879623'
client 2023-07-20 07:11:47,011 [INFO] The time difference between the client and the server is within range 128.797 ms..131.805 ms
client 2023-07-20 07:11:47,011 [INFO] Sending command to the server: 'new,,82e1bc04-713a-45b8-8234-e993fc4f046d'
client 2023-07-20 07:11:47,015 [INFO] Got response: 'OK 2023-07-20_07-11-46,5a9840c1-3ed0-4b6d-86f7-8603d65308a8'
client 2023-07-20 07:11:47,015 [INFO] Session id is '2023-07-20_07-11-46'
client 2023-07-20 07:11:47,015 [INFO] Sources: {"sources": {"__init__.py": "da39a3ee5e6b4b0d3255bfef95601890afd80709", "client.py": "33ca4f26368777ac06e01f9567b714a4b8063886", "lib/__init__.py": "da39a3ee5e6b4b0d3255bfef95601890afd80709", "lib/client.py": "ac2aa093c8e8bbc9569b9e2a3471bc64e58a2258", "lib/common.py": "611d8b29633d331eb19c9455ea3b5fa3284ed6df", "lib/external/__init__.py": "da39a3ee5e6b4b0d3255bfef95601890afd80709", "lib/external/ntplib.py": "4da8f970656505a40483206ef2b5d3dd5e81711d", "lib/server.py": "c7af63c31bb2fbedea4345f571f6e3507d268ada", "lib/source_hashes.py": "60a2e02193209e8d392803326208d5466342da18", "lib/summary.py": "aa92f0a3f975eecd44d3c0cd0236342ccc9f941d", "lib/time_sync.py": "122eba67a9abc85635223e054def53be1367ade2", "server.py": "c3f90f2f7eeb4db30727556d0c815ebc89b3d28b", "tests/unit/__init__.py": "da39a3ee5e6b4b0d3255bfef95601890afd80709", "tests/unit/test_server.py": "948c1995d4008bc2aa6c4046a34ffa3858d6d671", "tests/unit/test_source_hashes.py": "00468a2907583c593e6574a1f6b404e4651c221a"}, "modules": {"ptd_client_server.lib.client": "lib/client.py", "ptd_client_server.lib.common": "lib/common.py", "ptd_client_server.lib.external.ntplib": "lib/external/ntplib.py", "ptd_client_server.lib.source_hashes": "lib/source_hashes.py", "ptd_client_server.lib.summary": "lib/summary.py", "ptd_client_server.lib.time_sync": "lib/time_sync.py"}}
client 2023-07-20 07:11:47,015 [INFO] Running workload in ranging mode
client 2023-07-20 07:11:47,015 [INFO] Synchronizing with the server and with time.google.com...
client 2023-07-20 07:11:47,046 [INFO] NTP:offset = -0.001 s, delay = 0.017 s 
client 2023-07-20 07:11:47,046 [INFO] Sending command to the server: 'time'
client 2023-07-20 07:11:47,049 [INFO] Got response: '1689833506.919434'
client 2023-07-20 07:11:47,049 [INFO] The time difference between the client and the server is within range 127.174 ms..130.096 ms
client 2023-07-20 07:11:47,049 [INFO] Sending command to the server: 'session,2023-07-20_07-11-46,start,ranging'
client 2023-07-20 07:12:15,862 [INFO] Got response: 'OK'
client 2023-07-20 07:12:15,862 [INFO] Sending command to the server: 'time'
client 2023-07-20 07:12:15,867 [INFO] Got response: '1689833535.7302103'
client 2023-07-20 07:12:15,867 [INFO] The time difference between the client and the server is within range 132.598 ms..137.380 ms
client 2023-07-20 07:12:15,867 [INFO] Running the workload 'CM_MLPERF_RUN_COUNT=$(cat ${CM_RUN_DIR}/count.txt); echo ${CM_MLPERF_RUN_COUNT}; CM_MLPERF_RUN_COUNT=$((CM_MLPERF_RUN_COUNT+1)); echo ${CM_MLPERF_RUN_COUNT} > ${CM_RUN_DIR}/count.txt && if [ ${CM_MLPERF_RUN_COUNT} -eq "1" ]; then export CM_MLPERF_USER_CONF=${CM_MLPERF_RANGING_USER_CONF}; else export CM_MLPERF_USER_CONF=${CM_MLPERF_TESTING_USER_CONF}; fi && /home/arjun/CM/repos/ctuning@mlcommons-ck/cm-mlops/script/get-lib-armnn/run.out'
client 2023-07-20 07:17:29,250 [INFO] Sending command to the server: 'time'
client 2023-07-20 07:17:29,255 [INFO] Got response: '1689833849.120946'
client 2023-07-20 07:17:29,255 [INFO] The time difference between the client and the server is within range 129.138 ms..134.776 ms
client 2023-07-20 07:17:29,256 [INFO] Sending command to the server: 'session,2023-07-20_07-11-46,stop,ranging'
client 2023-07-20 07:17:40,004 [INFO] Got response: 'OK'
client 2023-07-20 07:17:40,004 [INFO] Sending command to the server: 'time'
client 2023-07-20 07:17:40,008 [INFO] Got response: '1689833859.8661056'
client 2023-07-20 07:17:40,009 [INFO] The time difference between the client and the server is within range 138.671 ms..143.001 ms
client 2023-07-20 07:17:40,047 [INFO] Copying loadgen logs from '/home/arjun/mobilenet_results/valid_results/raspberrypi-tflite_armnn_cpp-cpu-armnn_tflite-v22.11-using_neon/mobilenet-v2-precision_uint8-0.35-192/singlestream/performance/run_1' to '/home/arjun/mobilenet_results/valid_results/raspberrypi-tflite_armnn_cpp-cpu-armnn_tflite-v22.11-using_neon/mobilenet-v2-precision_uint8-0.35-192/singlestream/performance/tmp_power/ranging'
client 2023-07-20 07:17:40,054 [INFO] Running workload in testing mode
client 2023-07-20 07:17:40,054 [INFO] Synchronizing with the server and with time.google.com...
client 2023-07-20 07:17:40,088 [INFO] NTP:offset = -0.001 s, delay = 0.014 s 
client 2023-07-20 07:17:40,088 [INFO] Sending command to the server: 'time'
client 2023-07-20 07:17:40,092 [INFO] Got response: '1689833859.9567914'
client 2023-07-20 07:17:40,092 [INFO] The time difference between the client and the server is within range 131.922 ms..135.898 ms
client 2023-07-20 07:17:40,093 [INFO] Sending command to the server: 'session,2023-07-20_07-11-46,start,testing'
client 2023-07-20 07:17:53,141 [INFO] Got response: 'OK'
client 2023-07-20 07:17:53,142 [INFO] Sending command to the server: 'time'
client 2023-07-20 07:17:53,145 [INFO] Got response: '1689833873.012752'
client 2023-07-20 07:17:53,146 [INFO] The time difference between the client and the server is within range 129.751 ms..133.287 ms
client 2023-07-20 07:17:53,146 [INFO] Running the workload 'CM_MLPERF_RUN_COUNT=$(cat ${CM_RUN_DIR}/count.txt); echo ${CM_MLPERF_RUN_COUNT}; CM_MLPERF_RUN_COUNT=$((CM_MLPERF_RUN_COUNT+1)); echo ${CM_MLPERF_RUN_COUNT} > ${CM_RUN_DIR}/count.txt && if [ ${CM_MLPERF_RUN_COUNT} -eq "1" ]; then export CM_MLPERF_USER_CONF=${CM_MLPERF_RANGING_USER_CONF}; else export CM_MLPERF_USER_CONF=${CM_MLPERF_TESTING_USER_CONF}; fi && /home/arjun/CM/repos/ctuning@mlcommons-ck/cm-mlops/script/get-lib-armnn/run.out'
client 2023-07-20 07:28:10,437 [INFO] Sending command to the server: 'time'
client 2023-07-20 07:28:10,441 [INFO] Got response: '1689834490.2961726'
client 2023-07-20 07:28:10,441 [INFO] The time difference between the client and the server is within range 141.147 ms..145.732 ms
client 2023-07-20 07:28:10,442 [INFO] Sending command to the server: 'session,2023-07-20_07-11-46,stop,testing'
client 2023-07-20 07:28:21,239 [INFO] Got response: 'OK'
client 2023-07-20 07:28:21,239 [INFO] Sending command to the server: 'time'
client 2023-07-20 07:28:21,252 [INFO] Got response: '1689834501.1102877'
client 2023-07-20 07:28:21,253 [INFO] The time difference between the client and the server is within range 129.420 ms..142.985 ms
client 2023-07-20 07:28:21,259 [INFO] Copying loadgen logs from '/home/arjun/mobilenet_results/valid_results/raspberrypi-tflite_armnn_cpp-cpu-armnn_tflite-v22.11-using_neon/mobilenet-v2-precision_uint8-0.35-192/singlestream/performance/run_1' to '/home/arjun/mobilenet_results/valid_results/raspberrypi-tflite_armnn_cpp-cpu-armnn_tflite-v22.11-using_neon/mobilenet-v2-precision_uint8-0.35-192/singlestream/performance/tmp_power/run_1'
client 2023-07-20 07:28:21,262 [INFO] Done runs
