client 2023-07-26 14:15:20,444 [INFO] Creating output directory '/home/arjun/results_dir/valid_results/orin-nvidia_original-gpu-tensorrt-vdefault-default_config/retinanet/singlestream/performance/tmp_power'
client 2023-07-26 14:15:20,451 [INFO] Sending command to the server: 'mlcommons/power client v3'
client 2023-07-26 14:15:20,455 [INFO] Got response: 'mlcommons/power server v3'
client 2023-07-26 14:15:20,455 [INFO] Synchronizing with the server and with time.google.com...
client 2023-07-26 14:15:20,478 [INFO] NTP:offset = -0.005 s, delay = 0.016 s 
client 2023-07-26 14:15:20,478 [INFO] Sending command to the server: 'time'
client 2023-07-26 14:15:20,481 [INFO] Got response: '1690377320.4362228'
client 2023-07-26 14:15:20,481 [INFO] The time difference between the client and the server is within range 42.422 ms..45.703 ms
client 2023-07-26 14:15:20,482 [INFO] Sending command to the server: 'new,,54c02c5c-cd03-4733-a296-30314046e59d'
client 2023-07-26 14:15:20,486 [INFO] Got response: 'OK 2023-07-26_14-15-20,9a0fadcb-77bc-408b-a197-fedb11b0acd9'
client 2023-07-26 14:15:20,486 [INFO] Session id is '2023-07-26_14-15-20'
client 2023-07-26 14:15:20,486 [INFO] Sources: {"sources": {"__init__.py": "da39a3ee5e6b4b0d3255bfef95601890afd80709", "client.py": "33ca4f26368777ac06e01f9567b714a4b8063886", "lib/__init__.py": "da39a3ee5e6b4b0d3255bfef95601890afd80709", "lib/client.py": "ac2aa093c8e8bbc9569b9e2a3471bc64e58a2258", "lib/common.py": "611d8b29633d331eb19c9455ea3b5fa3284ed6df", "lib/external/__init__.py": "da39a3ee5e6b4b0d3255bfef95601890afd80709", "lib/external/ntplib.py": "4da8f970656505a40483206ef2b5d3dd5e81711d", "lib/server.py": "c7af63c31bb2fbedea4345f571f6e3507d268ada", "lib/source_hashes.py": "60a2e02193209e8d392803326208d5466342da18", "lib/summary.py": "aa92f0a3f975eecd44d3c0cd0236342ccc9f941d", "lib/time_sync.py": "122eba67a9abc85635223e054def53be1367ade2", "server.py": "c3f90f2f7eeb4db30727556d0c815ebc89b3d28b", "tests/unit/__init__.py": "da39a3ee5e6b4b0d3255bfef95601890afd80709", "tests/unit/test_server.py": "948c1995d4008bc2aa6c4046a34ffa3858d6d671", "tests/unit/test_source_hashes.py": "00468a2907583c593e6574a1f6b404e4651c221a"}, "modules": {"ptd_client_server.lib.client": "lib/client.py", "ptd_client_server.lib.common": "lib/common.py", "ptd_client_server.lib.external.ntplib": "lib/external/ntplib.py", "ptd_client_server.lib.source_hashes": "lib/source_hashes.py", "ptd_client_server.lib.summary": "lib/summary.py", "ptd_client_server.lib.time_sync": "lib/time_sync.py"}}
client 2023-07-26 14:15:20,487 [INFO] Running workload in ranging mode
client 2023-07-26 14:15:20,487 [INFO] Synchronizing with the server and with time.google.com...
client 2023-07-26 14:15:20,510 [INFO] NTP:offset = -0.006 s, delay = 0.015 s 
client 2023-07-26 14:15:20,511 [INFO] Sending command to the server: 'time'
client 2023-07-26 14:15:20,516 [INFO] Got response: '1690377320.4766262'
client 2023-07-26 14:15:20,517 [INFO] The time difference between the client and the server is within range 35.089 ms..40.949 ms
client 2023-07-26 14:15:20,518 [INFO] Sending command to the server: 'session,2023-07-26_14-15-20,start,ranging'
client 2023-07-26 14:15:49,233 [INFO] Got response: 'OK'
client 2023-07-26 14:15:49,233 [INFO] Sending command to the server: 'time'
client 2023-07-26 14:15:49,238 [INFO] Got response: '1690377349.1940506'
client 2023-07-26 14:15:49,239 [INFO] The time difference between the client and the server is within range 39.665 ms..45.031 ms
client 2023-07-26 14:15:49,239 [INFO] Running the workload 'CM_MLPERF_RUN_COUNT=$(cat ${CM_RUN_DIR}/count.txt); echo ${CM_MLPERF_RUN_COUNT}; CM_MLPERF_RUN_COUNT=$((CM_MLPERF_RUN_COUNT+1)); echo ${CM_MLPERF_RUN_COUNT} > ${CM_RUN_DIR}/count.txt && if [ ${CM_MLPERF_RUN_COUNT} -eq "1" ]; then export CM_MLPERF_USER_CONF=${CM_MLPERF_RANGING_USER_CONF}; else export CM_MLPERF_USER_CONF=${CM_MLPERF_TESTING_USER_CONF}; fi && make run_harness RUN_ARGS=" --benchmarks=retinanet --scenarios=singlestream --test_mode=PerformanceOnly --offline_expected_qps=50 --single_stream_expected_latency_ns=13000000 --multi_stream_expected_latency_ns=100000000 --config_ver=maxq --user_conf_path=${CM_MLPERF_USER_CONF} --mlperf_conf_path=/mount/CM/repos/local/cache/cedb99c765c24b90/inference/mlperf.conf --gpu_batch_size=1 --no_audit_verify "'
client 2023-07-26 14:22:15,432 [INFO] Sending command to the server: 'time'
client 2023-07-26 14:22:15,439 [INFO] Got response: '1690377735.3908925'
client 2023-07-26 14:22:15,440 [INFO] The time difference between the client and the server is within range 41.630 ms..49.309 ms
client 2023-07-26 14:22:15,441 [INFO] Sending command to the server: 'session,2023-07-26_14-15-20,stop,ranging'
client 2023-07-26 14:22:26,418 [INFO] Got response: 'OK'
client 2023-07-26 14:22:26,419 [INFO] Sending command to the server: 'time'
client 2023-07-26 14:22:26,422 [INFO] Got response: '1690377746.3771443'
client 2023-07-26 14:22:26,422 [INFO] The time difference between the client and the server is within range 42.168 ms..45.607 ms
client 2023-07-26 14:22:26,449 [INFO] Copying loadgen logs from '/home/arjun/results_dir/valid_results/orin-nvidia_original-gpu-tensorrt-vdefault-default_config/retinanet/singlestream/performance/run_1' to '/home/arjun/results_dir/valid_results/orin-nvidia_original-gpu-tensorrt-vdefault-default_config/retinanet/singlestream/performance/tmp_power/ranging'
client 2023-07-26 14:22:26,451 [INFO] Running workload in testing mode
client 2023-07-26 14:22:26,452 [INFO] Synchronizing with the server and with time.google.com...
client 2023-07-26 14:22:26,474 [INFO] NTP:offset = -0.006 s, delay = 0.017 s 
client 2023-07-26 14:22:26,474 [INFO] Sending command to the server: 'time'
client 2023-07-26 14:22:26,478 [INFO] Got response: '1690377746.4274542'
client 2023-07-26 14:22:26,479 [INFO] The time difference between the client and the server is within range 47.025 ms..51.553 ms
client 2023-07-26 14:22:26,479 [INFO] Sending command to the server: 'session,2023-07-26_14-15-20,start,testing'
client 2023-07-26 14:22:39,520 [INFO] Got response: 'OK'
client 2023-07-26 14:22:39,521 [INFO] Sending command to the server: 'time'
client 2023-07-26 14:22:39,533 [INFO] Got response: '1690377759.482803'
client 2023-07-26 14:22:39,533 [INFO] The time difference between the client and the server is within range 38.260 ms..51.095 ms
client 2023-07-26 14:22:39,534 [INFO] Running the workload 'CM_MLPERF_RUN_COUNT=$(cat ${CM_RUN_DIR}/count.txt); echo ${CM_MLPERF_RUN_COUNT}; CM_MLPERF_RUN_COUNT=$((CM_MLPERF_RUN_COUNT+1)); echo ${CM_MLPERF_RUN_COUNT} > ${CM_RUN_DIR}/count.txt && if [ ${CM_MLPERF_RUN_COUNT} -eq "1" ]; then export CM_MLPERF_USER_CONF=${CM_MLPERF_RANGING_USER_CONF}; else export CM_MLPERF_USER_CONF=${CM_MLPERF_TESTING_USER_CONF}; fi && make run_harness RUN_ARGS=" --benchmarks=retinanet --scenarios=singlestream --test_mode=PerformanceOnly --offline_expected_qps=50 --single_stream_expected_latency_ns=13000000 --multi_stream_expected_latency_ns=100000000 --config_ver=maxq --user_conf_path=${CM_MLPERF_USER_CONF} --mlperf_conf_path=/mount/CM/repos/local/cache/cedb99c765c24b90/inference/mlperf.conf --gpu_batch_size=1 --no_audit_verify "'
client 2023-07-26 14:33:54,199 [INFO] Sending command to the server: 'time'
client 2023-07-26 14:33:54,205 [INFO] Got response: '1690378434.1574337'
client 2023-07-26 14:33:54,205 [INFO] The time difference between the client and the server is within range 42.392 ms..48.328 ms
client 2023-07-26 14:33:54,206 [INFO] Sending command to the server: 'session,2023-07-26_14-15-20,stop,testing'
client 2023-07-26 14:34:04,594 [INFO] Got response: 'OK'
client 2023-07-26 14:34:04,595 [INFO] Sending command to the server: 'time'
client 2023-07-26 14:34:04,598 [INFO] Got response: '1690378444.5442889'
client 2023-07-26 14:34:04,598 [INFO] The time difference between the client and the server is within range 51.067 ms..54.057 ms
client 2023-07-26 14:34:04,602 [INFO] Copying loadgen logs from '/home/arjun/results_dir/valid_results/orin-nvidia_original-gpu-tensorrt-vdefault-default_config/retinanet/singlestream/performance/run_1' to '/home/arjun/results_dir/valid_results/orin-nvidia_original-gpu-tensorrt-vdefault-default_config/retinanet/singlestream/performance/tmp_power/run_1'
client 2023-07-26 14:34:04,604 [INFO] Done runs
