client 2023-07-13 03:01:33,544 [INFO] Creating output directory '/home/arjun/mobilenet_results/valid_results/orin-tflite_armnn_cpp-cpu-armnn_tflite-v23.05-using_neon/mobilenet-v2-precision_float-0.75-128/singlestream/performance/tmp_power'
client 2023-07-13 03:01:33,547 [INFO] Sending command to the server: 'mlcommons/power client v3'
client 2023-07-13 03:01:33,551 [INFO] Got response: 'mlcommons/power server v3'
client 2023-07-13 03:01:33,551 [INFO] Synchronizing with the server and with time.google.com...
client 2023-07-13 03:01:33,571 [INFO] NTP:offset = -0.011 s, delay = 0.016 s 
client 2023-07-13 03:01:33,571 [INFO] Sending command to the server: 'time'
client 2023-07-13 03:01:33,574 [INFO] Got response: '1689213693.4733627'
client 2023-07-13 03:01:33,574 [INFO] The time difference between the client and the server is within range 98.111 ms..100.948 ms
client 2023-07-13 03:01:33,574 [INFO] Sending command to the server: 'new,,f842ed05-bff1-459d-b284-643367354531'
client 2023-07-13 03:01:33,577 [INFO] Got response: 'OK 2023-07-13_03-01-33,0ac03650-99aa-4e7a-a536-935ef2aa7b36'
client 2023-07-13 03:01:33,577 [INFO] Session id is '2023-07-13_03-01-33'
client 2023-07-13 03:01:33,578 [INFO] Sources: {"sources": {"__init__.py": "da39a3ee5e6b4b0d3255bfef95601890afd80709", "client.py": "33ca4f26368777ac06e01f9567b714a4b8063886", "lib/__init__.py": "da39a3ee5e6b4b0d3255bfef95601890afd80709", "lib/client.py": "ac2aa093c8e8bbc9569b9e2a3471bc64e58a2258", "lib/common.py": "611d8b29633d331eb19c9455ea3b5fa3284ed6df", "lib/external/__init__.py": "da39a3ee5e6b4b0d3255bfef95601890afd80709", "lib/external/ntplib.py": "4da8f970656505a40483206ef2b5d3dd5e81711d", "lib/server.py": "c7af63c31bb2fbedea4345f571f6e3507d268ada", "lib/source_hashes.py": "60a2e02193209e8d392803326208d5466342da18", "lib/summary.py": "aa92f0a3f975eecd44d3c0cd0236342ccc9f941d", "lib/time_sync.py": "122eba67a9abc85635223e054def53be1367ade2", "server.py": "c3f90f2f7eeb4db30727556d0c815ebc89b3d28b", "tests/unit/__init__.py": "da39a3ee5e6b4b0d3255bfef95601890afd80709", "tests/unit/test_server.py": "948c1995d4008bc2aa6c4046a34ffa3858d6d671", "tests/unit/test_source_hashes.py": "00468a2907583c593e6574a1f6b404e4651c221a"}, "modules": {"ptd_client_server.lib.client": "lib/client.py", "ptd_client_server.lib.common": "lib/common.py", "ptd_client_server.lib.external.ntplib": "lib/external/ntplib.py", "ptd_client_server.lib.source_hashes": "lib/source_hashes.py", "ptd_client_server.lib.summary": "lib/summary.py", "ptd_client_server.lib.time_sync": "lib/time_sync.py"}}
client 2023-07-13 03:01:33,578 [INFO] Running workload in ranging mode
client 2023-07-13 03:01:33,578 [INFO] Synchronizing with the server and with time.google.com...
client 2023-07-13 03:01:33,593 [INFO] NTP:offset = -0.012 s, delay = 0.014 s 
client 2023-07-13 03:01:33,593 [INFO] Sending command to the server: 'time'
client 2023-07-13 03:01:33,596 [INFO] Got response: '1689213693.5038657'
client 2023-07-13 03:01:33,596 [INFO] The time difference between the client and the server is within range 90.018 ms..92.553 ms
client 2023-07-13 03:01:33,596 [INFO] Sending command to the server: 'session,2023-07-13_03-01-33,start,ranging'
client 2023-07-13 03:02:02,251 [INFO] Got response: 'OK'
client 2023-07-13 03:02:02,252 [INFO] Sending command to the server: 'time'
client 2023-07-13 03:02:02,266 [INFO] Got response: '1689213722.1642823'
client 2023-07-13 03:02:02,267 [INFO] The time difference between the client and the server is within range 88.285 ms..102.868 ms
client 2023-07-13 03:02:02,267 [INFO] Running the workload 'CM_MLPERF_RUN_COUNT=$(cat ${CM_RUN_DIR}/count.txt); echo ${CM_MLPERF_RUN_COUNT}; CM_MLPERF_RUN_COUNT=$((CM_MLPERF_RUN_COUNT+1)); echo ${CM_MLPERF_RUN_COUNT} > ${CM_RUN_DIR}/count.txt && if [ ${CM_MLPERF_RUN_COUNT} -eq "1" ]; then export CM_MLPERF_USER_CONF=${CM_MLPERF_RANGING_USER_CONF}; else export CM_MLPERF_USER_CONF=${CM_MLPERF_TESTING_USER_CONF}; fi && /home/arjun/run.out'
client 2023-07-13 03:07:04,115 [INFO] Sending command to the server: 'time'
client 2023-07-13 03:07:04,120 [INFO] Got response: '1689214024.0182874'
client 2023-07-13 03:07:04,120 [INFO] The time difference between the client and the server is within range 97.589 ms..102.432 ms
client 2023-07-13 03:07:04,120 [INFO] Sending command to the server: 'session,2023-07-13_03-01-33,stop,ranging'
client 2023-07-13 03:07:14,358 [INFO] Got response: 'OK'
client 2023-07-13 03:07:14,359 [INFO] Sending command to the server: 'time'
client 2023-07-13 03:07:14,364 [INFO] Got response: '1689214034.2640502'
client 2023-07-13 03:07:14,364 [INFO] The time difference between the client and the server is within range 95.468 ms..100.399 ms
client 2023-07-13 03:07:14,385 [INFO] Copying loadgen logs from '/home/arjun/mobilenet_results/valid_results/orin-tflite_armnn_cpp-cpu-armnn_tflite-v23.05-using_neon/mobilenet-v2-precision_float-0.75-128/singlestream/performance/run_1' to '/home/arjun/mobilenet_results/valid_results/orin-tflite_armnn_cpp-cpu-armnn_tflite-v23.05-using_neon/mobilenet-v2-precision_float-0.75-128/singlestream/performance/tmp_power/ranging'
client 2023-07-13 03:07:14,387 [INFO] Running workload in testing mode
client 2023-07-13 03:07:14,388 [INFO] Synchronizing with the server and with time.google.com...
client 2023-07-13 03:07:14,409 [INFO] NTP:offset = -0.010 s, delay = 0.016 s 
client 2023-07-13 03:07:14,409 [INFO] Sending command to the server: 'time'
client 2023-07-13 03:07:14,413 [INFO] Got response: '1689214034.3147123'
client 2023-07-13 03:07:14,413 [INFO] The time difference between the client and the server is within range 94.801 ms..98.569 ms
client 2023-07-13 03:07:14,413 [INFO] Sending command to the server: 'session,2023-07-13_03-01-33,start,testing'
client 2023-07-13 03:07:27,458 [INFO] Got response: 'OK'
client 2023-07-13 03:07:27,458 [INFO] Sending command to the server: 'time'
client 2023-07-13 03:07:27,464 [INFO] Got response: '1689214047.360406'
client 2023-07-13 03:07:27,464 [INFO] The time difference between the client and the server is within range 98.274 ms..104.119 ms
client 2023-07-13 03:07:27,464 [INFO] Running the workload 'CM_MLPERF_RUN_COUNT=$(cat ${CM_RUN_DIR}/count.txt); echo ${CM_MLPERF_RUN_COUNT}; CM_MLPERF_RUN_COUNT=$((CM_MLPERF_RUN_COUNT+1)); echo ${CM_MLPERF_RUN_COUNT} > ${CM_RUN_DIR}/count.txt && if [ ${CM_MLPERF_RUN_COUNT} -eq "1" ]; then export CM_MLPERF_USER_CONF=${CM_MLPERF_RANGING_USER_CONF}; else export CM_MLPERF_USER_CONF=${CM_MLPERF_TESTING_USER_CONF}; fi && /home/arjun/run.out'
client 2023-07-13 03:17:30,740 [INFO] Sending command to the server: 'time'
client 2023-07-13 03:17:30,745 [INFO] Got response: '1689214650.64905'
client 2023-07-13 03:17:30,745 [INFO] The time difference between the client and the server is within range 90.883 ms..96.264 ms
client 2023-07-13 03:17:30,745 [INFO] Sending command to the server: 'session,2023-07-13_03-01-33,stop,testing'
client 2023-07-13 03:17:41,889 [INFO] Got response: 'OK'
client 2023-07-13 03:17:41,889 [INFO] Sending command to the server: 'time'
client 2023-07-13 03:17:41,893 [INFO] Got response: '1689214661.7958136'
client 2023-07-13 03:17:41,893 [INFO] The time difference between the client and the server is within range 93.848 ms..98.000 ms
client 2023-07-13 03:17:41,898 [INFO] Copying loadgen logs from '/home/arjun/mobilenet_results/valid_results/orin-tflite_armnn_cpp-cpu-armnn_tflite-v23.05-using_neon/mobilenet-v2-precision_float-0.75-128/singlestream/performance/run_1' to '/home/arjun/mobilenet_results/valid_results/orin-tflite_armnn_cpp-cpu-armnn_tflite-v23.05-using_neon/mobilenet-v2-precision_float-0.75-128/singlestream/performance/tmp_power/run_1'
client 2023-07-13 03:17:41,900 [INFO] Done runs
