client 2023-07-13 01:39:12,817 [INFO] Creating output directory '/home/arjun/mobilenet_results/valid_results/orin-tflite_armnn_cpp-cpu-armnn_tflite-v23.05-using_neon/mobilenet-v2-precision_uint8-0.75-224/singlestream/performance/tmp_power'
client 2023-07-13 01:39:12,820 [INFO] Sending command to the server: 'mlcommons/power client v3'
client 2023-07-13 01:39:12,824 [INFO] Got response: 'mlcommons/power server v3'
client 2023-07-13 01:39:12,824 [INFO] Synchronizing with the server and with time.google.com...
client 2023-07-13 01:39:12,845 [INFO] NTP:offset = -0.002 s, delay = 0.016 s 
client 2023-07-13 01:39:12,845 [INFO] Sending command to the server: 'time'
client 2023-07-13 01:39:12,848 [INFO] Got response: '1689208752.7760317'
client 2023-07-13 01:39:12,848 [INFO] The time difference between the client and the server is within range 69.395 ms..72.267 ms
client 2023-07-13 01:39:12,848 [INFO] Sending command to the server: 'new,,590677d3-2c1f-47c1-8f6b-ca0b5803db16'
client 2023-07-13 01:39:12,851 [INFO] Got response: 'OK 2023-07-13_01-39-12,5e3437b7-c494-4d6d-871c-0b78981c88ee'
client 2023-07-13 01:39:12,851 [INFO] Session id is '2023-07-13_01-39-12'
client 2023-07-13 01:39:12,851 [INFO] Sources: {"sources": {"__init__.py": "da39a3ee5e6b4b0d3255bfef95601890afd80709", "client.py": "33ca4f26368777ac06e01f9567b714a4b8063886", "lib/__init__.py": "da39a3ee5e6b4b0d3255bfef95601890afd80709", "lib/client.py": "ac2aa093c8e8bbc9569b9e2a3471bc64e58a2258", "lib/common.py": "611d8b29633d331eb19c9455ea3b5fa3284ed6df", "lib/external/__init__.py": "da39a3ee5e6b4b0d3255bfef95601890afd80709", "lib/external/ntplib.py": "4da8f970656505a40483206ef2b5d3dd5e81711d", "lib/server.py": "c7af63c31bb2fbedea4345f571f6e3507d268ada", "lib/source_hashes.py": "60a2e02193209e8d392803326208d5466342da18", "lib/summary.py": "aa92f0a3f975eecd44d3c0cd0236342ccc9f941d", "lib/time_sync.py": "122eba67a9abc85635223e054def53be1367ade2", "server.py": "c3f90f2f7eeb4db30727556d0c815ebc89b3d28b", "tests/unit/__init__.py": "da39a3ee5e6b4b0d3255bfef95601890afd80709", "tests/unit/test_server.py": "948c1995d4008bc2aa6c4046a34ffa3858d6d671", "tests/unit/test_source_hashes.py": "00468a2907583c593e6574a1f6b404e4651c221a"}, "modules": {"ptd_client_server.lib.client": "lib/client.py", "ptd_client_server.lib.common": "lib/common.py", "ptd_client_server.lib.external.ntplib": "lib/external/ntplib.py", "ptd_client_server.lib.source_hashes": "lib/source_hashes.py", "ptd_client_server.lib.summary": "lib/summary.py", "ptd_client_server.lib.time_sync": "lib/time_sync.py"}}
client 2023-07-13 01:39:12,851 [INFO] Running workload in ranging mode
client 2023-07-13 01:39:12,852 [INFO] Synchronizing with the server and with time.google.com...
client 2023-07-13 01:39:12,866 [INFO] NTP:offset = -0.003 s, delay = 0.013 s 
client 2023-07-13 01:39:12,866 [INFO] Sending command to the server: 'time'
client 2023-07-13 01:39:12,869 [INFO] Got response: '1689208752.7894096'
client 2023-07-13 01:39:12,869 [INFO] The time difference between the client and the server is within range 76.812 ms..79.775 ms
client 2023-07-13 01:39:12,869 [INFO] Sending command to the server: 'session,2023-07-13_01-39-12,start,ranging'
client 2023-07-13 01:39:41,542 [INFO] Got response: 'OK'
client 2023-07-13 01:39:41,543 [INFO] Sending command to the server: 'time'
client 2023-07-13 01:39:41,548 [INFO] Got response: '1689208781.4729843'
client 2023-07-13 01:39:41,549 [INFO] The time difference between the client and the server is within range 70.441 ms..76.146 ms
client 2023-07-13 01:39:41,549 [INFO] Running the workload 'CM_MLPERF_RUN_COUNT=$(cat ${CM_RUN_DIR}/count.txt); echo ${CM_MLPERF_RUN_COUNT}; CM_MLPERF_RUN_COUNT=$((CM_MLPERF_RUN_COUNT+1)); echo ${CM_MLPERF_RUN_COUNT} > ${CM_RUN_DIR}/count.txt && if [ ${CM_MLPERF_RUN_COUNT} -eq "1" ]; then export CM_MLPERF_USER_CONF=${CM_MLPERF_RANGING_USER_CONF}; else export CM_MLPERF_USER_CONF=${CM_MLPERF_TESTING_USER_CONF}; fi && /home/arjun/run.out'
client 2023-07-13 01:44:43,483 [INFO] Sending command to the server: 'time'
client 2023-07-13 01:44:43,488 [INFO] Got response: '1689209083.4139366'
client 2023-07-13 01:44:43,489 [INFO] The time difference between the client and the server is within range 69.355 ms..75.163 ms
client 2023-07-13 01:44:43,489 [INFO] Sending command to the server: 'session,2023-07-13_01-39-12,stop,ranging'
client 2023-07-13 01:44:53,629 [INFO] Got response: 'OK'
client 2023-07-13 01:44:53,629 [INFO] Sending command to the server: 'time'
client 2023-07-13 01:44:53,633 [INFO] Got response: '1689209093.5554216'
client 2023-07-13 01:44:53,633 [INFO] The time difference between the client and the server is within range 74.355 ms..77.979 ms
client 2023-07-13 01:44:53,659 [INFO] Copying loadgen logs from '/home/arjun/mobilenet_results/valid_results/orin-tflite_armnn_cpp-cpu-armnn_tflite-v23.05-using_neon/mobilenet-v2-precision_uint8-0.75-224/singlestream/performance/run_1' to '/home/arjun/mobilenet_results/valid_results/orin-tflite_armnn_cpp-cpu-armnn_tflite-v23.05-using_neon/mobilenet-v2-precision_uint8-0.75-224/singlestream/performance/tmp_power/ranging'
client 2023-07-13 01:44:53,661 [INFO] Running workload in testing mode
client 2023-07-13 01:44:53,662 [INFO] Synchronizing with the server and with time.google.com...
client 2023-07-13 01:44:53,682 [INFO] NTP:offset = -0.003 s, delay = 0.016 s 
client 2023-07-13 01:44:53,682 [INFO] Sending command to the server: 'time'
client 2023-07-13 01:44:53,686 [INFO] Got response: '1689209093.6062338'
client 2023-07-13 01:44:53,687 [INFO] The time difference between the client and the server is within range 76.719 ms..80.856 ms
client 2023-07-13 01:44:53,687 [INFO] Sending command to the server: 'session,2023-07-13_01-39-12,start,testing'
client 2023-07-13 01:45:06,739 [INFO] Got response: 'OK'
client 2023-07-13 01:45:06,740 [INFO] Sending command to the server: 'time'
client 2023-07-13 01:45:06,752 [INFO] Got response: '1689209106.6604433'
client 2023-07-13 01:45:06,752 [INFO] The time difference between the client and the server is within range 79.670 ms..92.373 ms
client 2023-07-13 01:45:06,753 [INFO] Running the workload 'CM_MLPERF_RUN_COUNT=$(cat ${CM_RUN_DIR}/count.txt); echo ${CM_MLPERF_RUN_COUNT}; CM_MLPERF_RUN_COUNT=$((CM_MLPERF_RUN_COUNT+1)); echo ${CM_MLPERF_RUN_COUNT} > ${CM_RUN_DIR}/count.txt && if [ ${CM_MLPERF_RUN_COUNT} -eq "1" ]; then export CM_MLPERF_USER_CONF=${CM_MLPERF_RANGING_USER_CONF}; else export CM_MLPERF_USER_CONF=${CM_MLPERF_TESTING_USER_CONF}; fi && /home/arjun/run.out'
client 2023-07-13 01:55:10,156 [INFO] Sending command to the server: 'time'
client 2023-07-13 01:55:10,161 [INFO] Got response: '1689209710.0817854'
client 2023-07-13 01:55:10,161 [INFO] The time difference between the client and the server is within range 74.998 ms..80.035 ms
client 2023-07-13 01:55:10,162 [INFO] Sending command to the server: 'session,2023-07-13_01-39-12,stop,testing'
client 2023-07-13 01:55:20,828 [INFO] Got response: 'OK'
client 2023-07-13 01:55:20,829 [INFO] Sending command to the server: 'time'
client 2023-07-13 01:55:20,833 [INFO] Got response: '1689209720.7467654'
client 2023-07-13 01:55:20,833 [INFO] The time difference between the client and the server is within range 83.064 ms..86.916 ms
client 2023-07-13 01:55:20,837 [INFO] Copying loadgen logs from '/home/arjun/mobilenet_results/valid_results/orin-tflite_armnn_cpp-cpu-armnn_tflite-v23.05-using_neon/mobilenet-v2-precision_uint8-0.75-224/singlestream/performance/run_1' to '/home/arjun/mobilenet_results/valid_results/orin-tflite_armnn_cpp-cpu-armnn_tflite-v23.05-using_neon/mobilenet-v2-precision_uint8-0.75-224/singlestream/performance/tmp_power/run_1'
client 2023-07-13 01:55:20,839 [INFO] Done runs
