client 2023-08-08 00:16:22,014 [INFO] Creating output directory '/home/arjun/mobilenet_results/valid_results/orin-tflite_cpp-cpu-tflite-vmaster-default_config/mobilenet-v2-precision_float-0.75-160/singlestream/performance/tmp_power'
client 2023-08-08 00:16:22,017 [INFO] Sending command to the server: 'mlcommons/power client v3'
client 2023-08-08 00:16:22,021 [INFO] Got response: 'mlcommons/power server v3'
client 2023-08-08 00:16:22,021 [INFO] Synchronizing with the server and with time.google.com...
client 2023-08-08 00:16:22,037 [INFO] NTP:offset = -0.002 s, delay = 0.012 s 
client 2023-08-08 00:16:22,037 [INFO] Sending command to the server: 'time'
client 2023-08-08 00:16:22,045 [INFO] Got response: '1691450181.9606936'
client 2023-08-08 00:16:22,045 [INFO] The time difference between the client and the server is within range 76.677 ms..85.005 ms
client 2023-08-08 00:16:22,045 [INFO] Sending command to the server: 'new,,eea98953-56d2-4979-a18c-14a0600bd45c'
client 2023-08-08 00:16:22,049 [INFO] Got response: 'OK 2023-08-08_00-16-21,398c0bc1-9312-452a-ae9f-c6b88c0d913c'
client 2023-08-08 00:16:22,049 [INFO] Session id is '2023-08-08_00-16-21'
client 2023-08-08 00:16:22,049 [INFO] Sources: {"sources": {"__init__.py": "da39a3ee5e6b4b0d3255bfef95601890afd80709", "client.py": "33ca4f26368777ac06e01f9567b714a4b8063886", "lib/__init__.py": "da39a3ee5e6b4b0d3255bfef95601890afd80709", "lib/client.py": "ac2aa093c8e8bbc9569b9e2a3471bc64e58a2258", "lib/common.py": "611d8b29633d331eb19c9455ea3b5fa3284ed6df", "lib/external/__init__.py": "da39a3ee5e6b4b0d3255bfef95601890afd80709", "lib/external/ntplib.py": "4da8f970656505a40483206ef2b5d3dd5e81711d", "lib/server.py": "c7af63c31bb2fbedea4345f571f6e3507d268ada", "lib/source_hashes.py": "60a2e02193209e8d392803326208d5466342da18", "lib/summary.py": "aa92f0a3f975eecd44d3c0cd0236342ccc9f941d", "lib/time_sync.py": "122eba67a9abc85635223e054def53be1367ade2", "server.py": "c3f90f2f7eeb4db30727556d0c815ebc89b3d28b", "tests/unit/__init__.py": "da39a3ee5e6b4b0d3255bfef95601890afd80709", "tests/unit/test_server.py": "948c1995d4008bc2aa6c4046a34ffa3858d6d671", "tests/unit/test_source_hashes.py": "00468a2907583c593e6574a1f6b404e4651c221a"}, "modules": {"ptd_client_server.lib.client": "lib/client.py", "ptd_client_server.lib.common": "lib/common.py", "ptd_client_server.lib.external.ntplib": "lib/external/ntplib.py", "ptd_client_server.lib.source_hashes": "lib/source_hashes.py", "ptd_client_server.lib.summary": "lib/summary.py", "ptd_client_server.lib.time_sync": "lib/time_sync.py"}}
client 2023-08-08 00:16:22,049 [INFO] Running workload in ranging mode
client 2023-08-08 00:16:22,050 [INFO] Synchronizing with the server and with time.google.com...
client 2023-08-08 00:16:22,067 [INFO] NTP:offset = -0.003 s, delay = 0.016 s 
client 2023-08-08 00:16:22,067 [INFO] Sending command to the server: 'time'
client 2023-08-08 00:16:22,111 [INFO] Got response: '1691450182.0216146'
client 2023-08-08 00:16:22,112 [INFO] The time difference between the client and the server is within range 45.792 ms..90.400 ms
client 2023-08-08 00:16:22,112 [INFO] Sending command to the server: 'session,2023-08-08_00-16-21,start,ranging'
client 2023-08-08 00:16:50,832 [INFO] Got response: 'OK'
client 2023-08-08 00:16:50,832 [INFO] Sending command to the server: 'time'
client 2023-08-08 00:16:50,835 [INFO] Got response: '1691450210.7576387'
client 2023-08-08 00:16:50,835 [INFO] The time difference between the client and the server is within range 75.254 ms..78.003 ms
client 2023-08-08 00:16:50,835 [INFO] Running the workload 'CM_MLPERF_RUN_COUNT=$(cat ${CM_RUN_DIR}/count.txt); echo ${CM_MLPERF_RUN_COUNT}; CM_MLPERF_RUN_COUNT=$((CM_MLPERF_RUN_COUNT+1)); echo ${CM_MLPERF_RUN_COUNT} > ${CM_RUN_DIR}/count.txt && if [ ${CM_MLPERF_RUN_COUNT} -eq "1" ]; then export CM_MLPERF_USER_CONF=${CM_MLPERF_RANGING_USER_CONF}; else export CM_MLPERF_USER_CONF=${CM_MLPERF_TESTING_USER_CONF}; fi && /mount/CM/repos/ctuning@mlcommons-ck/cm-mlops/script/run-all-mlperf-models/run.out'
client 2023-08-08 00:21:51,937 [INFO] Sending command to the server: 'time'
client 2023-08-08 00:21:51,945 [INFO] Got response: '1691450511.8640015'
client 2023-08-08 00:21:51,945 [INFO] The time difference between the client and the server is within range 73.714 ms..81.120 ms
client 2023-08-08 00:21:51,945 [INFO] Sending command to the server: 'session,2023-08-08_00-16-21,stop,ranging'
client 2023-08-08 00:22:03,126 [INFO] Got response: 'OK'
client 2023-08-08 00:22:03,127 [INFO] Sending command to the server: 'time'
client 2023-08-08 00:22:03,136 [INFO] Got response: '1691450523.0554345'
client 2023-08-08 00:22:03,136 [INFO] The time difference between the client and the server is within range 71.560 ms..81.478 ms
client 2023-08-08 00:22:03,140 [INFO] Copying loadgen logs from '/home/arjun/mobilenet_results/valid_results/orin-tflite_cpp-cpu-tflite-vmaster-default_config/mobilenet-v2-precision_float-0.75-160/singlestream/performance/run_1' to '/home/arjun/mobilenet_results/valid_results/orin-tflite_cpp-cpu-tflite-vmaster-default_config/mobilenet-v2-precision_float-0.75-160/singlestream/performance/tmp_power/ranging'
client 2023-08-08 00:22:03,141 [INFO] Running workload in testing mode
client 2023-08-08 00:22:03,141 [INFO] Synchronizing with the server and with time.google.com...
client 2023-08-08 00:22:03,155 [INFO] NTP:offset = -0.003 s, delay = 0.013 s 
client 2023-08-08 00:22:03,155 [INFO] Sending command to the server: 'time'
client 2023-08-08 00:22:03,159 [INFO] Got response: '1691450523.0753207'
client 2023-08-08 00:22:03,159 [INFO] The time difference between the client and the server is within range 80.588 ms..83.859 ms
client 2023-08-08 00:22:03,159 [INFO] Sending command to the server: 'session,2023-08-08_00-16-21,start,testing'
client 2023-08-08 00:22:16,214 [INFO] Got response: 'OK'
client 2023-08-08 00:22:16,214 [INFO] Sending command to the server: 'time'
client 2023-08-08 00:22:16,220 [INFO] Got response: '1691450536.1404357'
client 2023-08-08 00:22:16,220 [INFO] The time difference between the client and the server is within range 74.301 ms..80.314 ms
client 2023-08-08 00:22:16,220 [INFO] Running the workload 'CM_MLPERF_RUN_COUNT=$(cat ${CM_RUN_DIR}/count.txt); echo ${CM_MLPERF_RUN_COUNT}; CM_MLPERF_RUN_COUNT=$((CM_MLPERF_RUN_COUNT+1)); echo ${CM_MLPERF_RUN_COUNT} > ${CM_RUN_DIR}/count.txt && if [ ${CM_MLPERF_RUN_COUNT} -eq "1" ]; then export CM_MLPERF_USER_CONF=${CM_MLPERF_RANGING_USER_CONF}; else export CM_MLPERF_USER_CONF=${CM_MLPERF_TESTING_USER_CONF}; fi && /mount/CM/repos/ctuning@mlcommons-ck/cm-mlops/script/run-all-mlperf-models/run.out'
client 2023-08-08 00:32:18,411 [INFO] Sending command to the server: 'time'
client 2023-08-08 00:32:18,415 [INFO] Got response: '1691451138.3294146'
client 2023-08-08 00:32:18,415 [INFO] The time difference between the client and the server is within range 81.631 ms..86.422 ms
client 2023-08-08 00:32:18,415 [INFO] Sending command to the server: 'session,2023-08-08_00-16-21,stop,testing'
client 2023-08-08 00:32:29,295 [INFO] Got response: 'OK'
client 2023-08-08 00:32:29,295 [INFO] Sending command to the server: 'time'
client 2023-08-08 00:32:29,298 [INFO] Got response: '1691451149.2153604'
client 2023-08-08 00:32:29,298 [INFO] The time difference between the client and the server is within range 80.539 ms..83.484 ms
client 2023-08-08 00:32:29,299 [INFO] Copying loadgen logs from '/home/arjun/mobilenet_results/valid_results/orin-tflite_cpp-cpu-tflite-vmaster-default_config/mobilenet-v2-precision_float-0.75-160/singlestream/performance/run_1' to '/home/arjun/mobilenet_results/valid_results/orin-tflite_cpp-cpu-tflite-vmaster-default_config/mobilenet-v2-precision_float-0.75-160/singlestream/performance/tmp_power/run_1'
client 2023-08-08 00:32:29,300 [INFO] Done runs
