client 2023-07-19 16:05:47,698 [INFO] Creating output directory '/home/arjun/mobilenet_results/valid_results/raspberrypi-tflite_armnn_cpp-cpu-armnn_tflite-v22.11-using_neon/mobilenet-v1-precision_uint8-1.0-160/singlestream/performance/tmp_power'
client 2023-07-19 16:05:47,704 [INFO] Sending command to the server: 'mlcommons/power client v3'
client 2023-07-19 16:05:47,708 [INFO] Got response: 'mlcommons/power server v3'
client 2023-07-19 16:05:47,709 [INFO] Synchronizing with the server and with time.google.com...
client 2023-07-19 16:05:47,760 [INFO] NTP:offset = 0.118 s, delay = 0.015 s 
client 2023-07-19 16:05:47,760 [INFO] Sending command to the server: 'time'
client 2023-07-19 16:05:47,763 [INFO] Got response: '1689779147.8231282'
client 2023-07-19 16:05:47,764 [INFO] The time difference between the client and the server is within range -62.257 ms..-58.754 ms
client 2023-07-19 16:05:47,764 [INFO] Sending command to the server: 'new,,abb5ca11-201c-4baa-93d3-442a835fe0eb'
client 2023-07-19 16:05:47,769 [INFO] Got response: 'OK 2023-07-19_16-05-47,c2d00523-a13b-4019-adce-e4b3aa06bcd2'
client 2023-07-19 16:05:47,769 [INFO] Session id is '2023-07-19_16-05-47'
client 2023-07-19 16:05:47,770 [INFO] Sources: {"sources": {"__init__.py": "da39a3ee5e6b4b0d3255bfef95601890afd80709", "client.py": "33ca4f26368777ac06e01f9567b714a4b8063886", "lib/__init__.py": "da39a3ee5e6b4b0d3255bfef95601890afd80709", "lib/client.py": "ac2aa093c8e8bbc9569b9e2a3471bc64e58a2258", "lib/common.py": "611d8b29633d331eb19c9455ea3b5fa3284ed6df", "lib/external/__init__.py": "da39a3ee5e6b4b0d3255bfef95601890afd80709", "lib/external/ntplib.py": "4da8f970656505a40483206ef2b5d3dd5e81711d", "lib/server.py": "c7af63c31bb2fbedea4345f571f6e3507d268ada", "lib/source_hashes.py": "60a2e02193209e8d392803326208d5466342da18", "lib/summary.py": "aa92f0a3f975eecd44d3c0cd0236342ccc9f941d", "lib/time_sync.py": "122eba67a9abc85635223e054def53be1367ade2", "server.py": "c3f90f2f7eeb4db30727556d0c815ebc89b3d28b", "tests/unit/__init__.py": "da39a3ee5e6b4b0d3255bfef95601890afd80709", "tests/unit/test_server.py": "948c1995d4008bc2aa6c4046a34ffa3858d6d671", "tests/unit/test_source_hashes.py": "00468a2907583c593e6574a1f6b404e4651c221a"}, "modules": {"ptd_client_server.lib.client": "lib/client.py", "ptd_client_server.lib.common": "lib/common.py", "ptd_client_server.lib.external.ntplib": "lib/external/ntplib.py", "ptd_client_server.lib.source_hashes": "lib/source_hashes.py", "ptd_client_server.lib.summary": "lib/summary.py", "ptd_client_server.lib.time_sync": "lib/time_sync.py"}}
client 2023-07-19 16:05:47,771 [INFO] Running workload in ranging mode
client 2023-07-19 16:05:47,771 [INFO] Synchronizing with the server and with time.google.com...
client 2023-07-19 16:05:47,805 [INFO] NTP:offset = 0.118 s, delay = 0.015 s 
client 2023-07-19 16:05:47,806 [INFO] Sending command to the server: 'time'
client 2023-07-19 16:05:47,810 [INFO] Got response: '1689779147.864756'
client 2023-07-19 16:05:47,811 [INFO] The time difference between the client and the server is within range -58.589 ms..-53.783 ms
client 2023-07-19 16:05:47,811 [INFO] Sending command to the server: 'session,2023-07-19_16-05-47,start,ranging'
client 2023-07-19 16:06:16,472 [INFO] Got response: 'OK'
client 2023-07-19 16:06:16,473 [INFO] Sending command to the server: 'time'
client 2023-07-19 16:06:16,477 [INFO] Got response: '1689779176.5480711'
client 2023-07-19 16:06:16,478 [INFO] The time difference between the client and the server is within range -74.893 ms..-69.764 ms
client 2023-07-19 16:06:16,478 [INFO] Running the workload 'CM_MLPERF_RUN_COUNT=$(cat ${CM_RUN_DIR}/count.txt); echo ${CM_MLPERF_RUN_COUNT}; CM_MLPERF_RUN_COUNT=$((CM_MLPERF_RUN_COUNT+1)); echo ${CM_MLPERF_RUN_COUNT} > ${CM_RUN_DIR}/count.txt && if [ ${CM_MLPERF_RUN_COUNT} -eq "1" ]; then export CM_MLPERF_USER_CONF=${CM_MLPERF_RANGING_USER_CONF}; else export CM_MLPERF_USER_CONF=${CM_MLPERF_TESTING_USER_CONF}; fi && /home/arjun/CM/repos/ctuning@mlcommons-ck/cm-mlops/script/get-lib-armnn/run.out'
client 2023-07-19 16:11:28,347 [INFO] Sending command to the server: 'time'
client 2023-07-19 16:11:28,352 [INFO] Got response: '1689779488.4801712'
client 2023-07-19 16:11:28,352 [INFO] The time difference between the client and the server is within range -132.785 ms..-127.467 ms
client 2023-07-19 16:11:28,352 [INFO] Sending command to the server: 'session,2023-07-19_16-05-47,stop,ranging'
client 2023-07-19 16:11:38,871 [INFO] Got response: 'OK'
client 2023-07-19 16:11:38,872 [INFO] Sending command to the server: 'time'
client 2023-07-19 16:11:38,875 [INFO] Got response: '1689779499.0082662'
client 2023-07-19 16:11:38,875 [INFO] The time difference between the client and the server is within range -136.292 ms..-132.665 ms
client 2023-07-19 16:11:38,909 [INFO] Copying loadgen logs from '/home/arjun/mobilenet_results/valid_results/raspberrypi-tflite_armnn_cpp-cpu-armnn_tflite-v22.11-using_neon/mobilenet-v1-precision_uint8-1.0-160/singlestream/performance/run_1' to '/home/arjun/mobilenet_results/valid_results/raspberrypi-tflite_armnn_cpp-cpu-armnn_tflite-v22.11-using_neon/mobilenet-v1-precision_uint8-1.0-160/singlestream/performance/tmp_power/ranging'
client 2023-07-19 16:11:38,917 [INFO] Running workload in testing mode
client 2023-07-19 16:11:38,917 [INFO] Synchronizing with the server and with time.google.com...
client 2023-07-19 16:11:38,954 [INFO] NTP:offset = 0.195 s, delay = 0.018 s 
client 2023-07-19 16:11:38,954 [INFO] Sending command to the server: 'time'
client 2023-07-19 16:11:38,959 [INFO] Got response: '1689779499.0900486'
client 2023-07-19 16:11:38,960 [INFO] The time difference between the client and the server is within range -135.424 ms..-129.684 ms
client 2023-07-19 16:11:38,960 [INFO] Sending command to the server: 'session,2023-07-19_16-05-47,start,testing'
client 2023-07-19 16:11:51,999 [INFO] Got response: 'OK'
client 2023-07-19 16:11:52,000 [INFO] Sending command to the server: 'time'
client 2023-07-19 16:11:52,005 [INFO] Got response: '1689779512.1392763'
client 2023-07-19 16:11:52,006 [INFO] The time difference between the client and the server is within range -138.692 ms..-132.959 ms
client 2023-07-19 16:11:52,006 [INFO] Running the workload 'CM_MLPERF_RUN_COUNT=$(cat ${CM_RUN_DIR}/count.txt); echo ${CM_MLPERF_RUN_COUNT}; CM_MLPERF_RUN_COUNT=$((CM_MLPERF_RUN_COUNT+1)); echo ${CM_MLPERF_RUN_COUNT} > ${CM_RUN_DIR}/count.txt && if [ ${CM_MLPERF_RUN_COUNT} -eq "1" ]; then export CM_MLPERF_USER_CONF=${CM_MLPERF_RANGING_USER_CONF}; else export CM_MLPERF_USER_CONF=${CM_MLPERF_TESTING_USER_CONF}; fi && /home/arjun/CM/repos/ctuning@mlcommons-ck/cm-mlops/script/get-lib-armnn/run.out'
client 2023-07-19 16:22:12,314 [INFO] Sending command to the server: 'time'
client 2023-07-19 16:22:12,321 [INFO] Got response: '1689780132.21647'
client 2023-07-19 16:22:12,321 [INFO] The time difference between the client and the server is within range 97.284 ms..105.402 ms
client 2023-07-19 16:22:12,322 [INFO] Sending command to the server: 'session,2023-07-19_16-05-47,stop,testing'
client 2023-07-19 16:22:23,315 [INFO] Got response: 'OK'
client 2023-07-19 16:22:23,316 [INFO] Sending command to the server: 'time'
client 2023-07-19 16:22:23,433 [INFO] Got response: '1689780143.3285995'
client 2023-07-19 16:22:23,433 [INFO] The time difference between the client and the server is within range -12.192 ms..105.280 ms
client 2023-07-19 16:22:23,439 [INFO] Copying loadgen logs from '/home/arjun/mobilenet_results/valid_results/raspberrypi-tflite_armnn_cpp-cpu-armnn_tflite-v22.11-using_neon/mobilenet-v1-precision_uint8-1.0-160/singlestream/performance/run_1' to '/home/arjun/mobilenet_results/valid_results/raspberrypi-tflite_armnn_cpp-cpu-armnn_tflite-v22.11-using_neon/mobilenet-v1-precision_uint8-1.0-160/singlestream/performance/tmp_power/run_1'
client 2023-07-19 16:22:23,448 [INFO] Done runs
