client 2023-07-11 16:54:57,667 [INFO] Creating output directory '/home/arjun/mobilenet_results/valid_results/orin-tflite_armnn_cpp-cpu-armnn_tflite-v22.11-using_neon/mobilenet-v2-precision_float-0.35-128/singlestream/performance/tmp_power'
client 2023-07-11 16:54:57,670 [INFO] Sending command to the server: 'mlcommons/power client v3'
client 2023-07-11 16:54:57,672 [INFO] Got response: 'mlcommons/power server v3'
client 2023-07-11 16:54:57,672 [INFO] Synchronizing with the server and with time.google.com...
client 2023-07-11 16:54:57,691 [INFO] NTP:offset = -0.003 s, delay = 0.014 s 
client 2023-07-11 16:54:57,691 [INFO] Sending command to the server: 'time'
client 2023-07-11 16:54:57,694 [INFO] Got response: '1689090897.601018'
client 2023-07-11 16:54:57,694 [INFO] The time difference between the client and the server is within range 90.698 ms..93.529 ms
client 2023-07-11 16:54:57,694 [INFO] Sending command to the server: 'new,,054ba092-44d5-4e36-8795-6f3bea7361de'
client 2023-07-11 16:54:57,697 [INFO] Got response: 'OK 2023-07-11_16-54-57,8bdbfe1e-2d5a-4363-b159-8467153b9657'
client 2023-07-11 16:54:57,697 [INFO] Session id is '2023-07-11_16-54-57'
client 2023-07-11 16:54:57,697 [INFO] Sources: {"sources": {"__init__.py": "da39a3ee5e6b4b0d3255bfef95601890afd80709", "client.py": "33ca4f26368777ac06e01f9567b714a4b8063886", "lib/__init__.py": "da39a3ee5e6b4b0d3255bfef95601890afd80709", "lib/client.py": "ac2aa093c8e8bbc9569b9e2a3471bc64e58a2258", "lib/common.py": "611d8b29633d331eb19c9455ea3b5fa3284ed6df", "lib/external/__init__.py": "da39a3ee5e6b4b0d3255bfef95601890afd80709", "lib/external/ntplib.py": "4da8f970656505a40483206ef2b5d3dd5e81711d", "lib/server.py": "c7af63c31bb2fbedea4345f571f6e3507d268ada", "lib/source_hashes.py": "60a2e02193209e8d392803326208d5466342da18", "lib/summary.py": "aa92f0a3f975eecd44d3c0cd0236342ccc9f941d", "lib/time_sync.py": "122eba67a9abc85635223e054def53be1367ade2", "server.py": "c3f90f2f7eeb4db30727556d0c815ebc89b3d28b", "tests/unit/__init__.py": "da39a3ee5e6b4b0d3255bfef95601890afd80709", "tests/unit/test_server.py": "948c1995d4008bc2aa6c4046a34ffa3858d6d671", "tests/unit/test_source_hashes.py": "00468a2907583c593e6574a1f6b404e4651c221a"}, "modules": {"ptd_client_server.lib.client": "lib/client.py", "ptd_client_server.lib.common": "lib/common.py", "ptd_client_server.lib.external.ntplib": "lib/external/ntplib.py", "ptd_client_server.lib.source_hashes": "lib/source_hashes.py", "ptd_client_server.lib.summary": "lib/summary.py", "ptd_client_server.lib.time_sync": "lib/time_sync.py"}}
client 2023-07-11 16:54:57,697 [INFO] Running workload in ranging mode
client 2023-07-11 16:54:57,697 [INFO] Synchronizing with the server and with time.google.com...
client 2023-07-11 16:54:57,715 [INFO] NTP:offset = -0.002 s, delay = 0.016 s 
client 2023-07-11 16:54:57,715 [INFO] Sending command to the server: 'time'
client 2023-07-11 16:54:57,734 [INFO] Got response: '1689090897.6410213'
client 2023-07-11 16:54:57,734 [INFO] The time difference between the client and the server is within range 74.191 ms..93.564 ms
client 2023-07-11 16:54:57,734 [INFO] Sending command to the server: 'session,2023-07-11_16-54-57,start,ranging'
client 2023-07-11 16:55:26,368 [INFO] Got response: 'OK'
client 2023-07-11 16:55:26,369 [INFO] Sending command to the server: 'time'
client 2023-07-11 16:55:26,372 [INFO] Got response: '1689090926.2802644'
client 2023-07-11 16:55:26,373 [INFO] The time difference between the client and the server is within range 89.307 ms..92.719 ms
client 2023-07-11 16:55:26,373 [INFO] Running the workload 'CM_MLPERF_RUN_COUNT=$(cat ${CM_RUN_DIR}/count.txt); echo ${CM_MLPERF_RUN_COUNT}; CM_MLPERF_RUN_COUNT=$((CM_MLPERF_RUN_COUNT+1)); echo ${CM_MLPERF_RUN_COUNT} > ${CM_RUN_DIR}/count.txt && if [ ${CM_MLPERF_RUN_COUNT} -eq "1" ]; then export CM_MLPERF_USER_CONF=${CM_MLPERF_RANGING_USER_CONF}; else export CM_MLPERF_USER_CONF=${CM_MLPERF_TESTING_USER_CONF}; fi && /home/arjun/run.out'
client 2023-07-11 17:00:28,015 [INFO] Sending command to the server: 'time'
client 2023-07-11 17:00:28,018 [INFO] Got response: '1689091227.9310021'
client 2023-07-11 17:00:28,018 [INFO] The time difference between the client and the server is within range 84.504 ms..87.878 ms
client 2023-07-11 17:00:28,019 [INFO] Sending command to the server: 'session,2023-07-11_16-54-57,stop,ranging'
client 2023-07-11 17:00:38,711 [INFO] Got response: 'OK'
client 2023-07-11 17:00:38,711 [INFO] Sending command to the server: 'time'
client 2023-07-11 17:00:38,714 [INFO] Got response: '1689091238.6264377'
client 2023-07-11 17:00:38,714 [INFO] The time difference between the client and the server is within range 85.060 ms..88.196 ms
client 2023-07-11 17:00:38,740 [INFO] Copying loadgen logs from '/home/arjun/mobilenet_results/valid_results/orin-tflite_armnn_cpp-cpu-armnn_tflite-v22.11-using_neon/mobilenet-v2-precision_float-0.35-128/singlestream/performance/run_1' to '/home/arjun/mobilenet_results/valid_results/orin-tflite_armnn_cpp-cpu-armnn_tflite-v22.11-using_neon/mobilenet-v2-precision_float-0.35-128/singlestream/performance/tmp_power/ranging'
client 2023-07-11 17:00:38,742 [INFO] Running workload in testing mode
client 2023-07-11 17:00:38,742 [INFO] Synchronizing with the server and with time.google.com...
client 2023-07-11 17:00:38,760 [INFO] NTP:offset = -0.003 s, delay = 0.014 s 
client 2023-07-11 17:00:38,761 [INFO] Sending command to the server: 'time'
client 2023-07-11 17:00:38,763 [INFO] Got response: '1689091238.676633'
client 2023-07-11 17:00:38,764 [INFO] The time difference between the client and the server is within range 84.436 ms..87.527 ms
client 2023-07-11 17:00:38,764 [INFO] Sending command to the server: 'session,2023-07-11_16-54-57,start,testing'
client 2023-07-11 17:00:51,793 [INFO] Got response: 'OK'
client 2023-07-11 17:00:51,794 [INFO] Sending command to the server: 'time'
client 2023-07-11 17:00:51,797 [INFO] Got response: '1689091251.707651'
client 2023-07-11 17:00:51,797 [INFO] The time difference between the client and the server is within range 86.540 ms..89.630 ms
client 2023-07-11 17:00:51,797 [INFO] Running the workload 'CM_MLPERF_RUN_COUNT=$(cat ${CM_RUN_DIR}/count.txt); echo ${CM_MLPERF_RUN_COUNT}; CM_MLPERF_RUN_COUNT=$((CM_MLPERF_RUN_COUNT+1)); echo ${CM_MLPERF_RUN_COUNT} > ${CM_RUN_DIR}/count.txt && if [ ${CM_MLPERF_RUN_COUNT} -eq "1" ]; then export CM_MLPERF_USER_CONF=${CM_MLPERF_RANGING_USER_CONF}; else export CM_MLPERF_USER_CONF=${CM_MLPERF_TESTING_USER_CONF}; fi && /home/arjun/run.out'
client 2023-07-11 17:10:54,644 [INFO] Sending command to the server: 'time'
client 2023-07-11 17:10:54,647 [INFO] Got response: '1689091854.55372'
client 2023-07-11 17:10:54,647 [INFO] The time difference between the client and the server is within range 90.080 ms..93.836 ms
client 2023-07-11 17:10:54,647 [INFO] Sending command to the server: 'session,2023-07-11_16-54-57,stop,testing'
client 2023-07-11 17:11:04,888 [INFO] Got response: 'OK'
client 2023-07-11 17:11:04,889 [INFO] Sending command to the server: 'time'
client 2023-07-11 17:11:04,892 [INFO] Got response: '1689091864.8025947'
client 2023-07-11 17:11:04,892 [INFO] The time difference between the client and the server is within range 86.674 ms..90.047 ms
client 2023-07-11 17:11:04,897 [INFO] Copying loadgen logs from '/home/arjun/mobilenet_results/valid_results/orin-tflite_armnn_cpp-cpu-armnn_tflite-v22.11-using_neon/mobilenet-v2-precision_float-0.35-128/singlestream/performance/run_1' to '/home/arjun/mobilenet_results/valid_results/orin-tflite_armnn_cpp-cpu-armnn_tflite-v22.11-using_neon/mobilenet-v2-precision_float-0.35-128/singlestream/performance/tmp_power/run_1'
client 2023-07-11 17:11:04,899 [INFO] Done runs
