client 2023-07-12 21:29:04,021 [INFO] Creating output directory '/home/arjun/mobilenet_results/valid_results/orin-tflite_armnn_cpp-cpu-armnn_tflite-v23.05-using_neon/mobilenet-v1-precision_uint8-0.5-224/singlestream/performance/tmp_power'
client 2023-07-12 21:29:04,024 [INFO] Sending command to the server: 'mlcommons/power client v3'
client 2023-07-12 21:29:04,027 [INFO] Got response: 'mlcommons/power server v3'
client 2023-07-12 21:29:04,027 [INFO] Synchronizing with the server and with time.google.com...
client 2023-07-12 21:29:04,119 [INFO] NTP:offset = -0.043 s, delay = 0.087 s 
client 2023-07-12 21:29:04,119 [INFO] Sending command to the server: 'time'
client 2023-07-12 21:29:04,123 [INFO] Got response: '1689193744.0727935'
client 2023-07-12 21:29:04,123 [INFO] The time difference between the client and the server is within range 46.954 ms..50.406 ms
client 2023-07-12 21:29:04,123 [INFO] Sending command to the server: 'new,,a1634082-7904-4851-8902-dc78a48d9e37'
client 2023-07-12 21:29:04,128 [INFO] Got response: 'OK 2023-07-12_21-29-04,1fc3c55d-3544-43a5-b6c8-3152599273f1'
client 2023-07-12 21:29:04,128 [INFO] Session id is '2023-07-12_21-29-04'
client 2023-07-12 21:29:04,129 [INFO] Sources: {"sources": {"__init__.py": "da39a3ee5e6b4b0d3255bfef95601890afd80709", "client.py": "33ca4f26368777ac06e01f9567b714a4b8063886", "lib/__init__.py": "da39a3ee5e6b4b0d3255bfef95601890afd80709", "lib/client.py": "ac2aa093c8e8bbc9569b9e2a3471bc64e58a2258", "lib/common.py": "611d8b29633d331eb19c9455ea3b5fa3284ed6df", "lib/external/__init__.py": "da39a3ee5e6b4b0d3255bfef95601890afd80709", "lib/external/ntplib.py": "4da8f970656505a40483206ef2b5d3dd5e81711d", "lib/server.py": "c7af63c31bb2fbedea4345f571f6e3507d268ada", "lib/source_hashes.py": "60a2e02193209e8d392803326208d5466342da18", "lib/summary.py": "aa92f0a3f975eecd44d3c0cd0236342ccc9f941d", "lib/time_sync.py": "122eba67a9abc85635223e054def53be1367ade2", "server.py": "c3f90f2f7eeb4db30727556d0c815ebc89b3d28b", "tests/unit/__init__.py": "da39a3ee5e6b4b0d3255bfef95601890afd80709", "tests/unit/test_server.py": "948c1995d4008bc2aa6c4046a34ffa3858d6d671", "tests/unit/test_source_hashes.py": "00468a2907583c593e6574a1f6b404e4651c221a"}, "modules": {"ptd_client_server.lib.client": "lib/client.py", "ptd_client_server.lib.common": "lib/common.py", "ptd_client_server.lib.external.ntplib": "lib/external/ntplib.py", "ptd_client_server.lib.source_hashes": "lib/source_hashes.py", "ptd_client_server.lib.summary": "lib/summary.py", "ptd_client_server.lib.time_sync": "lib/time_sync.py"}}
client 2023-07-12 21:29:04,129 [INFO] Running workload in ranging mode
client 2023-07-12 21:29:04,129 [INFO] Synchronizing with the server and with time.google.com...
client 2023-07-12 21:29:04,221 [INFO] NTP:offset = -0.046 s, delay = 0.091 s 
client 2023-07-12 21:29:04,222 [INFO] Sending command to the server: 'time'
client 2023-07-12 21:29:04,229 [INFO] Got response: '1689193744.1751838'
client 2023-07-12 21:29:04,229 [INFO] The time difference between the client and the server is within range 46.845 ms..54.464 ms
client 2023-07-12 21:29:04,229 [INFO] Sending command to the server: 'session,2023-07-12_21-29-04,start,ranging'
client 2023-07-12 21:29:32,918 [INFO] Got response: 'OK'
client 2023-07-12 21:29:32,920 [INFO] Sending command to the server: 'time'
client 2023-07-12 21:29:32,924 [INFO] Got response: '1689193772.875031'
client 2023-07-12 21:29:32,924 [INFO] The time difference between the client and the server is within range 44.917 ms..49.648 ms
client 2023-07-12 21:29:32,925 [INFO] Running the workload 'CM_MLPERF_RUN_COUNT=$(cat ${CM_RUN_DIR}/count.txt); echo ${CM_MLPERF_RUN_COUNT}; CM_MLPERF_RUN_COUNT=$((CM_MLPERF_RUN_COUNT+1)); echo ${CM_MLPERF_RUN_COUNT} > ${CM_RUN_DIR}/count.txt && if [ ${CM_MLPERF_RUN_COUNT} -eq "1" ]; then export CM_MLPERF_USER_CONF=${CM_MLPERF_RANGING_USER_CONF}; else export CM_MLPERF_USER_CONF=${CM_MLPERF_TESTING_USER_CONF}; fi && /home/arjun/run.out'
client 2023-07-12 21:34:34,794 [INFO] Sending command to the server: 'time'
client 2023-07-12 21:34:34,797 [INFO] Got response: '1689194074.7487361'
client 2023-07-12 21:34:34,797 [INFO] The time difference between the client and the server is within range 45.116 ms..49.185 ms
client 2023-07-12 21:34:34,798 [INFO] Sending command to the server: 'session,2023-07-12_21-29-04,stop,ranging'
client 2023-07-12 21:34:44,995 [INFO] Got response: 'OK'
client 2023-07-12 21:34:44,996 [INFO] Sending command to the server: 'time'
client 2023-07-12 21:34:45,000 [INFO] Got response: '1689194084.9507384'
client 2023-07-12 21:34:45,000 [INFO] The time difference between the client and the server is within range 45.479 ms..49.861 ms
client 2023-07-12 21:34:45,053 [INFO] Copying loadgen logs from '/home/arjun/mobilenet_results/valid_results/orin-tflite_armnn_cpp-cpu-armnn_tflite-v23.05-using_neon/mobilenet-v1-precision_uint8-0.5-224/singlestream/performance/run_1' to '/home/arjun/mobilenet_results/valid_results/orin-tflite_armnn_cpp-cpu-armnn_tflite-v23.05-using_neon/mobilenet-v1-precision_uint8-0.5-224/singlestream/performance/tmp_power/ranging'
client 2023-07-12 21:34:45,056 [INFO] Running workload in testing mode
client 2023-07-12 21:34:45,057 [INFO] Synchronizing with the server and with time.google.com...
client 2023-07-12 21:34:45,079 [INFO] NTP:offset = -0.006 s, delay = 0.017 s 
client 2023-07-12 21:34:45,079 [INFO] Sending command to the server: 'time'
client 2023-07-12 21:34:45,082 [INFO] Got response: '1689194085.0324152'
client 2023-07-12 21:34:45,082 [INFO] The time difference between the client and the server is within range 46.840 ms..50.416 ms
client 2023-07-12 21:34:45,083 [INFO] Sending command to the server: 'session,2023-07-12_21-29-04,start,testing'
client 2023-07-12 21:34:58,116 [INFO] Got response: 'OK'
client 2023-07-12 21:34:58,117 [INFO] Sending command to the server: 'time'
client 2023-07-12 21:34:58,122 [INFO] Got response: '1689194098.0737047'
client 2023-07-12 21:34:58,122 [INFO] The time difference between the client and the server is within range 43.762 ms..49.088 ms
client 2023-07-12 21:34:58,123 [INFO] Running the workload 'CM_MLPERF_RUN_COUNT=$(cat ${CM_RUN_DIR}/count.txt); echo ${CM_MLPERF_RUN_COUNT}; CM_MLPERF_RUN_COUNT=$((CM_MLPERF_RUN_COUNT+1)); echo ${CM_MLPERF_RUN_COUNT} > ${CM_RUN_DIR}/count.txt && if [ ${CM_MLPERF_RUN_COUNT} -eq "1" ]; then export CM_MLPERF_USER_CONF=${CM_MLPERF_RANGING_USER_CONF}; else export CM_MLPERF_USER_CONF=${CM_MLPERF_TESTING_USER_CONF}; fi && /home/arjun/run.out'
client 2023-07-12 21:45:01,421 [INFO] Sending command to the server: 'time'
client 2023-07-12 21:45:01,425 [INFO] Got response: '1689194701.367819'
client 2023-07-12 21:45:01,425 [INFO] The time difference between the client and the server is within range 53.690 ms..57.722 ms
client 2023-07-12 21:45:01,425 [INFO] Sending command to the server: 'session,2023-07-12_21-29-04,stop,testing'
client 2023-07-12 21:45:12,190 [INFO] Got response: 'OK'
client 2023-07-12 21:45:12,191 [INFO] Sending command to the server: 'time'
client 2023-07-12 21:45:12,194 [INFO] Got response: '1689194712.1309273'
client 2023-07-12 21:45:12,194 [INFO] The time difference between the client and the server is within range 60.274 ms..63.543 ms
client 2023-07-12 21:45:12,199 [INFO] Copying loadgen logs from '/home/arjun/mobilenet_results/valid_results/orin-tflite_armnn_cpp-cpu-armnn_tflite-v23.05-using_neon/mobilenet-v1-precision_uint8-0.5-224/singlestream/performance/run_1' to '/home/arjun/mobilenet_results/valid_results/orin-tflite_armnn_cpp-cpu-armnn_tflite-v23.05-using_neon/mobilenet-v1-precision_uint8-0.5-224/singlestream/performance/tmp_power/run_1'
client 2023-07-12 21:45:12,201 [INFO] Done runs
