client 2023-08-07 07:45:21,686 [INFO] Creating output directory '/home/arjun/mobilenet_results/valid_results/orin-tflite_armnn_cpp-cpu-armnn_tflite-v23.05-using_neon/mobilenet-v1-precision_float-0.25-128/singlestream/performance/tmp_power'
client 2023-08-07 07:45:21,689 [INFO] Sending command to the server: 'mlcommons/power client v3'
client 2023-08-07 07:45:21,692 [INFO] Got response: 'mlcommons/power server v3'
client 2023-08-07 07:45:21,692 [INFO] Synchronizing with the server and with time.google.com...
client 2023-08-07 07:45:21,711 [INFO] NTP:offset = -0.000 s, delay = 0.016 s 
client 2023-08-07 07:45:21,711 [INFO] Sending command to the server: 'time'
client 2023-08-07 07:45:21,714 [INFO] Got response: '1691390721.657399'
client 2023-08-07 07:45:21,714 [INFO] The time difference between the client and the server is within range 54.101 ms..56.861 ms
client 2023-08-07 07:45:21,714 [INFO] Sending command to the server: 'new,,12a66775-a812-4862-9554-65c13efcfde4'
client 2023-08-07 07:45:21,717 [INFO] Got response: 'OK 2023-08-07_07-45-21,4fbe59cb-659a-424a-ae7c-0ae652198530'
client 2023-08-07 07:45:21,717 [INFO] Session id is '2023-08-07_07-45-21'
client 2023-08-07 07:45:21,717 [INFO] Sources: {"sources": {"__init__.py": "da39a3ee5e6b4b0d3255bfef95601890afd80709", "client.py": "33ca4f26368777ac06e01f9567b714a4b8063886", "lib/__init__.py": "da39a3ee5e6b4b0d3255bfef95601890afd80709", "lib/client.py": "ac2aa093c8e8bbc9569b9e2a3471bc64e58a2258", "lib/common.py": "611d8b29633d331eb19c9455ea3b5fa3284ed6df", "lib/external/__init__.py": "da39a3ee5e6b4b0d3255bfef95601890afd80709", "lib/external/ntplib.py": "4da8f970656505a40483206ef2b5d3dd5e81711d", "lib/server.py": "c7af63c31bb2fbedea4345f571f6e3507d268ada", "lib/source_hashes.py": "60a2e02193209e8d392803326208d5466342da18", "lib/summary.py": "aa92f0a3f975eecd44d3c0cd0236342ccc9f941d", "lib/time_sync.py": "122eba67a9abc85635223e054def53be1367ade2", "server.py": "c3f90f2f7eeb4db30727556d0c815ebc89b3d28b", "tests/unit/__init__.py": "da39a3ee5e6b4b0d3255bfef95601890afd80709", "tests/unit/test_server.py": "948c1995d4008bc2aa6c4046a34ffa3858d6d671", "tests/unit/test_source_hashes.py": "00468a2907583c593e6574a1f6b404e4651c221a"}, "modules": {"ptd_client_server.lib.client": "lib/client.py", "ptd_client_server.lib.common": "lib/common.py", "ptd_client_server.lib.external.ntplib": "lib/external/ntplib.py", "ptd_client_server.lib.source_hashes": "lib/source_hashes.py", "ptd_client_server.lib.summary": "lib/summary.py", "ptd_client_server.lib.time_sync": "lib/time_sync.py"}}
client 2023-08-07 07:45:21,717 [INFO] Running workload in ranging mode
client 2023-08-07 07:45:21,718 [INFO] Synchronizing with the server and with time.google.com...
client 2023-08-07 07:45:21,735 [INFO] NTP:offset = -0.000 s, delay = 0.017 s 
client 2023-08-07 07:45:21,735 [INFO] Sending command to the server: 'time'
client 2023-08-07 07:45:21,738 [INFO] Got response: '1691390721.6876547'
client 2023-08-07 07:45:21,738 [INFO] The time difference between the client and the server is within range 48.197 ms..50.668 ms
client 2023-08-07 07:45:21,738 [INFO] Sending command to the server: 'session,2023-08-07_07-45-21,start,ranging'
client 2023-08-07 07:45:50,431 [INFO] Got response: 'OK'
client 2023-08-07 07:45:50,432 [INFO] Sending command to the server: 'time'
client 2023-08-07 07:45:50,435 [INFO] Got response: '1691390750.378817'
client 2023-08-07 07:45:50,435 [INFO] The time difference between the client and the server is within range 53.318 ms..56.909 ms
client 2023-08-07 07:45:50,435 [INFO] Running the workload 'CM_MLPERF_RUN_COUNT=$(cat ${CM_RUN_DIR}/count.txt); echo ${CM_MLPERF_RUN_COUNT}; CM_MLPERF_RUN_COUNT=$((CM_MLPERF_RUN_COUNT+1)); echo ${CM_MLPERF_RUN_COUNT} > ${CM_RUN_DIR}/count.txt && if [ ${CM_MLPERF_RUN_COUNT} -eq "1" ]; then export CM_MLPERF_USER_CONF=${CM_MLPERF_RANGING_USER_CONF}; else export CM_MLPERF_USER_CONF=${CM_MLPERF_TESTING_USER_CONF}; fi && /mount/CM/repos/ctuning@mlcommons-ck/cm-mlops/script/run-all-mlperf-models/run.out'
client 2023-08-07 07:50:51,804 [INFO] Sending command to the server: 'time'
client 2023-08-07 07:50:51,807 [INFO] Got response: '1691391051.7471619'
client 2023-08-07 07:50:51,807 [INFO] The time difference between the client and the server is within range 57.128 ms..60.093 ms
client 2023-08-07 07:50:51,807 [INFO] Sending command to the server: 'session,2023-08-07_07-45-21,stop,ranging'
client 2023-08-07 07:51:02,800 [INFO] Got response: 'OK'
client 2023-08-07 07:51:02,800 [INFO] Sending command to the server: 'time'
client 2023-08-07 07:51:02,803 [INFO] Got response: '1691391062.7456152'
client 2023-08-07 07:51:02,804 [INFO] The time difference between the client and the server is within range 54.994 ms..58.435 ms
client 2023-08-07 07:51:02,807 [INFO] Copying loadgen logs from '/home/arjun/mobilenet_results/valid_results/orin-tflite_armnn_cpp-cpu-armnn_tflite-v23.05-using_neon/mobilenet-v1-precision_float-0.25-128/singlestream/performance/run_1' to '/home/arjun/mobilenet_results/valid_results/orin-tflite_armnn_cpp-cpu-armnn_tflite-v23.05-using_neon/mobilenet-v1-precision_float-0.25-128/singlestream/performance/tmp_power/ranging'
client 2023-08-07 07:51:02,808 [INFO] Running workload in testing mode
client 2023-08-07 07:51:02,808 [INFO] Synchronizing with the server and with time.google.com...
client 2023-08-07 07:51:02,824 [INFO] NTP:offset = -0.000 s, delay = 0.015 s 
client 2023-08-07 07:51:02,824 [INFO] Sending command to the server: 'time'
client 2023-08-07 07:51:02,827 [INFO] Got response: '1691391062.7659292'
client 2023-08-07 07:51:02,827 [INFO] The time difference between the client and the server is within range 58.699 ms..61.365 ms
client 2023-08-07 07:51:02,827 [INFO] Sending command to the server: 'session,2023-08-07_07-45-21,start,testing'
client 2023-08-07 07:51:15,875 [INFO] Got response: 'OK'
client 2023-08-07 07:51:15,875 [INFO] Sending command to the server: 'time'
client 2023-08-07 07:51:15,878 [INFO] Got response: '1691391075.8218384'
client 2023-08-07 07:51:15,878 [INFO] The time difference between the client and the server is within range 53.432 ms..56.523 ms
client 2023-08-07 07:51:15,878 [INFO] Running the workload 'CM_MLPERF_RUN_COUNT=$(cat ${CM_RUN_DIR}/count.txt); echo ${CM_MLPERF_RUN_COUNT}; CM_MLPERF_RUN_COUNT=$((CM_MLPERF_RUN_COUNT+1)); echo ${CM_MLPERF_RUN_COUNT} > ${CM_RUN_DIR}/count.txt && if [ ${CM_MLPERF_RUN_COUNT} -eq "1" ]; then export CM_MLPERF_USER_CONF=${CM_MLPERF_RANGING_USER_CONF}; else export CM_MLPERF_USER_CONF=${CM_MLPERF_TESTING_USER_CONF}; fi && /mount/CM/repos/ctuning@mlcommons-ck/cm-mlops/script/run-all-mlperf-models/run.out'
client 2023-08-07 08:01:18,356 [INFO] Sending command to the server: 'time'
client 2023-08-07 08:01:18,359 [INFO] Got response: '1691391678.298806'
client 2023-08-07 08:01:18,359 [INFO] The time difference between the client and the server is within range 57.745 ms..60.513 ms
client 2023-08-07 08:01:18,359 [INFO] Sending command to the server: 'session,2023-08-07_07-45-21,stop,testing'
client 2023-08-07 08:01:28,958 [INFO] Got response: 'OK'
client 2023-08-07 08:01:28,958 [INFO] Sending command to the server: 'time'
client 2023-08-07 08:01:28,963 [INFO] Got response: '1691391688.8965614'
client 2023-08-07 08:01:28,963 [INFO] The time difference between the client and the server is within range 61.953 ms..66.721 ms
client 2023-08-07 08:01:28,964 [INFO] Copying loadgen logs from '/home/arjun/mobilenet_results/valid_results/orin-tflite_armnn_cpp-cpu-armnn_tflite-v23.05-using_neon/mobilenet-v1-precision_float-0.25-128/singlestream/performance/run_1' to '/home/arjun/mobilenet_results/valid_results/orin-tflite_armnn_cpp-cpu-armnn_tflite-v23.05-using_neon/mobilenet-v1-precision_float-0.25-128/singlestream/performance/tmp_power/run_1'
client 2023-08-07 08:01:28,964 [INFO] Done runs
