client 2023-08-06 03:44:15,667 [INFO] Creating output directory '/home/arjun/mobilenet_results/valid_results/orin-tflite_cpp-cpu-tflite-vmaster-default_config/mobilenet-v1-precision_float-0.25-128/singlestream/performance/tmp_power'
client 2023-08-06 03:44:15,669 [INFO] Sending command to the server: 'mlcommons/power client v3'
client 2023-08-06 03:44:15,671 [INFO] Got response: 'mlcommons/power server v3'
client 2023-08-06 03:44:15,671 [INFO] Synchronizing with the server and with time.google.com...
client 2023-08-06 03:44:15,688 [INFO] NTP:offset = -0.010 s, delay = 0.014 s 
client 2023-08-06 03:44:15,688 [INFO] Sending command to the server: 'time'
client 2023-08-06 03:44:15,691 [INFO] Got response: '1691289855.6591046'
client 2023-08-06 03:44:15,691 [INFO] The time difference between the client and the server is within range 29.838 ms..32.728 ms
client 2023-08-06 03:44:15,691 [INFO] Sending command to the server: 'new,,cd0fb3d8-ca7a-4354-acf6-db0f683c1cee'
client 2023-08-06 03:44:15,696 [INFO] Got response: 'OK 2023-08-06_03-44-15,0a7a4152-4c1a-479f-a7e1-7579a8f8fc7a'
client 2023-08-06 03:44:15,696 [INFO] Session id is '2023-08-06_03-44-15'
client 2023-08-06 03:44:15,696 [INFO] Sources: {"sources": {"__init__.py": "da39a3ee5e6b4b0d3255bfef95601890afd80709", "client.py": "33ca4f26368777ac06e01f9567b714a4b8063886", "lib/__init__.py": "da39a3ee5e6b4b0d3255bfef95601890afd80709", "lib/client.py": "ac2aa093c8e8bbc9569b9e2a3471bc64e58a2258", "lib/common.py": "611d8b29633d331eb19c9455ea3b5fa3284ed6df", "lib/external/__init__.py": "da39a3ee5e6b4b0d3255bfef95601890afd80709", "lib/external/ntplib.py": "4da8f970656505a40483206ef2b5d3dd5e81711d", "lib/server.py": "c7af63c31bb2fbedea4345f571f6e3507d268ada", "lib/source_hashes.py": "60a2e02193209e8d392803326208d5466342da18", "lib/summary.py": "aa92f0a3f975eecd44d3c0cd0236342ccc9f941d", "lib/time_sync.py": "122eba67a9abc85635223e054def53be1367ade2", "server.py": "c3f90f2f7eeb4db30727556d0c815ebc89b3d28b", "tests/unit/__init__.py": "da39a3ee5e6b4b0d3255bfef95601890afd80709", "tests/unit/test_server.py": "948c1995d4008bc2aa6c4046a34ffa3858d6d671", "tests/unit/test_source_hashes.py": "00468a2907583c593e6574a1f6b404e4651c221a"}, "modules": {"ptd_client_server.lib.client": "lib/client.py", "ptd_client_server.lib.common": "lib/common.py", "ptd_client_server.lib.external.ntplib": "lib/external/ntplib.py", "ptd_client_server.lib.source_hashes": "lib/source_hashes.py", "ptd_client_server.lib.summary": "lib/summary.py", "ptd_client_server.lib.time_sync": "lib/time_sync.py"}}
client 2023-08-06 03:44:15,697 [INFO] Running workload in ranging mode
client 2023-08-06 03:44:15,697 [INFO] Synchronizing with the server and with time.google.com...
client 2023-08-06 03:44:15,712 [INFO] NTP:offset = -0.010 s, delay = 0.015 s 
client 2023-08-06 03:44:15,712 [INFO] Sending command to the server: 'time'
client 2023-08-06 03:44:15,716 [INFO] Got response: '1691289855.6900969'
client 2023-08-06 03:44:15,716 [INFO] The time difference between the client and the server is within range 22.852 ms..25.956 ms
client 2023-08-06 03:44:15,716 [INFO] Sending command to the server: 'session,2023-08-06_03-44-15,start,ranging'
client 2023-08-06 03:44:44,398 [INFO] Got response: 'OK'
client 2023-08-06 03:44:44,399 [INFO] Sending command to the server: 'time'
client 2023-08-06 03:44:44,402 [INFO] Got response: '1691289884.3750348'
client 2023-08-06 03:44:44,402 [INFO] The time difference between the client and the server is within range 24.060 ms..27.505 ms
client 2023-08-06 03:44:44,402 [INFO] Running the workload 'CM_MLPERF_RUN_COUNT=$(cat ${CM_RUN_DIR}/count.txt); echo ${CM_MLPERF_RUN_COUNT}; CM_MLPERF_RUN_COUNT=$((CM_MLPERF_RUN_COUNT+1)); echo ${CM_MLPERF_RUN_COUNT} > ${CM_RUN_DIR}/count.txt && if [ ${CM_MLPERF_RUN_COUNT} -eq "1" ]; then export CM_MLPERF_USER_CONF=${CM_MLPERF_RANGING_USER_CONF}; else export CM_MLPERF_USER_CONF=${CM_MLPERF_TESTING_USER_CONF}; fi && /mount/CM/repos/ctuning@mlcommons-ck/cm-mlops/script/run-all-mlperf-models/run.out'
client 2023-08-06 03:49:45,776 [INFO] Sending command to the server: 'time'
client 2023-08-06 03:49:45,778 [INFO] Got response: '1691290185.7438312'
client 2023-08-06 03:49:45,778 [INFO] The time difference between the client and the server is within range 32.252 ms..35.128 ms
client 2023-08-06 03:49:45,779 [INFO] Sending command to the server: 'session,2023-08-06_03-44-15,stop,ranging'
client 2023-08-06 03:49:56,604 [INFO] Got response: 'OK'
client 2023-08-06 03:49:56,604 [INFO] Sending command to the server: 'time'
client 2023-08-06 03:49:56,606 [INFO] Got response: '1691290196.5706153'
client 2023-08-06 03:49:56,606 [INFO] The time difference between the client and the server is within range 33.671 ms..36.038 ms
client 2023-08-06 03:49:56,610 [INFO] Copying loadgen logs from '/home/arjun/mobilenet_results/valid_results/orin-tflite_cpp-cpu-tflite-vmaster-default_config/mobilenet-v1-precision_float-0.25-128/singlestream/performance/run_1' to '/home/arjun/mobilenet_results/valid_results/orin-tflite_cpp-cpu-tflite-vmaster-default_config/mobilenet-v1-precision_float-0.25-128/singlestream/performance/tmp_power/ranging'
client 2023-08-06 03:49:56,610 [INFO] Running workload in testing mode
client 2023-08-06 03:49:56,611 [INFO] Synchronizing with the server and with time.google.com...
client 2023-08-06 03:49:56,626 [INFO] NTP:offset = -0.009 s, delay = 0.014 s 
client 2023-08-06 03:49:56,626 [INFO] Sending command to the server: 'time'
client 2023-08-06 03:49:56,629 [INFO] Got response: '1691290196.6006224'
client 2023-08-06 03:49:56,629 [INFO] The time difference between the client and the server is within range 25.683 ms..28.440 ms
client 2023-08-06 03:49:56,629 [INFO] Sending command to the server: 'session,2023-08-06_03-44-15,start,testing'
client 2023-08-06 03:50:09,675 [INFO] Got response: 'OK'
client 2023-08-06 03:50:09,675 [INFO] Sending command to the server: 'time'
client 2023-08-06 03:50:09,677 [INFO] Got response: '1691290209.6498609'
client 2023-08-06 03:50:09,677 [INFO] The time difference between the client and the server is within range 25.711 ms..27.649 ms
client 2023-08-06 03:50:09,677 [INFO] Running the workload 'CM_MLPERF_RUN_COUNT=$(cat ${CM_RUN_DIR}/count.txt); echo ${CM_MLPERF_RUN_COUNT}; CM_MLPERF_RUN_COUNT=$((CM_MLPERF_RUN_COUNT+1)); echo ${CM_MLPERF_RUN_COUNT} > ${CM_RUN_DIR}/count.txt && if [ ${CM_MLPERF_RUN_COUNT} -eq "1" ]; then export CM_MLPERF_USER_CONF=${CM_MLPERF_RANGING_USER_CONF}; else export CM_MLPERF_USER_CONF=${CM_MLPERF_TESTING_USER_CONF}; fi && /mount/CM/repos/ctuning@mlcommons-ck/cm-mlops/script/run-all-mlperf-models/run.out'
client 2023-08-06 04:00:12,150 [INFO] Sending command to the server: 'time'
client 2023-08-06 04:00:12,155 [INFO] Got response: '1691290812.1198082'
client 2023-08-06 04:00:12,155 [INFO] The time difference between the client and the server is within range 31.094 ms..35.440 ms
client 2023-08-06 04:00:12,155 [INFO] Sending command to the server: 'session,2023-08-06_03-44-15,stop,testing'
client 2023-08-06 04:00:22,749 [INFO] Got response: 'OK'
client 2023-08-06 04:00:22,749 [INFO] Sending command to the server: 'time'
client 2023-08-06 04:00:22,751 [INFO] Got response: '1691290822.7130089'
client 2023-08-06 04:00:22,751 [INFO] The time difference between the client and the server is within range 36.554 ms..38.413 ms
client 2023-08-06 04:00:22,752 [INFO] Copying loadgen logs from '/home/arjun/mobilenet_results/valid_results/orin-tflite_cpp-cpu-tflite-vmaster-default_config/mobilenet-v1-precision_float-0.25-128/singlestream/performance/run_1' to '/home/arjun/mobilenet_results/valid_results/orin-tflite_cpp-cpu-tflite-vmaster-default_config/mobilenet-v1-precision_float-0.25-128/singlestream/performance/tmp_power/run_1'
client 2023-08-06 04:00:22,752 [INFO] Done runs
