client 2023-09-01 19:51:44,896 [INFO] Creating output directory '/home/arjun/results_dir/valid_results/phoenix_Amd_Am5-reference-cpu-deepsparse-vdefault-default_config/mobilebert-14layer_pruned50_quant-none-vnni-bert-99/offline/performance/tmp_power'
client 2023-09-01 19:51:45,063 [INFO] Sending command to the server: 'mlcommons/power client v3'
client 2023-09-01 19:51:45,065 [INFO] Got response: 'mlcommons/power server v3'
client 2023-09-01 19:51:45,065 [INFO] Synchronizing with the server and with time.google.com...
client 2023-09-01 19:51:45,079 [INFO] NTP:offset = 0.000 s, delay = 0.012 s 
client 2023-09-01 19:51:45,079 [INFO] Sending command to the server: 'time'
client 2023-09-01 19:51:45,083 [INFO] Got response: '1693594305.0823739'
client 2023-09-01 19:51:45,083 [INFO] The time difference between the client and the server is within range -2.915 ms..0.949 ms
client 2023-09-01 19:51:45,083 [INFO] Sending command to the server: 'new,,53490d2c-5193-412c-a5c2-5fb3e64e32f9'
client 2023-09-01 19:51:45,086 [INFO] Got response: 'OK 2023-09-01_18-51-45,c2ac9709-5b62-4555-8866-2ed4e65a5cd1'
client 2023-09-01 19:51:45,087 [INFO] Session id is '2023-09-01_18-51-45'
client 2023-09-01 19:51:45,087 [INFO] Sources: {"sources": {"__init__.py": "da39a3ee5e6b4b0d3255bfef95601890afd80709", "client.py": "33ca4f26368777ac06e01f9567b714a4b8063886", "lib/__init__.py": "da39a3ee5e6b4b0d3255bfef95601890afd80709", "lib/client.py": "ac2aa093c8e8bbc9569b9e2a3471bc64e58a2258", "lib/common.py": "611d8b29633d331eb19c9455ea3b5fa3284ed6df", "lib/external/__init__.py": "da39a3ee5e6b4b0d3255bfef95601890afd80709", "lib/external/ntplib.py": "4da8f970656505a40483206ef2b5d3dd5e81711d", "lib/server.py": "c7af63c31bb2fbedea4345f571f6e3507d268ada", "lib/source_hashes.py": "60a2e02193209e8d392803326208d5466342da18", "lib/summary.py": "aa92f0a3f975eecd44d3c0cd0236342ccc9f941d", "lib/time_sync.py": "122eba67a9abc85635223e054def53be1367ade2", "server.py": "c3f90f2f7eeb4db30727556d0c815ebc89b3d28b", "tests/unit/__init__.py": "da39a3ee5e6b4b0d3255bfef95601890afd80709", "tests/unit/test_server.py": "948c1995d4008bc2aa6c4046a34ffa3858d6d671", "tests/unit/test_source_hashes.py": "00468a2907583c593e6574a1f6b404e4651c221a"}, "modules": {"ptd_client_server.lib.client": "lib/client.py", "ptd_client_server.lib.common": "lib/common.py", "ptd_client_server.lib.external.ntplib": "lib/external/ntplib.py", "ptd_client_server.lib.source_hashes": "lib/source_hashes.py", "ptd_client_server.lib.summary": "lib/summary.py", "ptd_client_server.lib.time_sync": "lib/time_sync.py"}}
client 2023-09-01 19:51:45,087 [INFO] Running workload in ranging mode
client 2023-09-01 19:51:45,087 [INFO] Synchronizing with the server and with time.google.com...
client 2023-09-01 19:51:45,106 [INFO] NTP:offset = 0.000 s, delay = 0.019 s 
client 2023-09-01 19:51:45,106 [INFO] Sending command to the server: 'time'
client 2023-09-01 19:51:45,108 [INFO] Got response: '1693594305.1083646'
client 2023-09-01 19:51:45,108 [INFO] The time difference between the client and the server is within range -1.733 ms..-0.206 ms
client 2023-09-01 19:51:45,108 [INFO] Sending command to the server: 'session,2023-09-01_18-51-45,start,ranging'
client 2023-09-01 19:52:13,188 [INFO] Got response: 'OK'
client 2023-09-01 19:52:13,189 [INFO] Sending command to the server: 'time'
client 2023-09-01 19:52:13,191 [INFO] Got response: '1693594333.191616'
client 2023-09-01 19:52:13,191 [INFO] The time difference between the client and the server is within range -2.552 ms..-0.198 ms
client 2023-09-01 19:52:13,191 [INFO] Running the workload 'CM_MLPERF_RUN_COUNT=$(cat ${CM_RUN_DIR}/count.txt); echo ${CM_MLPERF_RUN_COUNT}; CM_MLPERF_RUN_COUNT=$((CM_MLPERF_RUN_COUNT+1)); echo ${CM_MLPERF_RUN_COUNT} > ${CM_RUN_DIR}/count.txt && if [ ${CM_MLPERF_RUN_COUNT} -eq "1" ]; then export CM_MLPERF_USER_CONF=${CM_MLPERF_RANGING_USER_CONF}; else export CM_MLPERF_USER_CONF=${CM_MLPERF_TESTING_USER_CONF}; fi && /usr/bin/python3 run.py --backend=deepsparse --scenario=Offline --mlperf_conf "/home/arjun/CM/repos/local/cache/c90a1dd626e44096/inference/mlperf.conf" --user_conf "${CM_MLPERF_USER_CONF}" --quantized --batch_size=384 --model_path=/home/arjun/.cache/sparsezoo/2088879f-4211-4c25-8a70-daf64d43c6ca/model.onnx'
client 2023-09-01 19:59:16,815 [INFO] Sending command to the server: 'time'
client 2023-09-01 19:59:16,818 [INFO] Got response: '1693594756.8180366'
client 2023-09-01 19:59:16,818 [INFO] The time difference between the client and the server is within range -2.514 ms..0.168 ms
client 2023-09-01 19:59:16,818 [INFO] Sending command to the server: 'session,2023-09-01_18-51-45,stop,ranging'
client 2023-09-01 19:59:27,289 [INFO] Got response: 'OK'
client 2023-09-01 19:59:27,289 [INFO] Sending command to the server: 'time'
client 2023-09-01 19:59:27,291 [INFO] Got response: '1693594767.291564'
client 2023-09-01 19:59:27,291 [INFO] The time difference between the client and the server is within range -1.603 ms..-0.373 ms
client 2023-09-01 19:59:27,293 [INFO] Copying loadgen logs from '/home/arjun/results_dir/valid_results/phoenix_Amd_Am5-reference-cpu-deepsparse-vdefault-default_config/mobilebert-14layer_pruned50_quant-none-vnni-bert-99/offline/performance/run_1' to '/home/arjun/results_dir/valid_results/phoenix_Amd_Am5-reference-cpu-deepsparse-vdefault-default_config/mobilebert-14layer_pruned50_quant-none-vnni-bert-99/offline/performance/tmp_power/ranging'
client 2023-09-01 19:59:27,293 [INFO] Running workload in testing mode
client 2023-09-01 19:59:27,293 [INFO] Synchronizing with the server and with time.google.com...
client 2023-09-01 19:59:27,311 [INFO] NTP:offset = 0.001 s, delay = 0.017 s 
client 2023-09-01 19:59:27,311 [INFO] Sending command to the server: 'time'
client 2023-09-01 19:59:27,314 [INFO] Got response: '1693594767.3136556'
client 2023-09-01 19:59:27,314 [INFO] The time difference between the client and the server is within range -2.545 ms..0.938 ms
client 2023-09-01 19:59:27,314 [INFO] Sending command to the server: 'session,2023-09-01_18-51-45,start,testing'
client 2023-09-01 19:59:40,335 [INFO] Got response: 'OK'
client 2023-09-01 19:59:40,335 [INFO] Sending command to the server: 'time'
client 2023-09-01 19:59:40,337 [INFO] Got response: '1693594780.3376427'
client 2023-09-01 19:59:40,337 [INFO] The time difference between the client and the server is within range -2.063 ms..-0.166 ms
client 2023-09-01 19:59:40,337 [INFO] Running the workload 'CM_MLPERF_RUN_COUNT=$(cat ${CM_RUN_DIR}/count.txt); echo ${CM_MLPERF_RUN_COUNT}; CM_MLPERF_RUN_COUNT=$((CM_MLPERF_RUN_COUNT+1)); echo ${CM_MLPERF_RUN_COUNT} > ${CM_RUN_DIR}/count.txt && if [ ${CM_MLPERF_RUN_COUNT} -eq "1" ]; then export CM_MLPERF_USER_CONF=${CM_MLPERF_RANGING_USER_CONF}; else export CM_MLPERF_USER_CONF=${CM_MLPERF_TESTING_USER_CONF}; fi && /usr/bin/python3 run.py --backend=deepsparse --scenario=Offline --mlperf_conf "/home/arjun/CM/repos/local/cache/c90a1dd626e44096/inference/mlperf.conf" --user_conf "${CM_MLPERF_USER_CONF}" --quantized --batch_size=384 --model_path=/home/arjun/.cache/sparsezoo/2088879f-4211-4c25-8a70-daf64d43c6ca/model.onnx'
client 2023-09-01 20:12:18,085 [INFO] Sending command to the server: 'time'
client 2023-09-01 20:12:18,170 [INFO] Got response: '1693595538.1707597'
client 2023-09-01 20:12:18,170 [INFO] The time difference between the client and the server is within range -85.232 ms..0.098 ms
client 2023-09-01 20:12:18,170 [INFO] Sending command to the server: 'session,2023-09-01_18-51-45,stop,testing'
client 2023-09-01 20:12:28,391 [INFO] Got response: 'OK'
client 2023-09-01 20:12:28,391 [INFO] Sending command to the server: 'time'
client 2023-09-01 20:12:28,392 [INFO] Got response: '1693595548.3936028'
client 2023-09-01 20:12:28,392 [INFO] The time difference between the client and the server is within range -1.990 ms..-0.648 ms
client 2023-09-01 20:12:28,393 [INFO] Copying loadgen logs from '/home/arjun/results_dir/valid_results/phoenix_Amd_Am5-reference-cpu-deepsparse-vdefault-default_config/mobilebert-14layer_pruned50_quant-none-vnni-bert-99/offline/performance/run_1' to '/home/arjun/results_dir/valid_results/phoenix_Amd_Am5-reference-cpu-deepsparse-vdefault-default_config/mobilebert-14layer_pruned50_quant-none-vnni-bert-99/offline/performance/tmp_power/run_1'
client 2023-09-01 20:12:28,393 [INFO] Done runs
