client 2023-07-20 11:49:51,147 [INFO] Creating output directory '/home/arjun/mobilenet_results/valid_results/raspberrypi-tflite_armnn_cpp-cpu-armnn_tflite-v22.11-using_neon/efficientnet-fp32-lite2/singlestream/performance/tmp_power'
client 2023-07-20 11:49:51,150 [INFO] Sending command to the server: 'mlcommons/power client v3'
client 2023-07-20 11:49:51,153 [INFO] Got response: 'mlcommons/power server v3'
client 2023-07-20 11:49:51,153 [INFO] Synchronizing with the server and with time.google.com...
client 2023-07-20 11:49:51,188 [INFO] NTP:offset = -0.001 s, delay = 0.015 s 
client 2023-07-20 11:49:51,188 [INFO] Sending command to the server: 'time'
client 2023-07-20 11:49:51,191 [INFO] Got response: '1689850191.0514424'
client 2023-07-20 11:49:51,191 [INFO] The time difference between the client and the server is within range 137.177 ms..140.304 ms
client 2023-07-20 11:49:51,191 [INFO] Sending command to the server: 'new,,d1137a0c-d8ae-476f-964e-3cfbf89ff8f8'
client 2023-07-20 11:49:51,195 [INFO] Got response: 'OK 2023-07-20_11-49-51,33d3fc17-a1a5-4deb-8828-a1f322d60702'
client 2023-07-20 11:49:51,195 [INFO] Session id is '2023-07-20_11-49-51'
client 2023-07-20 11:49:51,195 [INFO] Sources: {"sources": {"__init__.py": "da39a3ee5e6b4b0d3255bfef95601890afd80709", "client.py": "33ca4f26368777ac06e01f9567b714a4b8063886", "lib/__init__.py": "da39a3ee5e6b4b0d3255bfef95601890afd80709", "lib/client.py": "ac2aa093c8e8bbc9569b9e2a3471bc64e58a2258", "lib/common.py": "611d8b29633d331eb19c9455ea3b5fa3284ed6df", "lib/external/__init__.py": "da39a3ee5e6b4b0d3255bfef95601890afd80709", "lib/external/ntplib.py": "4da8f970656505a40483206ef2b5d3dd5e81711d", "lib/server.py": "c7af63c31bb2fbedea4345f571f6e3507d268ada", "lib/source_hashes.py": "60a2e02193209e8d392803326208d5466342da18", "lib/summary.py": "aa92f0a3f975eecd44d3c0cd0236342ccc9f941d", "lib/time_sync.py": "122eba67a9abc85635223e054def53be1367ade2", "server.py": "c3f90f2f7eeb4db30727556d0c815ebc89b3d28b", "tests/unit/__init__.py": "da39a3ee5e6b4b0d3255bfef95601890afd80709", "tests/unit/test_server.py": "948c1995d4008bc2aa6c4046a34ffa3858d6d671", "tests/unit/test_source_hashes.py": "00468a2907583c593e6574a1f6b404e4651c221a"}, "modules": {"ptd_client_server.lib.client": "lib/client.py", "ptd_client_server.lib.common": "lib/common.py", "ptd_client_server.lib.external.ntplib": "lib/external/ntplib.py", "ptd_client_server.lib.source_hashes": "lib/source_hashes.py", "ptd_client_server.lib.summary": "lib/summary.py", "ptd_client_server.lib.time_sync": "lib/time_sync.py"}}
client 2023-07-20 11:49:51,196 [INFO] Running workload in ranging mode
client 2023-07-20 11:49:51,196 [INFO] Synchronizing with the server and with time.google.com...
client 2023-07-20 11:49:51,225 [INFO] NTP:offset = -0.003 s, delay = 0.014 s 
client 2023-07-20 11:49:51,225 [INFO] Sending command to the server: 'time'
client 2023-07-20 11:49:51,229 [INFO] Got response: '1689850191.0909941'
client 2023-07-20 11:49:51,229 [INFO] The time difference between the client and the server is within range 134.592 ms..138.219 ms
client 2023-07-20 11:49:51,229 [INFO] Sending command to the server: 'session,2023-07-20_11-49-51,start,ranging'
client 2023-07-20 11:50:19,947 [INFO] Got response: 'OK'
client 2023-07-20 11:50:19,947 [INFO] Sending command to the server: 'time'
client 2023-07-20 11:50:19,960 [INFO] Got response: '1689850219.8202083'
client 2023-07-20 11:50:19,960 [INFO] The time difference between the client and the server is within range 127.601 ms..140.635 ms
client 2023-07-20 11:50:19,961 [INFO] Running the workload 'CM_MLPERF_RUN_COUNT=$(cat ${CM_RUN_DIR}/count.txt); echo ${CM_MLPERF_RUN_COUNT}; CM_MLPERF_RUN_COUNT=$((CM_MLPERF_RUN_COUNT+1)); echo ${CM_MLPERF_RUN_COUNT} > ${CM_RUN_DIR}/count.txt && if [ ${CM_MLPERF_RUN_COUNT} -eq "1" ]; then export CM_MLPERF_USER_CONF=${CM_MLPERF_RANGING_USER_CONF}; else export CM_MLPERF_USER_CONF=${CM_MLPERF_TESTING_USER_CONF}; fi && /home/arjun/CM/repos/ctuning@mlcommons-ck/cm-mlops/script/get-lib-armnn/run.out'
client 2023-07-20 11:55:43,464 [INFO] Sending command to the server: 'time'
client 2023-07-20 11:55:43,470 [INFO] Got response: '1689850543.3282375'
client 2023-07-20 11:55:43,471 [INFO] The time difference between the client and the server is within range 136.285 ms..143.204 ms
client 2023-07-20 11:55:43,472 [INFO] Sending command to the server: 'session,2023-07-20_11-49-51,stop,ranging'
client 2023-07-20 11:55:54,260 [INFO] Got response: 'OK'
client 2023-07-20 11:55:54,260 [INFO] Sending command to the server: 'time'
client 2023-07-20 11:55:54,264 [INFO] Got response: '1689850554.1239948'
client 2023-07-20 11:55:54,265 [INFO] The time difference between the client and the server is within range 136.699 ms..140.953 ms
client 2023-07-20 11:55:54,298 [INFO] Copying loadgen logs from '/home/arjun/mobilenet_results/valid_results/raspberrypi-tflite_armnn_cpp-cpu-armnn_tflite-v22.11-using_neon/efficientnet-fp32-lite2/singlestream/performance/run_1' to '/home/arjun/mobilenet_results/valid_results/raspberrypi-tflite_armnn_cpp-cpu-armnn_tflite-v22.11-using_neon/efficientnet-fp32-lite2/singlestream/performance/tmp_power/ranging'
client 2023-07-20 11:55:54,302 [INFO] Running workload in testing mode
client 2023-07-20 11:55:54,302 [INFO] Synchronizing with the server and with time.google.com...
client 2023-07-20 11:55:54,336 [INFO] NTP:offset = -0.003 s, delay = 0.017 s 
client 2023-07-20 11:55:54,336 [INFO] Sending command to the server: 'time'
client 2023-07-20 11:55:54,342 [INFO] Got response: '1689850554.2056928'
client 2023-07-20 11:55:54,342 [INFO] The time difference between the client and the server is within range 131.152 ms..137.008 ms
client 2023-07-20 11:55:54,343 [INFO] Sending command to the server: 'session,2023-07-20_11-49-51,start,testing'
client 2023-07-20 11:56:07,398 [INFO] Got response: 'OK'
client 2023-07-20 11:56:07,399 [INFO] Sending command to the server: 'time'
client 2023-07-20 11:56:07,412 [INFO] Got response: '1689850567.2686446'
client 2023-07-20 11:56:07,412 [INFO] The time difference between the client and the server is within range 130.585 ms..143.736 ms
client 2023-07-20 11:56:07,412 [INFO] Running the workload 'CM_MLPERF_RUN_COUNT=$(cat ${CM_RUN_DIR}/count.txt); echo ${CM_MLPERF_RUN_COUNT}; CM_MLPERF_RUN_COUNT=$((CM_MLPERF_RUN_COUNT+1)); echo ${CM_MLPERF_RUN_COUNT} > ${CM_RUN_DIR}/count.txt && if [ ${CM_MLPERF_RUN_COUNT} -eq "1" ]; then export CM_MLPERF_USER_CONF=${CM_MLPERF_RANGING_USER_CONF}; else export CM_MLPERF_USER_CONF=${CM_MLPERF_TESTING_USER_CONF}; fi && /home/arjun/CM/repos/ctuning@mlcommons-ck/cm-mlops/script/get-lib-armnn/run.out'
client 2023-07-20 12:06:24,678 [INFO] Sending command to the server: 'time'
client 2023-07-20 12:06:24,682 [INFO] Got response: '1689851184.5319443'
client 2023-07-20 12:06:24,682 [INFO] The time difference between the client and the server is within range 146.172 ms..150.442 ms
client 2023-07-20 12:06:24,682 [INFO] Sending command to the server: 'session,2023-07-20_11-49-51,stop,testing'
client 2023-07-20 12:06:35,452 [INFO] Got response: 'OK'
client 2023-07-20 12:06:35,453 [INFO] Sending command to the server: 'time'
client 2023-07-20 12:06:35,456 [INFO] Got response: '1689851195.3070035'
client 2023-07-20 12:06:35,456 [INFO] The time difference between the client and the server is within range 146.131 ms..149.566 ms
client 2023-07-20 12:06:35,462 [INFO] Copying loadgen logs from '/home/arjun/mobilenet_results/valid_results/raspberrypi-tflite_armnn_cpp-cpu-armnn_tflite-v22.11-using_neon/efficientnet-fp32-lite2/singlestream/performance/run_1' to '/home/arjun/mobilenet_results/valid_results/raspberrypi-tflite_armnn_cpp-cpu-armnn_tflite-v22.11-using_neon/efficientnet-fp32-lite2/singlestream/performance/tmp_power/run_1'
client 2023-07-20 12:06:35,466 [INFO] Done runs
