client 2023-08-12 01:40:56,145 [INFO] Sending command to the server: 'mlcommons/power client v3'
client 2023-08-12 01:40:56,147 [INFO] Got response: 'mlcommons/power server v3'
client 2023-08-12 01:40:56,148 [INFO] Sending command to the server: 'stop'
client 2023-08-12 01:40:56,150 [INFO] Got response: 'OK'
client 2023-08-12 01:40:56,151 [INFO] Synchronizing with the server and with ib-01.dc4-in.nvidia.com...
client 2023-08-12 01:40:56,381 [INFO] NTP:offset = 0.001 s, delay = 0.217 s 
client 2023-08-12 01:40:56,381 [INFO] Sending command to the server: 'time'
client 2023-08-12 01:40:56,384 [INFO] Got response: '1691804456.385291'
client 2023-08-12 01:40:56,384 [INFO] The time difference between the client and the server is within range -3.569 ms..-0.350 ms
client 2023-08-12 01:40:56,385 [INFO] Sending command to the server: 'new,,37388f73-60f4-4da4-959c-7b615493370b'
client 2023-08-12 01:40:56,388 [INFO] Got response: 'OK 2023-08-11_18-40-56,748dfa2a-4ebc-4546-b655-ad11242040e2'
client 2023-08-12 01:40:56,388 [INFO] Session id is '2023-08-11_18-40-56'
client 2023-08-12 01:40:56,389 [INFO] Sources: {"sources": {"__init__.py": "da39a3ee5e6b4b0d3255bfef95601890afd80709", "client.py": "33ca4f26368777ac06e01f9567b714a4b8063886", "lib/__init__.py": "da39a3ee5e6b4b0d3255bfef95601890afd80709", "lib/client.py": "ac2aa093c8e8bbc9569b9e2a3471bc64e58a2258", "lib/common.py": "611d8b29633d331eb19c9455ea3b5fa3284ed6df", "lib/external/__init__.py": "da39a3ee5e6b4b0d3255bfef95601890afd80709", "lib/external/ntplib.py": "4da8f970656505a40483206ef2b5d3dd5e81711d", "lib/server.py": "c7af63c31bb2fbedea4345f571f6e3507d268ada", "lib/source_hashes.py": "60a2e02193209e8d392803326208d5466342da18", "lib/summary.py": "aa92f0a3f975eecd44d3c0cd0236342ccc9f941d", "lib/time_sync.py": "122eba67a9abc85635223e054def53be1367ade2", "server.py": "c3f90f2f7eeb4db30727556d0c815ebc89b3d28b", "tests/unit/__init__.py": "da39a3ee5e6b4b0d3255bfef95601890afd80709", "tests/unit/test_server.py": "948c1995d4008bc2aa6c4046a34ffa3858d6d671", "tests/unit/test_source_hashes.py": "00468a2907583c593e6574a1f6b404e4651c221a"}, "modules": {"ptd_client_server.lib.client": "lib/client.py", "ptd_client_server.lib.common": "lib/common.py", "ptd_client_server.lib.external.ntplib": "lib/external/ntplib.py", "ptd_client_server.lib.source_hashes": "lib/source_hashes.py", "ptd_client_server.lib.summary": "lib/summary.py", "ptd_client_server.lib.time_sync": "lib/time_sync.py"}}
client 2023-08-12 01:40:56,396 [INFO] Running workload in ranging mode
client 2023-08-12 01:40:56,396 [INFO] Synchronizing with the server and with ib-01.dc4-in.nvidia.com...
client 2023-08-12 01:40:56,618 [INFO] NTP:offset = 0.001 s, delay = 0.217 s 
client 2023-08-12 01:40:56,618 [INFO] Sending command to the server: 'time'
client 2023-08-12 01:40:56,621 [INFO] Got response: '1691804456.6224608'
client 2023-08-12 01:40:56,622 [INFO] The time difference between the client and the server is within range -3.557 ms..-0.389 ms
client 2023-08-12 01:40:56,622 [INFO] Sending command to the server: 'session,2023-08-11_18-40-56,start,ranging'
client 2023-08-12 01:41:24,732 [INFO] Got response: 'OK'
client 2023-08-12 01:41:24,732 [INFO] Sending command to the server: 'time'
client 2023-08-12 01:41:24,735 [INFO] Got response: '1691804484.7358763'
client 2023-08-12 01:41:24,735 [INFO] The time difference between the client and the server is within range -3.613 ms..0.059 ms
client 2023-08-12 01:41:24,736 [INFO] Running the workload 'LOG_DIR=/work/build/power_logs_temp python3.8 -m code.main --benchmarks=3d-unet --scenarios=SingleStream --test_mode=PerformanceOnly --config_ver=maxq_high_accuracy --action="run_harness" \\\n\t\t2>&1 | tee -a /work/build/power_logs/2023.08.12-01.40.07/stdout.txt \\\n\t\t&& if [ ! -d /work/build/power_logs/2023.08.12-01.40.07/ranging_tmp ]; \\\n\t\t\tthen mkdir /work/build/power_logs/2023.08.12-01.40.07/ranging_tmp \\\n\t\t\t\t&& mv /work/build/power_logs_temp/* /work/build/power_logs/2023.08.12-01.40.07/ranging_tmp/ \\\n\t\t\t\t&& cp -v /work/build/power_logs/2023.08.12-01.40.07/ranging_tmp/*/*/*/mlperf_log_detail.txt /work/build/power_logs_temp/ \\\n\t\t\t\t&& cp -v /work/build/power_logs/2023.08.12-01.40.07/ranging_tmp/*/*/*/mlperf_log_summary.txt /work/build/power_logs_temp/; \\\n\t\t\telse mkdir /work/build/power_logs/2023.08.12-01.40.07/testing_tmp \\\n\t\t\t\t&& mv /work/build/power_logs_temp/* /work/build/power_logs/2023.08.12-01.40.07/testing_tmp/ \\\n\t\t\t\t&& cp -v /work/build/power_logs/2023.08.12-01.40.07/testing_tmp/*/*/*/mlperf_log_detail.txt /work/build/power_logs_temp/ \\\n\t\t\t\t&& cp -v /work/build/power_logs/2023.08.12-01.40.07/testing_tmp/*/*/*/mlperf_log_summary.txt /work/build/power_logs_temp/; fi'
client 2023-08-12 02:23:26,547 [INFO] Sending command to the server: 'time'
client 2023-08-12 02:23:26,551 [INFO] Got response: '1691807006.5502539'
client 2023-08-12 02:23:26,551 [INFO] The time difference between the client and the server is within range -2.697 ms..1.070 ms
client 2023-08-12 02:23:26,551 [INFO] Sending command to the server: 'session,2023-08-11_18-40-56,stop,ranging'
client 2023-08-12 02:23:36,838 [INFO] Got response: 'OK'
client 2023-08-12 02:23:36,839 [INFO] Sending command to the server: 'time'
client 2023-08-12 02:23:36,844 [INFO] Got response: '1691807016.8423965'
client 2023-08-12 02:23:36,844 [INFO] The time difference between the client and the server is within range -2.702 ms..1.974 ms
client 2023-08-12 02:23:36,882 [INFO] Copying loadgen logs from '/work/build/power_logs_temp' to '/work/build/power_logs/2023.08.12-01.40.07/2023-08-11_18-40-56/ranging'
client 2023-08-12 02:23:36,922 [INFO] Running workload in testing mode
client 2023-08-12 02:23:36,923 [INFO] Synchronizing with the server and with ib-01.dc4-in.nvidia.com...
client 2023-08-12 02:23:37,149 [INFO] NTP:offset = 0.000 s, delay = 0.217 s 
client 2023-08-12 02:23:37,149 [INFO] Sending command to the server: 'time'
client 2023-08-12 02:23:37,153 [INFO] Got response: '1691807017.1519516'
client 2023-08-12 02:23:37,153 [INFO] The time difference between the client and the server is within range -2.455 ms..1.784 ms
client 2023-08-12 02:23:37,153 [INFO] Sending command to the server: 'session,2023-08-11_18-40-56,start,testing'
client 2023-08-12 02:23:50,182 [INFO] Got response: 'OK'
client 2023-08-12 02:23:50,183 [INFO] Sending command to the server: 'time'
client 2023-08-12 02:23:50,186 [INFO] Got response: '1691807030.1854453'
client 2023-08-12 02:23:50,187 [INFO] The time difference between the client and the server is within range -2.372 ms..1.766 ms
client 2023-08-12 02:23:50,187 [INFO] Running the workload 'LOG_DIR=/work/build/power_logs_temp python3.8 -m code.main --benchmarks=3d-unet --scenarios=SingleStream --test_mode=PerformanceOnly --config_ver=maxq_high_accuracy --action="run_harness" \\\n\t\t2>&1 | tee -a /work/build/power_logs/2023.08.12-01.40.07/stdout.txt \\\n\t\t&& if [ ! -d /work/build/power_logs/2023.08.12-01.40.07/ranging_tmp ]; \\\n\t\t\tthen mkdir /work/build/power_logs/2023.08.12-01.40.07/ranging_tmp \\\n\t\t\t\t&& mv /work/build/power_logs_temp/* /work/build/power_logs/2023.08.12-01.40.07/ranging_tmp/ \\\n\t\t\t\t&& cp -v /work/build/power_logs/2023.08.12-01.40.07/ranging_tmp/*/*/*/mlperf_log_detail.txt /work/build/power_logs_temp/ \\\n\t\t\t\t&& cp -v /work/build/power_logs/2023.08.12-01.40.07/ranging_tmp/*/*/*/mlperf_log_summary.txt /work/build/power_logs_temp/; \\\n\t\t\telse mkdir /work/build/power_logs/2023.08.12-01.40.07/testing_tmp \\\n\t\t\t\t&& mv /work/build/power_logs_temp/* /work/build/power_logs/2023.08.12-01.40.07/testing_tmp/ \\\n\t\t\t\t&& cp -v /work/build/power_logs/2023.08.12-01.40.07/testing_tmp/*/*/*/mlperf_log_detail.txt /work/build/power_logs_temp/ \\\n\t\t\t\t&& cp -v /work/build/power_logs/2023.08.12-01.40.07/testing_tmp/*/*/*/mlperf_log_summary.txt /work/build/power_logs_temp/; fi'
client 2023-08-12 03:05:36,413 [INFO] Sending command to the server: 'time'
client 2023-08-12 03:05:36,416 [INFO] Got response: '1691809536.4150991'
client 2023-08-12 03:05:36,416 [INFO] The time difference between the client and the server is within range -2.090 ms..1.440 ms
client 2023-08-12 03:05:36,416 [INFO] Sending command to the server: 'session,2023-08-11_18-40-56,stop,testing'
client 2023-08-12 03:05:47,250 [INFO] Got response: 'OK'
client 2023-08-12 03:05:47,251 [INFO] Sending command to the server: 'time'
client 2023-08-12 03:05:47,253 [INFO] Got response: '1691809547.2527692'
client 2023-08-12 03:05:47,254 [INFO] The time difference between the client and the server is within range -1.662 ms..1.390 ms
client 2023-08-12 03:05:47,270 [INFO] Copying loadgen logs from '/work/build/power_logs_temp' to '/work/build/power_logs/2023.08.12-01.40.07/2023-08-11_18-40-56/run_1'
client 2023-08-12 03:05:47,307 [INFO] Done runs
