client 2023-08-07 01:13:06,095 [INFO] Creating output directory '/home/arjun/mobilenet_results/valid_results/orin-tflite_armnn_cpp-cpu-armnn_tflite-v23.05-using_neon/mobilenet-v1-precision_float-1.0-128/singlestream/performance/tmp_power'
client 2023-08-07 01:13:06,105 [INFO] Sending command to the server: 'mlcommons/power client v3'
client 2023-08-07 01:13:06,110 [INFO] Got response: 'mlcommons/power server v3'
client 2023-08-07 01:13:06,110 [INFO] Synchronizing with the server and with time.google.com...
client 2023-08-07 01:13:06,126 [INFO] NTP:offset = 0.001 s, delay = 0.013 s 
client 2023-08-07 01:13:06,127 [INFO] Sending command to the server: 'time'
client 2023-08-07 01:13:06,131 [INFO] Got response: '1691367186.185661'
client 2023-08-07 01:13:06,131 [INFO] The time difference between the client and the server is within range -58.620 ms..-54.464 ms
client 2023-08-07 01:13:06,131 [INFO] Sending command to the server: 'new,,5d016391-ff5d-4414-8c3e-8a995233aa1d'
client 2023-08-07 01:13:06,136 [INFO] Got response: 'OK 2023-08-07_01-13-06,09f61fd5-a484-4eb5-a1b9-10c498d4d93e'
client 2023-08-07 01:13:06,136 [INFO] Session id is '2023-08-07_01-13-06'
client 2023-08-07 01:13:06,137 [INFO] Sources: {"sources": {"__init__.py": "da39a3ee5e6b4b0d3255bfef95601890afd80709", "client.py": "33ca4f26368777ac06e01f9567b714a4b8063886", "lib/__init__.py": "da39a3ee5e6b4b0d3255bfef95601890afd80709", "lib/client.py": "ac2aa093c8e8bbc9569b9e2a3471bc64e58a2258", "lib/common.py": "611d8b29633d331eb19c9455ea3b5fa3284ed6df", "lib/external/__init__.py": "da39a3ee5e6b4b0d3255bfef95601890afd80709", "lib/external/ntplib.py": "4da8f970656505a40483206ef2b5d3dd5e81711d", "lib/server.py": "c7af63c31bb2fbedea4345f571f6e3507d268ada", "lib/source_hashes.py": "60a2e02193209e8d392803326208d5466342da18", "lib/summary.py": "aa92f0a3f975eecd44d3c0cd0236342ccc9f941d", "lib/time_sync.py": "122eba67a9abc85635223e054def53be1367ade2", "server.py": "c3f90f2f7eeb4db30727556d0c815ebc89b3d28b", "tests/unit/__init__.py": "da39a3ee5e6b4b0d3255bfef95601890afd80709", "tests/unit/test_server.py": "948c1995d4008bc2aa6c4046a34ffa3858d6d671", "tests/unit/test_source_hashes.py": "00468a2907583c593e6574a1f6b404e4651c221a"}, "modules": {"ptd_client_server.lib.client": "lib/client.py", "ptd_client_server.lib.common": "lib/common.py", "ptd_client_server.lib.external.ntplib": "lib/external/ntplib.py", "ptd_client_server.lib.source_hashes": "lib/source_hashes.py", "ptd_client_server.lib.summary": "lib/summary.py", "ptd_client_server.lib.time_sync": "lib/time_sync.py"}}
client 2023-08-07 01:13:06,137 [INFO] Running workload in ranging mode
client 2023-08-07 01:13:06,137 [INFO] Synchronizing with the server and with time.google.com...
client 2023-08-07 01:13:06,154 [INFO] NTP:offset = 0.003 s, delay = 0.016 s 
client 2023-08-07 01:13:06,154 [INFO] Sending command to the server: 'time'
client 2023-08-07 01:13:06,161 [INFO] Got response: '1691367186.2162247'
client 2023-08-07 01:13:06,161 [INFO] The time difference between the client and the server is within range -61.493 ms..-54.769 ms
client 2023-08-07 01:13:06,161 [INFO] Sending command to the server: 'session,2023-08-07_01-13-06,start,ranging'
client 2023-08-07 01:13:34,868 [INFO] Got response: 'OK'
client 2023-08-07 01:13:34,868 [INFO] Sending command to the server: 'time'
client 2023-08-07 01:13:34,872 [INFO] Got response: '1691367214.9302576'
client 2023-08-07 01:13:34,872 [INFO] The time difference between the client and the server is within range -61.584 ms..-57.299 ms
client 2023-08-07 01:13:34,873 [INFO] Running the workload 'CM_MLPERF_RUN_COUNT=$(cat ${CM_RUN_DIR}/count.txt); echo ${CM_MLPERF_RUN_COUNT}; CM_MLPERF_RUN_COUNT=$((CM_MLPERF_RUN_COUNT+1)); echo ${CM_MLPERF_RUN_COUNT} > ${CM_RUN_DIR}/count.txt && if [ ${CM_MLPERF_RUN_COUNT} -eq "1" ]; then export CM_MLPERF_USER_CONF=${CM_MLPERF_RANGING_USER_CONF}; else export CM_MLPERF_USER_CONF=${CM_MLPERF_TESTING_USER_CONF}; fi && /mount/CM/repos/ctuning@mlcommons-ck/cm-mlops/script/run-all-mlperf-models/run.out'
client 2023-08-07 01:18:38,329 [INFO] Sending command to the server: 'time'
client 2023-08-07 01:18:38,333 [INFO] Got response: '1691367518.3908288'
client 2023-08-07 01:18:38,334 [INFO] The time difference between the client and the server is within range -61.004 ms..-56.828 ms
client 2023-08-07 01:18:38,334 [INFO] Sending command to the server: 'session,2023-08-07_01-13-06,stop,ranging'
client 2023-08-07 01:18:49,305 [INFO] Got response: 'OK'
client 2023-08-07 01:18:49,305 [INFO] Sending command to the server: 'time'
client 2023-08-07 01:18:49,308 [INFO] Got response: '1691367529.3697915'
client 2023-08-07 01:18:49,308 [INFO] The time difference between the client and the server is within range -63.825 ms..-61.085 ms
client 2023-08-07 01:18:49,312 [INFO] Copying loadgen logs from '/home/arjun/mobilenet_results/valid_results/orin-tflite_armnn_cpp-cpu-armnn_tflite-v23.05-using_neon/mobilenet-v1-precision_float-1.0-128/singlestream/performance/run_1' to '/home/arjun/mobilenet_results/valid_results/orin-tflite_armnn_cpp-cpu-armnn_tflite-v23.05-using_neon/mobilenet-v1-precision_float-1.0-128/singlestream/performance/tmp_power/ranging'
client 2023-08-07 01:18:49,313 [INFO] Running workload in testing mode
client 2023-08-07 01:18:49,313 [INFO] Synchronizing with the server and with time.google.com...
client 2023-08-07 01:18:49,327 [INFO] NTP:offset = 0.002 s, delay = 0.013 s 
client 2023-08-07 01:18:49,327 [INFO] Sending command to the server: 'time'
client 2023-08-07 01:18:49,331 [INFO] Got response: '1691367529.3902798'
client 2023-08-07 01:18:49,331 [INFO] The time difference between the client and the server is within range -62.371 ms..-59.054 ms
client 2023-08-07 01:18:49,331 [INFO] Sending command to the server: 'session,2023-08-07_01-13-06,start,testing'
client 2023-08-07 01:19:02,372 [INFO] Got response: 'OK'
client 2023-08-07 01:19:02,372 [INFO] Sending command to the server: 'time'
client 2023-08-07 01:19:02,377 [INFO] Got response: '1691367542.435644'
client 2023-08-07 01:19:02,377 [INFO] The time difference between the client and the server is within range -62.750 ms..-58.506 ms
client 2023-08-07 01:19:02,377 [INFO] Running the workload 'CM_MLPERF_RUN_COUNT=$(cat ${CM_RUN_DIR}/count.txt); echo ${CM_MLPERF_RUN_COUNT}; CM_MLPERF_RUN_COUNT=$((CM_MLPERF_RUN_COUNT+1)); echo ${CM_MLPERF_RUN_COUNT} > ${CM_RUN_DIR}/count.txt && if [ ${CM_MLPERF_RUN_COUNT} -eq "1" ]; then export CM_MLPERF_USER_CONF=${CM_MLPERF_RANGING_USER_CONF}; else export CM_MLPERF_USER_CONF=${CM_MLPERF_TESTING_USER_CONF}; fi && /mount/CM/repos/ctuning@mlcommons-ck/cm-mlops/script/run-all-mlperf-models/run.out'
client 2023-08-07 01:29:04,664 [INFO] Sending command to the server: 'time'
client 2023-08-07 01:29:04,668 [INFO] Got response: '1691368144.7360814'
client 2023-08-07 01:29:04,668 [INFO] The time difference between the client and the server is within range -71.500 ms..-67.221 ms
client 2023-08-07 01:29:04,668 [INFO] Sending command to the server: 'session,2023-08-07_01-13-06,stop,testing'
client 2023-08-07 01:29:15,489 [INFO] Got response: 'OK'
client 2023-08-07 01:29:15,490 [INFO] Sending command to the server: 'time'
client 2023-08-07 01:29:15,492 [INFO] Got response: '1691368155.5519595'
client 2023-08-07 01:29:15,492 [INFO] The time difference between the client and the server is within range -61.958 ms..-59.647 ms
client 2023-08-07 01:29:15,493 [INFO] Copying loadgen logs from '/home/arjun/mobilenet_results/valid_results/orin-tflite_armnn_cpp-cpu-armnn_tflite-v23.05-using_neon/mobilenet-v1-precision_float-1.0-128/singlestream/performance/run_1' to '/home/arjun/mobilenet_results/valid_results/orin-tflite_armnn_cpp-cpu-armnn_tflite-v23.05-using_neon/mobilenet-v1-precision_float-1.0-128/singlestream/performance/tmp_power/run_1'
client 2023-08-07 01:29:15,493 [INFO] Done runs
