client 2023-07-13 00:49:47,982 [INFO] Creating output directory '/home/arjun/mobilenet_results/valid_results/orin-tflite_armnn_cpp-cpu-armnn_tflite-v23.05-using_neon/mobilenet-v2-precision_float-1.0-128/singlestream/performance/tmp_power'
client 2023-07-13 00:49:48,050 [INFO] Sending command to the server: 'mlcommons/power client v3'
client 2023-07-13 00:49:48,054 [INFO] Got response: 'mlcommons/power server v3'
client 2023-07-13 00:49:48,054 [INFO] Synchronizing with the server and with time.google.com...
client 2023-07-13 00:49:48,151 [INFO] NTP:offset = -0.042 s, delay = 0.084 s 
client 2023-07-13 00:49:48,151 [INFO] Sending command to the server: 'time'
client 2023-07-13 00:49:48,157 [INFO] Got response: '1689205788.082284'
client 2023-07-13 00:49:48,157 [INFO] The time difference between the client and the server is within range 69.659 ms..75.213 ms
client 2023-07-13 00:49:48,157 [INFO] Sending command to the server: 'new,,f481be7b-dce8-4a4a-a5c3-9a2057fe6fc1'
client 2023-07-13 00:49:48,163 [INFO] Got response: 'OK 2023-07-13_00-49-48,2d7a636f-2531-4e87-95b2-8ba92d3a9db8'
client 2023-07-13 00:49:48,164 [INFO] Session id is '2023-07-13_00-49-48'
client 2023-07-13 00:49:48,165 [INFO] Sources: {"sources": {"__init__.py": "da39a3ee5e6b4b0d3255bfef95601890afd80709", "client.py": "33ca4f26368777ac06e01f9567b714a4b8063886", "lib/__init__.py": "da39a3ee5e6b4b0d3255bfef95601890afd80709", "lib/client.py": "ac2aa093c8e8bbc9569b9e2a3471bc64e58a2258", "lib/common.py": "611d8b29633d331eb19c9455ea3b5fa3284ed6df", "lib/external/__init__.py": "da39a3ee5e6b4b0d3255bfef95601890afd80709", "lib/external/ntplib.py": "4da8f970656505a40483206ef2b5d3dd5e81711d", "lib/server.py": "c7af63c31bb2fbedea4345f571f6e3507d268ada", "lib/source_hashes.py": "60a2e02193209e8d392803326208d5466342da18", "lib/summary.py": "aa92f0a3f975eecd44d3c0cd0236342ccc9f941d", "lib/time_sync.py": "122eba67a9abc85635223e054def53be1367ade2", "server.py": "c3f90f2f7eeb4db30727556d0c815ebc89b3d28b", "tests/unit/__init__.py": "da39a3ee5e6b4b0d3255bfef95601890afd80709", "tests/unit/test_server.py": "948c1995d4008bc2aa6c4046a34ffa3858d6d671", "tests/unit/test_source_hashes.py": "00468a2907583c593e6574a1f6b404e4651c221a"}, "modules": {"ptd_client_server.lib.client": "lib/client.py", "ptd_client_server.lib.common": "lib/common.py", "ptd_client_server.lib.external.ntplib": "lib/external/ntplib.py", "ptd_client_server.lib.source_hashes": "lib/source_hashes.py", "ptd_client_server.lib.summary": "lib/summary.py", "ptd_client_server.lib.time_sync": "lib/time_sync.py"}}
client 2023-07-13 00:49:48,165 [INFO] Running workload in ranging mode
client 2023-07-13 00:49:48,166 [INFO] Synchronizing with the server and with time.google.com...
client 2023-07-13 00:49:48,189 [INFO] NTP:offset = -0.010 s, delay = 0.020 s 
client 2023-07-13 00:49:48,189 [INFO] Sending command to the server: 'time'
client 2023-07-13 00:49:48,193 [INFO] Got response: '1689205788.1119354'
client 2023-07-13 00:49:48,193 [INFO] The time difference between the client and the server is within range 77.275 ms..81.829 ms
client 2023-07-13 00:49:48,193 [INFO] Sending command to the server: 'session,2023-07-13_00-49-48,start,ranging'
client 2023-07-13 00:50:17,178 [INFO] Got response: 'OK'
client 2023-07-13 00:50:17,179 [INFO] Sending command to the server: 'time'
client 2023-07-13 00:50:17,185 [INFO] Got response: '1689205817.1067154'
client 2023-07-13 00:50:17,185 [INFO] The time difference between the client and the server is within range 72.884 ms..78.715 ms
client 2023-07-13 00:50:17,185 [INFO] Running the workload 'CM_MLPERF_RUN_COUNT=$(cat ${CM_RUN_DIR}/count.txt); echo ${CM_MLPERF_RUN_COUNT}; CM_MLPERF_RUN_COUNT=$((CM_MLPERF_RUN_COUNT+1)); echo ${CM_MLPERF_RUN_COUNT} > ${CM_RUN_DIR}/count.txt && if [ ${CM_MLPERF_RUN_COUNT} -eq "1" ]; then export CM_MLPERF_USER_CONF=${CM_MLPERF_RANGING_USER_CONF}; else export CM_MLPERF_USER_CONF=${CM_MLPERF_TESTING_USER_CONF}; fi && /home/arjun/run.out'
client 2023-07-13 00:55:18,913 [INFO] Sending command to the server: 'time'
client 2023-07-13 00:55:18,918 [INFO] Got response: '1689206118.8437595'
client 2023-07-13 00:55:18,919 [INFO] The time difference between the client and the server is within range 69.584 ms..75.368 ms
client 2023-07-13 00:55:18,919 [INFO] Sending command to the server: 'session,2023-07-13_00-49-48,stop,ranging'
client 2023-07-13 00:55:29,249 [INFO] Got response: 'OK'
client 2023-07-13 00:55:29,250 [INFO] Sending command to the server: 'time'
client 2023-07-13 00:55:29,254 [INFO] Got response: '1689206129.1796649'
client 2023-07-13 00:55:29,255 [INFO] The time difference between the client and the server is within range 70.875 ms..75.634 ms
client 2023-07-13 00:55:29,286 [INFO] Copying loadgen logs from '/home/arjun/mobilenet_results/valid_results/orin-tflite_armnn_cpp-cpu-armnn_tflite-v23.05-using_neon/mobilenet-v2-precision_float-1.0-128/singlestream/performance/run_1' to '/home/arjun/mobilenet_results/valid_results/orin-tflite_armnn_cpp-cpu-armnn_tflite-v23.05-using_neon/mobilenet-v2-precision_float-1.0-128/singlestream/performance/tmp_power/ranging'
client 2023-07-13 00:55:29,289 [INFO] Running workload in testing mode
client 2023-07-13 00:55:29,289 [INFO] Synchronizing with the server and with time.google.com...
client 2023-07-13 00:55:29,311 [INFO] NTP:offset = -0.010 s, delay = 0.017 s 
client 2023-07-13 00:55:29,311 [INFO] Sending command to the server: 'time'
client 2023-07-13 00:55:29,315 [INFO] Got response: '1689206129.241126'
client 2023-07-13 00:55:29,315 [INFO] The time difference between the client and the server is within range 70.426 ms..74.675 ms
client 2023-07-13 00:55:29,316 [INFO] Sending command to the server: 'session,2023-07-13_00-49-48,start,testing'
client 2023-07-13 00:55:42,354 [INFO] Got response: 'OK'
client 2023-07-13 00:55:42,355 [INFO] Sending command to the server: 'time'
client 2023-07-13 00:55:42,361 [INFO] Got response: '1689206142.2765048'
client 2023-07-13 00:55:42,361 [INFO] The time difference between the client and the server is within range 79.338 ms..84.852 ms
client 2023-07-13 00:55:42,361 [INFO] Running the workload 'CM_MLPERF_RUN_COUNT=$(cat ${CM_RUN_DIR}/count.txt); echo ${CM_MLPERF_RUN_COUNT}; CM_MLPERF_RUN_COUNT=$((CM_MLPERF_RUN_COUNT+1)); echo ${CM_MLPERF_RUN_COUNT} > ${CM_RUN_DIR}/count.txt && if [ ${CM_MLPERF_RUN_COUNT} -eq "1" ]; then export CM_MLPERF_USER_CONF=${CM_MLPERF_RANGING_USER_CONF}; else export CM_MLPERF_USER_CONF=${CM_MLPERF_TESTING_USER_CONF}; fi && /home/arjun/run.out'
client 2023-07-13 01:05:45,409 [INFO] Sending command to the server: 'time'
client 2023-07-13 01:05:45,495 [INFO] Got response: '1689206745.4125183'
client 2023-07-13 01:05:45,495 [INFO] The time difference between the client and the server is within range -2.889 ms..83.297 ms
client 2023-07-13 01:05:45,496 [INFO] Sending command to the server: 'session,2023-07-13_00-49-48,stop,testing'
client 2023-07-13 01:05:56,430 [INFO] Got response: 'OK'
client 2023-07-13 01:05:56,432 [INFO] Sending command to the server: 'time'
client 2023-07-13 01:05:56,436 [INFO] Got response: '1689206756.3533864'
client 2023-07-13 01:05:56,436 [INFO] The time difference between the client and the server is within range 78.915 ms..83.436 ms
client 2023-07-13 01:05:56,441 [INFO] Copying loadgen logs from '/home/arjun/mobilenet_results/valid_results/orin-tflite_armnn_cpp-cpu-armnn_tflite-v23.05-using_neon/mobilenet-v2-precision_float-1.0-128/singlestream/performance/run_1' to '/home/arjun/mobilenet_results/valid_results/orin-tflite_armnn_cpp-cpu-armnn_tflite-v23.05-using_neon/mobilenet-v2-precision_float-1.0-128/singlestream/performance/tmp_power/run_1'
client 2023-07-13 01:05:56,443 [INFO] Done runs
