client 2023-09-01 17:52:09,249 [INFO] Creating output directory '/home/arjun/results_dir/valid_results/phoenix_Amd_Am5-reference-cpu-deepsparse-vdefault-default_config/obert-large-base-none-bert-99/offline/performance/tmp_power'
client 2023-09-01 17:52:10,071 [INFO] Sending command to the server: 'mlcommons/power client v3'
client 2023-09-01 17:52:10,073 [INFO] Got response: 'mlcommons/power server v3'
client 2023-09-01 17:52:10,073 [INFO] Synchronizing with the server and with time.google.com...
client 2023-09-01 17:52:10,095 [INFO] NTP:offset = -0.001 s, delay = 0.012 s 
client 2023-09-01 17:52:10,095 [INFO] Sending command to the server: 'time'
client 2023-09-01 17:52:10,219 [INFO] Got response: '1693587130.2182128'
client 2023-09-01 17:52:10,219 [INFO] The time difference between the client and the server is within range -122.709 ms..1.317 ms
client 2023-09-01 17:52:10,219 [INFO] Sending command to the server: 'new,,8a7e74b9-378d-4d98-a53b-07b159112993'
client 2023-09-01 17:52:10,222 [INFO] Got response: 'OK 2023-09-01_16-52-10,f30a6c36-5a95-4707-8e55-e90b603d18a0'
client 2023-09-01 17:52:10,223 [INFO] Session id is '2023-09-01_16-52-10'
client 2023-09-01 17:52:10,223 [INFO] Sources: {"sources": {"__init__.py": "da39a3ee5e6b4b0d3255bfef95601890afd80709", "client.py": "33ca4f26368777ac06e01f9567b714a4b8063886", "lib/__init__.py": "da39a3ee5e6b4b0d3255bfef95601890afd80709", "lib/client.py": "ac2aa093c8e8bbc9569b9e2a3471bc64e58a2258", "lib/common.py": "611d8b29633d331eb19c9455ea3b5fa3284ed6df", "lib/external/__init__.py": "da39a3ee5e6b4b0d3255bfef95601890afd80709", "lib/external/ntplib.py": "4da8f970656505a40483206ef2b5d3dd5e81711d", "lib/server.py": "c7af63c31bb2fbedea4345f571f6e3507d268ada", "lib/source_hashes.py": "60a2e02193209e8d392803326208d5466342da18", "lib/summary.py": "aa92f0a3f975eecd44d3c0cd0236342ccc9f941d", "lib/time_sync.py": "122eba67a9abc85635223e054def53be1367ade2", "server.py": "c3f90f2f7eeb4db30727556d0c815ebc89b3d28b", "tests/unit/__init__.py": "da39a3ee5e6b4b0d3255bfef95601890afd80709", "tests/unit/test_server.py": "948c1995d4008bc2aa6c4046a34ffa3858d6d671", "tests/unit/test_source_hashes.py": "00468a2907583c593e6574a1f6b404e4651c221a"}, "modules": {"ptd_client_server.lib.client": "lib/client.py", "ptd_client_server.lib.common": "lib/common.py", "ptd_client_server.lib.external.ntplib": "lib/external/ntplib.py", "ptd_client_server.lib.source_hashes": "lib/source_hashes.py", "ptd_client_server.lib.summary": "lib/summary.py", "ptd_client_server.lib.time_sync": "lib/time_sync.py"}}
client 2023-09-01 17:52:10,223 [INFO] Running workload in ranging mode
client 2023-09-01 17:52:10,223 [INFO] Synchronizing with the server and with time.google.com...
client 2023-09-01 17:52:10,240 [INFO] NTP:offset = -0.000 s, delay = 0.017 s 
client 2023-09-01 17:52:10,240 [INFO] Sending command to the server: 'time'
client 2023-09-01 17:52:10,243 [INFO] Got response: '1693587130.2429729'
client 2023-09-01 17:52:10,243 [INFO] The time difference between the client and the server is within range -1.999 ms..0.898 ms
client 2023-09-01 17:52:10,243 [INFO] Sending command to the server: 'session,2023-09-01_16-52-10,start,ranging'
client 2023-09-01 17:52:38,329 [INFO] Got response: 'OK'
client 2023-09-01 17:52:38,329 [INFO] Sending command to the server: 'time'
client 2023-09-01 17:52:38,331 [INFO] Got response: '1693587158.33055'
client 2023-09-01 17:52:38,331 [INFO] The time difference between the client and the server is within range -0.997 ms..1.009 ms
client 2023-09-01 17:52:38,331 [INFO] Running the workload 'CM_MLPERF_RUN_COUNT=$(cat ${CM_RUN_DIR}/count.txt); echo ${CM_MLPERF_RUN_COUNT}; CM_MLPERF_RUN_COUNT=$((CM_MLPERF_RUN_COUNT+1)); echo ${CM_MLPERF_RUN_COUNT} > ${CM_RUN_DIR}/count.txt && if [ ${CM_MLPERF_RUN_COUNT} -eq "1" ]; then export CM_MLPERF_USER_CONF=${CM_MLPERF_RANGING_USER_CONF}; else export CM_MLPERF_USER_CONF=${CM_MLPERF_TESTING_USER_CONF}; fi && /usr/bin/python3 run.py --backend=deepsparse --scenario=Offline --mlperf_conf "/home/arjun/CM/repos/local/cache/aa6e8001eef84e28/inference/mlperf.conf" --user_conf "${CM_MLPERF_USER_CONF}" --quantized --batch_size=384 --model_path=/home/arjun/.cache/sparsezoo/18281da5-da77-4aa3-904c-0aa25f8d9cf3/model.onnx'
client 2023-09-01 18:07:40,887 [INFO] Sending command to the server: 'time'
client 2023-09-01 18:07:40,890 [INFO] Got response: '1693588060.8891814'
client 2023-09-01 18:07:40,890 [INFO] The time difference between the client and the server is within range -1.558 ms..1.367 ms
client 2023-09-01 18:07:40,890 [INFO] Sending command to the server: 'session,2023-09-01_16-52-10,stop,ranging'
client 2023-09-01 18:07:51,410 [INFO] Got response: 'OK'
client 2023-09-01 18:07:51,411 [INFO] Sending command to the server: 'time'
client 2023-09-01 18:07:51,413 [INFO] Got response: '1693588071.4118388'
client 2023-09-01 18:07:51,413 [INFO] The time difference between the client and the server is within range -0.800 ms..1.441 ms
client 2023-09-01 18:07:51,429 [INFO] Copying loadgen logs from '/home/arjun/results_dir/valid_results/phoenix_Amd_Am5-reference-cpu-deepsparse-vdefault-default_config/obert-large-base-none-bert-99/offline/performance/run_1' to '/home/arjun/results_dir/valid_results/phoenix_Amd_Am5-reference-cpu-deepsparse-vdefault-default_config/obert-large-base-none-bert-99/offline/performance/tmp_power/ranging'
client 2023-09-01 18:07:51,430 [INFO] Running workload in testing mode
client 2023-09-01 18:07:51,430 [INFO] Synchronizing with the server and with time.google.com...
client 2023-09-01 18:07:51,447 [INFO] NTP:offset = -0.002 s, delay = 0.015 s 
client 2023-09-01 18:07:51,447 [INFO] Sending command to the server: 'time'
client 2023-09-01 18:07:51,448 [INFO] Got response: '1693588071.4480088'
client 2023-09-01 18:07:51,448 [INFO] The time difference between the client and the server is within range -0.757 ms..0.813 ms
client 2023-09-01 18:07:51,448 [INFO] Sending command to the server: 'session,2023-09-01_16-52-10,start,testing'
client 2023-09-01 18:08:04,468 [INFO] Got response: 'OK'
client 2023-09-01 18:08:04,468 [INFO] Sending command to the server: 'time'
client 2023-09-01 18:08:04,470 [INFO] Got response: '1693588084.4690614'
client 2023-09-01 18:08:04,470 [INFO] The time difference between the client and the server is within range -0.579 ms..1.188 ms
client 2023-09-01 18:08:04,470 [INFO] Running the workload 'CM_MLPERF_RUN_COUNT=$(cat ${CM_RUN_DIR}/count.txt); echo ${CM_MLPERF_RUN_COUNT}; CM_MLPERF_RUN_COUNT=$((CM_MLPERF_RUN_COUNT+1)); echo ${CM_MLPERF_RUN_COUNT} > ${CM_RUN_DIR}/count.txt && if [ ${CM_MLPERF_RUN_COUNT} -eq "1" ]; then export CM_MLPERF_USER_CONF=${CM_MLPERF_RANGING_USER_CONF}; else export CM_MLPERF_USER_CONF=${CM_MLPERF_TESTING_USER_CONF}; fi && /usr/bin/python3 run.py --backend=deepsparse --scenario=Offline --mlperf_conf "/home/arjun/CM/repos/local/cache/aa6e8001eef84e28/inference/mlperf.conf" --user_conf "${CM_MLPERF_USER_CONF}" --quantized --batch_size=384 --model_path=/home/arjun/.cache/sparsezoo/18281da5-da77-4aa3-904c-0aa25f8d9cf3/model.onnx'
client 2023-09-01 18:49:28,171 [INFO] Sending command to the server: 'time'
client 2023-09-01 18:49:28,261 [INFO] Got response: '1693590568.2602043'
client 2023-09-01 18:49:28,261 [INFO] The time difference between the client and the server is within range -89.017 ms..1.117 ms
client 2023-09-01 18:49:28,261 [INFO] Sending command to the server: 'session,2023-09-01_16-52-10,stop,testing'
client 2023-09-01 18:49:38,531 [INFO] Got response: 'OK'
client 2023-09-01 18:49:38,531 [INFO] Sending command to the server: 'time'
client 2023-09-01 18:49:38,532 [INFO] Got response: '1693590578.5325732'
client 2023-09-01 18:49:38,532 [INFO] The time difference between the client and the server is within range -0.935 ms..0.232 ms
client 2023-09-01 18:49:38,549 [INFO] Copying loadgen logs from '/home/arjun/results_dir/valid_results/phoenix_Amd_Am5-reference-cpu-deepsparse-vdefault-default_config/obert-large-base-none-bert-99/offline/performance/run_1' to '/home/arjun/results_dir/valid_results/phoenix_Amd_Am5-reference-cpu-deepsparse-vdefault-default_config/obert-large-base-none-bert-99/offline/performance/tmp_power/run_1'
client 2023-09-01 18:49:38,550 [INFO] Done runs
