client 2023-07-20 12:24:47,631 [INFO] Creating output directory '/home/arjun/mobilenet_results/valid_results/raspberrypi-tflite_armnn_cpp-cpu-armnn_tflite-v22.11-using_neon/efficientnet-fp32-lite3/singlestream/performance/tmp_power'
client 2023-07-20 12:24:47,636 [INFO] Sending command to the server: 'mlcommons/power client v3'
client 2023-07-20 12:24:47,640 [INFO] Got response: 'mlcommons/power server v3'
client 2023-07-20 12:24:47,640 [INFO] Synchronizing with the server and with time.google.com...
client 2023-07-20 12:24:47,702 [INFO] NTP:offset = -0.005 s, delay = 0.016 s 
client 2023-07-20 12:24:47,703 [INFO] Sending command to the server: 'time'
client 2023-07-20 12:24:47,708 [INFO] Got response: '1689852287.54442'
client 2023-07-20 12:24:47,708 [INFO] The time difference between the client and the server is within range 158.985 ms..163.959 ms
client 2023-07-20 12:24:47,708 [INFO] Sending command to the server: 'new,,7093ab7f-25d1-4ac0-9c70-2d5a653896e7'
client 2023-07-20 12:24:47,713 [INFO] Got response: 'OK 2023-07-20_12-24-47,a0d59f77-3f16-4bb1-a255-2d6bea6979c3'
client 2023-07-20 12:24:47,714 [INFO] Session id is '2023-07-20_12-24-47'
client 2023-07-20 12:24:47,714 [INFO] Sources: {"sources": {"__init__.py": "da39a3ee5e6b4b0d3255bfef95601890afd80709", "client.py": "33ca4f26368777ac06e01f9567b714a4b8063886", "lib/__init__.py": "da39a3ee5e6b4b0d3255bfef95601890afd80709", "lib/client.py": "ac2aa093c8e8bbc9569b9e2a3471bc64e58a2258", "lib/common.py": "611d8b29633d331eb19c9455ea3b5fa3284ed6df", "lib/external/__init__.py": "da39a3ee5e6b4b0d3255bfef95601890afd80709", "lib/external/ntplib.py": "4da8f970656505a40483206ef2b5d3dd5e81711d", "lib/server.py": "c7af63c31bb2fbedea4345f571f6e3507d268ada", "lib/source_hashes.py": "60a2e02193209e8d392803326208d5466342da18", "lib/summary.py": "aa92f0a3f975eecd44d3c0cd0236342ccc9f941d", "lib/time_sync.py": "122eba67a9abc85635223e054def53be1367ade2", "server.py": "c3f90f2f7eeb4db30727556d0c815ebc89b3d28b", "tests/unit/__init__.py": "da39a3ee5e6b4b0d3255bfef95601890afd80709", "tests/unit/test_server.py": "948c1995d4008bc2aa6c4046a34ffa3858d6d671", "tests/unit/test_source_hashes.py": "00468a2907583c593e6574a1f6b404e4651c221a"}, "modules": {"ptd_client_server.lib.client": "lib/client.py", "ptd_client_server.lib.common": "lib/common.py", "ptd_client_server.lib.external.ntplib": "lib/external/ntplib.py", "ptd_client_server.lib.source_hashes": "lib/source_hashes.py", "ptd_client_server.lib.summary": "lib/summary.py", "ptd_client_server.lib.time_sync": "lib/time_sync.py"}}
client 2023-07-20 12:24:47,715 [INFO] Running workload in ranging mode
client 2023-07-20 12:24:47,716 [INFO] Synchronizing with the server and with time.google.com...
client 2023-07-20 12:24:47,750 [INFO] NTP:offset = -0.005 s, delay = 0.017 s 
client 2023-07-20 12:24:47,750 [INFO] Sending command to the server: 'time'
client 2023-07-20 12:24:47,755 [INFO] Got response: '1689852287.5949314'
client 2023-07-20 12:24:47,755 [INFO] The time difference between the client and the server is within range 155.956 ms..160.955 ms
client 2023-07-20 12:24:47,756 [INFO] Sending command to the server: 'session,2023-07-20_12-24-47,start,ranging'
client 2023-07-20 12:25:16,455 [INFO] Got response: 'OK'
client 2023-07-20 12:25:16,456 [INFO] Sending command to the server: 'time'
client 2023-07-20 12:25:16,459 [INFO] Got response: '1689852316.2979622'
client 2023-07-20 12:25:16,460 [INFO] The time difference between the client and the server is within range 158.283 ms..161.990 ms
client 2023-07-20 12:25:16,460 [INFO] Running the workload 'CM_MLPERF_RUN_COUNT=$(cat ${CM_RUN_DIR}/count.txt); echo ${CM_MLPERF_RUN_COUNT}; CM_MLPERF_RUN_COUNT=$((CM_MLPERF_RUN_COUNT+1)); echo ${CM_MLPERF_RUN_COUNT} > ${CM_RUN_DIR}/count.txt && if [ ${CM_MLPERF_RUN_COUNT} -eq "1" ]; then export CM_MLPERF_USER_CONF=${CM_MLPERF_RANGING_USER_CONF}; else export CM_MLPERF_USER_CONF=${CM_MLPERF_TESTING_USER_CONF}; fi && /home/arjun/CM/repos/ctuning@mlcommons-ck/cm-mlops/script/get-lib-armnn/run.out'
client 2023-07-20 12:30:42,052 [INFO] Sending command to the server: 'time'
client 2023-07-20 12:30:42,057 [INFO] Got response: '1689852641.8886561'
client 2023-07-20 12:30:42,057 [INFO] The time difference between the client and the server is within range 163.334 ms..168.645 ms
client 2023-07-20 12:30:42,057 [INFO] Sending command to the server: 'session,2023-07-20_12-24-47,stop,ranging'
client 2023-07-20 12:30:52,860 [INFO] Got response: 'OK'
client 2023-07-20 12:30:52,860 [INFO] Sending command to the server: 'time'
client 2023-07-20 12:30:52,864 [INFO] Got response: '1689852652.7015624'
client 2023-07-20 12:30:52,865 [INFO] The time difference between the client and the server is within range 159.123 ms..163.628 ms
client 2023-07-20 12:30:52,903 [INFO] Copying loadgen logs from '/home/arjun/mobilenet_results/valid_results/raspberrypi-tflite_armnn_cpp-cpu-armnn_tflite-v22.11-using_neon/efficientnet-fp32-lite3/singlestream/performance/run_1' to '/home/arjun/mobilenet_results/valid_results/raspberrypi-tflite_armnn_cpp-cpu-armnn_tflite-v22.11-using_neon/efficientnet-fp32-lite3/singlestream/performance/tmp_power/ranging'
client 2023-07-20 12:30:52,906 [INFO] Running workload in testing mode
client 2023-07-20 12:30:52,907 [INFO] Synchronizing with the server and with time.google.com...
client 2023-07-20 12:30:52,937 [INFO] NTP:offset = -0.005 s, delay = 0.014 s 
client 2023-07-20 12:30:52,938 [INFO] Sending command to the server: 'time'
client 2023-07-20 12:30:52,943 [INFO] Got response: '1689852652.7785132'
client 2023-07-20 12:30:52,943 [INFO] The time difference between the client and the server is within range 159.712 ms..164.953 ms
client 2023-07-20 12:30:52,943 [INFO] Sending command to the server: 'session,2023-07-20_12-24-47,start,testing'
client 2023-07-20 12:31:05,987 [INFO] Got response: 'OK'
client 2023-07-20 12:31:05,988 [INFO] Sending command to the server: 'time'
client 2023-07-20 12:31:06,002 [INFO] Got response: '1689852665.8299313'
client 2023-07-20 12:31:06,002 [INFO] The time difference between the client and the server is within range 158.136 ms..172.827 ms
client 2023-07-20 12:31:06,003 [INFO] Running the workload 'CM_MLPERF_RUN_COUNT=$(cat ${CM_RUN_DIR}/count.txt); echo ${CM_MLPERF_RUN_COUNT}; CM_MLPERF_RUN_COUNT=$((CM_MLPERF_RUN_COUNT+1)); echo ${CM_MLPERF_RUN_COUNT} > ${CM_RUN_DIR}/count.txt && if [ ${CM_MLPERF_RUN_COUNT} -eq "1" ]; then export CM_MLPERF_USER_CONF=${CM_MLPERF_RANGING_USER_CONF}; else export CM_MLPERF_USER_CONF=${CM_MLPERF_TESTING_USER_CONF}; fi && /home/arjun/CM/repos/ctuning@mlcommons-ck/cm-mlops/script/get-lib-armnn/run.out'
client 2023-07-20 12:41:22,088 [INFO] Sending command to the server: 'time'
client 2023-07-20 12:41:22,093 [INFO] Got response: '1689853281.9236982'
client 2023-07-20 12:41:22,093 [INFO] The time difference between the client and the server is within range 164.869 ms..170.126 ms
client 2023-07-20 12:41:22,094 [INFO] Sending command to the server: 'session,2023-07-20_12-24-47,stop,testing'
client 2023-07-20 12:41:33,067 [INFO] Got response: 'OK'
client 2023-07-20 12:41:33,068 [INFO] Sending command to the server: 'time'
client 2023-07-20 12:41:33,071 [INFO] Got response: '1689853292.8965983'
client 2023-07-20 12:41:33,071 [INFO] The time difference between the client and the server is within range 171.519 ms..175.291 ms
client 2023-07-20 12:41:33,077 [INFO] Copying loadgen logs from '/home/arjun/mobilenet_results/valid_results/raspberrypi-tflite_armnn_cpp-cpu-armnn_tflite-v22.11-using_neon/efficientnet-fp32-lite3/singlestream/performance/run_1' to '/home/arjun/mobilenet_results/valid_results/raspberrypi-tflite_armnn_cpp-cpu-armnn_tflite-v22.11-using_neon/efficientnet-fp32-lite3/singlestream/performance/tmp_power/run_1'
client 2023-07-20 12:41:33,081 [INFO] Done runs
