client 2023-07-11 19:55:56,558 [INFO] Creating output directory '/home/arjun/mobilenet_results/valid_results/orin-tflite_armnn_cpp-cpu-armnn_tflite-v22.11-using_neon/efficientnet-fp32-lite1/singlestream/performance/tmp_power'
client 2023-07-11 19:55:56,561 [INFO] Sending command to the server: 'mlcommons/power client v3'
client 2023-07-11 19:55:56,564 [INFO] Got response: 'mlcommons/power server v3'
client 2023-07-11 19:55:56,564 [INFO] Synchronizing with the server and with time.google.com...
client 2023-07-11 19:55:56,582 [INFO] NTP:offset = -0.018 s, delay = 0.014 s 
client 2023-07-11 19:55:56,583 [INFO] Sending command to the server: 'time'
client 2023-07-11 19:55:56,585 [INFO] Got response: '1689101756.4956863'
client 2023-07-11 19:55:56,585 [INFO] The time difference between the client and the server is within range 87.382 ms..89.897 ms
client 2023-07-11 19:55:56,585 [INFO] Sending command to the server: 'new,,f9abb84f-609c-41cb-9a81-6a7c62d69310'
client 2023-07-11 19:55:56,588 [INFO] Got response: 'OK 2023-07-11_19-55-56,f26c31ee-f0bc-46f4-b54b-b921d7e22d8f'
client 2023-07-11 19:55:56,588 [INFO] Session id is '2023-07-11_19-55-56'
client 2023-07-11 19:55:56,588 [INFO] Sources: {"sources": {"__init__.py": "da39a3ee5e6b4b0d3255bfef95601890afd80709", "client.py": "33ca4f26368777ac06e01f9567b714a4b8063886", "lib/__init__.py": "da39a3ee5e6b4b0d3255bfef95601890afd80709", "lib/client.py": "ac2aa093c8e8bbc9569b9e2a3471bc64e58a2258", "lib/common.py": "611d8b29633d331eb19c9455ea3b5fa3284ed6df", "lib/external/__init__.py": "da39a3ee5e6b4b0d3255bfef95601890afd80709", "lib/external/ntplib.py": "4da8f970656505a40483206ef2b5d3dd5e81711d", "lib/server.py": "c7af63c31bb2fbedea4345f571f6e3507d268ada", "lib/source_hashes.py": "60a2e02193209e8d392803326208d5466342da18", "lib/summary.py": "aa92f0a3f975eecd44d3c0cd0236342ccc9f941d", "lib/time_sync.py": "122eba67a9abc85635223e054def53be1367ade2", "server.py": "c3f90f2f7eeb4db30727556d0c815ebc89b3d28b", "tests/unit/__init__.py": "da39a3ee5e6b4b0d3255bfef95601890afd80709", "tests/unit/test_server.py": "948c1995d4008bc2aa6c4046a34ffa3858d6d671", "tests/unit/test_source_hashes.py": "00468a2907583c593e6574a1f6b404e4651c221a"}, "modules": {"ptd_client_server.lib.client": "lib/client.py", "ptd_client_server.lib.common": "lib/common.py", "ptd_client_server.lib.external.ntplib": "lib/external/ntplib.py", "ptd_client_server.lib.source_hashes": "lib/source_hashes.py", "ptd_client_server.lib.summary": "lib/summary.py", "ptd_client_server.lib.time_sync": "lib/time_sync.py"}}
client 2023-07-11 19:55:56,589 [INFO] Running workload in ranging mode
client 2023-07-11 19:55:56,589 [INFO] Synchronizing with the server and with time.google.com...
client 2023-07-11 19:55:56,604 [INFO] NTP:offset = -0.018 s, delay = 0.014 s 
client 2023-07-11 19:55:56,604 [INFO] Sending command to the server: 'time'
client 2023-07-11 19:55:56,606 [INFO] Got response: '1689101756.5153313'
client 2023-07-11 19:55:56,606 [INFO] The time difference between the client and the server is within range 88.876 ms..91.586 ms
client 2023-07-11 19:55:56,606 [INFO] Sending command to the server: 'session,2023-07-11_19-55-56,start,ranging'
client 2023-07-11 19:56:25,217 [INFO] Got response: 'OK'
client 2023-07-11 19:56:25,219 [INFO] Sending command to the server: 'time'
client 2023-07-11 19:56:25,222 [INFO] Got response: '1689101785.1354606'
client 2023-07-11 19:56:25,222 [INFO] The time difference between the client and the server is within range 83.769 ms..87.132 ms
client 2023-07-11 19:56:25,222 [INFO] Running the workload 'CM_MLPERF_RUN_COUNT=$(cat ${CM_RUN_DIR}/count.txt); echo ${CM_MLPERF_RUN_COUNT}; CM_MLPERF_RUN_COUNT=$((CM_MLPERF_RUN_COUNT+1)); echo ${CM_MLPERF_RUN_COUNT} > ${CM_RUN_DIR}/count.txt && if [ ${CM_MLPERF_RUN_COUNT} -eq "1" ]; then export CM_MLPERF_USER_CONF=${CM_MLPERF_RANGING_USER_CONF}; else export CM_MLPERF_USER_CONF=${CM_MLPERF_TESTING_USER_CONF}; fi && /home/arjun/run.out'
client 2023-07-11 20:01:30,286 [INFO] Sending command to the server: 'time'
client 2023-07-11 20:01:30,290 [INFO] Got response: '1689102090.207276'
client 2023-07-11 20:01:30,290 [INFO] The time difference between the client and the server is within range 79.043 ms..83.453 ms
client 2023-07-11 20:01:30,290 [INFO] Sending command to the server: 'session,2023-07-11_19-55-56,stop,ranging'
client 2023-07-11 20:01:41,405 [INFO] Got response: 'OK'
client 2023-07-11 20:01:41,406 [INFO] Sending command to the server: 'time'
client 2023-07-11 20:01:41,410 [INFO] Got response: '1689102101.3192992'
client 2023-07-11 20:01:41,410 [INFO] The time difference between the client and the server is within range 86.651 ms..91.481 ms
client 2023-07-11 20:01:41,437 [INFO] Copying loadgen logs from '/home/arjun/mobilenet_results/valid_results/orin-tflite_armnn_cpp-cpu-armnn_tflite-v22.11-using_neon/efficientnet-fp32-lite1/singlestream/performance/run_1' to '/home/arjun/mobilenet_results/valid_results/orin-tflite_armnn_cpp-cpu-armnn_tflite-v22.11-using_neon/efficientnet-fp32-lite1/singlestream/performance/tmp_power/ranging'
client 2023-07-11 20:01:41,439 [INFO] Running workload in testing mode
client 2023-07-11 20:01:41,439 [INFO] Synchronizing with the server and with time.google.com...
client 2023-07-11 20:01:41,460 [INFO] NTP:offset = -0.018 s, delay = 0.015 s 
client 2023-07-11 20:01:41,460 [INFO] Sending command to the server: 'time'
client 2023-07-11 20:01:41,463 [INFO] Got response: '1689102101.37935'
client 2023-07-11 20:01:41,463 [INFO] The time difference between the client and the server is within range 81.044 ms..83.910 ms
client 2023-07-11 20:01:41,463 [INFO] Sending command to the server: 'session,2023-07-11_19-55-56,start,testing'
client 2023-07-11 20:01:54,502 [INFO] Got response: 'OK'
client 2023-07-11 20:01:54,503 [INFO] Sending command to the server: 'time'
client 2023-07-11 20:01:54,506 [INFO] Got response: '1689102114.4173958'
client 2023-07-11 20:01:54,506 [INFO] The time difference between the client and the server is within range 86.008 ms..89.387 ms
client 2023-07-11 20:01:54,507 [INFO] Running the workload 'CM_MLPERF_RUN_COUNT=$(cat ${CM_RUN_DIR}/count.txt); echo ${CM_MLPERF_RUN_COUNT}; CM_MLPERF_RUN_COUNT=$((CM_MLPERF_RUN_COUNT+1)); echo ${CM_MLPERF_RUN_COUNT} > ${CM_RUN_DIR}/count.txt && if [ ${CM_MLPERF_RUN_COUNT} -eq "1" ]; then export CM_MLPERF_USER_CONF=${CM_MLPERF_RANGING_USER_CONF}; else export CM_MLPERF_USER_CONF=${CM_MLPERF_TESTING_USER_CONF}; fi && /home/arjun/run.out'
client 2023-07-11 20:11:57,562 [INFO] Sending command to the server: 'time'
client 2023-07-11 20:11:57,565 [INFO] Got response: '1689102717.4737084'
client 2023-07-11 20:11:57,566 [INFO] The time difference between the client and the server is within range 88.714 ms..92.268 ms
client 2023-07-11 20:11:57,566 [INFO] Sending command to the server: 'session,2023-07-11_19-55-56,stop,testing'
client 2023-07-11 20:12:08,642 [INFO] Got response: 'OK'
client 2023-07-11 20:12:08,643 [INFO] Sending command to the server: 'time'
client 2023-07-11 20:12:08,661 [INFO] Got response: '1689102728.5659106'
client 2023-07-11 20:12:08,662 [INFO] The time difference between the client and the server is within range 77.527 ms..96.430 ms
client 2023-07-11 20:12:08,666 [INFO] Copying loadgen logs from '/home/arjun/mobilenet_results/valid_results/orin-tflite_armnn_cpp-cpu-armnn_tflite-v22.11-using_neon/efficientnet-fp32-lite1/singlestream/performance/run_1' to '/home/arjun/mobilenet_results/valid_results/orin-tflite_armnn_cpp-cpu-armnn_tflite-v22.11-using_neon/efficientnet-fp32-lite1/singlestream/performance/tmp_power/run_1'
client 2023-07-11 20:12:08,668 [INFO] Done runs
