client 2023-07-09 17:52:57,621 [INFO] Creating output directory '/home/arjun/mobilenet_results/valid_results/orin-tflite_cpp-cpu-tflite-vmaster-default_config/mobilenet-v2-precision_float-1.0-224/singlestream/performance/tmp_power'
client 2023-07-09 17:52:57,674 [INFO] Sending command to the server: 'mlcommons/power client v3'
client 2023-07-09 17:52:57,677 [INFO] Got response: 'mlcommons/power server v3'
client 2023-07-09 17:52:57,678 [INFO] Synchronizing with the server and with time.google.com...
client 2023-07-09 17:52:57,705 [INFO] NTP:offset = 0.001 s, delay = 0.017 s 
client 2023-07-09 17:52:57,705 [INFO] Sending command to the server: 'time'
client 2023-07-09 17:52:57,708 [INFO] Got response: '1688921577.7093253'
client 2023-07-09 17:52:57,708 [INFO] The time difference between the client and the server is within range -3.486 ms..-0.358 ms
client 2023-07-09 17:52:57,709 [INFO] Sending command to the server: 'new,,631753ac-6d42-4808-a20a-6119cf526f73'
client 2023-07-09 17:52:57,712 [INFO] Got response: 'OK 2023-07-09_16-52-57,25a09638-08d6-4d9c-bead-2f69a0fa8cf0'
client 2023-07-09 17:52:57,713 [INFO] Session id is '2023-07-09_16-52-57'
client 2023-07-09 17:52:57,714 [INFO] Sources: {"sources": {"__init__.py": "da39a3ee5e6b4b0d3255bfef95601890afd80709", "client.py": "33ca4f26368777ac06e01f9567b714a4b8063886", "lib/__init__.py": "da39a3ee5e6b4b0d3255bfef95601890afd80709", "lib/client.py": "ac2aa093c8e8bbc9569b9e2a3471bc64e58a2258", "lib/common.py": "611d8b29633d331eb19c9455ea3b5fa3284ed6df", "lib/external/__init__.py": "da39a3ee5e6b4b0d3255bfef95601890afd80709", "lib/external/ntplib.py": "4da8f970656505a40483206ef2b5d3dd5e81711d", "lib/server.py": "c7af63c31bb2fbedea4345f571f6e3507d268ada", "lib/source_hashes.py": "60a2e02193209e8d392803326208d5466342da18", "lib/summary.py": "aa92f0a3f975eecd44d3c0cd0236342ccc9f941d", "lib/time_sync.py": "122eba67a9abc85635223e054def53be1367ade2", "server.py": "c3f90f2f7eeb4db30727556d0c815ebc89b3d28b", "tests/unit/__init__.py": "da39a3ee5e6b4b0d3255bfef95601890afd80709", "tests/unit/test_server.py": "948c1995d4008bc2aa6c4046a34ffa3858d6d671", "tests/unit/test_source_hashes.py": "00468a2907583c593e6574a1f6b404e4651c221a"}, "modules": {"ptd_client_server.lib.client": "lib/client.py", "ptd_client_server.lib.common": "lib/common.py", "ptd_client_server.lib.external.ntplib": "lib/external/ntplib.py", "ptd_client_server.lib.source_hashes": "lib/source_hashes.py", "ptd_client_server.lib.summary": "lib/summary.py", "ptd_client_server.lib.time_sync": "lib/time_sync.py"}}
client 2023-07-09 17:52:57,714 [INFO] Running workload in ranging mode
client 2023-07-09 17:52:57,714 [INFO] Synchronizing with the server and with time.google.com...
client 2023-07-09 17:52:57,731 [INFO] NTP:offset = 0.001 s, delay = 0.014 s 
client 2023-07-09 17:52:57,731 [INFO] Sending command to the server: 'time'
client 2023-07-09 17:52:57,734 [INFO] Got response: '1688921577.7348983'
client 2023-07-09 17:52:57,735 [INFO] The time difference between the client and the server is within range -3.481 ms..0.207 ms
client 2023-07-09 17:52:57,735 [INFO] Sending command to the server: 'session,2023-07-09_16-52-57,start,ranging'
client 2023-07-09 17:53:25,850 [INFO] Got response: 'OK'
client 2023-07-09 17:53:25,851 [INFO] Sending command to the server: 'time'
client 2023-07-09 17:53:25,854 [INFO] Got response: '1688921605.8541405'
client 2023-07-09 17:53:25,854 [INFO] The time difference between the client and the server is within range -2.861 ms..0.327 ms
client 2023-07-09 17:53:25,854 [INFO] Running the workload 'CM_MLPERF_RUN_COUNT=$(cat ${CM_RUN_DIR}/count.txt); echo ${CM_MLPERF_RUN_COUNT}; CM_MLPERF_RUN_COUNT=$((CM_MLPERF_RUN_COUNT+1)); echo ${CM_MLPERF_RUN_COUNT} > ${CM_RUN_DIR}/count.txt && if [ ${CM_MLPERF_RUN_COUNT} -eq "1" ]; then export CM_MLPERF_USER_CONF=${CM_MLPERF_RANGING_USER_CONF}; else export CM_MLPERF_USER_CONF=${CM_MLPERF_TESTING_USER_CONF}; fi && /home/arjun/run.out'
client 2023-07-09 17:58:31,994 [INFO] Sending command to the server: 'time'
client 2023-07-09 17:58:32,026 [INFO] Got response: '1688921912.0269318'
client 2023-07-09 17:58:32,027 [INFO] The time difference between the client and the server is within range -33.052 ms..0.013 ms
client 2023-07-09 17:58:32,027 [INFO] Sending command to the server: 'session,2023-07-09_16-52-57,stop,ranging'
client 2023-07-09 17:58:42,932 [INFO] Got response: 'OK'
client 2023-07-09 17:58:42,933 [INFO] Sending command to the server: 'time'
client 2023-07-09 17:58:42,936 [INFO] Got response: '1688921922.9362807'
client 2023-07-09 17:58:42,936 [INFO] The time difference between the client and the server is within range -3.312 ms..0.484 ms
client 2023-07-09 17:58:42,966 [INFO] Copying loadgen logs from '/home/arjun/mobilenet_results/valid_results/orin-tflite_cpp-cpu-tflite-vmaster-default_config/mobilenet-v2-precision_float-1.0-224/singlestream/performance/run_1' to '/home/arjun/mobilenet_results/valid_results/orin-tflite_cpp-cpu-tflite-vmaster-default_config/mobilenet-v2-precision_float-1.0-224/singlestream/performance/tmp_power/ranging'
client 2023-07-09 17:58:42,968 [INFO] Running workload in testing mode
client 2023-07-09 17:58:42,969 [INFO] Synchronizing with the server and with time.google.com...
client 2023-07-09 17:58:42,988 [INFO] NTP:offset = 0.002 s, delay = 0.015 s 
client 2023-07-09 17:58:42,988 [INFO] Sending command to the server: 'time'
client 2023-07-09 17:58:42,992 [INFO] Got response: '1688921922.9927537'
client 2023-07-09 17:58:42,992 [INFO] The time difference between the client and the server is within range -4.099 ms..-0.461 ms
client 2023-07-09 17:58:42,992 [INFO] Sending command to the server: 'session,2023-07-09_16-52-57,start,testing'
client 2023-07-09 17:58:56,015 [INFO] Got response: 'OK'
client 2023-07-09 17:58:56,015 [INFO] Sending command to the server: 'time'
client 2023-07-09 17:58:56,019 [INFO] Got response: '1688921936.0189972'
client 2023-07-09 17:58:56,019 [INFO] The time difference between the client and the server is within range -3.569 ms..0.365 ms
client 2023-07-09 17:58:56,019 [INFO] Running the workload 'CM_MLPERF_RUN_COUNT=$(cat ${CM_RUN_DIR}/count.txt); echo ${CM_MLPERF_RUN_COUNT}; CM_MLPERF_RUN_COUNT=$((CM_MLPERF_RUN_COUNT+1)); echo ${CM_MLPERF_RUN_COUNT} > ${CM_RUN_DIR}/count.txt && if [ ${CM_MLPERF_RUN_COUNT} -eq "1" ]; then export CM_MLPERF_USER_CONF=${CM_MLPERF_RANGING_USER_CONF}; else export CM_MLPERF_USER_CONF=${CM_MLPERF_TESTING_USER_CONF}; fi && /home/arjun/run.out'
client 2023-07-09 18:09:07,690 [INFO] Sending command to the server: 'time'
client 2023-07-09 18:09:07,709 [INFO] Got response: '1688922547.710454'
client 2023-07-09 18:09:07,709 [INFO] The time difference between the client and the server is within range -20.211 ms..-0.942 ms
client 2023-07-09 18:09:07,709 [INFO] Sending command to the server: 'session,2023-07-09_16-52-57,stop,testing'
client 2023-07-09 18:09:18,071 [INFO] Got response: 'OK'
client 2023-07-09 18:09:18,072 [INFO] Sending command to the server: 'time'
client 2023-07-09 18:09:18,074 [INFO] Got response: '1688922558.0761013'
client 2023-07-09 18:09:18,074 [INFO] The time difference between the client and the server is within range -4.021 ms..-1.193 ms
client 2023-07-09 18:09:18,079 [INFO] Copying loadgen logs from '/home/arjun/mobilenet_results/valid_results/orin-tflite_cpp-cpu-tflite-vmaster-default_config/mobilenet-v2-precision_float-1.0-224/singlestream/performance/run_1' to '/home/arjun/mobilenet_results/valid_results/orin-tflite_cpp-cpu-tflite-vmaster-default_config/mobilenet-v2-precision_float-1.0-224/singlestream/performance/tmp_power/run_1'
client 2023-07-09 18:09:18,081 [INFO] Done runs
