client 2023-07-13 06:12:50,412 [INFO] Creating output directory '/home/arjun/mobilenet_results/valid_results/orin-tflite_armnn_cpp-cpu-armnn_tflite-v23.05-using_neon/mobilenet-v3-precision_uint8-small-224/singlestream/performance/tmp_power'
client 2023-07-13 06:12:50,415 [INFO] Sending command to the server: 'mlcommons/power client v3'
client 2023-07-13 06:12:50,418 [INFO] Got response: 'mlcommons/power server v3'
client 2023-07-13 06:12:50,418 [INFO] Synchronizing with the server and with time.google.com...
client 2023-07-13 06:12:50,438 [INFO] NTP:offset = -0.007 s, delay = 0.015 s 
client 2023-07-13 06:12:50,438 [INFO] Sending command to the server: 'time'
client 2023-07-13 06:12:50,441 [INFO] Got response: '1689225170.4261012'
client 2023-07-13 06:12:50,441 [INFO] The time difference between the client and the server is within range 12.877 ms..15.839 ms
client 2023-07-13 06:12:50,442 [INFO] Sending command to the server: 'new,,23ad89eb-0111-4511-b3da-9cc2f6b4ebd0'
client 2023-07-13 06:12:50,444 [INFO] Got response: 'OK 2023-07-13_06-12-50,254b50ad-50ca-4677-851a-092f2bc2006f'
client 2023-07-13 06:12:50,445 [INFO] Session id is '2023-07-13_06-12-50'
client 2023-07-13 06:12:50,445 [INFO] Sources: {"sources": {"__init__.py": "da39a3ee5e6b4b0d3255bfef95601890afd80709", "client.py": "33ca4f26368777ac06e01f9567b714a4b8063886", "lib/__init__.py": "da39a3ee5e6b4b0d3255bfef95601890afd80709", "lib/client.py": "ac2aa093c8e8bbc9569b9e2a3471bc64e58a2258", "lib/common.py": "611d8b29633d331eb19c9455ea3b5fa3284ed6df", "lib/external/__init__.py": "da39a3ee5e6b4b0d3255bfef95601890afd80709", "lib/external/ntplib.py": "4da8f970656505a40483206ef2b5d3dd5e81711d", "lib/server.py": "c7af63c31bb2fbedea4345f571f6e3507d268ada", "lib/source_hashes.py": "60a2e02193209e8d392803326208d5466342da18", "lib/summary.py": "aa92f0a3f975eecd44d3c0cd0236342ccc9f941d", "lib/time_sync.py": "122eba67a9abc85635223e054def53be1367ade2", "server.py": "c3f90f2f7eeb4db30727556d0c815ebc89b3d28b", "tests/unit/__init__.py": "da39a3ee5e6b4b0d3255bfef95601890afd80709", "tests/unit/test_server.py": "948c1995d4008bc2aa6c4046a34ffa3858d6d671", "tests/unit/test_source_hashes.py": "00468a2907583c593e6574a1f6b404e4651c221a"}, "modules": {"ptd_client_server.lib.client": "lib/client.py", "ptd_client_server.lib.common": "lib/common.py", "ptd_client_server.lib.external.ntplib": "lib/external/ntplib.py", "ptd_client_server.lib.source_hashes": "lib/source_hashes.py", "ptd_client_server.lib.summary": "lib/summary.py", "ptd_client_server.lib.time_sync": "lib/time_sync.py"}}
client 2023-07-13 06:12:50,445 [INFO] Running workload in ranging mode
client 2023-07-13 06:12:50,445 [INFO] Synchronizing with the server and with time.google.com...
client 2023-07-13 06:12:50,461 [INFO] NTP:offset = -0.008 s, delay = 0.015 s 
client 2023-07-13 06:12:50,461 [INFO] Sending command to the server: 'time'
client 2023-07-13 06:12:50,465 [INFO] Got response: '1689225170.4556534'
client 2023-07-13 06:12:50,466 [INFO] The time difference between the client and the server is within range 6.214 ms..10.353 ms
client 2023-07-13 06:12:50,466 [INFO] Sending command to the server: 'session,2023-07-13_06-12-50,start,ranging'
client 2023-07-13 06:13:19,136 [INFO] Got response: 'OK'
client 2023-07-13 06:13:19,138 [INFO] Sending command to the server: 'time'
client 2023-07-13 06:13:19,149 [INFO] Got response: '1689225199.1309278'
client 2023-07-13 06:13:19,150 [INFO] The time difference between the client and the server is within range 7.580 ms..19.248 ms
client 2023-07-13 06:13:19,150 [INFO] Running the workload 'CM_MLPERF_RUN_COUNT=$(cat ${CM_RUN_DIR}/count.txt); echo ${CM_MLPERF_RUN_COUNT}; CM_MLPERF_RUN_COUNT=$((CM_MLPERF_RUN_COUNT+1)); echo ${CM_MLPERF_RUN_COUNT} > ${CM_RUN_DIR}/count.txt && if [ ${CM_MLPERF_RUN_COUNT} -eq "1" ]; then export CM_MLPERF_USER_CONF=${CM_MLPERF_RANGING_USER_CONF}; else export CM_MLPERF_USER_CONF=${CM_MLPERF_TESTING_USER_CONF}; fi && /home/arjun/run.out'
client 2023-07-13 06:18:21,062 [INFO] Sending command to the server: 'time'
client 2023-07-13 06:18:21,067 [INFO] Got response: '1689225501.0568624'
client 2023-07-13 06:18:21,067 [INFO] The time difference between the client and the server is within range 5.533 ms..10.529 ms
client 2023-07-13 06:18:21,067 [INFO] Sending command to the server: 'session,2023-07-13_06-12-50,stop,ranging'
client 2023-07-13 06:18:31,477 [INFO] Got response: 'OK'
client 2023-07-13 06:18:31,478 [INFO] Sending command to the server: 'time'
client 2023-07-13 06:18:31,483 [INFO] Got response: '1689225511.4695313'
client 2023-07-13 06:18:31,483 [INFO] The time difference between the client and the server is within range 8.885 ms..13.853 ms
client 2023-07-13 06:18:31,506 [INFO] Copying loadgen logs from '/home/arjun/mobilenet_results/valid_results/orin-tflite_armnn_cpp-cpu-armnn_tflite-v23.05-using_neon/mobilenet-v3-precision_uint8-small-224/singlestream/performance/run_1' to '/home/arjun/mobilenet_results/valid_results/orin-tflite_armnn_cpp-cpu-armnn_tflite-v23.05-using_neon/mobilenet-v3-precision_uint8-small-224/singlestream/performance/tmp_power/ranging'
client 2023-07-13 06:18:31,509 [INFO] Running workload in testing mode
client 2023-07-13 06:18:31,509 [INFO] Synchronizing with the server and with time.google.com...
client 2023-07-13 06:18:31,545 [INFO] NTP:offset = -0.007 s, delay = 0.018 s 
client 2023-07-13 06:18:31,546 [INFO] Sending command to the server: 'time'
client 2023-07-13 06:18:31,549 [INFO] Got response: '1689225511.5398862'
client 2023-07-13 06:18:31,549 [INFO] The time difference between the client and the server is within range 6.267 ms..10.030 ms
client 2023-07-13 06:18:31,550 [INFO] Sending command to the server: 'session,2023-07-13_06-12-50,start,testing'
client 2023-07-13 06:18:44,579 [INFO] Got response: 'OK'
client 2023-07-13 06:18:44,580 [INFO] Sending command to the server: 'time'
client 2023-07-13 06:18:44,584 [INFO] Got response: '1689225524.5694172'
client 2023-07-13 06:18:44,585 [INFO] The time difference between the client and the server is within range 11.315 ms..15.810 ms
client 2023-07-13 06:18:44,585 [INFO] Running the workload 'CM_MLPERF_RUN_COUNT=$(cat ${CM_RUN_DIR}/count.txt); echo ${CM_MLPERF_RUN_COUNT}; CM_MLPERF_RUN_COUNT=$((CM_MLPERF_RUN_COUNT+1)); echo ${CM_MLPERF_RUN_COUNT} > ${CM_RUN_DIR}/count.txt && if [ ${CM_MLPERF_RUN_COUNT} -eq "1" ]; then export CM_MLPERF_USER_CONF=${CM_MLPERF_RANGING_USER_CONF}; else export CM_MLPERF_USER_CONF=${CM_MLPERF_TESTING_USER_CONF}; fi && /home/arjun/run.out'
client 2023-07-13 06:28:48,025 [INFO] Sending command to the server: 'time'
client 2023-07-13 06:28:48,030 [INFO] Got response: '1689226128.0157595'
client 2023-07-13 06:28:48,030 [INFO] The time difference between the client and the server is within range 9.754 ms..14.633 ms
client 2023-07-13 06:28:48,030 [INFO] Sending command to the server: 'session,2023-07-13_06-12-50,stop,testing'
client 2023-07-13 06:28:58,681 [INFO] Got response: 'OK'
client 2023-07-13 06:28:58,682 [INFO] Sending command to the server: 'time'
client 2023-07-13 06:28:58,685 [INFO] Got response: '1689226138.6720936'
client 2023-07-13 06:28:58,685 [INFO] The time difference between the client and the server is within range 10.195 ms..13.634 ms
client 2023-07-13 06:28:58,690 [INFO] Copying loadgen logs from '/home/arjun/mobilenet_results/valid_results/orin-tflite_armnn_cpp-cpu-armnn_tflite-v23.05-using_neon/mobilenet-v3-precision_uint8-small-224/singlestream/performance/run_1' to '/home/arjun/mobilenet_results/valid_results/orin-tflite_armnn_cpp-cpu-armnn_tflite-v23.05-using_neon/mobilenet-v3-precision_uint8-small-224/singlestream/performance/tmp_power/run_1'
client 2023-07-13 06:28:58,692 [INFO] Done runs
