client 2023-07-12 20:39:40,139 [INFO] Creating output directory '/home/arjun/mobilenet_results/valid_results/orin-tflite_armnn_cpp-cpu-armnn_tflite-v23.05-using_neon/mobilenet-v1-precision_float-0.75-128/singlestream/performance/tmp_power'
client 2023-07-12 20:39:40,142 [INFO] Sending command to the server: 'mlcommons/power client v3'
client 2023-07-12 20:39:40,144 [INFO] Got response: 'mlcommons/power server v3'
client 2023-07-12 20:39:40,145 [INFO] Synchronizing with the server and with time.google.com...
client 2023-07-12 20:39:40,166 [INFO] NTP:offset = 0.013 s, delay = 0.016 s 
client 2023-07-12 20:39:40,166 [INFO] Sending command to the server: 'time'
client 2023-07-12 20:39:40,170 [INFO] Got response: '1689190780.1536667'
client 2023-07-12 20:39:40,170 [INFO] The time difference between the client and the server is within range 12.685 ms..16.498 ms
client 2023-07-12 20:39:40,170 [INFO] Sending command to the server: 'new,,88686baf-2f5f-462b-a1b8-a000ced71760'
client 2023-07-12 20:39:40,308 [INFO] Got response: 'OK 2023-07-12_20-39-40,c58fd2e9-4d51-4924-be55-6f3445fd742d'
client 2023-07-12 20:39:40,308 [INFO] Session id is '2023-07-12_20-39-40'
client 2023-07-12 20:39:40,309 [INFO] Sources: {"sources": {"__init__.py": "da39a3ee5e6b4b0d3255bfef95601890afd80709", "client.py": "33ca4f26368777ac06e01f9567b714a4b8063886", "lib/__init__.py": "da39a3ee5e6b4b0d3255bfef95601890afd80709", "lib/client.py": "ac2aa093c8e8bbc9569b9e2a3471bc64e58a2258", "lib/common.py": "611d8b29633d331eb19c9455ea3b5fa3284ed6df", "lib/external/__init__.py": "da39a3ee5e6b4b0d3255bfef95601890afd80709", "lib/external/ntplib.py": "4da8f970656505a40483206ef2b5d3dd5e81711d", "lib/server.py": "c7af63c31bb2fbedea4345f571f6e3507d268ada", "lib/source_hashes.py": "60a2e02193209e8d392803326208d5466342da18", "lib/summary.py": "aa92f0a3f975eecd44d3c0cd0236342ccc9f941d", "lib/time_sync.py": "122eba67a9abc85635223e054def53be1367ade2", "server.py": "c3f90f2f7eeb4db30727556d0c815ebc89b3d28b", "tests/unit/__init__.py": "da39a3ee5e6b4b0d3255bfef95601890afd80709", "tests/unit/test_server.py": "948c1995d4008bc2aa6c4046a34ffa3858d6d671", "tests/unit/test_source_hashes.py": "00468a2907583c593e6574a1f6b404e4651c221a"}, "modules": {"ptd_client_server.lib.client": "lib/client.py", "ptd_client_server.lib.common": "lib/common.py", "ptd_client_server.lib.external.ntplib": "lib/external/ntplib.py", "ptd_client_server.lib.source_hashes": "lib/source_hashes.py", "ptd_client_server.lib.summary": "lib/summary.py", "ptd_client_server.lib.time_sync": "lib/time_sync.py"}}
client 2023-07-12 20:39:40,310 [INFO] Running workload in ranging mode
client 2023-07-12 20:39:40,310 [INFO] Synchronizing with the server and with time.google.com...
client 2023-07-12 20:39:40,327 [INFO] NTP:offset = 0.012 s, delay = 0.015 s 
client 2023-07-12 20:39:40,327 [INFO] Sending command to the server: 'time'
client 2023-07-12 20:39:40,334 [INFO] Got response: '1689190780.315334'
client 2023-07-12 20:39:40,334 [INFO] The time difference between the client and the server is within range 12.383 ms..19.090 ms
client 2023-07-12 20:39:40,334 [INFO] Sending command to the server: 'session,2023-07-12_20-39-40,start,ranging'
client 2023-07-12 20:40:09,033 [INFO] Got response: 'OK'
client 2023-07-12 20:40:09,035 [INFO] Sending command to the server: 'time'
client 2023-07-12 20:40:09,040 [INFO] Got response: '1689190809.0190752'
client 2023-07-12 20:40:09,041 [INFO] The time difference between the client and the server is within range 16.031 ms..22.202 ms
client 2023-07-12 20:40:09,041 [INFO] Running the workload 'CM_MLPERF_RUN_COUNT=$(cat ${CM_RUN_DIR}/count.txt); echo ${CM_MLPERF_RUN_COUNT}; CM_MLPERF_RUN_COUNT=$((CM_MLPERF_RUN_COUNT+1)); echo ${CM_MLPERF_RUN_COUNT} > ${CM_RUN_DIR}/count.txt && if [ ${CM_MLPERF_RUN_COUNT} -eq "1" ]; then export CM_MLPERF_USER_CONF=${CM_MLPERF_RANGING_USER_CONF}; else export CM_MLPERF_USER_CONF=${CM_MLPERF_TESTING_USER_CONF}; fi && /home/arjun/run.out'
client 2023-07-12 20:45:10,733 [INFO] Sending command to the server: 'time'
client 2023-07-12 20:45:10,738 [INFO] Got response: '1689191110.7330003'
client 2023-07-12 20:45:10,738 [INFO] The time difference between the client and the server is within range 0.021 ms..5.283 ms
client 2023-07-12 20:45:10,738 [INFO] Sending command to the server: 'session,2023-07-12_20-39-40,stop,ranging'
client 2023-07-12 20:45:21,521 [INFO] Got response: 'OK'
client 2023-07-12 20:45:21,522 [INFO] Sending command to the server: 'time'
client 2023-07-12 20:45:21,526 [INFO] Got response: '1689191121.5207803'
client 2023-07-12 20:45:21,527 [INFO] The time difference between the client and the server is within range 1.928 ms..6.525 ms
client 2023-07-12 20:45:21,545 [INFO] Copying loadgen logs from '/home/arjun/mobilenet_results/valid_results/orin-tflite_armnn_cpp-cpu-armnn_tflite-v23.05-using_neon/mobilenet-v1-precision_float-0.75-128/singlestream/performance/run_1' to '/home/arjun/mobilenet_results/valid_results/orin-tflite_armnn_cpp-cpu-armnn_tflite-v23.05-using_neon/mobilenet-v1-precision_float-0.75-128/singlestream/performance/tmp_power/ranging'
client 2023-07-12 20:45:21,564 [INFO] Running workload in testing mode
client 2023-07-12 20:45:21,564 [INFO] Synchronizing with the server and with time.google.com...
client 2023-07-12 20:45:21,588 [INFO] NTP:offset = 0.004 s, delay = 0.018 s 
client 2023-07-12 20:45:21,589 [INFO] Sending command to the server: 'time'
client 2023-07-12 20:45:21,593 [INFO] Got response: '1689191121.593042'
client 2023-07-12 20:45:21,593 [INFO] The time difference between the client and the server is within range -4.050 ms..0.165 ms
client 2023-07-12 20:45:21,593 [INFO] Sending command to the server: 'session,2023-07-12_20-39-40,start,testing'
client 2023-07-12 20:45:34,631 [INFO] Got response: 'OK'
client 2023-07-12 20:45:34,633 [INFO] Sending command to the server: 'time'
client 2023-07-12 20:45:34,636 [INFO] Got response: '1689191134.6282413'
client 2023-07-12 20:45:34,637 [INFO] The time difference between the client and the server is within range 4.811 ms..9.145 ms
client 2023-07-12 20:45:34,637 [INFO] Running the workload 'CM_MLPERF_RUN_COUNT=$(cat ${CM_RUN_DIR}/count.txt); echo ${CM_MLPERF_RUN_COUNT}; CM_MLPERF_RUN_COUNT=$((CM_MLPERF_RUN_COUNT+1)); echo ${CM_MLPERF_RUN_COUNT} > ${CM_RUN_DIR}/count.txt && if [ ${CM_MLPERF_RUN_COUNT} -eq "1" ]; then export CM_MLPERF_USER_CONF=${CM_MLPERF_RANGING_USER_CONF}; else export CM_MLPERF_USER_CONF=${CM_MLPERF_TESTING_USER_CONF}; fi && /home/arjun/run.out'
client 2023-07-12 20:55:37,817 [INFO] Sending command to the server: 'time'
client 2023-07-12 20:55:37,821 [INFO] Got response: '1689191737.8020682'
client 2023-07-12 20:55:37,821 [INFO] The time difference between the client and the server is within range 15.223 ms..19.865 ms
client 2023-07-12 20:55:37,822 [INFO] Sending command to the server: 'session,2023-07-12_20-39-40,stop,testing'
client 2023-07-12 20:55:48,730 [INFO] Got response: 'OK'
client 2023-07-12 20:55:48,731 [INFO] Sending command to the server: 'time'
client 2023-07-12 20:55:48,734 [INFO] Got response: '1689191748.7182393'
client 2023-07-12 20:55:48,734 [INFO] The time difference between the client and the server is within range 12.873 ms..16.512 ms
client 2023-07-12 20:55:48,739 [INFO] Copying loadgen logs from '/home/arjun/mobilenet_results/valid_results/orin-tflite_armnn_cpp-cpu-armnn_tflite-v23.05-using_neon/mobilenet-v1-precision_float-0.75-128/singlestream/performance/run_1' to '/home/arjun/mobilenet_results/valid_results/orin-tflite_armnn_cpp-cpu-armnn_tflite-v23.05-using_neon/mobilenet-v1-precision_float-0.75-128/singlestream/performance/tmp_power/run_1'
client 2023-07-12 20:55:48,755 [INFO] Done runs
