client 2023-07-09 17:03:10,745 [INFO] Creating output directory '/home/arjun/mobilenet_results/valid_results/orin-tflite_cpp-cpu-tflite-vmaster-default_config/mobilenet-v1-precision_uint8-0.25-160/singlestream/performance/tmp_power'
client 2023-07-09 17:03:10,760 [INFO] Sending command to the server: 'mlcommons/power client v3'
client 2023-07-09 17:03:10,764 [INFO] Got response: 'mlcommons/power server v3'
client 2023-07-09 17:03:10,764 [INFO] Synchronizing with the server and with time.google.com...
client 2023-07-09 17:03:10,782 [INFO] NTP:offset = -0.002 s, delay = 0.014 s 
client 2023-07-09 17:03:10,782 [INFO] Sending command to the server: 'time'
client 2023-07-09 17:03:10,785 [INFO] Got response: '1688918590.7836359'
client 2023-07-09 17:03:10,785 [INFO] The time difference between the client and the server is within range -1.085 ms..2.203 ms
client 2023-07-09 17:03:10,785 [INFO] Sending command to the server: 'new,,120e0e95-5d6f-47f8-80e5-e2ae2d47707d'
client 2023-07-09 17:03:10,789 [INFO] Got response: 'OK 2023-07-09_16-03-10,44ab8fe5-1cfc-433f-84c1-afaae83c342f'
client 2023-07-09 17:03:10,789 [INFO] Session id is '2023-07-09_16-03-10'
client 2023-07-09 17:03:10,789 [INFO] Sources: {"sources": {"__init__.py": "da39a3ee5e6b4b0d3255bfef95601890afd80709", "client.py": "33ca4f26368777ac06e01f9567b714a4b8063886", "lib/__init__.py": "da39a3ee5e6b4b0d3255bfef95601890afd80709", "lib/client.py": "ac2aa093c8e8bbc9569b9e2a3471bc64e58a2258", "lib/common.py": "611d8b29633d331eb19c9455ea3b5fa3284ed6df", "lib/external/__init__.py": "da39a3ee5e6b4b0d3255bfef95601890afd80709", "lib/external/ntplib.py": "4da8f970656505a40483206ef2b5d3dd5e81711d", "lib/server.py": "c7af63c31bb2fbedea4345f571f6e3507d268ada", "lib/source_hashes.py": "60a2e02193209e8d392803326208d5466342da18", "lib/summary.py": "aa92f0a3f975eecd44d3c0cd0236342ccc9f941d", "lib/time_sync.py": "122eba67a9abc85635223e054def53be1367ade2", "server.py": "c3f90f2f7eeb4db30727556d0c815ebc89b3d28b", "tests/unit/__init__.py": "da39a3ee5e6b4b0d3255bfef95601890afd80709", "tests/unit/test_server.py": "948c1995d4008bc2aa6c4046a34ffa3858d6d671", "tests/unit/test_source_hashes.py": "00468a2907583c593e6574a1f6b404e4651c221a"}, "modules": {"ptd_client_server.lib.client": "lib/client.py", "ptd_client_server.lib.common": "lib/common.py", "ptd_client_server.lib.external.ntplib": "lib/external/ntplib.py", "ptd_client_server.lib.source_hashes": "lib/source_hashes.py", "ptd_client_server.lib.summary": "lib/summary.py", "ptd_client_server.lib.time_sync": "lib/time_sync.py"}}
client 2023-07-09 17:03:10,789 [INFO] Running workload in ranging mode
client 2023-07-09 17:03:10,790 [INFO] Synchronizing with the server and with time.google.com...
client 2023-07-09 17:03:10,805 [INFO] NTP:offset = -0.002 s, delay = 0.015 s 
client 2023-07-09 17:03:10,805 [INFO] Sending command to the server: 'time'
client 2023-07-09 17:03:10,809 [INFO] Got response: '1688918590.8072684'
client 2023-07-09 17:03:10,809 [INFO] The time difference between the client and the server is within range -1.370 ms..1.849 ms
client 2023-07-09 17:03:10,809 [INFO] Sending command to the server: 'session,2023-07-09_16-03-10,start,ranging'
client 2023-07-09 17:03:38,927 [INFO] Got response: 'OK'
client 2023-07-09 17:03:38,929 [INFO] Sending command to the server: 'time'
client 2023-07-09 17:03:38,933 [INFO] Got response: '1688918618.9301083'
client 2023-07-09 17:03:38,933 [INFO] The time difference between the client and the server is within range -1.136 ms..3.491 ms
client 2023-07-09 17:03:38,933 [INFO] Running the workload 'CM_MLPERF_RUN_COUNT=$(cat ${CM_RUN_DIR}/count.txt); echo ${CM_MLPERF_RUN_COUNT}; CM_MLPERF_RUN_COUNT=$((CM_MLPERF_RUN_COUNT+1)); echo ${CM_MLPERF_RUN_COUNT} > ${CM_RUN_DIR}/count.txt && if [ ${CM_MLPERF_RUN_COUNT} -eq "1" ]; then export CM_MLPERF_USER_CONF=${CM_MLPERF_RANGING_USER_CONF}; else export CM_MLPERF_USER_CONF=${CM_MLPERF_TESTING_USER_CONF}; fi && /home/arjun/run.out'
client 2023-07-09 17:08:44,878 [INFO] Sending command to the server: 'time'
client 2023-07-09 17:08:44,896 [INFO] Got response: '1688918924.8939586'
client 2023-07-09 17:08:44,897 [INFO] The time difference between the client and the server is within range -15.764 ms..3.093 ms
client 2023-07-09 17:08:44,897 [INFO] Sending command to the server: 'session,2023-07-09_16-03-10,stop,ranging'
client 2023-07-09 17:08:55,028 [INFO] Got response: 'OK'
client 2023-07-09 17:08:55,028 [INFO] Sending command to the server: 'time'
client 2023-07-09 17:08:55,033 [INFO] Got response: '1688918935.0296433'
client 2023-07-09 17:08:55,033 [INFO] The time difference between the client and the server is within range -0.805 ms..4.228 ms
client 2023-07-09 17:08:55,052 [INFO] Copying loadgen logs from '/home/arjun/mobilenet_results/valid_results/orin-tflite_cpp-cpu-tflite-vmaster-default_config/mobilenet-v1-precision_uint8-0.25-160/singlestream/performance/run_1' to '/home/arjun/mobilenet_results/valid_results/orin-tflite_cpp-cpu-tflite-vmaster-default_config/mobilenet-v1-precision_uint8-0.25-160/singlestream/performance/tmp_power/ranging'
client 2023-07-09 17:08:55,055 [INFO] Running workload in testing mode
client 2023-07-09 17:08:55,055 [INFO] Synchronizing with the server and with time.google.com...
client 2023-07-09 17:08:55,075 [INFO] NTP:offset = -0.001 s, delay = 0.015 s 
client 2023-07-09 17:08:55,076 [INFO] Sending command to the server: 'time'
client 2023-07-09 17:08:55,080 [INFO] Got response: '1688918935.0778866'
client 2023-07-09 17:08:55,080 [INFO] The time difference between the client and the server is within range -1.796 ms..2.762 ms
client 2023-07-09 17:08:55,080 [INFO] Sending command to the server: 'session,2023-07-09_16-03-10,start,testing'
client 2023-07-09 17:09:08,104 [INFO] Got response: 'OK'
client 2023-07-09 17:09:08,105 [INFO] Sending command to the server: 'time'
client 2023-07-09 17:09:08,108 [INFO] Got response: '1688918948.106057'
client 2023-07-09 17:09:08,108 [INFO] The time difference between the client and the server is within range -0.935 ms..2.613 ms
client 2023-07-09 17:09:08,108 [INFO] Running the workload 'CM_MLPERF_RUN_COUNT=$(cat ${CM_RUN_DIR}/count.txt); echo ${CM_MLPERF_RUN_COUNT}; CM_MLPERF_RUN_COUNT=$((CM_MLPERF_RUN_COUNT+1)); echo ${CM_MLPERF_RUN_COUNT} > ${CM_RUN_DIR}/count.txt && if [ ${CM_MLPERF_RUN_COUNT} -eq "1" ]; then export CM_MLPERF_USER_CONF=${CM_MLPERF_RANGING_USER_CONF}; else export CM_MLPERF_USER_CONF=${CM_MLPERF_TESTING_USER_CONF}; fi && /home/arjun/run.out'
client 2023-07-09 17:19:19,568 [INFO] Sending command to the server: 'time'
client 2023-07-09 17:19:19,669 [INFO] Got response: '1688919559.666159'
client 2023-07-09 17:19:19,669 [INFO] The time difference between the client and the server is within range -97.931 ms..3.232 ms
client 2023-07-09 17:19:19,669 [INFO] Sending command to the server: 'session,2023-07-09_16-03-10,stop,testing'
client 2023-07-09 17:19:30,158 [INFO] Got response: 'OK'
client 2023-07-09 17:19:30,159 [INFO] Sending command to the server: 'time'
client 2023-07-09 17:19:30,163 [INFO] Got response: '1688919570.159716'
client 2023-07-09 17:19:30,163 [INFO] The time difference between the client and the server is within range -0.625 ms..4.001 ms
client 2023-07-09 17:19:30,168 [INFO] Copying loadgen logs from '/home/arjun/mobilenet_results/valid_results/orin-tflite_cpp-cpu-tflite-vmaster-default_config/mobilenet-v1-precision_uint8-0.25-160/singlestream/performance/run_1' to '/home/arjun/mobilenet_results/valid_results/orin-tflite_cpp-cpu-tflite-vmaster-default_config/mobilenet-v1-precision_uint8-0.25-160/singlestream/performance/tmp_power/run_1'
client 2023-07-09 17:19:30,170 [INFO] Done runs
