client 2023-08-18 08:03:50,182 [INFO] Creating output directory '/home/krai/work_collection/generated_by_power_measurement_on_run_e1521baf256845fdb3b4d24bef308fd9/power_logs'
client 2023-08-18 08:03:50,183 [INFO] Sending command to the server: 'mlcommons/power client v3'
client 2023-08-18 08:03:50,184 [INFO] Got response: 'mlcommons/power server v3'
client 2023-08-18 08:03:50,184 [INFO] Synchronizing with the server and with time.google.com...
client 2023-08-18 08:03:50,306 [INFO] NTP:offset = -0.010 s, delay = 0.119 s 
client 2023-08-18 08:03:50,306 [INFO] Sending command to the server: 'time'
client 2023-08-18 08:03:50,307 [INFO] Got response: '1692363830.2995546'
client 2023-08-18 08:03:50,307 [INFO] The time difference between the client and the server is within range 6.921 ms..8.198 ms
client 2023-08-18 08:03:50,307 [INFO] Sending command to the server: 'new,,14acafeb-1441-4685-aabc-ccdbf4091416'
client 2023-08-18 08:03:50,309 [INFO] Got response: 'OK 2023-08-18_08-03-50,52e873a7-17f1-47cd-af93-fc147cc1fbb9'
client 2023-08-18 08:03:50,309 [INFO] Session id is '2023-08-18_08-03-50'
client 2023-08-18 08:03:50,309 [INFO] Sources: {"sources": {"__init__.py": "da39a3ee5e6b4b0d3255bfef95601890afd80709", "client.py": "33ca4f26368777ac06e01f9567b714a4b8063886", "lib/__init__.py": "da39a3ee5e6b4b0d3255bfef95601890afd80709", "lib/client.py": "ac2aa093c8e8bbc9569b9e2a3471bc64e58a2258", "lib/common.py": "611d8b29633d331eb19c9455ea3b5fa3284ed6df", "lib/external/__init__.py": "da39a3ee5e6b4b0d3255bfef95601890afd80709", "lib/external/ntplib.py": "4da8f970656505a40483206ef2b5d3dd5e81711d", "lib/server.py": "c7af63c31bb2fbedea4345f571f6e3507d268ada", "lib/source_hashes.py": "60a2e02193209e8d392803326208d5466342da18", "lib/summary.py": "aa92f0a3f975eecd44d3c0cd0236342ccc9f941d", "lib/time_sync.py": "80894ef2389e540781ff78de94db16aa4203a14e", "server.py": "c3f90f2f7eeb4db30727556d0c815ebc89b3d28b", "tests/unit/__init__.py": "da39a3ee5e6b4b0d3255bfef95601890afd80709", "tests/unit/test_server.py": "948c1995d4008bc2aa6c4046a34ffa3858d6d671", "tests/unit/test_source_hashes.py": "00468a2907583c593e6574a1f6b404e4651c221a"}, "modules": {"ptd_client_server.lib.client": "lib/client.py", "ptd_client_server.lib.common": "lib/common.py", "ptd_client_server.lib.external.ntplib": "lib/external/ntplib.py", "ptd_client_server.lib.source_hashes": "lib/source_hashes.py", "ptd_client_server.lib.summary": "lib/summary.py", "ptd_client_server.lib.time_sync": "lib/time_sync.py"}}
client 2023-08-18 08:03:50,309 [INFO] Running workload in ranging mode
client 2023-08-18 08:03:50,309 [INFO] Synchronizing with the server and with time.google.com...
client 2023-08-18 08:03:50,397 [INFO] NTP:offset = 0.001 s, delay = 0.086 s 
client 2023-08-18 08:03:50,397 [INFO] Sending command to the server: 'time'
client 2023-08-18 08:03:50,398 [INFO] Got response: '1692363830.3903797'
client 2023-08-18 08:03:50,398 [INFO] The time difference between the client and the server is within range 6.773 ms..8.206 ms
client 2023-08-18 08:03:50,398 [INFO] Sending command to the server: 'session,2023-08-18_08-03-50,start,ranging'
client 2023-08-18 08:04:19,604 [INFO] Got response: 'OK'
client 2023-08-18 08:04:19,604 [INFO] Sending command to the server: 'time'
client 2023-08-18 08:04:19,606 [INFO] Got response: '1692363859.5981197'
client 2023-08-18 08:04:19,606 [INFO] The time difference between the client and the server is within range 6.729 ms..8.048 ms
client 2023-08-18 08:04:19,606 [INFO] Running the workload 'axs byquery loadgen_output,image_classifier,sut_name=r282_z93_q8e,model_name=resnet50,framework=kilt,device=qaic,loadgen_mode=PerformanceOnly,loadgen_compliance_test-,loadgen_scenario=Offline,_with_power+,symlink_to=/home/krai/work_collection/generated_by_power_measurement_on_run_e1521baf256845fdb3b4d24bef308fd9/last_mlperf_logs,power_client_entrydic_path=/home/krai/work_collection/generated_by_power_measurement_on_run_e1521baf256845fdb3b4d24bef308fd9/program_output.json'
client 2023-08-18 08:15:52,966 [INFO] Sending command to the server: 'time'
client 2023-08-18 08:15:52,967 [INFO] Got response: '1692364552.9624927'
client 2023-08-18 08:15:52,967 [INFO] The time difference between the client and the server is within range 3.511 ms..5.247 ms
client 2023-08-18 08:15:52,967 [INFO] Sending command to the server: 'session,2023-08-18_08-03-50,stop,ranging'
client 2023-08-18 08:16:03,623 [INFO] Got response: 'OK'
client 2023-08-18 08:16:03,623 [INFO] Sending command to the server: 'time'
client 2023-08-18 08:16:03,624 [INFO] Got response: '1692364563.6193864'
client 2023-08-18 08:16:03,624 [INFO] The time difference between the client and the server is within range 4.398 ms..5.030 ms
client 2023-08-18 08:16:03,630 [INFO] Copying loadgen logs from '/home/krai/work_collection/generated_by_power_measurement_on_run_e1521baf256845fdb3b4d24bef308fd9/last_mlperf_logs' to '/home/krai/work_collection/generated_by_power_measurement_on_run_e1521baf256845fdb3b4d24bef308fd9/power_logs/ranging'
client 2023-08-18 08:16:03,631 [INFO] Running workload in testing mode
client 2023-08-18 08:16:03,631 [INFO] Synchronizing with the server and with time.google.com...
client 2023-08-18 08:16:03,749 [INFO] NTP:offset = -0.011 s, delay = 0.117 s 
client 2023-08-18 08:16:03,749 [INFO] Sending command to the server: 'time'
client 2023-08-18 08:16:03,750 [INFO] Got response: '1692364563.7456622'
client 2023-08-18 08:16:03,750 [INFO] The time difference between the client and the server is within range 3.768 ms..5.201 ms
client 2023-08-18 08:16:03,750 [INFO] Sending command to the server: 'session,2023-08-18_08-03-50,start,testing'
client 2023-08-18 08:16:16,768 [INFO] Got response: 'OK'
client 2023-08-18 08:16:16,768 [INFO] Sending command to the server: 'time'
client 2023-08-18 08:16:16,769 [INFO] Got response: '1692364576.7647197'
client 2023-08-18 08:16:16,769 [INFO] The time difference between the client and the server is within range 3.833 ms..5.145 ms
client 2023-08-18 08:16:16,769 [INFO] Running the workload 'axs byquery loadgen_output,image_classifier,sut_name=r282_z93_q8e,model_name=resnet50,framework=kilt,device=qaic,loadgen_mode=PerformanceOnly,loadgen_compliance_test-,loadgen_scenario=Offline,_with_power+,symlink_to=/home/krai/work_collection/generated_by_power_measurement_on_run_e1521baf256845fdb3b4d24bef308fd9/last_mlperf_logs,power_client_entrydic_path=/home/krai/work_collection/generated_by_power_measurement_on_run_e1521baf256845fdb3b4d24bef308fd9/program_output.json'
client 2023-08-18 08:27:49,775 [INFO] Sending command to the server: 'time'
client 2023-08-18 08:27:49,777 [INFO] Got response: '1692365269.7724102'
client 2023-08-18 08:27:49,777 [INFO] The time difference between the client and the server is within range 3.152 ms..5.005 ms
client 2023-08-18 08:27:49,777 [INFO] Sending command to the server: 'session,2023-08-18_08-03-50,stop,testing'
client 2023-08-18 08:28:00,777 [INFO] Got response: 'OK'
client 2023-08-18 08:28:00,777 [INFO] Sending command to the server: 'time'
client 2023-08-18 08:28:00,777 [INFO] Got response: '1692365280.7732515'
client 2023-08-18 08:28:00,777 [INFO] The time difference between the client and the server is within range 4.026 ms..4.670 ms
client 2023-08-18 08:28:00,779 [INFO] Copying loadgen logs from '/home/krai/work_collection/generated_by_power_measurement_on_run_e1521baf256845fdb3b4d24bef308fd9/last_mlperf_logs' to '/home/krai/work_collection/generated_by_power_measurement_on_run_e1521baf256845fdb3b4d24bef308fd9/power_logs/run_1'
client 2023-08-18 08:28:00,779 [INFO] Done runs
