client 2023-07-11 02:06:22,284 [INFO] Creating output directory '/home/arjun/mobilenet_results/valid_results/orin-tflite_armnn_cpp-cpu-armnn_tflite-v22.11-using_neon/mobilenet-v1-precision_float-1.0-128/singlestream/performance/tmp_power'
client 2023-07-11 02:06:22,287 [INFO] Sending command to the server: 'mlcommons/power client v3'
client 2023-07-11 02:06:22,288 [INFO] Got response: 'mlcommons/power server v3'
client 2023-07-11 02:06:22,289 [INFO] Synchronizing with the server and with time.google.com...
client 2023-07-11 02:06:22,309 [INFO] NTP:offset = -0.002 s, delay = 0.016 s 
client 2023-07-11 02:06:22,309 [INFO] Sending command to the server: 'time'
client 2023-07-11 02:06:22,312 [INFO] Got response: '1689037582.2294877'
client 2023-07-11 02:06:22,312 [INFO] The time difference between the client and the server is within range 80.103 ms..82.941 ms
client 2023-07-11 02:06:22,312 [INFO] Sending command to the server: 'new,,5c8ae13b-3196-4b3a-b637-1f99b74b0528'
client 2023-07-11 02:06:22,314 [INFO] Got response: 'OK 2023-07-11_02-06-22,285dfc60-67a5-4042-ba38-359277b6a74c'
client 2023-07-11 02:06:22,314 [INFO] Session id is '2023-07-11_02-06-22'
client 2023-07-11 02:06:22,315 [INFO] Sources: {"sources": {"__init__.py": "da39a3ee5e6b4b0d3255bfef95601890afd80709", "client.py": "33ca4f26368777ac06e01f9567b714a4b8063886", "lib/__init__.py": "da39a3ee5e6b4b0d3255bfef95601890afd80709", "lib/client.py": "ac2aa093c8e8bbc9569b9e2a3471bc64e58a2258", "lib/common.py": "611d8b29633d331eb19c9455ea3b5fa3284ed6df", "lib/external/__init__.py": "da39a3ee5e6b4b0d3255bfef95601890afd80709", "lib/external/ntplib.py": "4da8f970656505a40483206ef2b5d3dd5e81711d", "lib/server.py": "c7af63c31bb2fbedea4345f571f6e3507d268ada", "lib/source_hashes.py": "60a2e02193209e8d392803326208d5466342da18", "lib/summary.py": "aa92f0a3f975eecd44d3c0cd0236342ccc9f941d", "lib/time_sync.py": "122eba67a9abc85635223e054def53be1367ade2", "server.py": "c3f90f2f7eeb4db30727556d0c815ebc89b3d28b", "tests/unit/__init__.py": "da39a3ee5e6b4b0d3255bfef95601890afd80709", "tests/unit/test_server.py": "948c1995d4008bc2aa6c4046a34ffa3858d6d671", "tests/unit/test_source_hashes.py": "00468a2907583c593e6574a1f6b404e4651c221a"}, "modules": {"ptd_client_server.lib.client": "lib/client.py", "ptd_client_server.lib.common": "lib/common.py", "ptd_client_server.lib.external.ntplib": "lib/external/ntplib.py", "ptd_client_server.lib.source_hashes": "lib/source_hashes.py", "ptd_client_server.lib.summary": "lib/summary.py", "ptd_client_server.lib.time_sync": "lib/time_sync.py"}}
client 2023-07-11 02:06:22,315 [INFO] Running workload in ranging mode
client 2023-07-11 02:06:22,315 [INFO] Synchronizing with the server and with time.google.com...
client 2023-07-11 02:06:22,330 [INFO] NTP:offset = -0.003 s, delay = 0.014 s 
client 2023-07-11 02:06:22,330 [INFO] Sending command to the server: 'time'
client 2023-07-11 02:06:22,332 [INFO] Got response: '1689037582.249526'
client 2023-07-11 02:06:22,332 [INFO] The time difference between the client and the server is within range 80.674 ms..82.983 ms
client 2023-07-11 02:06:22,332 [INFO] Sending command to the server: 'session,2023-07-11_02-06-22,start,ranging'
client 2023-07-11 02:06:50,941 [INFO] Got response: 'OK'
client 2023-07-11 02:06:50,943 [INFO] Sending command to the server: 'time'
client 2023-07-11 02:06:50,946 [INFO] Got response: '1689037610.8658147'
client 2023-07-11 02:06:50,947 [INFO] The time difference between the client and the server is within range 77.345 ms..81.237 ms
client 2023-07-11 02:06:50,947 [INFO] Running the workload 'CM_MLPERF_RUN_COUNT=$(cat ${CM_RUN_DIR}/count.txt); echo ${CM_MLPERF_RUN_COUNT}; CM_MLPERF_RUN_COUNT=$((CM_MLPERF_RUN_COUNT+1)); echo ${CM_MLPERF_RUN_COUNT} > ${CM_RUN_DIR}/count.txt && if [ ${CM_MLPERF_RUN_COUNT} -eq "1" ]; then export CM_MLPERF_USER_CONF=${CM_MLPERF_RANGING_USER_CONF}; else export CM_MLPERF_USER_CONF=${CM_MLPERF_TESTING_USER_CONF}; fi && /home/arjun/run.out'
client 2023-07-11 02:11:54,419 [INFO] Sending command to the server: 'time'
client 2023-07-11 02:11:54,423 [INFO] Got response: '1689037914.3385673'
client 2023-07-11 02:11:54,423 [INFO] The time difference between the client and the server is within range 81.003 ms..84.689 ms
client 2023-07-11 02:11:54,423 [INFO] Sending command to the server: 'session,2023-07-11_02-06-22,stop,ranging'
client 2023-07-11 02:12:05,031 [INFO] Got response: 'OK'
client 2023-07-11 02:12:05,032 [INFO] Sending command to the server: 'time'
client 2023-07-11 02:12:05,036 [INFO] Got response: '1689037924.9468746'
client 2023-07-11 02:12:05,036 [INFO] The time difference between the client and the server is within range 85.722 ms..89.867 ms
client 2023-07-11 02:12:05,056 [INFO] Copying loadgen logs from '/home/arjun/mobilenet_results/valid_results/orin-tflite_armnn_cpp-cpu-armnn_tflite-v22.11-using_neon/mobilenet-v1-precision_float-1.0-128/singlestream/performance/run_1' to '/home/arjun/mobilenet_results/valid_results/orin-tflite_armnn_cpp-cpu-armnn_tflite-v22.11-using_neon/mobilenet-v1-precision_float-1.0-128/singlestream/performance/tmp_power/ranging'
client 2023-07-11 02:12:05,059 [INFO] Running workload in testing mode
client 2023-07-11 02:12:05,059 [INFO] Synchronizing with the server and with time.google.com...
client 2023-07-11 02:12:05,083 [INFO] NTP:offset = -0.003 s, delay = 0.019 s 
client 2023-07-11 02:12:05,083 [INFO] Sending command to the server: 'time'
client 2023-07-11 02:12:05,087 [INFO] Got response: '1689037925.0069568'
client 2023-07-11 02:12:05,087 [INFO] The time difference between the client and the server is within range 76.888 ms..80.436 ms
client 2023-07-11 02:12:05,087 [INFO] Sending command to the server: 'session,2023-07-11_02-06-22,start,testing'
client 2023-07-11 02:12:18,129 [INFO] Got response: 'OK'
client 2023-07-11 02:12:18,129 [INFO] Sending command to the server: 'time'
client 2023-07-11 02:12:18,133 [INFO] Got response: '1689037938.0463848'
client 2023-07-11 02:12:18,133 [INFO] The time difference between the client and the server is within range 83.350 ms..87.432 ms
client 2023-07-11 02:12:18,134 [INFO] Running the workload 'CM_MLPERF_RUN_COUNT=$(cat ${CM_RUN_DIR}/count.txt); echo ${CM_MLPERF_RUN_COUNT}; CM_MLPERF_RUN_COUNT=$((CM_MLPERF_RUN_COUNT+1)); echo ${CM_MLPERF_RUN_COUNT} > ${CM_RUN_DIR}/count.txt && if [ ${CM_MLPERF_RUN_COUNT} -eq "1" ]; then export CM_MLPERF_USER_CONF=${CM_MLPERF_RANGING_USER_CONF}; else export CM_MLPERF_USER_CONF=${CM_MLPERF_TESTING_USER_CONF}; fi && /home/arjun/run.out'
client 2023-07-11 02:22:21,117 [INFO] Sending command to the server: 'time'
client 2023-07-11 02:22:21,121 [INFO] Got response: '1689038541.039678'
client 2023-07-11 02:22:21,122 [INFO] The time difference between the client and the server is within range 77.652 ms..82.574 ms
client 2023-07-11 02:22:21,122 [INFO] Sending command to the server: 'session,2023-07-11_02-06-22,stop,testing'
client 2023-07-11 02:22:31,223 [INFO] Got response: 'OK'
client 2023-07-11 02:22:31,223 [INFO] Sending command to the server: 'time'
client 2023-07-11 02:22:31,226 [INFO] Got response: '1689038551.1382802'
client 2023-07-11 02:22:31,227 [INFO] The time difference between the client and the server is within range 85.474 ms..88.784 ms
client 2023-07-11 02:22:31,231 [INFO] Copying loadgen logs from '/home/arjun/mobilenet_results/valid_results/orin-tflite_armnn_cpp-cpu-armnn_tflite-v22.11-using_neon/mobilenet-v1-precision_float-1.0-128/singlestream/performance/run_1' to '/home/arjun/mobilenet_results/valid_results/orin-tflite_armnn_cpp-cpu-armnn_tflite-v22.11-using_neon/mobilenet-v1-precision_float-1.0-128/singlestream/performance/tmp_power/run_1'
client 2023-07-11 02:22:31,233 [INFO] Done runs
