client 2023-07-16 04:36:26,899 [INFO] Creating output directory '/home/arjun/mobilenet_results/valid_results/raspberrypi-tflite_armnn_cpp-cpu-armnn_tflite-v23.05-using_neon/mobilenet-v2-precision_float-0.35-224/singlestream/performance/tmp_power'
client 2023-07-16 04:36:26,907 [INFO] Sending command to the server: 'mlcommons/power client v3'
client 2023-07-16 04:36:26,911 [INFO] Got response: 'mlcommons/power server v3'
client 2023-07-16 04:36:26,911 [INFO] Synchronizing with the server and with time.google.com...
client 2023-07-16 04:36:26,958 [INFO] NTP:offset = -0.001 s, delay = 0.016 s 
client 2023-07-16 04:36:26,958 [INFO] Sending command to the server: 'time'
client 2023-07-16 04:36:26,962 [INFO] Got response: '1689478586.8722115'
client 2023-07-16 04:36:26,962 [INFO] The time difference between the client and the server is within range 86.226 ms..90.191 ms
client 2023-07-16 04:36:26,962 [INFO] Sending command to the server: 'new,,f8aef88b-8dea-4b48-97ff-36095df8c490'
client 2023-07-16 04:36:26,967 [INFO] Got response: 'OK 2023-07-16_04-36-26,96fba2bb-77c8-44af-8622-38595d1c0797'
client 2023-07-16 04:36:26,967 [INFO] Session id is '2023-07-16_04-36-26'
client 2023-07-16 04:36:26,968 [INFO] Sources: {"sources": {"__init__.py": "da39a3ee5e6b4b0d3255bfef95601890afd80709", "client.py": "33ca4f26368777ac06e01f9567b714a4b8063886", "lib/__init__.py": "da39a3ee5e6b4b0d3255bfef95601890afd80709", "lib/client.py": "ac2aa093c8e8bbc9569b9e2a3471bc64e58a2258", "lib/common.py": "611d8b29633d331eb19c9455ea3b5fa3284ed6df", "lib/external/__init__.py": "da39a3ee5e6b4b0d3255bfef95601890afd80709", "lib/external/ntplib.py": "4da8f970656505a40483206ef2b5d3dd5e81711d", "lib/server.py": "c7af63c31bb2fbedea4345f571f6e3507d268ada", "lib/source_hashes.py": "60a2e02193209e8d392803326208d5466342da18", "lib/summary.py": "aa92f0a3f975eecd44d3c0cd0236342ccc9f941d", "lib/time_sync.py": "122eba67a9abc85635223e054def53be1367ade2", "server.py": "c3f90f2f7eeb4db30727556d0c815ebc89b3d28b", "tests/unit/__init__.py": "da39a3ee5e6b4b0d3255bfef95601890afd80709", "tests/unit/test_server.py": "948c1995d4008bc2aa6c4046a34ffa3858d6d671", "tests/unit/test_source_hashes.py": "00468a2907583c593e6574a1f6b404e4651c221a"}, "modules": {"ptd_client_server.lib.client": "lib/client.py", "ptd_client_server.lib.common": "lib/common.py", "ptd_client_server.lib.external.ntplib": "lib/external/ntplib.py", "ptd_client_server.lib.source_hashes": "lib/source_hashes.py", "ptd_client_server.lib.summary": "lib/summary.py", "ptd_client_server.lib.time_sync": "lib/time_sync.py"}}
client 2023-07-16 04:36:26,968 [INFO] Running workload in ranging mode
client 2023-07-16 04:36:26,968 [INFO] Synchronizing with the server and with time.google.com...
client 2023-07-16 04:36:27,002 [INFO] NTP:offset = -0.001 s, delay = 0.017 s 
client 2023-07-16 04:36:27,002 [INFO] Sending command to the server: 'time'
client 2023-07-16 04:36:27,005 [INFO] Got response: '1689478586.9125462'
client 2023-07-16 04:36:27,005 [INFO] The time difference between the client and the server is within range 89.984 ms..92.969 ms
client 2023-07-16 04:36:27,005 [INFO] Sending command to the server: 'session,2023-07-16_04-36-26,start,ranging'
client 2023-07-16 04:36:55,716 [INFO] Got response: 'OK'
client 2023-07-16 04:36:55,717 [INFO] Sending command to the server: 'time'
client 2023-07-16 04:36:55,720 [INFO] Got response: '1689478615.6299126'
client 2023-07-16 04:36:55,721 [INFO] The time difference between the client and the server is within range 87.525 ms..91.390 ms
client 2023-07-16 04:36:55,721 [INFO] Running the workload 'CM_MLPERF_RUN_COUNT=$(cat ${CM_RUN_DIR}/count.txt); echo ${CM_MLPERF_RUN_COUNT}; CM_MLPERF_RUN_COUNT=$((CM_MLPERF_RUN_COUNT+1)); echo ${CM_MLPERF_RUN_COUNT} > ${CM_RUN_DIR}/count.txt && if [ ${CM_MLPERF_RUN_COUNT} -eq "1" ]; then export CM_MLPERF_USER_CONF=${CM_MLPERF_RANGING_USER_CONF}; else export CM_MLPERF_USER_CONF=${CM_MLPERF_TESTING_USER_CONF}; fi && /home/arjun/run.out'
client 2023-07-16 04:42:02,744 [INFO] Sending command to the server: 'time'
client 2023-07-16 04:42:02,747 [INFO] Got response: '1689478922.6546953'
client 2023-07-16 04:42:02,748 [INFO] The time difference between the client and the server is within range 89.505 ms..93.361 ms
client 2023-07-16 04:42:02,748 [INFO] Sending command to the server: 'session,2023-07-16_04-36-26,stop,ranging'
client 2023-07-16 04:42:14,126 [INFO] Got response: 'OK'
client 2023-07-16 04:42:14,127 [INFO] Sending command to the server: 'time'
client 2023-07-16 04:42:14,131 [INFO] Got response: '1689478934.038395'
client 2023-07-16 04:42:14,131 [INFO] The time difference between the client and the server is within range 88.939 ms..93.509 ms
client 2023-07-16 04:42:14,168 [INFO] Copying loadgen logs from '/home/arjun/mobilenet_results/valid_results/raspberrypi-tflite_armnn_cpp-cpu-armnn_tflite-v23.05-using_neon/mobilenet-v2-precision_float-0.35-224/singlestream/performance/run_1' to '/home/arjun/mobilenet_results/valid_results/raspberrypi-tflite_armnn_cpp-cpu-armnn_tflite-v23.05-using_neon/mobilenet-v2-precision_float-0.35-224/singlestream/performance/tmp_power/ranging'
client 2023-07-16 04:42:14,171 [INFO] Running workload in testing mode
client 2023-07-16 04:42:14,172 [INFO] Synchronizing with the server and with time.google.com...
client 2023-07-16 04:42:14,208 [INFO] NTP:offset = -0.003 s, delay = 0.015 s 
client 2023-07-16 04:42:14,208 [INFO] Sending command to the server: 'time'
client 2023-07-16 04:42:14,212 [INFO] Got response: '1689478934.11951'
client 2023-07-16 04:42:14,212 [INFO] The time difference between the client and the server is within range 89.011 ms..92.986 ms
client 2023-07-16 04:42:14,212 [INFO] Sending command to the server: 'session,2023-07-16_04-36-26,start,testing'
client 2023-07-16 04:42:27,269 [INFO] Got response: 'OK'
client 2023-07-16 04:42:27,270 [INFO] Sending command to the server: 'time'
client 2023-07-16 04:42:27,275 [INFO] Got response: '1689478947.1747792'
client 2023-07-16 04:42:27,275 [INFO] The time difference between the client and the server is within range 95.710 ms..100.988 ms
client 2023-07-16 04:42:27,276 [INFO] Running the workload 'CM_MLPERF_RUN_COUNT=$(cat ${CM_RUN_DIR}/count.txt); echo ${CM_MLPERF_RUN_COUNT}; CM_MLPERF_RUN_COUNT=$((CM_MLPERF_RUN_COUNT+1)); echo ${CM_MLPERF_RUN_COUNT} > ${CM_RUN_DIR}/count.txt && if [ ${CM_MLPERF_RUN_COUNT} -eq "1" ]; then export CM_MLPERF_USER_CONF=${CM_MLPERF_RANGING_USER_CONF}; else export CM_MLPERF_USER_CONF=${CM_MLPERF_TESTING_USER_CONF}; fi && /home/arjun/run.out'
client 2023-07-16 04:52:39,655 [INFO] Sending command to the server: 'time'
client 2023-07-16 04:52:39,660 [INFO] Got response: '1689479559.552246'
client 2023-07-16 04:52:39,661 [INFO] The time difference between the client and the server is within range 103.419 ms..108.852 ms
client 2023-07-16 04:52:39,661 [INFO] Sending command to the server: 'session,2023-07-16_04-36-26,stop,testing'
client 2023-07-16 04:52:50,414 [INFO] Got response: 'OK'
client 2023-07-16 04:52:50,415 [INFO] Sending command to the server: 'time'
client 2023-07-16 04:52:50,418 [INFO] Got response: '1689479570.3161297'
client 2023-07-16 04:52:50,418 [INFO] The time difference between the client and the server is within range 99.156 ms..102.761 ms
client 2023-07-16 04:52:50,424 [INFO] Copying loadgen logs from '/home/arjun/mobilenet_results/valid_results/raspberrypi-tflite_armnn_cpp-cpu-armnn_tflite-v23.05-using_neon/mobilenet-v2-precision_float-0.35-224/singlestream/performance/run_1' to '/home/arjun/mobilenet_results/valid_results/raspberrypi-tflite_armnn_cpp-cpu-armnn_tflite-v23.05-using_neon/mobilenet-v2-precision_float-0.35-224/singlestream/performance/tmp_power/run_1'
client 2023-07-16 04:52:50,427 [INFO] Done runs
