client 2023-07-15 11:58:09,377 [INFO] Creating output directory '/home/arjun/mobilenet_results/valid_results/raspberrypi-tflite_armnn_cpp-cpu-armnn_tflite-v23.05-using_neon/mobilenet-v1-precision_uint8-1.0-224/singlestream/performance/tmp_power'
client 2023-07-15 11:58:09,383 [INFO] Sending command to the server: 'mlcommons/power client v3'
client 2023-07-15 11:58:09,389 [INFO] Got response: 'mlcommons/power server v3'
client 2023-07-15 11:58:09,389 [INFO] Synchronizing with the server and with time.google.com...
client 2023-07-15 11:58:09,438 [INFO] NTP:offset = -0.067 s, delay = 0.015 s 
client 2023-07-15 11:58:09,439 [INFO] Sending command to the server: 'time'
client 2023-07-15 11:58:09,444 [INFO] Got response: '1689418689.3704891'
client 2023-07-15 11:58:09,445 [INFO] The time difference between the client and the server is within range 68.777 ms..74.615 ms
client 2023-07-15 11:58:09,446 [INFO] Sending command to the server: 'new,,09ee890f-e35a-44e6-9fe2-3c7e8ecd0d3f'
client 2023-07-15 11:58:09,456 [INFO] Got response: 'OK 2023-07-15_11-58-09,72f76e7a-092d-4b90-bbc7-ac8c6a8471c6'
client 2023-07-15 11:58:09,457 [INFO] Session id is '2023-07-15_11-58-09'
client 2023-07-15 11:58:09,457 [INFO] Sources: {"sources": {"__init__.py": "da39a3ee5e6b4b0d3255bfef95601890afd80709", "client.py": "33ca4f26368777ac06e01f9567b714a4b8063886", "lib/__init__.py": "da39a3ee5e6b4b0d3255bfef95601890afd80709", "lib/client.py": "ac2aa093c8e8bbc9569b9e2a3471bc64e58a2258", "lib/common.py": "611d8b29633d331eb19c9455ea3b5fa3284ed6df", "lib/external/__init__.py": "da39a3ee5e6b4b0d3255bfef95601890afd80709", "lib/external/ntplib.py": "4da8f970656505a40483206ef2b5d3dd5e81711d", "lib/server.py": "c7af63c31bb2fbedea4345f571f6e3507d268ada", "lib/source_hashes.py": "60a2e02193209e8d392803326208d5466342da18", "lib/summary.py": "aa92f0a3f975eecd44d3c0cd0236342ccc9f941d", "lib/time_sync.py": "122eba67a9abc85635223e054def53be1367ade2", "server.py": "c3f90f2f7eeb4db30727556d0c815ebc89b3d28b", "tests/unit/__init__.py": "da39a3ee5e6b4b0d3255bfef95601890afd80709", "tests/unit/test_server.py": "948c1995d4008bc2aa6c4046a34ffa3858d6d671", "tests/unit/test_source_hashes.py": "00468a2907583c593e6574a1f6b404e4651c221a"}, "modules": {"ptd_client_server.lib.client": "lib/client.py", "ptd_client_server.lib.common": "lib/common.py", "ptd_client_server.lib.external.ntplib": "lib/external/ntplib.py", "ptd_client_server.lib.source_hashes": "lib/source_hashes.py", "ptd_client_server.lib.summary": "lib/summary.py", "ptd_client_server.lib.time_sync": "lib/time_sync.py"}}
client 2023-07-15 11:58:09,458 [INFO] Running workload in ranging mode
client 2023-07-15 11:58:09,458 [INFO] Synchronizing with the server and with time.google.com...
client 2023-07-15 11:58:09,496 [INFO] NTP:offset = -0.068 s, delay = 0.018 s 
client 2023-07-15 11:58:09,497 [INFO] Sending command to the server: 'time'
client 2023-07-15 11:58:09,500 [INFO] Got response: '1689418689.4212606'
client 2023-07-15 11:58:09,501 [INFO] The time difference between the client and the server is within range 75.840 ms..79.942 ms
client 2023-07-15 11:58:09,501 [INFO] Sending command to the server: 'session,2023-07-15_11-58-09,start,ranging'
client 2023-07-15 11:58:38,217 [INFO] Got response: 'OK'
client 2023-07-15 11:58:38,218 [INFO] Sending command to the server: 'time'
client 2023-07-15 11:58:38,223 [INFO] Got response: '1689418718.148329'
client 2023-07-15 11:58:38,223 [INFO] The time difference between the client and the server is within range 69.975 ms..75.358 ms
client 2023-07-15 11:58:38,224 [INFO] Running the workload 'CM_MLPERF_RUN_COUNT=$(cat ${CM_RUN_DIR}/count.txt); echo ${CM_MLPERF_RUN_COUNT}; CM_MLPERF_RUN_COUNT=$((CM_MLPERF_RUN_COUNT+1)); echo ${CM_MLPERF_RUN_COUNT} > ${CM_RUN_DIR}/count.txt && if [ ${CM_MLPERF_RUN_COUNT} -eq "1" ]; then export CM_MLPERF_USER_CONF=${CM_MLPERF_RANGING_USER_CONF}; else export CM_MLPERF_USER_CONF=${CM_MLPERF_TESTING_USER_CONF}; fi && /home/arjun/run.out'
client 2023-07-15 12:03:58,881 [INFO] Sending command to the server: 'time'
client 2023-07-15 12:03:58,886 [INFO] Got response: '1689419038.813176'
client 2023-07-15 12:03:58,886 [INFO] The time difference between the client and the server is within range 67.898 ms..73.208 ms
client 2023-07-15 12:03:58,886 [INFO] Sending command to the server: 'session,2023-07-15_11-58-09,stop,ranging'
client 2023-07-15 12:04:09,711 [INFO] Got response: 'OK'
client 2023-07-15 12:04:09,712 [INFO] Sending command to the server: 'time'
client 2023-07-15 12:04:09,716 [INFO] Got response: '1689419049.641462'
client 2023-07-15 12:04:09,716 [INFO] The time difference between the client and the server is within range 70.983 ms..75.171 ms
client 2023-07-15 12:04:09,752 [INFO] Copying loadgen logs from '/home/arjun/mobilenet_results/valid_results/raspberrypi-tflite_armnn_cpp-cpu-armnn_tflite-v23.05-using_neon/mobilenet-v1-precision_uint8-1.0-224/singlestream/performance/run_1' to '/home/arjun/mobilenet_results/valid_results/raspberrypi-tflite_armnn_cpp-cpu-armnn_tflite-v23.05-using_neon/mobilenet-v1-precision_uint8-1.0-224/singlestream/performance/tmp_power/ranging'
client 2023-07-15 12:04:09,755 [INFO] Running workload in testing mode
client 2023-07-15 12:04:09,756 [INFO] Synchronizing with the server and with time.google.com...
client 2023-07-15 12:04:09,789 [INFO] NTP:offset = -0.066 s, delay = 0.016 s 
client 2023-07-15 12:04:09,789 [INFO] Sending command to the server: 'time'
client 2023-07-15 12:04:09,795 [INFO] Got response: '1689419049.7233052'
client 2023-07-15 12:04:09,795 [INFO] The time difference between the client and the server is within range 66.047 ms..72.415 ms
client 2023-07-15 12:04:09,795 [INFO] Sending command to the server: 'session,2023-07-15_11-58-09,start,testing'
client 2023-07-15 12:04:22,840 [INFO] Got response: 'OK'
client 2023-07-15 12:04:22,841 [INFO] Sending command to the server: 'time'
client 2023-07-15 12:04:22,844 [INFO] Got response: '1689419062.771786'
client 2023-07-15 12:04:22,845 [INFO] The time difference between the client and the server is within range 69.463 ms..73.358 ms
client 2023-07-15 12:04:22,845 [INFO] Running the workload 'CM_MLPERF_RUN_COUNT=$(cat ${CM_RUN_DIR}/count.txt); echo ${CM_MLPERF_RUN_COUNT}; CM_MLPERF_RUN_COUNT=$((CM_MLPERF_RUN_COUNT+1)); echo ${CM_MLPERF_RUN_COUNT} > ${CM_RUN_DIR}/count.txt && if [ ${CM_MLPERF_RUN_COUNT} -eq "1" ]; then export CM_MLPERF_USER_CONF=${CM_MLPERF_RANGING_USER_CONF}; else export CM_MLPERF_USER_CONF=${CM_MLPERF_TESTING_USER_CONF}; fi && /home/arjun/run.out'
client 2023-07-15 12:14:35,299 [INFO] Sending command to the server: 'time'
client 2023-07-15 12:14:35,304 [INFO] Got response: '1689419675.2371707'
client 2023-07-15 12:14:35,304 [INFO] The time difference between the client and the server is within range 61.907 ms..67.289 ms
client 2023-07-15 12:14:35,304 [INFO] Sending command to the server: 'session,2023-07-15_11-58-09,stop,testing'
client 2023-07-15 12:14:45,896 [INFO] Got response: 'OK'
client 2023-07-15 12:14:45,897 [INFO] Sending command to the server: 'time'
client 2023-07-15 12:14:45,901 [INFO] Got response: '1689419685.8340342'
client 2023-07-15 12:14:45,902 [INFO] The time difference between the client and the server is within range 63.048 ms..68.288 ms
client 2023-07-15 12:14:45,908 [INFO] Copying loadgen logs from '/home/arjun/mobilenet_results/valid_results/raspberrypi-tflite_armnn_cpp-cpu-armnn_tflite-v23.05-using_neon/mobilenet-v1-precision_uint8-1.0-224/singlestream/performance/run_1' to '/home/arjun/mobilenet_results/valid_results/raspberrypi-tflite_armnn_cpp-cpu-armnn_tflite-v23.05-using_neon/mobilenet-v1-precision_uint8-1.0-224/singlestream/performance/tmp_power/run_1'
client 2023-07-15 12:14:45,911 [INFO] Done runs
