client 2023-09-01 23:02:07,784 [INFO] Creating output directory '/home/arjun/results_dir/valid_results/phoenix_Amd_Am5-reference-cpu-deepsparse-vdefault-default_config/mobilebert-base_quant-none-bert-99/singlestream/performance/tmp_power'
client 2023-09-01 23:02:07,786 [INFO] Sending command to the server: 'mlcommons/power client v3'
client 2023-09-01 23:02:07,788 [INFO] Got response: 'mlcommons/power server v3'
client 2023-09-01 23:02:07,788 [INFO] Synchronizing with the server and with time.google.com...
client 2023-09-01 23:02:07,803 [INFO] NTP:offset = -0.002 s, delay = 0.014 s 
client 2023-09-01 23:02:07,803 [INFO] Sending command to the server: 'time'
client 2023-09-01 23:02:07,806 [INFO] Got response: '1693605727.8051567'
client 2023-09-01 23:02:07,807 [INFO] The time difference between the client and the server is within range -1.345 ms..1.894 ms
client 2023-09-01 23:02:07,807 [INFO] Sending command to the server: 'new,,4ece4d41-50ee-4d53-afc8-77125570621b'
client 2023-09-01 23:02:07,810 [INFO] Got response: 'OK 2023-09-01_22-02-07,5ac66483-647f-4336-a7b4-4e89f6cfe6e3'
client 2023-09-01 23:02:07,811 [INFO] Session id is '2023-09-01_22-02-07'
client 2023-09-01 23:02:07,811 [INFO] Sources: {"sources": {"__init__.py": "da39a3ee5e6b4b0d3255bfef95601890afd80709", "client.py": "33ca4f26368777ac06e01f9567b714a4b8063886", "lib/__init__.py": "da39a3ee5e6b4b0d3255bfef95601890afd80709", "lib/client.py": "ac2aa093c8e8bbc9569b9e2a3471bc64e58a2258", "lib/common.py": "611d8b29633d331eb19c9455ea3b5fa3284ed6df", "lib/external/__init__.py": "da39a3ee5e6b4b0d3255bfef95601890afd80709", "lib/external/ntplib.py": "4da8f970656505a40483206ef2b5d3dd5e81711d", "lib/server.py": "c7af63c31bb2fbedea4345f571f6e3507d268ada", "lib/source_hashes.py": "60a2e02193209e8d392803326208d5466342da18", "lib/summary.py": "aa92f0a3f975eecd44d3c0cd0236342ccc9f941d", "lib/time_sync.py": "122eba67a9abc85635223e054def53be1367ade2", "server.py": "c3f90f2f7eeb4db30727556d0c815ebc89b3d28b", "tests/unit/__init__.py": "da39a3ee5e6b4b0d3255bfef95601890afd80709", "tests/unit/test_server.py": "948c1995d4008bc2aa6c4046a34ffa3858d6d671", "tests/unit/test_source_hashes.py": "00468a2907583c593e6574a1f6b404e4651c221a"}, "modules": {"ptd_client_server.lib.client": "lib/client.py", "ptd_client_server.lib.common": "lib/common.py", "ptd_client_server.lib.external.ntplib": "lib/external/ntplib.py", "ptd_client_server.lib.source_hashes": "lib/source_hashes.py", "ptd_client_server.lib.summary": "lib/summary.py", "ptd_client_server.lib.time_sync": "lib/time_sync.py"}}
client 2023-09-01 23:02:07,811 [INFO] Running workload in ranging mode
client 2023-09-01 23:02:07,811 [INFO] Synchronizing with the server and with time.google.com...
client 2023-09-01 23:02:07,823 [INFO] NTP:offset = -0.000 s, delay = 0.012 s 
client 2023-09-01 23:02:07,823 [INFO] Sending command to the server: 'time'
client 2023-09-01 23:02:07,825 [INFO] Got response: '1693605727.8246198'
client 2023-09-01 23:02:07,825 [INFO] The time difference between the client and the server is within range -0.707 ms..1.020 ms
client 2023-09-01 23:02:07,825 [INFO] Sending command to the server: 'session,2023-09-01_22-02-07,start,ranging'
client 2023-09-01 23:02:35,912 [INFO] Got response: 'OK'
client 2023-09-01 23:02:35,912 [INFO] Sending command to the server: 'time'
client 2023-09-01 23:02:35,914 [INFO] Got response: '1693605755.9134998'
client 2023-09-01 23:02:35,914 [INFO] The time difference between the client and the server is within range -0.890 ms..1.370 ms
client 2023-09-01 23:02:35,914 [INFO] Running the workload 'CM_MLPERF_RUN_COUNT=$(cat ${CM_RUN_DIR}/count.txt); echo ${CM_MLPERF_RUN_COUNT}; CM_MLPERF_RUN_COUNT=$((CM_MLPERF_RUN_COUNT+1)); echo ${CM_MLPERF_RUN_COUNT} > ${CM_RUN_DIR}/count.txt && if [ ${CM_MLPERF_RUN_COUNT} -eq "1" ]; then export CM_MLPERF_USER_CONF=${CM_MLPERF_RANGING_USER_CONF}; else export CM_MLPERF_USER_CONF=${CM_MLPERF_TESTING_USER_CONF}; fi && /usr/bin/python3 run.py --backend=deepsparse --scenario=SingleStream --mlperf_conf "/home/arjun/CM/repos/local/cache/c90a1dd626e44096/inference/mlperf.conf" --user_conf "${CM_MLPERF_USER_CONF}" --quantized --batch_size=1 --model_path=/home/arjun/.cache/sparsezoo/015e8d42-34d9-4fdc-a641-4f2475ae2542/model.onnx'
client 2023-09-01 23:09:19,491 [INFO] Sending command to the server: 'time'
client 2023-09-01 23:09:19,493 [INFO] Got response: '1693606159.4926848'
client 2023-09-01 23:09:19,493 [INFO] The time difference between the client and the server is within range -1.239 ms..0.515 ms
client 2023-09-01 23:09:19,493 [INFO] Sending command to the server: 'session,2023-09-01_22-02-07,stop,ranging'
client 2023-09-01 23:09:30,027 [INFO] Got response: 'OK'
client 2023-09-01 23:09:30,027 [INFO] Sending command to the server: 'time'
client 2023-09-01 23:09:30,028 [INFO] Got response: '1693606170.0277522'
client 2023-09-01 23:09:30,028 [INFO] The time difference between the client and the server is within range -0.511 ms..0.764 ms
client 2023-09-01 23:09:30,030 [INFO] Copying loadgen logs from '/home/arjun/results_dir/valid_results/phoenix_Amd_Am5-reference-cpu-deepsparse-vdefault-default_config/mobilebert-base_quant-none-bert-99/singlestream/performance/run_1' to '/home/arjun/results_dir/valid_results/phoenix_Amd_Am5-reference-cpu-deepsparse-vdefault-default_config/mobilebert-base_quant-none-bert-99/singlestream/performance/tmp_power/ranging'
client 2023-09-01 23:09:30,030 [INFO] Running workload in testing mode
client 2023-09-01 23:09:30,030 [INFO] Synchronizing with the server and with time.google.com...
client 2023-09-01 23:09:30,044 [INFO] NTP:offset = -0.001 s, delay = 0.013 s 
client 2023-09-01 23:09:30,044 [INFO] Sending command to the server: 'time'
client 2023-09-01 23:09:30,045 [INFO] Got response: '1693606170.045479'
client 2023-09-01 23:09:30,046 [INFO] The time difference between the client and the server is within range -1.222 ms..0.529 ms
client 2023-09-01 23:09:30,046 [INFO] Sending command to the server: 'session,2023-09-01_22-02-07,start,testing'
client 2023-09-01 23:09:43,065 [INFO] Got response: 'OK'
client 2023-09-01 23:09:43,065 [INFO] Sending command to the server: 'time'
client 2023-09-01 23:09:43,067 [INFO] Got response: '1693606183.0671885'
client 2023-09-01 23:09:43,067 [INFO] The time difference between the client and the server is within range -1.367 ms..0.609 ms
client 2023-09-01 23:09:43,067 [INFO] Running the workload 'CM_MLPERF_RUN_COUNT=$(cat ${CM_RUN_DIR}/count.txt); echo ${CM_MLPERF_RUN_COUNT}; CM_MLPERF_RUN_COUNT=$((CM_MLPERF_RUN_COUNT+1)); echo ${CM_MLPERF_RUN_COUNT} > ${CM_RUN_DIR}/count.txt && if [ ${CM_MLPERF_RUN_COUNT} -eq "1" ]; then export CM_MLPERF_USER_CONF=${CM_MLPERF_RANGING_USER_CONF}; else export CM_MLPERF_USER_CONF=${CM_MLPERF_TESTING_USER_CONF}; fi && /usr/bin/python3 run.py --backend=deepsparse --scenario=SingleStream --mlperf_conf "/home/arjun/CM/repos/local/cache/c90a1dd626e44096/inference/mlperf.conf" --user_conf "${CM_MLPERF_USER_CONF}" --quantized --batch_size=1 --model_path=/home/arjun/.cache/sparsezoo/015e8d42-34d9-4fdc-a641-4f2475ae2542/model.onnx'
client 2023-09-01 23:21:26,584 [INFO] Sending command to the server: 'time'
client 2023-09-01 23:21:26,600 [INFO] Got response: '1693606886.5993369'
client 2023-09-01 23:21:26,600 [INFO] The time difference between the client and the server is within range -14.801 ms..1.045 ms
client 2023-09-01 23:21:26,600 [INFO] Sending command to the server: 'session,2023-09-01_22-02-07,stop,testing'
client 2023-09-01 23:21:37,122 [INFO] Got response: 'OK'
client 2023-09-01 23:21:37,122 [INFO] Sending command to the server: 'time'
client 2023-09-01 23:21:37,123 [INFO] Got response: '1693606897.123196'
client 2023-09-01 23:21:37,123 [INFO] The time difference between the client and the server is within range -0.858 ms..0.721 ms
client 2023-09-01 23:21:37,124 [INFO] Copying loadgen logs from '/home/arjun/results_dir/valid_results/phoenix_Amd_Am5-reference-cpu-deepsparse-vdefault-default_config/mobilebert-base_quant-none-bert-99/singlestream/performance/run_1' to '/home/arjun/results_dir/valid_results/phoenix_Amd_Am5-reference-cpu-deepsparse-vdefault-default_config/mobilebert-base_quant-none-bert-99/singlestream/performance/tmp_power/run_1'
client 2023-09-01 23:21:37,124 [INFO] Done runs
