client 2023-07-20 05:09:25,630 [INFO] Creating output directory '/home/arjun/mobilenet_results/valid_results/raspberrypi-tflite_armnn_cpp-cpu-armnn_tflite-v22.11-using_neon/mobilenet-v2-precision_float-0.5-160/singlestream/performance/tmp_power'
client 2023-07-20 05:09:25,635 [INFO] Sending command to the server: 'mlcommons/power client v3'
client 2023-07-20 05:09:25,638 [INFO] Got response: 'mlcommons/power server v3'
client 2023-07-20 05:09:25,639 [INFO] Synchronizing with the server and with time.google.com...
client 2023-07-20 05:09:25,698 [INFO] NTP:offset = 0.012 s, delay = 0.017 s 
client 2023-07-20 05:09:25,698 [INFO] Sending command to the server: 'time'
client 2023-07-20 05:09:25,702 [INFO] Got response: '1689826165.6690297'
client 2023-07-20 05:09:25,702 [INFO] The time difference between the client and the server is within range 29.454 ms..33.348 ms
client 2023-07-20 05:09:25,702 [INFO] Sending command to the server: 'new,,637ee4fe-fdbc-4cdc-af35-562cf40218d3'
client 2023-07-20 05:09:25,706 [INFO] Got response: 'OK 2023-07-20_05-09-25,7b7b3f23-e5f0-4c9e-adb3-5fd58b0004c5'
client 2023-07-20 05:09:25,707 [INFO] Session id is '2023-07-20_05-09-25'
client 2023-07-20 05:09:25,707 [INFO] Sources: {"sources": {"__init__.py": "da39a3ee5e6b4b0d3255bfef95601890afd80709", "client.py": "33ca4f26368777ac06e01f9567b714a4b8063886", "lib/__init__.py": "da39a3ee5e6b4b0d3255bfef95601890afd80709", "lib/client.py": "ac2aa093c8e8bbc9569b9e2a3471bc64e58a2258", "lib/common.py": "611d8b29633d331eb19c9455ea3b5fa3284ed6df", "lib/external/__init__.py": "da39a3ee5e6b4b0d3255bfef95601890afd80709", "lib/external/ntplib.py": "4da8f970656505a40483206ef2b5d3dd5e81711d", "lib/server.py": "c7af63c31bb2fbedea4345f571f6e3507d268ada", "lib/source_hashes.py": "60a2e02193209e8d392803326208d5466342da18", "lib/summary.py": "aa92f0a3f975eecd44d3c0cd0236342ccc9f941d", "lib/time_sync.py": "122eba67a9abc85635223e054def53be1367ade2", "server.py": "c3f90f2f7eeb4db30727556d0c815ebc89b3d28b", "tests/unit/__init__.py": "da39a3ee5e6b4b0d3255bfef95601890afd80709", "tests/unit/test_server.py": "948c1995d4008bc2aa6c4046a34ffa3858d6d671", "tests/unit/test_source_hashes.py": "00468a2907583c593e6574a1f6b404e4651c221a"}, "modules": {"ptd_client_server.lib.client": "lib/client.py", "ptd_client_server.lib.common": "lib/common.py", "ptd_client_server.lib.external.ntplib": "lib/external/ntplib.py", "ptd_client_server.lib.source_hashes": "lib/source_hashes.py", "ptd_client_server.lib.summary": "lib/summary.py", "ptd_client_server.lib.time_sync": "lib/time_sync.py"}}
client 2023-07-20 05:09:25,708 [INFO] Running workload in ranging mode
client 2023-07-20 05:09:25,709 [INFO] Synchronizing with the server and with time.google.com...
client 2023-07-20 05:09:25,746 [INFO] NTP:offset = 0.011 s, delay = 0.014 s 
client 2023-07-20 05:09:25,747 [INFO] Sending command to the server: 'time'
client 2023-07-20 05:09:25,751 [INFO] Got response: '1689826165.7193208'
client 2023-07-20 05:09:25,751 [INFO] The time difference between the client and the server is within range 27.725 ms..32.349 ms
client 2023-07-20 05:09:25,752 [INFO] Sending command to the server: 'session,2023-07-20_05-09-25,start,ranging'
client 2023-07-20 05:09:54,441 [INFO] Got response: 'OK'
client 2023-07-20 05:09:54,442 [INFO] Sending command to the server: 'time'
client 2023-07-20 05:09:54,446 [INFO] Got response: '1689826194.41048'
client 2023-07-20 05:09:54,446 [INFO] The time difference between the client and the server is within range 31.991 ms..35.959 ms
client 2023-07-20 05:09:54,446 [INFO] Running the workload 'CM_MLPERF_RUN_COUNT=$(cat ${CM_RUN_DIR}/count.txt); echo ${CM_MLPERF_RUN_COUNT}; CM_MLPERF_RUN_COUNT=$((CM_MLPERF_RUN_COUNT+1)); echo ${CM_MLPERF_RUN_COUNT} > ${CM_RUN_DIR}/count.txt && if [ ${CM_MLPERF_RUN_COUNT} -eq "1" ]; then export CM_MLPERF_USER_CONF=${CM_MLPERF_RANGING_USER_CONF}; else export CM_MLPERF_USER_CONF=${CM_MLPERF_TESTING_USER_CONF}; fi && /home/arjun/CM/repos/ctuning@mlcommons-ck/cm-mlops/script/get-lib-armnn/run.out'
client 2023-07-20 05:15:08,223 [INFO] Sending command to the server: 'time'
client 2023-07-20 05:15:08,229 [INFO] Got response: '1689826508.182821'
client 2023-07-20 05:15:08,230 [INFO] The time difference between the client and the server is within range 40.125 ms..47.257 ms
client 2023-07-20 05:15:08,230 [INFO] Sending command to the server: 'session,2023-07-20_05-09-25,stop,ranging'
client 2023-07-20 05:15:18,834 [INFO] Got response: 'OK'
client 2023-07-20 05:15:18,834 [INFO] Sending command to the server: 'time'
client 2023-07-20 05:15:18,838 [INFO] Got response: '1689826518.7910674'
client 2023-07-20 05:15:18,838 [INFO] The time difference between the client and the server is within range 43.658 ms..47.338 ms
client 2023-07-20 05:15:18,872 [INFO] Copying loadgen logs from '/home/arjun/mobilenet_results/valid_results/raspberrypi-tflite_armnn_cpp-cpu-armnn_tflite-v22.11-using_neon/mobilenet-v2-precision_float-0.5-160/singlestream/performance/run_1' to '/home/arjun/mobilenet_results/valid_results/raspberrypi-tflite_armnn_cpp-cpu-armnn_tflite-v22.11-using_neon/mobilenet-v2-precision_float-0.5-160/singlestream/performance/tmp_power/ranging'
client 2023-07-20 05:15:18,875 [INFO] Running workload in testing mode
client 2023-07-20 05:15:18,876 [INFO] Synchronizing with the server and with time.google.com...
client 2023-07-20 05:15:18,909 [INFO] NTP:offset = 0.008 s, delay = 0.017 s 
client 2023-07-20 05:15:18,909 [INFO] Sending command to the server: 'time'
client 2023-07-20 05:15:18,912 [INFO] Got response: '1689826518.8726757'
client 2023-07-20 05:15:18,913 [INFO] The time difference between the client and the server is within range 36.876 ms..40.474 ms
client 2023-07-20 05:15:18,913 [INFO] Sending command to the server: 'session,2023-07-20_05-09-25,start,testing'
client 2023-07-20 05:15:31,969 [INFO] Got response: 'OK'
client 2023-07-20 05:15:31,970 [INFO] Sending command to the server: 'time'
client 2023-07-20 05:15:31,974 [INFO] Got response: '1689826531.9297028'
client 2023-07-20 05:15:31,975 [INFO] The time difference between the client and the server is within range 40.315 ms..45.304 ms
client 2023-07-20 05:15:31,975 [INFO] Running the workload 'CM_MLPERF_RUN_COUNT=$(cat ${CM_RUN_DIR}/count.txt); echo ${CM_MLPERF_RUN_COUNT}; CM_MLPERF_RUN_COUNT=$((CM_MLPERF_RUN_COUNT+1)); echo ${CM_MLPERF_RUN_COUNT} > ${CM_RUN_DIR}/count.txt && if [ ${CM_MLPERF_RUN_COUNT} -eq "1" ]; then export CM_MLPERF_USER_CONF=${CM_MLPERF_RANGING_USER_CONF}; else export CM_MLPERF_USER_CONF=${CM_MLPERF_TESTING_USER_CONF}; fi && /home/arjun/CM/repos/ctuning@mlcommons-ck/cm-mlops/script/get-lib-armnn/run.out'
client 2023-07-20 05:25:48,439 [INFO] Sending command to the server: 'time'
client 2023-07-20 05:25:48,445 [INFO] Got response: '1689827148.3932526'
client 2023-07-20 05:25:48,445 [INFO] The time difference between the client and the server is within range 45.388 ms..52.637 ms
client 2023-07-20 05:25:48,446 [INFO] Sending command to the server: 'session,2023-07-20_05-09-25,stop,testing'
client 2023-07-20 05:25:59,155 [INFO] Got response: 'OK'
client 2023-07-20 05:25:59,155 [INFO] Sending command to the server: 'time'
client 2023-07-20 05:25:59,159 [INFO] Got response: '1689827159.1066394'
client 2023-07-20 05:25:59,159 [INFO] The time difference between the client and the server is within range 49.265 ms..52.970 ms
client 2023-07-20 05:25:59,165 [INFO] Copying loadgen logs from '/home/arjun/mobilenet_results/valid_results/raspberrypi-tflite_armnn_cpp-cpu-armnn_tflite-v22.11-using_neon/mobilenet-v2-precision_float-0.5-160/singlestream/performance/run_1' to '/home/arjun/mobilenet_results/valid_results/raspberrypi-tflite_armnn_cpp-cpu-armnn_tflite-v22.11-using_neon/mobilenet-v2-precision_float-0.5-160/singlestream/performance/tmp_power/run_1'
client 2023-07-20 05:25:59,168 [INFO] Done runs
