client 2023-07-10 22:50:05,092 [INFO] Creating output directory '/home/arjun/mobilenet_results/valid_results/orin-tflite_armnn_cpp-cpu-armnn_tflite-v22.11-using_neon/mobilenet-v1-precision_float-1.0-192/singlestream/performance/tmp_power'
client 2023-07-10 22:50:05,095 [INFO] Sending command to the server: 'mlcommons/power client v3'
client 2023-07-10 22:50:05,097 [INFO] Got response: 'mlcommons/power server v3'
client 2023-07-10 22:50:05,097 [INFO] Synchronizing with the server and with time.google.com...
client 2023-07-10 22:50:05,115 [INFO] NTP:offset = 0.003 s, delay = 0.013 s 
client 2023-07-10 22:50:05,115 [INFO] Sending command to the server: 'time'
client 2023-07-10 22:50:05,253 [INFO] Got response: '1689025805.2355726'
client 2023-07-10 22:50:05,253 [INFO] The time difference between the client and the server is within range -119.625 ms..17.527 ms
client 2023-07-10 22:50:05,253 [INFO] Sending command to the server: 'new,,38f09b42-923d-4b37-998d-1e8f73357851'
client 2023-07-10 22:50:05,271 [INFO] Got response: 'OK 2023-07-10_22-50-05,542c7572-fdd4-4ed1-8b0e-6d731e1e3c1b'
client 2023-07-10 22:50:05,271 [INFO] Session id is '2023-07-10_22-50-05'
client 2023-07-10 22:50:05,272 [INFO] Sources: {"sources": {"__init__.py": "da39a3ee5e6b4b0d3255bfef95601890afd80709", "client.py": "33ca4f26368777ac06e01f9567b714a4b8063886", "lib/__init__.py": "da39a3ee5e6b4b0d3255bfef95601890afd80709", "lib/client.py": "ac2aa093c8e8bbc9569b9e2a3471bc64e58a2258", "lib/common.py": "611d8b29633d331eb19c9455ea3b5fa3284ed6df", "lib/external/__init__.py": "da39a3ee5e6b4b0d3255bfef95601890afd80709", "lib/external/ntplib.py": "4da8f970656505a40483206ef2b5d3dd5e81711d", "lib/server.py": "c7af63c31bb2fbedea4345f571f6e3507d268ada", "lib/source_hashes.py": "60a2e02193209e8d392803326208d5466342da18", "lib/summary.py": "aa92f0a3f975eecd44d3c0cd0236342ccc9f941d", "lib/time_sync.py": "122eba67a9abc85635223e054def53be1367ade2", "server.py": "c3f90f2f7eeb4db30727556d0c815ebc89b3d28b", "tests/unit/__init__.py": "da39a3ee5e6b4b0d3255bfef95601890afd80709", "tests/unit/test_server.py": "948c1995d4008bc2aa6c4046a34ffa3858d6d671", "tests/unit/test_source_hashes.py": "00468a2907583c593e6574a1f6b404e4651c221a"}, "modules": {"ptd_client_server.lib.client": "lib/client.py", "ptd_client_server.lib.common": "lib/common.py", "ptd_client_server.lib.external.ntplib": "lib/external/ntplib.py", "ptd_client_server.lib.source_hashes": "lib/source_hashes.py", "ptd_client_server.lib.summary": "lib/summary.py", "ptd_client_server.lib.time_sync": "lib/time_sync.py"}}
client 2023-07-10 22:50:05,273 [INFO] Running workload in ranging mode
client 2023-07-10 22:50:05,274 [INFO] Synchronizing with the server and with time.google.com...
client 2023-07-10 22:50:05,291 [INFO] NTP:offset = 0.003 s, delay = 0.015 s 
client 2023-07-10 22:50:05,292 [INFO] Sending command to the server: 'time'
client 2023-07-10 22:50:05,295 [INFO] Got response: '1689025805.2757819'
client 2023-07-10 22:50:05,295 [INFO] The time difference between the client and the server is within range 16.344 ms..19.702 ms
client 2023-07-10 22:50:05,295 [INFO] Sending command to the server: 'session,2023-07-10_22-50-05,start,ranging'
client 2023-07-10 22:50:35,648 [INFO] Got response: 'OK'
client 2023-07-10 22:50:35,649 [INFO] Sending command to the server: 'time'
client 2023-07-10 22:50:35,652 [INFO] Got response: '1689025835.6372867'
client 2023-07-10 22:50:35,652 [INFO] The time difference between the client and the server is within range 11.917 ms..15.249 ms
client 2023-07-10 22:50:35,652 [INFO] Running the workload 'CM_MLPERF_RUN_COUNT=$(cat ${CM_RUN_DIR}/count.txt); echo ${CM_MLPERF_RUN_COUNT}; CM_MLPERF_RUN_COUNT=$((CM_MLPERF_RUN_COUNT+1)); echo ${CM_MLPERF_RUN_COUNT} > ${CM_RUN_DIR}/count.txt && if [ ${CM_MLPERF_RUN_COUNT} -eq "1" ]; then export CM_MLPERF_USER_CONF=${CM_MLPERF_RANGING_USER_CONF}; else export CM_MLPERF_USER_CONF=${CM_MLPERF_TESTING_USER_CONF}; fi && /home/arjun/run.out'
client 2023-07-10 22:55:39,455 [INFO] Sending command to the server: 'time'
client 2023-07-10 22:55:39,459 [INFO] Got response: '1689026139.4378974'
client 2023-07-10 22:55:39,459 [INFO] The time difference between the client and the server is within range 17.143 ms..22.030 ms
client 2023-07-10 22:55:39,460 [INFO] Sending command to the server: 'session,2023-07-10_22-50-05,stop,ranging'
client 2023-07-10 22:55:50,133 [INFO] Got response: 'OK'
client 2023-07-10 22:55:50,133 [INFO] Sending command to the server: 'time'
client 2023-07-10 22:55:50,147 [INFO] Got response: '1689026150.1166558'
client 2023-07-10 22:55:50,147 [INFO] The time difference between the client and the server is within range 17.237 ms..30.867 ms
client 2023-07-10 22:55:50,173 [INFO] Copying loadgen logs from '/home/arjun/mobilenet_results/valid_results/orin-tflite_armnn_cpp-cpu-armnn_tflite-v22.11-using_neon/mobilenet-v1-precision_float-1.0-192/singlestream/performance/run_1' to '/home/arjun/mobilenet_results/valid_results/orin-tflite_armnn_cpp-cpu-armnn_tflite-v22.11-using_neon/mobilenet-v1-precision_float-1.0-192/singlestream/performance/tmp_power/ranging'
client 2023-07-10 22:55:50,176 [INFO] Running workload in testing mode
client 2023-07-10 22:55:50,176 [INFO] Synchronizing with the server and with time.google.com...
client 2023-07-10 22:55:50,217 [INFO] NTP:offset = -0.000 s, delay = 0.021 s 
client 2023-07-10 22:55:50,217 [INFO] Sending command to the server: 'time'
client 2023-07-10 22:55:50,220 [INFO] Got response: '1689026150.196818'
client 2023-07-10 22:55:50,221 [INFO] The time difference between the client and the server is within range 20.529 ms..24.204 ms
client 2023-07-10 22:55:50,221 [INFO] Sending command to the server: 'session,2023-07-10_22-50-05,start,testing'
client 2023-07-10 22:56:03,251 [INFO] Got response: 'OK'
client 2023-07-10 22:56:03,252 [INFO] Sending command to the server: 'time'
client 2023-07-10 22:56:03,256 [INFO] Got response: '1689026163.226939'
client 2023-07-10 22:56:03,256 [INFO] The time difference between the client and the server is within range 25.349 ms..29.382 ms
client 2023-07-10 22:56:03,256 [INFO] Running the workload 'CM_MLPERF_RUN_COUNT=$(cat ${CM_RUN_DIR}/count.txt); echo ${CM_MLPERF_RUN_COUNT}; CM_MLPERF_RUN_COUNT=$((CM_MLPERF_RUN_COUNT+1)); echo ${CM_MLPERF_RUN_COUNT} > ${CM_RUN_DIR}/count.txt && if [ ${CM_MLPERF_RUN_COUNT} -eq "1" ]; then export CM_MLPERF_USER_CONF=${CM_MLPERF_RANGING_USER_CONF}; else export CM_MLPERF_USER_CONF=${CM_MLPERF_TESTING_USER_CONF}; fi && /home/arjun/run.out'
client 2023-07-10 23:06:06,233 [INFO] Sending command to the server: 'time'
client 2023-07-10 23:06:06,237 [INFO] Got response: '1689026766.21871'
client 2023-07-10 23:06:06,237 [INFO] The time difference between the client and the server is within range 15.057 ms..18.996 ms
client 2023-07-10 23:06:06,238 [INFO] Sending command to the server: 'session,2023-07-10_22-50-05,stop,testing'
client 2023-07-10 23:06:16,553 [INFO] Got response: 'OK'
client 2023-07-10 23:06:16,554 [INFO] Sending command to the server: 'time'
client 2023-07-10 23:06:16,565 [INFO] Got response: '1689026776.536757'
client 2023-07-10 23:06:16,566 [INFO] The time difference between the client and the server is within range 17.632 ms..29.298 ms
client 2023-07-10 23:06:16,571 [INFO] Copying loadgen logs from '/home/arjun/mobilenet_results/valid_results/orin-tflite_armnn_cpp-cpu-armnn_tflite-v22.11-using_neon/mobilenet-v1-precision_float-1.0-192/singlestream/performance/run_1' to '/home/arjun/mobilenet_results/valid_results/orin-tflite_armnn_cpp-cpu-armnn_tflite-v22.11-using_neon/mobilenet-v1-precision_float-1.0-192/singlestream/performance/tmp_power/run_1'
client 2023-07-10 23:06:16,573 [INFO] Done runs
