client 2023-09-01 14:19:12,413 [INFO] Creating output directory '/home/arjun/results_dir/valid_results/phoenix_Amd_Am5-reference-cpu-deepsparse-vdefault-default_config/bert-base-pruned95_obs_quant-none-bert-99/offline/performance/tmp_power'
client 2023-09-01 14:19:12,415 [INFO] Sending command to the server: 'mlcommons/power client v3'
client 2023-09-01 14:19:12,417 [INFO] Got response: 'mlcommons/power server v3'
client 2023-09-01 14:19:12,417 [INFO] Synchronizing with the server and with time.google.com...
client 2023-09-01 14:19:12,434 [INFO] NTP:offset = -0.001 s, delay = 0.016 s 
client 2023-09-01 14:19:12,434 [INFO] Sending command to the server: 'time'
client 2023-09-01 14:19:12,436 [INFO] Got response: '1693574352.4363084'
client 2023-09-01 14:19:12,436 [INFO] The time difference between the client and the server is within range -1.540 ms..0.592 ms
client 2023-09-01 14:19:12,436 [INFO] Sending command to the server: 'new,,f40d5d80-6bfb-47a1-b9b5-d077a1ddafd6'
client 2023-09-01 14:19:12,438 [INFO] Got response: 'OK 2023-09-01_13-19-12,258b1c6f-b32b-4ac8-8b95-fc0e49d9cfb2'
client 2023-09-01 14:19:12,438 [INFO] Session id is '2023-09-01_13-19-12'
client 2023-09-01 14:19:12,438 [INFO] Sources: {"sources": {"__init__.py": "da39a3ee5e6b4b0d3255bfef95601890afd80709", "client.py": "33ca4f26368777ac06e01f9567b714a4b8063886", "lib/__init__.py": "da39a3ee5e6b4b0d3255bfef95601890afd80709", "lib/client.py": "ac2aa093c8e8bbc9569b9e2a3471bc64e58a2258", "lib/common.py": "611d8b29633d331eb19c9455ea3b5fa3284ed6df", "lib/external/__init__.py": "da39a3ee5e6b4b0d3255bfef95601890afd80709", "lib/external/ntplib.py": "4da8f970656505a40483206ef2b5d3dd5e81711d", "lib/server.py": "c7af63c31bb2fbedea4345f571f6e3507d268ada", "lib/source_hashes.py": "60a2e02193209e8d392803326208d5466342da18", "lib/summary.py": "aa92f0a3f975eecd44d3c0cd0236342ccc9f941d", "lib/time_sync.py": "122eba67a9abc85635223e054def53be1367ade2", "server.py": "c3f90f2f7eeb4db30727556d0c815ebc89b3d28b", "tests/unit/__init__.py": "da39a3ee5e6b4b0d3255bfef95601890afd80709", "tests/unit/test_server.py": "948c1995d4008bc2aa6c4046a34ffa3858d6d671", "tests/unit/test_source_hashes.py": "00468a2907583c593e6574a1f6b404e4651c221a"}, "modules": {"ptd_client_server.lib.client": "lib/client.py", "ptd_client_server.lib.common": "lib/common.py", "ptd_client_server.lib.external.ntplib": "lib/external/ntplib.py", "ptd_client_server.lib.source_hashes": "lib/source_hashes.py", "ptd_client_server.lib.summary": "lib/summary.py", "ptd_client_server.lib.time_sync": "lib/time_sync.py"}}
client 2023-09-01 14:19:12,438 [INFO] Running workload in ranging mode
client 2023-09-01 14:19:12,438 [INFO] Synchronizing with the server and with time.google.com...
client 2023-09-01 14:19:12,451 [INFO] NTP:offset = -0.002 s, delay = 0.013 s 
client 2023-09-01 14:19:12,451 [INFO] Sending command to the server: 'time'
client 2023-09-01 14:19:12,453 [INFO] Got response: '1693574352.4526594'
client 2023-09-01 14:19:12,453 [INFO] The time difference between the client and the server is within range -0.677 ms..0.577 ms
client 2023-09-01 14:19:12,453 [INFO] Sending command to the server: 'session,2023-09-01_13-19-12,start,ranging'
client 2023-09-01 14:19:40,538 [INFO] Got response: 'OK'
client 2023-09-01 14:19:40,538 [INFO] Sending command to the server: 'time'
client 2023-09-01 14:19:40,540 [INFO] Got response: '1693574380.5395782'
client 2023-09-01 14:19:40,540 [INFO] The time difference between the client and the server is within range -0.794 ms..0.776 ms
client 2023-09-01 14:19:40,540 [INFO] Running the workload 'CM_MLPERF_RUN_COUNT=$(cat ${CM_RUN_DIR}/count.txt); echo ${CM_MLPERF_RUN_COUNT}; CM_MLPERF_RUN_COUNT=$((CM_MLPERF_RUN_COUNT+1)); echo ${CM_MLPERF_RUN_COUNT} > ${CM_RUN_DIR}/count.txt && if [ ${CM_MLPERF_RUN_COUNT} -eq "1" ]; then export CM_MLPERF_USER_CONF=${CM_MLPERF_RANGING_USER_CONF}; else export CM_MLPERF_USER_CONF=${CM_MLPERF_TESTING_USER_CONF}; fi && /usr/bin/python3 run.py --backend=deepsparse --scenario=Offline --mlperf_conf "/home/arjun/CM/repos/local/cache/aa6e8001eef84e28/inference/mlperf.conf" --user_conf "${CM_MLPERF_USER_CONF}" --quantized --batch_size=384 --model_path=/home/arjun/.cache/sparsezoo/15a1359c-6389-4ffd-ab06-d44a945159c2/model.onnx'
client 2023-09-01 14:25:42,399 [INFO] Sending command to the server: 'time'
client 2023-09-01 14:25:42,401 [INFO] Got response: '1693574742.4008226'
client 2023-09-01 14:25:42,401 [INFO] The time difference between the client and the server is within range -1.610 ms..0.780 ms
client 2023-09-01 14:25:42,401 [INFO] Sending command to the server: 'session,2023-09-01_13-19-12,stop,ranging'
client 2023-09-01 14:25:52,608 [INFO] Got response: 'OK'
client 2023-09-01 14:25:52,608 [INFO] Sending command to the server: 'time'
client 2023-09-01 14:25:52,609 [INFO] Got response: '1693574752.6086957'
client 2023-09-01 14:25:52,609 [INFO] The time difference between the client and the server is within range -0.472 ms..0.504 ms
client 2023-09-01 14:25:52,611 [INFO] Copying loadgen logs from '/home/arjun/results_dir/valid_results/phoenix_Amd_Am5-reference-cpu-deepsparse-vdefault-default_config/bert-base-pruned95_obs_quant-none-bert-99/offline/performance/run_1' to '/home/arjun/results_dir/valid_results/phoenix_Amd_Am5-reference-cpu-deepsparse-vdefault-default_config/bert-base-pruned95_obs_quant-none-bert-99/offline/performance/tmp_power/ranging'
client 2023-09-01 14:25:52,611 [INFO] Running workload in testing mode
client 2023-09-01 14:25:52,611 [INFO] Synchronizing with the server and with time.google.com...
client 2023-09-01 14:25:52,627 [INFO] NTP:offset = -0.001 s, delay = 0.016 s 
client 2023-09-01 14:25:52,627 [INFO] Sending command to the server: 'time'
client 2023-09-01 14:25:52,629 [INFO] Got response: '1693574752.6289608'
client 2023-09-01 14:25:52,629 [INFO] The time difference between the client and the server is within range -1.058 ms..0.394 ms
client 2023-09-01 14:25:52,629 [INFO] Sending command to the server: 'session,2023-09-01_13-19-12,start,testing'
client 2023-09-01 14:26:05,650 [INFO] Got response: 'OK'
client 2023-09-01 14:26:05,650 [INFO] Sending command to the server: 'time'
client 2023-09-01 14:26:05,652 [INFO] Got response: '1693574765.6515753'
client 2023-09-01 14:26:05,652 [INFO] The time difference between the client and the server is within range -0.981 ms..0.622 ms
client 2023-09-01 14:26:05,652 [INFO] Running the workload 'CM_MLPERF_RUN_COUNT=$(cat ${CM_RUN_DIR}/count.txt); echo ${CM_MLPERF_RUN_COUNT}; CM_MLPERF_RUN_COUNT=$((CM_MLPERF_RUN_COUNT+1)); echo ${CM_MLPERF_RUN_COUNT} > ${CM_RUN_DIR}/count.txt && if [ ${CM_MLPERF_RUN_COUNT} -eq "1" ]; then export CM_MLPERF_USER_CONF=${CM_MLPERF_RANGING_USER_CONF}; else export CM_MLPERF_USER_CONF=${CM_MLPERF_TESTING_USER_CONF}; fi && /usr/bin/python3 run.py --backend=deepsparse --scenario=Offline --mlperf_conf "/home/arjun/CM/repos/local/cache/aa6e8001eef84e28/inference/mlperf.conf" --user_conf "${CM_MLPERF_USER_CONF}" --quantized --batch_size=384 --model_path=/home/arjun/.cache/sparsezoo/15a1359c-6389-4ffd-ab06-d44a945159c2/model.onnx'
client 2023-09-01 14:37:30,022 [INFO] Sending command to the server: 'time'
client 2023-09-01 14:37:30,024 [INFO] Got response: '1693575450.024004'
client 2023-09-01 14:37:30,024 [INFO] The time difference between the client and the server is within range -1.893 ms..0.705 ms
client 2023-09-01 14:37:30,024 [INFO] Sending command to the server: 'session,2023-09-01_13-19-12,stop,testing'
client 2023-09-01 14:37:40,696 [INFO] Got response: 'OK'
client 2023-09-01 14:37:40,696 [INFO] Sending command to the server: 'time'
client 2023-09-01 14:37:40,697 [INFO] Got response: '1693575460.697667'
client 2023-09-01 14:37:40,697 [INFO] The time difference between the client and the server is within range -0.783 ms..0.323 ms
client 2023-09-01 14:37:40,698 [INFO] Copying loadgen logs from '/home/arjun/results_dir/valid_results/phoenix_Amd_Am5-reference-cpu-deepsparse-vdefault-default_config/bert-base-pruned95_obs_quant-none-bert-99/offline/performance/run_1' to '/home/arjun/results_dir/valid_results/phoenix_Amd_Am5-reference-cpu-deepsparse-vdefault-default_config/bert-base-pruned95_obs_quant-none-bert-99/offline/performance/tmp_power/run_1'
client 2023-09-01 14:37:40,698 [INFO] Done runs
