client 2023-09-04 07:37:04,914 [INFO] Creating output directory '/home/arjun/results_dir/valid_results/phoenix_Amd_Am5-reference-gpu-pytorch-v2.0.1-default_config/bert-99/offline/performance/tmp_power'
client 2023-09-04 07:37:04,915 [INFO] Sending command to the server: 'mlcommons/power client v3'
client 2023-09-04 07:37:04,917 [INFO] Got response: 'mlcommons/power server v3'
client 2023-09-04 07:37:04,917 [INFO] Synchronizing with the server and with time.google.com...
client 2023-09-04 07:37:04,933 [INFO] NTP:offset = -0.001 s, delay = 0.015 s 
client 2023-09-04 07:37:04,933 [INFO] Sending command to the server: 'time'
client 2023-09-04 07:37:04,936 [INFO] Got response: '1693809424.9348865'
client 2023-09-04 07:37:04,936 [INFO] The time difference between the client and the server is within range -1.223 ms..1.466 ms
client 2023-09-04 07:37:04,936 [INFO] Sending command to the server: 'new,,cac2f1e4-bf43-49e9-8534-2c7a3fe8bb24'
client 2023-09-04 07:37:04,939 [INFO] Got response: 'OK 2023-09-04_06-37-04,e661e9c7-b3b1-41c4-bee9-5de84541838d'
client 2023-09-04 07:37:04,939 [INFO] Session id is '2023-09-04_06-37-04'
client 2023-09-04 07:37:04,939 [INFO] Sources: {"sources": {"__init__.py": "da39a3ee5e6b4b0d3255bfef95601890afd80709", "client.py": "33ca4f26368777ac06e01f9567b714a4b8063886", "lib/__init__.py": "da39a3ee5e6b4b0d3255bfef95601890afd80709", "lib/client.py": "ac2aa093c8e8bbc9569b9e2a3471bc64e58a2258", "lib/common.py": "611d8b29633d331eb19c9455ea3b5fa3284ed6df", "lib/external/__init__.py": "da39a3ee5e6b4b0d3255bfef95601890afd80709", "lib/external/ntplib.py": "4da8f970656505a40483206ef2b5d3dd5e81711d", "lib/server.py": "c7af63c31bb2fbedea4345f571f6e3507d268ada", "lib/source_hashes.py": "60a2e02193209e8d392803326208d5466342da18", "lib/summary.py": "aa92f0a3f975eecd44d3c0cd0236342ccc9f941d", "lib/time_sync.py": "122eba67a9abc85635223e054def53be1367ade2", "server.py": "c3f90f2f7eeb4db30727556d0c815ebc89b3d28b", "tests/unit/__init__.py": "da39a3ee5e6b4b0d3255bfef95601890afd80709", "tests/unit/test_server.py": "948c1995d4008bc2aa6c4046a34ffa3858d6d671", "tests/unit/test_source_hashes.py": "00468a2907583c593e6574a1f6b404e4651c221a"}, "modules": {"ptd_client_server.lib.client": "lib/client.py", "ptd_client_server.lib.common": "lib/common.py", "ptd_client_server.lib.external.ntplib": "lib/external/ntplib.py", "ptd_client_server.lib.source_hashes": "lib/source_hashes.py", "ptd_client_server.lib.summary": "lib/summary.py", "ptd_client_server.lib.time_sync": "lib/time_sync.py"}}
client 2023-09-04 07:37:04,939 [INFO] Running workload in ranging mode
client 2023-09-04 07:37:04,939 [INFO] Synchronizing with the server and with time.google.com...
client 2023-09-04 07:37:04,954 [INFO] NTP:offset = 0.000 s, delay = 0.014 s 
client 2023-09-04 07:37:04,954 [INFO] Sending command to the server: 'time'
client 2023-09-04 07:37:04,956 [INFO] Got response: '1693809424.9545975'
client 2023-09-04 07:37:04,956 [INFO] The time difference between the client and the server is within range -0.483 ms..1.821 ms
client 2023-09-04 07:37:04,956 [INFO] Sending command to the server: 'session,2023-09-04_06-37-04,start,ranging'
client 2023-09-04 07:37:33,056 [INFO] Got response: 'OK'
client 2023-09-04 07:37:33,056 [INFO] Sending command to the server: 'time'
client 2023-09-04 07:37:33,057 [INFO] Got response: '1693809453.0565906'
client 2023-09-04 07:37:33,058 [INFO] The time difference between the client and the server is within range -0.352 ms..1.453 ms
client 2023-09-04 07:37:33,058 [INFO] Running the workload 'CM_MLPERF_RUN_COUNT=$(cat ${CM_RUN_DIR}/count.txt); echo ${CM_MLPERF_RUN_COUNT}; CM_MLPERF_RUN_COUNT=$((CM_MLPERF_RUN_COUNT+1)); echo ${CM_MLPERF_RUN_COUNT} > ${CM_RUN_DIR}/count.txt && if [ ${CM_MLPERF_RUN_COUNT} -eq "1" ]; then export CM_MLPERF_USER_CONF=${CM_MLPERF_RANGING_USER_CONF}; else export CM_MLPERF_USER_CONF=${CM_MLPERF_TESTING_USER_CONF}; fi && /usr/bin/python3 run.py --backend=pytorch --scenario=Offline --mlperf_conf "/home/arjun/CM/repos/local/cache/fbd173afb8284a45/inference/mlperf.conf" --user_conf "${CM_MLPERF_USER_CONF}"'
client 2023-09-04 07:43:12,017 [INFO] Sending command to the server: 'time'
client 2023-09-04 07:43:12,099 [INFO] Got response: '1693809792.0970244'
client 2023-09-04 07:43:12,100 [INFO] The time difference between the client and the server is within range -79.754 ms..3.067 ms
client 2023-09-04 07:43:12,100 [INFO] Sending command to the server: 'session,2023-09-04_06-37-04,stop,ranging'
client 2023-09-04 07:43:23,207 [INFO] Got response: 'OK'
client 2023-09-04 07:43:23,207 [INFO] Sending command to the server: 'time'
client 2023-09-04 07:43:23,208 [INFO] Got response: '1693809803.2076638'
client 2023-09-04 07:43:23,208 [INFO] The time difference between the client and the server is within range -0.039 ms..1.291 ms
client 2023-09-04 07:43:23,211 [INFO] Copying loadgen logs from '/home/arjun/results_dir/valid_results/phoenix_Amd_Am5-reference-gpu-pytorch-v2.0.1-default_config/bert-99/offline/performance/run_1' to '/home/arjun/results_dir/valid_results/phoenix_Amd_Am5-reference-gpu-pytorch-v2.0.1-default_config/bert-99/offline/performance/tmp_power/ranging'
client 2023-09-04 07:43:23,211 [INFO] Running workload in testing mode
client 2023-09-04 07:43:23,211 [INFO] Synchronizing with the server and with time.google.com...
client 2023-09-04 07:43:23,226 [INFO] NTP:offset = 0.000 s, delay = 0.015 s 
client 2023-09-04 07:43:23,226 [INFO] Sending command to the server: 'time'
client 2023-09-04 07:43:23,228 [INFO] Got response: '1693809803.2274237'
client 2023-09-04 07:43:23,228 [INFO] The time difference between the client and the server is within range -0.474 ms..1.278 ms
client 2023-09-04 07:43:23,228 [INFO] Sending command to the server: 'session,2023-09-04_06-37-04,start,testing'
client 2023-09-04 07:43:36,249 [INFO] Got response: 'OK'
client 2023-09-04 07:43:36,249 [INFO] Sending command to the server: 'time'
client 2023-09-04 07:43:36,251 [INFO] Got response: '1693809816.2499173'
client 2023-09-04 07:43:36,251 [INFO] The time difference between the client and the server is within range -0.283 ms..1.448 ms
client 2023-09-04 07:43:36,251 [INFO] Running the workload 'CM_MLPERF_RUN_COUNT=$(cat ${CM_RUN_DIR}/count.txt); echo ${CM_MLPERF_RUN_COUNT}; CM_MLPERF_RUN_COUNT=$((CM_MLPERF_RUN_COUNT+1)); echo ${CM_MLPERF_RUN_COUNT} > ${CM_RUN_DIR}/count.txt && if [ ${CM_MLPERF_RUN_COUNT} -eq "1" ]; then export CM_MLPERF_USER_CONF=${CM_MLPERF_RANGING_USER_CONF}; else export CM_MLPERF_USER_CONF=${CM_MLPERF_TESTING_USER_CONF}; fi && /usr/bin/python3 run.py --backend=pytorch --scenario=Offline --mlperf_conf "/home/arjun/CM/repos/local/cache/fbd173afb8284a45/inference/mlperf.conf" --user_conf "${CM_MLPERF_USER_CONF}"'
client 2023-09-04 07:54:48,610 [INFO] Sending command to the server: 'time'
client 2023-09-04 07:54:48,728 [INFO] Got response: '1693810488.7263765'
client 2023-09-04 07:54:48,728 [INFO] The time difference between the client and the server is within range -116.144 ms..1.950 ms
client 2023-09-04 07:54:48,728 [INFO] Sending command to the server: 'session,2023-09-04_06-37-04,stop,testing'
client 2023-09-04 07:54:59,305 [INFO] Got response: 'OK'
client 2023-09-04 07:54:59,305 [INFO] Sending command to the server: 'time'
client 2023-09-04 07:54:59,306 [INFO] Got response: '1693810499.3057795'
client 2023-09-04 07:54:59,306 [INFO] The time difference between the client and the server is within range -0.567 ms..1.118 ms
client 2023-09-04 07:54:59,307 [INFO] Copying loadgen logs from '/home/arjun/results_dir/valid_results/phoenix_Amd_Am5-reference-gpu-pytorch-v2.0.1-default_config/bert-99/offline/performance/run_1' to '/home/arjun/results_dir/valid_results/phoenix_Amd_Am5-reference-gpu-pytorch-v2.0.1-default_config/bert-99/offline/performance/tmp_power/run_1'
client 2023-09-04 07:54:59,307 [INFO] Done runs
