client 2023-07-11 18:50:06,741 [INFO] Creating output directory '/home/arjun/mobilenet_results/valid_results/orin-tflite_armnn_cpp-cpu-armnn_tflite-v22.11-using_neon/mobilenet-v3-precision_uint8-small-224/singlestream/performance/tmp_power'
client 2023-07-11 18:50:06,744 [INFO] Sending command to the server: 'mlcommons/power client v3'
client 2023-07-11 18:50:06,746 [INFO] Got response: 'mlcommons/power server v3'
client 2023-07-11 18:50:06,746 [INFO] Synchronizing with the server and with time.google.com...
client 2023-07-11 18:50:06,769 [INFO] NTP:offset = -0.010 s, delay = 0.019 s 
client 2023-07-11 18:50:06,769 [INFO] Sending command to the server: 'time'
client 2023-07-11 18:50:06,771 [INFO] Got response: '1689097806.643386'
client 2023-07-11 18:50:06,771 [INFO] The time difference between the client and the server is within range 125.891 ms..128.407 ms
client 2023-07-11 18:50:06,771 [INFO] Sending command to the server: 'new,,e13b6884-072e-4f46-8e9d-d72d79c2c713'
client 2023-07-11 18:50:06,774 [INFO] Got response: 'OK 2023-07-11_18-50-06,47d18ced-bbde-46b3-8f15-4951bf527604'
client 2023-07-11 18:50:06,774 [INFO] Session id is '2023-07-11_18-50-06'
client 2023-07-11 18:50:06,774 [INFO] Sources: {"sources": {"__init__.py": "da39a3ee5e6b4b0d3255bfef95601890afd80709", "client.py": "33ca4f26368777ac06e01f9567b714a4b8063886", "lib/__init__.py": "da39a3ee5e6b4b0d3255bfef95601890afd80709", "lib/client.py": "ac2aa093c8e8bbc9569b9e2a3471bc64e58a2258", "lib/common.py": "611d8b29633d331eb19c9455ea3b5fa3284ed6df", "lib/external/__init__.py": "da39a3ee5e6b4b0d3255bfef95601890afd80709", "lib/external/ntplib.py": "4da8f970656505a40483206ef2b5d3dd5e81711d", "lib/server.py": "c7af63c31bb2fbedea4345f571f6e3507d268ada", "lib/source_hashes.py": "60a2e02193209e8d392803326208d5466342da18", "lib/summary.py": "aa92f0a3f975eecd44d3c0cd0236342ccc9f941d", "lib/time_sync.py": "122eba67a9abc85635223e054def53be1367ade2", "server.py": "c3f90f2f7eeb4db30727556d0c815ebc89b3d28b", "tests/unit/__init__.py": "da39a3ee5e6b4b0d3255bfef95601890afd80709", "tests/unit/test_server.py": "948c1995d4008bc2aa6c4046a34ffa3858d6d671", "tests/unit/test_source_hashes.py": "00468a2907583c593e6574a1f6b404e4651c221a"}, "modules": {"ptd_client_server.lib.client": "lib/client.py", "ptd_client_server.lib.common": "lib/common.py", "ptd_client_server.lib.external.ntplib": "lib/external/ntplib.py", "ptd_client_server.lib.source_hashes": "lib/source_hashes.py", "ptd_client_server.lib.summary": "lib/summary.py", "ptd_client_server.lib.time_sync": "lib/time_sync.py"}}
client 2023-07-11 18:50:06,774 [INFO] Running workload in ranging mode
client 2023-07-11 18:50:06,774 [INFO] Synchronizing with the server and with time.google.com...
client 2023-07-11 18:50:06,791 [INFO] NTP:offset = -0.010 s, delay = 0.016 s 
client 2023-07-11 18:50:06,791 [INFO] Sending command to the server: 'time'
client 2023-07-11 18:50:06,795 [INFO] Got response: '1689097806.6733975'
client 2023-07-11 18:50:06,795 [INFO] The time difference between the client and the server is within range 118.353 ms..121.734 ms
client 2023-07-11 18:50:06,795 [INFO] Sending command to the server: 'session,2023-07-11_18-50-06,start,ranging'
client 2023-07-11 18:50:35,961 [INFO] Got response: 'OK'
client 2023-07-11 18:50:35,962 [INFO] Sending command to the server: 'time'
client 2023-07-11 18:50:35,965 [INFO] Got response: '1689097835.844942'
client 2023-07-11 18:50:35,966 [INFO] The time difference between the client and the server is within range 117.349 ms..121.213 ms
client 2023-07-11 18:50:35,966 [INFO] Running the workload 'CM_MLPERF_RUN_COUNT=$(cat ${CM_RUN_DIR}/count.txt); echo ${CM_MLPERF_RUN_COUNT}; CM_MLPERF_RUN_COUNT=$((CM_MLPERF_RUN_COUNT+1)); echo ${CM_MLPERF_RUN_COUNT} > ${CM_RUN_DIR}/count.txt && if [ ${CM_MLPERF_RUN_COUNT} -eq "1" ]; then export CM_MLPERF_USER_CONF=${CM_MLPERF_RANGING_USER_CONF}; else export CM_MLPERF_USER_CONF=${CM_MLPERF_TESTING_USER_CONF}; fi && /home/arjun/run.out'
client 2023-07-11 18:55:37,637 [INFO] Sending command to the server: 'time'
client 2023-07-11 18:55:37,678 [INFO] Got response: '1689098137.5571127'
client 2023-07-11 18:55:37,679 [INFO] The time difference between the client and the server is within range 80.691 ms..122.144 ms
client 2023-07-11 18:55:37,679 [INFO] Sending command to the server: 'session,2023-07-11_18-50-06,stop,ranging'
client 2023-07-11 18:55:48,140 [INFO] Got response: 'OK'
client 2023-07-11 18:55:48,141 [INFO] Sending command to the server: 'time'
client 2023-07-11 18:55:48,144 [INFO] Got response: '1689098148.0243437'
client 2023-07-11 18:55:48,145 [INFO] The time difference between the client and the server is within range 117.282 ms..120.652 ms
client 2023-07-11 18:55:48,171 [INFO] Copying loadgen logs from '/home/arjun/mobilenet_results/valid_results/orin-tflite_armnn_cpp-cpu-armnn_tflite-v22.11-using_neon/mobilenet-v3-precision_uint8-small-224/singlestream/performance/run_1' to '/home/arjun/mobilenet_results/valid_results/orin-tflite_armnn_cpp-cpu-armnn_tflite-v22.11-using_neon/mobilenet-v3-precision_uint8-small-224/singlestream/performance/tmp_power/ranging'
client 2023-07-11 18:55:48,174 [INFO] Running workload in testing mode
client 2023-07-11 18:55:48,174 [INFO] Synchronizing with the server and with time.google.com...
client 2023-07-11 18:55:48,208 [INFO] NTP:offset = -0.012 s, delay = 0.017 s 
client 2023-07-11 18:55:48,209 [INFO] Sending command to the server: 'time'
client 2023-07-11 18:55:48,212 [INFO] Got response: '1689098148.0938952'
client 2023-07-11 18:55:48,212 [INFO] The time difference between the client and the server is within range 115.089 ms..118.309 ms
client 2023-07-11 18:55:48,212 [INFO] Sending command to the server: 'session,2023-07-11_18-50-06,start,testing'
client 2023-07-11 18:56:01,240 [INFO] Got response: 'OK'
client 2023-07-11 18:56:01,240 [INFO] Sending command to the server: 'time'
client 2023-07-11 18:56:01,244 [INFO] Got response: '1689098161.1241894'
client 2023-07-11 18:56:01,244 [INFO] The time difference between the client and the server is within range 116.710 ms..120.100 ms
client 2023-07-11 18:56:01,244 [INFO] Running the workload 'CM_MLPERF_RUN_COUNT=$(cat ${CM_RUN_DIR}/count.txt); echo ${CM_MLPERF_RUN_COUNT}; CM_MLPERF_RUN_COUNT=$((CM_MLPERF_RUN_COUNT+1)); echo ${CM_MLPERF_RUN_COUNT} > ${CM_RUN_DIR}/count.txt && if [ ${CM_MLPERF_RUN_COUNT} -eq "1" ]; then export CM_MLPERF_USER_CONF=${CM_MLPERF_RANGING_USER_CONF}; else export CM_MLPERF_USER_CONF=${CM_MLPERF_TESTING_USER_CONF}; fi && /home/arjun/run.out'
client 2023-07-11 19:06:04,159 [INFO] Sending command to the server: 'time'
client 2023-07-11 19:06:04,162 [INFO] Got response: '1689098764.042115'
client 2023-07-11 19:06:04,162 [INFO] The time difference between the client and the server is within range 117.135 ms..120.525 ms
client 2023-07-11 19:06:04,162 [INFO] Sending command to the server: 'session,2023-07-11_18-50-06,stop,testing'
client 2023-07-11 19:06:14,333 [INFO] Got response: 'OK'
client 2023-07-11 19:06:14,335 [INFO] Sending command to the server: 'time'
client 2023-07-11 19:06:14,339 [INFO] Got response: '1689098774.2210848'
client 2023-07-11 19:06:14,339 [INFO] The time difference between the client and the server is within range 113.888 ms..118.335 ms
client 2023-07-11 19:06:14,344 [INFO] Copying loadgen logs from '/home/arjun/mobilenet_results/valid_results/orin-tflite_armnn_cpp-cpu-armnn_tflite-v22.11-using_neon/mobilenet-v3-precision_uint8-small-224/singlestream/performance/run_1' to '/home/arjun/mobilenet_results/valid_results/orin-tflite_armnn_cpp-cpu-armnn_tflite-v22.11-using_neon/mobilenet-v3-precision_uint8-small-224/singlestream/performance/tmp_power/run_1'
client 2023-07-11 19:06:14,346 [INFO] Done runs
