client 2023-07-20 04:52:03,236 [INFO] Creating output directory '/home/arjun/mobilenet_results/valid_results/raspberrypi-tflite_armnn_cpp-cpu-armnn_tflite-v22.11-using_neon/mobilenet-v2-precision_uint8-0.5-192/singlestream/performance/tmp_power'
client 2023-07-20 04:52:03,239 [INFO] Sending command to the server: 'mlcommons/power client v3'
client 2023-07-20 04:52:03,243 [INFO] Got response: 'mlcommons/power server v3'
client 2023-07-20 04:52:03,244 [INFO] Synchronizing with the server and with time.google.com...
client 2023-07-20 04:52:03,289 [INFO] NTP:offset = 0.010 s, delay = 0.016 s 
client 2023-07-20 04:52:03,289 [INFO] Sending command to the server: 'time'
client 2023-07-20 04:52:03,293 [INFO] Got response: '1689825123.2620523'
client 2023-07-20 04:52:03,293 [INFO] The time difference between the client and the server is within range 27.915 ms..31.472 ms
client 2023-07-20 04:52:03,293 [INFO] Sending command to the server: 'new,,a8125356-0fbe-4411-a862-8e23a55e532f'
client 2023-07-20 04:52:03,296 [INFO] Got response: 'OK 2023-07-20_04-52-03,96ffd603-1195-4ea4-a29e-643d3000adfa'
client 2023-07-20 04:52:03,296 [INFO] Session id is '2023-07-20_04-52-03'
client 2023-07-20 04:52:03,296 [INFO] Sources: {"sources": {"__init__.py": "da39a3ee5e6b4b0d3255bfef95601890afd80709", "client.py": "33ca4f26368777ac06e01f9567b714a4b8063886", "lib/__init__.py": "da39a3ee5e6b4b0d3255bfef95601890afd80709", "lib/client.py": "ac2aa093c8e8bbc9569b9e2a3471bc64e58a2258", "lib/common.py": "611d8b29633d331eb19c9455ea3b5fa3284ed6df", "lib/external/__init__.py": "da39a3ee5e6b4b0d3255bfef95601890afd80709", "lib/external/ntplib.py": "4da8f970656505a40483206ef2b5d3dd5e81711d", "lib/server.py": "c7af63c31bb2fbedea4345f571f6e3507d268ada", "lib/source_hashes.py": "60a2e02193209e8d392803326208d5466342da18", "lib/summary.py": "aa92f0a3f975eecd44d3c0cd0236342ccc9f941d", "lib/time_sync.py": "122eba67a9abc85635223e054def53be1367ade2", "server.py": "c3f90f2f7eeb4db30727556d0c815ebc89b3d28b", "tests/unit/__init__.py": "da39a3ee5e6b4b0d3255bfef95601890afd80709", "tests/unit/test_server.py": "948c1995d4008bc2aa6c4046a34ffa3858d6d671", "tests/unit/test_source_hashes.py": "00468a2907583c593e6574a1f6b404e4651c221a"}, "modules": {"ptd_client_server.lib.client": "lib/client.py", "ptd_client_server.lib.common": "lib/common.py", "ptd_client_server.lib.external.ntplib": "lib/external/ntplib.py", "ptd_client_server.lib.source_hashes": "lib/source_hashes.py", "ptd_client_server.lib.summary": "lib/summary.py", "ptd_client_server.lib.time_sync": "lib/time_sync.py"}}
client 2023-07-20 04:52:03,297 [INFO] Running workload in ranging mode
client 2023-07-20 04:52:03,297 [INFO] Synchronizing with the server and with time.google.com...
client 2023-07-20 04:52:03,326 [INFO] NTP:offset = 0.008 s, delay = 0.015 s 
client 2023-07-20 04:52:03,327 [INFO] Sending command to the server: 'time'
client 2023-07-20 04:52:03,330 [INFO] Got response: '1689825123.3026135'
client 2023-07-20 04:52:03,330 [INFO] The time difference between the client and the server is within range 24.494 ms..27.642 ms
client 2023-07-20 04:52:03,330 [INFO] Sending command to the server: 'session,2023-07-20_04-52-03,start,ranging'
client 2023-07-20 04:52:31,972 [INFO] Got response: 'OK'
client 2023-07-20 04:52:31,973 [INFO] Sending command to the server: 'time'
client 2023-07-20 04:52:31,977 [INFO] Got response: '1689825151.945634'
client 2023-07-20 04:52:31,978 [INFO] The time difference between the client and the server is within range 27.828 ms..32.480 ms
client 2023-07-20 04:52:31,978 [INFO] Running the workload 'CM_MLPERF_RUN_COUNT=$(cat ${CM_RUN_DIR}/count.txt); echo ${CM_MLPERF_RUN_COUNT}; CM_MLPERF_RUN_COUNT=$((CM_MLPERF_RUN_COUNT+1)); echo ${CM_MLPERF_RUN_COUNT} > ${CM_RUN_DIR}/count.txt && if [ ${CM_MLPERF_RUN_COUNT} -eq "1" ]; then export CM_MLPERF_USER_CONF=${CM_MLPERF_RANGING_USER_CONF}; else export CM_MLPERF_USER_CONF=${CM_MLPERF_TESTING_USER_CONF}; fi && /home/arjun/CM/repos/ctuning@mlcommons-ck/cm-mlops/script/get-lib-armnn/run.out'
client 2023-07-20 04:57:45,923 [INFO] Sending command to the server: 'time'
client 2023-07-20 04:57:45,928 [INFO] Got response: '1689825465.9004397'
client 2023-07-20 04:57:45,928 [INFO] The time difference between the client and the server is within range 23.273 ms..28.284 ms
client 2023-07-20 04:57:45,928 [INFO] Sending command to the server: 'session,2023-07-20_04-52-03,stop,ranging'
client 2023-07-20 04:57:56,084 [INFO] Got response: 'OK'
client 2023-07-20 04:57:56,084 [INFO] Sending command to the server: 'time'
client 2023-07-20 04:57:56,087 [INFO] Got response: '1689825476.0603404'
client 2023-07-20 04:57:56,088 [INFO] The time difference between the client and the server is within range 24.248 ms..27.717 ms
client 2023-07-20 04:57:56,125 [INFO] Copying loadgen logs from '/home/arjun/mobilenet_results/valid_results/raspberrypi-tflite_armnn_cpp-cpu-armnn_tflite-v22.11-using_neon/mobilenet-v2-precision_uint8-0.5-192/singlestream/performance/run_1' to '/home/arjun/mobilenet_results/valid_results/raspberrypi-tflite_armnn_cpp-cpu-armnn_tflite-v22.11-using_neon/mobilenet-v2-precision_uint8-0.5-192/singlestream/performance/tmp_power/ranging'
client 2023-07-20 04:57:56,129 [INFO] Running workload in testing mode
client 2023-07-20 04:57:56,129 [INFO] Synchronizing with the server and with time.google.com...
client 2023-07-20 04:57:56,166 [INFO] NTP:offset = 0.010 s, delay = 0.018 s 
client 2023-07-20 04:57:56,167 [INFO] Sending command to the server: 'time'
client 2023-07-20 04:57:56,171 [INFO] Got response: '1689825476.1417933'
client 2023-07-20 04:57:56,171 [INFO] The time difference between the client and the server is within range 25.352 ms..29.542 ms
client 2023-07-20 04:57:56,171 [INFO] Sending command to the server: 'session,2023-07-20_04-52-03,start,testing'
client 2023-07-20 04:58:09,212 [INFO] Got response: 'OK'
client 2023-07-20 04:58:09,213 [INFO] Sending command to the server: 'time'
client 2023-07-20 04:58:09,217 [INFO] Got response: '1689825489.1849754'
client 2023-07-20 04:58:09,217 [INFO] The time difference between the client and the server is within range 28.185 ms..32.829 ms
client 2023-07-20 04:58:09,218 [INFO] Running the workload 'CM_MLPERF_RUN_COUNT=$(cat ${CM_RUN_DIR}/count.txt); echo ${CM_MLPERF_RUN_COUNT}; CM_MLPERF_RUN_COUNT=$((CM_MLPERF_RUN_COUNT+1)); echo ${CM_MLPERF_RUN_COUNT} > ${CM_RUN_DIR}/count.txt && if [ ${CM_MLPERF_RUN_COUNT} -eq "1" ]; then export CM_MLPERF_USER_CONF=${CM_MLPERF_RANGING_USER_CONF}; else export CM_MLPERF_USER_CONF=${CM_MLPERF_TESTING_USER_CONF}; fi && /home/arjun/CM/repos/ctuning@mlcommons-ck/cm-mlops/script/get-lib-armnn/run.out'
client 2023-07-20 05:08:24,064 [INFO] Sending command to the server: 'time'
client 2023-07-20 05:08:24,069 [INFO] Got response: '1689826104.0358071'
client 2023-07-20 05:08:24,069 [INFO] The time difference between the client and the server is within range 29.017 ms..33.819 ms
client 2023-07-20 05:08:24,069 [INFO] Sending command to the server: 'session,2023-07-20_04-52-03,stop,testing'
client 2023-07-20 05:08:34,306 [INFO] Got response: 'OK'
client 2023-07-20 05:08:34,307 [INFO] Sending command to the server: 'time'
client 2023-07-20 05:08:34,309 [INFO] Got response: '1689826114.2785578'
client 2023-07-20 05:08:34,310 [INFO] The time difference between the client and the server is within range 28.438 ms..31.760 ms
client 2023-07-20 05:08:34,315 [INFO] Copying loadgen logs from '/home/arjun/mobilenet_results/valid_results/raspberrypi-tflite_armnn_cpp-cpu-armnn_tflite-v22.11-using_neon/mobilenet-v2-precision_uint8-0.5-192/singlestream/performance/run_1' to '/home/arjun/mobilenet_results/valid_results/raspberrypi-tflite_armnn_cpp-cpu-armnn_tflite-v22.11-using_neon/mobilenet-v2-precision_uint8-0.5-192/singlestream/performance/tmp_power/run_1'
client 2023-07-20 05:08:34,320 [INFO] Done runs
