client 2023-07-13 21:15:32,019 [INFO] Creating output directory '/home/arjun/mobilenet_results2/valid_results/orin-tflite_armnn_cpp-cpu-armnn_tflite-v23.05-using_neon/mobilenet-v1-precision_float-0.75-224/singlestream/performance/tmp_power'
client 2023-07-13 21:15:32,022 [INFO] Sending command to the server: 'mlcommons/power client v3'
client 2023-07-13 21:15:32,027 [INFO] Got response: 'mlcommons/power server v3'
client 2023-07-13 21:15:32,027 [INFO] Synchronizing with the server and with time.google.com...
client 2023-07-13 21:15:32,046 [INFO] NTP:offset = -0.007 s, delay = 0.014 s 
client 2023-07-13 21:15:32,046 [INFO] Sending command to the server: 'time'
client 2023-07-13 21:15:32,049 [INFO] Got response: '1689279331.8880348'
client 2023-07-13 21:15:32,049 [INFO] The time difference between the client and the server is within range 158.152 ms..161.650 ms
client 2023-07-13 21:15:32,049 [INFO] Sending command to the server: 'new,,698327f6-ee54-43de-b3be-994abebcc9c0'
client 2023-07-13 21:15:32,053 [INFO] Got response: 'OK 2023-07-13_21-15-31,0c027f08-8d2b-4c64-8a40-5bc6ceae2777'
client 2023-07-13 21:15:32,053 [INFO] Session id is '2023-07-13_21-15-31'
client 2023-07-13 21:15:32,053 [INFO] Sources: {"sources": {"__init__.py": "da39a3ee5e6b4b0d3255bfef95601890afd80709", "client.py": "33ca4f26368777ac06e01f9567b714a4b8063886", "lib/__init__.py": "da39a3ee5e6b4b0d3255bfef95601890afd80709", "lib/client.py": "ac2aa093c8e8bbc9569b9e2a3471bc64e58a2258", "lib/common.py": "611d8b29633d331eb19c9455ea3b5fa3284ed6df", "lib/external/__init__.py": "da39a3ee5e6b4b0d3255bfef95601890afd80709", "lib/external/ntplib.py": "4da8f970656505a40483206ef2b5d3dd5e81711d", "lib/server.py": "c7af63c31bb2fbedea4345f571f6e3507d268ada", "lib/source_hashes.py": "60a2e02193209e8d392803326208d5466342da18", "lib/summary.py": "aa92f0a3f975eecd44d3c0cd0236342ccc9f941d", "lib/time_sync.py": "122eba67a9abc85635223e054def53be1367ade2", "server.py": "c3f90f2f7eeb4db30727556d0c815ebc89b3d28b", "tests/unit/__init__.py": "da39a3ee5e6b4b0d3255bfef95601890afd80709", "tests/unit/test_server.py": "948c1995d4008bc2aa6c4046a34ffa3858d6d671", "tests/unit/test_source_hashes.py": "00468a2907583c593e6574a1f6b404e4651c221a"}, "modules": {"ptd_client_server.lib.client": "lib/client.py", "ptd_client_server.lib.common": "lib/common.py", "ptd_client_server.lib.external.ntplib": "lib/external/ntplib.py", "ptd_client_server.lib.source_hashes": "lib/source_hashes.py", "ptd_client_server.lib.summary": "lib/summary.py", "ptd_client_server.lib.time_sync": "lib/time_sync.py"}}
client 2023-07-13 21:15:32,053 [INFO] Running workload in ranging mode
client 2023-07-13 21:15:32,053 [INFO] Synchronizing with the server and with time.google.com...
client 2023-07-13 21:15:32,066 [INFO] NTP:offset = -0.007 s, delay = 0.012 s 
client 2023-07-13 21:15:32,067 [INFO] Sending command to the server: 'time'
client 2023-07-13 21:15:32,071 [INFO] Got response: '1689279331.918683'
client 2023-07-13 21:15:32,071 [INFO] The time difference between the client and the server is within range 148.314 ms..152.576 ms
client 2023-07-13 21:15:32,071 [INFO] Sending command to the server: 'session,2023-07-13_21-15-31,start,ranging'
client 2023-07-13 21:16:00,813 [INFO] Got response: 'OK'
client 2023-07-13 21:16:00,814 [INFO] Sending command to the server: 'time'
client 2023-07-13 21:16:00,820 [INFO] Got response: '1689279360.6601422'
client 2023-07-13 21:16:00,821 [INFO] The time difference between the client and the server is within range 154.503 ms..160.782 ms
client 2023-07-13 21:16:00,821 [INFO] Running the workload 'CM_MLPERF_RUN_COUNT=$(cat ${CM_RUN_DIR}/count.txt); echo ${CM_MLPERF_RUN_COUNT}; CM_MLPERF_RUN_COUNT=$((CM_MLPERF_RUN_COUNT+1)); echo ${CM_MLPERF_RUN_COUNT} > ${CM_RUN_DIR}/count.txt && if [ ${CM_MLPERF_RUN_COUNT} -eq "1" ]; then export CM_MLPERF_USER_CONF=${CM_MLPERF_RANGING_USER_CONF}; else export CM_MLPERF_USER_CONF=${CM_MLPERF_TESTING_USER_CONF}; fi && /home/arjun/run.out'
client 2023-07-13 21:21:02,550 [INFO] Sending command to the server: 'time'
client 2023-07-13 21:21:02,555 [INFO] Got response: '1689279662.4056416'
client 2023-07-13 21:21:02,555 [INFO] The time difference between the client and the server is within range 144.451 ms..149.969 ms
client 2023-07-13 21:21:02,555 [INFO] Sending command to the server: 'session,2023-07-13_21-15-31,stop,ranging'
client 2023-07-13 21:21:12,976 [INFO] Got response: 'OK'
client 2023-07-13 21:21:12,977 [INFO] Sending command to the server: 'time'
client 2023-07-13 21:21:12,982 [INFO] Got response: '1689279672.831964'
client 2023-07-13 21:21:12,983 [INFO] The time difference between the client and the server is within range 145.810 ms..151.314 ms
client 2023-07-13 21:21:13,013 [INFO] Copying loadgen logs from '/home/arjun/mobilenet_results2/valid_results/orin-tflite_armnn_cpp-cpu-armnn_tflite-v23.05-using_neon/mobilenet-v1-precision_float-0.75-224/singlestream/performance/run_1' to '/home/arjun/mobilenet_results2/valid_results/orin-tflite_armnn_cpp-cpu-armnn_tflite-v23.05-using_neon/mobilenet-v1-precision_float-0.75-224/singlestream/performance/tmp_power/ranging'
client 2023-07-13 21:21:13,016 [INFO] Running workload in testing mode
client 2023-07-13 21:21:13,016 [INFO] Synchronizing with the server and with time.google.com...
client 2023-07-13 21:21:13,038 [INFO] NTP:offset = -0.007 s, delay = 0.015 s 
client 2023-07-13 21:21:13,038 [INFO] Sending command to the server: 'time'
client 2023-07-13 21:21:13,043 [INFO] Got response: '1689279672.892899'
client 2023-07-13 21:21:13,043 [INFO] The time difference between the client and the server is within range 145.861 ms..150.327 ms
client 2023-07-13 21:21:13,043 [INFO] Sending command to the server: 'session,2023-07-13_21-15-31,start,testing'
client 2023-07-13 21:21:26,085 [INFO] Got response: 'OK'
client 2023-07-13 21:21:26,086 [INFO] Sending command to the server: 'time'
client 2023-07-13 21:21:26,109 [INFO] Got response: '1689279685.9512343'
client 2023-07-13 21:21:26,109 [INFO] The time difference between the client and the server is within range 135.361 ms..158.147 ms
client 2023-07-13 21:21:26,109 [INFO] Running the workload 'CM_MLPERF_RUN_COUNT=$(cat ${CM_RUN_DIR}/count.txt); echo ${CM_MLPERF_RUN_COUNT}; CM_MLPERF_RUN_COUNT=$((CM_MLPERF_RUN_COUNT+1)); echo ${CM_MLPERF_RUN_COUNT} > ${CM_RUN_DIR}/count.txt && if [ ${CM_MLPERF_RUN_COUNT} -eq "1" ]; then export CM_MLPERF_USER_CONF=${CM_MLPERF_RANGING_USER_CONF}; else export CM_MLPERF_USER_CONF=${CM_MLPERF_TESTING_USER_CONF}; fi && /home/arjun/run.out'
client 2023-07-13 21:31:29,239 [INFO] Sending command to the server: 'time'
client 2023-07-13 21:31:29,244 [INFO] Got response: '1689280289.1040251'
client 2023-07-13 21:31:29,244 [INFO] The time difference between the client and the server is within range 135.366 ms..140.585 ms
client 2023-07-13 21:31:29,244 [INFO] Sending command to the server: 'session,2023-07-13_21-15-31,stop,testing'
client 2023-07-13 21:31:40,144 [INFO] Got response: 'OK'
client 2023-07-13 21:31:40,145 [INFO] Sending command to the server: 'time'
client 2023-07-13 21:31:40,148 [INFO] Got response: '1689280300.0087755'
client 2023-07-13 21:31:40,149 [INFO] The time difference between the client and the server is within range 136.226 ms..140.304 ms
client 2023-07-13 21:31:40,153 [INFO] Copying loadgen logs from '/home/arjun/mobilenet_results2/valid_results/orin-tflite_armnn_cpp-cpu-armnn_tflite-v23.05-using_neon/mobilenet-v1-precision_float-0.75-224/singlestream/performance/run_1' to '/home/arjun/mobilenet_results2/valid_results/orin-tflite_armnn_cpp-cpu-armnn_tflite-v23.05-using_neon/mobilenet-v1-precision_float-0.75-224/singlestream/performance/tmp_power/run_1'
client 2023-07-13 21:31:40,156 [INFO] Done runs
