client 2023-07-13 19:44:46,812 [INFO] Creating output directory '/home/arjun/mobilenet_results1/valid_results/orin-tflite_armnn_cpp-cpu-armnn_tflite-v23.05-using_neon/mobilenet-v1-precision_uint8-0.75-224/singlestream/performance/tmp_power'
client 2023-07-13 19:44:46,816 [INFO] Sending command to the server: 'mlcommons/power client v3'
client 2023-07-13 19:44:46,820 [INFO] Got response: 'mlcommons/power server v3'
client 2023-07-13 19:44:46,820 [INFO] Synchronizing with the server and with time.google.com...
client 2023-07-13 19:44:46,857 [INFO] NTP:offset = -0.008 s, delay = 0.017 s 
client 2023-07-13 19:44:46,857 [INFO] Sending command to the server: 'time'
client 2023-07-13 19:44:46,861 [INFO] Got response: '1689273886.7208073'
client 2023-07-13 19:44:46,861 [INFO] The time difference between the client and the server is within range 136.513 ms..141.124 ms
client 2023-07-13 19:44:46,862 [INFO] Sending command to the server: 'new,,a64a7b18-d2d4-44a5-a26d-dadcfe45f13f'
client 2023-07-13 19:44:46,865 [INFO] Got response: 'OK 2023-07-13_19-44-46,a09a7584-9d9f-43e5-8ec4-86ea067f0109'
client 2023-07-13 19:44:46,865 [INFO] Session id is '2023-07-13_19-44-46'
client 2023-07-13 19:44:46,866 [INFO] Sources: {"sources": {"__init__.py": "da39a3ee5e6b4b0d3255bfef95601890afd80709", "client.py": "33ca4f26368777ac06e01f9567b714a4b8063886", "lib/__init__.py": "da39a3ee5e6b4b0d3255bfef95601890afd80709", "lib/client.py": "ac2aa093c8e8bbc9569b9e2a3471bc64e58a2258", "lib/common.py": "611d8b29633d331eb19c9455ea3b5fa3284ed6df", "lib/external/__init__.py": "da39a3ee5e6b4b0d3255bfef95601890afd80709", "lib/external/ntplib.py": "4da8f970656505a40483206ef2b5d3dd5e81711d", "lib/server.py": "c7af63c31bb2fbedea4345f571f6e3507d268ada", "lib/source_hashes.py": "60a2e02193209e8d392803326208d5466342da18", "lib/summary.py": "aa92f0a3f975eecd44d3c0cd0236342ccc9f941d", "lib/time_sync.py": "122eba67a9abc85635223e054def53be1367ade2", "server.py": "c3f90f2f7eeb4db30727556d0c815ebc89b3d28b", "tests/unit/__init__.py": "da39a3ee5e6b4b0d3255bfef95601890afd80709", "tests/unit/test_server.py": "948c1995d4008bc2aa6c4046a34ffa3858d6d671", "tests/unit/test_source_hashes.py": "00468a2907583c593e6574a1f6b404e4651c221a"}, "modules": {"ptd_client_server.lib.client": "lib/client.py", "ptd_client_server.lib.common": "lib/common.py", "ptd_client_server.lib.external.ntplib": "lib/external/ntplib.py", "ptd_client_server.lib.source_hashes": "lib/source_hashes.py", "ptd_client_server.lib.summary": "lib/summary.py", "ptd_client_server.lib.time_sync": "lib/time_sync.py"}}
client 2023-07-13 19:44:46,866 [INFO] Running workload in ranging mode
client 2023-07-13 19:44:46,866 [INFO] Synchronizing with the server and with time.google.com...
client 2023-07-13 19:44:46,884 [INFO] NTP:offset = -0.008 s, delay = 0.017 s 
client 2023-07-13 19:44:46,884 [INFO] Sending command to the server: 'time'
client 2023-07-13 19:44:46,888 [INFO] Got response: '1689273886.7411258'
client 2023-07-13 19:44:46,888 [INFO] The time difference between the client and the server is within range 143.427 ms..147.155 ms
client 2023-07-13 19:44:46,888 [INFO] Sending command to the server: 'session,2023-07-13_19-44-46,start,ranging'
client 2023-07-13 19:45:15,601 [INFO] Got response: 'OK'
client 2023-07-13 19:45:15,601 [INFO] Sending command to the server: 'time'
client 2023-07-13 19:45:15,606 [INFO] Got response: '1689273915.4606645'
client 2023-07-13 19:45:15,606 [INFO] The time difference between the client and the server is within range 141.133 ms..145.787 ms
client 2023-07-13 19:45:15,606 [INFO] Running the workload 'CM_MLPERF_RUN_COUNT=$(cat ${CM_RUN_DIR}/count.txt); echo ${CM_MLPERF_RUN_COUNT}; CM_MLPERF_RUN_COUNT=$((CM_MLPERF_RUN_COUNT+1)); echo ${CM_MLPERF_RUN_COUNT} > ${CM_RUN_DIR}/count.txt && if [ ${CM_MLPERF_RUN_COUNT} -eq "1" ]; then export CM_MLPERF_USER_CONF=${CM_MLPERF_RANGING_USER_CONF}; else export CM_MLPERF_USER_CONF=${CM_MLPERF_TESTING_USER_CONF}; fi && /mount/CM/repos/ctuning@mlcommons-ck/cm-mlops/script/run-mlperf-inference-mobilenet-models/run.out'
client 2023-07-13 19:50:17,411 [INFO] Sending command to the server: 'time'
client 2023-07-13 19:50:17,417 [INFO] Got response: '1689274217.2741697'
client 2023-07-13 19:50:17,417 [INFO] The time difference between the client and the server is within range 137.567 ms..143.467 ms
client 2023-07-13 19:50:17,417 [INFO] Sending command to the server: 'session,2023-07-13_19-44-46,stop,ranging'
client 2023-07-13 19:50:27,762 [INFO] Got response: 'OK'
client 2023-07-13 19:50:27,762 [INFO] Sending command to the server: 'time'
client 2023-07-13 19:50:27,768 [INFO] Got response: '1689274227.625231'
client 2023-07-13 19:50:27,769 [INFO] The time difference between the client and the server is within range 137.552 ms..143.739 ms
client 2023-07-13 19:50:27,804 [INFO] Copying loadgen logs from '/home/arjun/mobilenet_results1/valid_results/orin-tflite_armnn_cpp-cpu-armnn_tflite-v23.05-using_neon/mobilenet-v1-precision_uint8-0.75-224/singlestream/performance/run_1' to '/home/arjun/mobilenet_results1/valid_results/orin-tflite_armnn_cpp-cpu-armnn_tflite-v23.05-using_neon/mobilenet-v1-precision_uint8-0.75-224/singlestream/performance/tmp_power/ranging'
client 2023-07-13 19:50:27,806 [INFO] Running workload in testing mode
client 2023-07-13 19:50:27,806 [INFO] Synchronizing with the server and with time.google.com...
client 2023-07-13 19:50:27,841 [INFO] NTP:offset = -0.007 s, delay = 0.018 s 
client 2023-07-13 19:50:27,842 [INFO] Sending command to the server: 'time'
client 2023-07-13 19:50:27,845 [INFO] Got response: '1689274227.6975927'
client 2023-07-13 19:50:27,845 [INFO] The time difference between the client and the server is within range 144.387 ms..148.300 ms
client 2023-07-13 19:50:27,846 [INFO] Sending command to the server: 'session,2023-07-13_19-44-46,start,testing'
client 2023-07-13 19:50:40,898 [INFO] Got response: 'OK'
client 2023-07-13 19:50:40,899 [INFO] Sending command to the server: 'time'
client 2023-07-13 19:50:40,910 [INFO] Got response: '1689274240.7611256'
client 2023-07-13 19:50:40,911 [INFO] The time difference between the client and the server is within range 137.916 ms..150.199 ms
client 2023-07-13 19:50:40,911 [INFO] Running the workload 'CM_MLPERF_RUN_COUNT=$(cat ${CM_RUN_DIR}/count.txt); echo ${CM_MLPERF_RUN_COUNT}; CM_MLPERF_RUN_COUNT=$((CM_MLPERF_RUN_COUNT+1)); echo ${CM_MLPERF_RUN_COUNT} > ${CM_RUN_DIR}/count.txt && if [ ${CM_MLPERF_RUN_COUNT} -eq "1" ]; then export CM_MLPERF_USER_CONF=${CM_MLPERF_RANGING_USER_CONF}; else export CM_MLPERF_USER_CONF=${CM_MLPERF_TESTING_USER_CONF}; fi && /mount/CM/repos/ctuning@mlcommons-ck/cm-mlops/script/run-mlperf-inference-mobilenet-models/run.out'
client 2023-07-13 20:00:43,944 [INFO] Sending command to the server: 'time'
client 2023-07-13 20:00:43,947 [INFO] Got response: '1689274843.7997618'
client 2023-07-13 20:00:43,947 [INFO] The time difference between the client and the server is within range 144.236 ms..148.126 ms
client 2023-07-13 20:00:43,948 [INFO] Sending command to the server: 'session,2023-07-13_19-44-46,stop,testing'
client 2023-07-13 20:00:55,151 [INFO] Got response: 'OK'
client 2023-07-13 20:00:55,152 [INFO] Sending command to the server: 'time'
client 2023-07-13 20:00:55,169 [INFO] Got response: '1689274855.0160816'
client 2023-07-13 20:00:55,169 [INFO] The time difference between the client and the server is within range 136.290 ms..153.524 ms
client 2023-07-13 20:00:55,173 [INFO] Copying loadgen logs from '/home/arjun/mobilenet_results1/valid_results/orin-tflite_armnn_cpp-cpu-armnn_tflite-v23.05-using_neon/mobilenet-v1-precision_uint8-0.75-224/singlestream/performance/run_1' to '/home/arjun/mobilenet_results1/valid_results/orin-tflite_armnn_cpp-cpu-armnn_tflite-v23.05-using_neon/mobilenet-v1-precision_uint8-0.75-224/singlestream/performance/tmp_power/run_1'
client 2023-07-13 20:00:55,176 [INFO] Done runs
