client 2023-08-01 09:01:45,798 [INFO] Creating output directory '/home/arjun/results_dir/valid_results/orin-nvidia_original-gpu-tensorrt-vdefault-default_config/bert-99/singlestream/performance/tmp_power'
client 2023-08-01 09:01:45,812 [INFO] Sending command to the server: 'mlcommons/power client v3'
client 2023-08-01 09:01:45,819 [INFO] Got response: 'mlcommons/power server v3'
client 2023-08-01 09:01:45,819 [INFO] Synchronizing with the server and with time.google.com...
client 2023-08-01 09:01:45,856 [INFO] NTP:offset = 0.004 s, delay = 0.022 s 
client 2023-08-01 09:01:45,857 [INFO] Sending command to the server: 'time'
client 2023-08-01 09:01:45,860 [INFO] Got response: '1690876905.640145'
client 2023-08-01 09:01:45,860 [INFO] The time difference between the client and the server is within range 216.875 ms..220.690 ms
client 2023-08-01 09:01:45,860 [WARNING] The time difference between the client and the server is more than 200 ms
client 2023-08-01 09:01:45,860 [INFO] Sending command to the server: 'set_ntp'
client 2023-08-01 09:01:46,900 [INFO] Got response: 'OK'
client 2023-08-01 09:01:46,900 [INFO] Synchronizing with time.google.com time using NTP...
client 2023-08-01 09:01:55,442 [INFO] Set system time at 2023-08-01 09:01:55.442579
client 2023-08-01 09:01:55,458 [INFO] NTP:offset = 0.001 s, delay = 0.014 s 
client 2023-08-01 09:01:55,458 [INFO] Sending command to the server: 'time'
client 2023-08-01 09:01:55,462 [INFO] Got response: '1690876915.4475553'
client 2023-08-01 09:01:55,462 [INFO] The time difference between the client and the server is within range 10.667 ms..14.694 ms
client 2023-08-01 09:01:55,462 [INFO] Sending command to the server: 'new,,9a40cbec-bae8-495d-8e85-273e4bd952dd'
client 2023-08-01 09:01:55,467 [INFO] Got response: 'OK 2023-08-01_09-01-55,a8ecea63-f180-4232-b5b1-38a12197fa84'
client 2023-08-01 09:01:55,467 [INFO] Session id is '2023-08-01_09-01-55'
client 2023-08-01 09:01:55,468 [INFO] Sources: {"sources": {"__init__.py": "da39a3ee5e6b4b0d3255bfef95601890afd80709", "client.py": "33ca4f26368777ac06e01f9567b714a4b8063886", "lib/__init__.py": "da39a3ee5e6b4b0d3255bfef95601890afd80709", "lib/client.py": "ac2aa093c8e8bbc9569b9e2a3471bc64e58a2258", "lib/common.py": "611d8b29633d331eb19c9455ea3b5fa3284ed6df", "lib/external/__init__.py": "da39a3ee5e6b4b0d3255bfef95601890afd80709", "lib/external/ntplib.py": "4da8f970656505a40483206ef2b5d3dd5e81711d", "lib/server.py": "c7af63c31bb2fbedea4345f571f6e3507d268ada", "lib/source_hashes.py": "60a2e02193209e8d392803326208d5466342da18", "lib/summary.py": "aa92f0a3f975eecd44d3c0cd0236342ccc9f941d", "lib/time_sync.py": "122eba67a9abc85635223e054def53be1367ade2", "server.py": "c3f90f2f7eeb4db30727556d0c815ebc89b3d28b", "tests/unit/__init__.py": "da39a3ee5e6b4b0d3255bfef95601890afd80709", "tests/unit/test_server.py": "948c1995d4008bc2aa6c4046a34ffa3858d6d671", "tests/unit/test_source_hashes.py": "00468a2907583c593e6574a1f6b404e4651c221a"}, "modules": {"ptd_client_server.lib.client": "lib/client.py", "ptd_client_server.lib.common": "lib/common.py", "ptd_client_server.lib.external.ntplib": "lib/external/ntplib.py", "ptd_client_server.lib.source_hashes": "lib/source_hashes.py", "ptd_client_server.lib.summary": "lib/summary.py", "ptd_client_server.lib.time_sync": "lib/time_sync.py"}}
client 2023-08-01 09:01:55,468 [INFO] Running workload in ranging mode
client 2023-08-01 09:01:55,468 [INFO] Synchronizing with the server and with time.google.com...
client 2023-08-01 09:01:55,485 [INFO] NTP:offset = -0.001 s, delay = 0.016 s 
client 2023-08-01 09:01:55,485 [INFO] Sending command to the server: 'time'
client 2023-08-01 09:01:55,489 [INFO] Got response: '1690876915.478186'
client 2023-08-01 09:01:55,489 [INFO] The time difference between the client and the server is within range 7.377 ms..11.483 ms
client 2023-08-01 09:01:55,489 [INFO] Sending command to the server: 'session,2023-08-01_09-01-55,start,ranging'
client 2023-08-01 09:02:25,060 [INFO] Got response: 'OK'
client 2023-08-01 09:02:25,060 [INFO] Sending command to the server: 'time'
client 2023-08-01 09:02:25,064 [INFO] Got response: '1690876945.053531'
client 2023-08-01 09:02:25,064 [INFO] The time difference between the client and the server is within range 7.248 ms..11.259 ms
client 2023-08-01 09:02:25,064 [INFO] Running the workload 'CM_MLPERF_RUN_COUNT=$(cat ${CM_RUN_DIR}/count.txt); echo ${CM_MLPERF_RUN_COUNT}; CM_MLPERF_RUN_COUNT=$((CM_MLPERF_RUN_COUNT+1)); echo ${CM_MLPERF_RUN_COUNT} > ${CM_RUN_DIR}/count.txt && if [ ${CM_MLPERF_RUN_COUNT} -eq "1" ]; then export CM_MLPERF_USER_CONF=${CM_MLPERF_RANGING_USER_CONF}; else export CM_MLPERF_USER_CONF=${CM_MLPERF_TESTING_USER_CONF}; fi && make run_harness RUN_ARGS=" --benchmarks=bert --scenarios=singlestream --test_mode=PerformanceOnly --offline_expected_qps=530 --single_stream_expected_latency_ns=5000000 --multi_stream_expected_latency_ns=105000000 --user_conf_path=${CM_MLPERF_USER_CONF} --mlperf_conf_path=/mount/CM/repos/local/cache/2048b9e58c0246cd/inference/mlperf.conf --gpu_batch_size=1 --no_audit_verify "'
client 2023-08-01 09:07:39,332 [INFO] Sending command to the server: 'time'
client 2023-08-01 09:07:39,336 [INFO] Got response: '1690877259.3328924'
client 2023-08-01 09:07:39,336 [INFO] The time difference between the client and the server is within range -0.419 ms..3.512 ms
client 2023-08-01 09:07:39,336 [INFO] Sending command to the server: 'session,2023-08-01_09-01-55,stop,ranging'
client 2023-08-01 09:07:50,519 [INFO] Got response: 'OK'
client 2023-08-01 09:07:50,519 [INFO] Sending command to the server: 'time'
client 2023-08-01 09:07:50,521 [INFO] Got response: '1690877270.509177'
client 2023-08-01 09:07:50,521 [INFO] The time difference between the client and the server is within range 10.076 ms..12.544 ms
client 2023-08-01 09:07:50,525 [INFO] Copying loadgen logs from '/home/arjun/results_dir/valid_results/orin-nvidia_original-gpu-tensorrt-vdefault-default_config/bert-99/singlestream/performance/run_1' to '/home/arjun/results_dir/valid_results/orin-nvidia_original-gpu-tensorrt-vdefault-default_config/bert-99/singlestream/performance/tmp_power/ranging'
client 2023-08-01 09:07:50,526 [INFO] Running workload in testing mode
client 2023-08-01 09:07:50,526 [INFO] Synchronizing with the server and with time.google.com...
client 2023-08-01 09:07:50,541 [INFO] NTP:offset = 0.005 s, delay = 0.014 s 
client 2023-08-01 09:07:50,541 [INFO] Sending command to the server: 'time'
client 2023-08-01 09:07:50,543 [INFO] Got response: '1690877270.5402088'
client 2023-08-01 09:07:50,544 [INFO] The time difference between the client and the server is within range 1.209 ms..3.835 ms
client 2023-08-01 09:07:50,544 [INFO] Sending command to the server: 'session,2023-08-01_09-01-55,start,testing'
client 2023-08-01 09:08:03,589 [INFO] Got response: 'OK'
client 2023-08-01 09:08:03,590 [INFO] Sending command to the server: 'time'
client 2023-08-01 09:08:03,592 [INFO] Got response: '1690877283.58823'
client 2023-08-01 09:08:03,592 [INFO] The time difference between the client and the server is within range 1.829 ms..4.461 ms
client 2023-08-01 09:08:03,592 [INFO] Running the workload 'CM_MLPERF_RUN_COUNT=$(cat ${CM_RUN_DIR}/count.txt); echo ${CM_MLPERF_RUN_COUNT}; CM_MLPERF_RUN_COUNT=$((CM_MLPERF_RUN_COUNT+1)); echo ${CM_MLPERF_RUN_COUNT} > ${CM_RUN_DIR}/count.txt && if [ ${CM_MLPERF_RUN_COUNT} -eq "1" ]; then export CM_MLPERF_USER_CONF=${CM_MLPERF_RANGING_USER_CONF}; else export CM_MLPERF_USER_CONF=${CM_MLPERF_TESTING_USER_CONF}; fi && make run_harness RUN_ARGS=" --benchmarks=bert --scenarios=singlestream --test_mode=PerformanceOnly --offline_expected_qps=530 --single_stream_expected_latency_ns=5000000 --multi_stream_expected_latency_ns=105000000 --user_conf_path=${CM_MLPERF_USER_CONF} --mlperf_conf_path=/mount/CM/repos/local/cache/2048b9e58c0246cd/inference/mlperf.conf --gpu_batch_size=1 --no_audit_verify "'
client 2023-08-01 09:18:12,789 [INFO] Sending command to the server: 'time'
client 2023-08-01 09:18:12,794 [INFO] Got response: '1690877892.7874262'
client 2023-08-01 09:18:12,794 [INFO] The time difference between the client and the server is within range 2.484 ms..7.206 ms
client 2023-08-01 09:18:12,794 [INFO] Sending command to the server: 'session,2023-08-01_09-01-55,stop,testing'
client 2023-08-01 09:18:23,642 [INFO] Got response: 'OK'
client 2023-08-01 09:18:23,642 [INFO] Sending command to the server: 'time'
client 2023-08-01 09:18:23,644 [INFO] Got response: '1690877903.6436026'
client 2023-08-01 09:18:23,644 [INFO] The time difference between the client and the server is within range -1.075 ms..1.178 ms
client 2023-08-01 09:18:23,645 [INFO] Copying loadgen logs from '/home/arjun/results_dir/valid_results/orin-nvidia_original-gpu-tensorrt-vdefault-default_config/bert-99/singlestream/performance/run_1' to '/home/arjun/results_dir/valid_results/orin-nvidia_original-gpu-tensorrt-vdefault-default_config/bert-99/singlestream/performance/tmp_power/run_1'
client 2023-08-01 09:18:23,646 [INFO] Done runs
