client 2023-07-15 22:39:01,648 [INFO] Creating output directory '/home/arjun/mobilenet_results/valid_results/raspberrypi-tflite_armnn_cpp-cpu-armnn_tflite-v23.05-using_neon/mobilenet-v2-precision_uint8-1.0-192/singlestream/performance/tmp_power'
client 2023-07-15 22:39:01,654 [INFO] Sending command to the server: 'mlcommons/power client v3'
client 2023-07-15 22:39:01,659 [INFO] Got response: 'mlcommons/power server v3'
client 2023-07-15 22:39:01,660 [INFO] Synchronizing with the server and with time.google.com...
client 2023-07-15 22:39:01,754 [INFO] NTP:offset = -0.021 s, delay = 0.059 s 
client 2023-07-15 22:39:01,756 [INFO] Sending command to the server: 'time'
client 2023-07-15 22:39:01,763 [INFO] Got response: '1689457141.584688'
client 2023-07-15 22:39:01,765 [INFO] The time difference between the client and the server is within range 171.749 ms..180.530 ms
client 2023-07-15 22:39:01,766 [INFO] Sending command to the server: 'new,,8cd0b781-c030-4cc1-ad83-2971730684b8'
client 2023-07-15 22:39:01,774 [INFO] Got response: 'OK 2023-07-15_22-39-01,f87b5a6e-5121-46f8-a819-0fa88bbfd656'
client 2023-07-15 22:39:01,776 [INFO] Session id is '2023-07-15_22-39-01'
client 2023-07-15 22:39:01,777 [INFO] Sources: {"sources": {"__init__.py": "da39a3ee5e6b4b0d3255bfef95601890afd80709", "client.py": "33ca4f26368777ac06e01f9567b714a4b8063886", "lib/__init__.py": "da39a3ee5e6b4b0d3255bfef95601890afd80709", "lib/client.py": "ac2aa093c8e8bbc9569b9e2a3471bc64e58a2258", "lib/common.py": "611d8b29633d331eb19c9455ea3b5fa3284ed6df", "lib/external/__init__.py": "da39a3ee5e6b4b0d3255bfef95601890afd80709", "lib/external/ntplib.py": "4da8f970656505a40483206ef2b5d3dd5e81711d", "lib/server.py": "c7af63c31bb2fbedea4345f571f6e3507d268ada", "lib/source_hashes.py": "60a2e02193209e8d392803326208d5466342da18", "lib/summary.py": "aa92f0a3f975eecd44d3c0cd0236342ccc9f941d", "lib/time_sync.py": "122eba67a9abc85635223e054def53be1367ade2", "server.py": "c3f90f2f7eeb4db30727556d0c815ebc89b3d28b", "tests/unit/__init__.py": "da39a3ee5e6b4b0d3255bfef95601890afd80709", "tests/unit/test_server.py": "948c1995d4008bc2aa6c4046a34ffa3858d6d671", "tests/unit/test_source_hashes.py": "00468a2907583c593e6574a1f6b404e4651c221a"}, "modules": {"ptd_client_server.lib.client": "lib/client.py", "ptd_client_server.lib.common": "lib/common.py", "ptd_client_server.lib.external.ntplib": "lib/external/ntplib.py", "ptd_client_server.lib.source_hashes": "lib/source_hashes.py", "ptd_client_server.lib.summary": "lib/summary.py", "ptd_client_server.lib.time_sync": "lib/time_sync.py"}}
client 2023-07-15 22:39:01,780 [INFO] Running workload in ranging mode
client 2023-07-15 22:39:01,782 [INFO] Synchronizing with the server and with time.google.com...
client 2023-07-15 22:39:01,819 [INFO] NTP:offset = -0.001 s, delay = 0.015 s 
client 2023-07-15 22:39:01,820 [INFO] Sending command to the server: 'time'
client 2023-07-15 22:39:01,824 [INFO] Got response: '1689457141.6461399'
client 2023-07-15 22:39:01,825 [INFO] The time difference between the client and the server is within range 174.197 ms..178.955 ms
client 2023-07-15 22:39:01,825 [INFO] Sending command to the server: 'session,2023-07-15_22-39-01,start,ranging'
client 2023-07-15 22:39:30,533 [INFO] Got response: 'OK'
client 2023-07-15 22:39:30,534 [INFO] Sending command to the server: 'time'
client 2023-07-15 22:39:30,539 [INFO] Got response: '1689457170.3671572'
client 2023-07-15 22:39:30,539 [INFO] The time difference between the client and the server is within range 167.319 ms..172.756 ms
client 2023-07-15 22:39:30,540 [INFO] Running the workload 'CM_MLPERF_RUN_COUNT=$(cat ${CM_RUN_DIR}/count.txt); echo ${CM_MLPERF_RUN_COUNT}; CM_MLPERF_RUN_COUNT=$((CM_MLPERF_RUN_COUNT+1)); echo ${CM_MLPERF_RUN_COUNT} > ${CM_RUN_DIR}/count.txt && if [ ${CM_MLPERF_RUN_COUNT} -eq "1" ]; then export CM_MLPERF_USER_CONF=${CM_MLPERF_RANGING_USER_CONF}; else export CM_MLPERF_USER_CONF=${CM_MLPERF_TESTING_USER_CONF}; fi && /home/arjun/run.out'
client 2023-07-15 22:44:37,711 [INFO] Sending command to the server: 'time'
client 2023-07-15 22:44:37,716 [INFO] Got response: '1689457477.5402184'
client 2023-07-15 22:44:37,716 [INFO] The time difference between the client and the server is within range 170.730 ms..176.419 ms
client 2023-07-15 22:44:37,716 [INFO] Sending command to the server: 'session,2023-07-15_22-39-01,stop,ranging'
client 2023-07-15 22:44:48,766 [INFO] Got response: 'OK'
client 2023-07-15 22:44:48,767 [INFO] Sending command to the server: 'time'
client 2023-07-15 22:44:48,771 [INFO] Got response: '1689457488.5953128'
client 2023-07-15 22:44:48,772 [INFO] The time difference between the client and the server is within range 172.002 ms..176.965 ms
client 2023-07-15 22:44:48,804 [INFO] Copying loadgen logs from '/home/arjun/mobilenet_results/valid_results/raspberrypi-tflite_armnn_cpp-cpu-armnn_tflite-v23.05-using_neon/mobilenet-v2-precision_uint8-1.0-192/singlestream/performance/run_1' to '/home/arjun/mobilenet_results/valid_results/raspberrypi-tflite_armnn_cpp-cpu-armnn_tflite-v23.05-using_neon/mobilenet-v2-precision_uint8-1.0-192/singlestream/performance/tmp_power/ranging'
client 2023-07-15 22:44:48,806 [INFO] Running workload in testing mode
client 2023-07-15 22:44:48,807 [INFO] Synchronizing with the server and with time.google.com...
client 2023-07-15 22:44:48,839 [INFO] NTP:offset = 0.000 s, delay = 0.017 s 
client 2023-07-15 22:44:48,840 [INFO] Sending command to the server: 'time'
client 2023-07-15 22:44:48,844 [INFO] Got response: '1689457488.6689346'
client 2023-07-15 22:44:48,844 [INFO] The time difference between the client and the server is within range 171.340 ms..175.541 ms
client 2023-07-15 22:44:48,844 [INFO] Sending command to the server: 'session,2023-07-15_22-39-01,start,testing'
client 2023-07-15 22:45:01,887 [INFO] Got response: 'OK'
client 2023-07-15 22:45:01,887 [INFO] Sending command to the server: 'time'
client 2023-07-15 22:45:01,893 [INFO] Got response: '1689457501.714525'
client 2023-07-15 22:45:01,893 [INFO] The time difference between the client and the server is within range 173.182 ms..179.040 ms
client 2023-07-15 22:45:01,893 [INFO] Running the workload 'CM_MLPERF_RUN_COUNT=$(cat ${CM_RUN_DIR}/count.txt); echo ${CM_MLPERF_RUN_COUNT}; CM_MLPERF_RUN_COUNT=$((CM_MLPERF_RUN_COUNT+1)); echo ${CM_MLPERF_RUN_COUNT} > ${CM_RUN_DIR}/count.txt && if [ ${CM_MLPERF_RUN_COUNT} -eq "1" ]; then export CM_MLPERF_USER_CONF=${CM_MLPERF_RANGING_USER_CONF}; else export CM_MLPERF_USER_CONF=${CM_MLPERF_TESTING_USER_CONF}; fi && /home/arjun/run.out'
client 2023-07-15 22:55:14,861 [INFO] Sending command to the server: 'time'
client 2023-07-15 22:55:14,868 [INFO] Got response: '1689458114.6811497'
client 2023-07-15 22:55:14,868 [INFO] The time difference between the client and the server is within range 180.397 ms..187.195 ms
client 2023-07-15 22:55:14,868 [INFO] Sending command to the server: 'session,2023-07-15_22-39-01,stop,testing'
client 2023-07-15 22:55:25,151 [INFO] Got response: 'OK'
client 2023-07-15 22:55:25,151 [INFO] Sending command to the server: 'time'
client 2023-07-15 22:55:25,155 [INFO] Got response: '1689458124.9635973'
client 2023-07-15 22:55:25,155 [INFO] The time difference between the client and the server is within range 188.072 ms..191.846 ms
client 2023-07-15 22:55:25,161 [INFO] Copying loadgen logs from '/home/arjun/mobilenet_results/valid_results/raspberrypi-tflite_armnn_cpp-cpu-armnn_tflite-v23.05-using_neon/mobilenet-v2-precision_uint8-1.0-192/singlestream/performance/run_1' to '/home/arjun/mobilenet_results/valid_results/raspberrypi-tflite_armnn_cpp-cpu-armnn_tflite-v23.05-using_neon/mobilenet-v2-precision_uint8-1.0-192/singlestream/performance/tmp_power/run_1'
client 2023-07-15 22:55:25,164 [INFO] Done runs
