client 2023-08-01 01:55:28,390 [INFO] Creating output directory '/home/arjun/results_dir/valid_results/orin-nvidia_original-gpu-tensorrt-vdefault-default_config/retinanet/singlestream/performance/tmp_power'
client 2023-08-01 01:55:28,396 [INFO] Sending command to the server: 'mlcommons/power client v3'
client 2023-08-01 01:55:28,399 [INFO] Got response: 'mlcommons/power server v3'
client 2023-08-01 01:55:28,399 [INFO] Synchronizing with the server and with time.google.com...
client 2023-08-01 01:55:28,428 [INFO] NTP:offset = 0.002 s, delay = 0.015 s 
client 2023-08-01 01:55:28,428 [INFO] Sending command to the server: 'time'
client 2023-08-01 01:55:28,433 [INFO] Got response: '1690851328.3393738'
client 2023-08-01 01:55:28,434 [INFO] The time difference between the client and the server is within range 89.414 ms..94.638 ms
client 2023-08-01 01:55:28,434 [INFO] Sending command to the server: 'new,,c08cf03b-7938-4438-bf71-0c4cf378b55e'
client 2023-08-01 01:55:28,437 [INFO] Got response: 'OK 2023-08-01_01-55-28,a3b0fbea-0643-4929-b411-21c4417f3264'
client 2023-08-01 01:55:28,437 [INFO] Session id is '2023-08-01_01-55-28'
client 2023-08-01 01:55:28,438 [INFO] Sources: {"sources": {"__init__.py": "da39a3ee5e6b4b0d3255bfef95601890afd80709", "client.py": "33ca4f26368777ac06e01f9567b714a4b8063886", "lib/__init__.py": "da39a3ee5e6b4b0d3255bfef95601890afd80709", "lib/client.py": "ac2aa093c8e8bbc9569b9e2a3471bc64e58a2258", "lib/common.py": "611d8b29633d331eb19c9455ea3b5fa3284ed6df", "lib/external/__init__.py": "da39a3ee5e6b4b0d3255bfef95601890afd80709", "lib/external/ntplib.py": "4da8f970656505a40483206ef2b5d3dd5e81711d", "lib/server.py": "c7af63c31bb2fbedea4345f571f6e3507d268ada", "lib/source_hashes.py": "60a2e02193209e8d392803326208d5466342da18", "lib/summary.py": "aa92f0a3f975eecd44d3c0cd0236342ccc9f941d", "lib/time_sync.py": "122eba67a9abc85635223e054def53be1367ade2", "server.py": "c3f90f2f7eeb4db30727556d0c815ebc89b3d28b", "tests/unit/__init__.py": "da39a3ee5e6b4b0d3255bfef95601890afd80709", "tests/unit/test_server.py": "948c1995d4008bc2aa6c4046a34ffa3858d6d671", "tests/unit/test_source_hashes.py": "00468a2907583c593e6574a1f6b404e4651c221a"}, "modules": {"ptd_client_server.lib.client": "lib/client.py", "ptd_client_server.lib.common": "lib/common.py", "ptd_client_server.lib.external.ntplib": "lib/external/ntplib.py", "ptd_client_server.lib.source_hashes": "lib/source_hashes.py", "ptd_client_server.lib.summary": "lib/summary.py", "ptd_client_server.lib.time_sync": "lib/time_sync.py"}}
client 2023-08-01 01:55:28,438 [INFO] Running workload in ranging mode
client 2023-08-01 01:55:28,438 [INFO] Synchronizing with the server and with time.google.com...
client 2023-08-01 01:55:28,452 [INFO] NTP:offset = 0.003 s, delay = 0.014 s 
client 2023-08-01 01:55:28,452 [INFO] Sending command to the server: 'time'
client 2023-08-01 01:55:28,455 [INFO] Got response: '1690851328.3595204'
client 2023-08-01 01:55:28,455 [INFO] The time difference between the client and the server is within range 93.410 ms..96.099 ms
client 2023-08-01 01:55:28,455 [INFO] Sending command to the server: 'session,2023-08-01_01-55-28,start,ranging'
client 2023-08-01 01:55:57,704 [INFO] Got response: 'OK'
client 2023-08-01 01:55:57,705 [INFO] Sending command to the server: 'time'
client 2023-08-01 01:55:57,709 [INFO] Got response: '1690851357.611302'
client 2023-08-01 01:55:57,709 [INFO] The time difference between the client and the server is within range 93.719 ms..98.082 ms
client 2023-08-01 01:55:57,709 [INFO] Running the workload 'CM_MLPERF_RUN_COUNT=$(cat ${CM_RUN_DIR}/count.txt); echo ${CM_MLPERF_RUN_COUNT}; CM_MLPERF_RUN_COUNT=$((CM_MLPERF_RUN_COUNT+1)); echo ${CM_MLPERF_RUN_COUNT} > ${CM_RUN_DIR}/count.txt && if [ ${CM_MLPERF_RUN_COUNT} -eq "1" ]; then export CM_MLPERF_USER_CONF=${CM_MLPERF_RANGING_USER_CONF}; else export CM_MLPERF_USER_CONF=${CM_MLPERF_TESTING_USER_CONF}; fi && make run_harness RUN_ARGS=" --benchmarks=retinanet --scenarios=singlestream --test_mode=PerformanceOnly --offline_expected_qps=93 --single_stream_expected_latency_ns=13000000 --multi_stream_expected_latency_ns=105000000 --user_conf_path=${CM_MLPERF_USER_CONF} --mlperf_conf_path=/mount/CM/repos/local/cache/cedb99c765c24b90/inference/mlperf.conf --gpu_batch_size=1 --no_audit_verify "'
client 2023-08-01 02:01:15,661 [INFO] Sending command to the server: 'time'
client 2023-08-01 02:01:15,665 [INFO] Got response: '1690851675.5727115'
client 2023-08-01 02:01:15,665 [INFO] The time difference between the client and the server is within range 88.828 ms..92.569 ms
client 2023-08-01 02:01:15,665 [INFO] Sending command to the server: 'session,2023-08-01_01-55-28,stop,ranging'
client 2023-08-01 02:01:26,122 [INFO] Got response: 'OK'
client 2023-08-01 02:01:26,122 [INFO] Sending command to the server: 'time'
client 2023-08-01 02:01:26,126 [INFO] Got response: '1690851686.0324354'
client 2023-08-01 02:01:26,126 [INFO] The time difference between the client and the server is within range 90.006 ms..93.665 ms
client 2023-08-01 02:01:26,129 [INFO] Copying loadgen logs from '/home/arjun/results_dir/valid_results/orin-nvidia_original-gpu-tensorrt-vdefault-default_config/retinanet/singlestream/performance/run_1' to '/home/arjun/results_dir/valid_results/orin-nvidia_original-gpu-tensorrt-vdefault-default_config/retinanet/singlestream/performance/tmp_power/ranging'
client 2023-08-01 02:01:26,130 [INFO] Running workload in testing mode
client 2023-08-01 02:01:26,130 [INFO] Synchronizing with the server and with time.google.com...
client 2023-08-01 02:01:26,148 [INFO] NTP:offset = 0.002 s, delay = 0.017 s 
client 2023-08-01 02:01:26,148 [INFO] Sending command to the server: 'time'
client 2023-08-01 02:01:26,151 [INFO] Got response: '1690851686.0533655'
client 2023-08-01 02:01:26,151 [INFO] The time difference between the client and the server is within range 95.089 ms..98.244 ms
client 2023-08-01 02:01:26,151 [INFO] Sending command to the server: 'session,2023-08-01_01-55-28,start,testing'
client 2023-08-01 02:01:39,191 [INFO] Got response: 'OK'
client 2023-08-01 02:01:39,191 [INFO] Sending command to the server: 'time'
client 2023-08-01 02:01:39,194 [INFO] Got response: '1690851699.0972126'
client 2023-08-01 02:01:39,195 [INFO] The time difference between the client and the server is within range 94.590 ms..97.796 ms
client 2023-08-01 02:01:39,195 [INFO] Running the workload 'CM_MLPERF_RUN_COUNT=$(cat ${CM_RUN_DIR}/count.txt); echo ${CM_MLPERF_RUN_COUNT}; CM_MLPERF_RUN_COUNT=$((CM_MLPERF_RUN_COUNT+1)); echo ${CM_MLPERF_RUN_COUNT} > ${CM_RUN_DIR}/count.txt && if [ ${CM_MLPERF_RUN_COUNT} -eq "1" ]; then export CM_MLPERF_USER_CONF=${CM_MLPERF_RANGING_USER_CONF}; else export CM_MLPERF_USER_CONF=${CM_MLPERF_TESTING_USER_CONF}; fi && make run_harness RUN_ARGS=" --benchmarks=retinanet --scenarios=singlestream --test_mode=PerformanceOnly --offline_expected_qps=93 --single_stream_expected_latency_ns=13000000 --multi_stream_expected_latency_ns=105000000 --user_conf_path=${CM_MLPERF_USER_CONF} --mlperf_conf_path=/mount/CM/repos/local/cache/cedb99c765c24b90/inference/mlperf.conf --gpu_batch_size=1 --no_audit_verify "'
client 2023-08-01 02:11:52,916 [INFO] Sending command to the server: 'time'
client 2023-08-01 02:11:52,921 [INFO] Got response: '1690852312.8204527'
client 2023-08-01 02:11:52,921 [INFO] The time difference between the client and the server is within range 96.083 ms..101.002 ms
client 2023-08-01 02:11:52,921 [INFO] Sending command to the server: 'session,2023-08-01_01-55-28,stop,testing'
client 2023-08-01 02:12:03,280 [INFO] Got response: 'OK'
client 2023-08-01 02:12:03,280 [INFO] Sending command to the server: 'time'
client 2023-08-01 02:12:03,284 [INFO] Got response: '1690852323.1785543'
client 2023-08-01 02:12:03,284 [INFO] The time difference between the client and the server is within range 102.430 ms..106.225 ms
client 2023-08-01 02:12:03,285 [INFO] Copying loadgen logs from '/home/arjun/results_dir/valid_results/orin-nvidia_original-gpu-tensorrt-vdefault-default_config/retinanet/singlestream/performance/run_1' to '/home/arjun/results_dir/valid_results/orin-nvidia_original-gpu-tensorrt-vdefault-default_config/retinanet/singlestream/performance/tmp_power/run_1'
client 2023-08-01 02:12:03,286 [INFO] Done runs
