client 2023-08-06 17:40:44,452 [INFO] Creating output directory '/home/arjun/mobilenet_results/valid_results/orin-tflite_cpp-cpu-tflite-vmaster-default_config/mobilenet-v1-precision_uint8-0.25-192/singlestream/performance/tmp_power'
client 2023-08-06 17:40:44,467 [INFO] Sending command to the server: 'mlcommons/power client v3'
client 2023-08-06 17:40:44,471 [INFO] Got response: 'mlcommons/power server v3'
client 2023-08-06 17:40:44,471 [INFO] Synchronizing with the server and with time.google.com...
client 2023-08-06 17:40:44,501 [INFO] NTP:offset = -0.001 s, delay = 0.015 s 
client 2023-08-06 17:40:44,501 [INFO] Sending command to the server: 'time'
client 2023-08-06 17:40:44,507 [INFO] Got response: '1691340044.3451302'
client 2023-08-06 17:40:44,507 [INFO] The time difference between the client and the server is within range 156.433 ms..162.606 ms
client 2023-08-06 17:40:44,507 [INFO] Sending command to the server: 'new,,8353806c-88ed-472b-872d-6b026daad138'
client 2023-08-06 17:40:44,517 [INFO] Got response: 'OK 2023-08-06_17-40-44,6e29c318-68ac-46d6-8eb0-7e0ea030b48d'
client 2023-08-06 17:40:44,517 [INFO] Session id is '2023-08-06_17-40-44'
client 2023-08-06 17:40:44,517 [INFO] Sources: {"sources": {"__init__.py": "da39a3ee5e6b4b0d3255bfef95601890afd80709", "client.py": "33ca4f26368777ac06e01f9567b714a4b8063886", "lib/__init__.py": "da39a3ee5e6b4b0d3255bfef95601890afd80709", "lib/client.py": "ac2aa093c8e8bbc9569b9e2a3471bc64e58a2258", "lib/common.py": "611d8b29633d331eb19c9455ea3b5fa3284ed6df", "lib/external/__init__.py": "da39a3ee5e6b4b0d3255bfef95601890afd80709", "lib/external/ntplib.py": "4da8f970656505a40483206ef2b5d3dd5e81711d", "lib/server.py": "c7af63c31bb2fbedea4345f571f6e3507d268ada", "lib/source_hashes.py": "60a2e02193209e8d392803326208d5466342da18", "lib/summary.py": "aa92f0a3f975eecd44d3c0cd0236342ccc9f941d", "lib/time_sync.py": "122eba67a9abc85635223e054def53be1367ade2", "server.py": "c3f90f2f7eeb4db30727556d0c815ebc89b3d28b", "tests/unit/__init__.py": "da39a3ee5e6b4b0d3255bfef95601890afd80709", "tests/unit/test_server.py": "948c1995d4008bc2aa6c4046a34ffa3858d6d671", "tests/unit/test_source_hashes.py": "00468a2907583c593e6574a1f6b404e4651c221a"}, "modules": {"ptd_client_server.lib.client": "lib/client.py", "ptd_client_server.lib.common": "lib/common.py", "ptd_client_server.lib.external.ntplib": "lib/external/ntplib.py", "ptd_client_server.lib.source_hashes": "lib/source_hashes.py", "ptd_client_server.lib.summary": "lib/summary.py", "ptd_client_server.lib.time_sync": "lib/time_sync.py"}}
client 2023-08-06 17:40:44,518 [INFO] Running workload in ranging mode
client 2023-08-06 17:40:44,518 [INFO] Synchronizing with the server and with time.google.com...
client 2023-08-06 17:40:44,534 [INFO] NTP:offset = 0.000 s, delay = 0.016 s 
client 2023-08-06 17:40:44,534 [INFO] Sending command to the server: 'time'
client 2023-08-06 17:40:44,547 [INFO] Got response: '1691340044.385034'
client 2023-08-06 17:40:44,547 [INFO] The time difference between the client and the server is within range 149.855 ms..162.047 ms
client 2023-08-06 17:40:44,547 [INFO] Sending command to the server: 'session,2023-08-06_17-40-44,start,ranging'
client 2023-08-06 17:41:13,734 [INFO] Got response: 'OK'
client 2023-08-06 17:41:13,734 [INFO] Sending command to the server: 'time'
client 2023-08-06 17:41:13,744 [INFO] Got response: '1691340073.5829298'
client 2023-08-06 17:41:13,744 [INFO] The time difference between the client and the server is within range 151.953 ms..161.938 ms
client 2023-08-06 17:41:13,744 [INFO] Running the workload 'CM_MLPERF_RUN_COUNT=$(cat ${CM_RUN_DIR}/count.txt); echo ${CM_MLPERF_RUN_COUNT}; CM_MLPERF_RUN_COUNT=$((CM_MLPERF_RUN_COUNT+1)); echo ${CM_MLPERF_RUN_COUNT} > ${CM_RUN_DIR}/count.txt && if [ ${CM_MLPERF_RUN_COUNT} -eq "1" ]; then export CM_MLPERF_USER_CONF=${CM_MLPERF_RANGING_USER_CONF}; else export CM_MLPERF_USER_CONF=${CM_MLPERF_TESTING_USER_CONF}; fi && /mount/CM/repos/ctuning@mlcommons-ck/cm-mlops/script/run-all-mlperf-models/run.out'
client 2023-08-06 17:46:14,902 [INFO] Sending command to the server: 'time'
client 2023-08-06 17:46:14,911 [INFO] Got response: '1691340374.7519321'
client 2023-08-06 17:46:14,911 [INFO] The time difference between the client and the server is within range 150.648 ms..159.839 ms
client 2023-08-06 17:46:14,911 [INFO] Sending command to the server: 'session,2023-08-06_17-40-44,stop,ranging'
client 2023-08-06 17:46:26,112 [INFO] Got response: 'OK'
client 2023-08-06 17:46:26,112 [INFO] Sending command to the server: 'time'
client 2023-08-06 17:46:26,115 [INFO] Got response: '1691340385.959059'
client 2023-08-06 17:46:26,115 [INFO] The time difference between the client and the server is within range 153.759 ms..156.863 ms
client 2023-08-06 17:46:26,119 [INFO] Copying loadgen logs from '/home/arjun/mobilenet_results/valid_results/orin-tflite_cpp-cpu-tflite-vmaster-default_config/mobilenet-v1-precision_uint8-0.25-192/singlestream/performance/run_1' to '/home/arjun/mobilenet_results/valid_results/orin-tflite_cpp-cpu-tflite-vmaster-default_config/mobilenet-v1-precision_uint8-0.25-192/singlestream/performance/tmp_power/ranging'
client 2023-08-06 17:46:26,120 [INFO] Running workload in testing mode
client 2023-08-06 17:46:26,120 [INFO] Synchronizing with the server and with time.google.com...
client 2023-08-06 17:46:26,137 [INFO] NTP:offset = 0.000 s, delay = 0.016 s 
client 2023-08-06 17:46:26,137 [INFO] Sending command to the server: 'time'
client 2023-08-06 17:46:26,141 [INFO] Got response: '1691340385.9816911'
client 2023-08-06 17:46:26,141 [INFO] The time difference between the client and the server is within range 156.220 ms..160.273 ms
client 2023-08-06 17:46:26,142 [INFO] Sending command to the server: 'session,2023-08-06_17-40-44,start,testing'
client 2023-08-06 17:46:39,189 [INFO] Got response: 'OK'
client 2023-08-06 17:46:39,189 [INFO] Sending command to the server: 'time'
client 2023-08-06 17:46:39,192 [INFO] Got response: '1691340399.0280094'
client 2023-08-06 17:46:39,192 [INFO] The time difference between the client and the server is within range 161.106 ms..164.299 ms
client 2023-08-06 17:46:39,192 [INFO] Running the workload 'CM_MLPERF_RUN_COUNT=$(cat ${CM_RUN_DIR}/count.txt); echo ${CM_MLPERF_RUN_COUNT}; CM_MLPERF_RUN_COUNT=$((CM_MLPERF_RUN_COUNT+1)); echo ${CM_MLPERF_RUN_COUNT} > ${CM_RUN_DIR}/count.txt && if [ ${CM_MLPERF_RUN_COUNT} -eq "1" ]; then export CM_MLPERF_USER_CONF=${CM_MLPERF_RANGING_USER_CONF}; else export CM_MLPERF_USER_CONF=${CM_MLPERF_TESTING_USER_CONF}; fi && /mount/CM/repos/ctuning@mlcommons-ck/cm-mlops/script/run-all-mlperf-models/run.out'
client 2023-08-06 17:56:41,449 [INFO] Sending command to the server: 'time'
client 2023-08-06 17:56:41,455 [INFO] Got response: '1691341001.291696'
client 2023-08-06 17:56:41,455 [INFO] The time difference between the client and the server is within range 157.964 ms..163.516 ms
client 2023-08-06 17:56:41,455 [INFO] Sending command to the server: 'session,2023-08-06_17-40-44,stop,testing'
client 2023-08-06 17:56:52,290 [INFO] Got response: 'OK'
client 2023-08-06 17:56:52,290 [INFO] Sending command to the server: 'time'
client 2023-08-06 17:56:52,293 [INFO] Got response: '1691341012.1314514'
client 2023-08-06 17:56:52,293 [INFO] The time difference between the client and the server is within range 159.464 ms..162.460 ms
client 2023-08-06 17:56:52,294 [INFO] Copying loadgen logs from '/home/arjun/mobilenet_results/valid_results/orin-tflite_cpp-cpu-tflite-vmaster-default_config/mobilenet-v1-precision_uint8-0.25-192/singlestream/performance/run_1' to '/home/arjun/mobilenet_results/valid_results/orin-tflite_cpp-cpu-tflite-vmaster-default_config/mobilenet-v1-precision_uint8-0.25-192/singlestream/performance/tmp_power/run_1'
client 2023-08-06 17:56:52,295 [INFO] Done runs
