client 2023-08-06 01:00:49,124 [INFO] Creating output directory '/home/arjun/mobilenet_results/valid_results/orin-tflite_cpp-cpu-tflite-vmaster-default_config/mobilenet-v1-precision_float-0.5-160/singlestream/performance/tmp_power'
client 2023-08-06 01:00:49,139 [INFO] Sending command to the server: 'mlcommons/power client v3'
client 2023-08-06 01:00:49,143 [INFO] Got response: 'mlcommons/power server v3'
client 2023-08-06 01:00:49,143 [INFO] Synchronizing with the server and with time.google.com...
client 2023-08-06 01:00:49,159 [INFO] NTP:offset = -0.000 s, delay = 0.012 s 
client 2023-08-06 01:00:49,159 [INFO] Sending command to the server: 'time'
client 2023-08-06 01:00:49,168 [INFO] Got response: '1691280049.015947'
client 2023-08-06 01:00:49,168 [INFO] The time difference between the client and the server is within range 143.590 ms..152.560 ms
client 2023-08-06 01:00:49,168 [INFO] Sending command to the server: 'new,,7cc26eba-cca6-4bcc-b334-2167dbab7622'
client 2023-08-06 01:00:49,172 [INFO] Got response: 'OK 2023-08-06_01-00-49,e9c2f5eb-8e0e-4d02-8583-b3c7886cb2aa'
client 2023-08-06 01:00:49,172 [INFO] Session id is '2023-08-06_01-00-49'
client 2023-08-06 01:00:49,172 [INFO] Sources: {"sources": {"__init__.py": "da39a3ee5e6b4b0d3255bfef95601890afd80709", "client.py": "33ca4f26368777ac06e01f9567b714a4b8063886", "lib/__init__.py": "da39a3ee5e6b4b0d3255bfef95601890afd80709", "lib/client.py": "ac2aa093c8e8bbc9569b9e2a3471bc64e58a2258", "lib/common.py": "611d8b29633d331eb19c9455ea3b5fa3284ed6df", "lib/external/__init__.py": "da39a3ee5e6b4b0d3255bfef95601890afd80709", "lib/external/ntplib.py": "4da8f970656505a40483206ef2b5d3dd5e81711d", "lib/server.py": "c7af63c31bb2fbedea4345f571f6e3507d268ada", "lib/source_hashes.py": "60a2e02193209e8d392803326208d5466342da18", "lib/summary.py": "aa92f0a3f975eecd44d3c0cd0236342ccc9f941d", "lib/time_sync.py": "122eba67a9abc85635223e054def53be1367ade2", "server.py": "c3f90f2f7eeb4db30727556d0c815ebc89b3d28b", "tests/unit/__init__.py": "da39a3ee5e6b4b0d3255bfef95601890afd80709", "tests/unit/test_server.py": "948c1995d4008bc2aa6c4046a34ffa3858d6d671", "tests/unit/test_source_hashes.py": "00468a2907583c593e6574a1f6b404e4651c221a"}, "modules": {"ptd_client_server.lib.client": "lib/client.py", "ptd_client_server.lib.common": "lib/common.py", "ptd_client_server.lib.external.ntplib": "lib/external/ntplib.py", "ptd_client_server.lib.source_hashes": "lib/source_hashes.py", "ptd_client_server.lib.summary": "lib/summary.py", "ptd_client_server.lib.time_sync": "lib/time_sync.py"}}
client 2023-08-06 01:00:49,173 [INFO] Running workload in ranging mode
client 2023-08-06 01:00:49,173 [INFO] Synchronizing with the server and with time.google.com...
client 2023-08-06 01:00:49,190 [INFO] NTP:offset = -0.001 s, delay = 0.016 s 
client 2023-08-06 01:00:49,190 [INFO] Sending command to the server: 'time'
client 2023-08-06 01:00:49,223 [INFO] Got response: '1691280049.0762782'
client 2023-08-06 01:00:49,223 [INFO] The time difference between the client and the server is within range 113.812 ms..147.430 ms
client 2023-08-06 01:00:49,223 [INFO] Sending command to the server: 'session,2023-08-06_01-00-49,start,ranging'
client 2023-08-06 01:01:17,882 [INFO] Got response: 'OK'
client 2023-08-06 01:01:17,883 [INFO] Sending command to the server: 'time'
client 2023-08-06 01:01:17,894 [INFO] Got response: '1691280077.7356899'
client 2023-08-06 01:01:17,894 [INFO] The time difference between the client and the server is within range 147.317 ms..158.763 ms
client 2023-08-06 01:01:17,894 [INFO] Running the workload 'CM_MLPERF_RUN_COUNT=$(cat ${CM_RUN_DIR}/count.txt); echo ${CM_MLPERF_RUN_COUNT}; CM_MLPERF_RUN_COUNT=$((CM_MLPERF_RUN_COUNT+1)); echo ${CM_MLPERF_RUN_COUNT} > ${CM_RUN_DIR}/count.txt && if [ ${CM_MLPERF_RUN_COUNT} -eq "1" ]; then export CM_MLPERF_USER_CONF=${CM_MLPERF_RANGING_USER_CONF}; else export CM_MLPERF_USER_CONF=${CM_MLPERF_TESTING_USER_CONF}; fi && /mount/CM/repos/ctuning@mlcommons-ck/cm-mlops/script/run-all-mlperf-models/run.out'
client 2023-08-06 01:06:19,193 [INFO] Sending command to the server: 'time'
client 2023-08-06 01:06:19,199 [INFO] Got response: '1691280379.0454419'
client 2023-08-06 01:06:19,199 [INFO] The time difference between the client and the server is within range 147.785 ms..153.977 ms
client 2023-08-06 01:06:19,199 [INFO] Sending command to the server: 'session,2023-08-06_01-00-49,stop,ranging'
client 2023-08-06 01:06:29,970 [INFO] Got response: 'OK'
client 2023-08-06 01:06:29,970 [INFO] Sending command to the server: 'time'
client 2023-08-06 01:06:29,974 [INFO] Got response: '1691280389.8233795'
client 2023-08-06 01:06:29,974 [INFO] The time difference between the client and the server is within range 147.149 ms..151.437 ms
client 2023-08-06 01:06:30,052 [INFO] Copying loadgen logs from '/home/arjun/mobilenet_results/valid_results/orin-tflite_cpp-cpu-tflite-vmaster-default_config/mobilenet-v1-precision_float-0.5-160/singlestream/performance/run_1' to '/home/arjun/mobilenet_results/valid_results/orin-tflite_cpp-cpu-tflite-vmaster-default_config/mobilenet-v1-precision_float-0.5-160/singlestream/performance/tmp_power/ranging'
client 2023-08-06 01:06:30,053 [INFO] Running workload in testing mode
client 2023-08-06 01:06:30,053 [INFO] Synchronizing with the server and with time.google.com...
client 2023-08-06 01:06:30,070 [INFO] NTP:offset = -0.001 s, delay = 0.015 s 
client 2023-08-06 01:06:30,070 [INFO] Sending command to the server: 'time'
client 2023-08-06 01:06:30,077 [INFO] Got response: '1691280389.9254005'
client 2023-08-06 01:06:30,077 [INFO] The time difference between the client and the server is within range 144.712 ms..151.776 ms
client 2023-08-06 01:06:30,077 [INFO] Sending command to the server: 'session,2023-08-06_01-00-49,start,testing'
client 2023-08-06 01:06:43,116 [INFO] Got response: 'OK'
client 2023-08-06 01:06:43,116 [INFO] Sending command to the server: 'time'
client 2023-08-06 01:06:43,121 [INFO] Got response: '1691280402.965839'
client 2023-08-06 01:06:43,121 [INFO] The time difference between the client and the server is within range 150.883 ms..155.398 ms
client 2023-08-06 01:06:43,121 [INFO] Running the workload 'CM_MLPERF_RUN_COUNT=$(cat ${CM_RUN_DIR}/count.txt); echo ${CM_MLPERF_RUN_COUNT}; CM_MLPERF_RUN_COUNT=$((CM_MLPERF_RUN_COUNT+1)); echo ${CM_MLPERF_RUN_COUNT} > ${CM_RUN_DIR}/count.txt && if [ ${CM_MLPERF_RUN_COUNT} -eq "1" ]; then export CM_MLPERF_USER_CONF=${CM_MLPERF_RANGING_USER_CONF}; else export CM_MLPERF_USER_CONF=${CM_MLPERF_TESTING_USER_CONF}; fi && /mount/CM/repos/ctuning@mlcommons-ck/cm-mlops/script/run-all-mlperf-models/run.out'
client 2023-08-06 01:16:45,269 [INFO] Sending command to the server: 'time'
client 2023-08-06 01:16:45,276 [INFO] Got response: '1691281005.1202683'
client 2023-08-06 01:16:45,276 [INFO] The time difference between the client and the server is within range 149.048 ms..156.526 ms
client 2023-08-06 01:16:45,276 [INFO] Sending command to the server: 'session,2023-08-06_01-00-49,stop,testing'
client 2023-08-06 01:16:56,668 [INFO] Got response: 'OK'
client 2023-08-06 01:16:56,668 [INFO] Sending command to the server: 'time'
client 2023-08-06 01:16:56,687 [INFO] Got response: '1691281016.5319855'
client 2023-08-06 01:16:56,687 [INFO] The time difference between the client and the server is within range 136.424 ms..155.616 ms
client 2023-08-06 01:16:56,688 [INFO] Copying loadgen logs from '/home/arjun/mobilenet_results/valid_results/orin-tflite_cpp-cpu-tflite-vmaster-default_config/mobilenet-v1-precision_float-0.5-160/singlestream/performance/run_1' to '/home/arjun/mobilenet_results/valid_results/orin-tflite_cpp-cpu-tflite-vmaster-default_config/mobilenet-v1-precision_float-0.5-160/singlestream/performance/tmp_power/run_1'
client 2023-08-06 01:16:56,689 [INFO] Done runs
