client 2023-07-09 20:55:33,192 [INFO] Creating output directory '/home/arjun/mobilenet_results/valid_results/orin-tflite_cpp-cpu-tflite-vmaster-default_config/mobilenet-v2-precision_uint8-0.75-192/singlestream/performance/tmp_power'
client 2023-07-09 20:55:33,282 [INFO] Sending command to the server: 'mlcommons/power client v3'
client 2023-07-09 20:55:33,285 [INFO] Got response: 'mlcommons/power server v3'
client 2023-07-09 20:55:33,285 [INFO] Synchronizing with the server and with time.google.com...
client 2023-07-09 20:55:33,314 [INFO] NTP:offset = -0.002 s, delay = 0.022 s 
client 2023-07-09 20:55:33,314 [INFO] Sending command to the server: 'time'
client 2023-07-09 20:55:33,319 [INFO] Got response: '1688932533.3178642'
client 2023-07-09 20:55:33,319 [INFO] The time difference between the client and the server is within range -3.145 ms..1.400 ms
client 2023-07-09 20:55:33,319 [INFO] Sending command to the server: 'new,,2299a100-e412-4ceb-bc5a-e9d65ea10fa7'
client 2023-07-09 20:55:33,323 [INFO] Got response: 'OK 2023-07-09_19-55-33,6bf60eed-6a61-4a35-84f2-db62804e6bd0'
client 2023-07-09 20:55:33,323 [INFO] Session id is '2023-07-09_19-55-33'
client 2023-07-09 20:55:33,324 [INFO] Sources: {"sources": {"__init__.py": "da39a3ee5e6b4b0d3255bfef95601890afd80709", "client.py": "33ca4f26368777ac06e01f9567b714a4b8063886", "lib/__init__.py": "da39a3ee5e6b4b0d3255bfef95601890afd80709", "lib/client.py": "ac2aa093c8e8bbc9569b9e2a3471bc64e58a2258", "lib/common.py": "611d8b29633d331eb19c9455ea3b5fa3284ed6df", "lib/external/__init__.py": "da39a3ee5e6b4b0d3255bfef95601890afd80709", "lib/external/ntplib.py": "4da8f970656505a40483206ef2b5d3dd5e81711d", "lib/server.py": "c7af63c31bb2fbedea4345f571f6e3507d268ada", "lib/source_hashes.py": "60a2e02193209e8d392803326208d5466342da18", "lib/summary.py": "aa92f0a3f975eecd44d3c0cd0236342ccc9f941d", "lib/time_sync.py": "122eba67a9abc85635223e054def53be1367ade2", "server.py": "c3f90f2f7eeb4db30727556d0c815ebc89b3d28b", "tests/unit/__init__.py": "da39a3ee5e6b4b0d3255bfef95601890afd80709", "tests/unit/test_server.py": "948c1995d4008bc2aa6c4046a34ffa3858d6d671", "tests/unit/test_source_hashes.py": "00468a2907583c593e6574a1f6b404e4651c221a"}, "modules": {"ptd_client_server.lib.client": "lib/client.py", "ptd_client_server.lib.common": "lib/common.py", "ptd_client_server.lib.external.ntplib": "lib/external/ntplib.py", "ptd_client_server.lib.source_hashes": "lib/source_hashes.py", "ptd_client_server.lib.summary": "lib/summary.py", "ptd_client_server.lib.time_sync": "lib/time_sync.py"}}
client 2023-07-09 20:55:33,324 [INFO] Running workload in ranging mode
client 2023-07-09 20:55:33,324 [INFO] Synchronizing with the server and with time.google.com...
client 2023-07-09 20:55:33,343 [INFO] NTP:offset = 0.002 s, delay = 0.017 s 
client 2023-07-09 20:55:33,343 [INFO] Sending command to the server: 'time'
client 2023-07-09 20:55:33,346 [INFO] Got response: '1688932533.3467338'
client 2023-07-09 20:55:33,347 [INFO] The time difference between the client and the server is within range -3.020 ms..0.349 ms
client 2023-07-09 20:55:33,347 [INFO] Sending command to the server: 'session,2023-07-09_19-55-33,start,ranging'
client 2023-07-09 20:56:01,576 [INFO] Got response: 'OK'
client 2023-07-09 20:56:01,578 [INFO] Sending command to the server: 'time'
client 2023-07-09 20:56:01,591 [INFO] Got response: '1688932561.5849638'
client 2023-07-09 20:56:01,591 [INFO] The time difference between the client and the server is within range -6.973 ms..6.574 ms
client 2023-07-09 20:56:01,591 [INFO] Running the workload 'CM_MLPERF_RUN_COUNT=$(cat ${CM_RUN_DIR}/count.txt); echo ${CM_MLPERF_RUN_COUNT}; CM_MLPERF_RUN_COUNT=$((CM_MLPERF_RUN_COUNT+1)); echo ${CM_MLPERF_RUN_COUNT} > ${CM_RUN_DIR}/count.txt && if [ ${CM_MLPERF_RUN_COUNT} -eq "1" ]; then export CM_MLPERF_USER_CONF=${CM_MLPERF_RANGING_USER_CONF}; else export CM_MLPERF_USER_CONF=${CM_MLPERF_TESTING_USER_CONF}; fi && /home/arjun/run.out'
client 2023-07-09 21:01:07,522 [INFO] Sending command to the server: 'time'
client 2023-07-09 21:01:07,625 [INFO] Got response: '1688932867.624695'
client 2023-07-09 21:01:07,625 [INFO] The time difference between the client and the server is within range -102.813 ms..1.196 ms
client 2023-07-09 21:01:07,626 [INFO] Sending command to the server: 'session,2023-07-09_19-55-33,stop,ranging'
client 2023-07-09 21:01:18,567 [INFO] Got response: 'OK'
client 2023-07-09 21:01:18,568 [INFO] Sending command to the server: 'time'
client 2023-07-09 21:01:18,571 [INFO] Got response: '1688932878.5709858'
client 2023-07-09 21:01:18,572 [INFO] The time difference between the client and the server is within range -2.842 ms..1.011 ms
client 2023-07-09 21:01:18,591 [INFO] Copying loadgen logs from '/home/arjun/mobilenet_results/valid_results/orin-tflite_cpp-cpu-tflite-vmaster-default_config/mobilenet-v2-precision_uint8-0.75-192/singlestream/performance/run_1' to '/home/arjun/mobilenet_results/valid_results/orin-tflite_cpp-cpu-tflite-vmaster-default_config/mobilenet-v2-precision_uint8-0.75-192/singlestream/performance/tmp_power/ranging'
client 2023-07-09 21:01:18,593 [INFO] Running workload in testing mode
client 2023-07-09 21:01:18,593 [INFO] Synchronizing with the server and with time.google.com...
client 2023-07-09 21:01:18,616 [INFO] NTP:offset = 0.000 s, delay = 0.018 s 
client 2023-07-09 21:01:18,616 [INFO] Sending command to the server: 'time'
client 2023-07-09 21:01:18,619 [INFO] Got response: '1688932878.619176'
client 2023-07-09 21:01:18,619 [INFO] The time difference between the client and the server is within range -2.570 ms..0.086 ms
client 2023-07-09 21:01:18,619 [INFO] Sending command to the server: 'session,2023-07-09_19-55-33,start,testing'
client 2023-07-09 21:01:31,642 [INFO] Got response: 'OK'
client 2023-07-09 21:01:31,642 [INFO] Sending command to the server: 'time'
client 2023-07-09 21:01:31,646 [INFO] Got response: '1688932891.6450367'
client 2023-07-09 21:01:31,646 [INFO] The time difference between the client and the server is within range -2.483 ms..1.381 ms
client 2023-07-09 21:01:31,646 [INFO] Running the workload 'CM_MLPERF_RUN_COUNT=$(cat ${CM_RUN_DIR}/count.txt); echo ${CM_MLPERF_RUN_COUNT}; CM_MLPERF_RUN_COUNT=$((CM_MLPERF_RUN_COUNT+1)); echo ${CM_MLPERF_RUN_COUNT} > ${CM_RUN_DIR}/count.txt && if [ ${CM_MLPERF_RUN_COUNT} -eq "1" ]; then export CM_MLPERF_USER_CONF=${CM_MLPERF_RANGING_USER_CONF}; else export CM_MLPERF_USER_CONF=${CM_MLPERF_TESTING_USER_CONF}; fi && /home/arjun/run.out'
client 2023-07-09 21:11:43,037 [INFO] Sending command to the server: 'time'
client 2023-07-09 21:11:43,226 [INFO] Got response: '1688933503.226259'
client 2023-07-09 21:11:43,227 [INFO] The time difference between the client and the server is within range -188.670 ms..1.030 ms
client 2023-07-09 21:11:43,227 [INFO] Sending command to the server: 'session,2023-07-09_19-55-33,stop,testing'
client 2023-07-09 21:11:53,692 [INFO] Got response: 'OK'
client 2023-07-09 21:11:53,693 [INFO] Sending command to the server: 'time'
client 2023-07-09 21:11:53,695 [INFO] Got response: '1688933513.6954257'
client 2023-07-09 21:11:53,695 [INFO] The time difference between the client and the server is within range -2.120 ms..0.486 ms
client 2023-07-09 21:11:53,700 [INFO] Copying loadgen logs from '/home/arjun/mobilenet_results/valid_results/orin-tflite_cpp-cpu-tflite-vmaster-default_config/mobilenet-v2-precision_uint8-0.75-192/singlestream/performance/run_1' to '/home/arjun/mobilenet_results/valid_results/orin-tflite_cpp-cpu-tflite-vmaster-default_config/mobilenet-v2-precision_uint8-0.75-192/singlestream/performance/tmp_power/run_1'
client 2023-07-09 21:11:53,703 [INFO] Done runs
