client 2023-07-09 11:14:49,825 [INFO] Creating output directory '/home/arjun/mobilenet_results/valid_results/orin-tflite_cpp-cpu-tflite-vmaster-default_config/mobilenet-v1-precision_float-0.75-224/singlestream/performance/tmp_power'
client 2023-07-09 11:14:49,828 [INFO] Sending command to the server: 'mlcommons/power client v3'
client 2023-07-09 11:14:49,832 [INFO] Got response: 'mlcommons/power server v3'
client 2023-07-09 11:14:49,832 [INFO] Synchronizing with the server and with time.google.com...
client 2023-07-09 11:14:49,862 [INFO] NTP:offset = 0.002 s, delay = 0.014 s 
client 2023-07-09 11:14:49,862 [INFO] Sending command to the server: 'time'
client 2023-07-09 11:14:49,865 [INFO] Got response: '1688897689.8667197'
client 2023-07-09 11:14:49,865 [INFO] The time difference between the client and the server is within range -4.311 ms..-1.019 ms
client 2023-07-09 11:14:49,865 [INFO] Sending command to the server: 'new,,d969b696-27c8-4d62-8265-5a420791da09'
client 2023-07-09 11:14:49,869 [INFO] Got response: 'OK 2023-07-09_10-14-49,54787247-545c-43e4-a7dd-eac624e9d6f6'
client 2023-07-09 11:14:49,869 [INFO] Session id is '2023-07-09_10-14-49'
client 2023-07-09 11:14:49,870 [INFO] Sources: {"sources": {"__init__.py": "da39a3ee5e6b4b0d3255bfef95601890afd80709", "client.py": "33ca4f26368777ac06e01f9567b714a4b8063886", "lib/__init__.py": "da39a3ee5e6b4b0d3255bfef95601890afd80709", "lib/client.py": "ac2aa093c8e8bbc9569b9e2a3471bc64e58a2258", "lib/common.py": "611d8b29633d331eb19c9455ea3b5fa3284ed6df", "lib/external/__init__.py": "da39a3ee5e6b4b0d3255bfef95601890afd80709", "lib/external/ntplib.py": "4da8f970656505a40483206ef2b5d3dd5e81711d", "lib/server.py": "c7af63c31bb2fbedea4345f571f6e3507d268ada", "lib/source_hashes.py": "60a2e02193209e8d392803326208d5466342da18", "lib/summary.py": "aa92f0a3f975eecd44d3c0cd0236342ccc9f941d", "lib/time_sync.py": "122eba67a9abc85635223e054def53be1367ade2", "server.py": "c3f90f2f7eeb4db30727556d0c815ebc89b3d28b", "tests/unit/__init__.py": "da39a3ee5e6b4b0d3255bfef95601890afd80709", "tests/unit/test_server.py": "948c1995d4008bc2aa6c4046a34ffa3858d6d671", "tests/unit/test_source_hashes.py": "00468a2907583c593e6574a1f6b404e4651c221a"}, "modules": {"ptd_client_server.lib.client": "lib/client.py", "ptd_client_server.lib.common": "lib/common.py", "ptd_client_server.lib.external.ntplib": "lib/external/ntplib.py", "ptd_client_server.lib.source_hashes": "lib/source_hashes.py", "ptd_client_server.lib.summary": "lib/summary.py", "ptd_client_server.lib.time_sync": "lib/time_sync.py"}}
client 2023-07-09 11:14:49,870 [INFO] Running workload in ranging mode
client 2023-07-09 11:14:49,870 [INFO] Synchronizing with the server and with time.google.com...
client 2023-07-09 11:14:49,885 [INFO] NTP:offset = 0.000 s, delay = 0.013 s 
client 2023-07-09 11:14:49,885 [INFO] Sending command to the server: 'time'
client 2023-07-09 11:14:49,888 [INFO] Got response: '1688897689.8898118'
client 2023-07-09 11:14:49,888 [INFO] The time difference between the client and the server is within range -4.430 ms..-0.946 ms
client 2023-07-09 11:14:49,888 [INFO] Sending command to the server: 'session,2023-07-09_10-14-49,start,ranging'
client 2023-07-09 11:15:18,000 [INFO] Got response: 'OK'
client 2023-07-09 11:15:18,001 [INFO] Sending command to the server: 'time'
client 2023-07-09 11:15:18,005 [INFO] Got response: '1688897718.0058265'
client 2023-07-09 11:15:18,005 [INFO] The time difference between the client and the server is within range -4.208 ms..-0.511 ms
client 2023-07-09 11:15:18,005 [INFO] Running the workload 'CM_MLPERF_RUN_COUNT=$(cat ${CM_RUN_DIR}/count.txt); echo ${CM_MLPERF_RUN_COUNT}; CM_MLPERF_RUN_COUNT=$((CM_MLPERF_RUN_COUNT+1)); echo ${CM_MLPERF_RUN_COUNT} > ${CM_RUN_DIR}/count.txt && if [ ${CM_MLPERF_RUN_COUNT} -eq "1" ]; then export CM_MLPERF_USER_CONF=${CM_MLPERF_RANGING_USER_CONF}; else export CM_MLPERF_USER_CONF=${CM_MLPERF_TESTING_USER_CONF}; fi && /home/arjun/run.out'
client 2023-07-09 11:20:24,039 [INFO] Sending command to the server: 'time'
client 2023-07-09 11:20:24,057 [INFO] Got response: '1688898024.055678'
client 2023-07-09 11:20:24,057 [INFO] The time difference between the client and the server is within range -16.729 ms..1.949 ms
client 2023-07-09 11:20:24,057 [INFO] Sending command to the server: 'session,2023-07-09_10-14-49,stop,ranging'
client 2023-07-09 11:20:35,060 [INFO] Got response: 'OK'
client 2023-07-09 11:20:35,060 [INFO] Sending command to the server: 'time'
client 2023-07-09 11:20:35,063 [INFO] Got response: '1688898035.0635438'
client 2023-07-09 11:20:35,064 [INFO] The time difference between the client and the server is within range -3.041 ms..0.620 ms
client 2023-07-09 11:20:35,085 [INFO] Copying loadgen logs from '/home/arjun/mobilenet_results/valid_results/orin-tflite_cpp-cpu-tflite-vmaster-default_config/mobilenet-v1-precision_float-0.75-224/singlestream/performance/run_1' to '/home/arjun/mobilenet_results/valid_results/orin-tflite_cpp-cpu-tflite-vmaster-default_config/mobilenet-v1-precision_float-0.75-224/singlestream/performance/tmp_power/ranging'
client 2023-07-09 11:20:35,087 [INFO] Running workload in testing mode
client 2023-07-09 11:20:35,088 [INFO] Synchronizing with the server and with time.google.com...
client 2023-07-09 11:20:35,109 [INFO] NTP:offset = 0.000 s, delay = 0.016 s 
client 2023-07-09 11:20:35,109 [INFO] Sending command to the server: 'time'
client 2023-07-09 11:20:35,113 [INFO] Got response: '1688898035.1130133'
client 2023-07-09 11:20:35,113 [INFO] The time difference between the client and the server is within range -3.543 ms..0.507 ms
client 2023-07-09 11:20:35,113 [INFO] Sending command to the server: 'session,2023-07-09_10-14-49,start,testing'
client 2023-07-09 11:20:48,139 [INFO] Got response: 'OK'
client 2023-07-09 11:20:48,140 [INFO] Sending command to the server: 'time'
client 2023-07-09 11:20:48,144 [INFO] Got response: '1688898048.143194'
client 2023-07-09 11:20:48,144 [INFO] The time difference between the client and the server is within range -3.233 ms..1.741 ms
client 2023-07-09 11:20:48,145 [INFO] Running the workload 'CM_MLPERF_RUN_COUNT=$(cat ${CM_RUN_DIR}/count.txt); echo ${CM_MLPERF_RUN_COUNT}; CM_MLPERF_RUN_COUNT=$((CM_MLPERF_RUN_COUNT+1)); echo ${CM_MLPERF_RUN_COUNT} > ${CM_RUN_DIR}/count.txt && if [ ${CM_MLPERF_RUN_COUNT} -eq "1" ]; then export CM_MLPERF_USER_CONF=${CM_MLPERF_RANGING_USER_CONF}; else export CM_MLPERF_USER_CONF=${CM_MLPERF_TESTING_USER_CONF}; fi && /home/arjun/run.out'
client 2023-07-09 11:30:59,642 [INFO] Sending command to the server: 'time'
client 2023-07-09 11:30:59,653 [INFO] Got response: '1688898659.652266'
client 2023-07-09 11:30:59,653 [INFO] The time difference between the client and the server is within range -10.401 ms..1.101 ms
client 2023-07-09 11:30:59,653 [INFO] Sending command to the server: 'session,2023-07-09_10-14-49,stop,testing'
client 2023-07-09 11:31:10,193 [INFO] Got response: 'OK'
client 2023-07-09 11:31:10,193 [INFO] Sending command to the server: 'time'
client 2023-07-09 11:31:10,197 [INFO] Got response: '1688898670.1966891'
client 2023-07-09 11:31:10,197 [INFO] The time difference between the client and the server is within range -3.125 ms..1.124 ms
client 2023-07-09 11:31:10,202 [INFO] Copying loadgen logs from '/home/arjun/mobilenet_results/valid_results/orin-tflite_cpp-cpu-tflite-vmaster-default_config/mobilenet-v1-precision_float-0.75-224/singlestream/performance/run_1' to '/home/arjun/mobilenet_results/valid_results/orin-tflite_cpp-cpu-tflite-vmaster-default_config/mobilenet-v1-precision_float-0.75-224/singlestream/performance/tmp_power/run_1'
client 2023-07-09 11:31:10,204 [INFO] Done runs
