client 2023-08-06 02:22:28,076 [INFO] Creating output directory '/home/arjun/mobilenet_results/valid_results/orin-tflite_cpp-cpu-tflite-vmaster-default_config/mobilenet-v1-precision_uint8-0.25-224/singlestream/performance/tmp_power'
client 2023-08-06 02:22:28,079 [INFO] Sending command to the server: 'mlcommons/power client v3'
client 2023-08-06 02:22:28,083 [INFO] Got response: 'mlcommons/power server v3'
client 2023-08-06 02:22:28,083 [INFO] Synchronizing with the server and with time.google.com...
client 2023-08-06 02:22:28,099 [INFO] NTP:offset = -0.000 s, delay = 0.012 s 
client 2023-08-06 02:22:28,099 [INFO] Sending command to the server: 'time'
client 2023-08-06 02:22:28,105 [INFO] Got response: '1691284947.9309185'
client 2023-08-06 02:22:28,105 [INFO] The time difference between the client and the server is within range 168.391 ms..174.954 ms
client 2023-08-06 02:22:28,105 [INFO] Sending command to the server: 'new,,80530479-9778-47fd-911e-3708aa83cb10'
client 2023-08-06 02:22:28,109 [INFO] Got response: 'OK 2023-08-06_02-22-27,1be41b29-fd06-4cef-a8ed-ceebefbf86b7'
client 2023-08-06 02:22:28,109 [INFO] Session id is '2023-08-06_02-22-27'
client 2023-08-06 02:22:28,110 [INFO] Sources: {"sources": {"__init__.py": "da39a3ee5e6b4b0d3255bfef95601890afd80709", "client.py": "33ca4f26368777ac06e01f9567b714a4b8063886", "lib/__init__.py": "da39a3ee5e6b4b0d3255bfef95601890afd80709", "lib/client.py": "ac2aa093c8e8bbc9569b9e2a3471bc64e58a2258", "lib/common.py": "611d8b29633d331eb19c9455ea3b5fa3284ed6df", "lib/external/__init__.py": "da39a3ee5e6b4b0d3255bfef95601890afd80709", "lib/external/ntplib.py": "4da8f970656505a40483206ef2b5d3dd5e81711d", "lib/server.py": "c7af63c31bb2fbedea4345f571f6e3507d268ada", "lib/source_hashes.py": "60a2e02193209e8d392803326208d5466342da18", "lib/summary.py": "aa92f0a3f975eecd44d3c0cd0236342ccc9f941d", "lib/time_sync.py": "122eba67a9abc85635223e054def53be1367ade2", "server.py": "c3f90f2f7eeb4db30727556d0c815ebc89b3d28b", "tests/unit/__init__.py": "da39a3ee5e6b4b0d3255bfef95601890afd80709", "tests/unit/test_server.py": "948c1995d4008bc2aa6c4046a34ffa3858d6d671", "tests/unit/test_source_hashes.py": "00468a2907583c593e6574a1f6b404e4651c221a"}, "modules": {"ptd_client_server.lib.client": "lib/client.py", "ptd_client_server.lib.common": "lib/common.py", "ptd_client_server.lib.external.ntplib": "lib/external/ntplib.py", "ptd_client_server.lib.source_hashes": "lib/source_hashes.py", "ptd_client_server.lib.summary": "lib/summary.py", "ptd_client_server.lib.time_sync": "lib/time_sync.py"}}
client 2023-08-06 02:22:28,110 [INFO] Running workload in ranging mode
client 2023-08-06 02:22:28,110 [INFO] Synchronizing with the server and with time.google.com...
client 2023-08-06 02:22:28,123 [INFO] NTP:offset = -0.001 s, delay = 0.012 s 
client 2023-08-06 02:22:28,123 [INFO] Sending command to the server: 'time'
client 2023-08-06 02:22:28,126 [INFO] Got response: '1691284947.9512184'
client 2023-08-06 02:22:28,126 [INFO] The time difference between the client and the server is within range 172.239 ms..175.343 ms
client 2023-08-06 02:22:28,126 [INFO] Sending command to the server: 'session,2023-08-06_02-22-27,start,ranging'
client 2023-08-06 02:22:56,831 [INFO] Got response: 'OK'
client 2023-08-06 02:22:56,831 [INFO] Sending command to the server: 'time'
client 2023-08-06 02:22:56,844 [INFO] Got response: '1691284976.6615903'
client 2023-08-06 02:22:56,844 [INFO] The time difference between the client and the server is within range 170.008 ms..183.112 ms
client 2023-08-06 02:22:56,844 [INFO] Running the workload 'CM_MLPERF_RUN_COUNT=$(cat ${CM_RUN_DIR}/count.txt); echo ${CM_MLPERF_RUN_COUNT}; CM_MLPERF_RUN_COUNT=$((CM_MLPERF_RUN_COUNT+1)); echo ${CM_MLPERF_RUN_COUNT} > ${CM_RUN_DIR}/count.txt && if [ ${CM_MLPERF_RUN_COUNT} -eq "1" ]; then export CM_MLPERF_USER_CONF=${CM_MLPERF_RANGING_USER_CONF}; else export CM_MLPERF_USER_CONF=${CM_MLPERF_TESTING_USER_CONF}; fi && /mount/CM/repos/ctuning@mlcommons-ck/cm-mlops/script/run-all-mlperf-models/run.out'
client 2023-08-06 02:27:58,120 [INFO] Sending command to the server: 'time'
client 2023-08-06 02:27:58,126 [INFO] Got response: '1691285277.9478922'
client 2023-08-06 02:27:58,126 [INFO] The time difference between the client and the server is within range 172.258 ms..178.236 ms
client 2023-08-06 02:27:58,126 [INFO] Sending command to the server: 'session,2023-08-06_02-22-27,stop,ranging'
client 2023-08-06 02:28:08,933 [INFO] Got response: 'OK'
client 2023-08-06 02:28:08,933 [INFO] Sending command to the server: 'time'
client 2023-08-06 02:28:08,937 [INFO] Got response: '1691285288.7545464'
client 2023-08-06 02:28:08,937 [INFO] The time difference between the client and the server is within range 178.881 ms..182.903 ms
client 2023-08-06 02:28:08,941 [INFO] Copying loadgen logs from '/home/arjun/mobilenet_results/valid_results/orin-tflite_cpp-cpu-tflite-vmaster-default_config/mobilenet-v1-precision_uint8-0.25-224/singlestream/performance/run_1' to '/home/arjun/mobilenet_results/valid_results/orin-tflite_cpp-cpu-tflite-vmaster-default_config/mobilenet-v1-precision_uint8-0.25-224/singlestream/performance/tmp_power/ranging'
client 2023-08-06 02:28:08,941 [INFO] Running workload in testing mode
client 2023-08-06 02:28:08,941 [INFO] Synchronizing with the server and with time.google.com...
client 2023-08-06 02:28:08,956 [INFO] NTP:offset = -0.001 s, delay = 0.014 s 
client 2023-08-06 02:28:08,956 [INFO] Sending command to the server: 'time'
client 2023-08-06 02:28:09,183 [INFO] Got response: '1691285288.99787'
client 2023-08-06 02:28:09,183 [INFO] The time difference between the client and the server is within range -40.910 ms..185.243 ms
client 2023-08-06 02:28:09,183 [INFO] Sending command to the server: 'session,2023-08-06_02-22-27,start,testing'
client 2023-08-06 02:28:22,225 [INFO] Got response: 'OK'
client 2023-08-06 02:28:22,225 [INFO] Sending command to the server: 'time'
client 2023-08-06 02:28:22,229 [INFO] Got response: '1691285302.0513623'
client 2023-08-06 02:28:22,230 [INFO] The time difference between the client and the server is within range 174.331 ms..178.632 ms
client 2023-08-06 02:28:22,230 [INFO] Running the workload 'CM_MLPERF_RUN_COUNT=$(cat ${CM_RUN_DIR}/count.txt); echo ${CM_MLPERF_RUN_COUNT}; CM_MLPERF_RUN_COUNT=$((CM_MLPERF_RUN_COUNT+1)); echo ${CM_MLPERF_RUN_COUNT} > ${CM_RUN_DIR}/count.txt && if [ ${CM_MLPERF_RUN_COUNT} -eq "1" ]; then export CM_MLPERF_USER_CONF=${CM_MLPERF_RANGING_USER_CONF}; else export CM_MLPERF_USER_CONF=${CM_MLPERF_TESTING_USER_CONF}; fi && /mount/CM/repos/ctuning@mlcommons-ck/cm-mlops/script/run-all-mlperf-models/run.out'
client 2023-08-06 02:38:24,472 [INFO] Sending command to the server: 'time'
client 2023-08-06 02:38:24,483 [INFO] Got response: '1691285904.3000345'
client 2023-08-06 02:38:24,483 [INFO] The time difference between the client and the server is within range 172.509 ms..183.130 ms
client 2023-08-06 02:38:24,483 [INFO] Sending command to the server: 'session,2023-08-06_02-22-27,stop,testing'
client 2023-08-06 02:38:35,724 [INFO] Got response: 'OK'
client 2023-08-06 02:38:35,724 [INFO] Sending command to the server: 'time'
client 2023-08-06 02:38:35,729 [INFO] Got response: '1691285915.545579'
client 2023-08-06 02:38:35,729 [INFO] The time difference between the client and the server is within range 178.737 ms..184.341 ms
client 2023-08-06 02:38:35,730 [INFO] Copying loadgen logs from '/home/arjun/mobilenet_results/valid_results/orin-tflite_cpp-cpu-tflite-vmaster-default_config/mobilenet-v1-precision_uint8-0.25-224/singlestream/performance/run_1' to '/home/arjun/mobilenet_results/valid_results/orin-tflite_cpp-cpu-tflite-vmaster-default_config/mobilenet-v1-precision_uint8-0.25-224/singlestream/performance/tmp_power/run_1'
client 2023-08-06 02:38:35,731 [INFO] Done runs
