client 2023-08-05 19:50:31,880 [INFO] Creating output directory '/home/arjun/mobilenet_results/valid_results/orin-tflite_cpp-cpu-tflite-vmaster-default_config/mobilenet-v1-precision_uint8-1.0-224/singlestream/performance/tmp_power'
client 2023-08-05 19:50:31,883 [INFO] Sending command to the server: 'mlcommons/power client v3'
client 2023-08-05 19:50:31,888 [INFO] Got response: 'mlcommons/power server v3'
client 2023-08-05 19:50:31,888 [INFO] Synchronizing with the server and with time.google.com...
client 2023-08-05 19:50:31,905 [INFO] NTP:offset = 0.001 s, delay = 0.014 s 
client 2023-08-05 19:50:31,905 [INFO] Sending command to the server: 'time'
client 2023-08-05 19:50:31,911 [INFO] Got response: '1691261431.8176165'
client 2023-08-05 19:50:31,911 [INFO] The time difference between the client and the server is within range 88.366 ms..93.699 ms
client 2023-08-05 19:50:31,911 [INFO] Sending command to the server: 'new,,ef45d24a-d58d-46d3-ad3f-3728873e7461'
client 2023-08-05 19:50:31,915 [INFO] Got response: 'OK 2023-08-05_19-50-31,c5130d87-db08-4d57-a555-5d92ccc5f8c0'
client 2023-08-05 19:50:31,915 [INFO] Session id is '2023-08-05_19-50-31'
client 2023-08-05 19:50:31,915 [INFO] Sources: {"sources": {"__init__.py": "da39a3ee5e6b4b0d3255bfef95601890afd80709", "client.py": "33ca4f26368777ac06e01f9567b714a4b8063886", "lib/__init__.py": "da39a3ee5e6b4b0d3255bfef95601890afd80709", "lib/client.py": "ac2aa093c8e8bbc9569b9e2a3471bc64e58a2258", "lib/common.py": "611d8b29633d331eb19c9455ea3b5fa3284ed6df", "lib/external/__init__.py": "da39a3ee5e6b4b0d3255bfef95601890afd80709", "lib/external/ntplib.py": "4da8f970656505a40483206ef2b5d3dd5e81711d", "lib/server.py": "c7af63c31bb2fbedea4345f571f6e3507d268ada", "lib/source_hashes.py": "60a2e02193209e8d392803326208d5466342da18", "lib/summary.py": "aa92f0a3f975eecd44d3c0cd0236342ccc9f941d", "lib/time_sync.py": "122eba67a9abc85635223e054def53be1367ade2", "server.py": "c3f90f2f7eeb4db30727556d0c815ebc89b3d28b", "tests/unit/__init__.py": "da39a3ee5e6b4b0d3255bfef95601890afd80709", "tests/unit/test_server.py": "948c1995d4008bc2aa6c4046a34ffa3858d6d671", "tests/unit/test_source_hashes.py": "00468a2907583c593e6574a1f6b404e4651c221a"}, "modules": {"ptd_client_server.lib.client": "lib/client.py", "ptd_client_server.lib.common": "lib/common.py", "ptd_client_server.lib.external.ntplib": "lib/external/ntplib.py", "ptd_client_server.lib.source_hashes": "lib/source_hashes.py", "ptd_client_server.lib.summary": "lib/summary.py", "ptd_client_server.lib.time_sync": "lib/time_sync.py"}}
client 2023-08-05 19:50:31,915 [INFO] Running workload in ranging mode
client 2023-08-05 19:50:31,915 [INFO] Synchronizing with the server and with time.google.com...
client 2023-08-05 19:50:31,932 [INFO] NTP:offset = 0.001 s, delay = 0.016 s 
client 2023-08-05 19:50:31,932 [INFO] Sending command to the server: 'time'
client 2023-08-05 19:50:31,935 [INFO] Got response: '1691261431.8475845'
client 2023-08-05 19:50:31,935 [INFO] The time difference between the client and the server is within range 84.792 ms..88.216 ms
client 2023-08-05 19:50:31,935 [INFO] Sending command to the server: 'session,2023-08-05_19-50-31,start,ranging'
client 2023-08-05 19:51:00,559 [INFO] Got response: 'OK'
client 2023-08-05 19:51:00,559 [INFO] Sending command to the server: 'time'
client 2023-08-05 19:51:00,561 [INFO] Got response: '1691261460.4716935'
client 2023-08-05 19:51:00,562 [INFO] The time difference between the client and the server is within range 87.685 ms..90.327 ms
client 2023-08-05 19:51:00,562 [INFO] Running the workload 'CM_MLPERF_RUN_COUNT=$(cat ${CM_RUN_DIR}/count.txt); echo ${CM_MLPERF_RUN_COUNT}; CM_MLPERF_RUN_COUNT=$((CM_MLPERF_RUN_COUNT+1)); echo ${CM_MLPERF_RUN_COUNT} > ${CM_RUN_DIR}/count.txt && if [ ${CM_MLPERF_RUN_COUNT} -eq "1" ]; then export CM_MLPERF_USER_CONF=${CM_MLPERF_RANGING_USER_CONF}; else export CM_MLPERF_USER_CONF=${CM_MLPERF_TESTING_USER_CONF}; fi && /mount/CM/repos/ctuning@mlcommons-ck/cm-mlops/script/run-all-mlperf-models/run.out'
client 2023-08-05 19:56:01,829 [INFO] Sending command to the server: 'time'
client 2023-08-05 19:56:01,834 [INFO] Got response: '1691261761.7407222'
client 2023-08-05 19:56:01,834 [INFO] The time difference between the client and the server is within range 88.557 ms..93.437 ms
client 2023-08-05 19:56:01,834 [INFO] Sending command to the server: 'session,2023-08-05_19-50-31,stop,ranging'
client 2023-08-05 19:56:12,962 [INFO] Got response: 'OK'
client 2023-08-05 19:56:12,962 [INFO] Sending command to the server: 'time'
client 2023-08-05 19:56:12,965 [INFO] Got response: '1691261772.8726978'
client 2023-08-05 19:56:12,965 [INFO] The time difference between the client and the server is within range 89.621 ms..92.649 ms
client 2023-08-05 19:56:12,968 [INFO] Copying loadgen logs from '/home/arjun/mobilenet_results/valid_results/orin-tflite_cpp-cpu-tflite-vmaster-default_config/mobilenet-v1-precision_uint8-1.0-224/singlestream/performance/run_1' to '/home/arjun/mobilenet_results/valid_results/orin-tflite_cpp-cpu-tflite-vmaster-default_config/mobilenet-v1-precision_uint8-1.0-224/singlestream/performance/tmp_power/ranging'
client 2023-08-05 19:56:12,969 [INFO] Running workload in testing mode
client 2023-08-05 19:56:12,969 [INFO] Synchronizing with the server and with time.google.com...
client 2023-08-05 19:56:12,981 [INFO] NTP:offset = 0.001 s, delay = 0.011 s 
client 2023-08-05 19:56:12,981 [INFO] Sending command to the server: 'time'
client 2023-08-05 19:56:12,985 [INFO] Got response: '1691261772.8932471'
client 2023-08-05 19:56:12,985 [INFO] The time difference between the client and the server is within range 88.457 ms..92.101 ms
client 2023-08-05 19:56:12,985 [INFO] Sending command to the server: 'session,2023-08-05_19-50-31,start,testing'
client 2023-08-05 19:56:26,036 [INFO] Got response: 'OK'
client 2023-08-05 19:56:26,036 [INFO] Sending command to the server: 'time'
client 2023-08-05 19:56:26,040 [INFO] Got response: '1691261785.9458776'
client 2023-08-05 19:56:26,040 [INFO] The time difference between the client and the server is within range 90.712 ms..94.810 ms
client 2023-08-05 19:56:26,040 [INFO] Running the workload 'CM_MLPERF_RUN_COUNT=$(cat ${CM_RUN_DIR}/count.txt); echo ${CM_MLPERF_RUN_COUNT}; CM_MLPERF_RUN_COUNT=$((CM_MLPERF_RUN_COUNT+1)); echo ${CM_MLPERF_RUN_COUNT} > ${CM_RUN_DIR}/count.txt && if [ ${CM_MLPERF_RUN_COUNT} -eq "1" ]; then export CM_MLPERF_USER_CONF=${CM_MLPERF_RANGING_USER_CONF}; else export CM_MLPERF_USER_CONF=${CM_MLPERF_TESTING_USER_CONF}; fi && /mount/CM/repos/ctuning@mlcommons-ck/cm-mlops/script/run-all-mlperf-models/run.out'
client 2023-08-05 20:06:28,172 [INFO] Sending command to the server: 'time'
client 2023-08-05 20:06:28,179 [INFO] Got response: '1691262388.077868'
client 2023-08-05 20:06:28,179 [INFO] The time difference between the client and the server is within range 94.922 ms..101.373 ms
client 2023-08-05 20:06:28,179 [INFO] Sending command to the server: 'session,2023-08-05_19-50-31,stop,testing'
client 2023-08-05 20:06:39,129 [INFO] Got response: 'OK'
client 2023-08-05 20:06:39,129 [INFO] Sending command to the server: 'time'
client 2023-08-05 20:06:39,132 [INFO] Got response: '1691262399.0329673'
client 2023-08-05 20:06:39,132 [INFO] The time difference between the client and the server is within range 96.519 ms..99.339 ms
client 2023-08-05 20:06:39,133 [INFO] Copying loadgen logs from '/home/arjun/mobilenet_results/valid_results/orin-tflite_cpp-cpu-tflite-vmaster-default_config/mobilenet-v1-precision_uint8-1.0-224/singlestream/performance/run_1' to '/home/arjun/mobilenet_results/valid_results/orin-tflite_cpp-cpu-tflite-vmaster-default_config/mobilenet-v1-precision_uint8-1.0-224/singlestream/performance/tmp_power/run_1'
client 2023-08-05 20:06:39,133 [INFO] Done runs
