client 2023-07-15 14:22:27,922 [INFO] Creating output directory '/home/arjun/mobilenet_results/valid_results/raspberrypi-tflite_armnn_cpp-cpu-armnn_tflite-v23.05-using_neon/mobilenet-v1-precision_uint8-0.75-192/singlestream/performance/tmp_power'
client 2023-07-15 14:22:28,086 [INFO] Sending command to the server: 'mlcommons/power client v3'
client 2023-07-15 14:22:28,090 [INFO] Got response: 'mlcommons/power server v3'
client 2023-07-15 14:22:28,090 [INFO] Synchronizing with the server and with time.google.com...
client 2023-07-15 14:22:28,138 [INFO] NTP:offset = -0.097 s, delay = 0.014 s 
client 2023-07-15 14:22:28,139 [INFO] Sending command to the server: 'time'
client 2023-07-15 14:22:28,144 [INFO] Got response: '1689427348.0343995'
client 2023-07-15 14:22:28,145 [INFO] The time difference between the client and the server is within range 104.852 ms..110.682 ms
client 2023-07-15 14:22:28,146 [INFO] Sending command to the server: 'new,,6d5bdbd1-0c86-456c-b101-76f7ae45133d'
client 2023-07-15 14:22:28,152 [INFO] Got response: 'OK 2023-07-15_14-22-28,4b557249-7a9f-4484-878c-e572d7681ef8'
client 2023-07-15 14:22:28,153 [INFO] Session id is '2023-07-15_14-22-28'
client 2023-07-15 14:22:28,154 [INFO] Sources: {"sources": {"__init__.py": "da39a3ee5e6b4b0d3255bfef95601890afd80709", "client.py": "33ca4f26368777ac06e01f9567b714a4b8063886", "lib/__init__.py": "da39a3ee5e6b4b0d3255bfef95601890afd80709", "lib/client.py": "ac2aa093c8e8bbc9569b9e2a3471bc64e58a2258", "lib/common.py": "611d8b29633d331eb19c9455ea3b5fa3284ed6df", "lib/external/__init__.py": "da39a3ee5e6b4b0d3255bfef95601890afd80709", "lib/external/ntplib.py": "4da8f970656505a40483206ef2b5d3dd5e81711d", "lib/server.py": "c7af63c31bb2fbedea4345f571f6e3507d268ada", "lib/source_hashes.py": "60a2e02193209e8d392803326208d5466342da18", "lib/summary.py": "aa92f0a3f975eecd44d3c0cd0236342ccc9f941d", "lib/time_sync.py": "122eba67a9abc85635223e054def53be1367ade2", "server.py": "c3f90f2f7eeb4db30727556d0c815ebc89b3d28b", "tests/unit/__init__.py": "da39a3ee5e6b4b0d3255bfef95601890afd80709", "tests/unit/test_server.py": "948c1995d4008bc2aa6c4046a34ffa3858d6d671", "tests/unit/test_source_hashes.py": "00468a2907583c593e6574a1f6b404e4651c221a"}, "modules": {"ptd_client_server.lib.client": "lib/client.py", "ptd_client_server.lib.common": "lib/common.py", "ptd_client_server.lib.external.ntplib": "lib/external/ntplib.py", "ptd_client_server.lib.source_hashes": "lib/source_hashes.py", "ptd_client_server.lib.summary": "lib/summary.py", "ptd_client_server.lib.time_sync": "lib/time_sync.py"}}
client 2023-07-15 14:22:28,156 [INFO] Running workload in ranging mode
client 2023-07-15 14:22:28,156 [INFO] Synchronizing with the server and with time.google.com...
client 2023-07-15 14:22:28,193 [INFO] NTP:offset = -0.097 s, delay = 0.016 s 
client 2023-07-15 14:22:28,194 [INFO] Sending command to the server: 'time'
client 2023-07-15 14:22:28,198 [INFO] Got response: '1689427348.0871987'
client 2023-07-15 14:22:28,199 [INFO] The time difference between the client and the server is within range 107.269 ms..112.450 ms
client 2023-07-15 14:22:28,200 [INFO] Sending command to the server: 'session,2023-07-15_14-22-28,start,ranging'
client 2023-07-15 14:22:56,864 [INFO] Got response: 'OK'
client 2023-07-15 14:22:56,865 [INFO] Sending command to the server: 'time'
client 2023-07-15 14:22:56,871 [INFO] Got response: '1689427376.757005'
client 2023-07-15 14:22:56,872 [INFO] The time difference between the client and the server is within range 108.697 ms..115.190 ms
client 2023-07-15 14:22:56,872 [INFO] Running the workload 'CM_MLPERF_RUN_COUNT=$(cat ${CM_RUN_DIR}/count.txt); echo ${CM_MLPERF_RUN_COUNT}; CM_MLPERF_RUN_COUNT=$((CM_MLPERF_RUN_COUNT+1)); echo ${CM_MLPERF_RUN_COUNT} > ${CM_RUN_DIR}/count.txt && if [ ${CM_MLPERF_RUN_COUNT} -eq "1" ]; then export CM_MLPERF_USER_CONF=${CM_MLPERF_RANGING_USER_CONF}; else export CM_MLPERF_USER_CONF=${CM_MLPERF_TESTING_USER_CONF}; fi && /home/arjun/run.out'
client 2023-07-15 14:28:06,971 [INFO] Sending command to the server: 'time'
client 2023-07-15 14:28:06,976 [INFO] Got response: '1689427686.868013'
client 2023-07-15 14:28:06,977 [INFO] The time difference between the client and the server is within range 103.733 ms..109.212 ms
client 2023-07-15 14:28:06,977 [INFO] Sending command to the server: 'session,2023-07-15_14-22-28,stop,ranging'
client 2023-07-15 14:28:18,357 [INFO] Got response: 'OK'
client 2023-07-15 14:28:18,358 [INFO] Sending command to the server: 'time'
client 2023-07-15 14:28:18,361 [INFO] Got response: '1689427698.2532766'
client 2023-07-15 14:28:18,361 [INFO] The time difference between the client and the server is within range 105.002 ms..108.491 ms
client 2023-07-15 14:28:18,395 [INFO] Copying loadgen logs from '/home/arjun/mobilenet_results/valid_results/raspberrypi-tflite_armnn_cpp-cpu-armnn_tflite-v23.05-using_neon/mobilenet-v1-precision_uint8-0.75-192/singlestream/performance/run_1' to '/home/arjun/mobilenet_results/valid_results/raspberrypi-tflite_armnn_cpp-cpu-armnn_tflite-v23.05-using_neon/mobilenet-v1-precision_uint8-0.75-192/singlestream/performance/tmp_power/ranging'
client 2023-07-15 14:28:18,399 [INFO] Running workload in testing mode
client 2023-07-15 14:28:18,399 [INFO] Synchronizing with the server and with time.google.com...
client 2023-07-15 14:28:18,437 [INFO] NTP:offset = -0.088 s, delay = 0.017 s 
client 2023-07-15 14:28:18,438 [INFO] Sending command to the server: 'time'
client 2023-07-15 14:28:18,442 [INFO] Got response: '1689427698.3351321'
client 2023-07-15 14:28:18,443 [INFO] The time difference between the client and the server is within range 102.975 ms..107.996 ms
client 2023-07-15 14:28:18,443 [INFO] Sending command to the server: 'session,2023-07-15_14-22-28,start,testing'
client 2023-07-15 14:28:31,489 [INFO] Got response: 'OK'
client 2023-07-15 14:28:31,489 [INFO] Sending command to the server: 'time'
client 2023-07-15 14:28:31,495 [INFO] Got response: '1689427711.3877394'
client 2023-07-15 14:28:31,496 [INFO] The time difference between the client and the server is within range 102.018 ms..108.348 ms
client 2023-07-15 14:28:31,496 [INFO] Running the workload 'CM_MLPERF_RUN_COUNT=$(cat ${CM_RUN_DIR}/count.txt); echo ${CM_MLPERF_RUN_COUNT}; CM_MLPERF_RUN_COUNT=$((CM_MLPERF_RUN_COUNT+1)); echo ${CM_MLPERF_RUN_COUNT} > ${CM_RUN_DIR}/count.txt && if [ ${CM_MLPERF_RUN_COUNT} -eq "1" ]; then export CM_MLPERF_USER_CONF=${CM_MLPERF_RANGING_USER_CONF}; else export CM_MLPERF_USER_CONF=${CM_MLPERF_TESTING_USER_CONF}; fi && /home/arjun/run.out'
client 2023-07-15 14:38:43,994 [INFO] Sending command to the server: 'time'
client 2023-07-15 14:38:44,097 [INFO] Got response: '1689428323.984457'
client 2023-07-15 14:38:44,097 [INFO] The time difference between the client and the server is within range 9.603 ms..113.387 ms
client 2023-07-15 14:38:44,098 [INFO] Sending command to the server: 'session,2023-07-15_14-22-28,stop,testing'
client 2023-07-15 14:38:54,619 [INFO] Got response: 'OK'
client 2023-07-15 14:38:54,620 [INFO] Sending command to the server: 'time'
client 2023-07-15 14:38:54,623 [INFO] Got response: '1689428334.5182617'
client 2023-07-15 14:38:54,623 [INFO] The time difference between the client and the server is within range 101.801 ms..105.464 ms
client 2023-07-15 14:38:54,629 [INFO] Copying loadgen logs from '/home/arjun/mobilenet_results/valid_results/raspberrypi-tflite_armnn_cpp-cpu-armnn_tflite-v23.05-using_neon/mobilenet-v1-precision_uint8-0.75-192/singlestream/performance/run_1' to '/home/arjun/mobilenet_results/valid_results/raspberrypi-tflite_armnn_cpp-cpu-armnn_tflite-v23.05-using_neon/mobilenet-v1-precision_uint8-0.75-192/singlestream/performance/tmp_power/run_1'
client 2023-07-15 14:38:54,632 [INFO] Done runs
