client 2023-07-12 19:50:18,260 [INFO] Creating output directory '/home/arjun/mobilenet_results/valid_results/orin-tflite_armnn_cpp-cpu-armnn_tflite-v23.05-using_neon/mobilenet-v1-precision_uint8-0.75-192/singlestream/performance/tmp_power'
client 2023-07-12 19:50:18,572 [INFO] Sending command to the server: 'mlcommons/power client v3'
client 2023-07-12 19:50:18,576 [INFO] Got response: 'mlcommons/power server v3'
client 2023-07-12 19:50:18,576 [INFO] Synchronizing with the server and with time.google.com...
client 2023-07-12 19:50:18,605 [INFO] NTP:offset = -0.006 s, delay = 0.016 s 
client 2023-07-12 19:50:18,605 [INFO] Sending command to the server: 'time'
client 2023-07-12 19:50:18,608 [INFO] Got response: '1689187818.5834358'
client 2023-07-12 19:50:18,608 [INFO] The time difference between the client and the server is within range 22.320 ms..25.185 ms
client 2023-07-12 19:50:18,609 [INFO] Sending command to the server: 'new,,c74e385e-841f-40e1-b5a2-3794a2e8b6c8'
client 2023-07-12 19:50:18,616 [INFO] Got response: 'OK 2023-07-12_19-50-18,95f07b1a-5321-439c-af6a-9b1fb4a70b7b'
client 2023-07-12 19:50:18,616 [INFO] Session id is '2023-07-12_19-50-18'
client 2023-07-12 19:50:18,617 [INFO] Sources: {"sources": {"__init__.py": "da39a3ee5e6b4b0d3255bfef95601890afd80709", "client.py": "33ca4f26368777ac06e01f9567b714a4b8063886", "lib/__init__.py": "da39a3ee5e6b4b0d3255bfef95601890afd80709", "lib/client.py": "ac2aa093c8e8bbc9569b9e2a3471bc64e58a2258", "lib/common.py": "611d8b29633d331eb19c9455ea3b5fa3284ed6df", "lib/external/__init__.py": "da39a3ee5e6b4b0d3255bfef95601890afd80709", "lib/external/ntplib.py": "4da8f970656505a40483206ef2b5d3dd5e81711d", "lib/server.py": "c7af63c31bb2fbedea4345f571f6e3507d268ada", "lib/source_hashes.py": "60a2e02193209e8d392803326208d5466342da18", "lib/summary.py": "aa92f0a3f975eecd44d3c0cd0236342ccc9f941d", "lib/time_sync.py": "122eba67a9abc85635223e054def53be1367ade2", "server.py": "c3f90f2f7eeb4db30727556d0c815ebc89b3d28b", "tests/unit/__init__.py": "da39a3ee5e6b4b0d3255bfef95601890afd80709", "tests/unit/test_server.py": "948c1995d4008bc2aa6c4046a34ffa3858d6d671", "tests/unit/test_source_hashes.py": "00468a2907583c593e6574a1f6b404e4651c221a"}, "modules": {"ptd_client_server.lib.client": "lib/client.py", "ptd_client_server.lib.common": "lib/common.py", "ptd_client_server.lib.external.ntplib": "lib/external/ntplib.py", "ptd_client_server.lib.source_hashes": "lib/source_hashes.py", "ptd_client_server.lib.summary": "lib/summary.py", "ptd_client_server.lib.time_sync": "lib/time_sync.py"}}
client 2023-07-12 19:50:18,618 [INFO] Running workload in ranging mode
client 2023-07-12 19:50:18,619 [INFO] Synchronizing with the server and with time.google.com...
client 2023-07-12 19:50:18,633 [INFO] NTP:offset = -0.006 s, delay = 0.012 s 
client 2023-07-12 19:50:18,633 [INFO] Sending command to the server: 'time'
client 2023-07-12 19:50:18,637 [INFO] Got response: '1689187818.6135018'
client 2023-07-12 19:50:18,638 [INFO] The time difference between the client and the server is within range 20.463 ms..24.613 ms
client 2023-07-12 19:50:18,638 [INFO] Sending command to the server: 'session,2023-07-12_19-50-18,start,ranging'
client 2023-07-12 19:50:47,349 [INFO] Got response: 'OK'
client 2023-07-12 19:50:47,351 [INFO] Sending command to the server: 'time'
client 2023-07-12 19:50:47,355 [INFO] Got response: '1689187847.3338735'
client 2023-07-12 19:50:47,356 [INFO] The time difference between the client and the server is within range 17.215 ms..22.040 ms
client 2023-07-12 19:50:47,356 [INFO] Running the workload 'CM_MLPERF_RUN_COUNT=$(cat ${CM_RUN_DIR}/count.txt); echo ${CM_MLPERF_RUN_COUNT}; CM_MLPERF_RUN_COUNT=$((CM_MLPERF_RUN_COUNT+1)); echo ${CM_MLPERF_RUN_COUNT} > ${CM_RUN_DIR}/count.txt && if [ ${CM_MLPERF_RUN_COUNT} -eq "1" ]; then export CM_MLPERF_USER_CONF=${CM_MLPERF_RANGING_USER_CONF}; else export CM_MLPERF_USER_CONF=${CM_MLPERF_TESTING_USER_CONF}; fi && /home/arjun/run.out'
client 2023-07-12 19:55:49,152 [INFO] Sending command to the server: 'time'
client 2023-07-12 19:55:49,156 [INFO] Got response: '1689188149.1253686'
client 2023-07-12 19:55:49,157 [INFO] The time difference between the client and the server is within range 27.307 ms..31.629 ms
client 2023-07-12 19:55:49,157 [INFO] Sending command to the server: 'session,2023-07-12_19-50-18,stop,ranging'
client 2023-07-12 19:55:59,430 [INFO] Got response: 'OK'
client 2023-07-12 19:55:59,432 [INFO] Sending command to the server: 'time'
client 2023-07-12 19:55:59,435 [INFO] Got response: '1689188159.4098737'
client 2023-07-12 19:55:59,436 [INFO] The time difference between the client and the server is within range 22.117 ms..26.092 ms
client 2023-07-12 19:55:59,477 [INFO] Copying loadgen logs from '/home/arjun/mobilenet_results/valid_results/orin-tflite_armnn_cpp-cpu-armnn_tflite-v23.05-using_neon/mobilenet-v1-precision_uint8-0.75-192/singlestream/performance/run_1' to '/home/arjun/mobilenet_results/valid_results/orin-tflite_armnn_cpp-cpu-armnn_tflite-v23.05-using_neon/mobilenet-v1-precision_uint8-0.75-192/singlestream/performance/tmp_power/ranging'
client 2023-07-12 19:55:59,480 [INFO] Running workload in testing mode
client 2023-07-12 19:55:59,480 [INFO] Synchronizing with the server and with time.google.com...
client 2023-07-12 19:55:59,500 [INFO] NTP:offset = -0.007 s, delay = 0.015 s 
client 2023-07-12 19:55:59,500 [INFO] Sending command to the server: 'time'
client 2023-07-12 19:55:59,504 [INFO] Got response: '1689188159.472438'
client 2023-07-12 19:55:59,504 [INFO] The time difference between the client and the server is within range 28.475 ms..32.049 ms
client 2023-07-12 19:55:59,504 [INFO] Sending command to the server: 'session,2023-07-12_19-50-18,start,testing'
client 2023-07-12 19:56:12,550 [INFO] Got response: 'OK'
client 2023-07-12 19:56:12,551 [INFO] Sending command to the server: 'time'
client 2023-07-12 19:56:12,556 [INFO] Got response: '1689188172.5255718'
client 2023-07-12 19:56:12,556 [INFO] The time difference between the client and the server is within range 25.948 ms..31.281 ms
client 2023-07-12 19:56:12,557 [INFO] Running the workload 'CM_MLPERF_RUN_COUNT=$(cat ${CM_RUN_DIR}/count.txt); echo ${CM_MLPERF_RUN_COUNT}; CM_MLPERF_RUN_COUNT=$((CM_MLPERF_RUN_COUNT+1)); echo ${CM_MLPERF_RUN_COUNT} > ${CM_RUN_DIR}/count.txt && if [ ${CM_MLPERF_RUN_COUNT} -eq "1" ]; then export CM_MLPERF_USER_CONF=${CM_MLPERF_RANGING_USER_CONF}; else export CM_MLPERF_USER_CONF=${CM_MLPERF_TESTING_USER_CONF}; fi && /home/arjun/run.out'
client 2023-07-12 20:06:15,674 [INFO] Sending command to the server: 'time'
client 2023-07-12 20:06:15,678 [INFO] Got response: '1689188775.6463084'
client 2023-07-12 20:06:15,678 [INFO] The time difference between the client and the server is within range 28.118 ms..32.032 ms
client 2023-07-12 20:06:15,678 [INFO] Sending command to the server: 'session,2023-07-12_19-50-18,stop,testing'
client 2023-07-12 20:06:26,936 [INFO] Got response: 'OK'
client 2023-07-12 20:06:26,936 [INFO] Sending command to the server: 'time'
client 2023-07-12 20:06:26,941 [INFO] Got response: '1689188786.9046092'
client 2023-07-12 20:06:26,941 [INFO] The time difference between the client and the server is within range 32.342 ms..37.126 ms
client 2023-07-12 20:06:26,946 [INFO] Copying loadgen logs from '/home/arjun/mobilenet_results/valid_results/orin-tflite_armnn_cpp-cpu-armnn_tflite-v23.05-using_neon/mobilenet-v1-precision_uint8-0.75-192/singlestream/performance/run_1' to '/home/arjun/mobilenet_results/valid_results/orin-tflite_armnn_cpp-cpu-armnn_tflite-v23.05-using_neon/mobilenet-v1-precision_uint8-0.75-192/singlestream/performance/tmp_power/run_1'
client 2023-07-12 20:06:26,948 [INFO] Done runs
