client 2023-07-16 07:44:39,661 [INFO] Creating output directory '/home/arjun/mobilenet_results/valid_results/raspberrypi-tflite_armnn_cpp-cpu-armnn_tflite-v23.05-using_neon/mobilenet-v3-precision_float-small-224/singlestream/performance/tmp_power'
client 2023-07-16 07:44:39,669 [INFO] Sending command to the server: 'mlcommons/power client v3'
client 2023-07-16 07:44:39,672 [INFO] Got response: 'mlcommons/power server v3'
client 2023-07-16 07:44:39,672 [INFO] Synchronizing with the server and with time.google.com...
client 2023-07-16 07:44:39,791 [INFO] NTP:offset = -0.043 s, delay = 0.099 s 
client 2023-07-16 07:44:39,791 [INFO] Sending command to the server: 'time'
client 2023-07-16 07:44:39,795 [INFO] Got response: '1689489879.7433753'
client 2023-07-16 07:44:39,795 [INFO] The time difference between the client and the server is within range 48.244 ms..52.535 ms
client 2023-07-16 07:44:39,796 [INFO] Sending command to the server: 'new,,9581115e-740f-4de5-9dd5-6d45e7d6adcb'
client 2023-07-16 07:44:39,801 [INFO] Got response: 'OK 2023-07-16_07-44-39,2b45f73c-12a1-4816-96f3-72516b463796'
client 2023-07-16 07:44:39,801 [INFO] Session id is '2023-07-16_07-44-39'
client 2023-07-16 07:44:39,801 [INFO] Sources: {"sources": {"__init__.py": "da39a3ee5e6b4b0d3255bfef95601890afd80709", "client.py": "33ca4f26368777ac06e01f9567b714a4b8063886", "lib/__init__.py": "da39a3ee5e6b4b0d3255bfef95601890afd80709", "lib/client.py": "ac2aa093c8e8bbc9569b9e2a3471bc64e58a2258", "lib/common.py": "611d8b29633d331eb19c9455ea3b5fa3284ed6df", "lib/external/__init__.py": "da39a3ee5e6b4b0d3255bfef95601890afd80709", "lib/external/ntplib.py": "4da8f970656505a40483206ef2b5d3dd5e81711d", "lib/server.py": "c7af63c31bb2fbedea4345f571f6e3507d268ada", "lib/source_hashes.py": "60a2e02193209e8d392803326208d5466342da18", "lib/summary.py": "aa92f0a3f975eecd44d3c0cd0236342ccc9f941d", "lib/time_sync.py": "122eba67a9abc85635223e054def53be1367ade2", "server.py": "c3f90f2f7eeb4db30727556d0c815ebc89b3d28b", "tests/unit/__init__.py": "da39a3ee5e6b4b0d3255bfef95601890afd80709", "tests/unit/test_server.py": "948c1995d4008bc2aa6c4046a34ffa3858d6d671", "tests/unit/test_source_hashes.py": "00468a2907583c593e6574a1f6b404e4651c221a"}, "modules": {"ptd_client_server.lib.client": "lib/client.py", "ptd_client_server.lib.common": "lib/common.py", "ptd_client_server.lib.external.ntplib": "lib/external/ntplib.py", "ptd_client_server.lib.source_hashes": "lib/source_hashes.py", "ptd_client_server.lib.summary": "lib/summary.py", "ptd_client_server.lib.time_sync": "lib/time_sync.py"}}
client 2023-07-16 07:44:39,802 [INFO] Running workload in ranging mode
client 2023-07-16 07:44:39,802 [INFO] Synchronizing with the server and with time.google.com...
client 2023-07-16 07:44:39,830 [INFO] NTP:offset = -0.001 s, delay = 0.013 s 
client 2023-07-16 07:44:39,830 [INFO] Sending command to the server: 'time'
client 2023-07-16 07:44:39,833 [INFO] Got response: '1689489879.783502'
client 2023-07-16 07:44:39,833 [INFO] The time difference between the client and the server is within range 46.980 ms..49.772 ms
client 2023-07-16 07:44:39,833 [INFO] Sending command to the server: 'session,2023-07-16_07-44-39,start,ranging'
client 2023-07-16 07:45:08,549 [INFO] Got response: 'OK'
client 2023-07-16 07:45:08,549 [INFO] Sending command to the server: 'time'
client 2023-07-16 07:45:08,554 [INFO] Got response: '1689489908.5086896'
client 2023-07-16 07:45:08,554 [INFO] The time difference between the client and the server is within range 40.956 ms..45.844 ms
client 2023-07-16 07:45:08,554 [INFO] Running the workload 'CM_MLPERF_RUN_COUNT=$(cat ${CM_RUN_DIR}/count.txt); echo ${CM_MLPERF_RUN_COUNT}; CM_MLPERF_RUN_COUNT=$((CM_MLPERF_RUN_COUNT+1)); echo ${CM_MLPERF_RUN_COUNT} > ${CM_RUN_DIR}/count.txt && if [ ${CM_MLPERF_RUN_COUNT} -eq "1" ]; then export CM_MLPERF_USER_CONF=${CM_MLPERF_RANGING_USER_CONF}; else export CM_MLPERF_USER_CONF=${CM_MLPERF_TESTING_USER_CONF}; fi && /home/arjun/run.out'
client 2023-07-16 07:50:15,827 [INFO] Sending command to the server: 'time'
client 2023-07-16 07:50:15,833 [INFO] Got response: '1689490215.7752137'
client 2023-07-16 07:50:15,833 [INFO] The time difference between the client and the server is within range 52.044 ms..58.025 ms
client 2023-07-16 07:50:15,833 [INFO] Sending command to the server: 'session,2023-07-16_07-44-39,stop,ranging'
client 2023-07-16 07:50:27,026 [INFO] Got response: 'OK'
client 2023-07-16 07:50:27,026 [INFO] Sending command to the server: 'time'
client 2023-07-16 07:50:27,030 [INFO] Got response: '1689490226.976877'
client 2023-07-16 07:50:27,030 [INFO] The time difference between the client and the server is within range 49.757 ms..53.632 ms
client 2023-07-16 07:50:27,064 [INFO] Copying loadgen logs from '/home/arjun/mobilenet_results/valid_results/raspberrypi-tflite_armnn_cpp-cpu-armnn_tflite-v23.05-using_neon/mobilenet-v3-precision_float-small-224/singlestream/performance/run_1' to '/home/arjun/mobilenet_results/valid_results/raspberrypi-tflite_armnn_cpp-cpu-armnn_tflite-v23.05-using_neon/mobilenet-v3-precision_float-small-224/singlestream/performance/tmp_power/ranging'
client 2023-07-16 07:50:27,067 [INFO] Running workload in testing mode
client 2023-07-16 07:50:27,068 [INFO] Synchronizing with the server and with time.google.com...
client 2023-07-16 07:50:27,108 [INFO] NTP:offset = 0.001 s, delay = 0.021 s 
client 2023-07-16 07:50:27,108 [INFO] Sending command to the server: 'time'
client 2023-07-16 07:50:27,113 [INFO] Got response: '1689490227.0574772'
client 2023-07-16 07:50:27,113 [INFO] The time difference between the client and the server is within range 51.404 ms..56.403 ms
client 2023-07-16 07:50:27,114 [INFO] Sending command to the server: 'session,2023-07-16_07-44-39,start,testing'
client 2023-07-16 07:50:40,170 [INFO] Got response: 'OK'
client 2023-07-16 07:50:40,171 [INFO] Sending command to the server: 'time'
client 2023-07-16 07:50:40,175 [INFO] Got response: '1689490240.124478'
client 2023-07-16 07:50:40,175 [INFO] The time difference between the client and the server is within range 46.826 ms..51.442 ms
client 2023-07-16 07:50:40,176 [INFO] Running the workload 'CM_MLPERF_RUN_COUNT=$(cat ${CM_RUN_DIR}/count.txt); echo ${CM_MLPERF_RUN_COUNT}; CM_MLPERF_RUN_COUNT=$((CM_MLPERF_RUN_COUNT+1)); echo ${CM_MLPERF_RUN_COUNT} > ${CM_RUN_DIR}/count.txt && if [ ${CM_MLPERF_RUN_COUNT} -eq "1" ]; then export CM_MLPERF_USER_CONF=${CM_MLPERF_RANGING_USER_CONF}; else export CM_MLPERF_USER_CONF=${CM_MLPERF_TESTING_USER_CONF}; fi && /home/arjun/run.out'
client 2023-07-16 08:00:53,047 [INFO] Sending command to the server: 'time'
client 2023-07-16 08:00:53,052 [INFO] Got response: '1689490852.992023'
client 2023-07-16 08:00:53,052 [INFO] The time difference between the client and the server is within range 54.820 ms..60.159 ms
client 2023-07-16 08:00:53,052 [INFO] Sending command to the server: 'session,2023-07-16_07-44-39,stop,testing'
client 2023-07-16 08:01:04,253 [INFO] Got response: 'OK'
client 2023-07-16 08:01:04,253 [INFO] Sending command to the server: 'time'
client 2023-07-16 08:01:04,257 [INFO] Got response: '1689490864.1953125'
client 2023-07-16 08:01:04,257 [INFO] The time difference between the client and the server is within range 58.312 ms..62.062 ms
client 2023-07-16 08:01:04,262 [INFO] Copying loadgen logs from '/home/arjun/mobilenet_results/valid_results/raspberrypi-tflite_armnn_cpp-cpu-armnn_tflite-v23.05-using_neon/mobilenet-v3-precision_float-small-224/singlestream/performance/run_1' to '/home/arjun/mobilenet_results/valid_results/raspberrypi-tflite_armnn_cpp-cpu-armnn_tflite-v23.05-using_neon/mobilenet-v3-precision_float-small-224/singlestream/performance/tmp_power/run_1'
client 2023-07-16 08:01:04,266 [INFO] Done runs
