client 2023-08-12 10:03:11,345 [INFO] Creating output directory '/home/krai/work_collection/generated_by_power_measurement_on_run_f4bba2899b194e67889ba8901373bfef/power_logs'
client 2023-08-12 10:03:11,347 [INFO] Sending command to the server: 'mlcommons/power client v3'
client 2023-08-12 10:03:11,348 [INFO] Got response: 'mlcommons/power server v3'
client 2023-08-12 10:03:11,348 [INFO] Synchronizing with the server and with time.google.com...
client 2023-08-12 10:03:11,473 [INFO] NTP:offset = 0.007 s, delay = 0.119 s 
client 2023-08-12 10:03:11,473 [INFO] Sending command to the server: 'time'
client 2023-08-12 10:03:11,475 [INFO] Got response: '1691852591.4863079'
client 2023-08-12 10:03:11,475 [INFO] The time difference between the client and the server is within range -12.613 ms..-10.922 ms
client 2023-08-12 10:03:11,475 [INFO] Sending command to the server: 'new,,60d5b0f1-1af8-4f2c-96f8-e7efbf720c38'
client 2023-08-12 10:03:11,477 [INFO] Got response: 'OK 2023-08-12_10-03-11,ceb784b1-3e93-4a6b-9d84-a268c58b0e7b'
client 2023-08-12 10:03:11,477 [INFO] Session id is '2023-08-12_10-03-11'
client 2023-08-12 10:03:11,477 [INFO] Sources: {"sources": {"__init__.py": "da39a3ee5e6b4b0d3255bfef95601890afd80709", "client.py": "33ca4f26368777ac06e01f9567b714a4b8063886", "lib/__init__.py": "da39a3ee5e6b4b0d3255bfef95601890afd80709", "lib/client.py": "ac2aa093c8e8bbc9569b9e2a3471bc64e58a2258", "lib/common.py": "611d8b29633d331eb19c9455ea3b5fa3284ed6df", "lib/external/__init__.py": "da39a3ee5e6b4b0d3255bfef95601890afd80709", "lib/external/ntplib.py": "4da8f970656505a40483206ef2b5d3dd5e81711d", "lib/server.py": "c7af63c31bb2fbedea4345f571f6e3507d268ada", "lib/source_hashes.py": "60a2e02193209e8d392803326208d5466342da18", "lib/summary.py": "aa92f0a3f975eecd44d3c0cd0236342ccc9f941d", "lib/time_sync.py": "80894ef2389e540781ff78de94db16aa4203a14e", "server.py": "c3f90f2f7eeb4db30727556d0c815ebc89b3d28b", "tests/unit/__init__.py": "da39a3ee5e6b4b0d3255bfef95601890afd80709", "tests/unit/test_server.py": "948c1995d4008bc2aa6c4046a34ffa3858d6d671", "tests/unit/test_source_hashes.py": "00468a2907583c593e6574a1f6b404e4651c221a"}, "modules": {"ptd_client_server.lib.client": "lib/client.py", "ptd_client_server.lib.common": "lib/common.py", "ptd_client_server.lib.external.ntplib": "lib/external/ntplib.py", "ptd_client_server.lib.source_hashes": "lib/source_hashes.py", "ptd_client_server.lib.summary": "lib/summary.py", "ptd_client_server.lib.time_sync": "lib/time_sync.py"}}
client 2023-08-12 10:03:11,478 [INFO] Running workload in ranging mode
client 2023-08-12 10:03:11,478 [INFO] Synchronizing with the server and with time.google.com...
client 2023-08-12 10:03:11,597 [INFO] NTP:offset = 0.005 s, delay = 0.117 s 
client 2023-08-12 10:03:11,597 [INFO] Sending command to the server: 'time'
client 2023-08-12 10:03:11,598 [INFO] Got response: '1691852591.609916'
client 2023-08-12 10:03:11,599 [INFO] The time difference between the client and the server is within range -12.686 ms..-10.901 ms
client 2023-08-12 10:03:11,599 [INFO] Sending command to the server: 'session,2023-08-12_10-03-11,start,ranging'
client 2023-08-12 10:03:40,660 [INFO] Got response: 'OK'
client 2023-08-12 10:03:40,660 [INFO] Sending command to the server: 'time'
client 2023-08-12 10:03:40,662 [INFO] Got response: '1691852620.673386'
client 2023-08-12 10:03:40,662 [INFO] The time difference between the client and the server is within range -12.473 ms..-10.824 ms
client 2023-08-12 10:03:40,662 [INFO] Running the workload 'axs byquery loadgen_output,image_classifier,model_name=resnet50,framework=kilt,device=qaic,sut_name=e920d_q4_std,loadgen_mode=PerformanceOnly,loadgen_scenario=Offline,loadgen_compliance_test-,kilt,_with_power+,symlink_to=/home/krai/work_collection/generated_by_power_measurement_on_run_f4bba2899b194e67889ba8901373bfef/last_mlperf_logs,power_client_entrydic_path=/home/krai/work_collection/generated_by_power_measurement_on_run_f4bba2899b194e67889ba8901373bfef/program_output.json'
client 2023-08-12 10:15:10,986 [INFO] Sending command to the server: 'time'
client 2023-08-12 10:15:10,988 [INFO] Got response: '1691853310.9978788'
client 2023-08-12 10:15:10,988 [INFO] The time difference between the client and the server is within range -11.412 ms..-9.087 ms
client 2023-08-12 10:15:10,988 [INFO] Sending command to the server: 'session,2023-08-12_10-03-11,stop,ranging'
client 2023-08-12 10:15:21,684 [INFO] Got response: 'OK'
client 2023-08-12 10:15:21,684 [INFO] Sending command to the server: 'time'
client 2023-08-12 10:15:21,685 [INFO] Got response: '1691853321.6949365'
client 2023-08-12 10:15:21,685 [INFO] The time difference between the client and the server is within range -10.235 ms..-9.332 ms
client 2023-08-12 10:15:21,695 [INFO] Copying loadgen logs from '/home/krai/work_collection/generated_by_power_measurement_on_run_f4bba2899b194e67889ba8901373bfef/last_mlperf_logs' to '/home/krai/work_collection/generated_by_power_measurement_on_run_f4bba2899b194e67889ba8901373bfef/power_logs/ranging'
client 2023-08-12 10:15:21,696 [INFO] Running workload in testing mode
client 2023-08-12 10:15:21,696 [INFO] Synchronizing with the server and with time.google.com...
client 2023-08-12 10:15:21,763 [INFO] NTP:offset = 0.019 s, delay = 0.065 s 
client 2023-08-12 10:15:21,763 [INFO] Sending command to the server: 'time'
client 2023-08-12 10:15:21,765 [INFO] Got response: '1691853321.7747014'
client 2023-08-12 10:15:21,765 [INFO] The time difference between the client and the server is within range -10.864 ms..-9.088 ms
client 2023-08-12 10:15:21,765 [INFO] Sending command to the server: 'session,2023-08-12_10-03-11,start,testing'
client 2023-08-12 10:15:34,781 [INFO] Got response: 'OK'
client 2023-08-12 10:15:34,782 [INFO] Sending command to the server: 'time'
client 2023-08-12 10:15:34,783 [INFO] Got response: '1691853334.7929192'
client 2023-08-12 10:15:34,783 [INFO] The time difference between the client and the server is within range -10.725 ms..-9.109 ms
client 2023-08-12 10:15:34,783 [INFO] Running the workload 'axs byquery loadgen_output,image_classifier,model_name=resnet50,framework=kilt,device=qaic,sut_name=e920d_q4_std,loadgen_mode=PerformanceOnly,loadgen_scenario=Offline,loadgen_compliance_test-,kilt,_with_power+,symlink_to=/home/krai/work_collection/generated_by_power_measurement_on_run_f4bba2899b194e67889ba8901373bfef/last_mlperf_logs,power_client_entrydic_path=/home/krai/work_collection/generated_by_power_measurement_on_run_f4bba2899b194e67889ba8901373bfef/program_output.json'
client 2023-08-12 10:27:01,152 [INFO] Sending command to the server: 'time'
client 2023-08-12 10:27:01,154 [INFO] Got response: '1691854021.154953'
client 2023-08-12 10:27:01,154 [INFO] The time difference between the client and the server is within range -2.552 ms..-0.299 ms
client 2023-08-12 10:27:01,154 [INFO] Sending command to the server: 'session,2023-08-12_10-03-11,stop,testing'
client 2023-08-12 10:27:11,798 [INFO] Got response: 'OK'
client 2023-08-12 10:27:11,799 [INFO] Sending command to the server: 'time'
client 2023-08-12 10:27:11,799 [INFO] Got response: '1691854031.8004515'
client 2023-08-12 10:27:11,800 [INFO] The time difference between the client and the server is within range -1.168 ms..-0.263 ms
client 2023-08-12 10:27:11,802 [INFO] Copying loadgen logs from '/home/krai/work_collection/generated_by_power_measurement_on_run_f4bba2899b194e67889ba8901373bfef/last_mlperf_logs' to '/home/krai/work_collection/generated_by_power_measurement_on_run_f4bba2899b194e67889ba8901373bfef/power_logs/run_1'
client 2023-08-12 10:27:11,803 [INFO] Done runs
