client 2023-07-11 05:23:37,054 [INFO] Creating output directory '/home/arjun/mobilenet_results/valid_results/orin-tflite_armnn_cpp-cpu-armnn_tflite-v22.11-using_neon/mobilenet-v1-precision_float-0.5-192/singlestream/performance/tmp_power'
client 2023-07-11 05:23:37,056 [INFO] Sending command to the server: 'mlcommons/power client v3'
client 2023-07-11 05:23:37,058 [INFO] Got response: 'mlcommons/power server v3'
client 2023-07-11 05:23:37,058 [INFO] Synchronizing with the server and with time.google.com...
client 2023-07-11 05:23:37,080 [INFO] NTP:offset = -0.005 s, delay = 0.017 s 
client 2023-07-11 05:23:37,080 [INFO] Sending command to the server: 'time'
client 2023-07-11 05:23:37,082 [INFO] Got response: '1689049416.9971235'
client 2023-07-11 05:23:37,082 [INFO] The time difference between the client and the server is within range 83.079 ms..85.374 ms
client 2023-07-11 05:23:37,082 [INFO] Sending command to the server: 'new,,87378833-9680-4529-bb21-400be6efb7eb'
client 2023-07-11 05:23:37,084 [INFO] Got response: 'OK 2023-07-11_05-23-36,e570ccb1-70cb-4b30-b5dc-3cd9ded9d10d'
client 2023-07-11 05:23:37,085 [INFO] Session id is '2023-07-11_05-23-36'
client 2023-07-11 05:23:37,085 [INFO] Sources: {"sources": {"__init__.py": "da39a3ee5e6b4b0d3255bfef95601890afd80709", "client.py": "33ca4f26368777ac06e01f9567b714a4b8063886", "lib/__init__.py": "da39a3ee5e6b4b0d3255bfef95601890afd80709", "lib/client.py": "ac2aa093c8e8bbc9569b9e2a3471bc64e58a2258", "lib/common.py": "611d8b29633d331eb19c9455ea3b5fa3284ed6df", "lib/external/__init__.py": "da39a3ee5e6b4b0d3255bfef95601890afd80709", "lib/external/ntplib.py": "4da8f970656505a40483206ef2b5d3dd5e81711d", "lib/server.py": "c7af63c31bb2fbedea4345f571f6e3507d268ada", "lib/source_hashes.py": "60a2e02193209e8d392803326208d5466342da18", "lib/summary.py": "aa92f0a3f975eecd44d3c0cd0236342ccc9f941d", "lib/time_sync.py": "122eba67a9abc85635223e054def53be1367ade2", "server.py": "c3f90f2f7eeb4db30727556d0c815ebc89b3d28b", "tests/unit/__init__.py": "da39a3ee5e6b4b0d3255bfef95601890afd80709", "tests/unit/test_server.py": "948c1995d4008bc2aa6c4046a34ffa3858d6d671", "tests/unit/test_source_hashes.py": "00468a2907583c593e6574a1f6b404e4651c221a"}, "modules": {"ptd_client_server.lib.client": "lib/client.py", "ptd_client_server.lib.common": "lib/common.py", "ptd_client_server.lib.external.ntplib": "lib/external/ntplib.py", "ptd_client_server.lib.source_hashes": "lib/source_hashes.py", "ptd_client_server.lib.summary": "lib/summary.py", "ptd_client_server.lib.time_sync": "lib/time_sync.py"}}
client 2023-07-11 05:23:37,085 [INFO] Running workload in ranging mode
client 2023-07-11 05:23:37,085 [INFO] Synchronizing with the server and with time.google.com...
client 2023-07-11 05:23:37,105 [INFO] NTP:offset = -0.006 s, delay = 0.019 s 
client 2023-07-11 05:23:37,105 [INFO] Sending command to the server: 'time'
client 2023-07-11 05:23:37,107 [INFO] Got response: '1689049417.017175'
client 2023-07-11 05:23:37,107 [INFO] The time difference between the client and the server is within range 88.204 ms..90.294 ms
client 2023-07-11 05:23:37,107 [INFO] Sending command to the server: 'session,2023-07-11_05-23-36,start,ranging'
client 2023-07-11 05:24:05,739 [INFO] Got response: 'OK'
client 2023-07-11 05:24:05,740 [INFO] Sending command to the server: 'time'
client 2023-07-11 05:24:05,744 [INFO] Got response: '1689049445.6573365'
client 2023-07-11 05:24:05,745 [INFO] The time difference between the client and the server is within range 83.391 ms..87.839 ms
client 2023-07-11 05:24:05,745 [INFO] Running the workload 'CM_MLPERF_RUN_COUNT=$(cat ${CM_RUN_DIR}/count.txt); echo ${CM_MLPERF_RUN_COUNT}; CM_MLPERF_RUN_COUNT=$((CM_MLPERF_RUN_COUNT+1)); echo ${CM_MLPERF_RUN_COUNT} > ${CM_RUN_DIR}/count.txt && if [ ${CM_MLPERF_RUN_COUNT} -eq "1" ]; then export CM_MLPERF_USER_CONF=${CM_MLPERF_RANGING_USER_CONF}; else export CM_MLPERF_USER_CONF=${CM_MLPERF_TESTING_USER_CONF}; fi && /home/arjun/run.out'
client 2023-07-11 05:29:07,438 [INFO] Sending command to the server: 'time'
client 2023-07-11 05:29:07,441 [INFO] Got response: '1689049747.351556'
client 2023-07-11 05:29:07,442 [INFO] The time difference between the client and the server is within range 87.270 ms..90.639 ms
client 2023-07-11 05:29:07,442 [INFO] Sending command to the server: 'session,2023-07-11_05-23-36,stop,ranging'
client 2023-07-11 05:29:18,233 [INFO] Got response: 'OK'
client 2023-07-11 05:29:18,234 [INFO] Sending command to the server: 'time'
client 2023-07-11 05:29:18,238 [INFO] Got response: '1689049758.1525097'
client 2023-07-11 05:29:18,238 [INFO] The time difference between the client and the server is within range 81.859 ms..86.127 ms
client 2023-07-11 05:29:18,260 [INFO] Copying loadgen logs from '/home/arjun/mobilenet_results/valid_results/orin-tflite_armnn_cpp-cpu-armnn_tflite-v22.11-using_neon/mobilenet-v1-precision_float-0.5-192/singlestream/performance/run_1' to '/home/arjun/mobilenet_results/valid_results/orin-tflite_armnn_cpp-cpu-armnn_tflite-v22.11-using_neon/mobilenet-v1-precision_float-0.5-192/singlestream/performance/tmp_power/ranging'
client 2023-07-11 05:29:18,263 [INFO] Running workload in testing mode
client 2023-07-11 05:29:18,263 [INFO] Synchronizing with the server and with time.google.com...
client 2023-07-11 05:29:18,288 [INFO] NTP:offset = -0.007 s, delay = 0.020 s 
client 2023-07-11 05:29:18,289 [INFO] Sending command to the server: 'time'
client 2023-07-11 05:29:18,292 [INFO] Got response: '1689049758.2032135'
client 2023-07-11 05:29:18,292 [INFO] The time difference between the client and the server is within range 85.816 ms..89.485 ms
client 2023-07-11 05:29:18,292 [INFO] Sending command to the server: 'session,2023-07-11_05-23-36,start,testing'
client 2023-07-11 05:29:31,330 [INFO] Got response: 'OK'
client 2023-07-11 05:29:31,331 [INFO] Sending command to the server: 'time'
client 2023-07-11 05:29:31,334 [INFO] Got response: '1689049771.2445083'
client 2023-07-11 05:29:31,335 [INFO] The time difference between the client and the server is within range 86.958 ms..90.768 ms
client 2023-07-11 05:29:31,335 [INFO] Running the workload 'CM_MLPERF_RUN_COUNT=$(cat ${CM_RUN_DIR}/count.txt); echo ${CM_MLPERF_RUN_COUNT}; CM_MLPERF_RUN_COUNT=$((CM_MLPERF_RUN_COUNT+1)); echo ${CM_MLPERF_RUN_COUNT} > ${CM_RUN_DIR}/count.txt && if [ ${CM_MLPERF_RUN_COUNT} -eq "1" ]; then export CM_MLPERF_USER_CONF=${CM_MLPERF_RANGING_USER_CONF}; else export CM_MLPERF_USER_CONF=${CM_MLPERF_TESTING_USER_CONF}; fi && /home/arjun/run.out'
client 2023-07-11 05:39:34,289 [INFO] Sending command to the server: 'time'
client 2023-07-11 05:39:34,292 [INFO] Got response: '1689050374.2015598'
client 2023-07-11 05:39:34,292 [INFO] The time difference between the client and the server is within range 87.989 ms..91.354 ms
client 2023-07-11 05:39:34,293 [INFO] Sending command to the server: 'session,2023-07-11_05-23-36,stop,testing'
client 2023-07-11 05:39:44,419 [INFO] Got response: 'OK'
client 2023-07-11 05:39:44,420 [INFO] Sending command to the server: 'time'
client 2023-07-11 05:39:44,424 [INFO] Got response: '1689050384.3371363'
client 2023-07-11 05:39:44,425 [INFO] The time difference between the client and the server is within range 83.580 ms..87.947 ms
client 2023-07-11 05:39:44,429 [INFO] Copying loadgen logs from '/home/arjun/mobilenet_results/valid_results/orin-tflite_armnn_cpp-cpu-armnn_tflite-v22.11-using_neon/mobilenet-v1-precision_float-0.5-192/singlestream/performance/run_1' to '/home/arjun/mobilenet_results/valid_results/orin-tflite_armnn_cpp-cpu-armnn_tflite-v22.11-using_neon/mobilenet-v1-precision_float-0.5-192/singlestream/performance/tmp_power/run_1'
client 2023-07-11 05:39:44,431 [INFO] Done runs
