client 2023-07-11 05:07:09,994 [INFO] Creating output directory '/home/arjun/mobilenet_results/valid_results/orin-tflite_armnn_cpp-cpu-armnn_tflite-v22.11-using_neon/mobilenet-v1-precision_uint8-0.5-224/singlestream/performance/tmp_power'
client 2023-07-11 05:07:09,997 [INFO] Sending command to the server: 'mlcommons/power client v3'
client 2023-07-11 05:07:09,999 [INFO] Got response: 'mlcommons/power server v3'
client 2023-07-11 05:07:09,999 [INFO] Synchronizing with the server and with time.google.com...
client 2023-07-11 05:07:10,021 [INFO] NTP:offset = -0.006 s, delay = 0.017 s 
client 2023-07-11 05:07:10,021 [INFO] Sending command to the server: 'time'
client 2023-07-11 05:07:10,023 [INFO] Got response: '1689048429.932277'
client 2023-07-11 05:07:10,023 [INFO] The time difference between the client and the server is within range 88.952 ms..91.401 ms
client 2023-07-11 05:07:10,023 [INFO] Sending command to the server: 'new,,a023c14d-904b-4b25-a829-061716d6af4c'
client 2023-07-11 05:07:10,026 [INFO] Got response: 'OK 2023-07-11_05-07-09,531153c1-3cc2-4dc7-992c-ef8ea2c5950d'
client 2023-07-11 05:07:10,026 [INFO] Session id is '2023-07-11_05-07-09'
client 2023-07-11 05:07:10,026 [INFO] Sources: {"sources": {"__init__.py": "da39a3ee5e6b4b0d3255bfef95601890afd80709", "client.py": "33ca4f26368777ac06e01f9567b714a4b8063886", "lib/__init__.py": "da39a3ee5e6b4b0d3255bfef95601890afd80709", "lib/client.py": "ac2aa093c8e8bbc9569b9e2a3471bc64e58a2258", "lib/common.py": "611d8b29633d331eb19c9455ea3b5fa3284ed6df", "lib/external/__init__.py": "da39a3ee5e6b4b0d3255bfef95601890afd80709", "lib/external/ntplib.py": "4da8f970656505a40483206ef2b5d3dd5e81711d", "lib/server.py": "c7af63c31bb2fbedea4345f571f6e3507d268ada", "lib/source_hashes.py": "60a2e02193209e8d392803326208d5466342da18", "lib/summary.py": "aa92f0a3f975eecd44d3c0cd0236342ccc9f941d", "lib/time_sync.py": "122eba67a9abc85635223e054def53be1367ade2", "server.py": "c3f90f2f7eeb4db30727556d0c815ebc89b3d28b", "tests/unit/__init__.py": "da39a3ee5e6b4b0d3255bfef95601890afd80709", "tests/unit/test_server.py": "948c1995d4008bc2aa6c4046a34ffa3858d6d671", "tests/unit/test_source_hashes.py": "00468a2907583c593e6574a1f6b404e4651c221a"}, "modules": {"ptd_client_server.lib.client": "lib/client.py", "ptd_client_server.lib.common": "lib/common.py", "ptd_client_server.lib.external.ntplib": "lib/external/ntplib.py", "ptd_client_server.lib.source_hashes": "lib/source_hashes.py", "ptd_client_server.lib.summary": "lib/summary.py", "ptd_client_server.lib.time_sync": "lib/time_sync.py"}}
client 2023-07-11 05:07:10,027 [INFO] Running workload in ranging mode
client 2023-07-11 05:07:10,027 [INFO] Synchronizing with the server and with time.google.com...
client 2023-07-11 05:07:10,044 [INFO] NTP:offset = -0.006 s, delay = 0.016 s 
client 2023-07-11 05:07:10,044 [INFO] Sending command to the server: 'time'
client 2023-07-11 05:07:10,262 [INFO] Got response: '1689048430.1629348'
client 2023-07-11 05:07:10,262 [INFO] The time difference between the client and the server is within range -118.407 ms..99.425 ms
client 2023-07-11 05:07:10,262 [INFO] Sending command to the server: 'session,2023-07-11_05-07-09,start,ranging'
client 2023-07-11 05:07:38,828 [INFO] Got response: 'OK'
client 2023-07-11 05:07:38,829 [INFO] Sending command to the server: 'time'
client 2023-07-11 05:07:38,832 [INFO] Got response: '1689048458.736214'
client 2023-07-11 05:07:38,832 [INFO] The time difference between the client and the server is within range 93.446 ms..96.675 ms
client 2023-07-11 05:07:38,833 [INFO] Running the workload 'CM_MLPERF_RUN_COUNT=$(cat ${CM_RUN_DIR}/count.txt); echo ${CM_MLPERF_RUN_COUNT}; CM_MLPERF_RUN_COUNT=$((CM_MLPERF_RUN_COUNT+1)); echo ${CM_MLPERF_RUN_COUNT} > ${CM_RUN_DIR}/count.txt && if [ ${CM_MLPERF_RUN_COUNT} -eq "1" ]; then export CM_MLPERF_USER_CONF=${CM_MLPERF_RANGING_USER_CONF}; else export CM_MLPERF_USER_CONF=${CM_MLPERF_TESTING_USER_CONF}; fi && /home/arjun/run.out'
client 2023-07-11 05:12:40,647 [INFO] Sending command to the server: 'time'
client 2023-07-11 05:12:40,650 [INFO] Got response: '1689048760.5570316'
client 2023-07-11 05:12:40,651 [INFO] The time difference between the client and the server is within range 90.641 ms..94.086 ms
client 2023-07-11 05:12:40,651 [INFO] Sending command to the server: 'session,2023-07-11_05-07-09,stop,ranging'
client 2023-07-11 05:12:50,920 [INFO] Got response: 'OK'
client 2023-07-11 05:12:50,920 [INFO] Sending command to the server: 'time'
client 2023-07-11 05:12:50,923 [INFO] Got response: '1689048770.8266733'
client 2023-07-11 05:12:50,924 [INFO] The time difference between the client and the server is within range 94.286 ms..97.509 ms
client 2023-07-11 05:12:50,953 [INFO] Copying loadgen logs from '/home/arjun/mobilenet_results/valid_results/orin-tflite_armnn_cpp-cpu-armnn_tflite-v22.11-using_neon/mobilenet-v1-precision_uint8-0.5-224/singlestream/performance/run_1' to '/home/arjun/mobilenet_results/valid_results/orin-tflite_armnn_cpp-cpu-armnn_tflite-v22.11-using_neon/mobilenet-v1-precision_uint8-0.5-224/singlestream/performance/tmp_power/ranging'
client 2023-07-11 05:12:50,955 [INFO] Running workload in testing mode
client 2023-07-11 05:12:50,955 [INFO] Synchronizing with the server and with time.google.com...
client 2023-07-11 05:12:50,982 [INFO] NTP:offset = -0.006 s, delay = 0.021 s 
client 2023-07-11 05:12:50,982 [INFO] Sending command to the server: 'time'
client 2023-07-11 05:12:50,985 [INFO] Got response: '1689048770.896981'
client 2023-07-11 05:12:50,985 [INFO] The time difference between the client and the server is within range 85.518 ms..88.833 ms
client 2023-07-11 05:12:50,986 [INFO] Sending command to the server: 'session,2023-07-11_05-07-09,start,testing'
client 2023-07-11 05:13:04,014 [INFO] Got response: 'OK'
client 2023-07-11 05:13:04,015 [INFO] Sending command to the server: 'time'
client 2023-07-11 05:13:04,018 [INFO] Got response: '1689048783.9283843'
client 2023-07-11 05:13:04,019 [INFO] The time difference between the client and the server is within range 86.883 ms..90.976 ms
client 2023-07-11 05:13:04,019 [INFO] Running the workload 'CM_MLPERF_RUN_COUNT=$(cat ${CM_RUN_DIR}/count.txt); echo ${CM_MLPERF_RUN_COUNT}; CM_MLPERF_RUN_COUNT=$((CM_MLPERF_RUN_COUNT+1)); echo ${CM_MLPERF_RUN_COUNT} > ${CM_RUN_DIR}/count.txt && if [ ${CM_MLPERF_RUN_COUNT} -eq "1" ]; then export CM_MLPERF_USER_CONF=${CM_MLPERF_RANGING_USER_CONF}; else export CM_MLPERF_USER_CONF=${CM_MLPERF_TESTING_USER_CONF}; fi && /home/arjun/run.out'
client 2023-07-11 05:23:07,083 [INFO] Sending command to the server: 'time'
client 2023-07-11 05:23:07,086 [INFO] Got response: '1689049386.9997792'
client 2023-07-11 05:23:07,087 [INFO] The time difference between the client and the server is within range 82.940 ms..87.360 ms
client 2023-07-11 05:23:07,087 [INFO] Sending command to the server: 'session,2023-07-11_05-07-09,stop,testing'
client 2023-07-11 05:23:18,087 [INFO] Got response: 'OK'
client 2023-07-11 05:23:18,088 [INFO] Sending command to the server: 'time'
client 2023-07-11 05:23:18,091 [INFO] Got response: '1689049397.998873'
client 2023-07-11 05:23:18,092 [INFO] The time difference between the client and the server is within range 89.157 ms..93.350 ms
client 2023-07-11 05:23:18,096 [INFO] Copying loadgen logs from '/home/arjun/mobilenet_results/valid_results/orin-tflite_armnn_cpp-cpu-armnn_tflite-v22.11-using_neon/mobilenet-v1-precision_uint8-0.5-224/singlestream/performance/run_1' to '/home/arjun/mobilenet_results/valid_results/orin-tflite_armnn_cpp-cpu-armnn_tflite-v22.11-using_neon/mobilenet-v1-precision_uint8-0.5-224/singlestream/performance/tmp_power/run_1'
client 2023-07-11 05:23:18,099 [INFO] Done runs
