client 2023-08-06 15:59:31,438 [INFO] Creating output directory '/home/arjun/mobilenet_results/valid_results/orin-tflite_cpp-cpu-tflite-vmaster-default_config/efficientnet-fp32-lite2/singlestream/performance/tmp_power'
client 2023-08-06 15:59:31,441 [INFO] Sending command to the server: 'mlcommons/power client v3'
client 2023-08-06 15:59:31,444 [INFO] Got response: 'mlcommons/power server v3'
client 2023-08-06 15:59:31,444 [INFO] Synchronizing with the server and with time.google.com...
client 2023-08-06 15:59:31,461 [INFO] NTP:offset = -0.003 s, delay = 0.014 s 
client 2023-08-06 15:59:31,461 [INFO] Sending command to the server: 'time'
client 2023-08-06 15:59:31,465 [INFO] Got response: '1691333971.3499606'
client 2023-08-06 15:59:31,465 [INFO] The time difference between the client and the server is within range 111.904 ms..115.956 ms
client 2023-08-06 15:59:31,466 [INFO] Sending command to the server: 'new,,4fd4d798-1bdd-4195-af2d-bf2fad04607c'
client 2023-08-06 15:59:31,471 [INFO] Got response: 'OK 2023-08-06_15-59-31,5e8be1a9-7a1e-4026-b4fb-0832f9bde5bc'
client 2023-08-06 15:59:31,471 [INFO] Session id is '2023-08-06_15-59-31'
client 2023-08-06 15:59:31,471 [INFO] Sources: {"sources": {"__init__.py": "da39a3ee5e6b4b0d3255bfef95601890afd80709", "client.py": "33ca4f26368777ac06e01f9567b714a4b8063886", "lib/__init__.py": "da39a3ee5e6b4b0d3255bfef95601890afd80709", "lib/client.py": "ac2aa093c8e8bbc9569b9e2a3471bc64e58a2258", "lib/common.py": "611d8b29633d331eb19c9455ea3b5fa3284ed6df", "lib/external/__init__.py": "da39a3ee5e6b4b0d3255bfef95601890afd80709", "lib/external/ntplib.py": "4da8f970656505a40483206ef2b5d3dd5e81711d", "lib/server.py": "c7af63c31bb2fbedea4345f571f6e3507d268ada", "lib/source_hashes.py": "60a2e02193209e8d392803326208d5466342da18", "lib/summary.py": "aa92f0a3f975eecd44d3c0cd0236342ccc9f941d", "lib/time_sync.py": "122eba67a9abc85635223e054def53be1367ade2", "server.py": "c3f90f2f7eeb4db30727556d0c815ebc89b3d28b", "tests/unit/__init__.py": "da39a3ee5e6b4b0d3255bfef95601890afd80709", "tests/unit/test_server.py": "948c1995d4008bc2aa6c4046a34ffa3858d6d671", "tests/unit/test_source_hashes.py": "00468a2907583c593e6574a1f6b404e4651c221a"}, "modules": {"ptd_client_server.lib.client": "lib/client.py", "ptd_client_server.lib.common": "lib/common.py", "ptd_client_server.lib.external.ntplib": "lib/external/ntplib.py", "ptd_client_server.lib.source_hashes": "lib/source_hashes.py", "ptd_client_server.lib.summary": "lib/summary.py", "ptd_client_server.lib.time_sync": "lib/time_sync.py"}}
client 2023-08-06 15:59:31,471 [INFO] Running workload in ranging mode
client 2023-08-06 15:59:31,471 [INFO] Synchronizing with the server and with time.google.com...
client 2023-08-06 15:59:31,487 [INFO] NTP:offset = -0.002 s, delay = 0.015 s 
client 2023-08-06 15:59:31,487 [INFO] Sending command to the server: 'time'
client 2023-08-06 15:59:31,491 [INFO] Got response: '1691333971.3700101'
client 2023-08-06 15:59:31,491 [INFO] The time difference between the client and the server is within range 117.447 ms..121.907 ms
client 2023-08-06 15:59:31,491 [INFO] Sending command to the server: 'session,2023-08-06_15-59-31,start,ranging'
client 2023-08-06 16:00:00,202 [INFO] Got response: 'OK'
client 2023-08-06 16:00:00,202 [INFO] Sending command to the server: 'time'
client 2023-08-06 16:00:00,206 [INFO] Got response: '1691334000.0868716'
client 2023-08-06 16:00:00,206 [INFO] The time difference between the client and the server is within range 115.751 ms..119.296 ms
client 2023-08-06 16:00:00,206 [INFO] Running the workload 'CM_MLPERF_RUN_COUNT=$(cat ${CM_RUN_DIR}/count.txt); echo ${CM_MLPERF_RUN_COUNT}; CM_MLPERF_RUN_COUNT=$((CM_MLPERF_RUN_COUNT+1)); echo ${CM_MLPERF_RUN_COUNT} > ${CM_RUN_DIR}/count.txt && if [ ${CM_MLPERF_RUN_COUNT} -eq "1" ]; then export CM_MLPERF_USER_CONF=${CM_MLPERF_RANGING_USER_CONF}; else export CM_MLPERF_USER_CONF=${CM_MLPERF_TESTING_USER_CONF}; fi && /mount/CM/repos/ctuning@mlcommons-ck/cm-mlops/script/run-all-mlperf-models/run.out'
client 2023-08-06 16:05:04,548 [INFO] Sending command to the server: 'time'
client 2023-08-06 16:05:04,553 [INFO] Got response: '1691334304.428486'
client 2023-08-06 16:05:04,553 [INFO] The time difference between the client and the server is within range 119.706 ms..124.684 ms
client 2023-08-06 16:05:04,553 [INFO] Sending command to the server: 'session,2023-08-06_15-59-31,stop,ranging'
client 2023-08-06 16:05:15,652 [INFO] Got response: 'OK'
client 2023-08-06 16:05:15,652 [INFO] Sending command to the server: 'time'
client 2023-08-06 16:05:15,659 [INFO] Got response: '1691334315.5337353'
client 2023-08-06 16:05:15,659 [INFO] The time difference between the client and the server is within range 118.876 ms..126.160 ms
client 2023-08-06 16:05:15,663 [INFO] Copying loadgen logs from '/home/arjun/mobilenet_results/valid_results/orin-tflite_cpp-cpu-tflite-vmaster-default_config/efficientnet-fp32-lite2/singlestream/performance/run_1' to '/home/arjun/mobilenet_results/valid_results/orin-tflite_cpp-cpu-tflite-vmaster-default_config/efficientnet-fp32-lite2/singlestream/performance/tmp_power/ranging'
client 2023-08-06 16:05:15,664 [INFO] Running workload in testing mode
client 2023-08-06 16:05:15,664 [INFO] Synchronizing with the server and with time.google.com...
client 2023-08-06 16:05:15,680 [INFO] NTP:offset = -0.002 s, delay = 0.015 s 
client 2023-08-06 16:05:15,680 [INFO] Sending command to the server: 'time'
client 2023-08-06 16:05:15,683 [INFO] Got response: '1691334315.563668'
client 2023-08-06 16:05:15,683 [INFO] The time difference between the client and the server is within range 117.088 ms..120.309 ms
client 2023-08-06 16:05:15,684 [INFO] Sending command to the server: 'session,2023-08-06_15-59-31,start,testing'
client 2023-08-06 16:05:28,777 [INFO] Got response: 'OK'
client 2023-08-06 16:05:28,778 [INFO] Sending command to the server: 'time'
client 2023-08-06 16:05:28,781 [INFO] Got response: '1691334328.6595192'
client 2023-08-06 16:05:28,781 [INFO] The time difference between the client and the server is within range 118.632 ms..121.665 ms
client 2023-08-06 16:05:28,781 [INFO] Running the workload 'CM_MLPERF_RUN_COUNT=$(cat ${CM_RUN_DIR}/count.txt); echo ${CM_MLPERF_RUN_COUNT}; CM_MLPERF_RUN_COUNT=$((CM_MLPERF_RUN_COUNT+1)); echo ${CM_MLPERF_RUN_COUNT} > ${CM_RUN_DIR}/count.txt && if [ ${CM_MLPERF_RUN_COUNT} -eq "1" ]; then export CM_MLPERF_USER_CONF=${CM_MLPERF_RANGING_USER_CONF}; else export CM_MLPERF_USER_CONF=${CM_MLPERF_TESTING_USER_CONF}; fi && /mount/CM/repos/ctuning@mlcommons-ck/cm-mlops/script/run-all-mlperf-models/run.out'
client 2023-08-06 16:15:31,052 [INFO] Sending command to the server: 'time'
client 2023-08-06 16:15:31,057 [INFO] Got response: '1691334930.9321384'
client 2023-08-06 16:15:31,057 [INFO] The time difference between the client and the server is within range 120.263 ms..125.118 ms
client 2023-08-06 16:15:31,057 [INFO] Sending command to the server: 'session,2023-08-06_15-59-31,stop,testing'
client 2023-08-06 16:15:41,796 [INFO] Got response: 'OK'
client 2023-08-06 16:15:41,796 [INFO] Sending command to the server: 'time'
client 2023-08-06 16:15:41,799 [INFO] Got response: '1691334941.67043'
client 2023-08-06 16:15:41,799 [INFO] The time difference between the client and the server is within range 126.237 ms..129.059 ms
client 2023-08-06 16:15:41,800 [INFO] Copying loadgen logs from '/home/arjun/mobilenet_results/valid_results/orin-tflite_cpp-cpu-tflite-vmaster-default_config/efficientnet-fp32-lite2/singlestream/performance/run_1' to '/home/arjun/mobilenet_results/valid_results/orin-tflite_cpp-cpu-tflite-vmaster-default_config/efficientnet-fp32-lite2/singlestream/performance/tmp_power/run_1'
client 2023-08-06 16:15:41,800 [INFO] Done runs
