client 2023-08-13 10:10:58,319 [INFO] Creating output directory '/home/arjun/results_dir/valid_results/orin-reference-cpu-deepsparse-vdefault-default_config/obert-large-pruned97-none-bert-99/offline/performance/tmp_power'
client 2023-08-13 10:10:58,321 [INFO] Sending command to the server: 'mlcommons/power client v3'
client 2023-08-13 10:10:58,325 [INFO] Got response: 'mlcommons/power server v3'
client 2023-08-13 10:10:58,325 [INFO] Synchronizing with the server and with time.google.com...
client 2023-08-13 10:10:58,368 [INFO] NTP:offset = 0.001 s, delay = 0.017 s 
client 2023-08-13 10:10:58,368 [INFO] Sending command to the server: 'time'
client 2023-08-13 10:10:58,371 [INFO] Got response: '1691917858.1675746'
client 2023-08-13 10:10:58,371 [INFO] The time difference between the client and the server is within range 200.780 ms..203.591 ms
client 2023-08-13 10:10:58,371 [INFO] Sending command to the server: 'new,,edc0cc66-0549-492a-9d47-da51b94414ad'
client 2023-08-13 10:10:58,375 [INFO] Got response: 'OK 2023-08-13_10-10-58,a0ed3fd4-cffe-4b12-82c5-9c945e8d8236'
client 2023-08-13 10:10:58,375 [INFO] Session id is '2023-08-13_10-10-58'
client 2023-08-13 10:10:58,375 [INFO] Sources: {"sources": {"__init__.py": "da39a3ee5e6b4b0d3255bfef95601890afd80709", "client.py": "33ca4f26368777ac06e01f9567b714a4b8063886", "lib/__init__.py": "da39a3ee5e6b4b0d3255bfef95601890afd80709", "lib/client.py": "ac2aa093c8e8bbc9569b9e2a3471bc64e58a2258", "lib/common.py": "611d8b29633d331eb19c9455ea3b5fa3284ed6df", "lib/external/__init__.py": "da39a3ee5e6b4b0d3255bfef95601890afd80709", "lib/external/ntplib.py": "4da8f970656505a40483206ef2b5d3dd5e81711d", "lib/server.py": "c7af63c31bb2fbedea4345f571f6e3507d268ada", "lib/source_hashes.py": "60a2e02193209e8d392803326208d5466342da18", "lib/summary.py": "aa92f0a3f975eecd44d3c0cd0236342ccc9f941d", "lib/time_sync.py": "80894ef2389e540781ff78de94db16aa4203a14e", "server.py": "c3f90f2f7eeb4db30727556d0c815ebc89b3d28b", "tests/unit/__init__.py": "da39a3ee5e6b4b0d3255bfef95601890afd80709", "tests/unit/test_server.py": "948c1995d4008bc2aa6c4046a34ffa3858d6d671", "tests/unit/test_source_hashes.py": "00468a2907583c593e6574a1f6b404e4651c221a"}, "modules": {"ptd_client_server.lib.client": "lib/client.py", "ptd_client_server.lib.common": "lib/common.py", "ptd_client_server.lib.external.ntplib": "lib/external/ntplib.py", "ptd_client_server.lib.source_hashes": "lib/source_hashes.py", "ptd_client_server.lib.summary": "lib/summary.py", "ptd_client_server.lib.time_sync": "lib/time_sync.py"}}
client 2023-08-13 10:10:58,375 [INFO] Running workload in ranging mode
client 2023-08-13 10:10:58,375 [INFO] Synchronizing with the server and with time.google.com...
client 2023-08-13 10:10:58,398 [INFO] NTP:offset = 0.001 s, delay = 0.021 s 
client 2023-08-13 10:10:58,398 [INFO] Sending command to the server: 'time'
client 2023-08-13 10:10:58,400 [INFO] Got response: '1691917858.1984587'
client 2023-08-13 10:10:58,400 [INFO] The time difference between the client and the server is within range 199.722 ms..202.017 ms
client 2023-08-13 10:10:58,400 [INFO] Sending command to the server: 'session,2023-08-13_10-10-58,start,ranging'
client 2023-08-13 10:11:27,074 [INFO] Got response: 'OK'
client 2023-08-13 10:11:27,074 [INFO] Sending command to the server: 'time'
client 2023-08-13 10:11:27,078 [INFO] Got response: '1691917886.8726127'
client 2023-08-13 10:11:27,078 [INFO] The time difference between the client and the server is within range 201.753 ms..206.325 ms
client 2023-08-13 10:11:27,079 [INFO] Running the workload 'CM_MLPERF_RUN_COUNT=$(cat ${CM_RUN_DIR}/count.txt); echo ${CM_MLPERF_RUN_COUNT}; CM_MLPERF_RUN_COUNT=$((CM_MLPERF_RUN_COUNT+1)); echo ${CM_MLPERF_RUN_COUNT} > ${CM_RUN_DIR}/count.txt && if [ ${CM_MLPERF_RUN_COUNT} -eq "1" ]; then export CM_MLPERF_USER_CONF=${CM_MLPERF_RANGING_USER_CONF}; else export CM_MLPERF_USER_CONF=${CM_MLPERF_TESTING_USER_CONF}; fi && /usr/bin/python3 run.py --backend=deepsparse --scenario=Offline --mlperf_conf "/mount/CM/repos/local/cache/e98684742c3f4b81/inference/mlperf.conf" --user_conf "${CM_MLPERF_USER_CONF}" --quantized --batch_size=384 --model_path=/mount/CM/repos/local/cache/8f0130be33eb4f11/oBERT-Large_95sparse_block4_qat.onnx'
client 2023-08-13 10:39:24,299 [INFO] Sending command to the server: 'time'
client 2023-08-13 10:39:24,305 [INFO] Got response: '1691919564.1059864'
client 2023-08-13 10:39:24,305 [INFO] The time difference between the client and the server is within range 192.447 ms..199.492 ms
client 2023-08-13 10:39:24,305 [INFO] Sending command to the server: 'session,2023-08-13_10-10-58,stop,ranging'
client 2023-08-13 10:39:35,613 [INFO] Got response: 'OK'
client 2023-08-13 10:39:35,614 [INFO] Sending command to the server: 'time'
client 2023-08-13 10:39:35,620 [INFO] Got response: '1691919575.421274'
client 2023-08-13 10:39:35,621 [INFO] The time difference between the client and the server is within range 192.789 ms..199.727 ms
client 2023-08-13 10:39:35,804 [INFO] Copying loadgen logs from '/home/arjun/results_dir/valid_results/orin-reference-cpu-deepsparse-vdefault-default_config/obert-large-pruned97-none-bert-99/offline/performance/run_1' to '/home/arjun/results_dir/valid_results/orin-reference-cpu-deepsparse-vdefault-default_config/obert-large-pruned97-none-bert-99/offline/performance/tmp_power/ranging'
client 2023-08-13 10:39:35,941 [INFO] Running workload in testing mode
client 2023-08-13 10:39:35,941 [INFO] Synchronizing with the server and with time.google.com...
client 2023-08-13 10:39:35,966 [INFO] NTP:offset = -0.001 s, delay = 0.018 s 
client 2023-08-13 10:39:35,967 [INFO] Sending command to the server: 'time'
client 2023-08-13 10:39:35,973 [INFO] Got response: '1691919575.768339'
client 2023-08-13 10:39:35,973 [INFO] The time difference between the client and the server is within range 198.706 ms..205.088 ms
client 2023-08-13 10:39:35,973 [INFO] Sending command to the server: 'session,2023-08-13_10-10-58,start,testing'
client 2023-08-13 10:39:49,008 [INFO] Got response: 'OK'
client 2023-08-13 10:39:49,008 [INFO] Sending command to the server: 'time'
client 2023-08-13 10:39:49,011 [INFO] Got response: '1691919588.8104734'
client 2023-08-13 10:39:49,011 [INFO] The time difference between the client and the server is within range 198.264 ms..200.774 ms
client 2023-08-13 10:39:49,011 [INFO] Running the workload 'CM_MLPERF_RUN_COUNT=$(cat ${CM_RUN_DIR}/count.txt); echo ${CM_MLPERF_RUN_COUNT}; CM_MLPERF_RUN_COUNT=$((CM_MLPERF_RUN_COUNT+1)); echo ${CM_MLPERF_RUN_COUNT} > ${CM_RUN_DIR}/count.txt && if [ ${CM_MLPERF_RUN_COUNT} -eq "1" ]; then export CM_MLPERF_USER_CONF=${CM_MLPERF_RANGING_USER_CONF}; else export CM_MLPERF_USER_CONF=${CM_MLPERF_TESTING_USER_CONF}; fi && /usr/bin/python3 run.py --backend=deepsparse --scenario=Offline --mlperf_conf "/mount/CM/repos/local/cache/e98684742c3f4b81/inference/mlperf.conf" --user_conf "${CM_MLPERF_USER_CONF}" --quantized --batch_size=384 --model_path=/mount/CM/repos/local/cache/8f0130be33eb4f11/oBERT-Large_95sparse_block4_qat.onnx'
client 2023-08-13 12:26:33,119 [INFO] Sending command to the server: 'time'
client 2023-08-13 12:26:33,125 [INFO] Got response: '1691925992.9109306'
client 2023-08-13 12:26:33,125 [INFO] The time difference between the client and the server is within range 207.436 ms..214.295 ms
client 2023-08-13 12:26:33,125 [INFO] Sending command to the server: 'session,2023-08-13_10-10-58,stop,testing'
client 2023-08-13 12:26:44,592 [INFO] Got response: 'OK'
client 2023-08-13 12:26:44,592 [INFO] Sending command to the server: 'time'
client 2023-08-13 12:26:44,598 [INFO] Got response: '1691926004.385425'
client 2023-08-13 12:26:44,598 [INFO] The time difference between the client and the server is within range 206.858 ms..212.811 ms
client 2023-08-13 12:26:44,737 [INFO] Copying loadgen logs from '/home/arjun/results_dir/valid_results/orin-reference-cpu-deepsparse-vdefault-default_config/obert-large-pruned97-none-bert-99/offline/performance/run_1' to '/home/arjun/results_dir/valid_results/orin-reference-cpu-deepsparse-vdefault-default_config/obert-large-pruned97-none-bert-99/offline/performance/tmp_power/run_1'
client 2023-08-13 12:26:44,742 [INFO] Done runs
