client 2023-08-07 09:23:26,401 [INFO] Creating output directory '/home/arjun/mobilenet_results/valid_results/orin-tflite_armnn_cpp-cpu-armnn_tflite-v23.05-using_neon/mobilenet-v2-precision_float-1.0-160/singlestream/performance/tmp_power'
client 2023-08-07 09:23:26,404 [INFO] Sending command to the server: 'mlcommons/power client v3'
client 2023-08-07 09:23:26,406 [INFO] Got response: 'mlcommons/power server v3'
client 2023-08-07 09:23:26,406 [INFO] Synchronizing with the server and with time.google.com...
client 2023-08-07 09:23:26,424 [INFO] NTP:offset = -0.003 s, delay = 0.015 s 
client 2023-08-07 09:23:26,424 [INFO] Sending command to the server: 'time'
client 2023-08-07 09:23:26,427 [INFO] Got response: '1691396606.3459258'
client 2023-08-07 09:23:26,427 [INFO] The time difference between the client and the server is within range 79.004 ms..81.443 ms
client 2023-08-07 09:23:26,427 [INFO] Sending command to the server: 'new,,cf7f1d9c-0091-4d3e-96f5-21f243dad529'
client 2023-08-07 09:23:26,430 [INFO] Got response: 'OK 2023-08-07_09-23-26,7956c2a8-7841-43cb-a3ed-1416bbc22c22'
client 2023-08-07 09:23:26,430 [INFO] Session id is '2023-08-07_09-23-26'
client 2023-08-07 09:23:26,430 [INFO] Sources: {"sources": {"__init__.py": "da39a3ee5e6b4b0d3255bfef95601890afd80709", "client.py": "33ca4f26368777ac06e01f9567b714a4b8063886", "lib/__init__.py": "da39a3ee5e6b4b0d3255bfef95601890afd80709", "lib/client.py": "ac2aa093c8e8bbc9569b9e2a3471bc64e58a2258", "lib/common.py": "611d8b29633d331eb19c9455ea3b5fa3284ed6df", "lib/external/__init__.py": "da39a3ee5e6b4b0d3255bfef95601890afd80709", "lib/external/ntplib.py": "4da8f970656505a40483206ef2b5d3dd5e81711d", "lib/server.py": "c7af63c31bb2fbedea4345f571f6e3507d268ada", "lib/source_hashes.py": "60a2e02193209e8d392803326208d5466342da18", "lib/summary.py": "aa92f0a3f975eecd44d3c0cd0236342ccc9f941d", "lib/time_sync.py": "122eba67a9abc85635223e054def53be1367ade2", "server.py": "c3f90f2f7eeb4db30727556d0c815ebc89b3d28b", "tests/unit/__init__.py": "da39a3ee5e6b4b0d3255bfef95601890afd80709", "tests/unit/test_server.py": "948c1995d4008bc2aa6c4046a34ffa3858d6d671", "tests/unit/test_source_hashes.py": "00468a2907583c593e6574a1f6b404e4651c221a"}, "modules": {"ptd_client_server.lib.client": "lib/client.py", "ptd_client_server.lib.common": "lib/common.py", "ptd_client_server.lib.external.ntplib": "lib/external/ntplib.py", "ptd_client_server.lib.source_hashes": "lib/source_hashes.py", "ptd_client_server.lib.summary": "lib/summary.py", "ptd_client_server.lib.time_sync": "lib/time_sync.py"}}
client 2023-08-07 09:23:26,430 [INFO] Running workload in ranging mode
client 2023-08-07 09:23:26,430 [INFO] Synchronizing with the server and with time.google.com...
client 2023-08-07 09:23:26,446 [INFO] NTP:offset = -0.001 s, delay = 0.014 s 
client 2023-08-07 09:23:26,446 [INFO] Sending command to the server: 'time'
client 2023-08-07 09:23:26,450 [INFO] Got response: '1691396606.3673089'
client 2023-08-07 09:23:26,450 [INFO] The time difference between the client and the server is within range 78.759 ms..83.005 ms
client 2023-08-07 09:23:26,450 [INFO] Sending command to the server: 'session,2023-08-07_09-23-26,start,ranging'
client 2023-08-07 09:23:55,177 [INFO] Got response: 'OK'
client 2023-08-07 09:23:55,177 [INFO] Sending command to the server: 'time'
client 2023-08-07 09:23:55,180 [INFO] Got response: '1691396635.1032891'
client 2023-08-07 09:23:55,180 [INFO] The time difference between the client and the server is within range 74.422 ms..77.139 ms
client 2023-08-07 09:23:55,180 [INFO] Running the workload 'CM_MLPERF_RUN_COUNT=$(cat ${CM_RUN_DIR}/count.txt); echo ${CM_MLPERF_RUN_COUNT}; CM_MLPERF_RUN_COUNT=$((CM_MLPERF_RUN_COUNT+1)); echo ${CM_MLPERF_RUN_COUNT} > ${CM_RUN_DIR}/count.txt && if [ ${CM_MLPERF_RUN_COUNT} -eq "1" ]; then export CM_MLPERF_USER_CONF=${CM_MLPERF_RANGING_USER_CONF}; else export CM_MLPERF_USER_CONF=${CM_MLPERF_TESTING_USER_CONF}; fi && /mount/CM/repos/ctuning@mlcommons-ck/cm-mlops/script/run-all-mlperf-models/run.out'
client 2023-08-07 09:28:56,598 [INFO] Sending command to the server: 'time'
client 2023-08-07 09:28:56,600 [INFO] Got response: '1691396936.5193503'
client 2023-08-07 09:28:56,601 [INFO] The time difference between the client and the server is within range 78.848 ms..81.657 ms
client 2023-08-07 09:28:56,601 [INFO] Sending command to the server: 'session,2023-08-07_09-23-26,stop,ranging'
client 2023-08-07 09:29:07,439 [INFO] Got response: 'OK'
client 2023-08-07 09:29:07,439 [INFO] Sending command to the server: 'time'
client 2023-08-07 09:29:07,441 [INFO] Got response: '1691396947.357048'
client 2023-08-07 09:29:07,441 [INFO] The time difference between the client and the server is within range 82.626 ms..84.660 ms
client 2023-08-07 09:29:07,445 [INFO] Copying loadgen logs from '/home/arjun/mobilenet_results/valid_results/orin-tflite_armnn_cpp-cpu-armnn_tflite-v23.05-using_neon/mobilenet-v2-precision_float-1.0-160/singlestream/performance/run_1' to '/home/arjun/mobilenet_results/valid_results/orin-tflite_armnn_cpp-cpu-armnn_tflite-v23.05-using_neon/mobilenet-v2-precision_float-1.0-160/singlestream/performance/tmp_power/ranging'
client 2023-08-07 09:29:07,445 [INFO] Running workload in testing mode
client 2023-08-07 09:29:07,446 [INFO] Synchronizing with the server and with time.google.com...
client 2023-08-07 09:29:07,460 [INFO] NTP:offset = -0.003 s, delay = 0.014 s 
client 2023-08-07 09:29:07,461 [INFO] Sending command to the server: 'time'
client 2023-08-07 09:29:07,465 [INFO] Got response: '1691396947.3874815'
client 2023-08-07 09:29:07,465 [INFO] The time difference between the client and the server is within range 73.526 ms..78.019 ms
client 2023-08-07 09:29:07,465 [INFO] Sending command to the server: 'session,2023-08-07_09-23-26,start,testing'
client 2023-08-07 09:29:20,510 [INFO] Got response: 'OK'
client 2023-08-07 09:29:20,510 [INFO] Sending command to the server: 'time'
client 2023-08-07 09:29:20,513 [INFO] Got response: '1691396960.4367592'
client 2023-08-07 09:29:20,513 [INFO] The time difference between the client and the server is within range 73.583 ms..76.351 ms
client 2023-08-07 09:29:20,513 [INFO] Running the workload 'CM_MLPERF_RUN_COUNT=$(cat ${CM_RUN_DIR}/count.txt); echo ${CM_MLPERF_RUN_COUNT}; CM_MLPERF_RUN_COUNT=$((CM_MLPERF_RUN_COUNT+1)); echo ${CM_MLPERF_RUN_COUNT} > ${CM_RUN_DIR}/count.txt && if [ ${CM_MLPERF_RUN_COUNT} -eq "1" ]; then export CM_MLPERF_USER_CONF=${CM_MLPERF_RANGING_USER_CONF}; else export CM_MLPERF_USER_CONF=${CM_MLPERF_TESTING_USER_CONF}; fi && /mount/CM/repos/ctuning@mlcommons-ck/cm-mlops/script/run-all-mlperf-models/run.out'
client 2023-08-07 09:39:22,762 [INFO] Sending command to the server: 'time'
client 2023-08-07 09:39:22,766 [INFO] Got response: '1691397562.6836045'
client 2023-08-07 09:39:22,766 [INFO] The time difference between the client and the server is within range 79.078 ms..82.900 ms
client 2023-08-07 09:39:22,766 [INFO] Sending command to the server: 'session,2023-08-07_09-23-26,stop,testing'
client 2023-08-07 09:39:33,902 [INFO] Got response: 'OK'
client 2023-08-07 09:39:33,902 [INFO] Sending command to the server: 'time'
client 2023-08-07 09:39:33,905 [INFO] Got response: '1691397573.8200846'
client 2023-08-07 09:39:33,905 [INFO] The time difference between the client and the server is within range 82.899 ms..85.815 ms
client 2023-08-07 09:39:33,906 [INFO] Copying loadgen logs from '/home/arjun/mobilenet_results/valid_results/orin-tflite_armnn_cpp-cpu-armnn_tflite-v23.05-using_neon/mobilenet-v2-precision_float-1.0-160/singlestream/performance/run_1' to '/home/arjun/mobilenet_results/valid_results/orin-tflite_armnn_cpp-cpu-armnn_tflite-v23.05-using_neon/mobilenet-v2-precision_float-1.0-160/singlestream/performance/tmp_power/run_1'
client 2023-08-07 09:39:33,907 [INFO] Done runs
