client 2023-08-06 09:43:36,545 [INFO] Creating output directory '/home/arjun/mobilenet_results/valid_results/orin-tflite_cpp-cpu-tflite-vmaster-default_config/mobilenet-v2-precision_float-0.5-160/singlestream/performance/tmp_power'
client 2023-08-06 09:43:36,548 [INFO] Sending command to the server: 'mlcommons/power client v3'
client 2023-08-06 09:43:36,551 [INFO] Got response: 'mlcommons/power server v3'
client 2023-08-06 09:43:36,551 [INFO] Synchronizing with the server and with time.google.com...
client 2023-08-06 09:43:36,573 [INFO] NTP:offset = -0.001 s, delay = 0.019 s 
client 2023-08-06 09:43:36,573 [INFO] Sending command to the server: 'time'
client 2023-08-06 09:43:36,576 [INFO] Got response: '1691311416.3964803'
client 2023-08-06 09:43:36,576 [INFO] The time difference between the client and the server is within range 177.079 ms..180.353 ms
client 2023-08-06 09:43:36,576 [INFO] Sending command to the server: 'new,,5a575b35-f7a2-41a4-bba4-c6bbd24c6e0c'
client 2023-08-06 09:43:36,580 [INFO] Got response: 'OK 2023-08-06_09-43-36,f55b9f9c-ce7b-4017-8134-306cf63f73f8'
client 2023-08-06 09:43:36,580 [INFO] Session id is '2023-08-06_09-43-36'
client 2023-08-06 09:43:36,580 [INFO] Sources: {"sources": {"__init__.py": "da39a3ee5e6b4b0d3255bfef95601890afd80709", "client.py": "33ca4f26368777ac06e01f9567b714a4b8063886", "lib/__init__.py": "da39a3ee5e6b4b0d3255bfef95601890afd80709", "lib/client.py": "ac2aa093c8e8bbc9569b9e2a3471bc64e58a2258", "lib/common.py": "611d8b29633d331eb19c9455ea3b5fa3284ed6df", "lib/external/__init__.py": "da39a3ee5e6b4b0d3255bfef95601890afd80709", "lib/external/ntplib.py": "4da8f970656505a40483206ef2b5d3dd5e81711d", "lib/server.py": "c7af63c31bb2fbedea4345f571f6e3507d268ada", "lib/source_hashes.py": "60a2e02193209e8d392803326208d5466342da18", "lib/summary.py": "aa92f0a3f975eecd44d3c0cd0236342ccc9f941d", "lib/time_sync.py": "122eba67a9abc85635223e054def53be1367ade2", "server.py": "c3f90f2f7eeb4db30727556d0c815ebc89b3d28b", "tests/unit/__init__.py": "da39a3ee5e6b4b0d3255bfef95601890afd80709", "tests/unit/test_server.py": "948c1995d4008bc2aa6c4046a34ffa3858d6d671", "tests/unit/test_source_hashes.py": "00468a2907583c593e6574a1f6b404e4651c221a"}, "modules": {"ptd_client_server.lib.client": "lib/client.py", "ptd_client_server.lib.common": "lib/common.py", "ptd_client_server.lib.external.ntplib": "lib/external/ntplib.py", "ptd_client_server.lib.source_hashes": "lib/source_hashes.py", "ptd_client_server.lib.summary": "lib/summary.py", "ptd_client_server.lib.time_sync": "lib/time_sync.py"}}
client 2023-08-06 09:43:36,580 [INFO] Running workload in ranging mode
client 2023-08-06 09:43:36,580 [INFO] Synchronizing with the server and with time.google.com...
client 2023-08-06 09:43:36,600 [INFO] NTP:offset = -0.001 s, delay = 0.018 s 
client 2023-08-06 09:43:36,600 [INFO] Sending command to the server: 'time'
client 2023-08-06 09:43:36,602 [INFO] Got response: '1691311416.4274156'
client 2023-08-06 09:43:36,602 [INFO] The time difference between the client and the server is within range 172.680 ms..175.287 ms
client 2023-08-06 09:43:36,602 [INFO] Sending command to the server: 'session,2023-08-06_09-43-36,start,ranging'
client 2023-08-06 09:44:05,331 [INFO] Got response: 'OK'
client 2023-08-06 09:44:05,332 [INFO] Sending command to the server: 'time'
client 2023-08-06 09:44:05,335 [INFO] Got response: '1691311445.1594756'
client 2023-08-06 09:44:05,335 [INFO] The time difference between the client and the server is within range 172.661 ms..176.107 ms
client 2023-08-06 09:44:05,335 [INFO] Running the workload 'CM_MLPERF_RUN_COUNT=$(cat ${CM_RUN_DIR}/count.txt); echo ${CM_MLPERF_RUN_COUNT}; CM_MLPERF_RUN_COUNT=$((CM_MLPERF_RUN_COUNT+1)); echo ${CM_MLPERF_RUN_COUNT} > ${CM_RUN_DIR}/count.txt && if [ ${CM_MLPERF_RUN_COUNT} -eq "1" ]; then export CM_MLPERF_USER_CONF=${CM_MLPERF_RANGING_USER_CONF}; else export CM_MLPERF_USER_CONF=${CM_MLPERF_TESTING_USER_CONF}; fi && /mount/CM/repos/ctuning@mlcommons-ck/cm-mlops/script/run-all-mlperf-models/run.out'
client 2023-08-06 09:49:06,646 [INFO] Sending command to the server: 'time'
client 2023-08-06 09:49:06,650 [INFO] Got response: '1691311746.470928'
client 2023-08-06 09:49:06,650 [INFO] The time difference between the client and the server is within range 175.281 ms..179.474 ms
client 2023-08-06 09:49:06,650 [INFO] Sending command to the server: 'session,2023-08-06_09-43-36,stop,ranging'
client 2023-08-06 09:49:17,476 [INFO] Got response: 'OK'
client 2023-08-06 09:49:17,476 [INFO] Sending command to the server: 'time'
client 2023-08-06 09:49:17,478 [INFO] Got response: '1691311757.2963898'
client 2023-08-06 09:49:17,478 [INFO] The time difference between the client and the server is within range 179.988 ms..182.571 ms
client 2023-08-06 09:49:17,482 [INFO] Copying loadgen logs from '/home/arjun/mobilenet_results/valid_results/orin-tflite_cpp-cpu-tflite-vmaster-default_config/mobilenet-v2-precision_float-0.5-160/singlestream/performance/run_1' to '/home/arjun/mobilenet_results/valid_results/orin-tflite_cpp-cpu-tflite-vmaster-default_config/mobilenet-v2-precision_float-0.5-160/singlestream/performance/tmp_power/ranging'
client 2023-08-06 09:49:17,483 [INFO] Running workload in testing mode
client 2023-08-06 09:49:17,483 [INFO] Synchronizing with the server and with time.google.com...
client 2023-08-06 09:49:17,502 [INFO] NTP:offset = -0.001 s, delay = 0.018 s 
client 2023-08-06 09:49:17,502 [INFO] Sending command to the server: 'time'
client 2023-08-06 09:49:17,508 [INFO] Got response: '1691311757.3267543'
client 2023-08-06 09:49:17,508 [INFO] The time difference between the client and the server is within range 175.683 ms..182.158 ms
client 2023-08-06 09:49:17,508 [INFO] Sending command to the server: 'session,2023-08-06_09-43-36,start,testing'
client 2023-08-06 09:49:30,539 [INFO] Got response: 'OK'
client 2023-08-06 09:49:30,539 [INFO] Sending command to the server: 'time'
client 2023-08-06 09:49:30,542 [INFO] Got response: '1691311770.3652604'
client 2023-08-06 09:49:30,542 [INFO] The time difference between the client and the server is within range 173.936 ms..177.089 ms
client 2023-08-06 09:49:30,542 [INFO] Running the workload 'CM_MLPERF_RUN_COUNT=$(cat ${CM_RUN_DIR}/count.txt); echo ${CM_MLPERF_RUN_COUNT}; CM_MLPERF_RUN_COUNT=$((CM_MLPERF_RUN_COUNT+1)); echo ${CM_MLPERF_RUN_COUNT} > ${CM_RUN_DIR}/count.txt && if [ ${CM_MLPERF_RUN_COUNT} -eq "1" ]; then export CM_MLPERF_USER_CONF=${CM_MLPERF_RANGING_USER_CONF}; else export CM_MLPERF_USER_CONF=${CM_MLPERF_TESTING_USER_CONF}; fi && /mount/CM/repos/ctuning@mlcommons-ck/cm-mlops/script/run-all-mlperf-models/run.out'
client 2023-08-06 09:59:32,766 [INFO] Sending command to the server: 'time'
client 2023-08-06 09:59:32,770 [INFO] Got response: '1691312372.5814679'
client 2023-08-06 09:59:32,770 [INFO] The time difference between the client and the server is within range 185.385 ms..188.801 ms
client 2023-08-06 09:59:32,770 [INFO] Sending command to the server: 'session,2023-08-06_09-43-36,stop,testing'
client 2023-08-06 09:59:43,766 [INFO] Got response: 'OK'
client 2023-08-06 09:59:43,766 [INFO] Sending command to the server: 'time'
client 2023-08-06 09:59:43,768 [INFO] Got response: '1691312383.586426'
client 2023-08-06 09:59:43,768 [INFO] The time difference between the client and the server is within range 179.862 ms..181.695 ms
client 2023-08-06 09:59:43,769 [INFO] Copying loadgen logs from '/home/arjun/mobilenet_results/valid_results/orin-tflite_cpp-cpu-tflite-vmaster-default_config/mobilenet-v2-precision_float-0.5-160/singlestream/performance/run_1' to '/home/arjun/mobilenet_results/valid_results/orin-tflite_cpp-cpu-tflite-vmaster-default_config/mobilenet-v2-precision_float-0.5-160/singlestream/performance/tmp_power/run_1'
client 2023-08-06 09:59:43,769 [INFO] Done runs
