client 2023-07-20 00:14:38,513 [INFO] Creating output directory '/home/arjun/mobilenet_results/valid_results/raspberrypi-tflite_armnn_cpp-cpu-armnn_tflite-v22.11-using_neon/mobilenet-v2-precision_uint8-1.0-192/singlestream/performance/tmp_power'
client 2023-07-20 00:14:38,518 [INFO] Sending command to the server: 'mlcommons/power client v3'
client 2023-07-20 00:14:38,522 [INFO] Got response: 'mlcommons/power server v3'
client 2023-07-20 00:14:38,522 [INFO] Synchronizing with the server and with time.google.com...
client 2023-07-20 00:14:38,568 [INFO] NTP:offset = 0.006 s, delay = 0.015 s 
client 2023-07-20 00:14:38,568 [INFO] Sending command to the server: 'time'
client 2023-07-20 00:14:38,572 [INFO] Got response: '1689808478.4192665'
client 2023-07-20 00:14:38,572 [INFO] The time difference between the client and the server is within range 149.573 ms..153.238 ms
client 2023-07-20 00:14:38,573 [INFO] Sending command to the server: 'new,,4948d80a-e8d1-4e2e-b671-f7e121bf0461'
client 2023-07-20 00:14:38,576 [INFO] Got response: 'OK 2023-07-20_00-14-38,1274eaf1-5b06-4f88-bd2f-09f2dbfc1a33'
client 2023-07-20 00:14:38,577 [INFO] Session id is '2023-07-20_00-14-38'
client 2023-07-20 00:14:38,577 [INFO] Sources: {"sources": {"__init__.py": "da39a3ee5e6b4b0d3255bfef95601890afd80709", "client.py": "33ca4f26368777ac06e01f9567b714a4b8063886", "lib/__init__.py": "da39a3ee5e6b4b0d3255bfef95601890afd80709", "lib/client.py": "ac2aa093c8e8bbc9569b9e2a3471bc64e58a2258", "lib/common.py": "611d8b29633d331eb19c9455ea3b5fa3284ed6df", "lib/external/__init__.py": "da39a3ee5e6b4b0d3255bfef95601890afd80709", "lib/external/ntplib.py": "4da8f970656505a40483206ef2b5d3dd5e81711d", "lib/server.py": "c7af63c31bb2fbedea4345f571f6e3507d268ada", "lib/source_hashes.py": "60a2e02193209e8d392803326208d5466342da18", "lib/summary.py": "aa92f0a3f975eecd44d3c0cd0236342ccc9f941d", "lib/time_sync.py": "122eba67a9abc85635223e054def53be1367ade2", "server.py": "c3f90f2f7eeb4db30727556d0c815ebc89b3d28b", "tests/unit/__init__.py": "da39a3ee5e6b4b0d3255bfef95601890afd80709", "tests/unit/test_server.py": "948c1995d4008bc2aa6c4046a34ffa3858d6d671", "tests/unit/test_source_hashes.py": "00468a2907583c593e6574a1f6b404e4651c221a"}, "modules": {"ptd_client_server.lib.client": "lib/client.py", "ptd_client_server.lib.common": "lib/common.py", "ptd_client_server.lib.external.ntplib": "lib/external/ntplib.py", "ptd_client_server.lib.source_hashes": "lib/source_hashes.py", "ptd_client_server.lib.summary": "lib/summary.py", "ptd_client_server.lib.time_sync": "lib/time_sync.py"}}
client 2023-07-20 00:14:38,578 [INFO] Running workload in ranging mode
client 2023-07-20 00:14:38,578 [INFO] Synchronizing with the server and with time.google.com...
client 2023-07-20 00:14:38,608 [INFO] NTP:offset = 0.005 s, delay = 0.014 s 
client 2023-07-20 00:14:38,609 [INFO] Sending command to the server: 'time'
client 2023-07-20 00:14:38,612 [INFO] Got response: '1689808478.4610293'
client 2023-07-20 00:14:38,612 [INFO] The time difference between the client and the server is within range 148.357 ms..151.778 ms
client 2023-07-20 00:14:38,613 [INFO] Sending command to the server: 'session,2023-07-20_00-14-38,start,ranging'
client 2023-07-20 00:15:07,302 [INFO] Got response: 'OK'
client 2023-07-20 00:15:07,303 [INFO] Sending command to the server: 'time'
client 2023-07-20 00:15:07,307 [INFO] Got response: '1689808507.1526322'
client 2023-07-20 00:15:07,307 [INFO] The time difference between the client and the server is within range 150.362 ms..155.185 ms
client 2023-07-20 00:15:07,308 [INFO] Running the workload 'CM_MLPERF_RUN_COUNT=$(cat ${CM_RUN_DIR}/count.txt); echo ${CM_MLPERF_RUN_COUNT}; CM_MLPERF_RUN_COUNT=$((CM_MLPERF_RUN_COUNT+1)); echo ${CM_MLPERF_RUN_COUNT} > ${CM_RUN_DIR}/count.txt && if [ ${CM_MLPERF_RUN_COUNT} -eq "1" ]; then export CM_MLPERF_USER_CONF=${CM_MLPERF_RANGING_USER_CONF}; else export CM_MLPERF_USER_CONF=${CM_MLPERF_TESTING_USER_CONF}; fi && /home/arjun/CM/repos/ctuning@mlcommons-ck/cm-mlops/script/get-lib-armnn/run.out'
client 2023-07-20 00:20:16,946 [INFO] Sending command to the server: 'time'
client 2023-07-20 00:20:16,953 [INFO] Got response: '1689808816.8042681'
client 2023-07-20 00:20:16,953 [INFO] The time difference between the client and the server is within range 141.947 ms..149.240 ms
client 2023-07-20 00:20:16,953 [INFO] Sending command to the server: 'session,2023-07-20_00-14-38,stop,ranging'
client 2023-07-20 00:20:27,378 [INFO] Got response: 'OK'
client 2023-07-20 00:20:27,379 [INFO] Sending command to the server: 'time'
client 2023-07-20 00:20:27,383 [INFO] Got response: '1689808827.2329984'
client 2023-07-20 00:20:27,383 [INFO] The time difference between the client and the server is within range 145.985 ms..150.782 ms
client 2023-07-20 00:20:27,415 [INFO] Copying loadgen logs from '/home/arjun/mobilenet_results/valid_results/raspberrypi-tflite_armnn_cpp-cpu-armnn_tflite-v22.11-using_neon/mobilenet-v2-precision_uint8-1.0-192/singlestream/performance/run_1' to '/home/arjun/mobilenet_results/valid_results/raspberrypi-tflite_armnn_cpp-cpu-armnn_tflite-v22.11-using_neon/mobilenet-v2-precision_uint8-1.0-192/singlestream/performance/tmp_power/ranging'
client 2023-07-20 00:20:27,418 [INFO] Running workload in testing mode
client 2023-07-20 00:20:27,418 [INFO] Synchronizing with the server and with time.google.com...
client 2023-07-20 00:20:27,455 [INFO] NTP:offset = 0.007 s, delay = 0.020 s 
client 2023-07-20 00:20:27,456 [INFO] Sending command to the server: 'time'
client 2023-07-20 00:20:27,460 [INFO] Got response: '1689808827.3063836'
client 2023-07-20 00:20:27,460 [INFO] The time difference between the client and the server is within range 149.905 ms..154.331 ms
client 2023-07-20 00:20:27,461 [INFO] Sending command to the server: 'session,2023-07-20_00-14-38,start,testing'
client 2023-07-20 00:20:40,519 [INFO] Got response: 'OK'
client 2023-07-20 00:20:40,520 [INFO] Sending command to the server: 'time'
client 2023-07-20 00:20:40,524 [INFO] Got response: '1689808840.3763607'
client 2023-07-20 00:20:40,524 [INFO] The time difference between the client and the server is within range 143.958 ms..148.373 ms
client 2023-07-20 00:20:40,525 [INFO] Running the workload 'CM_MLPERF_RUN_COUNT=$(cat ${CM_RUN_DIR}/count.txt); echo ${CM_MLPERF_RUN_COUNT}; CM_MLPERF_RUN_COUNT=$((CM_MLPERF_RUN_COUNT+1)); echo ${CM_MLPERF_RUN_COUNT} > ${CM_RUN_DIR}/count.txt && if [ ${CM_MLPERF_RUN_COUNT} -eq "1" ]; then export CM_MLPERF_USER_CONF=${CM_MLPERF_RANGING_USER_CONF}; else export CM_MLPERF_USER_CONF=${CM_MLPERF_TESTING_USER_CONF}; fi && /home/arjun/CM/repos/ctuning@mlcommons-ck/cm-mlops/script/get-lib-armnn/run.out'
client 2023-07-20 00:30:59,104 [INFO] Sending command to the server: 'time'
client 2023-07-20 00:30:59,109 [INFO] Got response: '1689809458.9577088'
client 2023-07-20 00:30:59,109 [INFO] The time difference between the client and the server is within range 146.962 ms..152.011 ms
client 2023-07-20 00:30:59,109 [INFO] Sending command to the server: 'session,2023-07-20_00-14-38,stop,testing'
client 2023-07-20 00:31:09,602 [INFO] Got response: 'OK'
client 2023-07-20 00:31:09,603 [INFO] Sending command to the server: 'time'
client 2023-07-20 00:31:09,605 [INFO] Got response: '1689809469.4516413'
client 2023-07-20 00:31:09,606 [INFO] The time difference between the client and the server is within range 151.374 ms..154.351 ms
client 2023-07-20 00:31:09,611 [INFO] Copying loadgen logs from '/home/arjun/mobilenet_results/valid_results/raspberrypi-tflite_armnn_cpp-cpu-armnn_tflite-v22.11-using_neon/mobilenet-v2-precision_uint8-1.0-192/singlestream/performance/run_1' to '/home/arjun/mobilenet_results/valid_results/raspberrypi-tflite_armnn_cpp-cpu-armnn_tflite-v22.11-using_neon/mobilenet-v2-precision_uint8-1.0-192/singlestream/performance/tmp_power/run_1'
client 2023-07-20 00:31:09,614 [INFO] Done runs
