client 2023-08-07 10:45:11,978 [INFO] Creating output directory '/home/arjun/mobilenet_results/valid_results/orin-tflite_armnn_cpp-cpu-armnn_tflite-v23.05-using_neon/mobilenet-v2-precision_uint8-0.75-224/singlestream/performance/tmp_power'
client 2023-08-07 10:45:11,981 [INFO] Sending command to the server: 'mlcommons/power client v3'
client 2023-08-07 10:45:11,993 [INFO] Got response: 'mlcommons/power server v3'
client 2023-08-07 10:45:11,993 [INFO] Synchronizing with the server and with time.google.com...
client 2023-08-07 10:45:12,011 [INFO] NTP:offset = 0.000 s, delay = 0.015 s 
client 2023-08-07 10:45:12,011 [INFO] Sending command to the server: 'time'
client 2023-08-07 10:45:12,018 [INFO] Got response: '1691401511.9316838'
client 2023-08-07 10:45:12,018 [INFO] The time difference between the client and the server is within range 80.192 ms..86.923 ms
client 2023-08-07 10:45:12,018 [INFO] Sending command to the server: 'new,,b691a4f0-e6fc-48c7-9d6c-e5849cc185b7'
client 2023-08-07 10:45:12,023 [INFO] Got response: 'OK 2023-08-07_10-45-11,982f7d7a-5cff-48a6-9f6a-82f8952f7211'
client 2023-08-07 10:45:12,023 [INFO] Session id is '2023-08-07_10-45-11'
client 2023-08-07 10:45:12,023 [INFO] Sources: {"sources": {"__init__.py": "da39a3ee5e6b4b0d3255bfef95601890afd80709", "client.py": "33ca4f26368777ac06e01f9567b714a4b8063886", "lib/__init__.py": "da39a3ee5e6b4b0d3255bfef95601890afd80709", "lib/client.py": "ac2aa093c8e8bbc9569b9e2a3471bc64e58a2258", "lib/common.py": "611d8b29633d331eb19c9455ea3b5fa3284ed6df", "lib/external/__init__.py": "da39a3ee5e6b4b0d3255bfef95601890afd80709", "lib/external/ntplib.py": "4da8f970656505a40483206ef2b5d3dd5e81711d", "lib/server.py": "c7af63c31bb2fbedea4345f571f6e3507d268ada", "lib/source_hashes.py": "60a2e02193209e8d392803326208d5466342da18", "lib/summary.py": "aa92f0a3f975eecd44d3c0cd0236342ccc9f941d", "lib/time_sync.py": "122eba67a9abc85635223e054def53be1367ade2", "server.py": "c3f90f2f7eeb4db30727556d0c815ebc89b3d28b", "tests/unit/__init__.py": "da39a3ee5e6b4b0d3255bfef95601890afd80709", "tests/unit/test_server.py": "948c1995d4008bc2aa6c4046a34ffa3858d6d671", "tests/unit/test_source_hashes.py": "00468a2907583c593e6574a1f6b404e4651c221a"}, "modules": {"ptd_client_server.lib.client": "lib/client.py", "ptd_client_server.lib.common": "lib/common.py", "ptd_client_server.lib.external.ntplib": "lib/external/ntplib.py", "ptd_client_server.lib.source_hashes": "lib/source_hashes.py", "ptd_client_server.lib.summary": "lib/summary.py", "ptd_client_server.lib.time_sync": "lib/time_sync.py"}}
client 2023-08-07 10:45:12,023 [INFO] Running workload in ranging mode
client 2023-08-07 10:45:12,023 [INFO] Synchronizing with the server and with time.google.com...
client 2023-08-07 10:45:12,038 [INFO] NTP:offset = 0.002 s, delay = 0.014 s 
client 2023-08-07 10:45:12,038 [INFO] Sending command to the server: 'time'
client 2023-08-07 10:45:12,045 [INFO] Got response: '1691401511.9515173'
client 2023-08-07 10:45:12,045 [INFO] The time difference between the client and the server is within range 87.027 ms..93.782 ms
client 2023-08-07 10:45:12,045 [INFO] Sending command to the server: 'session,2023-08-07_10-45-11,start,ranging'
client 2023-08-07 10:45:40,749 [INFO] Got response: 'OK'
client 2023-08-07 10:45:40,749 [INFO] Sending command to the server: 'time'
client 2023-08-07 10:45:40,753 [INFO] Got response: '1691401540.665357'
client 2023-08-07 10:45:40,753 [INFO] The time difference between the client and the server is within range 84.431 ms..87.929 ms
client 2023-08-07 10:45:40,753 [INFO] Running the workload 'CM_MLPERF_RUN_COUNT=$(cat ${CM_RUN_DIR}/count.txt); echo ${CM_MLPERF_RUN_COUNT}; CM_MLPERF_RUN_COUNT=$((CM_MLPERF_RUN_COUNT+1)); echo ${CM_MLPERF_RUN_COUNT} > ${CM_RUN_DIR}/count.txt && if [ ${CM_MLPERF_RUN_COUNT} -eq "1" ]; then export CM_MLPERF_USER_CONF=${CM_MLPERF_RANGING_USER_CONF}; else export CM_MLPERF_USER_CONF=${CM_MLPERF_TESTING_USER_CONF}; fi && /mount/CM/repos/ctuning@mlcommons-ck/cm-mlops/script/run-all-mlperf-models/run.out'
client 2023-08-07 10:50:42,055 [INFO] Sending command to the server: 'time'
client 2023-08-07 10:50:42,058 [INFO] Got response: '1691401841.9634001'
client 2023-08-07 10:50:42,058 [INFO] The time difference between the client and the server is within range 91.568 ms..94.735 ms
client 2023-08-07 10:50:42,058 [INFO] Sending command to the server: 'session,2023-08-07_10-45-11,stop,ranging'
client 2023-08-07 10:50:53,374 [INFO] Got response: 'OK'
client 2023-08-07 10:50:53,374 [INFO] Sending command to the server: 'time'
client 2023-08-07 10:50:53,377 [INFO] Got response: '1691401853.2795198'
client 2023-08-07 10:50:53,377 [INFO] The time difference between the client and the server is within range 94.698 ms..98.125 ms
client 2023-08-07 10:50:53,381 [INFO] Copying loadgen logs from '/home/arjun/mobilenet_results/valid_results/orin-tflite_armnn_cpp-cpu-armnn_tflite-v23.05-using_neon/mobilenet-v2-precision_uint8-0.75-224/singlestream/performance/run_1' to '/home/arjun/mobilenet_results/valid_results/orin-tflite_armnn_cpp-cpu-armnn_tflite-v23.05-using_neon/mobilenet-v2-precision_uint8-0.75-224/singlestream/performance/tmp_power/ranging'
client 2023-08-07 10:50:53,381 [INFO] Running workload in testing mode
client 2023-08-07 10:50:53,381 [INFO] Synchronizing with the server and with time.google.com...
client 2023-08-07 10:50:53,398 [INFO] NTP:offset = 0.002 s, delay = 0.015 s 
client 2023-08-07 10:50:53,398 [INFO] Sending command to the server: 'time'
client 2023-08-07 10:50:53,400 [INFO] Got response: '1691401853.3099282'
client 2023-08-07 10:50:53,400 [INFO] The time difference between the client and the server is within range 88.516 ms..91.013 ms
client 2023-08-07 10:50:53,401 [INFO] Sending command to the server: 'session,2023-08-07_10-45-11,start,testing'
client 2023-08-07 10:51:06,436 [INFO] Got response: 'OK'
client 2023-08-07 10:51:06,436 [INFO] Sending command to the server: 'time'
client 2023-08-07 10:51:06,439 [INFO] Got response: '1691401866.3488815'
client 2023-08-07 10:51:06,439 [INFO] The time difference between the client and the server is within range 87.800 ms..91.081 ms
client 2023-08-07 10:51:06,440 [INFO] Running the workload 'CM_MLPERF_RUN_COUNT=$(cat ${CM_RUN_DIR}/count.txt); echo ${CM_MLPERF_RUN_COUNT}; CM_MLPERF_RUN_COUNT=$((CM_MLPERF_RUN_COUNT+1)); echo ${CM_MLPERF_RUN_COUNT} > ${CM_RUN_DIR}/count.txt && if [ ${CM_MLPERF_RUN_COUNT} -eq "1" ]; then export CM_MLPERF_USER_CONF=${CM_MLPERF_RANGING_USER_CONF}; else export CM_MLPERF_USER_CONF=${CM_MLPERF_TESTING_USER_CONF}; fi && /mount/CM/repos/ctuning@mlcommons-ck/cm-mlops/script/run-all-mlperf-models/run.out'
client 2023-08-07 11:01:08,755 [INFO] Sending command to the server: 'time'
client 2023-08-07 11:01:08,759 [INFO] Got response: '1691402468.6615415'
client 2023-08-07 11:01:08,759 [INFO] The time difference between the client and the server is within range 94.016 ms..97.983 ms
client 2023-08-07 11:01:08,759 [INFO] Sending command to the server: 'session,2023-08-07_10-45-11,stop,testing'
client 2023-08-07 11:01:19,990 [INFO] Got response: 'OK'
client 2023-08-07 11:01:19,990 [INFO] Sending command to the server: 'time'
client 2023-08-07 11:01:19,992 [INFO] Got response: '1691402479.8948956'
client 2023-08-07 11:01:19,992 [INFO] The time difference between the client and the server is within range 95.475 ms..97.240 ms
client 2023-08-07 11:01:19,992 [INFO] Copying loadgen logs from '/home/arjun/mobilenet_results/valid_results/orin-tflite_armnn_cpp-cpu-armnn_tflite-v23.05-using_neon/mobilenet-v2-precision_uint8-0.75-224/singlestream/performance/run_1' to '/home/arjun/mobilenet_results/valid_results/orin-tflite_armnn_cpp-cpu-armnn_tflite-v23.05-using_neon/mobilenet-v2-precision_uint8-0.75-224/singlestream/performance/tmp_power/run_1'
client 2023-08-07 11:01:19,993 [INFO] Done runs
