client 2023-07-12 22:18:23,721 [INFO] Creating output directory '/home/arjun/mobilenet_results/valid_results/orin-tflite_armnn_cpp-cpu-armnn_tflite-v23.05-using_neon/mobilenet-v1-precision_float-0.5-160/singlestream/performance/tmp_power'
client 2023-07-12 22:18:23,798 [INFO] Sending command to the server: 'mlcommons/power client v3'
client 2023-07-12 22:18:23,803 [INFO] Got response: 'mlcommons/power server v3'
client 2023-07-12 22:18:23,804 [INFO] Synchronizing with the server and with time.google.com...
client 2023-07-12 22:18:23,824 [INFO] NTP:offset = -0.005 s, delay = 0.012 s 
client 2023-07-12 22:18:23,824 [INFO] Sending command to the server: 'time'
client 2023-07-12 22:18:23,828 [INFO] Got response: '1689196703.7528875'
client 2023-07-12 22:18:23,828 [INFO] The time difference between the client and the server is within range 71.875 ms..75.377 ms
client 2023-07-12 22:18:23,828 [INFO] Sending command to the server: 'new,,1d0086a5-cecf-4f0d-9115-7a08bc5f0b99'
client 2023-07-12 22:18:23,836 [INFO] Got response: 'OK 2023-07-12_22-18-23,affb3aae-e05b-4d3a-944e-61d6abec95cd'
client 2023-07-12 22:18:23,836 [INFO] Session id is '2023-07-12_22-18-23'
client 2023-07-12 22:18:23,837 [INFO] Sources: {"sources": {"__init__.py": "da39a3ee5e6b4b0d3255bfef95601890afd80709", "client.py": "33ca4f26368777ac06e01f9567b714a4b8063886", "lib/__init__.py": "da39a3ee5e6b4b0d3255bfef95601890afd80709", "lib/client.py": "ac2aa093c8e8bbc9569b9e2a3471bc64e58a2258", "lib/common.py": "611d8b29633d331eb19c9455ea3b5fa3284ed6df", "lib/external/__init__.py": "da39a3ee5e6b4b0d3255bfef95601890afd80709", "lib/external/ntplib.py": "4da8f970656505a40483206ef2b5d3dd5e81711d", "lib/server.py": "c7af63c31bb2fbedea4345f571f6e3507d268ada", "lib/source_hashes.py": "60a2e02193209e8d392803326208d5466342da18", "lib/summary.py": "aa92f0a3f975eecd44d3c0cd0236342ccc9f941d", "lib/time_sync.py": "122eba67a9abc85635223e054def53be1367ade2", "server.py": "c3f90f2f7eeb4db30727556d0c815ebc89b3d28b", "tests/unit/__init__.py": "da39a3ee5e6b4b0d3255bfef95601890afd80709", "tests/unit/test_server.py": "948c1995d4008bc2aa6c4046a34ffa3858d6d671", "tests/unit/test_source_hashes.py": "00468a2907583c593e6574a1f6b404e4651c221a"}, "modules": {"ptd_client_server.lib.client": "lib/client.py", "ptd_client_server.lib.common": "lib/common.py", "ptd_client_server.lib.external.ntplib": "lib/external/ntplib.py", "ptd_client_server.lib.source_hashes": "lib/source_hashes.py", "ptd_client_server.lib.summary": "lib/summary.py", "ptd_client_server.lib.time_sync": "lib/time_sync.py"}}
client 2023-07-12 22:18:23,838 [INFO] Running workload in ranging mode
client 2023-07-12 22:18:23,838 [INFO] Synchronizing with the server and with time.google.com...
client 2023-07-12 22:18:23,858 [INFO] NTP:offset = -0.005 s, delay = 0.016 s 
client 2023-07-12 22:18:23,858 [INFO] Sending command to the server: 'time'
client 2023-07-12 22:18:23,861 [INFO] Got response: '1689196703.7932515'
client 2023-07-12 22:18:23,861 [INFO] The time difference between the client and the server is within range 65.189 ms..68.363 ms
client 2023-07-12 22:18:23,861 [INFO] Sending command to the server: 'session,2023-07-12_22-18-23,start,ranging'
client 2023-07-12 22:18:52,549 [INFO] Got response: 'OK'
client 2023-07-12 22:18:52,550 [INFO] Sending command to the server: 'time'
client 2023-07-12 22:18:52,556 [INFO] Got response: '1689196732.4820132'
client 2023-07-12 22:18:52,556 [INFO] The time difference between the client and the server is within range 68.488 ms..74.710 ms
client 2023-07-12 22:18:52,557 [INFO] Running the workload 'CM_MLPERF_RUN_COUNT=$(cat ${CM_RUN_DIR}/count.txt); echo ${CM_MLPERF_RUN_COUNT}; CM_MLPERF_RUN_COUNT=$((CM_MLPERF_RUN_COUNT+1)); echo ${CM_MLPERF_RUN_COUNT} > ${CM_RUN_DIR}/count.txt && if [ ${CM_MLPERF_RUN_COUNT} -eq "1" ]; then export CM_MLPERF_USER_CONF=${CM_MLPERF_RANGING_USER_CONF}; else export CM_MLPERF_USER_CONF=${CM_MLPERF_TESTING_USER_CONF}; fi && /home/arjun/run.out'
client 2023-07-12 22:23:54,358 [INFO] Sending command to the server: 'time'
client 2023-07-12 22:23:54,450 [INFO] Got response: '1689197034.3782594'
client 2023-07-12 22:23:54,450 [INFO] The time difference between the client and the server is within range -19.831 ms..72.216 ms
client 2023-07-12 22:23:54,450 [INFO] Sending command to the server: 'session,2023-07-12_22-18-23,stop,ranging'
client 2023-07-12 22:24:04,650 [INFO] Got response: 'OK'
client 2023-07-12 22:24:04,650 [INFO] Sending command to the server: 'time'
client 2023-07-12 22:24:04,655 [INFO] Got response: '1689197044.581082'
client 2023-07-12 22:24:04,656 [INFO] The time difference between the client and the server is within range 69.858 ms..74.867 ms
client 2023-07-12 22:24:04,677 [INFO] Copying loadgen logs from '/home/arjun/mobilenet_results/valid_results/orin-tflite_armnn_cpp-cpu-armnn_tflite-v23.05-using_neon/mobilenet-v1-precision_float-0.5-160/singlestream/performance/run_1' to '/home/arjun/mobilenet_results/valid_results/orin-tflite_armnn_cpp-cpu-armnn_tflite-v23.05-using_neon/mobilenet-v1-precision_float-0.5-160/singlestream/performance/tmp_power/ranging'
client 2023-07-12 22:24:04,679 [INFO] Running workload in testing mode
client 2023-07-12 22:24:04,680 [INFO] Synchronizing with the server and with time.google.com...
client 2023-07-12 22:24:04,701 [INFO] NTP:offset = -0.004 s, delay = 0.016 s 
client 2023-07-12 22:24:04,701 [INFO] Sending command to the server: 'time'
client 2023-07-12 22:24:04,704 [INFO] Got response: '1689197044.6324704'
client 2023-07-12 22:24:04,704 [INFO] The time difference between the client and the server is within range 69.459 ms..72.441 ms
client 2023-07-12 22:24:04,705 [INFO] Sending command to the server: 'session,2023-07-12_22-18-23,start,testing'
client 2023-07-12 22:24:17,763 [INFO] Got response: 'OK'
client 2023-07-12 22:24:17,764 [INFO] Sending command to the server: 'time'
client 2023-07-12 22:24:17,769 [INFO] Got response: '1689197057.689179'
client 2023-07-12 22:24:17,770 [INFO] The time difference between the client and the server is within range 75.580 ms..81.306 ms
client 2023-07-12 22:24:17,770 [INFO] Running the workload 'CM_MLPERF_RUN_COUNT=$(cat ${CM_RUN_DIR}/count.txt); echo ${CM_MLPERF_RUN_COUNT}; CM_MLPERF_RUN_COUNT=$((CM_MLPERF_RUN_COUNT+1)); echo ${CM_MLPERF_RUN_COUNT} > ${CM_RUN_DIR}/count.txt && if [ ${CM_MLPERF_RUN_COUNT} -eq "1" ]; then export CM_MLPERF_USER_CONF=${CM_MLPERF_RANGING_USER_CONF}; else export CM_MLPERF_USER_CONF=${CM_MLPERF_TESTING_USER_CONF}; fi && /home/arjun/run.out'
client 2023-07-12 22:34:21,053 [INFO] Sending command to the server: 'time'
client 2023-07-12 22:34:21,058 [INFO] Got response: '1689197660.9729877'
client 2023-07-12 22:34:21,058 [INFO] The time difference between the client and the server is within range 80.296 ms..85.487 ms
client 2023-07-12 22:34:21,058 [INFO] Sending command to the server: 'session,2023-07-12_22-18-23,stop,testing'
client 2023-07-12 22:34:31,900 [INFO] Got response: 'OK'
client 2023-07-12 22:34:31,901 [INFO] Sending command to the server: 'time'
client 2023-07-12 22:34:31,906 [INFO] Got response: '1689197671.8250186'
client 2023-07-12 22:34:31,906 [INFO] The time difference between the client and the server is within range 76.566 ms..81.385 ms
client 2023-07-12 22:34:31,911 [INFO] Copying loadgen logs from '/home/arjun/mobilenet_results/valid_results/orin-tflite_armnn_cpp-cpu-armnn_tflite-v23.05-using_neon/mobilenet-v1-precision_float-0.5-160/singlestream/performance/run_1' to '/home/arjun/mobilenet_results/valid_results/orin-tflite_armnn_cpp-cpu-armnn_tflite-v23.05-using_neon/mobilenet-v1-precision_float-0.5-160/singlestream/performance/tmp_power/run_1'
client 2023-07-12 22:34:31,913 [INFO] Done runs
