client 2023-07-20 14:43:00,929 [INFO] Creating output directory '/home/arjun/mobilenet_results/valid_results/raspberrypi-tflite_armnn_cpp-cpu-armnn_tflite-v22.11-using_neon/mobilenet-v1-precision_float-0.5-192/singlestream/performance/tmp_power'
client 2023-07-20 14:43:00,933 [INFO] Sending command to the server: 'mlcommons/power client v3'
client 2023-07-20 14:43:00,938 [INFO] Got response: 'mlcommons/power server v3'
client 2023-07-20 14:43:00,938 [INFO] Synchronizing with the server and with time.google.com...
client 2023-07-20 14:43:00,979 [INFO] NTP:offset = -0.013 s, delay = 0.020 s 
client 2023-07-20 14:43:00,980 [INFO] Sending command to the server: 'time'
client 2023-07-20 14:43:00,984 [INFO] Got response: '1689860581.0073297'
client 2023-07-20 14:43:00,984 [INFO] The time difference between the client and the server is within range -27.321 ms..-23.036 ms
client 2023-07-20 14:43:00,984 [INFO] Sending command to the server: 'new,,877f0b87-7e53-4360-bc4a-56a592df2330'
client 2023-07-20 14:43:00,990 [INFO] Got response: 'OK 2023-07-20_14-43-01,84eaa32c-2b58-4b4e-b4f5-d7b4275ac176'
client 2023-07-20 14:43:00,991 [INFO] Session id is '2023-07-20_14-43-01'
client 2023-07-20 14:43:00,991 [INFO] Sources: {"sources": {"__init__.py": "da39a3ee5e6b4b0d3255bfef95601890afd80709", "client.py": "33ca4f26368777ac06e01f9567b714a4b8063886", "lib/__init__.py": "da39a3ee5e6b4b0d3255bfef95601890afd80709", "lib/client.py": "ac2aa093c8e8bbc9569b9e2a3471bc64e58a2258", "lib/common.py": "611d8b29633d331eb19c9455ea3b5fa3284ed6df", "lib/external/__init__.py": "da39a3ee5e6b4b0d3255bfef95601890afd80709", "lib/external/ntplib.py": "4da8f970656505a40483206ef2b5d3dd5e81711d", "lib/server.py": "c7af63c31bb2fbedea4345f571f6e3507d268ada", "lib/source_hashes.py": "60a2e02193209e8d392803326208d5466342da18", "lib/summary.py": "aa92f0a3f975eecd44d3c0cd0236342ccc9f941d", "lib/time_sync.py": "122eba67a9abc85635223e054def53be1367ade2", "server.py": "c3f90f2f7eeb4db30727556d0c815ebc89b3d28b", "tests/unit/__init__.py": "da39a3ee5e6b4b0d3255bfef95601890afd80709", "tests/unit/test_server.py": "948c1995d4008bc2aa6c4046a34ffa3858d6d671", "tests/unit/test_source_hashes.py": "00468a2907583c593e6574a1f6b404e4651c221a"}, "modules": {"ptd_client_server.lib.client": "lib/client.py", "ptd_client_server.lib.common": "lib/common.py", "ptd_client_server.lib.external.ntplib": "lib/external/ntplib.py", "ptd_client_server.lib.source_hashes": "lib/source_hashes.py", "ptd_client_server.lib.summary": "lib/summary.py", "ptd_client_server.lib.time_sync": "lib/time_sync.py"}}
client 2023-07-20 14:43:00,992 [INFO] Running workload in ranging mode
client 2023-07-20 14:43:00,992 [INFO] Synchronizing with the server and with time.google.com...
client 2023-07-20 14:43:01,032 [INFO] NTP:offset = -0.011 s, delay = 0.020 s 
client 2023-07-20 14:43:01,032 [INFO] Sending command to the server: 'time'
client 2023-07-20 14:43:01,037 [INFO] Got response: '1689860581.0576413'
client 2023-07-20 14:43:01,037 [INFO] The time difference between the client and the server is within range -24.983 ms..-19.935 ms
client 2023-07-20 14:43:01,038 [INFO] Sending command to the server: 'session,2023-07-20_14-43-01,start,ranging'
client 2023-07-20 14:43:29,778 [INFO] Got response: 'OK'
client 2023-07-20 14:43:29,779 [INFO] Sending command to the server: 'time'
client 2023-07-20 14:43:29,783 [INFO] Got response: '1689860609.8087544'
client 2023-07-20 14:43:29,783 [INFO] The time difference between the client and the server is within range -29.782 ms..-25.271 ms
client 2023-07-20 14:43:29,783 [INFO] Running the workload 'CM_MLPERF_RUN_COUNT=$(cat ${CM_RUN_DIR}/count.txt); echo ${CM_MLPERF_RUN_COUNT}; CM_MLPERF_RUN_COUNT=$((CM_MLPERF_RUN_COUNT+1)); echo ${CM_MLPERF_RUN_COUNT} > ${CM_RUN_DIR}/count.txt && if [ ${CM_MLPERF_RUN_COUNT} -eq "1" ]; then export CM_MLPERF_USER_CONF=${CM_MLPERF_RANGING_USER_CONF}; else export CM_MLPERF_USER_CONF=${CM_MLPERF_TESTING_USER_CONF}; fi && /home/arjun/run.out'
client 2023-07-20 14:48:43,575 [INFO] Sending command to the server: 'time'
client 2023-07-20 14:48:43,582 [INFO] Got response: '1689860923.604184'
client 2023-07-20 14:48:43,583 [INFO] The time difference between the client and the server is within range -29.317 ms..-20.897 ms
client 2023-07-20 14:48:43,583 [INFO] Sending command to the server: 'session,2023-07-20_14-43-01,stop,ranging'
client 2023-07-20 14:48:54,073 [INFO] Got response: 'OK'
client 2023-07-20 14:48:54,074 [INFO] Sending command to the server: 'time'
client 2023-07-20 14:48:54,078 [INFO] Got response: '1689860934.096668'
client 2023-07-20 14:48:54,079 [INFO] The time difference between the client and the server is within range -22.600 ms..-17.261 ms
client 2023-07-20 14:48:54,114 [INFO] Copying loadgen logs from '/home/arjun/mobilenet_results/valid_results/raspberrypi-tflite_armnn_cpp-cpu-armnn_tflite-v22.11-using_neon/mobilenet-v1-precision_float-0.5-192/singlestream/performance/run_1' to '/home/arjun/mobilenet_results/valid_results/raspberrypi-tflite_armnn_cpp-cpu-armnn_tflite-v22.11-using_neon/mobilenet-v1-precision_float-0.5-192/singlestream/performance/tmp_power/ranging'
client 2023-07-20 14:48:54,118 [INFO] Running workload in testing mode
client 2023-07-20 14:48:54,118 [INFO] Synchronizing with the server and with time.google.com...
client 2023-07-20 14:48:54,178 [INFO] NTP:offset = -0.026 s, delay = 0.043 s 
client 2023-07-20 14:48:54,179 [INFO] Sending command to the server: 'time'
client 2023-07-20 14:48:54,184 [INFO] Got response: '1689860934.2087839'
client 2023-07-20 14:48:54,184 [INFO] The time difference between the client and the server is within range -29.512 ms..-24.453 ms
client 2023-07-20 14:48:54,184 [INFO] Sending command to the server: 'session,2023-07-20_14-43-01,start,testing'
client 2023-07-20 14:49:07,243 [INFO] Got response: 'OK'
client 2023-07-20 14:49:07,244 [INFO] Sending command to the server: 'time'
client 2023-07-20 14:49:07,256 [INFO] Got response: '1689860947.2754326'
client 2023-07-20 14:49:07,256 [INFO] The time difference between the client and the server is within range -31.359 ms..-18.759 ms
client 2023-07-20 14:49:07,257 [INFO] Running the workload 'CM_MLPERF_RUN_COUNT=$(cat ${CM_RUN_DIR}/count.txt); echo ${CM_MLPERF_RUN_COUNT}; CM_MLPERF_RUN_COUNT=$((CM_MLPERF_RUN_COUNT+1)); echo ${CM_MLPERF_RUN_COUNT} > ${CM_RUN_DIR}/count.txt && if [ ${CM_MLPERF_RUN_COUNT} -eq "1" ]; then export CM_MLPERF_USER_CONF=${CM_MLPERF_RANGING_USER_CONF}; else export CM_MLPERF_USER_CONF=${CM_MLPERF_TESTING_USER_CONF}; fi && /home/arjun/run.out'
client 2023-07-20 14:59:21,709 [INFO] Sending command to the server: 'time'
client 2023-07-20 14:59:21,714 [INFO] Got response: '1689861561.7390041'
client 2023-07-20 14:59:21,715 [INFO] The time difference between the client and the server is within range -29.550 ms..-23.940 ms
client 2023-07-20 14:59:21,715 [INFO] Sending command to the server: 'session,2023-07-20_14-43-01,stop,testing'
client 2023-07-20 14:59:32,327 [INFO] Got response: 'OK'
client 2023-07-20 14:59:32,328 [INFO] Sending command to the server: 'time'
client 2023-07-20 14:59:32,331 [INFO] Got response: '1689861572.356701'
client 2023-07-20 14:59:32,331 [INFO] The time difference between the client and the server is within range -28.455 ms..-25.345 ms
client 2023-07-20 14:59:32,337 [INFO] Copying loadgen logs from '/home/arjun/mobilenet_results/valid_results/raspberrypi-tflite_armnn_cpp-cpu-armnn_tflite-v22.11-using_neon/mobilenet-v1-precision_float-0.5-192/singlestream/performance/run_1' to '/home/arjun/mobilenet_results/valid_results/raspberrypi-tflite_armnn_cpp-cpu-armnn_tflite-v22.11-using_neon/mobilenet-v1-precision_float-0.5-192/singlestream/performance/tmp_power/run_1'
client 2023-07-20 14:59:32,340 [INFO] Done runs
