client 2023-07-09 13:44:06,869 [INFO] Creating output directory '/home/arjun/mobilenet_results/valid_results/orin-tflite_cpp-cpu-tflite-vmaster-default_config/mobilenet-v1-precision_uint8-0.5-224/singlestream/performance/tmp_power'
client 2023-07-09 13:44:06,977 [INFO] Sending command to the server: 'mlcommons/power client v3'
client 2023-07-09 13:44:06,982 [INFO] Got response: 'mlcommons/power server v3'
client 2023-07-09 13:44:06,982 [INFO] Synchronizing with the server and with time.google.com...
client 2023-07-09 13:44:07,007 [INFO] NTP:offset = 0.002 s, delay = 0.014 s 
client 2023-07-09 13:44:07,007 [INFO] Sending command to the server: 'time'
client 2023-07-09 13:44:07,011 [INFO] Got response: '1688906647.0108316'
client 2023-07-09 13:44:07,011 [INFO] The time difference between the client and the server is within range -3.262 ms..0.732 ms
client 2023-07-09 13:44:07,011 [INFO] Sending command to the server: 'new,,a260fc0b-7332-4fd7-85b7-d0c0334b3f2f'
client 2023-07-09 13:44:07,016 [INFO] Got response: 'OK 2023-07-09_12-44-07,b9770b36-a0ab-440b-8247-92b6430ccc0b'
client 2023-07-09 13:44:07,016 [INFO] Session id is '2023-07-09_12-44-07'
client 2023-07-09 13:44:07,017 [INFO] Sources: {"sources": {"__init__.py": "da39a3ee5e6b4b0d3255bfef95601890afd80709", "client.py": "33ca4f26368777ac06e01f9567b714a4b8063886", "lib/__init__.py": "da39a3ee5e6b4b0d3255bfef95601890afd80709", "lib/client.py": "ac2aa093c8e8bbc9569b9e2a3471bc64e58a2258", "lib/common.py": "611d8b29633d331eb19c9455ea3b5fa3284ed6df", "lib/external/__init__.py": "da39a3ee5e6b4b0d3255bfef95601890afd80709", "lib/external/ntplib.py": "4da8f970656505a40483206ef2b5d3dd5e81711d", "lib/server.py": "c7af63c31bb2fbedea4345f571f6e3507d268ada", "lib/source_hashes.py": "60a2e02193209e8d392803326208d5466342da18", "lib/summary.py": "aa92f0a3f975eecd44d3c0cd0236342ccc9f941d", "lib/time_sync.py": "122eba67a9abc85635223e054def53be1367ade2", "server.py": "c3f90f2f7eeb4db30727556d0c815ebc89b3d28b", "tests/unit/__init__.py": "da39a3ee5e6b4b0d3255bfef95601890afd80709", "tests/unit/test_server.py": "948c1995d4008bc2aa6c4046a34ffa3858d6d671", "tests/unit/test_source_hashes.py": "00468a2907583c593e6574a1f6b404e4651c221a"}, "modules": {"ptd_client_server.lib.client": "lib/client.py", "ptd_client_server.lib.common": "lib/common.py", "ptd_client_server.lib.external.ntplib": "lib/external/ntplib.py", "ptd_client_server.lib.source_hashes": "lib/source_hashes.py", "ptd_client_server.lib.summary": "lib/summary.py", "ptd_client_server.lib.time_sync": "lib/time_sync.py"}}
client 2023-07-09 13:44:07,018 [INFO] Running workload in ranging mode
client 2023-07-09 13:44:07,018 [INFO] Synchronizing with the server and with time.google.com...
client 2023-07-09 13:44:07,036 [INFO] NTP:offset = 0.002 s, delay = 0.015 s 
client 2023-07-09 13:44:07,036 [INFO] Sending command to the server: 'time'
client 2023-07-09 13:44:07,039 [INFO] Got response: '1688906647.0399857'
client 2023-07-09 13:44:07,040 [INFO] The time difference between the client and the server is within range -3.123 ms..0.159 ms
client 2023-07-09 13:44:07,040 [INFO] Sending command to the server: 'session,2023-07-09_12-44-07,start,ranging'
client 2023-07-09 13:44:35,160 [INFO] Got response: 'OK'
client 2023-07-09 13:44:35,161 [INFO] Sending command to the server: 'time'
client 2023-07-09 13:44:35,164 [INFO] Got response: '1688906675.1643257'
client 2023-07-09 13:44:35,164 [INFO] The time difference between the client and the server is within range -2.901 ms..0.106 ms
client 2023-07-09 13:44:35,164 [INFO] Running the workload 'CM_MLPERF_RUN_COUNT=$(cat ${CM_RUN_DIR}/count.txt); echo ${CM_MLPERF_RUN_COUNT}; CM_MLPERF_RUN_COUNT=$((CM_MLPERF_RUN_COUNT+1)); echo ${CM_MLPERF_RUN_COUNT} > ${CM_RUN_DIR}/count.txt && if [ ${CM_MLPERF_RUN_COUNT} -eq "1" ]; then export CM_MLPERF_USER_CONF=${CM_MLPERF_RANGING_USER_CONF}; else export CM_MLPERF_USER_CONF=${CM_MLPERF_TESTING_USER_CONF}; fi && /home/arjun/run.out'
client 2023-07-09 13:49:41,143 [INFO] Sending command to the server: 'time'
client 2023-07-09 13:49:41,212 [INFO] Got response: '1688906981.2119348'
client 2023-07-09 13:49:41,212 [INFO] The time difference between the client and the server is within range -68.287 ms..0.896 ms
client 2023-07-09 13:49:41,213 [INFO] Sending command to the server: 'session,2023-07-09_12-44-07,stop,ranging'
client 2023-07-09 13:49:52,249 [INFO] Got response: 'OK'
client 2023-07-09 13:49:52,249 [INFO] Sending command to the server: 'time'
client 2023-07-09 13:49:52,252 [INFO] Got response: '1688906992.2524037'
client 2023-07-09 13:49:52,252 [INFO] The time difference between the client and the server is within range -2.645 ms..-0.119 ms
client 2023-07-09 13:49:52,281 [INFO] Copying loadgen logs from '/home/arjun/mobilenet_results/valid_results/orin-tflite_cpp-cpu-tflite-vmaster-default_config/mobilenet-v1-precision_uint8-0.5-224/singlestream/performance/run_1' to '/home/arjun/mobilenet_results/valid_results/orin-tflite_cpp-cpu-tflite-vmaster-default_config/mobilenet-v1-precision_uint8-0.5-224/singlestream/performance/tmp_power/ranging'
client 2023-07-09 13:49:52,283 [INFO] Running workload in testing mode
client 2023-07-09 13:49:52,284 [INFO] Synchronizing with the server and with time.google.com...
client 2023-07-09 13:49:52,305 [INFO] NTP:offset = 0.002 s, delay = 0.017 s 
client 2023-07-09 13:49:52,306 [INFO] Sending command to the server: 'time'
client 2023-07-09 13:49:52,308 [INFO] Got response: '1688906992.3087156'
client 2023-07-09 13:49:52,309 [INFO] The time difference between the client and the server is within range -2.706 ms..0.392 ms
client 2023-07-09 13:49:52,309 [INFO] Sending command to the server: 'session,2023-07-09_12-44-07,start,testing'
client 2023-07-09 13:50:05,332 [INFO] Got response: 'OK'
client 2023-07-09 13:50:05,333 [INFO] Sending command to the server: 'time'
client 2023-07-09 13:50:05,336 [INFO] Got response: '1688907005.3360946'
client 2023-07-09 13:50:05,337 [INFO] The time difference between the client and the server is within range -2.923 ms..0.866 ms
client 2023-07-09 13:50:05,337 [INFO] Running the workload 'CM_MLPERF_RUN_COUNT=$(cat ${CM_RUN_DIR}/count.txt); echo ${CM_MLPERF_RUN_COUNT}; CM_MLPERF_RUN_COUNT=$((CM_MLPERF_RUN_COUNT+1)); echo ${CM_MLPERF_RUN_COUNT} > ${CM_RUN_DIR}/count.txt && if [ ${CM_MLPERF_RUN_COUNT} -eq "1" ]; then export CM_MLPERF_USER_CONF=${CM_MLPERF_RANGING_USER_CONF}; else export CM_MLPERF_USER_CONF=${CM_MLPERF_TESTING_USER_CONF}; fi && /home/arjun/run.out'
client 2023-07-09 14:00:16,607 [INFO] Sending command to the server: 'time'
client 2023-07-09 14:00:16,708 [INFO] Got response: '1688907616.7089117'
client 2023-07-09 14:00:16,708 [INFO] The time difference between the client and the server is within range -101.353 ms..-0.226 ms
client 2023-07-09 14:00:16,708 [INFO] Sending command to the server: 'session,2023-07-09_12-44-07,stop,testing'
client 2023-07-09 14:00:27,386 [INFO] Got response: 'OK'
client 2023-07-09 14:00:27,387 [INFO] Sending command to the server: 'time'
client 2023-07-09 14:00:27,391 [INFO] Got response: '1688907627.3907018'
client 2023-07-09 14:00:27,391 [INFO] The time difference between the client and the server is within range -3.257 ms..0.772 ms
client 2023-07-09 14:00:27,396 [INFO] Copying loadgen logs from '/home/arjun/mobilenet_results/valid_results/orin-tflite_cpp-cpu-tflite-vmaster-default_config/mobilenet-v1-precision_uint8-0.5-224/singlestream/performance/run_1' to '/home/arjun/mobilenet_results/valid_results/orin-tflite_cpp-cpu-tflite-vmaster-default_config/mobilenet-v1-precision_uint8-0.5-224/singlestream/performance/tmp_power/run_1'
client 2023-07-09 14:00:27,398 [INFO] Done runs
