client 2023-07-15 14:39:34,473 [INFO] Creating output directory '/home/arjun/mobilenet_results/valid_results/raspberrypi-tflite_armnn_cpp-cpu-armnn_tflite-v23.05-using_neon/mobilenet-v1-precision_float-0.75-160/singlestream/performance/tmp_power'
client 2023-07-15 14:39:34,478 [INFO] Sending command to the server: 'mlcommons/power client v3'
client 2023-07-15 14:39:34,483 [INFO] Got response: 'mlcommons/power server v3'
client 2023-07-15 14:39:34,484 [INFO] Synchronizing with the server and with time.google.com...
client 2023-07-15 14:39:34,534 [INFO] NTP:offset = -0.080 s, delay = 0.017 s 
client 2023-07-15 14:39:34,534 [INFO] Sending command to the server: 'time'
client 2023-07-15 14:39:34,538 [INFO] Got response: '1689428374.431586'
client 2023-07-15 14:39:34,539 [INFO] The time difference between the client and the server is within range 102.946 ms..107.706 ms
client 2023-07-15 14:39:34,539 [INFO] Sending command to the server: 'new,,fff84d90-a264-4622-96c6-a47899c6efd2'
client 2023-07-15 14:39:34,544 [INFO] Got response: 'OK 2023-07-15_14-39-34,00316bc3-9738-4a3e-9f5d-06cf0aa64f10'
client 2023-07-15 14:39:34,545 [INFO] Session id is '2023-07-15_14-39-34'
client 2023-07-15 14:39:34,545 [INFO] Sources: {"sources": {"__init__.py": "da39a3ee5e6b4b0d3255bfef95601890afd80709", "client.py": "33ca4f26368777ac06e01f9567b714a4b8063886", "lib/__init__.py": "da39a3ee5e6b4b0d3255bfef95601890afd80709", "lib/client.py": "ac2aa093c8e8bbc9569b9e2a3471bc64e58a2258", "lib/common.py": "611d8b29633d331eb19c9455ea3b5fa3284ed6df", "lib/external/__init__.py": "da39a3ee5e6b4b0d3255bfef95601890afd80709", "lib/external/ntplib.py": "4da8f970656505a40483206ef2b5d3dd5e81711d", "lib/server.py": "c7af63c31bb2fbedea4345f571f6e3507d268ada", "lib/source_hashes.py": "60a2e02193209e8d392803326208d5466342da18", "lib/summary.py": "aa92f0a3f975eecd44d3c0cd0236342ccc9f941d", "lib/time_sync.py": "122eba67a9abc85635223e054def53be1367ade2", "server.py": "c3f90f2f7eeb4db30727556d0c815ebc89b3d28b", "tests/unit/__init__.py": "da39a3ee5e6b4b0d3255bfef95601890afd80709", "tests/unit/test_server.py": "948c1995d4008bc2aa6c4046a34ffa3858d6d671", "tests/unit/test_source_hashes.py": "00468a2907583c593e6574a1f6b404e4651c221a"}, "modules": {"ptd_client_server.lib.client": "lib/client.py", "ptd_client_server.lib.common": "lib/common.py", "ptd_client_server.lib.external.ntplib": "lib/external/ntplib.py", "ptd_client_server.lib.source_hashes": "lib/source_hashes.py", "ptd_client_server.lib.summary": "lib/summary.py", "ptd_client_server.lib.time_sync": "lib/time_sync.py"}}
client 2023-07-15 14:39:34,546 [INFO] Running workload in ranging mode
client 2023-07-15 14:39:34,546 [INFO] Synchronizing with the server and with time.google.com...
client 2023-07-15 14:39:34,579 [INFO] NTP:offset = -0.081 s, delay = 0.013 s 
client 2023-07-15 14:39:34,579 [INFO] Sending command to the server: 'time'
client 2023-07-15 14:39:34,586 [INFO] Got response: '1689428374.4760487'
client 2023-07-15 14:39:34,586 [INFO] The time difference between the client and the server is within range 103.817 ms..110.615 ms
client 2023-07-15 14:39:34,587 [INFO] Sending command to the server: 'session,2023-07-15_14-39-34,start,ranging'
client 2023-07-15 14:40:03,274 [INFO] Got response: 'OK'
client 2023-07-15 14:40:03,275 [INFO] Sending command to the server: 'time'
client 2023-07-15 14:40:03,280 [INFO] Got response: '1689428403.1724143'
client 2023-07-15 14:40:03,281 [INFO] The time difference between the client and the server is within range 102.745 ms..108.614 ms
client 2023-07-15 14:40:03,281 [INFO] Running the workload 'CM_MLPERF_RUN_COUNT=$(cat ${CM_RUN_DIR}/count.txt); echo ${CM_MLPERF_RUN_COUNT}; CM_MLPERF_RUN_COUNT=$((CM_MLPERF_RUN_COUNT+1)); echo ${CM_MLPERF_RUN_COUNT} > ${CM_RUN_DIR}/count.txt && if [ ${CM_MLPERF_RUN_COUNT} -eq "1" ]; then export CM_MLPERF_USER_CONF=${CM_MLPERF_RANGING_USER_CONF}; else export CM_MLPERF_USER_CONF=${CM_MLPERF_TESTING_USER_CONF}; fi && /home/arjun/run.out'
client 2023-07-15 14:45:12,857 [INFO] Sending command to the server: 'time'
client 2023-07-15 14:45:12,907 [INFO] Got response: '1689428712.79211'
client 2023-07-15 14:45:12,907 [INFO] The time difference between the client and the server is within range 64.879 ms..115.789 ms
client 2023-07-15 14:45:12,908 [INFO] Sending command to the server: 'session,2023-07-15_14-39-34,stop,ranging'
client 2023-07-15 14:45:23,462 [INFO] Got response: 'OK'
client 2023-07-15 14:45:23,464 [INFO] Sending command to the server: 'time'
client 2023-07-15 14:45:23,467 [INFO] Got response: '1689428723.3527155'
client 2023-07-15 14:45:23,468 [INFO] The time difference between the client and the server is within range 111.349 ms..115.391 ms
client 2023-07-15 14:45:23,498 [INFO] Copying loadgen logs from '/home/arjun/mobilenet_results/valid_results/raspberrypi-tflite_armnn_cpp-cpu-armnn_tflite-v23.05-using_neon/mobilenet-v1-precision_float-0.75-160/singlestream/performance/run_1' to '/home/arjun/mobilenet_results/valid_results/raspberrypi-tflite_armnn_cpp-cpu-armnn_tflite-v23.05-using_neon/mobilenet-v1-precision_float-0.75-160/singlestream/performance/tmp_power/ranging'
client 2023-07-15 14:45:23,502 [INFO] Running workload in testing mode
client 2023-07-15 14:45:23,503 [INFO] Synchronizing with the server and with time.google.com...
client 2023-07-15 14:45:23,538 [INFO] NTP:offset = -0.078 s, delay = 0.014 s 
client 2023-07-15 14:45:23,538 [INFO] Sending command to the server: 'time'
client 2023-07-15 14:45:23,549 [INFO] Got response: '1689428723.4332316'
client 2023-07-15 14:45:23,549 [INFO] The time difference between the client and the server is within range 105.455 ms..116.343 ms
client 2023-07-15 14:45:23,550 [INFO] Sending command to the server: 'session,2023-07-15_14-39-34,start,testing'
client 2023-07-15 14:45:36,585 [INFO] Got response: 'OK'
client 2023-07-15 14:45:36,585 [INFO] Sending command to the server: 'time'
client 2023-07-15 14:45:36,590 [INFO] Got response: '1689428736.4760602'
client 2023-07-15 14:45:36,591 [INFO] The time difference between the client and the server is within range 109.682 ms..115.343 ms
client 2023-07-15 14:45:36,592 [INFO] Running the workload 'CM_MLPERF_RUN_COUNT=$(cat ${CM_RUN_DIR}/count.txt); echo ${CM_MLPERF_RUN_COUNT}; CM_MLPERF_RUN_COUNT=$((CM_MLPERF_RUN_COUNT+1)); echo ${CM_MLPERF_RUN_COUNT} > ${CM_RUN_DIR}/count.txt && if [ ${CM_MLPERF_RUN_COUNT} -eq "1" ]; then export CM_MLPERF_USER_CONF=${CM_MLPERF_RANGING_USER_CONF}; else export CM_MLPERF_USER_CONF=${CM_MLPERF_TESTING_USER_CONF}; fi && /home/arjun/run.out'
client 2023-07-15 14:55:50,310 [INFO] Sending command to the server: 'time'
client 2023-07-15 14:55:50,505 [INFO] Got response: '1689429350.332733'
client 2023-07-15 14:55:50,505 [INFO] The time difference between the client and the server is within range -22.650 ms..173.057 ms
client 2023-07-15 14:55:50,505 [INFO] Sending command to the server: 'session,2023-07-15_14-39-34,stop,testing'
client 2023-07-15 14:56:00,824 [INFO] Got response: 'OK'
client 2023-07-15 14:56:00,824 [INFO] Sending command to the server: 'time'
client 2023-07-15 14:56:00,840 [INFO] Got response: '1689429360.751758'
client 2023-07-15 14:56:00,841 [INFO] The time difference between the client and the server is within range 72.992 ms..89.206 ms
client 2023-07-15 14:56:00,846 [INFO] Copying loadgen logs from '/home/arjun/mobilenet_results/valid_results/raspberrypi-tflite_armnn_cpp-cpu-armnn_tflite-v23.05-using_neon/mobilenet-v1-precision_float-0.75-160/singlestream/performance/run_1' to '/home/arjun/mobilenet_results/valid_results/raspberrypi-tflite_armnn_cpp-cpu-armnn_tflite-v23.05-using_neon/mobilenet-v1-precision_float-0.75-160/singlestream/performance/tmp_power/run_1'
client 2023-07-15 14:56:00,850 [INFO] Done runs
