client 2023-07-11 02:22:49,853 [INFO] Creating output directory '/home/arjun/mobilenet_results/valid_results/orin-tflite_armnn_cpp-cpu-armnn_tflite-v22.11-using_neon/mobilenet-v1-precision_uint8-1.0-128/singlestream/performance/tmp_power'
client 2023-07-11 02:22:49,855 [INFO] Sending command to the server: 'mlcommons/power client v3'
client 2023-07-11 02:22:49,858 [INFO] Got response: 'mlcommons/power server v3'
client 2023-07-11 02:22:49,858 [INFO] Synchronizing with the server and with time.google.com...
client 2023-07-11 02:22:49,878 [INFO] NTP:offset = -0.003 s, delay = 0.016 s 
client 2023-07-11 02:22:49,878 [INFO] Sending command to the server: 'time'
client 2023-07-11 02:22:49,881 [INFO] Got response: '1689038569.796796'
client 2023-07-11 02:22:49,881 [INFO] The time difference between the client and the server is within range 81.920 ms..84.285 ms
client 2023-07-11 02:22:49,881 [INFO] Sending command to the server: 'new,,cd22ef6d-a2b1-44e0-b056-fc58eb7c1b25'
client 2023-07-11 02:22:49,883 [INFO] Got response: 'OK 2023-07-11_02-22-49,95b0828d-3d1d-4b26-bc15-35b03c690740'
client 2023-07-11 02:22:49,883 [INFO] Session id is '2023-07-11_02-22-49'
client 2023-07-11 02:22:49,883 [INFO] Sources: {"sources": {"__init__.py": "da39a3ee5e6b4b0d3255bfef95601890afd80709", "client.py": "33ca4f26368777ac06e01f9567b714a4b8063886", "lib/__init__.py": "da39a3ee5e6b4b0d3255bfef95601890afd80709", "lib/client.py": "ac2aa093c8e8bbc9569b9e2a3471bc64e58a2258", "lib/common.py": "611d8b29633d331eb19c9455ea3b5fa3284ed6df", "lib/external/__init__.py": "da39a3ee5e6b4b0d3255bfef95601890afd80709", "lib/external/ntplib.py": "4da8f970656505a40483206ef2b5d3dd5e81711d", "lib/server.py": "c7af63c31bb2fbedea4345f571f6e3507d268ada", "lib/source_hashes.py": "60a2e02193209e8d392803326208d5466342da18", "lib/summary.py": "aa92f0a3f975eecd44d3c0cd0236342ccc9f941d", "lib/time_sync.py": "122eba67a9abc85635223e054def53be1367ade2", "server.py": "c3f90f2f7eeb4db30727556d0c815ebc89b3d28b", "tests/unit/__init__.py": "da39a3ee5e6b4b0d3255bfef95601890afd80709", "tests/unit/test_server.py": "948c1995d4008bc2aa6c4046a34ffa3858d6d671", "tests/unit/test_source_hashes.py": "00468a2907583c593e6574a1f6b404e4651c221a"}, "modules": {"ptd_client_server.lib.client": "lib/client.py", "ptd_client_server.lib.common": "lib/common.py", "ptd_client_server.lib.external.ntplib": "lib/external/ntplib.py", "ptd_client_server.lib.source_hashes": "lib/source_hashes.py", "ptd_client_server.lib.summary": "lib/summary.py", "ptd_client_server.lib.time_sync": "lib/time_sync.py"}}
client 2023-07-11 02:22:49,883 [INFO] Running workload in ranging mode
client 2023-07-11 02:22:49,883 [INFO] Synchronizing with the server and with time.google.com...
client 2023-07-11 02:22:49,900 [INFO] NTP:offset = -0.002 s, delay = 0.016 s 
client 2023-07-11 02:22:49,900 [INFO] Sending command to the server: 'time'
client 2023-07-11 02:22:49,902 [INFO] Got response: '1689038569.8168495'
client 2023-07-11 02:22:49,902 [INFO] The time difference between the client and the server is within range 83.857 ms..86.027 ms
client 2023-07-11 02:22:49,902 [INFO] Sending command to the server: 'session,2023-07-11_02-22-49,start,ranging'
client 2023-07-11 02:23:18,539 [INFO] Got response: 'OK'
client 2023-07-11 02:23:18,540 [INFO] Sending command to the server: 'time'
client 2023-07-11 02:23:18,545 [INFO] Got response: '1689038598.461944'
client 2023-07-11 02:23:18,545 [INFO] The time difference between the client and the server is within range 78.905 ms..83.430 ms
client 2023-07-11 02:23:18,545 [INFO] Running the workload 'CM_MLPERF_RUN_COUNT=$(cat ${CM_RUN_DIR}/count.txt); echo ${CM_MLPERF_RUN_COUNT}; CM_MLPERF_RUN_COUNT=$((CM_MLPERF_RUN_COUNT+1)); echo ${CM_MLPERF_RUN_COUNT} > ${CM_RUN_DIR}/count.txt && if [ ${CM_MLPERF_RUN_COUNT} -eq "1" ]; then export CM_MLPERF_USER_CONF=${CM_MLPERF_RANGING_USER_CONF}; else export CM_MLPERF_USER_CONF=${CM_MLPERF_TESTING_USER_CONF}; fi && /home/arjun/run.out'
client 2023-07-11 02:28:20,245 [INFO] Sending command to the server: 'time'
client 2023-07-11 02:28:20,249 [INFO] Got response: '1689038900.1679254'
client 2023-07-11 02:28:20,249 [INFO] The time difference between the client and the server is within range 77.594 ms..81.303 ms
client 2023-07-11 02:28:20,249 [INFO] Sending command to the server: 'session,2023-07-11_02-22-49,stop,ranging'
client 2023-07-11 02:28:30,594 [INFO] Got response: 'OK'
client 2023-07-11 02:28:30,594 [INFO] Sending command to the server: 'time'
client 2023-07-11 02:28:30,600 [INFO] Got response: '1689038910.5157719'
client 2023-07-11 02:28:30,600 [INFO] The time difference between the client and the server is within range 79.101 ms..85.117 ms
client 2023-07-11 02:28:30,639 [INFO] Copying loadgen logs from '/home/arjun/mobilenet_results/valid_results/orin-tflite_armnn_cpp-cpu-armnn_tflite-v22.11-using_neon/mobilenet-v1-precision_uint8-1.0-128/singlestream/performance/run_1' to '/home/arjun/mobilenet_results/valid_results/orin-tflite_armnn_cpp-cpu-armnn_tflite-v22.11-using_neon/mobilenet-v1-precision_uint8-1.0-128/singlestream/performance/tmp_power/ranging'
client 2023-07-11 02:28:30,641 [INFO] Running workload in testing mode
client 2023-07-11 02:28:30,642 [INFO] Synchronizing with the server and with time.google.com...
client 2023-07-11 02:28:30,663 [INFO] NTP:offset = -0.002 s, delay = 0.016 s 
client 2023-07-11 02:28:30,663 [INFO] Sending command to the server: 'time'
client 2023-07-11 02:28:30,666 [INFO] Got response: '1689038910.5858476'
client 2023-07-11 02:28:30,666 [INFO] The time difference between the client and the server is within range 77.535 ms..80.771 ms
client 2023-07-11 02:28:30,666 [INFO] Sending command to the server: 'session,2023-07-11_02-22-49,start,testing'
client 2023-07-11 02:28:43,715 [INFO] Got response: 'OK'
client 2023-07-11 02:28:43,716 [INFO] Sending command to the server: 'time'
client 2023-07-11 02:28:43,718 [INFO] Got response: '1689038923.63793'
client 2023-07-11 02:28:43,718 [INFO] The time difference between the client and the server is within range 78.146 ms..80.964 ms
client 2023-07-11 02:28:43,719 [INFO] Running the workload 'CM_MLPERF_RUN_COUNT=$(cat ${CM_RUN_DIR}/count.txt); echo ${CM_MLPERF_RUN_COUNT}; CM_MLPERF_RUN_COUNT=$((CM_MLPERF_RUN_COUNT+1)); echo ${CM_MLPERF_RUN_COUNT} > ${CM_RUN_DIR}/count.txt && if [ ${CM_MLPERF_RUN_COUNT} -eq "1" ]; then export CM_MLPERF_USER_CONF=${CM_MLPERF_RANGING_USER_CONF}; else export CM_MLPERF_USER_CONF=${CM_MLPERF_TESTING_USER_CONF}; fi && /home/arjun/run.out'
client 2023-07-11 02:38:46,702 [INFO] Sending command to the server: 'time'
client 2023-07-11 02:38:46,706 [INFO] Got response: '1689039526.6214197'
client 2023-07-11 02:38:46,706 [INFO] The time difference between the client and the server is within range 80.964 ms..85.479 ms
client 2023-07-11 02:38:46,707 [INFO] Sending command to the server: 'session,2023-07-11_02-22-49,stop,testing'
client 2023-07-11 02:38:56,804 [INFO] Got response: 'OK'
client 2023-07-11 02:38:56,804 [INFO] Sending command to the server: 'time'
client 2023-07-11 02:38:56,807 [INFO] Got response: '1689039536.7161214'
client 2023-07-11 02:38:56,807 [INFO] The time difference between the client and the server is within range 88.536 ms..91.211 ms
client 2023-07-11 02:38:56,811 [INFO] Copying loadgen logs from '/home/arjun/mobilenet_results/valid_results/orin-tflite_armnn_cpp-cpu-armnn_tflite-v22.11-using_neon/mobilenet-v1-precision_uint8-1.0-128/singlestream/performance/run_1' to '/home/arjun/mobilenet_results/valid_results/orin-tflite_armnn_cpp-cpu-armnn_tflite-v22.11-using_neon/mobilenet-v1-precision_uint8-1.0-128/singlestream/performance/tmp_power/run_1'
client 2023-07-11 02:38:56,814 [INFO] Done runs
