client 2023-09-04 12:58:09,211 [INFO] Creating output directory '/home/arjun/results_dir/valid_results/phoenix_Amd_Am5-reference-cpu-pytorch-v2.0.1-default_config/bert-99/offline/performance/tmp_power'
client 2023-09-04 12:58:09,488 [INFO] Sending command to the server: 'mlcommons/power client v3'
client 2023-09-04 12:58:09,490 [INFO] Got response: 'mlcommons/power server v3'
client 2023-09-04 12:58:09,490 [INFO] Synchronizing with the server and with time.google.com...
client 2023-09-04 12:58:09,518 [INFO] NTP:offset = -0.000 s, delay = 0.019 s 
client 2023-09-04 12:58:09,518 [INFO] Sending command to the server: 'time'
client 2023-09-04 12:58:09,521 [INFO] Got response: '1693828689.5224938'
client 2023-09-04 12:58:09,521 [INFO] The time difference between the client and the server is within range -3.703 ms..-0.687 ms
client 2023-09-04 12:58:09,521 [INFO] Sending command to the server: 'new,,56a13e78-44bd-4b3d-af1c-2dd024ae281f'
client 2023-09-04 12:58:09,523 [INFO] Got response: 'OK 2023-09-04_11-58-09,6cd69a4f-4b06-4629-a05f-cc4a7f3f3ba4'
client 2023-09-04 12:58:09,523 [INFO] Session id is '2023-09-04_11-58-09'
client 2023-09-04 12:58:09,523 [INFO] Sources: {"sources": {"__init__.py": "da39a3ee5e6b4b0d3255bfef95601890afd80709", "client.py": "33ca4f26368777ac06e01f9567b714a4b8063886", "lib/__init__.py": "da39a3ee5e6b4b0d3255bfef95601890afd80709", "lib/client.py": "ac2aa093c8e8bbc9569b9e2a3471bc64e58a2258", "lib/common.py": "611d8b29633d331eb19c9455ea3b5fa3284ed6df", "lib/external/__init__.py": "da39a3ee5e6b4b0d3255bfef95601890afd80709", "lib/external/ntplib.py": "4da8f970656505a40483206ef2b5d3dd5e81711d", "lib/server.py": "c7af63c31bb2fbedea4345f571f6e3507d268ada", "lib/source_hashes.py": "60a2e02193209e8d392803326208d5466342da18", "lib/summary.py": "aa92f0a3f975eecd44d3c0cd0236342ccc9f941d", "lib/time_sync.py": "122eba67a9abc85635223e054def53be1367ade2", "server.py": "c3f90f2f7eeb4db30727556d0c815ebc89b3d28b", "tests/unit/__init__.py": "da39a3ee5e6b4b0d3255bfef95601890afd80709", "tests/unit/test_server.py": "948c1995d4008bc2aa6c4046a34ffa3858d6d671", "tests/unit/test_source_hashes.py": "00468a2907583c593e6574a1f6b404e4651c221a"}, "modules": {"ptd_client_server.lib.client": "lib/client.py", "ptd_client_server.lib.common": "lib/common.py", "ptd_client_server.lib.external.ntplib": "lib/external/ntplib.py", "ptd_client_server.lib.source_hashes": "lib/source_hashes.py", "ptd_client_server.lib.summary": "lib/summary.py", "ptd_client_server.lib.time_sync": "lib/time_sync.py"}}
client 2023-09-04 12:58:09,523 [INFO] Running workload in ranging mode
client 2023-09-04 12:58:09,523 [INFO] Synchronizing with the server and with time.google.com...
client 2023-09-04 12:58:09,537 [INFO] NTP:offset = -0.001 s, delay = 0.013 s 
client 2023-09-04 12:58:09,537 [INFO] Sending command to the server: 'time'
client 2023-09-04 12:58:09,539 [INFO] Got response: '1693828689.5403624'
client 2023-09-04 12:58:09,539 [INFO] The time difference between the client and the server is within range -2.627 ms..-0.378 ms
client 2023-09-04 12:58:09,540 [INFO] Sending command to the server: 'session,2023-09-04_11-58-09,start,ranging'
client 2023-09-04 12:58:37,631 [INFO] Got response: 'OK'
client 2023-09-04 12:58:37,631 [INFO] Sending command to the server: 'time'
client 2023-09-04 12:58:37,633 [INFO] Got response: '1693828717.63446'
client 2023-09-04 12:58:37,633 [INFO] The time difference between the client and the server is within range -2.760 ms..-0.727 ms
client 2023-09-04 12:58:37,633 [INFO] Running the workload 'CM_MLPERF_RUN_COUNT=$(cat ${CM_RUN_DIR}/count.txt); echo ${CM_MLPERF_RUN_COUNT}; CM_MLPERF_RUN_COUNT=$((CM_MLPERF_RUN_COUNT+1)); echo ${CM_MLPERF_RUN_COUNT} > ${CM_RUN_DIR}/count.txt && if [ ${CM_MLPERF_RUN_COUNT} -eq "1" ]; then export CM_MLPERF_USER_CONF=${CM_MLPERF_RANGING_USER_CONF}; else export CM_MLPERF_USER_CONF=${CM_MLPERF_TESTING_USER_CONF}; fi && /usr/bin/python3 run.py --backend=pytorch --scenario=Offline --mlperf_conf "/home/arjun/CM/repos/local/cache/fbd173afb8284a45/inference/mlperf.conf" --user_conf "${CM_MLPERF_USER_CONF}"'
client 2023-09-04 13:04:29,908 [INFO] Sending command to the server: 'time'
client 2023-09-04 13:04:30,105 [INFO] Got response: '1693829070.1059415'
client 2023-09-04 13:04:30,105 [INFO] The time difference between the client and the server is within range -197.218 ms..-0.286 ms
client 2023-09-04 13:04:30,105 [INFO] Sending command to the server: 'session,2023-09-04_11-58-09,stop,ranging'
client 2023-09-04 13:04:40,776 [INFO] Got response: 'OK'
client 2023-09-04 13:04:40,776 [INFO] Sending command to the server: 'time'
client 2023-09-04 13:04:40,778 [INFO] Got response: '1693829080.7788725'
client 2023-09-04 13:04:40,778 [INFO] The time difference between the client and the server is within range -2.425 ms..-0.587 ms
client 2023-09-04 13:04:40,780 [INFO] Copying loadgen logs from '/home/arjun/results_dir/valid_results/phoenix_Amd_Am5-reference-cpu-pytorch-v2.0.1-default_config/bert-99/offline/performance/run_1' to '/home/arjun/results_dir/valid_results/phoenix_Amd_Am5-reference-cpu-pytorch-v2.0.1-default_config/bert-99/offline/performance/tmp_power/ranging'
client 2023-09-04 13:04:40,780 [INFO] Running workload in testing mode
client 2023-09-04 13:04:40,780 [INFO] Synchronizing with the server and with time.google.com...
client 2023-09-04 13:04:40,809 [INFO] NTP:offset = -0.000 s, delay = 0.016 s 
client 2023-09-04 13:04:40,809 [INFO] Sending command to the server: 'time'
client 2023-09-04 13:04:40,812 [INFO] Got response: '1693829080.8127315'
client 2023-09-04 13:04:40,812 [INFO] The time difference between the client and the server is within range -3.370 ms..-0.699 ms
client 2023-09-04 13:04:40,812 [INFO] Sending command to the server: 'session,2023-09-04_11-58-09,start,testing'
client 2023-09-04 13:04:53,825 [INFO] Got response: 'OK'
client 2023-09-04 13:04:53,825 [INFO] Sending command to the server: 'time'
client 2023-09-04 13:04:53,827 [INFO] Got response: '1693829093.827498'
client 2023-09-04 13:04:53,827 [INFO] The time difference between the client and the server is within range -2.038 ms..-0.363 ms
client 2023-09-04 13:04:53,827 [INFO] Running the workload 'CM_MLPERF_RUN_COUNT=$(cat ${CM_RUN_DIR}/count.txt); echo ${CM_MLPERF_RUN_COUNT}; CM_MLPERF_RUN_COUNT=$((CM_MLPERF_RUN_COUNT+1)); echo ${CM_MLPERF_RUN_COUNT} > ${CM_RUN_DIR}/count.txt && if [ ${CM_MLPERF_RUN_COUNT} -eq "1" ]; then export CM_MLPERF_USER_CONF=${CM_MLPERF_RANGING_USER_CONF}; else export CM_MLPERF_USER_CONF=${CM_MLPERF_TESTING_USER_CONF}; fi && /usr/bin/python3 run.py --backend=pytorch --scenario=Offline --mlperf_conf "/home/arjun/CM/repos/local/cache/fbd173afb8284a45/inference/mlperf.conf" --user_conf "${CM_MLPERF_USER_CONF}"'
client 2023-09-04 14:48:00,736 [INFO] Sending command to the server: 'time'
client 2023-09-04 14:48:00,739 [INFO] Got response: '1693835280.7389736'
client 2023-09-04 14:48:00,739 [INFO] The time difference between the client and the server is within range -2.513 ms..0.306 ms
client 2023-09-04 14:48:00,739 [INFO] Sending command to the server: 'session,2023-09-04_11-58-09,stop,testing'
client 2023-09-04 14:48:10,922 [INFO] Got response: 'OK'
client 2023-09-04 14:48:10,922 [INFO] Sending command to the server: 'time'
client 2023-09-04 14:48:10,923 [INFO] Got response: '1693835290.9235358'
client 2023-09-04 14:48:10,923 [INFO] The time difference between the client and the server is within range -1.010 ms..0.049 ms
client 2023-09-04 14:48:10,923 [INFO] Copying loadgen logs from '/home/arjun/results_dir/valid_results/phoenix_Amd_Am5-reference-cpu-pytorch-v2.0.1-default_config/bert-99/offline/performance/run_1' to '/home/arjun/results_dir/valid_results/phoenix_Amd_Am5-reference-cpu-pytorch-v2.0.1-default_config/bert-99/offline/performance/tmp_power/run_1'
client 2023-09-04 14:48:10,924 [INFO] Done runs
