client 2023-09-04 04:52:44,845 [INFO] Creating output directory '/home/arjun/results_dir/valid_results/phoenix_Amd_Am5-reference-gpu-onnxruntime-v1.15.1-default_config/bert-99/offline/performance/tmp_power'
client 2023-09-04 04:52:45,055 [INFO] Sending command to the server: 'mlcommons/power client v3'
client 2023-09-04 04:52:45,057 [INFO] Got response: 'mlcommons/power server v3'
client 2023-09-04 04:52:45,057 [INFO] Synchronizing with the server and with time.google.com...
client 2023-09-04 04:52:45,088 [INFO] NTP:offset = -0.001 s, delay = 0.016 s 
client 2023-09-04 04:52:45,088 [INFO] Sending command to the server: 'time'
client 2023-09-04 04:52:45,089 [INFO] Got response: '1693799565.0870082'
client 2023-09-04 04:52:45,089 [INFO] The time difference between the client and the server is within range 1.094 ms..2.199 ms
client 2023-09-04 04:52:45,089 [INFO] Sending command to the server: 'new,,16da8514-defd-4a65-8a1d-3abc3dcb6ba6'
client 2023-09-04 04:52:45,090 [INFO] Got response: 'OK 2023-09-04_03-52-45,803b657a-6adf-44f8-bb15-ea928718d529'
client 2023-09-04 04:52:45,090 [INFO] Session id is '2023-09-04_03-52-45'
client 2023-09-04 04:52:45,090 [INFO] Sources: {"sources": {"__init__.py": "da39a3ee5e6b4b0d3255bfef95601890afd80709", "client.py": "33ca4f26368777ac06e01f9567b714a4b8063886", "lib/__init__.py": "da39a3ee5e6b4b0d3255bfef95601890afd80709", "lib/client.py": "ac2aa093c8e8bbc9569b9e2a3471bc64e58a2258", "lib/common.py": "611d8b29633d331eb19c9455ea3b5fa3284ed6df", "lib/external/__init__.py": "da39a3ee5e6b4b0d3255bfef95601890afd80709", "lib/external/ntplib.py": "4da8f970656505a40483206ef2b5d3dd5e81711d", "lib/server.py": "c7af63c31bb2fbedea4345f571f6e3507d268ada", "lib/source_hashes.py": "60a2e02193209e8d392803326208d5466342da18", "lib/summary.py": "aa92f0a3f975eecd44d3c0cd0236342ccc9f941d", "lib/time_sync.py": "122eba67a9abc85635223e054def53be1367ade2", "server.py": "c3f90f2f7eeb4db30727556d0c815ebc89b3d28b", "tests/unit/__init__.py": "da39a3ee5e6b4b0d3255bfef95601890afd80709", "tests/unit/test_server.py": "948c1995d4008bc2aa6c4046a34ffa3858d6d671", "tests/unit/test_source_hashes.py": "00468a2907583c593e6574a1f6b404e4651c221a"}, "modules": {"ptd_client_server.lib.client": "lib/client.py", "ptd_client_server.lib.common": "lib/common.py", "ptd_client_server.lib.external.ntplib": "lib/external/ntplib.py", "ptd_client_server.lib.source_hashes": "lib/source_hashes.py", "ptd_client_server.lib.summary": "lib/summary.py", "ptd_client_server.lib.time_sync": "lib/time_sync.py"}}
client 2023-09-04 04:52:45,091 [INFO] Running workload in ranging mode
client 2023-09-04 04:52:45,091 [INFO] Synchronizing with the server and with time.google.com...
client 2023-09-04 04:52:45,106 [INFO] NTP:offset = -0.000 s, delay = 0.015 s 
client 2023-09-04 04:52:45,107 [INFO] Sending command to the server: 'time'
client 2023-09-04 04:52:45,108 [INFO] Got response: '1693799565.106064'
client 2023-09-04 04:52:45,108 [INFO] The time difference between the client and the server is within range 0.935 ms..2.230 ms
client 2023-09-04 04:52:45,108 [INFO] Sending command to the server: 'session,2023-09-04_03-52-45,start,ranging'
client 2023-09-04 04:53:13,199 [INFO] Got response: 'OK'
client 2023-09-04 04:53:13,199 [INFO] Sending command to the server: 'time'
client 2023-09-04 04:53:13,200 [INFO] Got response: '1693799593.1983476'
client 2023-09-04 04:53:13,201 [INFO] The time difference between the client and the server is within range 0.863 ms..2.707 ms
client 2023-09-04 04:53:13,201 [INFO] Running the workload 'CM_MLPERF_RUN_COUNT=$(cat ${CM_RUN_DIR}/count.txt); echo ${CM_MLPERF_RUN_COUNT}; CM_MLPERF_RUN_COUNT=$((CM_MLPERF_RUN_COUNT+1)); echo ${CM_MLPERF_RUN_COUNT} > ${CM_RUN_DIR}/count.txt && if [ ${CM_MLPERF_RUN_COUNT} -eq "1" ]; then export CM_MLPERF_USER_CONF=${CM_MLPERF_RANGING_USER_CONF}; else export CM_MLPERF_USER_CONF=${CM_MLPERF_TESTING_USER_CONF}; fi && /usr/bin/python3 run.py --backend=onnxruntime --scenario=Offline --mlperf_conf "/home/arjun/CM/repos/local/cache/fbd173afb8284a45/inference/mlperf.conf" --user_conf "${CM_MLPERF_USER_CONF}"'
client 2023-09-04 04:58:51,367 [INFO] Sending command to the server: 'time'
client 2023-09-04 04:58:51,368 [INFO] Got response: '1693799931.3663683'
client 2023-09-04 04:58:51,368 [INFO] The time difference between the client and the server is within range 1.089 ms..2.277 ms
client 2023-09-04 04:58:51,368 [INFO] Sending command to the server: 'session,2023-09-04_03-52-45,stop,ranging'
client 2023-09-04 04:59:02,415 [INFO] Got response: 'OK'
client 2023-09-04 04:59:02,415 [INFO] Sending command to the server: 'time'
client 2023-09-04 04:59:02,416 [INFO] Got response: '1693799942.414429'
client 2023-09-04 04:59:02,416 [INFO] The time difference between the client and the server is within range 1.245 ms..2.383 ms
client 2023-09-04 04:59:02,418 [INFO] Copying loadgen logs from '/home/arjun/results_dir/valid_results/phoenix_Amd_Am5-reference-gpu-onnxruntime-v1.15.1-default_config/bert-99/offline/performance/run_1' to '/home/arjun/results_dir/valid_results/phoenix_Amd_Am5-reference-gpu-onnxruntime-v1.15.1-default_config/bert-99/offline/performance/tmp_power/ranging'
client 2023-09-04 04:59:02,419 [INFO] Running workload in testing mode
client 2023-09-04 04:59:02,419 [INFO] Synchronizing with the server and with time.google.com...
client 2023-09-04 04:59:02,432 [INFO] NTP:offset = 0.000 s, delay = 0.013 s 
client 2023-09-04 04:59:02,432 [INFO] Sending command to the server: 'time'
client 2023-09-04 04:59:02,433 [INFO] Got response: '1693799942.4312887'
client 2023-09-04 04:59:02,433 [INFO] The time difference between the client and the server is within range 1.184 ms..2.235 ms
client 2023-09-04 04:59:02,433 [INFO] Sending command to the server: 'session,2023-09-04_03-52-45,start,testing'
client 2023-09-04 04:59:15,445 [INFO] Got response: 'OK'
client 2023-09-04 04:59:15,445 [INFO] Sending command to the server: 'time'
client 2023-09-04 04:59:15,446 [INFO] Got response: '1693799955.4440844'
client 2023-09-04 04:59:15,446 [INFO] The time difference between the client and the server is within range 1.355 ms..2.534 ms
client 2023-09-04 04:59:15,446 [INFO] Running the workload 'CM_MLPERF_RUN_COUNT=$(cat ${CM_RUN_DIR}/count.txt); echo ${CM_MLPERF_RUN_COUNT}; CM_MLPERF_RUN_COUNT=$((CM_MLPERF_RUN_COUNT+1)); echo ${CM_MLPERF_RUN_COUNT} > ${CM_RUN_DIR}/count.txt && if [ ${CM_MLPERF_RUN_COUNT} -eq "1" ]; then export CM_MLPERF_USER_CONF=${CM_MLPERF_RANGING_USER_CONF}; else export CM_MLPERF_USER_CONF=${CM_MLPERF_TESTING_USER_CONF}; fi && /usr/bin/python3 run.py --backend=onnxruntime --scenario=Offline --mlperf_conf "/home/arjun/CM/repos/local/cache/fbd173afb8284a45/inference/mlperf.conf" --user_conf "${CM_MLPERF_USER_CONF}"'
client 2023-09-04 05:10:27,548 [INFO] Sending command to the server: 'time'
client 2023-09-04 05:10:27,561 [INFO] Got response: '1693800627.5599425'
client 2023-09-04 05:10:27,561 [INFO] The time difference between the client and the server is within range -11.121 ms..1.125 ms
client 2023-09-04 05:10:27,561 [INFO] Sending command to the server: 'session,2023-09-04_03-52-45,stop,testing'
client 2023-09-04 05:10:38,489 [INFO] Got response: 'OK'
client 2023-09-04 05:10:38,489 [INFO] Sending command to the server: 'time'
client 2023-09-04 05:10:38,491 [INFO] Got response: '1693800638.4897568'
client 2023-09-04 05:10:38,491 [INFO] The time difference between the client and the server is within range 0.161 ms..1.332 ms
client 2023-09-04 05:10:38,491 [INFO] Copying loadgen logs from '/home/arjun/results_dir/valid_results/phoenix_Amd_Am5-reference-gpu-onnxruntime-v1.15.1-default_config/bert-99/offline/performance/run_1' to '/home/arjun/results_dir/valid_results/phoenix_Amd_Am5-reference-gpu-onnxruntime-v1.15.1-default_config/bert-99/offline/performance/tmp_power/run_1'
client 2023-09-04 05:10:38,491 [INFO] Done runs
