client 2023-07-13 05:06:34,082 [INFO] Creating output directory '/home/arjun/mobilenet_results/valid_results/orin-tflite_armnn_cpp-cpu-armnn_tflite-v23.05-using_neon/mobilenet-v3-precision_float-large-224/singlestream/performance/tmp_power'
client 2023-07-13 05:06:34,085 [INFO] Sending command to the server: 'mlcommons/power client v3'
client 2023-07-13 05:06:34,088 [INFO] Got response: 'mlcommons/power server v3'
client 2023-07-13 05:06:34,088 [INFO] Synchronizing with the server and with time.google.com...
client 2023-07-13 05:06:34,109 [INFO] NTP:offset = -0.008 s, delay = 0.015 s 
client 2023-07-13 05:06:34,109 [INFO] Sending command to the server: 'time'
client 2023-07-13 05:06:34,111 [INFO] Got response: '1689221194.0336225'
client 2023-07-13 05:06:34,111 [INFO] The time difference between the client and the server is within range 75.657 ms..78.084 ms
client 2023-07-13 05:06:34,111 [INFO] Sending command to the server: 'new,,2cf2712c-b68b-4ee7-beed-d471c41ca365'
client 2023-07-13 05:06:34,114 [INFO] Got response: 'OK 2023-07-13_05-06-34,2c8801a5-9c70-4c81-bd4f-65df2d9ad5a8'
client 2023-07-13 05:06:34,115 [INFO] Session id is '2023-07-13_05-06-34'
client 2023-07-13 05:06:34,115 [INFO] Sources: {"sources": {"__init__.py": "da39a3ee5e6b4b0d3255bfef95601890afd80709", "client.py": "33ca4f26368777ac06e01f9567b714a4b8063886", "lib/__init__.py": "da39a3ee5e6b4b0d3255bfef95601890afd80709", "lib/client.py": "ac2aa093c8e8bbc9569b9e2a3471bc64e58a2258", "lib/common.py": "611d8b29633d331eb19c9455ea3b5fa3284ed6df", "lib/external/__init__.py": "da39a3ee5e6b4b0d3255bfef95601890afd80709", "lib/external/ntplib.py": "4da8f970656505a40483206ef2b5d3dd5e81711d", "lib/server.py": "c7af63c31bb2fbedea4345f571f6e3507d268ada", "lib/source_hashes.py": "60a2e02193209e8d392803326208d5466342da18", "lib/summary.py": "aa92f0a3f975eecd44d3c0cd0236342ccc9f941d", "lib/time_sync.py": "122eba67a9abc85635223e054def53be1367ade2", "server.py": "c3f90f2f7eeb4db30727556d0c815ebc89b3d28b", "tests/unit/__init__.py": "da39a3ee5e6b4b0d3255bfef95601890afd80709", "tests/unit/test_server.py": "948c1995d4008bc2aa6c4046a34ffa3858d6d671", "tests/unit/test_source_hashes.py": "00468a2907583c593e6574a1f6b404e4651c221a"}, "modules": {"ptd_client_server.lib.client": "lib/client.py", "ptd_client_server.lib.common": "lib/common.py", "ptd_client_server.lib.external.ntplib": "lib/external/ntplib.py", "ptd_client_server.lib.source_hashes": "lib/source_hashes.py", "ptd_client_server.lib.summary": "lib/summary.py", "ptd_client_server.lib.time_sync": "lib/time_sync.py"}}
client 2023-07-13 05:06:34,115 [INFO] Running workload in ranging mode
client 2023-07-13 05:06:34,115 [INFO] Synchronizing with the server and with time.google.com...
client 2023-07-13 05:06:34,130 [INFO] NTP:offset = -0.009 s, delay = 0.014 s 
client 2023-07-13 05:06:34,130 [INFO] Sending command to the server: 'time'
client 2023-07-13 05:06:34,336 [INFO] Got response: '1689221194.2565005'
client 2023-07-13 05:06:34,336 [INFO] The time difference between the client and the server is within range -126.166 ms..80.028 ms
client 2023-07-13 05:06:34,336 [INFO] Sending command to the server: 'session,2023-07-13_05-06-34,start,ranging'
client 2023-07-13 05:07:03,068 [INFO] Got response: 'OK'
client 2023-07-13 05:07:03,069 [INFO] Sending command to the server: 'time'
client 2023-07-13 05:07:03,075 [INFO] Got response: '1689221222.9947824'
client 2023-07-13 05:07:03,075 [INFO] The time difference between the client and the server is within range 74.734 ms..80.942 ms
client 2023-07-13 05:07:03,076 [INFO] Running the workload 'CM_MLPERF_RUN_COUNT=$(cat ${CM_RUN_DIR}/count.txt); echo ${CM_MLPERF_RUN_COUNT}; CM_MLPERF_RUN_COUNT=$((CM_MLPERF_RUN_COUNT+1)); echo ${CM_MLPERF_RUN_COUNT} > ${CM_RUN_DIR}/count.txt && if [ ${CM_MLPERF_RUN_COUNT} -eq "1" ]; then export CM_MLPERF_USER_CONF=${CM_MLPERF_RANGING_USER_CONF}; else export CM_MLPERF_USER_CONF=${CM_MLPERF_TESTING_USER_CONF}; fi && /home/arjun/run.out'
client 2023-07-13 05:12:05,071 [INFO] Sending command to the server: 'time'
client 2023-07-13 05:12:05,077 [INFO] Got response: '1689221524.9977658'
client 2023-07-13 05:12:05,078 [INFO] The time difference between the client and the server is within range 73.427 ms..80.197 ms
client 2023-07-13 05:12:05,078 [INFO] Sending command to the server: 'session,2023-07-13_05-06-34,stop,ranging'
client 2023-07-13 05:12:16,225 [INFO] Got response: 'OK'
client 2023-07-13 05:12:16,226 [INFO] Sending command to the server: 'time'
client 2023-07-13 05:12:16,231 [INFO] Got response: '1689221536.1541545'
client 2023-07-13 05:12:16,231 [INFO] The time difference between the client and the server is within range 72.241 ms..77.208 ms
client 2023-07-13 05:12:16,262 [INFO] Copying loadgen logs from '/home/arjun/mobilenet_results/valid_results/orin-tflite_armnn_cpp-cpu-armnn_tflite-v23.05-using_neon/mobilenet-v3-precision_float-large-224/singlestream/performance/run_1' to '/home/arjun/mobilenet_results/valid_results/orin-tflite_armnn_cpp-cpu-armnn_tflite-v23.05-using_neon/mobilenet-v3-precision_float-large-224/singlestream/performance/tmp_power/ranging'
client 2023-07-13 05:12:16,264 [INFO] Running workload in testing mode
client 2023-07-13 05:12:16,265 [INFO] Synchronizing with the server and with time.google.com...
client 2023-07-13 05:12:16,300 [INFO] NTP:offset = -0.010 s, delay = 0.015 s 
client 2023-07-13 05:12:16,300 [INFO] Sending command to the server: 'time'
client 2023-07-13 05:12:16,304 [INFO] Got response: '1689221536.225424'
client 2023-07-13 05:12:16,304 [INFO] The time difference between the client and the server is within range 75.176 ms..79.160 ms
client 2023-07-13 05:12:16,304 [INFO] Sending command to the server: 'session,2023-07-13_05-06-34,start,testing'
client 2023-07-13 05:12:29,348 [INFO] Got response: 'OK'
client 2023-07-13 05:12:29,349 [INFO] Sending command to the server: 'time'
client 2023-07-13 05:12:29,361 [INFO] Got response: '1689221549.2814116'
client 2023-07-13 05:12:29,361 [INFO] The time difference between the client and the server is within range 68.488 ms..79.869 ms
client 2023-07-13 05:12:29,361 [INFO] Running the workload 'CM_MLPERF_RUN_COUNT=$(cat ${CM_RUN_DIR}/count.txt); echo ${CM_MLPERF_RUN_COUNT}; CM_MLPERF_RUN_COUNT=$((CM_MLPERF_RUN_COUNT+1)); echo ${CM_MLPERF_RUN_COUNT} > ${CM_RUN_DIR}/count.txt && if [ ${CM_MLPERF_RUN_COUNT} -eq "1" ]; then export CM_MLPERF_USER_CONF=${CM_MLPERF_RANGING_USER_CONF}; else export CM_MLPERF_USER_CONF=${CM_MLPERF_TESTING_USER_CONF}; fi && /home/arjun/run.out'
client 2023-07-13 05:22:32,846 [INFO] Sending command to the server: 'time'
client 2023-07-13 05:22:32,849 [INFO] Got response: '1689222152.7776995'
client 2023-07-13 05:22:32,850 [INFO] The time difference between the client and the server is within range 68.469 ms..72.346 ms
client 2023-07-13 05:22:32,850 [INFO] Sending command to the server: 'session,2023-07-13_05-06-34,stop,testing'
client 2023-07-13 05:22:43,427 [INFO] Got response: 'OK'
client 2023-07-13 05:22:43,428 [INFO] Sending command to the server: 'time'
client 2023-07-13 05:22:43,433 [INFO] Got response: '1689222163.3496883'
client 2023-07-13 05:22:43,433 [INFO] The time difference between the client and the server is within range 79.041 ms..84.021 ms
client 2023-07-13 05:22:43,438 [INFO] Copying loadgen logs from '/home/arjun/mobilenet_results/valid_results/orin-tflite_armnn_cpp-cpu-armnn_tflite-v23.05-using_neon/mobilenet-v3-precision_float-large-224/singlestream/performance/run_1' to '/home/arjun/mobilenet_results/valid_results/orin-tflite_armnn_cpp-cpu-armnn_tflite-v23.05-using_neon/mobilenet-v3-precision_float-large-224/singlestream/performance/tmp_power/run_1'
client 2023-07-13 05:22:43,440 [INFO] Done runs
