client 2023-07-11 13:53:47,574 [INFO] Creating output directory '/home/arjun/mobilenet_results/valid_results/orin-tflite_armnn_cpp-cpu-armnn_tflite-v22.11-using_neon/mobilenet-v2-precision_float-0.5-192/singlestream/performance/tmp_power'
client 2023-07-11 13:53:47,576 [INFO] Sending command to the server: 'mlcommons/power client v3'
client 2023-07-11 13:53:47,578 [INFO] Got response: 'mlcommons/power server v3'
client 2023-07-11 13:53:47,578 [INFO] Synchronizing with the server and with time.google.com...
client 2023-07-11 13:53:47,601 [INFO] NTP:offset = -0.003 s, delay = 0.016 s 
client 2023-07-11 13:53:47,601 [INFO] Sending command to the server: 'time'
client 2023-07-11 13:53:47,604 [INFO] Got response: '1689080027.5547705'
client 2023-07-11 13:53:47,604 [INFO] The time difference between the client and the server is within range 47.068 ms..49.528 ms
client 2023-07-11 13:53:47,604 [INFO] Sending command to the server: 'new,,5745452e-fa45-4852-bcd9-86df19ce66ec'
client 2023-07-11 13:53:47,606 [INFO] Got response: 'OK 2023-07-11_13-53-47,ae6f6d23-4384-49f1-93e5-2a4d9535bb6b'
client 2023-07-11 13:53:47,606 [INFO] Session id is '2023-07-11_13-53-47'
client 2023-07-11 13:53:47,607 [INFO] Sources: {"sources": {"__init__.py": "da39a3ee5e6b4b0d3255bfef95601890afd80709", "client.py": "33ca4f26368777ac06e01f9567b714a4b8063886", "lib/__init__.py": "da39a3ee5e6b4b0d3255bfef95601890afd80709", "lib/client.py": "ac2aa093c8e8bbc9569b9e2a3471bc64e58a2258", "lib/common.py": "611d8b29633d331eb19c9455ea3b5fa3284ed6df", "lib/external/__init__.py": "da39a3ee5e6b4b0d3255bfef95601890afd80709", "lib/external/ntplib.py": "4da8f970656505a40483206ef2b5d3dd5e81711d", "lib/server.py": "c7af63c31bb2fbedea4345f571f6e3507d268ada", "lib/source_hashes.py": "60a2e02193209e8d392803326208d5466342da18", "lib/summary.py": "aa92f0a3f975eecd44d3c0cd0236342ccc9f941d", "lib/time_sync.py": "122eba67a9abc85635223e054def53be1367ade2", "server.py": "c3f90f2f7eeb4db30727556d0c815ebc89b3d28b", "tests/unit/__init__.py": "da39a3ee5e6b4b0d3255bfef95601890afd80709", "tests/unit/test_server.py": "948c1995d4008bc2aa6c4046a34ffa3858d6d671", "tests/unit/test_source_hashes.py": "00468a2907583c593e6574a1f6b404e4651c221a"}, "modules": {"ptd_client_server.lib.client": "lib/client.py", "ptd_client_server.lib.common": "lib/common.py", "ptd_client_server.lib.external.ntplib": "lib/external/ntplib.py", "ptd_client_server.lib.source_hashes": "lib/source_hashes.py", "ptd_client_server.lib.summary": "lib/summary.py", "ptd_client_server.lib.time_sync": "lib/time_sync.py"}}
client 2023-07-11 13:53:47,607 [INFO] Running workload in ranging mode
client 2023-07-11 13:53:47,607 [INFO] Synchronizing with the server and with time.google.com...
client 2023-07-11 13:53:47,623 [INFO] NTP:offset = -0.004 s, delay = 0.015 s 
client 2023-07-11 13:53:47,623 [INFO] Sending command to the server: 'time'
client 2023-07-11 13:53:47,626 [INFO] Got response: '1689080027.5747776'
client 2023-07-11 13:53:47,626 [INFO] The time difference between the client and the server is within range 48.881 ms..51.399 ms
client 2023-07-11 13:53:47,626 [INFO] Sending command to the server: 'session,2023-07-11_13-53-47,start,ranging'
client 2023-07-11 13:54:16,212 [INFO] Got response: 'OK'
client 2023-07-11 13:54:16,213 [INFO] Sending command to the server: 'time'
client 2023-07-11 13:54:16,217 [INFO] Got response: '1689080056.162323'
client 2023-07-11 13:54:16,217 [INFO] The time difference between the client and the server is within range 51.267 ms..55.008 ms
client 2023-07-11 13:54:16,217 [INFO] Running the workload 'CM_MLPERF_RUN_COUNT=$(cat ${CM_RUN_DIR}/count.txt); echo ${CM_MLPERF_RUN_COUNT}; CM_MLPERF_RUN_COUNT=$((CM_MLPERF_RUN_COUNT+1)); echo ${CM_MLPERF_RUN_COUNT} > ${CM_RUN_DIR}/count.txt && if [ ${CM_MLPERF_RUN_COUNT} -eq "1" ]; then export CM_MLPERF_USER_CONF=${CM_MLPERF_RANGING_USER_CONF}; else export CM_MLPERF_USER_CONF=${CM_MLPERF_TESTING_USER_CONF}; fi && /home/arjun/run.out'
client 2023-07-11 13:59:17,857 [INFO] Sending command to the server: 'time'
client 2023-07-11 13:59:17,860 [INFO] Got response: '1689080357.8057182'
client 2023-07-11 13:59:17,861 [INFO] The time difference between the client and the server is within range 51.549 ms..55.528 ms
client 2023-07-11 13:59:17,861 [INFO] Sending command to the server: 'session,2023-07-11_13-53-47,stop,ranging'
client 2023-07-11 13:59:28,543 [INFO] Got response: 'OK'
client 2023-07-11 13:59:28,543 [INFO] Sending command to the server: 'time'
client 2023-07-11 13:59:28,547 [INFO] Got response: '1689080368.4920552'
client 2023-07-11 13:59:28,547 [INFO] The time difference between the client and the server is within range 51.537 ms..55.357 ms
client 2023-07-11 13:59:28,588 [INFO] Copying loadgen logs from '/home/arjun/mobilenet_results/valid_results/orin-tflite_armnn_cpp-cpu-armnn_tflite-v22.11-using_neon/mobilenet-v2-precision_float-0.5-192/singlestream/performance/run_1' to '/home/arjun/mobilenet_results/valid_results/orin-tflite_armnn_cpp-cpu-armnn_tflite-v22.11-using_neon/mobilenet-v2-precision_float-0.5-192/singlestream/performance/tmp_power/ranging'
client 2023-07-11 13:59:28,591 [INFO] Running workload in testing mode
client 2023-07-11 13:59:28,591 [INFO] Synchronizing with the server and with time.google.com...
client 2023-07-11 13:59:28,614 [INFO] NTP:offset = -0.005 s, delay = 0.017 s 
client 2023-07-11 13:59:28,614 [INFO] Sending command to the server: 'time'
client 2023-07-11 13:59:28,617 [INFO] Got response: '1689080368.5624468'
client 2023-07-11 13:59:28,617 [INFO] The time difference between the client and the server is within range 52.040 ms..55.274 ms
client 2023-07-11 13:59:28,617 [INFO] Sending command to the server: 'session,2023-07-11_13-53-47,start,testing'
client 2023-07-11 13:59:41,647 [INFO] Got response: 'OK'
client 2023-07-11 13:59:41,648 [INFO] Sending command to the server: 'time'
client 2023-07-11 13:59:41,846 [INFO] Got response: '1689080381.7920759'
client 2023-07-11 13:59:41,846 [INFO] The time difference between the client and the server is within range -144.121 ms..54.748 ms
client 2023-07-11 13:59:41,847 [INFO] Running the workload 'CM_MLPERF_RUN_COUNT=$(cat ${CM_RUN_DIR}/count.txt); echo ${CM_MLPERF_RUN_COUNT}; CM_MLPERF_RUN_COUNT=$((CM_MLPERF_RUN_COUNT+1)); echo ${CM_MLPERF_RUN_COUNT} > ${CM_RUN_DIR}/count.txt && if [ ${CM_MLPERF_RUN_COUNT} -eq "1" ]; then export CM_MLPERF_USER_CONF=${CM_MLPERF_RANGING_USER_CONF}; else export CM_MLPERF_USER_CONF=${CM_MLPERF_TESTING_USER_CONF}; fi && /home/arjun/run.out'
client 2023-07-11 14:09:44,762 [INFO] Sending command to the server: 'time'
client 2023-07-11 14:09:44,765 [INFO] Got response: '1689080984.7054603'
client 2023-07-11 14:09:44,766 [INFO] The time difference between the client and the server is within range 57.031 ms..60.667 ms
client 2023-07-11 14:09:44,766 [INFO] Sending command to the server: 'session,2023-07-11_13-53-47,stop,testing'
client 2023-07-11 14:09:55,718 [INFO] Got response: 'OK'
client 2023-07-11 14:09:55,718 [INFO] Sending command to the server: 'time'
client 2023-07-11 14:09:55,721 [INFO] Got response: '1689080995.6557162'
client 2023-07-11 14:09:55,721 [INFO] The time difference between the client and the server is within range 63.011 ms..65.747 ms
client 2023-07-11 14:09:55,726 [INFO] Copying loadgen logs from '/home/arjun/mobilenet_results/valid_results/orin-tflite_armnn_cpp-cpu-armnn_tflite-v22.11-using_neon/mobilenet-v2-precision_float-0.5-192/singlestream/performance/run_1' to '/home/arjun/mobilenet_results/valid_results/orin-tflite_armnn_cpp-cpu-armnn_tflite-v22.11-using_neon/mobilenet-v2-precision_float-0.5-192/singlestream/performance/tmp_power/run_1'
client 2023-07-11 14:09:55,728 [INFO] Done runs
