client 2023-08-11 00:12:53,101 [INFO] Creating output directory '/home/arjun/mobilenet_results/valid_results/orin-tflite_cpp-cpu-tflite-vmaster-with_live_preprocessing/mobilenet-v3-precision_float-large-minimalistic-224/singlestream/performance/tmp_power'
client 2023-08-11 00:12:53,104 [INFO] Sending command to the server: 'mlcommons/power client v3'
client 2023-08-11 00:12:53,108 [INFO] Got response: 'mlcommons/power server v3'
client 2023-08-11 00:12:53,108 [INFO] Synchronizing with the server and with time.google.com...
client 2023-08-11 00:12:53,123 [INFO] NTP:offset = 0.001 s, delay = 0.012 s 
client 2023-08-11 00:12:53,123 [INFO] Sending command to the server: 'time'
client 2023-08-11 00:12:53,126 [INFO] Got response: '1691709173.0203218'
client 2023-08-11 00:12:53,126 [INFO] The time difference between the client and the server is within range 102.871 ms..105.737 ms
client 2023-08-11 00:12:53,126 [INFO] Sending command to the server: 'new,,48c9af9d-78a8-472a-b9fe-30648968ce92'
client 2023-08-11 00:12:53,129 [INFO] Got response: 'OK 2023-08-11_00-12-53,1406e2ee-e760-4d3b-b0fa-aff77504f158'
client 2023-08-11 00:12:53,129 [INFO] Session id is '2023-08-11_00-12-53'
client 2023-08-11 00:12:53,129 [INFO] Sources: {"sources": {"__init__.py": "da39a3ee5e6b4b0d3255bfef95601890afd80709", "client.py": "33ca4f26368777ac06e01f9567b714a4b8063886", "lib/__init__.py": "da39a3ee5e6b4b0d3255bfef95601890afd80709", "lib/client.py": "ac2aa093c8e8bbc9569b9e2a3471bc64e58a2258", "lib/common.py": "611d8b29633d331eb19c9455ea3b5fa3284ed6df", "lib/external/__init__.py": "da39a3ee5e6b4b0d3255bfef95601890afd80709", "lib/external/ntplib.py": "4da8f970656505a40483206ef2b5d3dd5e81711d", "lib/server.py": "c7af63c31bb2fbedea4345f571f6e3507d268ada", "lib/source_hashes.py": "60a2e02193209e8d392803326208d5466342da18", "lib/summary.py": "aa92f0a3f975eecd44d3c0cd0236342ccc9f941d", "lib/time_sync.py": "80894ef2389e540781ff78de94db16aa4203a14e", "server.py": "c3f90f2f7eeb4db30727556d0c815ebc89b3d28b", "tests/unit/__init__.py": "da39a3ee5e6b4b0d3255bfef95601890afd80709", "tests/unit/test_server.py": "948c1995d4008bc2aa6c4046a34ffa3858d6d671", "tests/unit/test_source_hashes.py": "00468a2907583c593e6574a1f6b404e4651c221a"}, "modules": {"ptd_client_server.lib.client": "lib/client.py", "ptd_client_server.lib.common": "lib/common.py", "ptd_client_server.lib.external.ntplib": "lib/external/ntplib.py", "ptd_client_server.lib.source_hashes": "lib/source_hashes.py", "ptd_client_server.lib.summary": "lib/summary.py", "ptd_client_server.lib.time_sync": "lib/time_sync.py"}}
client 2023-08-11 00:12:53,129 [INFO] Running workload in ranging mode
client 2023-08-11 00:12:53,129 [INFO] Synchronizing with the server and with time.google.com...
client 2023-08-11 00:12:53,144 [INFO] NTP:offset = 0.001 s, delay = 0.013 s 
client 2023-08-11 00:12:53,144 [INFO] Sending command to the server: 'time'
client 2023-08-11 00:12:53,146 [INFO] Got response: '1691709173.040097'
client 2023-08-11 00:12:53,146 [INFO] The time difference between the client and the server is within range 103.986 ms..106.517 ms
client 2023-08-11 00:12:53,146 [INFO] Sending command to the server: 'session,2023-08-11_00-12-53,start,ranging'
client 2023-08-11 00:13:21,900 [INFO] Got response: 'OK'
client 2023-08-11 00:13:21,900 [INFO] Sending command to the server: 'time'
client 2023-08-11 00:13:21,903 [INFO] Got response: '1691709201.798305'
client 2023-08-11 00:13:21,903 [INFO] The time difference between the client and the server is within range 101.970 ms..105.361 ms
client 2023-08-11 00:13:21,903 [INFO] Running the workload 'CM_MLPERF_RUN_COUNT=$(cat ${CM_RUN_DIR}/count.txt); echo ${CM_MLPERF_RUN_COUNT}; CM_MLPERF_RUN_COUNT=$((CM_MLPERF_RUN_COUNT+1)); echo ${CM_MLPERF_RUN_COUNT} > ${CM_RUN_DIR}/count.txt && if [ ${CM_MLPERF_RUN_COUNT} -eq "1" ]; then export CM_MLPERF_USER_CONF=${CM_MLPERF_RANGING_USER_CONF}; else export CM_MLPERF_USER_CONF=${CM_MLPERF_TESTING_USER_CONF}; fi && /mount/CM/repos/ctuning@mlcommons-ck/cm-mlops/script/run-all-mlperf-models/run.out'
client 2023-08-11 00:18:23,354 [INFO] Sending command to the server: 'time'
client 2023-08-11 00:18:23,358 [INFO] Got response: '1691709503.250099'
client 2023-08-11 00:18:23,358 [INFO] The time difference between the client and the server is within range 104.029 ms..108.705 ms
client 2023-08-11 00:18:23,358 [INFO] Sending command to the server: 'session,2023-08-11_00-12-53,stop,ranging'
client 2023-08-11 00:18:34,007 [INFO] Got response: 'OK'
client 2023-08-11 00:18:34,007 [INFO] Sending command to the server: 'time'
client 2023-08-11 00:18:34,009 [INFO] Got response: '1691709513.9061723'
client 2023-08-11 00:18:34,009 [INFO] The time difference between the client and the server is within range 101.293 ms..103.686 ms
client 2023-08-11 00:18:34,013 [INFO] Copying loadgen logs from '/home/arjun/mobilenet_results/valid_results/orin-tflite_cpp-cpu-tflite-vmaster-with_live_preprocessing/mobilenet-v3-precision_float-large-minimalistic-224/singlestream/performance/run_1' to '/home/arjun/mobilenet_results/valid_results/orin-tflite_cpp-cpu-tflite-vmaster-with_live_preprocessing/mobilenet-v3-precision_float-large-minimalistic-224/singlestream/performance/tmp_power/ranging'
client 2023-08-11 00:18:34,014 [INFO] Running workload in testing mode
client 2023-08-11 00:18:34,014 [INFO] Synchronizing with the server and with time.google.com...
client 2023-08-11 00:18:34,031 [INFO] NTP:offset = 0.000 s, delay = 0.016 s 
client 2023-08-11 00:18:34,031 [INFO] Sending command to the server: 'time'
client 2023-08-11 00:18:34,035 [INFO] Got response: '1691709513.9333415'
client 2023-08-11 00:18:34,035 [INFO] The time difference between the client and the server is within range 98.493 ms..101.850 ms
client 2023-08-11 00:18:34,035 [INFO] Sending command to the server: 'session,2023-08-11_00-12-53,start,testing'
client 2023-08-11 00:18:47,072 [INFO] Got response: 'OK'
client 2023-08-11 00:18:47,072 [INFO] Sending command to the server: 'time'
client 2023-08-11 00:18:47,076 [INFO] Got response: '1691709526.9733775'
client 2023-08-11 00:18:47,076 [INFO] The time difference between the client and the server is within range 99.446 ms..103.124 ms
client 2023-08-11 00:18:47,076 [INFO] Running the workload 'CM_MLPERF_RUN_COUNT=$(cat ${CM_RUN_DIR}/count.txt); echo ${CM_MLPERF_RUN_COUNT}; CM_MLPERF_RUN_COUNT=$((CM_MLPERF_RUN_COUNT+1)); echo ${CM_MLPERF_RUN_COUNT} > ${CM_RUN_DIR}/count.txt && if [ ${CM_MLPERF_RUN_COUNT} -eq "1" ]; then export CM_MLPERF_USER_CONF=${CM_MLPERF_RANGING_USER_CONF}; else export CM_MLPERF_USER_CONF=${CM_MLPERF_TESTING_USER_CONF}; fi && /mount/CM/repos/ctuning@mlcommons-ck/cm-mlops/script/run-all-mlperf-models/run.out'
client 2023-08-11 00:28:49,222 [INFO] Sending command to the server: 'time'
client 2023-08-11 00:28:49,225 [INFO] Got response: '1691710129.1154516'
client 2023-08-11 00:28:49,225 [INFO] The time difference between the client and the server is within range 107.257 ms..110.380 ms
client 2023-08-11 00:28:49,225 [INFO] Sending command to the server: 'session,2023-08-11_00-12-53,stop,testing'
client 2023-08-11 00:29:00,319 [INFO] Got response: 'OK'
client 2023-08-11 00:29:00,319 [INFO] Sending command to the server: 'time'
client 2023-08-11 00:29:00,321 [INFO] Got response: '1691710140.2113914'
client 2023-08-11 00:29:00,321 [INFO] The time difference between the client and the server is within range 107.882 ms..110.107 ms
client 2023-08-11 00:29:00,322 [INFO] Copying loadgen logs from '/home/arjun/mobilenet_results/valid_results/orin-tflite_cpp-cpu-tflite-vmaster-with_live_preprocessing/mobilenet-v3-precision_float-large-minimalistic-224/singlestream/performance/run_1' to '/home/arjun/mobilenet_results/valid_results/orin-tflite_cpp-cpu-tflite-vmaster-with_live_preprocessing/mobilenet-v3-precision_float-large-minimalistic-224/singlestream/performance/tmp_power/run_1'
client 2023-08-11 00:29:00,322 [INFO] Done runs
