client 2023-07-15 16:06:05,045 [INFO] Creating output directory '/home/arjun/mobilenet_results/valid_results/raspberrypi-tflite_armnn_cpp-cpu-armnn_tflite-v23.05-using_neon/mobilenet-v1-precision_float-1.0-160/singlestream/performance/tmp_power'
client 2023-07-15 16:06:05,049 [INFO] Sending command to the server: 'mlcommons/power client v3'
client 2023-07-15 16:06:05,053 [INFO] Got response: 'mlcommons/power server v3'
client 2023-07-15 16:06:05,054 [INFO] Synchronizing with the server and with time.google.com...
client 2023-07-15 16:06:05,101 [INFO] NTP:offset = 0.003 s, delay = 0.014 s 
client 2023-07-15 16:06:05,102 [INFO] Sending command to the server: 'time'
client 2023-07-15 16:06:05,106 [INFO] Got response: '1689433565.0963278'
client 2023-07-15 16:06:05,107 [INFO] The time difference between the client and the server is within range 5.705 ms..10.705 ms
client 2023-07-15 16:06:05,107 [INFO] Sending command to the server: 'new,,9daa9c36-b902-4c8d-92ab-b2566a943c93'
client 2023-07-15 16:06:05,112 [INFO] Got response: 'OK 2023-07-15_16-06-05,343375f2-c4a1-4eb0-bbdd-9e219668abf5'
client 2023-07-15 16:06:05,113 [INFO] Session id is '2023-07-15_16-06-05'
client 2023-07-15 16:06:05,113 [INFO] Sources: {"sources": {"__init__.py": "da39a3ee5e6b4b0d3255bfef95601890afd80709", "client.py": "33ca4f26368777ac06e01f9567b714a4b8063886", "lib/__init__.py": "da39a3ee5e6b4b0d3255bfef95601890afd80709", "lib/client.py": "ac2aa093c8e8bbc9569b9e2a3471bc64e58a2258", "lib/common.py": "611d8b29633d331eb19c9455ea3b5fa3284ed6df", "lib/external/__init__.py": "da39a3ee5e6b4b0d3255bfef95601890afd80709", "lib/external/ntplib.py": "4da8f970656505a40483206ef2b5d3dd5e81711d", "lib/server.py": "c7af63c31bb2fbedea4345f571f6e3507d268ada", "lib/source_hashes.py": "60a2e02193209e8d392803326208d5466342da18", "lib/summary.py": "aa92f0a3f975eecd44d3c0cd0236342ccc9f941d", "lib/time_sync.py": "122eba67a9abc85635223e054def53be1367ade2", "server.py": "c3f90f2f7eeb4db30727556d0c815ebc89b3d28b", "tests/unit/__init__.py": "da39a3ee5e6b4b0d3255bfef95601890afd80709", "tests/unit/test_server.py": "948c1995d4008bc2aa6c4046a34ffa3858d6d671", "tests/unit/test_source_hashes.py": "00468a2907583c593e6574a1f6b404e4651c221a"}, "modules": {"ptd_client_server.lib.client": "lib/client.py", "ptd_client_server.lib.common": "lib/common.py", "ptd_client_server.lib.external.ntplib": "lib/external/ntplib.py", "ptd_client_server.lib.source_hashes": "lib/source_hashes.py", "ptd_client_server.lib.summary": "lib/summary.py", "ptd_client_server.lib.time_sync": "lib/time_sync.py"}}
client 2023-07-15 16:06:05,114 [INFO] Running workload in ranging mode
client 2023-07-15 16:06:05,115 [INFO] Synchronizing with the server and with time.google.com...
client 2023-07-15 16:06:05,151 [INFO] NTP:offset = 0.004 s, delay = 0.016 s 
client 2023-07-15 16:06:05,151 [INFO] Sending command to the server: 'time'
client 2023-07-15 16:06:05,156 [INFO] Got response: '1689433565.1471913'
client 2023-07-15 16:06:05,156 [INFO] The time difference between the client and the server is within range 4.334 ms..9.687 ms
client 2023-07-15 16:06:05,157 [INFO] Sending command to the server: 'session,2023-07-15_16-06-05,start,ranging'
client 2023-07-15 16:06:33,814 [INFO] Got response: 'OK'
client 2023-07-15 16:06:33,815 [INFO] Sending command to the server: 'time'
client 2023-07-15 16:06:33,820 [INFO] Got response: '1689433593.804907'
client 2023-07-15 16:06:33,820 [INFO] The time difference between the client and the server is within range 10.269 ms..15.960 ms
client 2023-07-15 16:06:33,821 [INFO] Running the workload 'CM_MLPERF_RUN_COUNT=$(cat ${CM_RUN_DIR}/count.txt); echo ${CM_MLPERF_RUN_COUNT}; CM_MLPERF_RUN_COUNT=$((CM_MLPERF_RUN_COUNT+1)); echo ${CM_MLPERF_RUN_COUNT} > ${CM_RUN_DIR}/count.txt && if [ ${CM_MLPERF_RUN_COUNT} -eq "1" ]; then export CM_MLPERF_USER_CONF=${CM_MLPERF_RANGING_USER_CONF}; else export CM_MLPERF_USER_CONF=${CM_MLPERF_TESTING_USER_CONF}; fi && /home/arjun/run.out'
client 2023-07-15 16:11:44,140 [INFO] Sending command to the server: 'time'
client 2023-07-15 16:11:44,151 [INFO] Got response: '1689433904.133932'
client 2023-07-15 16:11:44,151 [INFO] The time difference between the client and the server is within range 6.300 ms..17.665 ms
client 2023-07-15 16:11:44,151 [INFO] Sending command to the server: 'session,2023-07-15_16-06-05,stop,ranging'
client 2023-07-15 16:11:55,019 [INFO] Got response: 'OK'
client 2023-07-15 16:11:55,020 [INFO] Sending command to the server: 'time'
client 2023-07-15 16:11:55,024 [INFO] Got response: '1689433915.0077834'
client 2023-07-15 16:11:55,024 [INFO] The time difference between the client and the server is within range 12.618 ms..17.047 ms
client 2023-07-15 16:11:55,056 [INFO] Copying loadgen logs from '/home/arjun/mobilenet_results/valid_results/raspberrypi-tflite_armnn_cpp-cpu-armnn_tflite-v23.05-using_neon/mobilenet-v1-precision_float-1.0-160/singlestream/performance/run_1' to '/home/arjun/mobilenet_results/valid_results/raspberrypi-tflite_armnn_cpp-cpu-armnn_tflite-v23.05-using_neon/mobilenet-v1-precision_float-1.0-160/singlestream/performance/tmp_power/ranging'
client 2023-07-15 16:11:55,060 [INFO] Running workload in testing mode
client 2023-07-15 16:11:55,060 [INFO] Synchronizing with the server and with time.google.com...
client 2023-07-15 16:11:55,095 [INFO] NTP:offset = 0.005 s, delay = 0.015 s 
client 2023-07-15 16:11:55,095 [INFO] Sending command to the server: 'time'
client 2023-07-15 16:11:55,100 [INFO] Got response: '1689433915.0890672'
client 2023-07-15 16:11:55,101 [INFO] The time difference between the client and the server is within range 6.849 ms..11.986 ms
client 2023-07-15 16:11:55,101 [INFO] Sending command to the server: 'session,2023-07-15_16-06-05,start,testing'
client 2023-07-15 16:12:08,154 [INFO] Got response: 'OK'
client 2023-07-15 16:12:08,155 [INFO] Sending command to the server: 'time'
client 2023-07-15 16:12:08,159 [INFO] Got response: '1689433928.147486'
client 2023-07-15 16:12:08,159 [INFO] The time difference between the client and the server is within range 7.842 ms..12.331 ms
client 2023-07-15 16:12:08,160 [INFO] Running the workload 'CM_MLPERF_RUN_COUNT=$(cat ${CM_RUN_DIR}/count.txt); echo ${CM_MLPERF_RUN_COUNT}; CM_MLPERF_RUN_COUNT=$((CM_MLPERF_RUN_COUNT+1)); echo ${CM_MLPERF_RUN_COUNT} > ${CM_RUN_DIR}/count.txt && if [ ${CM_MLPERF_RUN_COUNT} -eq "1" ]; then export CM_MLPERF_USER_CONF=${CM_MLPERF_RANGING_USER_CONF}; else export CM_MLPERF_USER_CONF=${CM_MLPERF_TESTING_USER_CONF}; fi && /home/arjun/run.out'
client 2023-07-15 16:22:20,048 [INFO] Sending command to the server: 'time'
client 2023-07-15 16:22:20,053 [INFO] Got response: '1689434540.0299542'
client 2023-07-15 16:22:20,054 [INFO] The time difference between the client and the server is within range 18.402 ms..24.168 ms
client 2023-07-15 16:22:20,054 [INFO] Sending command to the server: 'session,2023-07-15_16-06-05,stop,testing'
client 2023-07-15 16:22:30,482 [INFO] Got response: 'OK'
client 2023-07-15 16:22:30,483 [INFO] Sending command to the server: 'time'
client 2023-07-15 16:22:30,487 [INFO] Got response: '1689434550.4700048'
client 2023-07-15 16:22:30,488 [INFO] The time difference between the client and the server is within range 13.392 ms..18.125 ms
client 2023-07-15 16:22:30,493 [INFO] Copying loadgen logs from '/home/arjun/mobilenet_results/valid_results/raspberrypi-tflite_armnn_cpp-cpu-armnn_tflite-v23.05-using_neon/mobilenet-v1-precision_float-1.0-160/singlestream/performance/run_1' to '/home/arjun/mobilenet_results/valid_results/raspberrypi-tflite_armnn_cpp-cpu-armnn_tflite-v23.05-using_neon/mobilenet-v1-precision_float-1.0-160/singlestream/performance/tmp_power/run_1'
client 2023-07-15 16:22:30,497 [INFO] Done runs
