client 2023-07-05 19:11:31,695 [INFO] Sending command to the server: 'mlcommons/power client v3'
client 2023-07-05 19:11:31,697 [INFO] Got response: 'mlcommons/power server v3'
client 2023-07-05 19:11:31,697 [INFO] Synchronizing with the server and with time.google.com...
client 2023-07-05 19:11:31,864 [INFO] NTP:offset = 0.053 s, delay = 0.158 s 
client 2023-07-05 19:11:31,864 [INFO] Sending command to the server: 'time'
client 2023-07-05 19:11:31,866 [INFO] Got response: '1688602291.875278'
client 2023-07-05 19:11:31,866 [INFO] The time difference between the client and the server is within range -10.376 ms..-9.011 ms
client 2023-07-05 19:11:31,866 [INFO] Sending command to the server: 'new,,2a68dedb-d641-4e14-9ce5-5770c28d7c90'
client 2023-07-05 19:11:31,867 [INFO] Got response: 'OK 2023-07-05_19-11-31,99c2b19b-6acf-4464-bc0e-f3e698f6993d'
client 2023-07-05 19:11:31,867 [INFO] Session id is '2023-07-05_19-11-31'
client 2023-07-05 19:11:31,867 [INFO] Sources: {"sources": {"__init__.py": "da39a3ee5e6b4b0d3255bfef95601890afd80709", "client.py": "33ca4f26368777ac06e01f9567b714a4b8063886", "lib/__init__.py": "da39a3ee5e6b4b0d3255bfef95601890afd80709", "lib/client.py": "ac2aa093c8e8bbc9569b9e2a3471bc64e58a2258", "lib/common.py": "611d8b29633d331eb19c9455ea3b5fa3284ed6df", "lib/external/__init__.py": "da39a3ee5e6b4b0d3255bfef95601890afd80709", "lib/external/ntplib.py": "4da8f970656505a40483206ef2b5d3dd5e81711d", "lib/server.py": "c7af63c31bb2fbedea4345f571f6e3507d268ada", "lib/source_hashes.py": "60a2e02193209e8d392803326208d5466342da18", "lib/summary.py": "aa92f0a3f975eecd44d3c0cd0236342ccc9f941d", "lib/time_sync.py": "122eba67a9abc85635223e054def53be1367ade2", "server.py": "c3f90f2f7eeb4db30727556d0c815ebc89b3d28b", "tests/unit/__init__.py": "da39a3ee5e6b4b0d3255bfef95601890afd80709", "tests/unit/test_server.py": "948c1995d4008bc2aa6c4046a34ffa3858d6d671", "tests/unit/test_source_hashes.py": "00468a2907583c593e6574a1f6b404e4651c221a"}, "modules": {"ptd_client_server.lib.client": "lib/client.py", "ptd_client_server.lib.common": "lib/common.py", "ptd_client_server.lib.external.ntplib": "lib/external/ntplib.py", "ptd_client_server.lib.source_hashes": "lib/source_hashes.py", "ptd_client_server.lib.summary": "lib/summary.py", "ptd_client_server.lib.time_sync": "lib/time_sync.py"}}
client 2023-07-05 19:11:31,868 [INFO] Running workload in ranging mode
client 2023-07-05 19:11:31,868 [INFO] Synchronizing with the server and with time.google.com...
client 2023-07-05 19:11:32,035 [INFO] NTP:offset = 0.058 s, delay = 0.166 s 
client 2023-07-05 19:11:32,035 [INFO] Sending command to the server: 'time'
client 2023-07-05 19:11:32,036 [INFO] Got response: '1688602292.0457702'
client 2023-07-05 19:11:32,036 [INFO] The time difference between the client and the server is within range -10.357 ms..-9.012 ms
client 2023-07-05 19:11:32,036 [INFO] Sending command to the server: 'session,2023-07-05_19-11-31,start,ranging'
client 2023-07-05 19:12:00,135 [INFO] Got response: 'OK'
client 2023-07-05 19:12:00,136 [INFO] Sending command to the server: 'time'
client 2023-07-05 19:12:00,137 [INFO] Got response: '1688602320.1470208'
client 2023-07-05 19:12:00,138 [INFO] The time difference between the client and the server is within range -11.034 ms..-8.918 ms
client 2023-07-05 19:12:00,138 [INFO] Running the workload 'echo 1 | sudo tee $(sudo find /sys/devices -name soc_reset | grep a100); sleep 120;  ck benchmark program:image-classification-qaic-loadgen --env.CK_SILENT_MODE=YES --skip_print_timers --dep_add_tags.lib-qaic-api=master --dep_add_tags.compiler=gcc --dep_add_tags.python=v3 --dep_add_tags.weights=resnet50.aedk_highend.singlestream,resnet50,bs.1  --dep_add_tags.images=preprocessed,using-opencv,for.resnet50.quantized,full --env.ML_MODEL_MODEL_NAME=resnet50 --env.CK_LOADGEN_DATASET_SIZE=50000 --env.CK_LOADGEN_BUFFER_SIZE=1024 --env.CK_ENV_NUM_SETUP_THREADS=1 --env.CK_ENV_QAIC_INPUT_SELECT=0 --env.CK_ENV_QAIC_DEVICE_IDS=0 --env.CK_ENV_QAIC_QUEUE_LENGTH=1 --env.CK_ENV_QAIC_THREADS_PER_QUEUE=1 --env.CK_ENV_QAIC_ACTIVATION_COUNT=1 --env.CK_ENV_QAIC_MODEL_BATCH_SIZE=1 --env.QAIC_BYPASS_PPP=enable --env.CK_VERBOSE=0 --env.KILT_SCHEDULER_YIELD_TIME=1000000 --env.KILT_DISPATCH_YIELD_TIME=10 --env.KILT_DEVICE_QAIC_SAMPLES_QUEUE_DEPTH=128  --env.ML_MODEL_MODEL_NAME=resnet50 --env.ML_MODEL_HAS_BACKGROUND_CLASS=YES --env.ML_MODEL_OUT_BUFFER_IDX=1 --env.CK_ENV_DATASET_IMAGENET_PREPROCESSED_INPUT_SQUARE_SIDE=224 --env.CK_ENV_DATASET_IMAGENET_PREPROCESSED_DATA_TYPE=float32 --env.CK_MLPERF_ACCURACY_IMAGENET_TYPE=float32 --env.CK_ENV_QAIC_OUTPUT_COUNT=1 --env.CK_ENV_QAIC_SKIP_STAGE=convert --env.CK_LOADGEN_SCENARIO=SingleStream --env.CK_LOADGEN_TARGET_LATENCY=1 --env.CK_LOADGEN_MODE=PerformanceOnly --speed --skip_stat_analysis --process_multi_keys --repetitions=1 --record --record_repo=local --record_uoa=mlperf_v3.1-closed-gloria_highend-qaic-v1.9.1.25-aic100-resnet50-singlestream-performance-target_latency.1-power.workload --tags=mlperf,round.v3.1,division.closed,platform.gloria_highend,inference_engine.qaic,inference_engine_version.v1.9.1.25,inference_engine_backend.aic100,scenario.singlestream,mode.performance,buffer_size.1024,workload.resnet50,preprocessed_using.opencv,input_select.0,queue_length.1,task.image-classification,threads_per_queue.1,power.workload "@@@{\'meta\': {\'ck_benchmark_program\': \'echo 1 | sudo tee $(sudo find /sys/devices -name soc_reset | grep a100); sleep 120;  ck benchmark program:image-classification-qaic-loadgen --env.CK_SILENT_MODE=YES --skip_print_timers --dep_add_tags.lib-qaic-api=master --dep_add_tags.compiler=gcc --dep_add_tags.python=v3 --dep_add_tags.weights=resnet50.aedk_highend.singlestream,resnet50,bs.1  --dep_add_tags.images=preprocessed,using-opencv,for.resnet50.quantized,full --env.ML_MODEL_MODEL_NAME=resnet50 --env.CK_LOADGEN_DATASET_SIZE=50000 --env.CK_LOADGEN_BUFFER_SIZE=1024 --env.CK_ENV_NUM_SETUP_THREADS=1 --env.CK_ENV_QAIC_INPUT_SELECT=0 --env.CK_ENV_QAIC_DEVICE_IDS=0 --env.CK_ENV_QAIC_QUEUE_LENGTH=1 --env.CK_ENV_QAIC_THREADS_PER_QUEUE=1 --env.CK_ENV_QAIC_ACTIVATION_COUNT=1 --env.CK_ENV_QAIC_MODEL_BATCH_SIZE=1 --env.QAIC_BYPASS_PPP=enable --env.CK_VERBOSE=0 --env.KILT_SCHEDULER_YIELD_TIME=1000000 --env.KILT_DISPATCH_YIELD_TIME=10 --env.KILT_DEVICE_QAIC_SAMPLES_QUEUE_DEPTH=128  --env.ML_MODEL_MODEL_NAME=resnet50 --env.ML_MODEL_HAS_BACKGROUND_CLASS=YES --env.ML_MODEL_OUT_BUFFER_IDX=1 --env.CK_ENV_DATASET_IMAGENET_PREPROCESSED_INPUT_SQUARE_SIDE=224 --env.CK_ENV_DATASET_IMAGENET_PREPROCESSED_DATA_TYPE=float32 --env.CK_MLPERF_ACCURACY_IMAGENET_TYPE=float32 --env.CK_ENV_QAIC_OUTPUT_COUNT=1 --env.CK_ENV_QAIC_SKIP_STAGE=convert --env.CK_LOADGEN_SCENARIO=SingleStream --env.CK_LOADGEN_TARGET_LATENCY=1 --env.CK_LOADGEN_MODE=PerformanceOnly --speed --skip_stat_analysis --process_multi_keys --repetitions=1 --record --record_repo=local --record_uoa=mlperf_v3.1-closed-gloria_highend-qaic-v1.9.1.25-aic100-resnet50-singlestream-performance-target_latency.1-power.workload --tags=mlperf,round.v3.1,division.closed,platform.gloria_highend,inference_engine.qaic,inference_engine_version.v1.9.1.25,inference_engine_backend.aic100,scenario.singlestream,mode.performance,buffer_size.1024,workload.resnet50,preprocessed_using.opencv,input_select.0,queue_length.1,task.image-classification,threads_per_queue.1,power.workload\'}}" && cat `ck find program:image-classification-qaic-loadgen`/tmp/mlperf_log_summary.txt && mkdir -p "$CK_MLPERF_POWER_CLIENT_LOADGEN_LOGS" && cp "$CK_MLPERF_POWER_CLIENT_LOADGEN_LOGS"/../mlperf_log_* "$CK_MLPERF_POWER_CLIENT_LOADGEN_LOGS"/'
client 2023-07-05 19:24:20,832 [INFO] Sending command to the server: 'time'
client 2023-07-05 19:24:20,834 [INFO] Got response: '1688603060.8397806'
client 2023-07-05 19:24:20,834 [INFO] The time difference between the client and the server is within range -7.211 ms..-4.843 ms
client 2023-07-05 19:24:20,835 [INFO] Sending command to the server: 'session,2023-07-05_19-11-31,stop,ranging'
client 2023-07-05 19:24:31,158 [INFO] Got response: 'OK'
client 2023-07-05 19:24:31,159 [INFO] Sending command to the server: 'time'
client 2023-07-05 19:24:31,161 [INFO] Got response: '1688603071.16615'
client 2023-07-05 19:24:31,162 [INFO] The time difference between the client and the server is within range -6.790 ms..-3.828 ms
client 2023-07-05 19:24:31,195 [INFO] Copying loadgen logs from '/home/krai/CK/ck-qaic-dev-krai/program/image-classification-qaic-loadgen/tmp/loadgen_logs' to '/home/krai/CK/ck-mlperf/program/mlperf-power-client/tmp/2023-07-05_19-11-31/ranging'
client 2023-07-05 19:24:31,196 [INFO] Running workload in testing mode
client 2023-07-05 19:24:31,196 [INFO] Synchronizing with the server and with time.google.com...
client 2023-07-05 19:24:31,273 [INFO] NTP:offset = 0.006 s, delay = 0.073 s 
client 2023-07-05 19:24:31,273 [INFO] Sending command to the server: 'time'
client 2023-07-05 19:24:31,274 [INFO] Got response: '1688603071.2798097'
client 2023-07-05 19:24:31,275 [INFO] The time difference between the client and the server is within range -6.568 ms..-4.784 ms
client 2023-07-05 19:24:31,275 [INFO] Sending command to the server: 'session,2023-07-05_19-11-31,start,testing'
client 2023-07-05 19:24:44,294 [INFO] Got response: 'OK'
client 2023-07-05 19:24:44,296 [INFO] Sending command to the server: 'time'
client 2023-07-05 19:24:44,298 [INFO] Got response: '1688603084.303374'
client 2023-07-05 19:24:44,299 [INFO] The time difference between the client and the server is within range -7.488 ms..-3.694 ms
client 2023-07-05 19:24:44,301 [INFO] Running the workload 'echo 1 | sudo tee $(sudo find /sys/devices -name soc_reset | grep a100); sleep 120;  ck benchmark program:image-classification-qaic-loadgen --env.CK_SILENT_MODE=YES --skip_print_timers --dep_add_tags.lib-qaic-api=master --dep_add_tags.compiler=gcc --dep_add_tags.python=v3 --dep_add_tags.weights=resnet50.aedk_highend.singlestream,resnet50,bs.1  --dep_add_tags.images=preprocessed,using-opencv,for.resnet50.quantized,full --env.ML_MODEL_MODEL_NAME=resnet50 --env.CK_LOADGEN_DATASET_SIZE=50000 --env.CK_LOADGEN_BUFFER_SIZE=1024 --env.CK_ENV_NUM_SETUP_THREADS=1 --env.CK_ENV_QAIC_INPUT_SELECT=0 --env.CK_ENV_QAIC_DEVICE_IDS=0 --env.CK_ENV_QAIC_QUEUE_LENGTH=1 --env.CK_ENV_QAIC_THREADS_PER_QUEUE=1 --env.CK_ENV_QAIC_ACTIVATION_COUNT=1 --env.CK_ENV_QAIC_MODEL_BATCH_SIZE=1 --env.QAIC_BYPASS_PPP=enable --env.CK_VERBOSE=0 --env.KILT_SCHEDULER_YIELD_TIME=1000000 --env.KILT_DISPATCH_YIELD_TIME=10 --env.KILT_DEVICE_QAIC_SAMPLES_QUEUE_DEPTH=128  --env.ML_MODEL_MODEL_NAME=resnet50 --env.ML_MODEL_HAS_BACKGROUND_CLASS=YES --env.ML_MODEL_OUT_BUFFER_IDX=1 --env.CK_ENV_DATASET_IMAGENET_PREPROCESSED_INPUT_SQUARE_SIDE=224 --env.CK_ENV_DATASET_IMAGENET_PREPROCESSED_DATA_TYPE=float32 --env.CK_MLPERF_ACCURACY_IMAGENET_TYPE=float32 --env.CK_ENV_QAIC_OUTPUT_COUNT=1 --env.CK_ENV_QAIC_SKIP_STAGE=convert --env.CK_LOADGEN_SCENARIO=SingleStream --env.CK_LOADGEN_TARGET_LATENCY=1 --env.CK_LOADGEN_MODE=PerformanceOnly --speed --skip_stat_analysis --process_multi_keys --repetitions=1 --record --record_repo=local --record_uoa=mlperf_v3.1-closed-gloria_highend-qaic-v1.9.1.25-aic100-resnet50-singlestream-performance-target_latency.1-power.workload --tags=mlperf,round.v3.1,division.closed,platform.gloria_highend,inference_engine.qaic,inference_engine_version.v1.9.1.25,inference_engine_backend.aic100,scenario.singlestream,mode.performance,buffer_size.1024,workload.resnet50,preprocessed_using.opencv,input_select.0,queue_length.1,task.image-classification,threads_per_queue.1,power.workload "@@@{\'meta\': {\'ck_benchmark_program\': \'echo 1 | sudo tee $(sudo find /sys/devices -name soc_reset | grep a100); sleep 120;  ck benchmark program:image-classification-qaic-loadgen --env.CK_SILENT_MODE=YES --skip_print_timers --dep_add_tags.lib-qaic-api=master --dep_add_tags.compiler=gcc --dep_add_tags.python=v3 --dep_add_tags.weights=resnet50.aedk_highend.singlestream,resnet50,bs.1  --dep_add_tags.images=preprocessed,using-opencv,for.resnet50.quantized,full --env.ML_MODEL_MODEL_NAME=resnet50 --env.CK_LOADGEN_DATASET_SIZE=50000 --env.CK_LOADGEN_BUFFER_SIZE=1024 --env.CK_ENV_NUM_SETUP_THREADS=1 --env.CK_ENV_QAIC_INPUT_SELECT=0 --env.CK_ENV_QAIC_DEVICE_IDS=0 --env.CK_ENV_QAIC_QUEUE_LENGTH=1 --env.CK_ENV_QAIC_THREADS_PER_QUEUE=1 --env.CK_ENV_QAIC_ACTIVATION_COUNT=1 --env.CK_ENV_QAIC_MODEL_BATCH_SIZE=1 --env.QAIC_BYPASS_PPP=enable --env.CK_VERBOSE=0 --env.KILT_SCHEDULER_YIELD_TIME=1000000 --env.KILT_DISPATCH_YIELD_TIME=10 --env.KILT_DEVICE_QAIC_SAMPLES_QUEUE_DEPTH=128  --env.ML_MODEL_MODEL_NAME=resnet50 --env.ML_MODEL_HAS_BACKGROUND_CLASS=YES --env.ML_MODEL_OUT_BUFFER_IDX=1 --env.CK_ENV_DATASET_IMAGENET_PREPROCESSED_INPUT_SQUARE_SIDE=224 --env.CK_ENV_DATASET_IMAGENET_PREPROCESSED_DATA_TYPE=float32 --env.CK_MLPERF_ACCURACY_IMAGENET_TYPE=float32 --env.CK_ENV_QAIC_OUTPUT_COUNT=1 --env.CK_ENV_QAIC_SKIP_STAGE=convert --env.CK_LOADGEN_SCENARIO=SingleStream --env.CK_LOADGEN_TARGET_LATENCY=1 --env.CK_LOADGEN_MODE=PerformanceOnly --speed --skip_stat_analysis --process_multi_keys --repetitions=1 --record --record_repo=local --record_uoa=mlperf_v3.1-closed-gloria_highend-qaic-v1.9.1.25-aic100-resnet50-singlestream-performance-target_latency.1-power.workload --tags=mlperf,round.v3.1,division.closed,platform.gloria_highend,inference_engine.qaic,inference_engine_version.v1.9.1.25,inference_engine_backend.aic100,scenario.singlestream,mode.performance,buffer_size.1024,workload.resnet50,preprocessed_using.opencv,input_select.0,queue_length.1,task.image-classification,threads_per_queue.1,power.workload\'}}" && cat `ck find program:image-classification-qaic-loadgen`/tmp/mlperf_log_summary.txt && mkdir -p "$CK_MLPERF_POWER_CLIENT_LOADGEN_LOGS" && cp "$CK_MLPERF_POWER_CLIENT_LOADGEN_LOGS"/../mlperf_log_* "$CK_MLPERF_POWER_CLIENT_LOADGEN_LOGS"/'
client 2023-07-05 19:37:02,677 [INFO] Sending command to the server: 'time'
client 2023-07-05 19:37:02,681 [INFO] Got response: '1688603822.6816747'
client 2023-07-05 19:37:02,683 [INFO] The time difference between the client and the server is within range -4.516 ms..1.186 ms
client 2023-07-05 19:37:02,684 [INFO] Sending command to the server: 'session,2023-07-05_19-11-31,stop,testing'
client 2023-07-05 19:37:13,307 [INFO] Got response: 'OK'
client 2023-07-05 19:37:13,308 [INFO] Sending command to the server: 'time'
client 2023-07-05 19:37:13,311 [INFO] Got response: '1688603833.3110313'
client 2023-07-05 19:37:13,312 [INFO] The time difference between the client and the server is within range -2.571 ms..0.836 ms
client 2023-07-05 19:37:13,325 [INFO] Copying loadgen logs from '/home/krai/CK/ck-qaic-dev-krai/program/image-classification-qaic-loadgen/tmp/loadgen_logs' to '/home/krai/CK/ck-mlperf/program/mlperf-power-client/tmp/2023-07-05_19-11-31/run_1'
client 2023-07-05 19:37:13,326 [INFO] Done runs
