client 2023-07-06 02:56:25,640 [INFO] Sending command to the server: 'mlcommons/power client v3'
client 2023-07-06 02:56:25,641 [INFO] Got response: 'mlcommons/power server v3'
client 2023-07-06 02:56:25,641 [INFO] Synchronizing with the server and with time.google.com...
client 2023-07-06 02:56:25,741 [INFO] NTP:offset = 0.003 s, delay = 0.094 s 
client 2023-07-06 02:56:25,741 [INFO] Sending command to the server: 'time'
client 2023-07-06 02:56:25,743 [INFO] Got response: '1688630185.743491'
client 2023-07-06 02:56:25,743 [INFO] The time difference between the client and the server is within range -1.662 ms..0.048 ms
client 2023-07-06 02:56:25,743 [INFO] Sending command to the server: 'new,,7b263dc9-dc55-4d85-a19e-467021d1140c'
client 2023-07-06 02:56:25,745 [INFO] Got response: 'OK 2023-07-06_02-56-25,7739340a-57f1-4a13-b4e1-a90c30c67c62'
client 2023-07-06 02:56:25,745 [INFO] Session id is '2023-07-06_02-56-25'
client 2023-07-06 02:56:25,746 [INFO] Sources: {"sources": {"__init__.py": "da39a3ee5e6b4b0d3255bfef95601890afd80709", "client.py": "33ca4f26368777ac06e01f9567b714a4b8063886", "lib/__init__.py": "da39a3ee5e6b4b0d3255bfef95601890afd80709", "lib/client.py": "ac2aa093c8e8bbc9569b9e2a3471bc64e58a2258", "lib/common.py": "611d8b29633d331eb19c9455ea3b5fa3284ed6df", "lib/external/__init__.py": "da39a3ee5e6b4b0d3255bfef95601890afd80709", "lib/external/ntplib.py": "4da8f970656505a40483206ef2b5d3dd5e81711d", "lib/server.py": "c7af63c31bb2fbedea4345f571f6e3507d268ada", "lib/source_hashes.py": "60a2e02193209e8d392803326208d5466342da18", "lib/summary.py": "aa92f0a3f975eecd44d3c0cd0236342ccc9f941d", "lib/time_sync.py": "122eba67a9abc85635223e054def53be1367ade2", "server.py": "c3f90f2f7eeb4db30727556d0c815ebc89b3d28b", "tests/unit/__init__.py": "da39a3ee5e6b4b0d3255bfef95601890afd80709", "tests/unit/test_server.py": "948c1995d4008bc2aa6c4046a34ffa3858d6d671", "tests/unit/test_source_hashes.py": "00468a2907583c593e6574a1f6b404e4651c221a"}, "modules": {"ptd_client_server.lib.client": "lib/client.py", "ptd_client_server.lib.common": "lib/common.py", "ptd_client_server.lib.external.ntplib": "lib/external/ntplib.py", "ptd_client_server.lib.source_hashes": "lib/source_hashes.py", "ptd_client_server.lib.summary": "lib/summary.py", "ptd_client_server.lib.time_sync": "lib/time_sync.py"}}
client 2023-07-06 02:56:25,746 [INFO] Running workload in ranging mode
client 2023-07-06 02:56:25,746 [INFO] Synchronizing with the server and with time.google.com...
client 2023-07-06 02:56:25,844 [INFO] NTP:offset = 0.001 s, delay = 0.095 s 
client 2023-07-06 02:56:25,844 [INFO] Sending command to the server: 'time'
client 2023-07-06 02:56:25,845 [INFO] Got response: '1688630185.8458736'
client 2023-07-06 02:56:25,845 [INFO] The time difference between the client and the server is within range -1.661 ms..0.043 ms
client 2023-07-06 02:56:25,846 [INFO] Sending command to the server: 'session,2023-07-06_02-56-25,start,ranging'
client 2023-07-06 02:56:53,936 [INFO] Got response: 'OK'
client 2023-07-06 02:56:53,937 [INFO] Sending command to the server: 'time'
client 2023-07-06 02:56:53,938 [INFO] Got response: '1688630213.9391544'
client 2023-07-06 02:56:53,939 [INFO] The time difference between the client and the server is within range -2.122 ms..-0.027 ms
client 2023-07-06 02:56:53,939 [INFO] Running the workload 'echo 1 | sudo tee $(sudo find /sys/devices -name soc_reset | grep a100); sleep 120;  ck benchmark program:packed-bert-qaic-loadgen --env.CK_SILENT_MODE=YES --skip_print_timers --dep_add_tags.lib-qaic-api=master --dep_add_tags.compiler=gcc --dep_add_tags.python=v3 --dep_add_tags.weights=bert-99.aedk_highend.offline,bert-99,quantization.calibration,seg.384  --dep_add_tags.dataset-tokenized=dataset,squad,tokenized,raw --env.ML_MODEL_MODEL_NAME=bert-99 --env.CK_LOADGEN_DATASET_SIZE=10833 --env.CK_LOADGEN_BUFFER_SIZE=10833 --env.CK_ENV_NUM_SETUP_THREADS=2 --env.CK_ENV_QAIC_INPUT_SELECT=0 --env.CK_ENV_QAIC_DEVICE_IDS=0 --env.CK_ENV_QAIC_QUEUE_LENGTH=4 --env.CK_ENV_QAIC_THREADS_PER_QUEUE=4 --env.CK_ENV_QAIC_ACTIVATION_COUNT=14 --env.CK_ENV_QAIC_MODEL_BATCH_SIZE=4096 --env.QAIC_BYPASS_PPP=enable --env.CK_VERBOSE=0 --env.KILT_SCHEDULER_YIELD_TIME=1000000 --env.KILT_DISPATCH_YIELD_TIME=10 --env.KILT_DEVICE_QAIC_SAMPLES_QUEUE_DEPTH=128  --env.ML_MODEL_MODEL_NAME=bert --env.CK_ENV_QAIC_SKIP_STAGE=convert --env.KILT_MODEL_INPUT_FORMAT=UINT32:UINT32:UINT32:UINT32 --env.CK_LOADGEN_SCENARIO=Offline --env.CK_LOADGEN_TARGET_QPS=370 --env.CK_LOADGEN_MODE=PerformanceOnly --speed --skip_stat_analysis --process_multi_keys --repetitions=1 --record --record_repo=local --record_uoa=mlperf_v3.1-closed-gloria_highend-qaic-v1.9.1.25-aic100-bert-99-offline-performance-target_qps.370-power.workload --tags=mlperf,round.v3.1,division.closed,platform.gloria_highend,inference_engine.qaic,inference_engine_version.v1.9.1.25,inference_engine_backend.aic100,scenario.offline,mode.performance,buffer_size.10833,workload.bert-99,preprocessed_using.tensorflow,input_select.0,queue_length.4,task.bert-question-answering,threads_per_queue.4,power.workload "@@@{\'meta\': {\'ck_benchmark_program\': \'echo 1 | sudo tee $(sudo find /sys/devices -name soc_reset | grep a100); sleep 120;  ck benchmark program:packed-bert-qaic-loadgen --env.CK_SILENT_MODE=YES --skip_print_timers --dep_add_tags.lib-qaic-api=master --dep_add_tags.compiler=gcc --dep_add_tags.python=v3 --dep_add_tags.weights=bert-99.aedk_highend.offline,bert-99,quantization.calibration,seg.384  --dep_add_tags.dataset-tokenized=dataset,squad,tokenized,raw --env.ML_MODEL_MODEL_NAME=bert-99 --env.CK_LOADGEN_DATASET_SIZE=10833 --env.CK_LOADGEN_BUFFER_SIZE=10833 --env.CK_ENV_NUM_SETUP_THREADS=2 --env.CK_ENV_QAIC_INPUT_SELECT=0 --env.CK_ENV_QAIC_DEVICE_IDS=0 --env.CK_ENV_QAIC_QUEUE_LENGTH=4 --env.CK_ENV_QAIC_THREADS_PER_QUEUE=4 --env.CK_ENV_QAIC_ACTIVATION_COUNT=14 --env.CK_ENV_QAIC_MODEL_BATCH_SIZE=4096 --env.QAIC_BYPASS_PPP=enable --env.CK_VERBOSE=0 --env.KILT_SCHEDULER_YIELD_TIME=1000000 --env.KILT_DISPATCH_YIELD_TIME=10 --env.KILT_DEVICE_QAIC_SAMPLES_QUEUE_DEPTH=128  --env.ML_MODEL_MODEL_NAME=bert --env.CK_ENV_QAIC_SKIP_STAGE=convert --env.KILT_MODEL_INPUT_FORMAT=UINT32:UINT32:UINT32:UINT32 --env.CK_LOADGEN_SCENARIO=Offline --env.CK_LOADGEN_TARGET_QPS=370 --env.CK_LOADGEN_MODE=PerformanceOnly --speed --skip_stat_analysis --process_multi_keys --repetitions=1 --record --record_repo=local --record_uoa=mlperf_v3.1-closed-gloria_highend-qaic-v1.9.1.25-aic100-bert-99-offline-performance-target_qps.370-power.workload --tags=mlperf,round.v3.1,division.closed,platform.gloria_highend,inference_engine.qaic,inference_engine_version.v1.9.1.25,inference_engine_backend.aic100,scenario.offline,mode.performance,buffer_size.10833,workload.bert-99,preprocessed_using.tensorflow,input_select.0,queue_length.4,task.bert-question-answering,threads_per_queue.4,power.workload\'}}" && cat `ck find program:packed-bert-qaic-loadgen`/tmp/mlperf_log_summary.txt && mkdir -p "$CK_MLPERF_POWER_CLIENT_LOADGEN_LOGS" && cp "$CK_MLPERF_POWER_CLIENT_LOADGEN_LOGS"/../mlperf_log_* "$CK_MLPERF_POWER_CLIENT_LOADGEN_LOGS"/'
client 2023-07-06 03:10:21,259 [INFO] Sending command to the server: 'time'
client 2023-07-06 03:10:21,261 [INFO] Got response: '1688631021.2618275'
client 2023-07-06 03:10:21,261 [INFO] The time difference between the client and the server is within range -2.676 ms..-0.448 ms
client 2023-07-06 03:10:21,261 [INFO] Sending command to the server: 'session,2023-07-06_02-56-25,stop,ranging'
client 2023-07-06 03:10:31,958 [INFO] Got response: 'OK'
client 2023-07-06 03:10:31,959 [INFO] Sending command to the server: 'time'
client 2023-07-06 03:10:31,962 [INFO] Got response: '1688631031.962558'
client 2023-07-06 03:10:31,963 [INFO] The time difference between the client and the server is within range -2.786 ms..0.453 ms
client 2023-07-06 03:10:31,995 [INFO] Copying loadgen logs from '/home/krai/CK/ck-qaic-dev-krai/program/packed-bert-qaic-loadgen/tmp/loadgen_logs' to '/home/krai/CK/ck-mlperf/program/mlperf-power-client/tmp/2023-07-06_02-56-25/ranging'
client 2023-07-06 03:10:31,997 [INFO] Running workload in testing mode
client 2023-07-06 03:10:31,997 [INFO] Synchronizing with the server and with time.google.com...
client 2023-07-06 03:10:32,091 [INFO] NTP:offset = 0.002 s, delay = 0.092 s 
client 2023-07-06 03:10:32,092 [INFO] Sending command to the server: 'time'
client 2023-07-06 03:10:32,093 [INFO] Got response: '1688631032.09442'
client 2023-07-06 03:10:32,093 [INFO] The time difference between the client and the server is within range -2.334 ms..-0.539 ms
client 2023-07-06 03:10:32,094 [INFO] Sending command to the server: 'session,2023-07-06_02-56-25,start,testing'
client 2023-07-06 03:10:45,112 [INFO] Got response: 'OK'
client 2023-07-06 03:10:45,114 [INFO] Sending command to the server: 'time'
client 2023-07-06 03:10:45,116 [INFO] Got response: '1688631045.1173155'
client 2023-07-06 03:10:45,117 [INFO] The time difference between the client and the server is within range -3.258 ms..0.437 ms
client 2023-07-06 03:10:45,119 [INFO] Running the workload 'echo 1 | sudo tee $(sudo find /sys/devices -name soc_reset | grep a100); sleep 120;  ck benchmark program:packed-bert-qaic-loadgen --env.CK_SILENT_MODE=YES --skip_print_timers --dep_add_tags.lib-qaic-api=master --dep_add_tags.compiler=gcc --dep_add_tags.python=v3 --dep_add_tags.weights=bert-99.aedk_highend.offline,bert-99,quantization.calibration,seg.384  --dep_add_tags.dataset-tokenized=dataset,squad,tokenized,raw --env.ML_MODEL_MODEL_NAME=bert-99 --env.CK_LOADGEN_DATASET_SIZE=10833 --env.CK_LOADGEN_BUFFER_SIZE=10833 --env.CK_ENV_NUM_SETUP_THREADS=2 --env.CK_ENV_QAIC_INPUT_SELECT=0 --env.CK_ENV_QAIC_DEVICE_IDS=0 --env.CK_ENV_QAIC_QUEUE_LENGTH=4 --env.CK_ENV_QAIC_THREADS_PER_QUEUE=4 --env.CK_ENV_QAIC_ACTIVATION_COUNT=14 --env.CK_ENV_QAIC_MODEL_BATCH_SIZE=4096 --env.QAIC_BYPASS_PPP=enable --env.CK_VERBOSE=0 --env.KILT_SCHEDULER_YIELD_TIME=1000000 --env.KILT_DISPATCH_YIELD_TIME=10 --env.KILT_DEVICE_QAIC_SAMPLES_QUEUE_DEPTH=128  --env.ML_MODEL_MODEL_NAME=bert --env.CK_ENV_QAIC_SKIP_STAGE=convert --env.KILT_MODEL_INPUT_FORMAT=UINT32:UINT32:UINT32:UINT32 --env.CK_LOADGEN_SCENARIO=Offline --env.CK_LOADGEN_TARGET_QPS=370 --env.CK_LOADGEN_MODE=PerformanceOnly --speed --skip_stat_analysis --process_multi_keys --repetitions=1 --record --record_repo=local --record_uoa=mlperf_v3.1-closed-gloria_highend-qaic-v1.9.1.25-aic100-bert-99-offline-performance-target_qps.370-power.workload --tags=mlperf,round.v3.1,division.closed,platform.gloria_highend,inference_engine.qaic,inference_engine_version.v1.9.1.25,inference_engine_backend.aic100,scenario.offline,mode.performance,buffer_size.10833,workload.bert-99,preprocessed_using.tensorflow,input_select.0,queue_length.4,task.bert-question-answering,threads_per_queue.4,power.workload "@@@{\'meta\': {\'ck_benchmark_program\': \'echo 1 | sudo tee $(sudo find /sys/devices -name soc_reset | grep a100); sleep 120;  ck benchmark program:packed-bert-qaic-loadgen --env.CK_SILENT_MODE=YES --skip_print_timers --dep_add_tags.lib-qaic-api=master --dep_add_tags.compiler=gcc --dep_add_tags.python=v3 --dep_add_tags.weights=bert-99.aedk_highend.offline,bert-99,quantization.calibration,seg.384  --dep_add_tags.dataset-tokenized=dataset,squad,tokenized,raw --env.ML_MODEL_MODEL_NAME=bert-99 --env.CK_LOADGEN_DATASET_SIZE=10833 --env.CK_LOADGEN_BUFFER_SIZE=10833 --env.CK_ENV_NUM_SETUP_THREADS=2 --env.CK_ENV_QAIC_INPUT_SELECT=0 --env.CK_ENV_QAIC_DEVICE_IDS=0 --env.CK_ENV_QAIC_QUEUE_LENGTH=4 --env.CK_ENV_QAIC_THREADS_PER_QUEUE=4 --env.CK_ENV_QAIC_ACTIVATION_COUNT=14 --env.CK_ENV_QAIC_MODEL_BATCH_SIZE=4096 --env.QAIC_BYPASS_PPP=enable --env.CK_VERBOSE=0 --env.KILT_SCHEDULER_YIELD_TIME=1000000 --env.KILT_DISPATCH_YIELD_TIME=10 --env.KILT_DEVICE_QAIC_SAMPLES_QUEUE_DEPTH=128  --env.ML_MODEL_MODEL_NAME=bert --env.CK_ENV_QAIC_SKIP_STAGE=convert --env.KILT_MODEL_INPUT_FORMAT=UINT32:UINT32:UINT32:UINT32 --env.CK_LOADGEN_SCENARIO=Offline --env.CK_LOADGEN_TARGET_QPS=370 --env.CK_LOADGEN_MODE=PerformanceOnly --speed --skip_stat_analysis --process_multi_keys --repetitions=1 --record --record_repo=local --record_uoa=mlperf_v3.1-closed-gloria_highend-qaic-v1.9.1.25-aic100-bert-99-offline-performance-target_qps.370-power.workload --tags=mlperf,round.v3.1,division.closed,platform.gloria_highend,inference_engine.qaic,inference_engine_version.v1.9.1.25,inference_engine_backend.aic100,scenario.offline,mode.performance,buffer_size.10833,workload.bert-99,preprocessed_using.tensorflow,input_select.0,queue_length.4,task.bert-question-answering,threads_per_queue.4,power.workload\'}}" && cat `ck find program:packed-bert-qaic-loadgen`/tmp/mlperf_log_summary.txt && mkdir -p "$CK_MLPERF_POWER_CLIENT_LOADGEN_LOGS" && cp "$CK_MLPERF_POWER_CLIENT_LOADGEN_LOGS"/../mlperf_log_* "$CK_MLPERF_POWER_CLIENT_LOADGEN_LOGS"/'
client 2023-07-06 03:24:16,033 [INFO] Sending command to the server: 'time'
client 2023-07-06 03:24:16,037 [INFO] Got response: '1688631856.036704'
client 2023-07-06 03:24:16,039 [INFO] The time difference between the client and the server is within range -4.384 ms..2.273 ms
client 2023-07-06 03:24:16,042 [INFO] Sending command to the server: 'session,2023-07-06_02-56-25,stop,testing'
client 2023-07-06 03:24:26,122 [INFO] Got response: 'OK'
client 2023-07-06 03:24:26,124 [INFO] Sending command to the server: 'time'
client 2023-07-06 03:24:26,126 [INFO] Got response: '1688631866.1267438'
client 2023-07-06 03:24:26,127 [INFO] The time difference between the client and the server is within range -2.506 ms..1.046 ms
client 2023-07-06 03:24:26,145 [INFO] Copying loadgen logs from '/home/krai/CK/ck-qaic-dev-krai/program/packed-bert-qaic-loadgen/tmp/loadgen_logs' to '/home/krai/CK/ck-mlperf/program/mlperf-power-client/tmp/2023-07-06_02-56-25/run_1'
client 2023-07-06 03:24:26,146 [INFO] Done runs
