client 2023-07-11 09:14:10,326 [INFO] Creating output directory '/home/arjun/mobilenet_results/valid_results/orin-tflite_armnn_cpp-cpu-armnn_tflite-v22.11-using_neon/mobilenet-v2-precision_uint8-1.0-224/singlestream/performance/tmp_power'
client 2023-07-11 09:14:10,329 [INFO] Sending command to the server: 'mlcommons/power client v3'
client 2023-07-11 09:14:10,331 [INFO] Got response: 'mlcommons/power server v3'
client 2023-07-11 09:14:10,331 [INFO] Synchronizing with the server and with time.google.com...
client 2023-07-11 09:14:10,350 [INFO] NTP:offset = -0.002 s, delay = 0.014 s 
client 2023-07-11 09:14:10,350 [INFO] Sending command to the server: 'time'
client 2023-07-11 09:14:10,352 [INFO] Got response: '1689063250.2795155'
client 2023-07-11 09:14:10,352 [INFO] The time difference between the client and the server is within range 71.102 ms..73.449 ms
client 2023-07-11 09:14:10,353 [INFO] Sending command to the server: 'new,,3a8c9d7f-bc8b-4718-bf00-eb974093e6d9'
client 2023-07-11 09:14:10,355 [INFO] Got response: 'OK 2023-07-11_09-14-10,4b8a283c-4257-4b8d-ac36-a17f86634c4c'
client 2023-07-11 09:14:10,355 [INFO] Session id is '2023-07-11_09-14-10'
client 2023-07-11 09:14:10,356 [INFO] Sources: {"sources": {"__init__.py": "da39a3ee5e6b4b0d3255bfef95601890afd80709", "client.py": "33ca4f26368777ac06e01f9567b714a4b8063886", "lib/__init__.py": "da39a3ee5e6b4b0d3255bfef95601890afd80709", "lib/client.py": "ac2aa093c8e8bbc9569b9e2a3471bc64e58a2258", "lib/common.py": "611d8b29633d331eb19c9455ea3b5fa3284ed6df", "lib/external/__init__.py": "da39a3ee5e6b4b0d3255bfef95601890afd80709", "lib/external/ntplib.py": "4da8f970656505a40483206ef2b5d3dd5e81711d", "lib/server.py": "c7af63c31bb2fbedea4345f571f6e3507d268ada", "lib/source_hashes.py": "60a2e02193209e8d392803326208d5466342da18", "lib/summary.py": "aa92f0a3f975eecd44d3c0cd0236342ccc9f941d", "lib/time_sync.py": "122eba67a9abc85635223e054def53be1367ade2", "server.py": "c3f90f2f7eeb4db30727556d0c815ebc89b3d28b", "tests/unit/__init__.py": "da39a3ee5e6b4b0d3255bfef95601890afd80709", "tests/unit/test_server.py": "948c1995d4008bc2aa6c4046a34ffa3858d6d671", "tests/unit/test_source_hashes.py": "00468a2907583c593e6574a1f6b404e4651c221a"}, "modules": {"ptd_client_server.lib.client": "lib/client.py", "ptd_client_server.lib.common": "lib/common.py", "ptd_client_server.lib.external.ntplib": "lib/external/ntplib.py", "ptd_client_server.lib.source_hashes": "lib/source_hashes.py", "ptd_client_server.lib.summary": "lib/summary.py", "ptd_client_server.lib.time_sync": "lib/time_sync.py"}}
client 2023-07-11 09:14:10,356 [INFO] Running workload in ranging mode
client 2023-07-11 09:14:10,356 [INFO] Synchronizing with the server and with time.google.com...
client 2023-07-11 09:14:10,369 [INFO] NTP:offset = -0.001 s, delay = 0.012 s 
client 2023-07-11 09:14:10,369 [INFO] Sending command to the server: 'time'
client 2023-07-11 09:14:10,372 [INFO] Got response: '1689063250.2995143'
client 2023-07-11 09:14:10,372 [INFO] The time difference between the client and the server is within range 70.047 ms..73.195 ms
client 2023-07-11 09:14:10,372 [INFO] Sending command to the server: 'session,2023-07-11_09-14-10,start,ranging'
client 2023-07-11 09:14:38,958 [INFO] Got response: 'OK'
client 2023-07-11 09:14:38,959 [INFO] Sending command to the server: 'time'
client 2023-07-11 09:14:38,962 [INFO] Got response: '1689063278.8913467'
client 2023-07-11 09:14:38,963 [INFO] The time difference between the client and the server is within range 67.911 ms..71.836 ms
client 2023-07-11 09:14:38,963 [INFO] Running the workload 'CM_MLPERF_RUN_COUNT=$(cat ${CM_RUN_DIR}/count.txt); echo ${CM_MLPERF_RUN_COUNT}; CM_MLPERF_RUN_COUNT=$((CM_MLPERF_RUN_COUNT+1)); echo ${CM_MLPERF_RUN_COUNT} > ${CM_RUN_DIR}/count.txt && if [ ${CM_MLPERF_RUN_COUNT} -eq "1" ]; then export CM_MLPERF_USER_CONF=${CM_MLPERF_RANGING_USER_CONF}; else export CM_MLPERF_USER_CONF=${CM_MLPERF_TESTING_USER_CONF}; fi && /home/arjun/run.out'
client 2023-07-11 09:19:40,618 [INFO] Sending command to the server: 'time'
client 2023-07-11 09:19:40,621 [INFO] Got response: '1689063580.5526667'
client 2023-07-11 09:19:40,621 [INFO] The time difference between the client and the server is within range 65.694 ms..69.084 ms
client 2023-07-11 09:19:40,621 [INFO] Sending command to the server: 'session,2023-07-11_09-14-10,stop,ranging'
client 2023-07-11 09:19:51,054 [INFO] Got response: 'OK'
client 2023-07-11 09:19:51,055 [INFO] Sending command to the server: 'time'
client 2023-07-11 09:19:51,059 [INFO] Got response: '1689063590.9838874'
client 2023-07-11 09:19:51,059 [INFO] The time difference between the client and the server is within range 71.400 ms..75.774 ms
client 2023-07-11 09:19:51,083 [INFO] Copying loadgen logs from '/home/arjun/mobilenet_results/valid_results/orin-tflite_armnn_cpp-cpu-armnn_tflite-v22.11-using_neon/mobilenet-v2-precision_uint8-1.0-224/singlestream/performance/run_1' to '/home/arjun/mobilenet_results/valid_results/orin-tflite_armnn_cpp-cpu-armnn_tflite-v22.11-using_neon/mobilenet-v2-precision_uint8-1.0-224/singlestream/performance/tmp_power/ranging'
client 2023-07-11 09:19:51,085 [INFO] Running workload in testing mode
client 2023-07-11 09:19:51,086 [INFO] Synchronizing with the server and with time.google.com...
client 2023-07-11 09:19:51,109 [INFO] NTP:offset = -0.000 s, delay = 0.017 s 
client 2023-07-11 09:19:51,109 [INFO] Sending command to the server: 'time'
client 2023-07-11 09:19:51,112 [INFO] Got response: '1689063591.0440779'
client 2023-07-11 09:19:51,112 [INFO] The time difference between the client and the server is within range 65.300 ms..68.508 ms
client 2023-07-11 09:19:51,112 [INFO] Sending command to the server: 'session,2023-07-11_09-14-10,start,testing'
client 2023-07-11 09:20:04,142 [INFO] Got response: 'OK'
client 2023-07-11 09:20:04,143 [INFO] Sending command to the server: 'time'
client 2023-07-11 09:20:04,147 [INFO] Got response: '1689063604.0805304'
client 2023-07-11 09:20:04,147 [INFO] The time difference between the client and the server is within range 62.978 ms..67.355 ms
client 2023-07-11 09:20:04,148 [INFO] Running the workload 'CM_MLPERF_RUN_COUNT=$(cat ${CM_RUN_DIR}/count.txt); echo ${CM_MLPERF_RUN_COUNT}; CM_MLPERF_RUN_COUNT=$((CM_MLPERF_RUN_COUNT+1)); echo ${CM_MLPERF_RUN_COUNT} > ${CM_RUN_DIR}/count.txt && if [ ${CM_MLPERF_RUN_COUNT} -eq "1" ]; then export CM_MLPERF_USER_CONF=${CM_MLPERF_RANGING_USER_CONF}; else export CM_MLPERF_USER_CONF=${CM_MLPERF_TESTING_USER_CONF}; fi && /home/arjun/run.out'
client 2023-07-11 09:30:07,024 [INFO] Sending command to the server: 'time'
client 2023-07-11 09:30:07,027 [INFO] Got response: '1689064206.9513872'
client 2023-07-11 09:30:07,027 [INFO] The time difference between the client and the server is within range 73.107 ms..76.303 ms
client 2023-07-11 09:30:07,027 [INFO] Sending command to the server: 'session,2023-07-11_09-14-10,stop,testing'
client 2023-07-11 09:30:17,232 [INFO] Got response: 'OK'
client 2023-07-11 09:30:17,233 [INFO] Sending command to the server: 'time'
client 2023-07-11 09:30:17,237 [INFO] Got response: '1689064217.1588485'
client 2023-07-11 09:30:17,238 [INFO] The time difference between the client and the server is within range 74.218 ms..79.109 ms
client 2023-07-11 09:30:17,242 [INFO] Copying loadgen logs from '/home/arjun/mobilenet_results/valid_results/orin-tflite_armnn_cpp-cpu-armnn_tflite-v22.11-using_neon/mobilenet-v2-precision_uint8-1.0-224/singlestream/performance/run_1' to '/home/arjun/mobilenet_results/valid_results/orin-tflite_armnn_cpp-cpu-armnn_tflite-v22.11-using_neon/mobilenet-v2-precision_uint8-1.0-224/singlestream/performance/tmp_power/run_1'
client 2023-07-11 09:30:17,244 [INFO] Done runs
