client 2023-07-09 12:54:21,240 [INFO] Creating output directory '/home/arjun/mobilenet_results/valid_results/orin-tflite_cpp-cpu-tflite-vmaster-default_config/mobilenet-v1-precision_float-0.75-128/singlestream/performance/tmp_power'
client 2023-07-09 12:54:21,295 [INFO] Sending command to the server: 'mlcommons/power client v3'
client 2023-07-09 12:54:21,298 [INFO] Got response: 'mlcommons/power server v3'
client 2023-07-09 12:54:21,298 [INFO] Synchronizing with the server and with time.google.com...
client 2023-07-09 12:54:21,321 [INFO] NTP:offset = 0.001 s, delay = 0.017 s 
client 2023-07-09 12:54:21,321 [INFO] Sending command to the server: 'time'
client 2023-07-09 12:54:21,324 [INFO] Got response: '1688903661.3246963'
client 2023-07-09 12:54:21,324 [INFO] The time difference between the client and the server is within range -2.807 ms..-0.075 ms
client 2023-07-09 12:54:21,324 [INFO] Sending command to the server: 'new,,7b8119d5-1404-430b-ba4b-6c0fc14b9765'
client 2023-07-09 12:54:21,327 [INFO] Got response: 'OK 2023-07-09_11-54-21,78cc4e9c-0216-444e-be1b-ec29c0281456'
client 2023-07-09 12:54:21,327 [INFO] Session id is '2023-07-09_11-54-21'
client 2023-07-09 12:54:21,328 [INFO] Sources: {"sources": {"__init__.py": "da39a3ee5e6b4b0d3255bfef95601890afd80709", "client.py": "33ca4f26368777ac06e01f9567b714a4b8063886", "lib/__init__.py": "da39a3ee5e6b4b0d3255bfef95601890afd80709", "lib/client.py": "ac2aa093c8e8bbc9569b9e2a3471bc64e58a2258", "lib/common.py": "611d8b29633d331eb19c9455ea3b5fa3284ed6df", "lib/external/__init__.py": "da39a3ee5e6b4b0d3255bfef95601890afd80709", "lib/external/ntplib.py": "4da8f970656505a40483206ef2b5d3dd5e81711d", "lib/server.py": "c7af63c31bb2fbedea4345f571f6e3507d268ada", "lib/source_hashes.py": "60a2e02193209e8d392803326208d5466342da18", "lib/summary.py": "aa92f0a3f975eecd44d3c0cd0236342ccc9f941d", "lib/time_sync.py": "122eba67a9abc85635223e054def53be1367ade2", "server.py": "c3f90f2f7eeb4db30727556d0c815ebc89b3d28b", "tests/unit/__init__.py": "da39a3ee5e6b4b0d3255bfef95601890afd80709", "tests/unit/test_server.py": "948c1995d4008bc2aa6c4046a34ffa3858d6d671", "tests/unit/test_source_hashes.py": "00468a2907583c593e6574a1f6b404e4651c221a"}, "modules": {"ptd_client_server.lib.client": "lib/client.py", "ptd_client_server.lib.common": "lib/common.py", "ptd_client_server.lib.external.ntplib": "lib/external/ntplib.py", "ptd_client_server.lib.source_hashes": "lib/source_hashes.py", "ptd_client_server.lib.summary": "lib/summary.py", "ptd_client_server.lib.time_sync": "lib/time_sync.py"}}
client 2023-07-09 12:54:21,329 [INFO] Running workload in ranging mode
client 2023-07-09 12:54:21,329 [INFO] Synchronizing with the server and with time.google.com...
client 2023-07-09 12:54:21,348 [INFO] NTP:offset = -0.000 s, delay = 0.018 s 
client 2023-07-09 12:54:21,349 [INFO] Sending command to the server: 'time'
client 2023-07-09 12:54:21,352 [INFO] Got response: '1688903661.3524864'
client 2023-07-09 12:54:21,352 [INFO] The time difference between the client and the server is within range -3.447 ms..0.101 ms
client 2023-07-09 12:54:21,352 [INFO] Sending command to the server: 'session,2023-07-09_11-54-21,start,ranging'
client 2023-07-09 12:54:49,468 [INFO] Got response: 'OK'
client 2023-07-09 12:54:49,470 [INFO] Sending command to the server: 'time'
client 2023-07-09 12:54:49,473 [INFO] Got response: '1688903689.4728875'
client 2023-07-09 12:54:49,473 [INFO] The time difference between the client and the server is within range -2.923 ms..0.425 ms
client 2023-07-09 12:54:49,473 [INFO] Running the workload 'CM_MLPERF_RUN_COUNT=$(cat ${CM_RUN_DIR}/count.txt); echo ${CM_MLPERF_RUN_COUNT}; CM_MLPERF_RUN_COUNT=$((CM_MLPERF_RUN_COUNT+1)); echo ${CM_MLPERF_RUN_COUNT} > ${CM_RUN_DIR}/count.txt && if [ ${CM_MLPERF_RUN_COUNT} -eq "1" ]; then export CM_MLPERF_USER_CONF=${CM_MLPERF_RANGING_USER_CONF}; else export CM_MLPERF_USER_CONF=${CM_MLPERF_TESTING_USER_CONF}; fi && /home/arjun/run.out'
client 2023-07-09 12:59:55,457 [INFO] Sending command to the server: 'time'
client 2023-07-09 12:59:55,540 [INFO] Got response: '1688903995.538799'
client 2023-07-09 12:59:55,540 [INFO] The time difference between the client and the server is within range -81.167 ms..1.866 ms
client 2023-07-09 12:59:55,540 [INFO] Sending command to the server: 'session,2023-07-09_11-54-21,stop,ranging'
client 2023-07-09 13:00:06,545 [INFO] Got response: 'OK'
client 2023-07-09 13:00:06,546 [INFO] Sending command to the server: 'time'
client 2023-07-09 13:00:06,550 [INFO] Got response: '1688904006.549922'
client 2023-07-09 13:00:06,550 [INFO] The time difference between the client and the server is within range -3.189 ms..0.558 ms
client 2023-07-09 13:00:06,580 [INFO] Copying loadgen logs from '/home/arjun/mobilenet_results/valid_results/orin-tflite_cpp-cpu-tflite-vmaster-default_config/mobilenet-v1-precision_float-0.75-128/singlestream/performance/run_1' to '/home/arjun/mobilenet_results/valid_results/orin-tflite_cpp-cpu-tflite-vmaster-default_config/mobilenet-v1-precision_float-0.75-128/singlestream/performance/tmp_power/ranging'
client 2023-07-09 13:00:06,582 [INFO] Running workload in testing mode
client 2023-07-09 13:00:06,583 [INFO] Synchronizing with the server and with time.google.com...
client 2023-07-09 13:00:06,601 [INFO] NTP:offset = 0.000 s, delay = 0.014 s 
client 2023-07-09 13:00:06,601 [INFO] Sending command to the server: 'time'
client 2023-07-09 13:00:06,605 [INFO] Got response: '1688904006.6051512'
client 2023-07-09 13:00:06,605 [INFO] The time difference between the client and the server is within range -3.924 ms..0.443 ms
client 2023-07-09 13:00:06,605 [INFO] Sending command to the server: 'session,2023-07-09_11-54-21,start,testing'
client 2023-07-09 13:00:19,628 [INFO] Got response: 'OK'
client 2023-07-09 13:00:19,628 [INFO] Sending command to the server: 'time'
client 2023-07-09 13:00:19,631 [INFO] Got response: '1688904019.6314607'
client 2023-07-09 13:00:19,631 [INFO] The time difference between the client and the server is within range -2.809 ms..0.438 ms
client 2023-07-09 13:00:19,632 [INFO] Running the workload 'CM_MLPERF_RUN_COUNT=$(cat ${CM_RUN_DIR}/count.txt); echo ${CM_MLPERF_RUN_COUNT}; CM_MLPERF_RUN_COUNT=$((CM_MLPERF_RUN_COUNT+1)); echo ${CM_MLPERF_RUN_COUNT} > ${CM_RUN_DIR}/count.txt && if [ ${CM_MLPERF_RUN_COUNT} -eq "1" ]; then export CM_MLPERF_USER_CONF=${CM_MLPERF_RANGING_USER_CONF}; else export CM_MLPERF_USER_CONF=${CM_MLPERF_TESTING_USER_CONF}; fi && /home/arjun/run.out'
client 2023-07-09 13:10:31,165 [INFO] Sending command to the server: 'time'
client 2023-07-09 13:10:31,169 [INFO] Got response: '1688904631.1695302'
client 2023-07-09 13:10:31,169 [INFO] The time difference between the client and the server is within range -4.483 ms..0.349 ms
client 2023-07-09 13:10:31,170 [INFO] Sending command to the server: 'session,2023-07-09_11-54-21,stop,testing'
client 2023-07-09 13:10:41,683 [INFO] Got response: 'OK'
client 2023-07-09 13:10:41,684 [INFO] Sending command to the server: 'time'
client 2023-07-09 13:10:41,688 [INFO] Got response: '1688904641.6876104'
client 2023-07-09 13:10:41,688 [INFO] The time difference between the client and the server is within range -3.611 ms..1.270 ms
client 2023-07-09 13:10:41,693 [INFO] Copying loadgen logs from '/home/arjun/mobilenet_results/valid_results/orin-tflite_cpp-cpu-tflite-vmaster-default_config/mobilenet-v1-precision_float-0.75-128/singlestream/performance/run_1' to '/home/arjun/mobilenet_results/valid_results/orin-tflite_cpp-cpu-tflite-vmaster-default_config/mobilenet-v1-precision_float-0.75-128/singlestream/performance/tmp_power/run_1'
client 2023-07-09 13:10:41,696 [INFO] Done runs
