client 2023-07-11 07:51:53,648 [INFO] Creating output directory '/home/arjun/mobilenet_results/valid_results/orin-tflite_armnn_cpp-cpu-armnn_tflite-v22.11-using_neon/mobilenet-v1-precision_float-0.25-160/singlestream/performance/tmp_power'
client 2023-07-11 07:51:53,651 [INFO] Sending command to the server: 'mlcommons/power client v3'
client 2023-07-11 07:51:53,653 [INFO] Got response: 'mlcommons/power server v3'
client 2023-07-11 07:51:53,653 [INFO] Synchronizing with the server and with time.google.com...
client 2023-07-11 07:51:53,677 [INFO] NTP:offset = -0.007 s, delay = 0.019 s 
client 2023-07-11 07:51:53,677 [INFO] Sending command to the server: 'time'
client 2023-07-11 07:51:53,679 [INFO] Got response: '1689058313.6350353'
client 2023-07-11 07:51:53,680 [INFO] The time difference between the client and the server is within range 42.449 ms..44.997 ms
client 2023-07-11 07:51:53,680 [INFO] Sending command to the server: 'new,,e9dec330-d802-4682-9e85-5e13369dda8f'
client 2023-07-11 07:51:53,682 [INFO] Got response: 'OK 2023-07-11_07-51-53,3942681a-fd51-42fd-91ac-fb6e17d4b132'
client 2023-07-11 07:51:53,683 [INFO] Session id is '2023-07-11_07-51-53'
client 2023-07-11 07:51:53,683 [INFO] Sources: {"sources": {"__init__.py": "da39a3ee5e6b4b0d3255bfef95601890afd80709", "client.py": "33ca4f26368777ac06e01f9567b714a4b8063886", "lib/__init__.py": "da39a3ee5e6b4b0d3255bfef95601890afd80709", "lib/client.py": "ac2aa093c8e8bbc9569b9e2a3471bc64e58a2258", "lib/common.py": "611d8b29633d331eb19c9455ea3b5fa3284ed6df", "lib/external/__init__.py": "da39a3ee5e6b4b0d3255bfef95601890afd80709", "lib/external/ntplib.py": "4da8f970656505a40483206ef2b5d3dd5e81711d", "lib/server.py": "c7af63c31bb2fbedea4345f571f6e3507d268ada", "lib/source_hashes.py": "60a2e02193209e8d392803326208d5466342da18", "lib/summary.py": "aa92f0a3f975eecd44d3c0cd0236342ccc9f941d", "lib/time_sync.py": "122eba67a9abc85635223e054def53be1367ade2", "server.py": "c3f90f2f7eeb4db30727556d0c815ebc89b3d28b", "tests/unit/__init__.py": "da39a3ee5e6b4b0d3255bfef95601890afd80709", "tests/unit/test_server.py": "948c1995d4008bc2aa6c4046a34ffa3858d6d671", "tests/unit/test_source_hashes.py": "00468a2907583c593e6574a1f6b404e4651c221a"}, "modules": {"ptd_client_server.lib.client": "lib/client.py", "ptd_client_server.lib.common": "lib/common.py", "ptd_client_server.lib.external.ntplib": "lib/external/ntplib.py", "ptd_client_server.lib.source_hashes": "lib/source_hashes.py", "ptd_client_server.lib.summary": "lib/summary.py", "ptd_client_server.lib.time_sync": "lib/time_sync.py"}}
client 2023-07-11 07:51:53,683 [INFO] Running workload in ranging mode
client 2023-07-11 07:51:53,683 [INFO] Synchronizing with the server and with time.google.com...
client 2023-07-11 07:51:53,704 [INFO] NTP:offset = -0.009 s, delay = 0.020 s 
client 2023-07-11 07:51:53,704 [INFO] Sending command to the server: 'time'
client 2023-07-11 07:51:53,706 [INFO] Got response: '1689058313.6545823'
client 2023-07-11 07:51:53,706 [INFO] The time difference between the client and the server is within range 49.594 ms..52.238 ms
client 2023-07-11 07:51:53,706 [INFO] Sending command to the server: 'session,2023-07-11_07-51-53,start,ranging'
client 2023-07-11 07:52:22,329 [INFO] Got response: 'OK'
client 2023-07-11 07:52:22,331 [INFO] Sending command to the server: 'time'
client 2023-07-11 07:52:22,334 [INFO] Got response: '1689058342.2828484'
client 2023-07-11 07:52:22,334 [INFO] The time difference between the client and the server is within range 48.198 ms..51.918 ms
client 2023-07-11 07:52:22,335 [INFO] Running the workload 'CM_MLPERF_RUN_COUNT=$(cat ${CM_RUN_DIR}/count.txt); echo ${CM_MLPERF_RUN_COUNT}; CM_MLPERF_RUN_COUNT=$((CM_MLPERF_RUN_COUNT+1)); echo ${CM_MLPERF_RUN_COUNT} > ${CM_RUN_DIR}/count.txt && if [ ${CM_MLPERF_RUN_COUNT} -eq "1" ]; then export CM_MLPERF_USER_CONF=${CM_MLPERF_RANGING_USER_CONF}; else export CM_MLPERF_USER_CONF=${CM_MLPERF_TESTING_USER_CONF}; fi && /home/arjun/run.out'
client 2023-07-11 07:57:24,010 [INFO] Sending command to the server: 'time'
client 2023-07-11 07:57:24,013 [INFO] Got response: '1689058643.962697'
client 2023-07-11 07:57:24,014 [INFO] The time difference between the client and the server is within range 47.647 ms..51.476 ms
client 2023-07-11 07:57:24,014 [INFO] Sending command to the server: 'session,2023-07-11_07-51-53,stop,ranging'
client 2023-07-11 07:57:34,747 [INFO] Got response: 'OK'
client 2023-07-11 07:57:34,747 [INFO] Sending command to the server: 'time'
client 2023-07-11 07:57:34,750 [INFO] Got response: '1689058654.702207'
client 2023-07-11 07:57:34,750 [INFO] The time difference between the client and the server is within range 45.391 ms..48.517 ms
client 2023-07-11 07:57:34,769 [INFO] Copying loadgen logs from '/home/arjun/mobilenet_results/valid_results/orin-tflite_armnn_cpp-cpu-armnn_tflite-v22.11-using_neon/mobilenet-v1-precision_float-0.25-160/singlestream/performance/run_1' to '/home/arjun/mobilenet_results/valid_results/orin-tflite_armnn_cpp-cpu-armnn_tflite-v22.11-using_neon/mobilenet-v1-precision_float-0.25-160/singlestream/performance/tmp_power/ranging'
client 2023-07-11 07:57:34,772 [INFO] Running workload in testing mode
client 2023-07-11 07:57:34,772 [INFO] Synchronizing with the server and with time.google.com...
client 2023-07-11 07:57:34,797 [INFO] NTP:offset = -0.008 s, delay = 0.020 s 
client 2023-07-11 07:57:34,798 [INFO] Sending command to the server: 'time'
client 2023-07-11 07:57:34,801 [INFO] Got response: '1689058654.7522702'
client 2023-07-11 07:57:34,801 [INFO] The time difference between the client and the server is within range 45.845 ms..49.025 ms
client 2023-07-11 07:57:34,801 [INFO] Sending command to the server: 'session,2023-07-11_07-51-53,start,testing'
client 2023-07-11 07:57:47,839 [INFO] Got response: 'OK'
client 2023-07-11 07:57:47,840 [INFO] Sending command to the server: 'time'
client 2023-07-11 07:57:47,843 [INFO] Got response: '1689058667.7899585'
client 2023-07-11 07:57:47,843 [INFO] The time difference between the client and the server is within range 50.122 ms..53.645 ms
client 2023-07-11 07:57:47,843 [INFO] Running the workload 'CM_MLPERF_RUN_COUNT=$(cat ${CM_RUN_DIR}/count.txt); echo ${CM_MLPERF_RUN_COUNT}; CM_MLPERF_RUN_COUNT=$((CM_MLPERF_RUN_COUNT+1)); echo ${CM_MLPERF_RUN_COUNT} > ${CM_RUN_DIR}/count.txt && if [ ${CM_MLPERF_RUN_COUNT} -eq "1" ]; then export CM_MLPERF_USER_CONF=${CM_MLPERF_RANGING_USER_CONF}; else export CM_MLPERF_USER_CONF=${CM_MLPERF_TESTING_USER_CONF}; fi && /home/arjun/run.out'
client 2023-07-11 08:07:50,901 [INFO] Sending command to the server: 'time'
client 2023-07-11 08:07:50,904 [INFO] Got response: '1689059270.8473623'
client 2023-07-11 08:07:50,904 [INFO] The time difference between the client and the server is within range 53.903 ms..57.012 ms
client 2023-07-11 08:07:50,904 [INFO] Sending command to the server: 'session,2023-07-11_07-51-53,stop,testing'
client 2023-07-11 08:08:01,952 [INFO] Got response: 'OK'
client 2023-07-11 08:08:01,953 [INFO] Sending command to the server: 'time'
client 2023-07-11 08:08:01,956 [INFO] Got response: '1689059281.8958733'
client 2023-07-11 08:08:01,957 [INFO] The time difference between the client and the server is within range 57.256 ms..61.311 ms
client 2023-07-11 08:08:01,961 [INFO] Copying loadgen logs from '/home/arjun/mobilenet_results/valid_results/orin-tflite_armnn_cpp-cpu-armnn_tflite-v22.11-using_neon/mobilenet-v1-precision_float-0.25-160/singlestream/performance/run_1' to '/home/arjun/mobilenet_results/valid_results/orin-tflite_armnn_cpp-cpu-armnn_tflite-v22.11-using_neon/mobilenet-v1-precision_float-0.25-160/singlestream/performance/tmp_power/run_1'
client 2023-07-11 08:08:01,964 [INFO] Done runs
