client 2023-07-09 22:35:06,173 [INFO] Creating output directory '/home/arjun/mobilenet_results/valid_results/orin-tflite_cpp-cpu-tflite-vmaster-default_config/mobilenet-v2-precision_uint8-0.5-224/singlestream/performance/tmp_power'
client 2023-07-09 22:35:06,198 [INFO] Sending command to the server: 'mlcommons/power client v3'
client 2023-07-09 22:35:06,202 [INFO] Got response: 'mlcommons/power server v3'
client 2023-07-09 22:35:06,202 [INFO] Synchronizing with the server and with time.google.com...
client 2023-07-09 22:35:06,222 [INFO] NTP:offset = 0.000 s, delay = 0.015 s 
client 2023-07-09 22:35:06,222 [INFO] Sending command to the server: 'time'
client 2023-07-09 22:35:06,225 [INFO] Got response: '1688938506.2247689'
client 2023-07-09 22:35:06,225 [INFO] The time difference between the client and the server is within range -2.467 ms..1.174 ms
client 2023-07-09 22:35:06,226 [INFO] Sending command to the server: 'new,,cbe07690-9ef7-441a-985c-c652e1002f1b'
client 2023-07-09 22:35:06,229 [INFO] Got response: 'OK 2023-07-09_21-35-06,430dc77d-9a1b-422a-b07b-f5057b633f0f'
client 2023-07-09 22:35:06,229 [INFO] Session id is '2023-07-09_21-35-06'
client 2023-07-09 22:35:06,230 [INFO] Sources: {"sources": {"__init__.py": "da39a3ee5e6b4b0d3255bfef95601890afd80709", "client.py": "33ca4f26368777ac06e01f9567b714a4b8063886", "lib/__init__.py": "da39a3ee5e6b4b0d3255bfef95601890afd80709", "lib/client.py": "ac2aa093c8e8bbc9569b9e2a3471bc64e58a2258", "lib/common.py": "611d8b29633d331eb19c9455ea3b5fa3284ed6df", "lib/external/__init__.py": "da39a3ee5e6b4b0d3255bfef95601890afd80709", "lib/external/ntplib.py": "4da8f970656505a40483206ef2b5d3dd5e81711d", "lib/server.py": "c7af63c31bb2fbedea4345f571f6e3507d268ada", "lib/source_hashes.py": "60a2e02193209e8d392803326208d5466342da18", "lib/summary.py": "aa92f0a3f975eecd44d3c0cd0236342ccc9f941d", "lib/time_sync.py": "122eba67a9abc85635223e054def53be1367ade2", "server.py": "c3f90f2f7eeb4db30727556d0c815ebc89b3d28b", "tests/unit/__init__.py": "da39a3ee5e6b4b0d3255bfef95601890afd80709", "tests/unit/test_server.py": "948c1995d4008bc2aa6c4046a34ffa3858d6d671", "tests/unit/test_source_hashes.py": "00468a2907583c593e6574a1f6b404e4651c221a"}, "modules": {"ptd_client_server.lib.client": "lib/client.py", "ptd_client_server.lib.common": "lib/common.py", "ptd_client_server.lib.external.ntplib": "lib/external/ntplib.py", "ptd_client_server.lib.source_hashes": "lib/source_hashes.py", "ptd_client_server.lib.summary": "lib/summary.py", "ptd_client_server.lib.time_sync": "lib/time_sync.py"}}
client 2023-07-09 22:35:06,230 [INFO] Running workload in ranging mode
client 2023-07-09 22:35:06,230 [INFO] Synchronizing with the server and with time.google.com...
client 2023-07-09 22:35:06,245 [INFO] NTP:offset = -0.000 s, delay = 0.014 s 
client 2023-07-09 22:35:06,246 [INFO] Sending command to the server: 'time'
client 2023-07-09 22:35:06,249 [INFO] Got response: '1688938506.2478657'
client 2023-07-09 22:35:06,249 [INFO] The time difference between the client and the server is within range -1.805 ms..1.297 ms
client 2023-07-09 22:35:06,249 [INFO] Sending command to the server: 'session,2023-07-09_21-35-06,start,ranging'
client 2023-07-09 22:35:34,350 [INFO] Got response: 'OK'
client 2023-07-09 22:35:34,352 [INFO] Sending command to the server: 'time'
client 2023-07-09 22:35:34,355 [INFO] Got response: '1688938534.3535802'
client 2023-07-09 22:35:34,356 [INFO] The time difference between the client and the server is within range -1.574 ms..2.368 ms
client 2023-07-09 22:35:34,356 [INFO] Running the workload 'CM_MLPERF_RUN_COUNT=$(cat ${CM_RUN_DIR}/count.txt); echo ${CM_MLPERF_RUN_COUNT}; CM_MLPERF_RUN_COUNT=$((CM_MLPERF_RUN_COUNT+1)); echo ${CM_MLPERF_RUN_COUNT} > ${CM_RUN_DIR}/count.txt && if [ ${CM_MLPERF_RUN_COUNT} -eq "1" ]; then export CM_MLPERF_USER_CONF=${CM_MLPERF_RANGING_USER_CONF}; else export CM_MLPERF_USER_CONF=${CM_MLPERF_TESTING_USER_CONF}; fi && /home/arjun/run.out'
client 2023-07-09 22:40:40,234 [INFO] Sending command to the server: 'time'
client 2023-07-09 22:40:40,238 [INFO] Got response: '1688938840.2381594'
client 2023-07-09 22:40:40,238 [INFO] The time difference between the client and the server is within range -3.520 ms..0.637 ms
client 2023-07-09 22:40:40,239 [INFO] Sending command to the server: 'session,2023-07-09_21-35-06,stop,ranging'
client 2023-07-09 22:40:50,459 [INFO] Got response: 'OK'
client 2023-07-09 22:40:50,460 [INFO] Sending command to the server: 'time'
client 2023-07-09 22:40:50,465 [INFO] Got response: '1688938850.4633207'
client 2023-07-09 22:40:50,465 [INFO] The time difference between the client and the server is within range -3.289 ms..1.946 ms
client 2023-07-09 22:40:50,489 [INFO] Copying loadgen logs from '/home/arjun/mobilenet_results/valid_results/orin-tflite_cpp-cpu-tflite-vmaster-default_config/mobilenet-v2-precision_uint8-0.5-224/singlestream/performance/run_1' to '/home/arjun/mobilenet_results/valid_results/orin-tflite_cpp-cpu-tflite-vmaster-default_config/mobilenet-v2-precision_uint8-0.5-224/singlestream/performance/tmp_power/ranging'
client 2023-07-09 22:40:50,491 [INFO] Running workload in testing mode
client 2023-07-09 22:40:50,491 [INFO] Synchronizing with the server and with time.google.com...
client 2023-07-09 22:40:50,511 [INFO] NTP:offset = 0.001 s, delay = 0.015 s 
client 2023-07-09 22:40:50,511 [INFO] Sending command to the server: 'time'
client 2023-07-09 22:40:50,514 [INFO] Got response: '1688938850.5138762'
client 2023-07-09 22:40:50,514 [INFO] The time difference between the client and the server is within range -2.323 ms..0.613 ms
client 2023-07-09 22:40:50,514 [INFO] Sending command to the server: 'session,2023-07-09_21-35-06,start,testing'
client 2023-07-09 22:41:03,537 [INFO] Got response: 'OK'
client 2023-07-09 22:41:03,537 [INFO] Sending command to the server: 'time'
client 2023-07-09 22:41:03,541 [INFO] Got response: '1688938863.540063'
client 2023-07-09 22:41:03,541 [INFO] The time difference between the client and the server is within range -2.272 ms..1.200 ms
client 2023-07-09 22:41:03,541 [INFO] Running the workload 'CM_MLPERF_RUN_COUNT=$(cat ${CM_RUN_DIR}/count.txt); echo ${CM_MLPERF_RUN_COUNT}; CM_MLPERF_RUN_COUNT=$((CM_MLPERF_RUN_COUNT+1)); echo ${CM_MLPERF_RUN_COUNT} > ${CM_RUN_DIR}/count.txt && if [ ${CM_MLPERF_RUN_COUNT} -eq "1" ]; then export CM_MLPERF_USER_CONF=${CM_MLPERF_RANGING_USER_CONF}; else export CM_MLPERF_USER_CONF=${CM_MLPERF_TESTING_USER_CONF}; fi && /home/arjun/run.out'
client 2023-07-09 22:51:14,881 [INFO] Sending command to the server: 'time'
client 2023-07-09 22:51:14,903 [INFO] Got response: '1688939474.9031956'
client 2023-07-09 22:51:14,904 [INFO] The time difference between the client and the server is within range -22.126 ms..0.817 ms
client 2023-07-09 22:51:14,904 [INFO] Sending command to the server: 'session,2023-07-09_21-35-06,stop,testing'
client 2023-07-09 22:51:25,591 [INFO] Got response: 'OK'
client 2023-07-09 22:51:25,591 [INFO] Sending command to the server: 'time'
client 2023-07-09 22:51:25,594 [INFO] Got response: '1688939485.5947173'
client 2023-07-09 22:51:25,594 [INFO] The time difference between the client and the server is within range -2.902 ms..0.007 ms
client 2023-07-09 22:51:25,599 [INFO] Copying loadgen logs from '/home/arjun/mobilenet_results/valid_results/orin-tflite_cpp-cpu-tflite-vmaster-default_config/mobilenet-v2-precision_uint8-0.5-224/singlestream/performance/run_1' to '/home/arjun/mobilenet_results/valid_results/orin-tflite_cpp-cpu-tflite-vmaster-default_config/mobilenet-v2-precision_uint8-0.5-224/singlestream/performance/tmp_power/run_1'
client 2023-07-09 22:51:25,601 [INFO] Done runs
