client 2023-07-31 00:54:22,609 [INFO] Creating output directory '/home/arjun/results_dir/valid_results/orin-nvidia_original-gpu-tensorrt-vdefault-default_config/3d-unet-99/singlestream/performance/tmp_power'
client 2023-07-31 00:54:22,612 [INFO] Sending command to the server: 'mlcommons/power client v3'
client 2023-07-31 00:54:22,616 [INFO] Got response: 'mlcommons/power server v3'
client 2023-07-31 00:54:22,616 [INFO] Synchronizing with the server and with time.google.com...
client 2023-07-31 00:54:22,646 [INFO] NTP:offset = -0.010 s, delay = 0.015 s 
client 2023-07-31 00:54:22,646 [INFO] Sending command to the server: 'time'
client 2023-07-31 00:54:22,650 [INFO] Got response: '1690761262.4700358'
client 2023-07-31 00:54:22,650 [INFO] The time difference between the client and the server is within range 176.616 ms..180.431 ms
client 2023-07-31 00:54:22,650 [INFO] Sending command to the server: 'new,,14fe3de9-9ceb-426f-bf5c-d827c1f8de39'
client 2023-07-31 00:54:22,656 [INFO] Got response: 'OK 2023-07-31_00-54-22,b6706593-e38e-44c2-a8c9-cc5632f42436'
client 2023-07-31 00:54:22,656 [INFO] Session id is '2023-07-31_00-54-22'
client 2023-07-31 00:54:22,656 [INFO] Sources: {"sources": {"__init__.py": "da39a3ee5e6b4b0d3255bfef95601890afd80709", "client.py": "33ca4f26368777ac06e01f9567b714a4b8063886", "lib/__init__.py": "da39a3ee5e6b4b0d3255bfef95601890afd80709", "lib/client.py": "ac2aa093c8e8bbc9569b9e2a3471bc64e58a2258", "lib/common.py": "611d8b29633d331eb19c9455ea3b5fa3284ed6df", "lib/external/__init__.py": "da39a3ee5e6b4b0d3255bfef95601890afd80709", "lib/external/ntplib.py": "4da8f970656505a40483206ef2b5d3dd5e81711d", "lib/server.py": "c7af63c31bb2fbedea4345f571f6e3507d268ada", "lib/source_hashes.py": "60a2e02193209e8d392803326208d5466342da18", "lib/summary.py": "aa92f0a3f975eecd44d3c0cd0236342ccc9f941d", "lib/time_sync.py": "122eba67a9abc85635223e054def53be1367ade2", "server.py": "c3f90f2f7eeb4db30727556d0c815ebc89b3d28b", "tests/unit/__init__.py": "da39a3ee5e6b4b0d3255bfef95601890afd80709", "tests/unit/test_server.py": "948c1995d4008bc2aa6c4046a34ffa3858d6d671", "tests/unit/test_source_hashes.py": "00468a2907583c593e6574a1f6b404e4651c221a"}, "modules": {"ptd_client_server.lib.client": "lib/client.py", "ptd_client_server.lib.common": "lib/common.py", "ptd_client_server.lib.external.ntplib": "lib/external/ntplib.py", "ptd_client_server.lib.source_hashes": "lib/source_hashes.py", "ptd_client_server.lib.summary": "lib/summary.py", "ptd_client_server.lib.time_sync": "lib/time_sync.py"}}
client 2023-07-31 00:54:22,656 [INFO] Running workload in ranging mode
client 2023-07-31 00:54:22,656 [INFO] Synchronizing with the server and with time.google.com...
client 2023-07-31 00:54:22,671 [INFO] NTP:offset = -0.010 s, delay = 0.013 s 
client 2023-07-31 00:54:22,671 [INFO] Sending command to the server: 'time'
client 2023-07-31 00:54:22,673 [INFO] Got response: '1690761262.5001864'
client 2023-07-31 00:54:22,673 [INFO] The time difference between the client and the server is within range 171.088 ms..173.490 ms
client 2023-07-31 00:54:22,673 [INFO] Sending command to the server: 'session,2023-07-31_00-54-22,start,ranging'
client 2023-07-31 00:54:51,898 [INFO] Got response: 'OK'
client 2023-07-31 00:54:51,898 [INFO] Sending command to the server: 'time'
client 2023-07-31 00:54:51,902 [INFO] Got response: '1690761291.724393'
client 2023-07-31 00:54:51,902 [INFO] The time difference between the client and the server is within range 174.256 ms..178.444 ms
client 2023-07-31 00:54:51,902 [INFO] Running the workload 'CM_MLPERF_RUN_COUNT=$(cat ${CM_RUN_DIR}/count.txt); echo ${CM_MLPERF_RUN_COUNT}; CM_MLPERF_RUN_COUNT=$((CM_MLPERF_RUN_COUNT+1)); echo ${CM_MLPERF_RUN_COUNT} > ${CM_RUN_DIR}/count.txt && if [ ${CM_MLPERF_RUN_COUNT} -eq "1" ]; then export CM_MLPERF_USER_CONF=${CM_MLPERF_RANGING_USER_CONF}; else export CM_MLPERF_USER_CONF=${CM_MLPERF_TESTING_USER_CONF}; fi && make run_harness RUN_ARGS=" --benchmarks=3d-unet --scenarios=singlestream --test_mode=PerformanceOnly --single_stream_expected_latency_ns=3700000000 --user_conf_path=${CM_MLPERF_USER_CONF} --mlperf_conf_path=/mount/CM/repos/local/cache/cedb99c765c24b90/inference/mlperf.conf --gpu_batch_size=1 --no_audit_verify "'
client 2023-07-31 01:00:28,113 [INFO] Sending command to the server: 'time'
client 2023-07-31 01:00:28,117 [INFO] Got response: '1690761627.9470341'
client 2023-07-31 01:00:28,117 [INFO] The time difference between the client and the server is within range 166.420 ms..170.389 ms
client 2023-07-31 01:00:28,117 [INFO] Sending command to the server: 'session,2023-07-31_00-54-22,stop,ranging'
client 2023-07-31 01:00:39,422 [INFO] Got response: 'OK'
client 2023-07-31 01:00:39,422 [INFO] Sending command to the server: 'time'
client 2023-07-31 01:00:39,425 [INFO] Got response: '1690761639.2544405'
client 2023-07-31 01:00:39,425 [INFO] The time difference between the client and the server is within range 168.479 ms..171.249 ms
client 2023-07-31 01:00:39,440 [INFO] Copying loadgen logs from '/home/arjun/results_dir/valid_results/orin-nvidia_original-gpu-tensorrt-vdefault-default_config/3d-unet-99/singlestream/performance/run_1' to '/home/arjun/results_dir/valid_results/orin-nvidia_original-gpu-tensorrt-vdefault-default_config/3d-unet-99/singlestream/performance/tmp_power/ranging'
client 2023-07-31 01:00:39,441 [INFO] Running workload in testing mode
client 2023-07-31 01:00:39,441 [INFO] Synchronizing with the server and with time.google.com...
client 2023-07-31 01:00:39,456 [INFO] NTP:offset = -0.009 s, delay = 0.014 s 
client 2023-07-31 01:00:39,456 [INFO] Sending command to the server: 'time'
client 2023-07-31 01:00:39,459 [INFO] Got response: '1690761639.2846062'
client 2023-07-31 01:00:39,459 [INFO] The time difference between the client and the server is within range 171.557 ms..174.716 ms
client 2023-07-31 01:00:39,459 [INFO] Sending command to the server: 'session,2023-07-31_00-54-22,start,testing'
client 2023-07-31 01:00:52,502 [INFO] Got response: 'OK'
client 2023-07-31 01:00:52,502 [INFO] Sending command to the server: 'time'
client 2023-07-31 01:00:52,506 [INFO] Got response: '1690761652.3307667'
client 2023-07-31 01:00:52,506 [INFO] The time difference between the client and the server is within range 171.492 ms..175.524 ms
client 2023-07-31 01:00:52,506 [INFO] Running the workload 'CM_MLPERF_RUN_COUNT=$(cat ${CM_RUN_DIR}/count.txt); echo ${CM_MLPERF_RUN_COUNT}; CM_MLPERF_RUN_COUNT=$((CM_MLPERF_RUN_COUNT+1)); echo ${CM_MLPERF_RUN_COUNT} > ${CM_RUN_DIR}/count.txt && if [ ${CM_MLPERF_RUN_COUNT} -eq "1" ]; then export CM_MLPERF_USER_CONF=${CM_MLPERF_RANGING_USER_CONF}; else export CM_MLPERF_USER_CONF=${CM_MLPERF_TESTING_USER_CONF}; fi && make run_harness RUN_ARGS=" --benchmarks=3d-unet --scenarios=singlestream --test_mode=PerformanceOnly --single_stream_expected_latency_ns=3700000000 --user_conf_path=${CM_MLPERF_USER_CONF} --mlperf_conf_path=/mount/CM/repos/local/cache/cedb99c765c24b90/inference/mlperf.conf --gpu_batch_size=1 --no_audit_verify "'
client 2023-07-31 01:12:48,481 [INFO] Sending command to the server: 'time'
client 2023-07-31 01:12:48,485 [INFO] Got response: '1690762368.3235338'
client 2023-07-31 01:12:48,485 [INFO] The time difference between the client and the server is within range 157.537 ms..162.431 ms
client 2023-07-31 01:12:48,486 [INFO] Sending command to the server: 'session,2023-07-31_00-54-22,stop,testing'
client 2023-07-31 01:12:59,548 [INFO] Got response: 'OK'
client 2023-07-31 01:12:59,548 [INFO] Sending command to the server: 'time'
client 2023-07-31 01:12:59,564 [INFO] Got response: '1690762379.4043925'
client 2023-07-31 01:12:59,564 [INFO] The time difference between the client and the server is within range 144.219 ms..159.919 ms
client 2023-07-31 01:12:59,565 [INFO] Copying loadgen logs from '/home/arjun/results_dir/valid_results/orin-nvidia_original-gpu-tensorrt-vdefault-default_config/3d-unet-99/singlestream/performance/run_1' to '/home/arjun/results_dir/valid_results/orin-nvidia_original-gpu-tensorrt-vdefault-default_config/3d-unet-99/singlestream/performance/tmp_power/run_1'
client 2023-07-31 01:12:59,565 [INFO] Done runs
