client 2023-07-11 14:43:08,333 [INFO] Creating output directory '/home/arjun/mobilenet_results/valid_results/orin-tflite_armnn_cpp-cpu-armnn_tflite-v22.11-using_neon/mobilenet-v2-precision_uint8-0.5-160/singlestream/performance/tmp_power'
client 2023-07-11 14:43:08,336 [INFO] Sending command to the server: 'mlcommons/power client v3'
client 2023-07-11 14:43:08,338 [INFO] Got response: 'mlcommons/power server v3'
client 2023-07-11 14:43:08,338 [INFO] Synchronizing with the server and with time.google.com...
client 2023-07-11 14:43:08,363 [INFO] NTP:offset = -0.007 s, delay = 0.016 s 
client 2023-07-11 14:43:08,363 [INFO] Sending command to the server: 'time'
client 2023-07-11 14:43:08,366 [INFO] Got response: '1689082988.3001552'
client 2023-07-11 14:43:08,366 [INFO] The time difference between the client and the server is within range 63.542 ms..66.590 ms
client 2023-07-11 14:43:08,366 [INFO] Sending command to the server: 'new,,03dcb0ef-0b72-44e1-b606-25ec4e8c5c02'
client 2023-07-11 14:43:08,369 [INFO] Got response: 'OK 2023-07-11_14-43-08,b6fc7dc3-87e5-4ab6-93d5-d6b532ceab22'
client 2023-07-11 14:43:08,369 [INFO] Session id is '2023-07-11_14-43-08'
client 2023-07-11 14:43:08,369 [INFO] Sources: {"sources": {"__init__.py": "da39a3ee5e6b4b0d3255bfef95601890afd80709", "client.py": "33ca4f26368777ac06e01f9567b714a4b8063886", "lib/__init__.py": "da39a3ee5e6b4b0d3255bfef95601890afd80709", "lib/client.py": "ac2aa093c8e8bbc9569b9e2a3471bc64e58a2258", "lib/common.py": "611d8b29633d331eb19c9455ea3b5fa3284ed6df", "lib/external/__init__.py": "da39a3ee5e6b4b0d3255bfef95601890afd80709", "lib/external/ntplib.py": "4da8f970656505a40483206ef2b5d3dd5e81711d", "lib/server.py": "c7af63c31bb2fbedea4345f571f6e3507d268ada", "lib/source_hashes.py": "60a2e02193209e8d392803326208d5466342da18", "lib/summary.py": "aa92f0a3f975eecd44d3c0cd0236342ccc9f941d", "lib/time_sync.py": "122eba67a9abc85635223e054def53be1367ade2", "server.py": "c3f90f2f7eeb4db30727556d0c815ebc89b3d28b", "tests/unit/__init__.py": "da39a3ee5e6b4b0d3255bfef95601890afd80709", "tests/unit/test_server.py": "948c1995d4008bc2aa6c4046a34ffa3858d6d671", "tests/unit/test_source_hashes.py": "00468a2907583c593e6574a1f6b404e4651c221a"}, "modules": {"ptd_client_server.lib.client": "lib/client.py", "ptd_client_server.lib.common": "lib/common.py", "ptd_client_server.lib.external.ntplib": "lib/external/ntplib.py", "ptd_client_server.lib.source_hashes": "lib/source_hashes.py", "ptd_client_server.lib.summary": "lib/summary.py", "ptd_client_server.lib.time_sync": "lib/time_sync.py"}}
client 2023-07-11 14:43:08,370 [INFO] Running workload in ranging mode
client 2023-07-11 14:43:08,370 [INFO] Synchronizing with the server and with time.google.com...
client 2023-07-11 14:43:08,387 [INFO] NTP:offset = -0.007 s, delay = 0.016 s 
client 2023-07-11 14:43:08,387 [INFO] Sending command to the server: 'time'
client 2023-07-11 14:43:08,389 [INFO] Got response: '1689082988.32028'
client 2023-07-11 14:43:08,389 [INFO] The time difference between the client and the server is within range 66.890 ms..69.355 ms
client 2023-07-11 14:43:08,389 [INFO] Sending command to the server: 'session,2023-07-11_14-43-08,start,ranging'
client 2023-07-11 14:43:37,641 [INFO] Got response: 'OK'
client 2023-07-11 14:43:37,643 [INFO] Sending command to the server: 'time'
client 2023-07-11 14:43:37,646 [INFO] Got response: '1689083017.583352'
client 2023-07-11 14:43:37,647 [INFO] The time difference between the client and the server is within range 59.669 ms..63.706 ms
client 2023-07-11 14:43:37,647 [INFO] Running the workload 'CM_MLPERF_RUN_COUNT=$(cat ${CM_RUN_DIR}/count.txt); echo ${CM_MLPERF_RUN_COUNT}; CM_MLPERF_RUN_COUNT=$((CM_MLPERF_RUN_COUNT+1)); echo ${CM_MLPERF_RUN_COUNT} > ${CM_RUN_DIR}/count.txt && if [ ${CM_MLPERF_RUN_COUNT} -eq "1" ]; then export CM_MLPERF_USER_CONF=${CM_MLPERF_RANGING_USER_CONF}; else export CM_MLPERF_USER_CONF=${CM_MLPERF_TESTING_USER_CONF}; fi && /home/arjun/run.out'
client 2023-07-11 14:48:39,242 [INFO] Sending command to the server: 'time'
client 2023-07-11 14:48:39,244 [INFO] Got response: '1689083319.1844928'
client 2023-07-11 14:48:39,245 [INFO] The time difference between the client and the server is within range 57.385 ms..60.582 ms
client 2023-07-11 14:48:39,245 [INFO] Sending command to the server: 'session,2023-07-11_14-43-08,stop,ranging'
client 2023-07-11 14:48:50,114 [INFO] Got response: 'OK'
client 2023-07-11 14:48:50,115 [INFO] Sending command to the server: 'time'
client 2023-07-11 14:48:50,119 [INFO] Got response: '1689083330.0528972'
client 2023-07-11 14:48:50,119 [INFO] The time difference between the client and the server is within range 62.702 ms..66.978 ms
client 2023-07-11 14:48:50,138 [INFO] Copying loadgen logs from '/home/arjun/mobilenet_results/valid_results/orin-tflite_armnn_cpp-cpu-armnn_tflite-v22.11-using_neon/mobilenet-v2-precision_uint8-0.5-160/singlestream/performance/run_1' to '/home/arjun/mobilenet_results/valid_results/orin-tflite_armnn_cpp-cpu-armnn_tflite-v22.11-using_neon/mobilenet-v2-precision_uint8-0.5-160/singlestream/performance/tmp_power/ranging'
client 2023-07-11 14:48:50,140 [INFO] Running workload in testing mode
client 2023-07-11 14:48:50,141 [INFO] Synchronizing with the server and with time.google.com...
client 2023-07-11 14:48:50,163 [INFO] NTP:offset = -0.007 s, delay = 0.017 s 
client 2023-07-11 14:48:50,164 [INFO] Sending command to the server: 'time'
client 2023-07-11 14:48:50,167 [INFO] Got response: '1689083330.102951'
client 2023-07-11 14:48:50,167 [INFO] The time difference between the client and the server is within range 61.095 ms..64.905 ms
client 2023-07-11 14:48:50,168 [INFO] Sending command to the server: 'session,2023-07-11_14-43-08,start,testing'
client 2023-07-11 14:49:03,194 [INFO] Got response: 'OK'
client 2023-07-11 14:49:03,195 [INFO] Sending command to the server: 'time'
client 2023-07-11 14:49:03,198 [INFO] Got response: '1689083343.1350489'
client 2023-07-11 14:49:03,199 [INFO] The time difference between the client and the server is within range 59.991 ms..64.080 ms
client 2023-07-11 14:49:03,199 [INFO] Running the workload 'CM_MLPERF_RUN_COUNT=$(cat ${CM_RUN_DIR}/count.txt); echo ${CM_MLPERF_RUN_COUNT}; CM_MLPERF_RUN_COUNT=$((CM_MLPERF_RUN_COUNT+1)); echo ${CM_MLPERF_RUN_COUNT} > ${CM_RUN_DIR}/count.txt && if [ ${CM_MLPERF_RUN_COUNT} -eq "1" ]; then export CM_MLPERF_USER_CONF=${CM_MLPERF_RANGING_USER_CONF}; else export CM_MLPERF_USER_CONF=${CM_MLPERF_TESTING_USER_CONF}; fi && /home/arjun/run.out'
client 2023-07-11 14:59:06,112 [INFO] Sending command to the server: 'time'
client 2023-07-11 14:59:06,115 [INFO] Got response: '1689083946.0449462'
client 2023-07-11 14:59:06,116 [INFO] The time difference between the client and the server is within range 67.276 ms..71.123 ms
client 2023-07-11 14:59:06,116 [INFO] Sending command to the server: 'session,2023-07-11_14-43-08,stop,testing'
client 2023-07-11 14:59:16,392 [INFO] Got response: 'OK'
client 2023-07-11 14:59:16,393 [INFO] Sending command to the server: 'time'
client 2023-07-11 14:59:16,397 [INFO] Got response: '1689083956.3314736'
client 2023-07-11 14:59:16,398 [INFO] The time difference between the client and the server is within range 61.883 ms..66.771 ms
client 2023-07-11 14:59:16,402 [INFO] Copying loadgen logs from '/home/arjun/mobilenet_results/valid_results/orin-tflite_armnn_cpp-cpu-armnn_tflite-v22.11-using_neon/mobilenet-v2-precision_uint8-0.5-160/singlestream/performance/run_1' to '/home/arjun/mobilenet_results/valid_results/orin-tflite_armnn_cpp-cpu-armnn_tflite-v22.11-using_neon/mobilenet-v2-precision_uint8-0.5-160/singlestream/performance/tmp_power/run_1'
client 2023-07-11 14:59:16,405 [INFO] Done runs
