client 2023-08-15 02:38:56,688 [INFO] Sending command to the server: 'mlcommons/power client v3'
client 2023-08-15 02:38:56,689 [INFO] Got response: 'mlcommons/power server v3'
client 2023-08-15 02:38:56,689 [INFO] Sending command to the server: 'stop'
client 2023-08-15 02:38:56,690 [INFO] Got response: 'OK'
client 2023-08-15 02:38:56,691 [INFO] Synchronizing with the server and with ib-01.dc4-in.nvidia.com...
client 2023-08-15 02:38:57,015 [INFO] NTP:offset = 0.000 s, delay = 0.212 s 
client 2023-08-15 02:38:57,015 [INFO] Sending command to the server: 'time'
client 2023-08-15 02:38:57,016 [INFO] Got response: '1692067137.016468'
client 2023-08-15 02:38:57,016 [INFO] The time difference between the client and the server is within range -1.194 ms..0.432 ms
client 2023-08-15 02:38:57,017 [INFO] Sending command to the server: 'new,,069b07e0-930c-45d8-803a-f272ad1b2fb3'
client 2023-08-15 02:38:57,018 [INFO] Got response: 'OK 2023-08-14_19-38-57,592d1a6b-ca8f-40da-8f87-fd0c65a1fc15'
client 2023-08-15 02:38:57,018 [INFO] Session id is '2023-08-14_19-38-57'
client 2023-08-15 02:38:57,019 [INFO] Sources: {"sources": {"__init__.py": "da39a3ee5e6b4b0d3255bfef95601890afd80709", "client.py": "33ca4f26368777ac06e01f9567b714a4b8063886", "lib/__init__.py": "da39a3ee5e6b4b0d3255bfef95601890afd80709", "lib/client.py": "ac2aa093c8e8bbc9569b9e2a3471bc64e58a2258", "lib/common.py": "611d8b29633d331eb19c9455ea3b5fa3284ed6df", "lib/external/__init__.py": "da39a3ee5e6b4b0d3255bfef95601890afd80709", "lib/external/ntplib.py": "4da8f970656505a40483206ef2b5d3dd5e81711d", "lib/server.py": "c7af63c31bb2fbedea4345f571f6e3507d268ada", "lib/source_hashes.py": "60a2e02193209e8d392803326208d5466342da18", "lib/summary.py": "aa92f0a3f975eecd44d3c0cd0236342ccc9f941d", "lib/time_sync.py": "122eba67a9abc85635223e054def53be1367ade2", "server.py": "c3f90f2f7eeb4db30727556d0c815ebc89b3d28b", "tests/unit/__init__.py": "da39a3ee5e6b4b0d3255bfef95601890afd80709", "tests/unit/test_server.py": "948c1995d4008bc2aa6c4046a34ffa3858d6d671", "tests/unit/test_source_hashes.py": "00468a2907583c593e6574a1f6b404e4651c221a"}, "modules": {"ptd_client_server.lib.client": "lib/client.py", "ptd_client_server.lib.common": "lib/common.py", "ptd_client_server.lib.external.ntplib": "lib/external/ntplib.py", "ptd_client_server.lib.source_hashes": "lib/source_hashes.py", "ptd_client_server.lib.summary": "lib/summary.py", "ptd_client_server.lib.time_sync": "lib/time_sync.py"}}
client 2023-08-15 02:38:57,024 [INFO] Running workload in ranging mode
client 2023-08-15 02:38:57,024 [INFO] Synchronizing with the server and with ib-01.dc4-in.nvidia.com...
client 2023-08-15 02:38:57,246 [INFO] NTP:offset = 0.000 s, delay = 0.212 s 
client 2023-08-15 02:38:57,246 [INFO] Sending command to the server: 'time'
client 2023-08-15 02:38:57,248 [INFO] Got response: '1692067137.2479637'
client 2023-08-15 02:38:57,248 [INFO] The time difference between the client and the server is within range -0.989 ms..0.457 ms
client 2023-08-15 02:38:57,248 [INFO] Sending command to the server: 'session,2023-08-14_19-38-57,start,ranging'
client 2023-08-15 02:39:37,168 [INFO] Got response: 'OK'
client 2023-08-15 02:39:37,168 [INFO] Sending command to the server: 'time'
client 2023-08-15 02:39:37,169 [INFO] Got response: '1692067177.169301'
client 2023-08-15 02:39:37,169 [INFO] The time difference between the client and the server is within range -0.904 ms..0.507 ms
client 2023-08-15 02:39:37,169 [INFO] Running the workload 'LOG_DIR=/work/build/power_logs_temp python3.8 -m code.main --benchmarks=bert --scenarios=Offline --config_ver=high_accuracy_maxq --test_mode=PerformanceOnly --action="run_harness" \\\n\t\t2>&1 | tee -a /work/build/power_logs/2023.08.15-02.38.07/stdout.txt \\\n\t\t&& if [ ! -d /work/build/power_logs/2023.08.15-02.38.07/ranging_tmp ]; \\\n\t\t\tthen mkdir /work/build/power_logs/2023.08.15-02.38.07/ranging_tmp \\\n\t\t\t\t&& mv /work/build/power_logs_temp/* /work/build/power_logs/2023.08.15-02.38.07/ranging_tmp/ \\\n\t\t\t\t&& cp -v /work/build/power_logs/2023.08.15-02.38.07/ranging_tmp/*/*/*/mlperf_log_detail.txt /work/build/power_logs_temp/ \\\n\t\t\t\t&& cp -v /work/build/power_logs/2023.08.15-02.38.07/ranging_tmp/*/*/*/mlperf_log_summary.txt /work/build/power_logs_temp/; \\\n\t\t\telse mkdir /work/build/power_logs/2023.08.15-02.38.07/testing_tmp \\\n\t\t\t\t&& mv /work/build/power_logs_temp/* /work/build/power_logs/2023.08.15-02.38.07/testing_tmp/ \\\n\t\t\t\t&& cp -v /work/build/power_logs/2023.08.15-02.38.07/testing_tmp/*/*/*/mlperf_log_detail.txt /work/build/power_logs_temp/ \\\n\t\t\t\t&& cp -v /work/build/power_logs/2023.08.15-02.38.07/testing_tmp/*/*/*/mlperf_log_summary.txt /work/build/power_logs_temp/; fi'
client 2023-08-15 02:51:03,535 [INFO] Sending command to the server: 'time'
client 2023-08-15 02:51:03,537 [INFO] Got response: '1692067863.5362217'
client 2023-08-15 02:51:03,537 [INFO] The time difference between the client and the server is within range -0.374 ms..1.545 ms
client 2023-08-15 02:51:03,537 [INFO] Sending command to the server: 'session,2023-08-14_19-38-57,stop,ranging'
client 2023-08-15 02:51:14,248 [INFO] Got response: 'OK'
client 2023-08-15 02:51:14,249 [INFO] Sending command to the server: 'time'
client 2023-08-15 02:51:14,250 [INFO] Got response: '1692067874.2489762'
client 2023-08-15 02:51:14,250 [INFO] The time difference between the client and the server is within range 0.143 ms..1.487 ms
client 2023-08-15 02:51:14,267 [INFO] Copying loadgen logs from '/work/build/power_logs_temp' to '/work/build/power_logs/2023.08.15-02.38.07/2023-08-14_19-38-57/ranging'
client 2023-08-15 02:51:14,291 [INFO] Running workload in testing mode
client 2023-08-15 02:51:14,291 [INFO] Synchronizing with the server and with ib-01.dc4-in.nvidia.com...
client 2023-08-15 02:51:14,843 [INFO] NTP:offset = -0.000 s, delay = 0.215 s 
client 2023-08-15 02:51:14,843 [INFO] Sending command to the server: 'time'
client 2023-08-15 02:51:14,845 [INFO] Got response: '1692067874.8436496'
client 2023-08-15 02:51:14,845 [INFO] The time difference between the client and the server is within range 0.151 ms..1.577 ms
client 2023-08-15 02:51:14,845 [INFO] Sending command to the server: 'session,2023-08-14_19-38-57,start,testing'
client 2023-08-15 02:51:36,473 [INFO] Got response: 'OK'
client 2023-08-15 02:51:36,473 [INFO] Sending command to the server: 'time'
client 2023-08-15 02:51:36,475 [INFO] Got response: '1692067896.4737558'
client 2023-08-15 02:51:36,475 [INFO] The time difference between the client and the server is within range 0.195 ms..1.519 ms
client 2023-08-15 02:51:36,475 [INFO] Running the workload 'LOG_DIR=/work/build/power_logs_temp python3.8 -m code.main --benchmarks=bert --scenarios=Offline --config_ver=high_accuracy_maxq --test_mode=PerformanceOnly --action="run_harness" \\\n\t\t2>&1 | tee -a /work/build/power_logs/2023.08.15-02.38.07/stdout.txt \\\n\t\t&& if [ ! -d /work/build/power_logs/2023.08.15-02.38.07/ranging_tmp ]; \\\n\t\t\tthen mkdir /work/build/power_logs/2023.08.15-02.38.07/ranging_tmp \\\n\t\t\t\t&& mv /work/build/power_logs_temp/* /work/build/power_logs/2023.08.15-02.38.07/ranging_tmp/ \\\n\t\t\t\t&& cp -v /work/build/power_logs/2023.08.15-02.38.07/ranging_tmp/*/*/*/mlperf_log_detail.txt /work/build/power_logs_temp/ \\\n\t\t\t\t&& cp -v /work/build/power_logs/2023.08.15-02.38.07/ranging_tmp/*/*/*/mlperf_log_summary.txt /work/build/power_logs_temp/; \\\n\t\t\telse mkdir /work/build/power_logs/2023.08.15-02.38.07/testing_tmp \\\n\t\t\t\t&& mv /work/build/power_logs_temp/* /work/build/power_logs/2023.08.15-02.38.07/testing_tmp/ \\\n\t\t\t\t&& cp -v /work/build/power_logs/2023.08.15-02.38.07/testing_tmp/*/*/*/mlperf_log_detail.txt /work/build/power_logs_temp/ \\\n\t\t\t\t&& cp -v /work/build/power_logs/2023.08.15-02.38.07/testing_tmp/*/*/*/mlperf_log_summary.txt /work/build/power_logs_temp/; fi'
client 2023-08-15 03:03:01,609 [INFO] Sending command to the server: 'time'
client 2023-08-15 03:03:01,611 [INFO] Got response: '1692068581.6090038'
client 2023-08-15 03:03:01,611 [INFO] The time difference between the client and the server is within range 0.709 ms..2.537 ms
client 2023-08-15 03:03:01,611 [INFO] Sending command to the server: 'session,2023-08-14_19-38-57,stop,testing'
client 2023-08-15 03:03:12,525 [INFO] Got response: 'OK'
client 2023-08-15 03:03:12,525 [INFO] Sending command to the server: 'time'
client 2023-08-15 03:03:12,526 [INFO] Got response: '1692068592.524401'
client 2023-08-15 03:03:12,526 [INFO] The time difference between the client and the server is within range 1.168 ms..2.526 ms
client 2023-08-15 03:03:12,536 [INFO] Copying loadgen logs from '/work/build/power_logs_temp' to '/work/build/power_logs/2023.08.15-02.38.07/2023-08-14_19-38-57/run_1'
client 2023-08-15 03:03:12,560 [INFO] Done runs
