client 2023-07-11 16:38:13,424 [INFO] Creating output directory '/home/arjun/mobilenet_results/valid_results/orin-tflite_armnn_cpp-cpu-armnn_tflite-v22.11-using_neon/mobilenet-v2-precision_float-0.35-160/singlestream/performance/tmp_power'
client 2023-07-11 16:38:13,426 [INFO] Sending command to the server: 'mlcommons/power client v3'
client 2023-07-11 16:38:13,518 [INFO] Got response: 'mlcommons/power server v3'
client 2023-07-11 16:38:13,519 [INFO] Synchronizing with the server and with time.google.com...
client 2023-07-11 16:38:13,547 [INFO] NTP:offset = -0.003 s, delay = 0.017 s 
client 2023-07-11 16:38:13,548 [INFO] Sending command to the server: 'time'
client 2023-07-11 16:38:13,551 [INFO] Got response: '1689089893.4503734'
client 2023-07-11 16:38:13,551 [INFO] The time difference between the client and the server is within range 97.612 ms..100.994 ms
client 2023-07-11 16:38:13,551 [INFO] Sending command to the server: 'new,,f90fe8a8-15e8-487b-b3a8-06568c1692e4'
client 2023-07-11 16:38:13,555 [INFO] Got response: 'OK 2023-07-11_16-38-13,b1fd2e4a-2529-453e-99e8-b87c43ebdfd1'
client 2023-07-11 16:38:13,555 [INFO] Session id is '2023-07-11_16-38-13'
client 2023-07-11 16:38:13,556 [INFO] Sources: {"sources": {"__init__.py": "da39a3ee5e6b4b0d3255bfef95601890afd80709", "client.py": "33ca4f26368777ac06e01f9567b714a4b8063886", "lib/__init__.py": "da39a3ee5e6b4b0d3255bfef95601890afd80709", "lib/client.py": "ac2aa093c8e8bbc9569b9e2a3471bc64e58a2258", "lib/common.py": "611d8b29633d331eb19c9455ea3b5fa3284ed6df", "lib/external/__init__.py": "da39a3ee5e6b4b0d3255bfef95601890afd80709", "lib/external/ntplib.py": "4da8f970656505a40483206ef2b5d3dd5e81711d", "lib/server.py": "c7af63c31bb2fbedea4345f571f6e3507d268ada", "lib/source_hashes.py": "60a2e02193209e8d392803326208d5466342da18", "lib/summary.py": "aa92f0a3f975eecd44d3c0cd0236342ccc9f941d", "lib/time_sync.py": "122eba67a9abc85635223e054def53be1367ade2", "server.py": "c3f90f2f7eeb4db30727556d0c815ebc89b3d28b", "tests/unit/__init__.py": "da39a3ee5e6b4b0d3255bfef95601890afd80709", "tests/unit/test_server.py": "948c1995d4008bc2aa6c4046a34ffa3858d6d671", "tests/unit/test_source_hashes.py": "00468a2907583c593e6574a1f6b404e4651c221a"}, "modules": {"ptd_client_server.lib.client": "lib/client.py", "ptd_client_server.lib.common": "lib/common.py", "ptd_client_server.lib.external.ntplib": "lib/external/ntplib.py", "ptd_client_server.lib.source_hashes": "lib/source_hashes.py", "ptd_client_server.lib.summary": "lib/summary.py", "ptd_client_server.lib.time_sync": "lib/time_sync.py"}}
client 2023-07-11 16:38:13,557 [INFO] Running workload in ranging mode
client 2023-07-11 16:38:13,557 [INFO] Synchronizing with the server and with time.google.com...
client 2023-07-11 16:38:13,577 [INFO] NTP:offset = -0.004 s, delay = 0.017 s 
client 2023-07-11 16:38:13,577 [INFO] Sending command to the server: 'time'
client 2023-07-11 16:38:13,580 [INFO] Got response: '1689089893.4803934'
client 2023-07-11 16:38:13,580 [INFO] The time difference between the client and the server is within range 96.844 ms..100.177 ms
client 2023-07-11 16:38:13,580 [INFO] Sending command to the server: 'session,2023-07-11_16-38-13,start,ranging'
client 2023-07-11 16:38:42,202 [INFO] Got response: 'OK'
client 2023-07-11 16:38:42,203 [INFO] Sending command to the server: 'time'
client 2023-07-11 16:38:42,207 [INFO] Got response: '1689089922.106261'
client 2023-07-11 16:38:42,207 [INFO] The time difference between the client and the server is within range 97.046 ms..101.473 ms
client 2023-07-11 16:38:42,208 [INFO] Running the workload 'CM_MLPERF_RUN_COUNT=$(cat ${CM_RUN_DIR}/count.txt); echo ${CM_MLPERF_RUN_COUNT}; CM_MLPERF_RUN_COUNT=$((CM_MLPERF_RUN_COUNT+1)); echo ${CM_MLPERF_RUN_COUNT} > ${CM_RUN_DIR}/count.txt && if [ ${CM_MLPERF_RUN_COUNT} -eq "1" ]; then export CM_MLPERF_USER_CONF=${CM_MLPERF_RANGING_USER_CONF}; else export CM_MLPERF_USER_CONF=${CM_MLPERF_TESTING_USER_CONF}; fi && /home/arjun/run.out'
client 2023-07-11 16:43:43,870 [INFO] Sending command to the server: 'time'
client 2023-07-11 16:43:43,873 [INFO] Got response: '1689090223.772135'
client 2023-07-11 16:43:43,873 [INFO] The time difference between the client and the server is within range 97.901 ms..101.235 ms
client 2023-07-11 16:43:43,873 [INFO] Sending command to the server: 'session,2023-07-11_16-38-13,stop,ranging'
client 2023-07-11 16:43:54,379 [INFO] Got response: 'OK'
client 2023-07-11 16:43:54,379 [INFO] Sending command to the server: 'time'
client 2023-07-11 16:43:54,382 [INFO] Got response: '1689090234.2880054'
client 2023-07-11 16:43:54,383 [INFO] The time difference between the client and the server is within range 91.927 ms..95.227 ms
client 2023-07-11 16:43:54,402 [INFO] Copying loadgen logs from '/home/arjun/mobilenet_results/valid_results/orin-tflite_armnn_cpp-cpu-armnn_tflite-v22.11-using_neon/mobilenet-v2-precision_float-0.35-160/singlestream/performance/run_1' to '/home/arjun/mobilenet_results/valid_results/orin-tflite_armnn_cpp-cpu-armnn_tflite-v22.11-using_neon/mobilenet-v2-precision_float-0.35-160/singlestream/performance/tmp_power/ranging'
client 2023-07-11 16:43:54,405 [INFO] Running workload in testing mode
client 2023-07-11 16:43:54,405 [INFO] Synchronizing with the server and with time.google.com...
client 2023-07-11 16:43:54,427 [INFO] NTP:offset = -0.004 s, delay = 0.017 s 
client 2023-07-11 16:43:54,427 [INFO] Sending command to the server: 'time'
client 2023-07-11 16:43:54,430 [INFO] Got response: '1689090234.328264'
client 2023-07-11 16:43:54,431 [INFO] The time difference between the client and the server is within range 99.106 ms..102.827 ms
client 2023-07-11 16:43:54,431 [INFO] Sending command to the server: 'session,2023-07-11_16-38-13,start,testing'
client 2023-07-11 16:44:07,472 [INFO] Got response: 'OK'
client 2023-07-11 16:44:07,472 [INFO] Sending command to the server: 'time'
client 2023-07-11 16:44:07,475 [INFO] Got response: '1689090247.378207'
client 2023-07-11 16:44:07,476 [INFO] The time difference between the client and the server is within range 94.684 ms..97.895 ms
client 2023-07-11 16:44:07,476 [INFO] Running the workload 'CM_MLPERF_RUN_COUNT=$(cat ${CM_RUN_DIR}/count.txt); echo ${CM_MLPERF_RUN_COUNT}; CM_MLPERF_RUN_COUNT=$((CM_MLPERF_RUN_COUNT+1)); echo ${CM_MLPERF_RUN_COUNT} > ${CM_RUN_DIR}/count.txt && if [ ${CM_MLPERF_RUN_COUNT} -eq "1" ]; then export CM_MLPERF_USER_CONF=${CM_MLPERF_RANGING_USER_CONF}; else export CM_MLPERF_USER_CONF=${CM_MLPERF_TESTING_USER_CONF}; fi && /home/arjun/run.out'
client 2023-07-11 16:54:10,422 [INFO] Sending command to the server: 'time'
client 2023-07-11 16:54:10,426 [INFO] Got response: '1689090850.33518'
client 2023-07-11 16:54:10,426 [INFO] The time difference between the client and the server is within range 87.554 ms..91.405 ms
client 2023-07-11 16:54:10,426 [INFO] Sending command to the server: 'session,2023-07-11_16-38-13,stop,testing'
client 2023-07-11 16:54:20,908 [INFO] Got response: 'OK'
client 2023-07-11 16:54:20,909 [INFO] Sending command to the server: 'time'
client 2023-07-11 16:54:20,927 [INFO] Got response: '1689090860.8296874'
client 2023-07-11 16:54:20,927 [INFO] The time difference between the client and the server is within range 79.542 ms..97.922 ms
client 2023-07-11 16:54:20,932 [INFO] Copying loadgen logs from '/home/arjun/mobilenet_results/valid_results/orin-tflite_armnn_cpp-cpu-armnn_tflite-v22.11-using_neon/mobilenet-v2-precision_float-0.35-160/singlestream/performance/run_1' to '/home/arjun/mobilenet_results/valid_results/orin-tflite_armnn_cpp-cpu-armnn_tflite-v22.11-using_neon/mobilenet-v2-precision_float-0.35-160/singlestream/performance/tmp_power/run_1'
client 2023-07-11 16:54:20,944 [INFO] Done runs
