client 2023-07-20 15:00:18,984 [INFO] Creating output directory '/home/arjun/mobilenet_results/valid_results/raspberrypi-tflite_armnn_cpp-cpu-armnn_tflite-v22.11-using_neon/mobilenet-v1-precision_uint8-0.5-192/singlestream/performance/tmp_power'
client 2023-07-20 15:00:18,990 [INFO] Sending command to the server: 'mlcommons/power client v3'
client 2023-07-20 15:00:18,994 [INFO] Got response: 'mlcommons/power server v3'
client 2023-07-20 15:00:18,994 [INFO] Synchronizing with the server and with time.google.com...
client 2023-07-20 15:00:19,046 [INFO] NTP:offset = -0.016 s, delay = 0.016 s 
client 2023-07-20 15:00:19,046 [INFO] Sending command to the server: 'time'
client 2023-07-20 15:00:19,051 [INFO] Got response: '1689861619.0764325'
client 2023-07-20 15:00:19,052 [INFO] The time difference between the client and the server is within range -29.837 ms..-24.295 ms
client 2023-07-20 15:00:19,052 [INFO] Sending command to the server: 'new,,8ad5abe5-f48f-462e-bb4d-3e238413376b'
client 2023-07-20 15:00:19,059 [INFO] Got response: 'OK 2023-07-20_15-00-19,c3b224d8-ebb4-453a-afeb-23a9bc862f6b'
client 2023-07-20 15:00:19,059 [INFO] Session id is '2023-07-20_15-00-19'
client 2023-07-20 15:00:19,060 [INFO] Sources: {"sources": {"__init__.py": "da39a3ee5e6b4b0d3255bfef95601890afd80709", "client.py": "33ca4f26368777ac06e01f9567b714a4b8063886", "lib/__init__.py": "da39a3ee5e6b4b0d3255bfef95601890afd80709", "lib/client.py": "ac2aa093c8e8bbc9569b9e2a3471bc64e58a2258", "lib/common.py": "611d8b29633d331eb19c9455ea3b5fa3284ed6df", "lib/external/__init__.py": "da39a3ee5e6b4b0d3255bfef95601890afd80709", "lib/external/ntplib.py": "4da8f970656505a40483206ef2b5d3dd5e81711d", "lib/server.py": "c7af63c31bb2fbedea4345f571f6e3507d268ada", "lib/source_hashes.py": "60a2e02193209e8d392803326208d5466342da18", "lib/summary.py": "aa92f0a3f975eecd44d3c0cd0236342ccc9f941d", "lib/time_sync.py": "122eba67a9abc85635223e054def53be1367ade2", "server.py": "c3f90f2f7eeb4db30727556d0c815ebc89b3d28b", "tests/unit/__init__.py": "da39a3ee5e6b4b0d3255bfef95601890afd80709", "tests/unit/test_server.py": "948c1995d4008bc2aa6c4046a34ffa3858d6d671", "tests/unit/test_source_hashes.py": "00468a2907583c593e6574a1f6b404e4651c221a"}, "modules": {"ptd_client_server.lib.client": "lib/client.py", "ptd_client_server.lib.common": "lib/common.py", "ptd_client_server.lib.external.ntplib": "lib/external/ntplib.py", "ptd_client_server.lib.source_hashes": "lib/source_hashes.py", "ptd_client_server.lib.summary": "lib/summary.py", "ptd_client_server.lib.time_sync": "lib/time_sync.py"}}
client 2023-07-20 15:00:19,061 [INFO] Running workload in ranging mode
client 2023-07-20 15:00:19,062 [INFO] Synchronizing with the server and with time.google.com...
client 2023-07-20 15:00:19,099 [INFO] NTP:offset = -0.016 s, delay = 0.015 s 
client 2023-07-20 15:00:19,100 [INFO] Sending command to the server: 'time'
client 2023-07-20 15:00:19,104 [INFO] Got response: '1689861619.1263974'
client 2023-07-20 15:00:19,105 [INFO] The time difference between the client and the server is within range -26.430 ms..-21.280 ms
client 2023-07-20 15:00:19,105 [INFO] Sending command to the server: 'session,2023-07-20_15-00-19,start,ranging'
client 2023-07-20 15:00:47,806 [INFO] Got response: 'OK'
client 2023-07-20 15:00:47,807 [INFO] Sending command to the server: 'time'
client 2023-07-20 15:00:47,812 [INFO] Got response: '1689861647.8363094'
client 2023-07-20 15:00:47,813 [INFO] The time difference between the client and the server is within range -29.215 ms..-23.384 ms
client 2023-07-20 15:00:47,813 [INFO] Running the workload 'CM_MLPERF_RUN_COUNT=$(cat ${CM_RUN_DIR}/count.txt); echo ${CM_MLPERF_RUN_COUNT}; CM_MLPERF_RUN_COUNT=$((CM_MLPERF_RUN_COUNT+1)); echo ${CM_MLPERF_RUN_COUNT} > ${CM_RUN_DIR}/count.txt && if [ ${CM_MLPERF_RUN_COUNT} -eq "1" ]; then export CM_MLPERF_USER_CONF=${CM_MLPERF_RANGING_USER_CONF}; else export CM_MLPERF_USER_CONF=${CM_MLPERF_TESTING_USER_CONF}; fi && /home/arjun/run.out'
client 2023-07-20 15:05:55,726 [INFO] Sending command to the server: 'time'
client 2023-07-20 15:05:55,731 [INFO] Got response: '1689861955.749874'
client 2023-07-20 15:05:55,731 [INFO] The time difference between the client and the server is within range -23.735 ms..-18.534 ms
client 2023-07-20 15:05:55,731 [INFO] Sending command to the server: 'session,2023-07-20_15-00-19,stop,ranging'
client 2023-07-20 15:06:05,969 [INFO] Got response: 'OK'
client 2023-07-20 15:06:05,970 [INFO] Sending command to the server: 'time'
client 2023-07-20 15:06:05,974 [INFO] Got response: '1689861965.9921947'
client 2023-07-20 15:06:05,975 [INFO] The time difference between the client and the server is within range -21.632 ms..-16.861 ms
client 2023-07-20 15:06:06,009 [INFO] Copying loadgen logs from '/home/arjun/mobilenet_results/valid_results/raspberrypi-tflite_armnn_cpp-cpu-armnn_tflite-v22.11-using_neon/mobilenet-v1-precision_uint8-0.5-192/singlestream/performance/run_1' to '/home/arjun/mobilenet_results/valid_results/raspberrypi-tflite_armnn_cpp-cpu-armnn_tflite-v22.11-using_neon/mobilenet-v1-precision_uint8-0.5-192/singlestream/performance/tmp_power/ranging'
client 2023-07-20 15:06:06,013 [INFO] Running workload in testing mode
client 2023-07-20 15:06:06,014 [INFO] Synchronizing with the server and with time.google.com...
client 2023-07-20 15:06:06,047 [INFO] NTP:offset = -0.016 s, delay = 0.014 s 
client 2023-07-20 15:06:06,047 [INFO] Sending command to the server: 'time'
client 2023-07-20 15:06:06,053 [INFO] Got response: '1689861966.0736887'
client 2023-07-20 15:06:06,054 [INFO] The time difference between the client and the server is within range -25.854 ms..-19.472 ms
client 2023-07-20 15:06:06,055 [INFO] Sending command to the server: 'session,2023-07-20_15-00-19,start,testing'
client 2023-07-20 15:06:19,092 [INFO] Got response: 'OK'
client 2023-07-20 15:06:19,093 [INFO] Sending command to the server: 'time'
client 2023-07-20 15:06:19,098 [INFO] Got response: '1689861979.1158683'
client 2023-07-20 15:06:19,099 [INFO] The time difference between the client and the server is within range -22.548 ms..-16.850 ms
client 2023-07-20 15:06:19,099 [INFO] Running the workload 'CM_MLPERF_RUN_COUNT=$(cat ${CM_RUN_DIR}/count.txt); echo ${CM_MLPERF_RUN_COUNT}; CM_MLPERF_RUN_COUNT=$((CM_MLPERF_RUN_COUNT+1)); echo ${CM_MLPERF_RUN_COUNT} > ${CM_RUN_DIR}/count.txt && if [ ${CM_MLPERF_RUN_COUNT} -eq "1" ]; then export CM_MLPERF_USER_CONF=${CM_MLPERF_RANGING_USER_CONF}; else export CM_MLPERF_USER_CONF=${CM_MLPERF_TESTING_USER_CONF}; fi && /home/arjun/run.out'
client 2023-07-20 15:16:34,307 [INFO] Sending command to the server: 'time'
client 2023-07-20 15:16:34,312 [INFO] Got response: '1689862594.3352265'
client 2023-07-20 15:16:34,312 [INFO] The time difference between the client and the server is within range -27.831 ms..-22.601 ms
client 2023-07-20 15:16:34,312 [INFO] Sending command to the server: 'session,2023-07-20_15-00-19,stop,testing'
client 2023-07-20 15:16:45,171 [INFO] Got response: 'OK'
client 2023-07-20 15:16:45,172 [INFO] Sending command to the server: 'time'
client 2023-07-20 15:16:45,176 [INFO] Got response: '1689862605.2042437'
client 2023-07-20 15:16:45,177 [INFO] The time difference between the client and the server is within range -31.826 ms..-27.227 ms
client 2023-07-20 15:16:45,182 [INFO] Copying loadgen logs from '/home/arjun/mobilenet_results/valid_results/raspberrypi-tflite_armnn_cpp-cpu-armnn_tflite-v22.11-using_neon/mobilenet-v1-precision_uint8-0.5-192/singlestream/performance/run_1' to '/home/arjun/mobilenet_results/valid_results/raspberrypi-tflite_armnn_cpp-cpu-armnn_tflite-v22.11-using_neon/mobilenet-v1-precision_uint8-0.5-192/singlestream/performance/tmp_power/run_1'
client 2023-07-20 15:16:45,186 [INFO] Done runs
