client 2023-09-02 07:43:13,869 [INFO] Creating output directory '/home/cmuser/CM/repos/mlcommons@ck/cm-mlops/script/run-all-mlperf-models/valid_results/cecdad8c31f6-nvidia_original-gpu-tensorrt-vdefault-default_config/retinanet/offline/performance/tmp_power'
client 2023-09-02 07:43:14,109 [INFO] Sending command to the server: 'mlcommons/power client v3'
client 2023-09-02 07:43:14,111 [INFO] Got response: 'mlcommons/power server v3'
client 2023-09-02 07:43:14,111 [INFO] Synchronizing with the server and with time.google.com...
client 2023-09-02 07:43:14,134 [INFO] NTP:offset = 0.000 s, delay = 0.011 s 
client 2023-09-02 07:43:14,134 [INFO] Sending command to the server: 'time'
client 2023-09-02 07:43:14,136 [INFO] Got response: '1693665794.1355014'
client 2023-09-02 07:43:14,136 [INFO] The time difference between the client and the server is within range -0.936 ms..1.140 ms
client 2023-09-02 07:43:14,136 [INFO] Sending command to the server: 'new,,056bfd88-35b0-495e-a12a-e8a0a63eaa48'
client 2023-09-02 07:43:14,139 [INFO] Got response: 'OK 2023-09-02_14-43-14,1e3140d9-7ae4-4b15-98a3-9ff1e37d17aa'
client 2023-09-02 07:43:14,139 [INFO] Session id is '2023-09-02_14-43-14'
client 2023-09-02 07:43:14,139 [INFO] Sources: {"sources": {"__init__.py": "da39a3ee5e6b4b0d3255bfef95601890afd80709", "client.py": "33ca4f26368777ac06e01f9567b714a4b8063886", "lib/__init__.py": "da39a3ee5e6b4b0d3255bfef95601890afd80709", "lib/client.py": "ac2aa093c8e8bbc9569b9e2a3471bc64e58a2258", "lib/common.py": "611d8b29633d331eb19c9455ea3b5fa3284ed6df", "lib/external/__init__.py": "da39a3ee5e6b4b0d3255bfef95601890afd80709", "lib/external/ntplib.py": "4da8f970656505a40483206ef2b5d3dd5e81711d", "lib/server.py": "c7af63c31bb2fbedea4345f571f6e3507d268ada", "lib/source_hashes.py": "60a2e02193209e8d392803326208d5466342da18", "lib/summary.py": "aa92f0a3f975eecd44d3c0cd0236342ccc9f941d", "lib/time_sync.py": "80894ef2389e540781ff78de94db16aa4203a14e", "server.py": "c3f90f2f7eeb4db30727556d0c815ebc89b3d28b", "tests/unit/__init__.py": "da39a3ee5e6b4b0d3255bfef95601890afd80709", "tests/unit/test_server.py": "948c1995d4008bc2aa6c4046a34ffa3858d6d671", "tests/unit/test_source_hashes.py": "00468a2907583c593e6574a1f6b404e4651c221a"}, "modules": {"ptd_client_server.lib.client": "lib/client.py", "ptd_client_server.lib.common": "lib/common.py", "ptd_client_server.lib.external.ntplib": "lib/external/ntplib.py", "ptd_client_server.lib.source_hashes": "lib/source_hashes.py", "ptd_client_server.lib.summary": "lib/summary.py", "ptd_client_server.lib.time_sync": "lib/time_sync.py"}}
client 2023-09-02 07:43:14,139 [INFO] Running workload in ranging mode
client 2023-09-02 07:43:14,139 [INFO] Synchronizing with the server and with time.google.com...
client 2023-09-02 07:43:14,164 [INFO] NTP:offset = 0.001 s, delay = 0.014 s 
client 2023-09-02 07:43:14,164 [INFO] Sending command to the server: 'time'
client 2023-09-02 07:43:14,165 [INFO] Got response: '1693665794.1650321'
client 2023-09-02 07:43:14,165 [INFO] The time difference between the client and the server is within range -0.528 ms..0.885 ms
client 2023-09-02 07:43:14,165 [INFO] Sending command to the server: 'session,2023-09-02_14-43-14,start,ranging'
client 2023-09-02 07:43:42,252 [INFO] Got response: 'OK'
client 2023-09-02 07:43:42,252 [INFO] Sending command to the server: 'time'
client 2023-09-02 07:43:42,253 [INFO] Got response: '1693665822.2526405'
client 2023-09-02 07:43:42,253 [INFO] The time difference between the client and the server is within range -0.142 ms..0.918 ms
client 2023-09-02 07:43:42,253 [INFO] Running the workload 'CM_MLPERF_RUN_COUNT=$(cat ${CM_RUN_DIR}/count.txt); echo ${CM_MLPERF_RUN_COUNT}; CM_MLPERF_RUN_COUNT=$((CM_MLPERF_RUN_COUNT+1)); echo ${CM_MLPERF_RUN_COUNT} > ${CM_RUN_DIR}/count.txt && if [ ${CM_MLPERF_RUN_COUNT} -eq "1" ]; then export CM_MLPERF_USER_CONF=${CM_MLPERF_RANGING_USER_CONF}; else export CM_MLPERF_USER_CONF=${CM_MLPERF_TESTING_USER_CONF}; fi && make run_harness RUN_ARGS=" --benchmarks=retinanet --scenarios=offline --test_mode=PerformanceOnly --offline_expected_qps=620 --single_stream_expected_latency_ns=2000000 --multi_stream_expected_latency_ns=14000000 --user_conf_path=${CM_MLPERF_USER_CONF} --mlperf_conf_path=/home/cmuser/CM/repos/local/cache/e08d8d07b7714054/inference/mlperf.conf --gpu_batch_size=2 --no_audit_verify "'
client 2023-09-02 07:49:20,472 [INFO] Sending command to the server: 'time'
client 2023-09-02 07:49:20,601 [INFO] Got response: '1693666160.599878'
client 2023-09-02 07:49:20,601 [INFO] The time difference between the client and the server is within range -127.428 ms..1.977 ms
client 2023-09-02 07:49:20,601 [INFO] Sending command to the server: 'session,2023-09-02_14-43-14,stop,ranging'
client 2023-09-02 07:49:31,342 [INFO] Got response: 'OK'
client 2023-09-02 07:49:31,342 [INFO] Sending command to the server: 'time'
client 2023-09-02 07:49:31,344 [INFO] Got response: '1693666171.343508'
client 2023-09-02 07:49:31,344 [INFO] The time difference between the client and the server is within range -0.656 ms..1.357 ms
client 2023-09-02 07:49:31,346 [INFO] Copying loadgen logs from '/home/cmuser/CM/repos/mlcommons@ck/cm-mlops/script/run-all-mlperf-models/valid_results/cecdad8c31f6-nvidia_original-gpu-tensorrt-vdefault-default_config/retinanet/offline/performance/run_1' to '/home/cmuser/CM/repos/mlcommons@ck/cm-mlops/script/run-all-mlperf-models/valid_results/cecdad8c31f6-nvidia_original-gpu-tensorrt-vdefault-default_config/retinanet/offline/performance/tmp_power/ranging'
client 2023-09-02 07:49:31,346 [INFO] Running workload in testing mode
client 2023-09-02 07:49:31,346 [INFO] Synchronizing with the server and with time.google.com...
client 2023-09-02 07:49:31,374 [INFO] NTP:offset = -0.001 s, delay = 0.016 s 
client 2023-09-02 07:49:31,374 [INFO] Sending command to the server: 'time'
client 2023-09-02 07:49:31,375 [INFO] Got response: '1693666171.3742456'
client 2023-09-02 07:49:31,375 [INFO] The time difference between the client and the server is within range -0.200 ms..1.160 ms
client 2023-09-02 07:49:31,375 [INFO] Sending command to the server: 'session,2023-09-02_14-43-14,start,testing'
client 2023-09-02 07:49:44,392 [INFO] Got response: 'OK'
client 2023-09-02 07:49:44,392 [INFO] Sending command to the server: 'time'
client 2023-09-02 07:49:44,394 [INFO] Got response: '1693666184.3927772'
client 2023-09-02 07:49:44,394 [INFO] The time difference between the client and the server is within range -0.239 ms..1.323 ms
client 2023-09-02 07:49:44,394 [INFO] Running the workload 'CM_MLPERF_RUN_COUNT=$(cat ${CM_RUN_DIR}/count.txt); echo ${CM_MLPERF_RUN_COUNT}; CM_MLPERF_RUN_COUNT=$((CM_MLPERF_RUN_COUNT+1)); echo ${CM_MLPERF_RUN_COUNT} > ${CM_RUN_DIR}/count.txt && if [ ${CM_MLPERF_RUN_COUNT} -eq "1" ]; then export CM_MLPERF_USER_CONF=${CM_MLPERF_RANGING_USER_CONF}; else export CM_MLPERF_USER_CONF=${CM_MLPERF_TESTING_USER_CONF}; fi && make run_harness RUN_ARGS=" --benchmarks=retinanet --scenarios=offline --test_mode=PerformanceOnly --offline_expected_qps=620 --single_stream_expected_latency_ns=2000000 --multi_stream_expected_latency_ns=14000000 --user_conf_path=${CM_MLPERF_USER_CONF} --mlperf_conf_path=/home/cmuser/CM/repos/local/cache/e08d8d07b7714054/inference/mlperf.conf --gpu_batch_size=2 --no_audit_verify "'
client 2023-09-02 08:00:55,194 [INFO] Sending command to the server: 'time'
client 2023-09-02 08:00:55,491 [INFO] Got response: '1693666855.4891675'
client 2023-09-02 08:00:55,491 [INFO] The time difference between the client and the server is within range -294.498 ms..2.413 ms
client 2023-09-02 08:00:55,491 [INFO] Sending command to the server: 'session,2023-09-02_14-43-14,stop,testing'
client 2023-09-02 08:01:06,447 [INFO] Got response: 'OK'
client 2023-09-02 08:01:06,447 [INFO] Sending command to the server: 'time'
client 2023-09-02 08:01:06,448 [INFO] Got response: '1693666866.4473057'
client 2023-09-02 08:01:06,448 [INFO] The time difference between the client and the server is within range 0.071 ms..1.611 ms
client 2023-09-02 08:01:06,449 [INFO] Copying loadgen logs from '/home/cmuser/CM/repos/mlcommons@ck/cm-mlops/script/run-all-mlperf-models/valid_results/cecdad8c31f6-nvidia_original-gpu-tensorrt-vdefault-default_config/retinanet/offline/performance/run_1' to '/home/cmuser/CM/repos/mlcommons@ck/cm-mlops/script/run-all-mlperf-models/valid_results/cecdad8c31f6-nvidia_original-gpu-tensorrt-vdefault-default_config/retinanet/offline/performance/tmp_power/run_1'
client 2023-09-02 08:01:06,449 [INFO] Done runs
