client 2023-07-17 22:45:09,651 [INFO] Creating output directory '/home/arjun/mobilenet_results/valid_results/raspberrypi-tflite_armnn_cpp-cpu-armnn_tflite-v23.05-using_neon/mobilenet-v2-precision_float-1.0-160/singlestream/performance/tmp_power'
client 2023-07-17 22:45:09,674 [INFO] Sending command to the server: 'mlcommons/power client v3'
client 2023-07-17 22:45:09,683 [INFO] Got response: 'mlcommons/power server v3'
client 2023-07-17 22:45:09,684 [INFO] Synchronizing with the server and with time.google.com...
client 2023-07-17 22:45:09,762 [INFO] NTP:offset = 0.002 s, delay = 0.014 s 
client 2023-07-17 22:45:09,763 [INFO] Sending command to the server: 'time'
client 2023-07-17 22:45:09,830 [INFO] Got response: '1689630309.7947147'
client 2023-07-17 22:45:09,831 [INFO] The time difference between the client and the server is within range -31.357 ms..36.878 ms
client 2023-07-17 22:45:09,832 [INFO] Sending command to the server: 'new,,8e3356e4-d8e8-4dc3-bcd1-02b5b24acff9'
client 2023-07-17 22:45:09,860 [INFO] Got response: 'OK 2023-07-17_22-45-09,f6c2353c-8b74-4fad-9ba8-9f3c1b6729b7'
client 2023-07-17 22:45:09,861 [INFO] Session id is '2023-07-17_22-45-09'
client 2023-07-17 22:45:09,861 [INFO] Sources: {"sources": {"__init__.py": "da39a3ee5e6b4b0d3255bfef95601890afd80709", "client.py": "33ca4f26368777ac06e01f9567b714a4b8063886", "lib/__init__.py": "da39a3ee5e6b4b0d3255bfef95601890afd80709", "lib/client.py": "ac2aa093c8e8bbc9569b9e2a3471bc64e58a2258", "lib/common.py": "611d8b29633d331eb19c9455ea3b5fa3284ed6df", "lib/external/__init__.py": "da39a3ee5e6b4b0d3255bfef95601890afd80709", "lib/external/ntplib.py": "4da8f970656505a40483206ef2b5d3dd5e81711d", "lib/server.py": "c7af63c31bb2fbedea4345f571f6e3507d268ada", "lib/source_hashes.py": "60a2e02193209e8d392803326208d5466342da18", "lib/summary.py": "aa92f0a3f975eecd44d3c0cd0236342ccc9f941d", "lib/time_sync.py": "122eba67a9abc85635223e054def53be1367ade2", "server.py": "c3f90f2f7eeb4db30727556d0c815ebc89b3d28b", "tests/unit/__init__.py": "da39a3ee5e6b4b0d3255bfef95601890afd80709", "tests/unit/test_server.py": "948c1995d4008bc2aa6c4046a34ffa3858d6d671", "tests/unit/test_source_hashes.py": "00468a2907583c593e6574a1f6b404e4651c221a"}, "modules": {"ptd_client_server.lib.client": "lib/client.py", "ptd_client_server.lib.common": "lib/common.py", "ptd_client_server.lib.external.ntplib": "lib/external/ntplib.py", "ptd_client_server.lib.source_hashes": "lib/source_hashes.py", "ptd_client_server.lib.summary": "lib/summary.py", "ptd_client_server.lib.time_sync": "lib/time_sync.py"}}
client 2023-07-17 22:45:09,874 [INFO] Running workload in ranging mode
client 2023-07-17 22:45:09,875 [INFO] Synchronizing with the server and with time.google.com...
client 2023-07-17 22:45:09,912 [INFO] NTP:offset = 0.002 s, delay = 0.017 s 
client 2023-07-17 22:45:09,912 [INFO] Sending command to the server: 'time'
client 2023-07-17 22:45:09,924 [INFO] Got response: '1689630309.8863533'
client 2023-07-17 22:45:09,924 [INFO] The time difference between the client and the server is within range 26.408 ms..38.205 ms
client 2023-07-17 22:45:09,925 [INFO] Sending command to the server: 'session,2023-07-17_22-45-09,start,ranging'
client 2023-07-17 22:45:39,108 [INFO] Got response: 'OK'
client 2023-07-17 22:45:39,108 [INFO] Sending command to the server: 'time'
client 2023-07-17 22:45:39,119 [INFO] Got response: '1689630339.0850723'
client 2023-07-17 22:45:39,120 [INFO] The time difference between the client and the server is within range 23.764 ms..35.277 ms
client 2023-07-17 22:45:39,120 [INFO] Running the workload 'CM_MLPERF_RUN_COUNT=$(cat ${CM_RUN_DIR}/count.txt); echo ${CM_MLPERF_RUN_COUNT}; CM_MLPERF_RUN_COUNT=$((CM_MLPERF_RUN_COUNT+1)); echo ${CM_MLPERF_RUN_COUNT} > ${CM_RUN_DIR}/count.txt && if [ ${CM_MLPERF_RUN_COUNT} -eq "1" ]; then export CM_MLPERF_USER_CONF=${CM_MLPERF_RANGING_USER_CONF}; else export CM_MLPERF_USER_CONF=${CM_MLPERF_TESTING_USER_CONF}; fi && /home/arjun/run.out'
client 2023-07-17 22:50:59,050 [INFO] Sending command to the server: 'time'
client 2023-07-17 22:50:59,067 [INFO] Got response: '1689630659.0238774'
client 2023-07-17 22:50:59,068 [INFO] The time difference between the client and the server is within range 26.131 ms..44.121 ms
client 2023-07-17 22:50:59,068 [INFO] Sending command to the server: 'session,2023-07-17_22-45-09,stop,ranging'
client 2023-07-17 22:51:09,675 [INFO] Got response: 'OK'
client 2023-07-17 22:51:09,676 [INFO] Sending command to the server: 'time'
client 2023-07-17 22:51:09,687 [INFO] Got response: '1689630669.644895'
client 2023-07-17 22:51:09,687 [INFO] The time difference between the client and the server is within range 31.434 ms..42.840 ms
client 2023-07-17 22:51:09,750 [INFO] Copying loadgen logs from '/home/arjun/mobilenet_results/valid_results/raspberrypi-tflite_armnn_cpp-cpu-armnn_tflite-v23.05-using_neon/mobilenet-v2-precision_float-1.0-160/singlestream/performance/run_1' to '/home/arjun/mobilenet_results/valid_results/raspberrypi-tflite_armnn_cpp-cpu-armnn_tflite-v23.05-using_neon/mobilenet-v2-precision_float-1.0-160/singlestream/performance/tmp_power/ranging'
client 2023-07-17 22:51:09,784 [INFO] Running workload in testing mode
client 2023-07-17 22:51:09,784 [INFO] Synchronizing with the server and with time.google.com...
client 2023-07-17 22:51:09,850 [INFO] NTP:offset = 0.003 s, delay = 0.024 s 
client 2023-07-17 22:51:09,851 [INFO] Sending command to the server: 'time'
client 2023-07-17 22:51:09,855 [INFO] Got response: '1689630669.817724'
client 2023-07-17 22:51:09,856 [INFO] The time difference between the client and the server is within range 33.389 ms..38.368 ms
client 2023-07-17 22:51:09,856 [INFO] Sending command to the server: 'session,2023-07-17_22-45-09,start,testing'
client 2023-07-17 22:51:23,016 [INFO] Got response: 'OK'
client 2023-07-17 22:51:23,017 [INFO] Sending command to the server: 'time'
client 2023-07-17 22:51:23,035 [INFO] Got response: '1689630682.9881458'
client 2023-07-17 22:51:23,036 [INFO] The time difference between the client and the server is within range 28.953 ms..47.807 ms
client 2023-07-17 22:51:23,036 [INFO] Running the workload 'CM_MLPERF_RUN_COUNT=$(cat ${CM_RUN_DIR}/count.txt); echo ${CM_MLPERF_RUN_COUNT}; CM_MLPERF_RUN_COUNT=$((CM_MLPERF_RUN_COUNT+1)); echo ${CM_MLPERF_RUN_COUNT} > ${CM_RUN_DIR}/count.txt && if [ ${CM_MLPERF_RUN_COUNT} -eq "1" ]; then export CM_MLPERF_USER_CONF=${CM_MLPERF_RANGING_USER_CONF}; else export CM_MLPERF_USER_CONF=${CM_MLPERF_TESTING_USER_CONF}; fi && /home/arjun/run.out'
client 2023-07-17 23:01:52,406 [INFO] Sending command to the server: 'time'
client 2023-07-17 23:01:52,489 [INFO] Got response: '1689631312.3667605'
client 2023-07-17 23:01:52,490 [INFO] The time difference between the client and the server is within range 39.463 ms..123.645 ms
client 2023-07-17 23:01:52,491 [INFO] Sending command to the server: 'session,2023-07-17_22-45-09,stop,testing'
client 2023-07-17 23:02:03,605 [INFO] Got response: 'OK'
client 2023-07-17 23:02:03,605 [INFO] Sending command to the server: 'time'
client 2023-07-17 23:02:03,629 [INFO] Got response: '1689631323.5830863'
client 2023-07-17 23:02:03,629 [INFO] The time difference between the client and the server is within range 22.609 ms..46.619 ms
client 2023-07-17 23:02:03,639 [INFO] Copying loadgen logs from '/home/arjun/mobilenet_results/valid_results/raspberrypi-tflite_armnn_cpp-cpu-armnn_tflite-v23.05-using_neon/mobilenet-v2-precision_float-1.0-160/singlestream/performance/run_1' to '/home/arjun/mobilenet_results/valid_results/raspberrypi-tflite_armnn_cpp-cpu-armnn_tflite-v23.05-using_neon/mobilenet-v2-precision_float-1.0-160/singlestream/performance/tmp_power/run_1'
client 2023-07-17 23:02:03,645 [INFO] Done runs
