client 2023-09-04 11:00:36,475 [INFO] Creating output directory '/home/arjun/results_dir/valid_results/phoenix_Amd_Am5-reference-cpu-tf-v2.13.0-default_config/bert-99/offline/performance/tmp_power'
client 2023-09-04 11:00:36,479 [INFO] Sending command to the server: 'mlcommons/power client v3'
client 2023-09-04 11:00:36,481 [INFO] Got response: 'mlcommons/power server v3'
client 2023-09-04 11:00:36,481 [INFO] Synchronizing with the server and with time.google.com...
client 2023-09-04 11:00:36,508 [INFO] NTP:offset = -0.000 s, delay = 0.014 s 
client 2023-09-04 11:00:36,508 [INFO] Sending command to the server: 'time'
client 2023-09-04 11:00:36,509 [INFO] Got response: '1693821636.5088642'
client 2023-09-04 11:00:36,509 [INFO] The time difference between the client and the server is within range -0.710 ms..0.773 ms
client 2023-09-04 11:00:36,509 [INFO] Sending command to the server: 'new,,736158cf-5819-417b-9894-60f32ae990d3'
client 2023-09-04 11:00:36,511 [INFO] Got response: 'OK 2023-09-04_10-00-36,ad959fab-33bd-49d7-81dd-9db8bc8b9ea3'
client 2023-09-04 11:00:36,511 [INFO] Session id is '2023-09-04_10-00-36'
client 2023-09-04 11:00:36,511 [INFO] Sources: {"sources": {"__init__.py": "da39a3ee5e6b4b0d3255bfef95601890afd80709", "client.py": "33ca4f26368777ac06e01f9567b714a4b8063886", "lib/__init__.py": "da39a3ee5e6b4b0d3255bfef95601890afd80709", "lib/client.py": "ac2aa093c8e8bbc9569b9e2a3471bc64e58a2258", "lib/common.py": "611d8b29633d331eb19c9455ea3b5fa3284ed6df", "lib/external/__init__.py": "da39a3ee5e6b4b0d3255bfef95601890afd80709", "lib/external/ntplib.py": "4da8f970656505a40483206ef2b5d3dd5e81711d", "lib/server.py": "c7af63c31bb2fbedea4345f571f6e3507d268ada", "lib/source_hashes.py": "60a2e02193209e8d392803326208d5466342da18", "lib/summary.py": "aa92f0a3f975eecd44d3c0cd0236342ccc9f941d", "lib/time_sync.py": "122eba67a9abc85635223e054def53be1367ade2", "server.py": "c3f90f2f7eeb4db30727556d0c815ebc89b3d28b", "tests/unit/__init__.py": "da39a3ee5e6b4b0d3255bfef95601890afd80709", "tests/unit/test_server.py": "948c1995d4008bc2aa6c4046a34ffa3858d6d671", "tests/unit/test_source_hashes.py": "00468a2907583c593e6574a1f6b404e4651c221a"}, "modules": {"ptd_client_server.lib.client": "lib/client.py", "ptd_client_server.lib.common": "lib/common.py", "ptd_client_server.lib.external.ntplib": "lib/external/ntplib.py", "ptd_client_server.lib.source_hashes": "lib/source_hashes.py", "ptd_client_server.lib.summary": "lib/summary.py", "ptd_client_server.lib.time_sync": "lib/time_sync.py"}}
client 2023-09-04 11:00:36,511 [INFO] Running workload in ranging mode
client 2023-09-04 11:00:36,511 [INFO] Synchronizing with the server and with time.google.com...
client 2023-09-04 11:00:36,522 [INFO] NTP:offset = -0.000 s, delay = 0.011 s 
client 2023-09-04 11:00:36,522 [INFO] Sending command to the server: 'time'
client 2023-09-04 11:00:36,524 [INFO] Got response: '1693821636.5235596'
client 2023-09-04 11:00:36,524 [INFO] The time difference between the client and the server is within range -0.691 ms..0.652 ms
client 2023-09-04 11:00:36,524 [INFO] Sending command to the server: 'session,2023-09-04_10-00-36,start,ranging'
client 2023-09-04 11:01:04,617 [INFO] Got response: 'OK'
client 2023-09-04 11:01:04,617 [INFO] Sending command to the server: 'time'
client 2023-09-04 11:01:04,619 [INFO] Got response: '1693821664.6183116'
client 2023-09-04 11:01:04,619 [INFO] The time difference between the client and the server is within range -0.744 ms..0.905 ms
client 2023-09-04 11:01:04,619 [INFO] Running the workload 'CM_MLPERF_RUN_COUNT=$(cat ${CM_RUN_DIR}/count.txt); echo ${CM_MLPERF_RUN_COUNT}; CM_MLPERF_RUN_COUNT=$((CM_MLPERF_RUN_COUNT+1)); echo ${CM_MLPERF_RUN_COUNT} > ${CM_RUN_DIR}/count.txt && if [ ${CM_MLPERF_RUN_COUNT} -eq "1" ]; then export CM_MLPERF_USER_CONF=${CM_MLPERF_RANGING_USER_CONF}; else export CM_MLPERF_USER_CONF=${CM_MLPERF_TESTING_USER_CONF}; fi && /usr/bin/python3 run.py --backend=tf --scenario=Offline --mlperf_conf "/home/arjun/CM/repos/local/cache/fbd173afb8284a45/inference/mlperf.conf" --user_conf "${CM_MLPERF_USER_CONF}"'
client 2023-09-04 11:06:59,177 [INFO] Sending command to the server: 'time'
client 2023-09-04 11:06:59,222 [INFO] Got response: '1693822019.220551'
client 2023-09-04 11:06:59,222 [INFO] The time difference between the client and the server is within range -43.438 ms..1.879 ms
client 2023-09-04 11:06:59,222 [INFO] Sending command to the server: 'session,2023-09-04_10-00-36,stop,ranging'
client 2023-09-04 11:07:09,768 [INFO] Got response: 'OK'
client 2023-09-04 11:07:09,768 [INFO] Sending command to the server: 'time'
client 2023-09-04 11:07:09,769 [INFO] Got response: '1693822029.7691827'
client 2023-09-04 11:07:09,769 [INFO] The time difference between the client and the server is within range -0.674 ms..0.800 ms
client 2023-09-04 11:07:09,771 [INFO] Copying loadgen logs from '/home/arjun/results_dir/valid_results/phoenix_Amd_Am5-reference-cpu-tf-v2.13.0-default_config/bert-99/offline/performance/run_1' to '/home/arjun/results_dir/valid_results/phoenix_Amd_Am5-reference-cpu-tf-v2.13.0-default_config/bert-99/offline/performance/tmp_power/ranging'
client 2023-09-04 11:07:09,772 [INFO] Running workload in testing mode
client 2023-09-04 11:07:09,772 [INFO] Synchronizing with the server and with time.google.com...
client 2023-09-04 11:07:09,792 [INFO] NTP:offset = -0.000 s, delay = 0.019 s 
client 2023-09-04 11:07:09,792 [INFO] Sending command to the server: 'time'
client 2023-09-04 11:07:09,793 [INFO] Got response: '1693822029.7930596'
client 2023-09-04 11:07:09,793 [INFO] The time difference between the client and the server is within range -0.942 ms..0.833 ms
client 2023-09-04 11:07:09,793 [INFO] Sending command to the server: 'session,2023-09-04_10-00-36,start,testing'
client 2023-09-04 11:07:22,806 [INFO] Got response: 'OK'
client 2023-09-04 11:07:22,806 [INFO] Sending command to the server: 'time'
client 2023-09-04 11:07:22,809 [INFO] Got response: '1693822042.808486'
client 2023-09-04 11:07:22,809 [INFO] The time difference between the client and the server is within range -1.616 ms..0.988 ms
client 2023-09-04 11:07:22,809 [INFO] Running the workload 'CM_MLPERF_RUN_COUNT=$(cat ${CM_RUN_DIR}/count.txt); echo ${CM_MLPERF_RUN_COUNT}; CM_MLPERF_RUN_COUNT=$((CM_MLPERF_RUN_COUNT+1)); echo ${CM_MLPERF_RUN_COUNT} > ${CM_RUN_DIR}/count.txt && if [ ${CM_MLPERF_RUN_COUNT} -eq "1" ]; then export CM_MLPERF_USER_CONF=${CM_MLPERF_RANGING_USER_CONF}; else export CM_MLPERF_USER_CONF=${CM_MLPERF_TESTING_USER_CONF}; fi && /usr/bin/python3 run.py --backend=tf --scenario=Offline --mlperf_conf "/home/arjun/CM/repos/local/cache/fbd173afb8284a45/inference/mlperf.conf" --user_conf "${CM_MLPERF_USER_CONF}"'
client 2023-09-04 12:40:26,158 [INFO] Sending command to the server: 'time'
client 2023-09-04 12:40:26,288 [INFO] Got response: '1693827626.2886336'
client 2023-09-04 12:40:26,288 [INFO] The time difference between the client and the server is within range -130.327 ms..0.069 ms
client 2023-09-04 12:40:26,288 [INFO] Sending command to the server: 'session,2023-09-04_10-00-36,stop,testing'
client 2023-09-04 12:40:36,913 [INFO] Got response: 'OK'
client 2023-09-04 12:40:36,913 [INFO] Sending command to the server: 'time'
client 2023-09-04 12:40:36,914 [INFO] Got response: '1693827636.915097'
client 2023-09-04 12:40:36,914 [INFO] The time difference between the client and the server is within range -1.739 ms..-0.437 ms
client 2023-09-04 12:40:36,915 [INFO] Copying loadgen logs from '/home/arjun/results_dir/valid_results/phoenix_Amd_Am5-reference-cpu-tf-v2.13.0-default_config/bert-99/offline/performance/run_1' to '/home/arjun/results_dir/valid_results/phoenix_Amd_Am5-reference-cpu-tf-v2.13.0-default_config/bert-99/offline/performance/tmp_power/run_1'
client 2023-09-04 12:40:36,915 [INFO] Done runs
