client 2023-08-10 17:08:16,296 [INFO] Creating output directory '/home/arjun/mobilenet_results/valid_results/orin-tflite_cpp-cpu-tflite-vmaster-with_live_preprocessing/mobilenet-v1-precision_float-0.75-128/singlestream/performance/tmp_power'
client 2023-08-10 17:08:16,299 [INFO] Sending command to the server: 'mlcommons/power client v3'
client 2023-08-10 17:08:16,303 [INFO] Got response: 'mlcommons/power server v3'
client 2023-08-10 17:08:16,303 [INFO] Synchronizing with the server and with time.google.com...
client 2023-08-10 17:08:16,324 [INFO] NTP:offset = -0.002 s, delay = 0.017 s 
client 2023-08-10 17:08:16,324 [INFO] Sending command to the server: 'time'
client 2023-08-10 17:08:16,327 [INFO] Got response: '1691683696.2562518'
client 2023-08-10 17:08:16,327 [INFO] The time difference between the client and the server is within range 68.367 ms..71.091 ms
client 2023-08-10 17:08:16,327 [INFO] Sending command to the server: 'new,,f1ada2a9-b76e-44fd-a6aa-fa3a52e96150'
client 2023-08-10 17:08:16,331 [INFO] Got response: 'OK 2023-08-10_17-08-16,4eebc428-b17a-424f-b9a8-5b8dfc385263'
client 2023-08-10 17:08:16,331 [INFO] Session id is '2023-08-10_17-08-16'
client 2023-08-10 17:08:16,331 [INFO] Sources: {"sources": {"__init__.py": "da39a3ee5e6b4b0d3255bfef95601890afd80709", "client.py": "33ca4f26368777ac06e01f9567b714a4b8063886", "lib/__init__.py": "da39a3ee5e6b4b0d3255bfef95601890afd80709", "lib/client.py": "ac2aa093c8e8bbc9569b9e2a3471bc64e58a2258", "lib/common.py": "611d8b29633d331eb19c9455ea3b5fa3284ed6df", "lib/external/__init__.py": "da39a3ee5e6b4b0d3255bfef95601890afd80709", "lib/external/ntplib.py": "4da8f970656505a40483206ef2b5d3dd5e81711d", "lib/server.py": "c7af63c31bb2fbedea4345f571f6e3507d268ada", "lib/source_hashes.py": "60a2e02193209e8d392803326208d5466342da18", "lib/summary.py": "aa92f0a3f975eecd44d3c0cd0236342ccc9f941d", "lib/time_sync.py": "80894ef2389e540781ff78de94db16aa4203a14e", "server.py": "c3f90f2f7eeb4db30727556d0c815ebc89b3d28b", "tests/unit/__init__.py": "da39a3ee5e6b4b0d3255bfef95601890afd80709", "tests/unit/test_server.py": "948c1995d4008bc2aa6c4046a34ffa3858d6d671", "tests/unit/test_source_hashes.py": "00468a2907583c593e6574a1f6b404e4651c221a"}, "modules": {"ptd_client_server.lib.client": "lib/client.py", "ptd_client_server.lib.common": "lib/common.py", "ptd_client_server.lib.external.ntplib": "lib/external/ntplib.py", "ptd_client_server.lib.source_hashes": "lib/source_hashes.py", "ptd_client_server.lib.summary": "lib/summary.py", "ptd_client_server.lib.time_sync": "lib/time_sync.py"}}
client 2023-08-10 17:08:16,331 [INFO] Running workload in ranging mode
client 2023-08-10 17:08:16,331 [INFO] Synchronizing with the server and with time.google.com...
client 2023-08-10 17:08:16,346 [INFO] NTP:offset = -0.002 s, delay = 0.013 s 
client 2023-08-10 17:08:16,346 [INFO] Sending command to the server: 'time'
client 2023-08-10 17:08:16,348 [INFO] Got response: '1691683696.2763774'
client 2023-08-10 17:08:16,348 [INFO] The time difference between the client and the server is within range 69.774 ms..72.067 ms
client 2023-08-10 17:08:16,348 [INFO] Sending command to the server: 'session,2023-08-10_17-08-16,start,ranging'
client 2023-08-10 17:08:45,044 [INFO] Got response: 'OK'
client 2023-08-10 17:08:45,044 [INFO] Sending command to the server: 'time'
client 2023-08-10 17:08:45,048 [INFO] Got response: '1691683724.975629'
client 2023-08-10 17:08:45,048 [INFO] The time difference between the client and the server is within range 68.635 ms..72.546 ms
client 2023-08-10 17:08:45,048 [INFO] Running the workload 'CM_MLPERF_RUN_COUNT=$(cat ${CM_RUN_DIR}/count.txt); echo ${CM_MLPERF_RUN_COUNT}; CM_MLPERF_RUN_COUNT=$((CM_MLPERF_RUN_COUNT+1)); echo ${CM_MLPERF_RUN_COUNT} > ${CM_RUN_DIR}/count.txt && if [ ${CM_MLPERF_RUN_COUNT} -eq "1" ]; then export CM_MLPERF_USER_CONF=${CM_MLPERF_RANGING_USER_CONF}; else export CM_MLPERF_USER_CONF=${CM_MLPERF_TESTING_USER_CONF}; fi && /mount/CM/repos/ctuning@mlcommons-ck/cm-mlops/script/run-all-mlperf-models/run.out'
client 2023-08-10 17:13:46,180 [INFO] Sending command to the server: 'time'
client 2023-08-10 17:13:46,184 [INFO] Got response: '1691684026.1745963'
client 2023-08-10 17:13:46,184 [INFO] The time difference between the client and the server is within range 6.200 ms..10.113 ms
client 2023-08-10 17:13:46,184 [INFO] Sending command to the server: 'session,2023-08-10_17-08-16,stop,ranging'
client 2023-08-10 17:13:57,060 [INFO] Got response: 'OK'
client 2023-08-10 17:13:57,060 [INFO] Sending command to the server: 'time'
client 2023-08-10 17:13:57,062 [INFO] Got response: '1691684037.0475056'
client 2023-08-10 17:13:57,062 [INFO] The time difference between the client and the server is within range 12.760 ms..14.782 ms
client 2023-08-10 17:13:57,065 [INFO] Copying loadgen logs from '/home/arjun/mobilenet_results/valid_results/orin-tflite_cpp-cpu-tflite-vmaster-with_live_preprocessing/mobilenet-v1-precision_float-0.75-128/singlestream/performance/run_1' to '/home/arjun/mobilenet_results/valid_results/orin-tflite_cpp-cpu-tflite-vmaster-with_live_preprocessing/mobilenet-v1-precision_float-0.75-128/singlestream/performance/tmp_power/ranging'
client 2023-08-10 17:13:57,066 [INFO] Running workload in testing mode
client 2023-08-10 17:13:57,066 [INFO] Synchronizing with the server and with time.google.com...
client 2023-08-10 17:13:57,079 [INFO] NTP:offset = -0.003 s, delay = 0.012 s 
client 2023-08-10 17:13:57,079 [INFO] Sending command to the server: 'time'
client 2023-08-10 17:13:57,081 [INFO] Got response: '1691684037.0683093'
client 2023-08-10 17:13:57,081 [INFO] The time difference between the client and the server is within range 11.403 ms..13.625 ms
client 2023-08-10 17:13:57,082 [INFO] Sending command to the server: 'session,2023-08-10_17-08-16,start,testing'
client 2023-08-10 17:14:10,130 [INFO] Got response: 'OK'
client 2023-08-10 17:14:10,131 [INFO] Sending command to the server: 'time'
client 2023-08-10 17:14:10,133 [INFO] Got response: '1691684050.1212702'
client 2023-08-10 17:14:10,133 [INFO] The time difference between the client and the server is within range 9.821 ms..12.583 ms
client 2023-08-10 17:14:10,133 [INFO] Running the workload 'CM_MLPERF_RUN_COUNT=$(cat ${CM_RUN_DIR}/count.txt); echo ${CM_MLPERF_RUN_COUNT}; CM_MLPERF_RUN_COUNT=$((CM_MLPERF_RUN_COUNT+1)); echo ${CM_MLPERF_RUN_COUNT} > ${CM_RUN_DIR}/count.txt && if [ ${CM_MLPERF_RUN_COUNT} -eq "1" ]; then export CM_MLPERF_USER_CONF=${CM_MLPERF_RANGING_USER_CONF}; else export CM_MLPERF_USER_CONF=${CM_MLPERF_TESTING_USER_CONF}; fi && /mount/CM/repos/ctuning@mlcommons-ck/cm-mlops/script/run-all-mlperf-models/run.out'
client 2023-08-10 17:24:12,312 [INFO] Sending command to the server: 'time'
client 2023-08-10 17:24:12,315 [INFO] Got response: '1691684652.299434'
client 2023-08-10 17:24:12,315 [INFO] The time difference between the client and the server is within range 12.804 ms..16.521 ms
client 2023-08-10 17:24:12,316 [INFO] Sending command to the server: 'session,2023-08-10_17-08-16,stop,testing'
client 2023-08-10 17:24:23,222 [INFO] Got response: 'OK'
client 2023-08-10 17:24:23,222 [INFO] Sending command to the server: 'time'
client 2023-08-10 17:24:23,225 [INFO] Got response: '1691684663.203933'
client 2023-08-10 17:24:23,225 [INFO] The time difference between the client and the server is within range 18.259 ms..21.173 ms
client 2023-08-10 17:24:23,225 [INFO] Copying loadgen logs from '/home/arjun/mobilenet_results/valid_results/orin-tflite_cpp-cpu-tflite-vmaster-with_live_preprocessing/mobilenet-v1-precision_float-0.75-128/singlestream/performance/run_1' to '/home/arjun/mobilenet_results/valid_results/orin-tflite_cpp-cpu-tflite-vmaster-with_live_preprocessing/mobilenet-v1-precision_float-0.75-128/singlestream/performance/tmp_power/run_1'
client 2023-08-10 17:24:23,226 [INFO] Done runs
