client 2023-07-09 12:37:46,429 [INFO] Creating output directory '/home/arjun/mobilenet_results/valid_results/orin-tflite_cpp-cpu-tflite-vmaster-default_config/mobilenet-v1-precision_uint8-0.75-160/singlestream/performance/tmp_power'
client 2023-07-09 12:37:46,462 [INFO] Sending command to the server: 'mlcommons/power client v3'
client 2023-07-09 12:37:46,466 [INFO] Got response: 'mlcommons/power server v3'
client 2023-07-09 12:37:46,466 [INFO] Synchronizing with the server and with time.google.com...
client 2023-07-09 12:37:46,485 [INFO] NTP:offset = 0.001 s, delay = 0.014 s 
client 2023-07-09 12:37:46,485 [INFO] Sending command to the server: 'time'
client 2023-07-09 12:37:46,489 [INFO] Got response: '1688902666.489282'
client 2023-07-09 12:37:46,489 [INFO] The time difference between the client and the server is within range -3.371 ms..0.048 ms
client 2023-07-09 12:37:46,489 [INFO] Sending command to the server: 'new,,e20583b2-b793-4026-930d-8a6e5d5e79c7'
client 2023-07-09 12:37:46,493 [INFO] Got response: 'OK 2023-07-09_11-37-46,396477c8-9c28-4e3b-925b-8596c02ab913'
client 2023-07-09 12:37:46,493 [INFO] Session id is '2023-07-09_11-37-46'
client 2023-07-09 12:37:46,493 [INFO] Sources: {"sources": {"__init__.py": "da39a3ee5e6b4b0d3255bfef95601890afd80709", "client.py": "33ca4f26368777ac06e01f9567b714a4b8063886", "lib/__init__.py": "da39a3ee5e6b4b0d3255bfef95601890afd80709", "lib/client.py": "ac2aa093c8e8bbc9569b9e2a3471bc64e58a2258", "lib/common.py": "611d8b29633d331eb19c9455ea3b5fa3284ed6df", "lib/external/__init__.py": "da39a3ee5e6b4b0d3255bfef95601890afd80709", "lib/external/ntplib.py": "4da8f970656505a40483206ef2b5d3dd5e81711d", "lib/server.py": "c7af63c31bb2fbedea4345f571f6e3507d268ada", "lib/source_hashes.py": "60a2e02193209e8d392803326208d5466342da18", "lib/summary.py": "aa92f0a3f975eecd44d3c0cd0236342ccc9f941d", "lib/time_sync.py": "122eba67a9abc85635223e054def53be1367ade2", "server.py": "c3f90f2f7eeb4db30727556d0c815ebc89b3d28b", "tests/unit/__init__.py": "da39a3ee5e6b4b0d3255bfef95601890afd80709", "tests/unit/test_server.py": "948c1995d4008bc2aa6c4046a34ffa3858d6d671", "tests/unit/test_source_hashes.py": "00468a2907583c593e6574a1f6b404e4651c221a"}, "modules": {"ptd_client_server.lib.client": "lib/client.py", "ptd_client_server.lib.common": "lib/common.py", "ptd_client_server.lib.external.ntplib": "lib/external/ntplib.py", "ptd_client_server.lib.source_hashes": "lib/source_hashes.py", "ptd_client_server.lib.summary": "lib/summary.py", "ptd_client_server.lib.time_sync": "lib/time_sync.py"}}
client 2023-07-09 12:37:46,493 [INFO] Running workload in ranging mode
client 2023-07-09 12:37:46,493 [INFO] Synchronizing with the server and with time.google.com...
client 2023-07-09 12:37:46,507 [INFO] NTP:offset = 0.000 s, delay = 0.013 s 
client 2023-07-09 12:37:46,507 [INFO] Sending command to the server: 'time'
client 2023-07-09 12:37:46,510 [INFO] Got response: '1688902666.511091'
client 2023-07-09 12:37:46,510 [INFO] The time difference between the client and the server is within range -3.482 ms..-0.191 ms
client 2023-07-09 12:37:46,511 [INFO] Sending command to the server: 'session,2023-07-09_11-37-46,start,ranging'
client 2023-07-09 12:38:14,626 [INFO] Got response: 'OK'
client 2023-07-09 12:38:14,627 [INFO] Sending command to the server: 'time'
client 2023-07-09 12:38:14,634 [INFO] Got response: '1688902694.6343107'
client 2023-07-09 12:38:14,635 [INFO] The time difference between the client and the server is within range -6.881 ms..0.609 ms
client 2023-07-09 12:38:14,635 [INFO] Running the workload 'CM_MLPERF_RUN_COUNT=$(cat ${CM_RUN_DIR}/count.txt); echo ${CM_MLPERF_RUN_COUNT}; CM_MLPERF_RUN_COUNT=$((CM_MLPERF_RUN_COUNT+1)); echo ${CM_MLPERF_RUN_COUNT} > ${CM_RUN_DIR}/count.txt && if [ ${CM_MLPERF_RUN_COUNT} -eq "1" ]; then export CM_MLPERF_USER_CONF=${CM_MLPERF_RANGING_USER_CONF}; else export CM_MLPERF_USER_CONF=${CM_MLPERF_TESTING_USER_CONF}; fi && /home/arjun/run.out'
client 2023-07-09 12:43:20,404 [INFO] Sending command to the server: 'time'
client 2023-07-09 12:43:20,507 [INFO] Got response: '1688903000.5078206'
client 2023-07-09 12:43:20,508 [INFO] The time difference between the client and the server is within range -103.519 ms..0.449 ms
client 2023-07-09 12:43:20,508 [INFO] Sending command to the server: 'session,2023-07-09_11-37-46,stop,ranging'
client 2023-07-09 12:43:30,712 [INFO] Got response: 'OK'
client 2023-07-09 12:43:30,713 [INFO] Sending command to the server: 'time'
client 2023-07-09 12:43:30,716 [INFO] Got response: '1688903010.7165558'
client 2023-07-09 12:43:30,717 [INFO] The time difference between the client and the server is within range -3.117 ms..0.452 ms
client 2023-07-09 12:43:30,745 [INFO] Copying loadgen logs from '/home/arjun/mobilenet_results/valid_results/orin-tflite_cpp-cpu-tflite-vmaster-default_config/mobilenet-v1-precision_uint8-0.75-160/singlestream/performance/run_1' to '/home/arjun/mobilenet_results/valid_results/orin-tflite_cpp-cpu-tflite-vmaster-default_config/mobilenet-v1-precision_uint8-0.75-160/singlestream/performance/tmp_power/ranging'
client 2023-07-09 12:43:30,747 [INFO] Running workload in testing mode
client 2023-07-09 12:43:30,747 [INFO] Synchronizing with the server and with time.google.com...
client 2023-07-09 12:43:30,766 [INFO] NTP:offset = -0.000 s, delay = 0.013 s 
client 2023-07-09 12:43:30,766 [INFO] Sending command to the server: 'time'
client 2023-07-09 12:43:30,769 [INFO] Got response: '1688903010.769784'
client 2023-07-09 12:43:30,769 [INFO] The time difference between the client and the server is within range -3.505 ms..-0.341 ms
client 2023-07-09 12:43:30,769 [INFO] Sending command to the server: 'session,2023-07-09_11-37-46,start,testing'
client 2023-07-09 12:43:43,793 [INFO] Got response: 'OK'
client 2023-07-09 12:43:43,793 [INFO] Sending command to the server: 'time'
client 2023-07-09 12:43:43,797 [INFO] Got response: '1688903023.7971082'
client 2023-07-09 12:43:43,798 [INFO] The time difference between the client and the server is within range -3.405 ms..1.095 ms
client 2023-07-09 12:43:43,798 [INFO] Running the workload 'CM_MLPERF_RUN_COUNT=$(cat ${CM_RUN_DIR}/count.txt); echo ${CM_MLPERF_RUN_COUNT}; CM_MLPERF_RUN_COUNT=$((CM_MLPERF_RUN_COUNT+1)); echo ${CM_MLPERF_RUN_COUNT} > ${CM_RUN_DIR}/count.txt && if [ ${CM_MLPERF_RUN_COUNT} -eq "1" ]; then export CM_MLPERF_USER_CONF=${CM_MLPERF_RANGING_USER_CONF}; else export CM_MLPERF_USER_CONF=${CM_MLPERF_TESTING_USER_CONF}; fi && /home/arjun/run.out'
client 2023-07-09 12:53:54,693 [INFO] Sending command to the server: 'time'
client 2023-07-09 12:53:54,774 [INFO] Got response: '1688903634.7737443'
client 2023-07-09 12:53:54,774 [INFO] The time difference between the client and the server is within range -80.827 ms..1.088 ms
client 2023-07-09 12:53:54,775 [INFO] Sending command to the server: 'session,2023-07-09_11-37-46,stop,testing'
client 2023-07-09 12:54:05,845 [INFO] Got response: 'OK'
client 2023-07-09 12:54:05,845 [INFO] Sending command to the server: 'time'
client 2023-07-09 12:54:05,848 [INFO] Got response: '1688903645.8482673'
client 2023-07-09 12:54:05,848 [INFO] The time difference between the client and the server is within range -2.591 ms..0.410 ms
client 2023-07-09 12:54:05,853 [INFO] Copying loadgen logs from '/home/arjun/mobilenet_results/valid_results/orin-tflite_cpp-cpu-tflite-vmaster-default_config/mobilenet-v1-precision_uint8-0.75-160/singlestream/performance/run_1' to '/home/arjun/mobilenet_results/valid_results/orin-tflite_cpp-cpu-tflite-vmaster-default_config/mobilenet-v1-precision_uint8-0.75-160/singlestream/performance/tmp_power/run_1'
client 2023-07-09 12:54:05,856 [INFO] Done runs
