client 2023-07-09 20:05:44,642 [INFO] Creating output directory '/home/arjun/mobilenet_results/valid_results/orin-tflite_cpp-cpu-tflite-vmaster-default_config/mobilenet-v2-precision_float-0.75-224/singlestream/performance/tmp_power'
client 2023-07-09 20:05:44,644 [INFO] Sending command to the server: 'mlcommons/power client v3'
client 2023-07-09 20:05:44,647 [INFO] Got response: 'mlcommons/power server v3'
client 2023-07-09 20:05:44,647 [INFO] Synchronizing with the server and with time.google.com...
client 2023-07-09 20:05:44,673 [INFO] NTP:offset = 0.000 s, delay = 0.021 s 
client 2023-07-09 20:05:44,673 [INFO] Sending command to the server: 'time'
client 2023-07-09 20:05:44,678 [INFO] Got response: '1688929544.6765864'
client 2023-07-09 20:05:44,678 [INFO] The time difference between the client and the server is within range -3.025 ms..2.237 ms
client 2023-07-09 20:05:44,678 [INFO] Sending command to the server: 'new,,fe342a8f-3ccf-4a95-9d8c-7ab82558495d'
client 2023-07-09 20:05:44,682 [INFO] Got response: 'OK 2023-07-09_19-05-44,28e67be7-e29e-439b-8272-9039bc638035'
client 2023-07-09 20:05:44,682 [INFO] Session id is '2023-07-09_19-05-44'
client 2023-07-09 20:05:44,682 [INFO] Sources: {"sources": {"__init__.py": "da39a3ee5e6b4b0d3255bfef95601890afd80709", "client.py": "33ca4f26368777ac06e01f9567b714a4b8063886", "lib/__init__.py": "da39a3ee5e6b4b0d3255bfef95601890afd80709", "lib/client.py": "ac2aa093c8e8bbc9569b9e2a3471bc64e58a2258", "lib/common.py": "611d8b29633d331eb19c9455ea3b5fa3284ed6df", "lib/external/__init__.py": "da39a3ee5e6b4b0d3255bfef95601890afd80709", "lib/external/ntplib.py": "4da8f970656505a40483206ef2b5d3dd5e81711d", "lib/server.py": "c7af63c31bb2fbedea4345f571f6e3507d268ada", "lib/source_hashes.py": "60a2e02193209e8d392803326208d5466342da18", "lib/summary.py": "aa92f0a3f975eecd44d3c0cd0236342ccc9f941d", "lib/time_sync.py": "122eba67a9abc85635223e054def53be1367ade2", "server.py": "c3f90f2f7eeb4db30727556d0c815ebc89b3d28b", "tests/unit/__init__.py": "da39a3ee5e6b4b0d3255bfef95601890afd80709", "tests/unit/test_server.py": "948c1995d4008bc2aa6c4046a34ffa3858d6d671", "tests/unit/test_source_hashes.py": "00468a2907583c593e6574a1f6b404e4651c221a"}, "modules": {"ptd_client_server.lib.client": "lib/client.py", "ptd_client_server.lib.common": "lib/common.py", "ptd_client_server.lib.external.ntplib": "lib/external/ntplib.py", "ptd_client_server.lib.source_hashes": "lib/source_hashes.py", "ptd_client_server.lib.summary": "lib/summary.py", "ptd_client_server.lib.time_sync": "lib/time_sync.py"}}
client 2023-07-09 20:05:44,682 [INFO] Running workload in ranging mode
client 2023-07-09 20:05:44,682 [INFO] Synchronizing with the server and with time.google.com...
client 2023-07-09 20:05:44,703 [INFO] NTP:offset = 0.001 s, delay = 0.019 s 
client 2023-07-09 20:05:44,703 [INFO] Sending command to the server: 'time'
client 2023-07-09 20:05:44,706 [INFO] Got response: '1688929544.7067943'
client 2023-07-09 20:05:44,706 [INFO] The time difference between the client and the server is within range -3.490 ms..0.085 ms
client 2023-07-09 20:05:44,706 [INFO] Sending command to the server: 'session,2023-07-09_19-05-44,start,ranging'
client 2023-07-09 20:06:12,819 [INFO] Got response: 'OK'
client 2023-07-09 20:06:12,820 [INFO] Sending command to the server: 'time'
client 2023-07-09 20:06:12,824 [INFO] Got response: '1688929572.823556'
client 2023-07-09 20:06:12,824 [INFO] The time difference between the client and the server is within range -2.963 ms..1.288 ms
client 2023-07-09 20:06:12,825 [INFO] Running the workload 'CM_MLPERF_RUN_COUNT=$(cat ${CM_RUN_DIR}/count.txt); echo ${CM_MLPERF_RUN_COUNT}; CM_MLPERF_RUN_COUNT=$((CM_MLPERF_RUN_COUNT+1)); echo ${CM_MLPERF_RUN_COUNT} > ${CM_RUN_DIR}/count.txt && if [ ${CM_MLPERF_RUN_COUNT} -eq "1" ]; then export CM_MLPERF_USER_CONF=${CM_MLPERF_RANGING_USER_CONF}; else export CM_MLPERF_USER_CONF=${CM_MLPERF_TESTING_USER_CONF}; fi && /home/arjun/run.out'
client 2023-07-09 20:11:18,993 [INFO] Sending command to the server: 'time'
client 2023-07-09 20:11:19,065 [INFO] Got response: '1688929879.0644708'
client 2023-07-09 20:11:19,065 [INFO] The time difference between the client and the server is within range -71.074 ms..0.944 ms
client 2023-07-09 20:11:19,065 [INFO] Sending command to the server: 'session,2023-07-09_19-05-44,stop,ranging'
client 2023-07-09 20:11:29,931 [INFO] Got response: 'OK'
client 2023-07-09 20:11:29,932 [INFO] Sending command to the server: 'time'
client 2023-07-09 20:11:29,936 [INFO] Got response: '1688929889.936604'
client 2023-07-09 20:11:29,937 [INFO] The time difference between the client and the server is within range -4.350 ms..0.664 ms
client 2023-07-09 20:11:29,965 [INFO] Copying loadgen logs from '/home/arjun/mobilenet_results/valid_results/orin-tflite_cpp-cpu-tflite-vmaster-default_config/mobilenet-v2-precision_float-0.75-224/singlestream/performance/run_1' to '/home/arjun/mobilenet_results/valid_results/orin-tflite_cpp-cpu-tflite-vmaster-default_config/mobilenet-v2-precision_float-0.75-224/singlestream/performance/tmp_power/ranging'
client 2023-07-09 20:11:29,968 [INFO] Running workload in testing mode
client 2023-07-09 20:11:29,968 [INFO] Synchronizing with the server and with time.google.com...
client 2023-07-09 20:11:29,990 [INFO] NTP:offset = 0.001 s, delay = 0.017 s 
client 2023-07-09 20:11:29,991 [INFO] Sending command to the server: 'time'
client 2023-07-09 20:11:29,993 [INFO] Got response: '1688929889.9940007'
client 2023-07-09 20:11:29,993 [INFO] The time difference between the client and the server is within range -2.982 ms..-0.099 ms
client 2023-07-09 20:11:29,994 [INFO] Sending command to the server: 'session,2023-07-09_19-05-44,start,testing'
client 2023-07-09 20:11:43,015 [INFO] Got response: 'OK'
client 2023-07-09 20:11:43,016 [INFO] Sending command to the server: 'time'
client 2023-07-09 20:11:43,019 [INFO] Got response: '1688929903.019309'
client 2023-07-09 20:11:43,019 [INFO] The time difference between the client and the server is within range -2.981 ms..0.388 ms
client 2023-07-09 20:11:43,020 [INFO] Running the workload 'CM_MLPERF_RUN_COUNT=$(cat ${CM_RUN_DIR}/count.txt); echo ${CM_MLPERF_RUN_COUNT}; CM_MLPERF_RUN_COUNT=$((CM_MLPERF_RUN_COUNT+1)); echo ${CM_MLPERF_RUN_COUNT} > ${CM_RUN_DIR}/count.txt && if [ ${CM_MLPERF_RUN_COUNT} -eq "1" ]; then export CM_MLPERF_USER_CONF=${CM_MLPERF_RANGING_USER_CONF}; else export CM_MLPERF_USER_CONF=${CM_MLPERF_TESTING_USER_CONF}; fi && /home/arjun/run.out'
client 2023-07-09 20:21:54,179 [INFO] Sending command to the server: 'time'
client 2023-07-09 20:21:54,186 [INFO] Got response: '1688930514.1834314'
client 2023-07-09 20:21:54,187 [INFO] The time difference between the client and the server is within range -4.123 ms..3.657 ms
client 2023-07-09 20:21:54,187 [INFO] Sending command to the server: 'session,2023-07-09_19-05-44,stop,testing'
client 2023-07-09 20:22:05,072 [INFO] Got response: 'OK'
client 2023-07-09 20:22:05,073 [INFO] Sending command to the server: 'time'
client 2023-07-09 20:22:05,077 [INFO] Got response: '1688930525.0768685'
client 2023-07-09 20:22:05,077 [INFO] The time difference between the client and the server is within range -3.003 ms..0.560 ms
client 2023-07-09 20:22:05,082 [INFO] Copying loadgen logs from '/home/arjun/mobilenet_results/valid_results/orin-tflite_cpp-cpu-tflite-vmaster-default_config/mobilenet-v2-precision_float-0.75-224/singlestream/performance/run_1' to '/home/arjun/mobilenet_results/valid_results/orin-tflite_cpp-cpu-tflite-vmaster-default_config/mobilenet-v2-precision_float-0.75-224/singlestream/performance/tmp_power/run_1'
client 2023-07-09 20:22:05,085 [INFO] Done runs
