client 2023-08-07 04:45:33,528 [INFO] Creating output directory '/home/arjun/mobilenet_results/valid_results/orin-tflite_armnn_cpp-cpu-armnn_tflite-v23.05-using_neon/mobilenet-v1-precision_uint8-0.5-192/singlestream/performance/tmp_power'
client 2023-08-07 04:45:33,530 [INFO] Sending command to the server: 'mlcommons/power client v3'
client 2023-08-07 04:45:33,533 [INFO] Got response: 'mlcommons/power server v3'
client 2023-08-07 04:45:33,533 [INFO] Synchronizing with the server and with time.google.com...
client 2023-08-07 04:45:33,549 [INFO] NTP:offset = -0.002 s, delay = 0.013 s 
client 2023-08-07 04:45:33,549 [INFO] Sending command to the server: 'time'
client 2023-08-07 04:45:33,552 [INFO] Got response: '1691379933.5811644'
client 2023-08-07 04:45:33,553 [INFO] The time difference between the client and the server is within range -31.270 ms..-28.131 ms
client 2023-08-07 04:45:33,553 [INFO] Sending command to the server: 'new,,63de341c-b2e1-4fd4-9441-db7e2da0b0a0'
client 2023-08-07 04:45:33,556 [INFO] Got response: 'OK 2023-08-07_04-45-33,f2c93ef0-7fcb-409c-8e63-222f59bb1dfe'
client 2023-08-07 04:45:33,556 [INFO] Session id is '2023-08-07_04-45-33'
client 2023-08-07 04:45:33,556 [INFO] Sources: {"sources": {"__init__.py": "da39a3ee5e6b4b0d3255bfef95601890afd80709", "client.py": "33ca4f26368777ac06e01f9567b714a4b8063886", "lib/__init__.py": "da39a3ee5e6b4b0d3255bfef95601890afd80709", "lib/client.py": "ac2aa093c8e8bbc9569b9e2a3471bc64e58a2258", "lib/common.py": "611d8b29633d331eb19c9455ea3b5fa3284ed6df", "lib/external/__init__.py": "da39a3ee5e6b4b0d3255bfef95601890afd80709", "lib/external/ntplib.py": "4da8f970656505a40483206ef2b5d3dd5e81711d", "lib/server.py": "c7af63c31bb2fbedea4345f571f6e3507d268ada", "lib/source_hashes.py": "60a2e02193209e8d392803326208d5466342da18", "lib/summary.py": "aa92f0a3f975eecd44d3c0cd0236342ccc9f941d", "lib/time_sync.py": "122eba67a9abc85635223e054def53be1367ade2", "server.py": "c3f90f2f7eeb4db30727556d0c815ebc89b3d28b", "tests/unit/__init__.py": "da39a3ee5e6b4b0d3255bfef95601890afd80709", "tests/unit/test_server.py": "948c1995d4008bc2aa6c4046a34ffa3858d6d671", "tests/unit/test_source_hashes.py": "00468a2907583c593e6574a1f6b404e4651c221a"}, "modules": {"ptd_client_server.lib.client": "lib/client.py", "ptd_client_server.lib.common": "lib/common.py", "ptd_client_server.lib.external.ntplib": "lib/external/ntplib.py", "ptd_client_server.lib.source_hashes": "lib/source_hashes.py", "ptd_client_server.lib.summary": "lib/summary.py", "ptd_client_server.lib.time_sync": "lib/time_sync.py"}}
client 2023-08-07 04:45:33,556 [INFO] Running workload in ranging mode
client 2023-08-07 04:45:33,556 [INFO] Synchronizing with the server and with time.google.com...
client 2023-08-07 04:45:33,569 [INFO] NTP:offset = -0.001 s, delay = 0.012 s 
client 2023-08-07 04:45:33,569 [INFO] Sending command to the server: 'time'
client 2023-08-07 04:45:33,572 [INFO] Got response: '1691379933.6013162'
client 2023-08-07 04:45:33,572 [INFO] The time difference between the client and the server is within range -31.590 ms..-29.230 ms
client 2023-08-07 04:45:33,572 [INFO] Sending command to the server: 'session,2023-08-07_04-45-33,start,ranging'
client 2023-08-07 04:46:02,272 [INFO] Got response: 'OK'
client 2023-08-07 04:46:02,272 [INFO] Sending command to the server: 'time'
client 2023-08-07 04:46:02,274 [INFO] Got response: '1691379962.305605'
client 2023-08-07 04:46:02,274 [INFO] The time difference between the client and the server is within range -33.007 ms..-30.673 ms
client 2023-08-07 04:46:02,274 [INFO] Running the workload 'CM_MLPERF_RUN_COUNT=$(cat ${CM_RUN_DIR}/count.txt); echo ${CM_MLPERF_RUN_COUNT}; CM_MLPERF_RUN_COUNT=$((CM_MLPERF_RUN_COUNT+1)); echo ${CM_MLPERF_RUN_COUNT} > ${CM_RUN_DIR}/count.txt && if [ ${CM_MLPERF_RUN_COUNT} -eq "1" ]; then export CM_MLPERF_USER_CONF=${CM_MLPERF_RANGING_USER_CONF}; else export CM_MLPERF_USER_CONF=${CM_MLPERF_TESTING_USER_CONF}; fi && /mount/CM/repos/ctuning@mlcommons-ck/cm-mlops/script/run-all-mlperf-models/run.out'
client 2023-08-07 04:51:03,636 [INFO] Sending command to the server: 'time'
client 2023-08-07 04:51:03,641 [INFO] Got response: '1691380263.6676114'
client 2023-08-07 04:51:03,641 [INFO] The time difference between the client and the server is within range -31.012 ms..-25.780 ms
client 2023-08-07 04:51:03,641 [INFO] Sending command to the server: 'session,2023-08-07_04-45-33,stop,ranging'
client 2023-08-07 04:51:14,444 [INFO] Got response: 'OK'
client 2023-08-07 04:51:14,445 [INFO] Sending command to the server: 'time'
client 2023-08-07 04:51:14,447 [INFO] Got response: '1691380274.4793315'
client 2023-08-07 04:51:14,447 [INFO] The time difference between the client and the server is within range -34.319 ms..-31.996 ms
client 2023-08-07 04:51:14,450 [INFO] Copying loadgen logs from '/home/arjun/mobilenet_results/valid_results/orin-tflite_armnn_cpp-cpu-armnn_tflite-v23.05-using_neon/mobilenet-v1-precision_uint8-0.5-192/singlestream/performance/run_1' to '/home/arjun/mobilenet_results/valid_results/orin-tflite_armnn_cpp-cpu-armnn_tflite-v23.05-using_neon/mobilenet-v1-precision_uint8-0.5-192/singlestream/performance/tmp_power/ranging'
client 2023-08-07 04:51:14,451 [INFO] Running workload in testing mode
client 2023-08-07 04:51:14,451 [INFO] Synchronizing with the server and with time.google.com...
client 2023-08-07 04:51:14,469 [INFO] NTP:offset = -0.002 s, delay = 0.016 s 
client 2023-08-07 04:51:14,469 [INFO] Sending command to the server: 'time'
client 2023-08-07 04:51:14,473 [INFO] Got response: '1691380274.499712'
client 2023-08-07 04:51:14,473 [INFO] The time difference between the client and the server is within range -30.448 ms..-25.793 ms
client 2023-08-07 04:51:14,473 [INFO] Sending command to the server: 'session,2023-08-07_04-45-33,start,testing'
client 2023-08-07 04:51:27,518 [INFO] Got response: 'OK'
client 2023-08-07 04:51:27,518 [INFO] Sending command to the server: 'time'
client 2023-08-07 04:51:27,521 [INFO] Got response: '1691380287.5466893'
client 2023-08-07 04:51:27,522 [INFO] The time difference between the client and the server is within range -28.170 ms..-24.668 ms
client 2023-08-07 04:51:27,522 [INFO] Running the workload 'CM_MLPERF_RUN_COUNT=$(cat ${CM_RUN_DIR}/count.txt); echo ${CM_MLPERF_RUN_COUNT}; CM_MLPERF_RUN_COUNT=$((CM_MLPERF_RUN_COUNT+1)); echo ${CM_MLPERF_RUN_COUNT} > ${CM_RUN_DIR}/count.txt && if [ ${CM_MLPERF_RUN_COUNT} -eq "1" ]; then export CM_MLPERF_USER_CONF=${CM_MLPERF_RANGING_USER_CONF}; else export CM_MLPERF_USER_CONF=${CM_MLPERF_TESTING_USER_CONF}; fi && /mount/CM/repos/ctuning@mlcommons-ck/cm-mlops/script/run-all-mlperf-models/run.out'
client 2023-08-07 05:01:29,919 [INFO] Sending command to the server: 'time'
client 2023-08-07 05:01:29,922 [INFO] Got response: '1691380889.9500446'
client 2023-08-07 05:01:29,922 [INFO] The time difference between the client and the server is within range -30.708 ms..-27.337 ms
client 2023-08-07 05:01:29,922 [INFO] Sending command to the server: 'session,2023-08-07_04-45-33,stop,testing'
client 2023-08-07 05:01:40,857 [INFO] Got response: 'OK'
client 2023-08-07 05:01:40,857 [INFO] Sending command to the server: 'time'
client 2023-08-07 05:01:40,859 [INFO] Got response: '1691380900.8839722'
client 2023-08-07 05:01:40,859 [INFO] The time difference between the client and the server is within range -26.634 ms..-24.572 ms
client 2023-08-07 05:01:40,860 [INFO] Copying loadgen logs from '/home/arjun/mobilenet_results/valid_results/orin-tflite_armnn_cpp-cpu-armnn_tflite-v23.05-using_neon/mobilenet-v1-precision_uint8-0.5-192/singlestream/performance/run_1' to '/home/arjun/mobilenet_results/valid_results/orin-tflite_armnn_cpp-cpu-armnn_tflite-v23.05-using_neon/mobilenet-v1-precision_uint8-0.5-192/singlestream/performance/tmp_power/run_1'
client 2023-08-07 05:01:40,860 [INFO] Done runs
