client 2023-08-06 07:00:13,778 [INFO] Creating output directory '/home/arjun/mobilenet_results/valid_results/orin-tflite_cpp-cpu-tflite-vmaster-default_config/mobilenet-v2-precision_float-0.75-192/singlestream/performance/tmp_power'
client 2023-08-06 07:00:13,780 [INFO] Sending command to the server: 'mlcommons/power client v3'
client 2023-08-06 07:00:13,784 [INFO] Got response: 'mlcommons/power server v3'
client 2023-08-06 07:00:13,784 [INFO] Synchronizing with the server and with time.google.com...
client 2023-08-06 07:00:13,801 [INFO] NTP:offset = -0.002 s, delay = 0.014 s 
client 2023-08-06 07:00:13,801 [INFO] Sending command to the server: 'time'
client 2023-08-06 07:00:13,806 [INFO] Got response: '1691301613.7136037'
client 2023-08-06 07:00:13,806 [INFO] The time difference between the client and the server is within range 88.349 ms..92.642 ms
client 2023-08-06 07:00:13,806 [INFO] Sending command to the server: 'new,,839d8bee-2d24-455f-b125-c52b5953af9f'
client 2023-08-06 07:00:13,820 [INFO] Got response: 'OK 2023-08-06_07-00-13,75d37173-8215-4391-b03f-b2fa9b7971ce'
client 2023-08-06 07:00:13,820 [INFO] Session id is '2023-08-06_07-00-13'
client 2023-08-06 07:00:13,820 [INFO] Sources: {"sources": {"__init__.py": "da39a3ee5e6b4b0d3255bfef95601890afd80709", "client.py": "33ca4f26368777ac06e01f9567b714a4b8063886", "lib/__init__.py": "da39a3ee5e6b4b0d3255bfef95601890afd80709", "lib/client.py": "ac2aa093c8e8bbc9569b9e2a3471bc64e58a2258", "lib/common.py": "611d8b29633d331eb19c9455ea3b5fa3284ed6df", "lib/external/__init__.py": "da39a3ee5e6b4b0d3255bfef95601890afd80709", "lib/external/ntplib.py": "4da8f970656505a40483206ef2b5d3dd5e81711d", "lib/server.py": "c7af63c31bb2fbedea4345f571f6e3507d268ada", "lib/source_hashes.py": "60a2e02193209e8d392803326208d5466342da18", "lib/summary.py": "aa92f0a3f975eecd44d3c0cd0236342ccc9f941d", "lib/time_sync.py": "122eba67a9abc85635223e054def53be1367ade2", "server.py": "c3f90f2f7eeb4db30727556d0c815ebc89b3d28b", "tests/unit/__init__.py": "da39a3ee5e6b4b0d3255bfef95601890afd80709", "tests/unit/test_server.py": "948c1995d4008bc2aa6c4046a34ffa3858d6d671", "tests/unit/test_source_hashes.py": "00468a2907583c593e6574a1f6b404e4651c221a"}, "modules": {"ptd_client_server.lib.client": "lib/client.py", "ptd_client_server.lib.common": "lib/common.py", "ptd_client_server.lib.external.ntplib": "lib/external/ntplib.py", "ptd_client_server.lib.source_hashes": "lib/source_hashes.py", "ptd_client_server.lib.summary": "lib/summary.py", "ptd_client_server.lib.time_sync": "lib/time_sync.py"}}
client 2023-08-06 07:00:13,820 [INFO] Running workload in ranging mode
client 2023-08-06 07:00:13,820 [INFO] Synchronizing with the server and with time.google.com...
client 2023-08-06 07:00:13,836 [INFO] NTP:offset = -0.001 s, delay = 0.015 s 
client 2023-08-06 07:00:13,837 [INFO] Sending command to the server: 'time'
client 2023-08-06 07:00:13,839 [INFO] Got response: '1691301613.7448702'
client 2023-08-06 07:00:13,839 [INFO] The time difference between the client and the server is within range 92.156 ms..94.965 ms
client 2023-08-06 07:00:13,839 [INFO] Sending command to the server: 'session,2023-08-06_07-00-13,start,ranging'
client 2023-08-06 07:00:42,540 [INFO] Got response: 'OK'
client 2023-08-06 07:00:42,540 [INFO] Sending command to the server: 'time'
client 2023-08-06 07:00:42,547 [INFO] Got response: '1691301642.4513416'
client 2023-08-06 07:00:42,547 [INFO] The time difference between the client and the server is within range 89.114 ms..95.839 ms
client 2023-08-06 07:00:42,547 [INFO] Running the workload 'CM_MLPERF_RUN_COUNT=$(cat ${CM_RUN_DIR}/count.txt); echo ${CM_MLPERF_RUN_COUNT}; CM_MLPERF_RUN_COUNT=$((CM_MLPERF_RUN_COUNT+1)); echo ${CM_MLPERF_RUN_COUNT} > ${CM_RUN_DIR}/count.txt && if [ ${CM_MLPERF_RUN_COUNT} -eq "1" ]; then export CM_MLPERF_USER_CONF=${CM_MLPERF_RANGING_USER_CONF}; else export CM_MLPERF_USER_CONF=${CM_MLPERF_TESTING_USER_CONF}; fi && /mount/CM/repos/ctuning@mlcommons-ck/cm-mlops/script/run-all-mlperf-models/run.out'
client 2023-08-06 07:05:43,859 [INFO] Sending command to the server: 'time'
client 2023-08-06 07:05:43,863 [INFO] Got response: '1691301943.7681506'
client 2023-08-06 07:05:43,863 [INFO] The time difference between the client and the server is within range 90.912 ms..95.468 ms
client 2023-08-06 07:05:43,863 [INFO] Sending command to the server: 'session,2023-08-06_07-00-13,stop,ranging'
client 2023-08-06 07:05:54,850 [INFO] Got response: 'OK'
client 2023-08-06 07:05:54,850 [INFO] Sending command to the server: 'time'
client 2023-08-06 07:05:54,852 [INFO] Got response: '1691301954.756601'
client 2023-08-06 07:05:54,852 [INFO] The time difference between the client and the server is within range 93.674 ms..96.091 ms
client 2023-08-06 07:05:54,856 [INFO] Copying loadgen logs from '/home/arjun/mobilenet_results/valid_results/orin-tflite_cpp-cpu-tflite-vmaster-default_config/mobilenet-v2-precision_float-0.75-192/singlestream/performance/run_1' to '/home/arjun/mobilenet_results/valid_results/orin-tflite_cpp-cpu-tflite-vmaster-default_config/mobilenet-v2-precision_float-0.75-192/singlestream/performance/tmp_power/ranging'
client 2023-08-06 07:05:54,857 [INFO] Running workload in testing mode
client 2023-08-06 07:05:54,857 [INFO] Synchronizing with the server and with time.google.com...
client 2023-08-06 07:05:54,872 [INFO] NTP:offset = -0.001 s, delay = 0.014 s 
client 2023-08-06 07:05:54,872 [INFO] Sending command to the server: 'time'
client 2023-08-06 07:05:54,875 [INFO] Got response: '1691301954.777007'
client 2023-08-06 07:05:54,875 [INFO] The time difference between the client and the server is within range 95.735 ms..98.271 ms
client 2023-08-06 07:05:54,875 [INFO] Sending command to the server: 'session,2023-08-06_07-00-13,start,testing'
client 2023-08-06 07:06:07,922 [INFO] Got response: 'OK'
client 2023-08-06 07:06:07,922 [INFO] Sending command to the server: 'time'
client 2023-08-06 07:06:07,925 [INFO] Got response: '1691301967.8251147'
client 2023-08-06 07:06:07,925 [INFO] The time difference between the client and the server is within range 97.150 ms..100.306 ms
client 2023-08-06 07:06:07,925 [INFO] Running the workload 'CM_MLPERF_RUN_COUNT=$(cat ${CM_RUN_DIR}/count.txt); echo ${CM_MLPERF_RUN_COUNT}; CM_MLPERF_RUN_COUNT=$((CM_MLPERF_RUN_COUNT+1)); echo ${CM_MLPERF_RUN_COUNT} > ${CM_RUN_DIR}/count.txt && if [ ${CM_MLPERF_RUN_COUNT} -eq "1" ]; then export CM_MLPERF_USER_CONF=${CM_MLPERF_RANGING_USER_CONF}; else export CM_MLPERF_USER_CONF=${CM_MLPERF_TESTING_USER_CONF}; fi && /mount/CM/repos/ctuning@mlcommons-ck/cm-mlops/script/run-all-mlperf-models/run.out'
client 2023-08-06 07:16:10,043 [INFO] Sending command to the server: 'time'
client 2023-08-06 07:16:10,049 [INFO] Got response: '1691302569.9478168'
client 2023-08-06 07:16:10,050 [INFO] The time difference between the client and the server is within range 96.020 ms..102.321 ms
client 2023-08-06 07:16:10,050 [INFO] Sending command to the server: 'session,2023-08-06_07-00-13,stop,testing'
client 2023-08-06 07:16:21,315 [INFO] Got response: 'OK'
client 2023-08-06 07:16:21,316 [INFO] Sending command to the server: 'time'
client 2023-08-06 07:16:21,317 [INFO] Got response: '1691302581.215953'
client 2023-08-06 07:16:21,318 [INFO] The time difference between the client and the server is within range 100.080 ms..102.045 ms
client 2023-08-06 07:16:21,318 [INFO] Copying loadgen logs from '/home/arjun/mobilenet_results/valid_results/orin-tflite_cpp-cpu-tflite-vmaster-default_config/mobilenet-v2-precision_float-0.75-192/singlestream/performance/run_1' to '/home/arjun/mobilenet_results/valid_results/orin-tflite_cpp-cpu-tflite-vmaster-default_config/mobilenet-v2-precision_float-0.75-192/singlestream/performance/tmp_power/run_1'
client 2023-08-06 07:16:21,319 [INFO] Done runs
