client 2023-07-19 19:34:42,721 [INFO] Creating output directory '/home/arjun/mobilenet_results/valid_results/raspberrypi-tflite_armnn_cpp-cpu-armnn_tflite-v22.11-using_neon/mobilenet-v1-precision_uint8-0.5-224/singlestream/performance/tmp_power'
client 2023-07-19 19:34:42,728 [INFO] Sending command to the server: 'mlcommons/power client v3'
client 2023-07-19 19:34:42,732 [INFO] Got response: 'mlcommons/power server v3'
client 2023-07-19 19:34:42,732 [INFO] Synchronizing with the server and with time.google.com...
client 2023-07-19 19:34:42,785 [INFO] NTP:offset = -0.123 s, delay = 0.021 s 
client 2023-07-19 19:34:42,785 [INFO] Sending command to the server: 'time'
client 2023-07-19 19:34:42,789 [INFO] Got response: '1689791682.6196482'
client 2023-07-19 19:34:42,790 [INFO] The time difference between the client and the server is within range 165.854 ms..170.651 ms
client 2023-07-19 19:34:42,790 [INFO] Sending command to the server: 'new,,deea389a-1d8a-46b4-874c-385b9af2133d'
client 2023-07-19 19:34:42,795 [INFO] Got response: 'OK 2023-07-19_19-34-42,5f2d3aef-ddcd-44e6-bfde-16742447a0ba'
client 2023-07-19 19:34:42,796 [INFO] Session id is '2023-07-19_19-34-42'
client 2023-07-19 19:34:42,796 [INFO] Sources: {"sources": {"__init__.py": "da39a3ee5e6b4b0d3255bfef95601890afd80709", "client.py": "33ca4f26368777ac06e01f9567b714a4b8063886", "lib/__init__.py": "da39a3ee5e6b4b0d3255bfef95601890afd80709", "lib/client.py": "ac2aa093c8e8bbc9569b9e2a3471bc64e58a2258", "lib/common.py": "611d8b29633d331eb19c9455ea3b5fa3284ed6df", "lib/external/__init__.py": "da39a3ee5e6b4b0d3255bfef95601890afd80709", "lib/external/ntplib.py": "4da8f970656505a40483206ef2b5d3dd5e81711d", "lib/server.py": "c7af63c31bb2fbedea4345f571f6e3507d268ada", "lib/source_hashes.py": "60a2e02193209e8d392803326208d5466342da18", "lib/summary.py": "aa92f0a3f975eecd44d3c0cd0236342ccc9f941d", "lib/time_sync.py": "122eba67a9abc85635223e054def53be1367ade2", "server.py": "c3f90f2f7eeb4db30727556d0c815ebc89b3d28b", "tests/unit/__init__.py": "da39a3ee5e6b4b0d3255bfef95601890afd80709", "tests/unit/test_server.py": "948c1995d4008bc2aa6c4046a34ffa3858d6d671", "tests/unit/test_source_hashes.py": "00468a2907583c593e6574a1f6b404e4651c221a"}, "modules": {"ptd_client_server.lib.client": "lib/client.py", "ptd_client_server.lib.common": "lib/common.py", "ptd_client_server.lib.external.ntplib": "lib/external/ntplib.py", "ptd_client_server.lib.source_hashes": "lib/source_hashes.py", "ptd_client_server.lib.summary": "lib/summary.py", "ptd_client_server.lib.time_sync": "lib/time_sync.py"}}
client 2023-07-19 19:34:42,797 [INFO] Running workload in ranging mode
client 2023-07-19 19:34:42,797 [INFO] Synchronizing with the server and with time.google.com...
client 2023-07-19 19:34:42,837 [INFO] NTP:offset = -0.122 s, delay = 0.019 s 
client 2023-07-19 19:34:42,838 [INFO] Sending command to the server: 'time'
client 2023-07-19 19:34:42,841 [INFO] Got response: '1689791682.6701834'
client 2023-07-19 19:34:42,842 [INFO] The time difference between the client and the server is within range 168.044 ms..172.033 ms
client 2023-07-19 19:34:42,842 [INFO] Sending command to the server: 'session,2023-07-19_19-34-42,start,ranging'
client 2023-07-19 19:35:11,500 [INFO] Got response: 'OK'
client 2023-07-19 19:35:11,500 [INFO] Sending command to the server: 'time'
client 2023-07-19 19:35:11,504 [INFO] Got response: '1689791711.32929'
client 2023-07-19 19:35:11,504 [INFO] The time difference between the client and the server is within range 171.594 ms..175.155 ms
client 2023-07-19 19:35:11,504 [INFO] Running the workload 'CM_MLPERF_RUN_COUNT=$(cat ${CM_RUN_DIR}/count.txt); echo ${CM_MLPERF_RUN_COUNT}; CM_MLPERF_RUN_COUNT=$((CM_MLPERF_RUN_COUNT+1)); echo ${CM_MLPERF_RUN_COUNT} > ${CM_RUN_DIR}/count.txt && if [ ${CM_MLPERF_RUN_COUNT} -eq "1" ]; then export CM_MLPERF_USER_CONF=${CM_MLPERF_RANGING_USER_CONF}; else export CM_MLPERF_USER_CONF=${CM_MLPERF_TESTING_USER_CONF}; fi && /home/arjun/CM/repos/ctuning@mlcommons-ck/cm-mlops/script/get-lib-armnn/run.out'
client 2023-07-19 19:40:25,181 [INFO] Sending command to the server: 'time'
client 2023-07-19 19:40:25,188 [INFO] Got response: '1689792025.0179424'
client 2023-07-19 19:40:25,189 [INFO] The time difference between the client and the server is within range 163.357 ms..171.663 ms
client 2023-07-19 19:40:25,190 [INFO] Sending command to the server: 'session,2023-07-19_19-34-42,stop,ranging'
client 2023-07-19 19:40:36,012 [INFO] Got response: 'OK'
client 2023-07-19 19:40:36,013 [INFO] Sending command to the server: 'time'
client 2023-07-19 19:40:36,016 [INFO] Got response: '1689792035.8397732'
client 2023-07-19 19:40:36,016 [INFO] The time difference between the client and the server is within range 173.317 ms..177.057 ms
client 2023-07-19 19:40:36,047 [INFO] Copying loadgen logs from '/home/arjun/mobilenet_results/valid_results/raspberrypi-tflite_armnn_cpp-cpu-armnn_tflite-v22.11-using_neon/mobilenet-v1-precision_uint8-0.5-224/singlestream/performance/run_1' to '/home/arjun/mobilenet_results/valid_results/raspberrypi-tflite_armnn_cpp-cpu-armnn_tflite-v22.11-using_neon/mobilenet-v1-precision_uint8-0.5-224/singlestream/performance/tmp_power/ranging'
client 2023-07-19 19:40:36,049 [INFO] Running workload in testing mode
client 2023-07-19 19:40:36,050 [INFO] Synchronizing with the server and with time.google.com...
client 2023-07-19 19:40:36,084 [INFO] NTP:offset = -0.122 s, delay = 0.018 s 
client 2023-07-19 19:40:36,085 [INFO] Sending command to the server: 'time'
client 2023-07-19 19:40:36,088 [INFO] Got response: '1689792035.91125'
client 2023-07-19 19:40:36,089 [INFO] The time difference between the client and the server is within range 174.060 ms..177.718 ms
client 2023-07-19 19:40:36,089 [INFO] Sending command to the server: 'session,2023-07-19_19-34-42,start,testing'
client 2023-07-19 19:40:49,135 [INFO] Got response: 'OK'
client 2023-07-19 19:40:49,136 [INFO] Sending command to the server: 'time'
client 2023-07-19 19:40:49,141 [INFO] Got response: '1689792048.9625826'
client 2023-07-19 19:40:49,141 [INFO] The time difference between the client and the server is within range 173.797 ms..178.847 ms
client 2023-07-19 19:40:49,141 [INFO] Running the workload 'CM_MLPERF_RUN_COUNT=$(cat ${CM_RUN_DIR}/count.txt); echo ${CM_MLPERF_RUN_COUNT}; CM_MLPERF_RUN_COUNT=$((CM_MLPERF_RUN_COUNT+1)); echo ${CM_MLPERF_RUN_COUNT} > ${CM_RUN_DIR}/count.txt && if [ ${CM_MLPERF_RUN_COUNT} -eq "1" ]; then export CM_MLPERF_USER_CONF=${CM_MLPERF_RANGING_USER_CONF}; else export CM_MLPERF_USER_CONF=${CM_MLPERF_TESTING_USER_CONF}; fi && /home/arjun/CM/repos/ctuning@mlcommons-ck/cm-mlops/script/get-lib-armnn/run.out'
client 2023-07-19 19:51:07,551 [INFO] Sending command to the server: 'time'
client 2023-07-19 19:51:07,556 [INFO] Got response: '1689792667.3773236'
client 2023-07-19 19:51:07,557 [INFO] The time difference between the client and the server is within range 174.121 ms..179.930 ms
client 2023-07-19 19:51:07,557 [INFO] Sending command to the server: 'session,2023-07-19_19-34-42,stop,testing'
client 2023-07-19 19:51:18,219 [INFO] Got response: 'OK'
client 2023-07-19 19:51:18,220 [INFO] Sending command to the server: 'time'
client 2023-07-19 19:51:18,223 [INFO] Got response: '1689792678.043091'
client 2023-07-19 19:51:18,223 [INFO] The time difference between the client and the server is within range 177.104 ms..180.673 ms
client 2023-07-19 19:51:18,229 [INFO] Copying loadgen logs from '/home/arjun/mobilenet_results/valid_results/raspberrypi-tflite_armnn_cpp-cpu-armnn_tflite-v22.11-using_neon/mobilenet-v1-precision_uint8-0.5-224/singlestream/performance/run_1' to '/home/arjun/mobilenet_results/valid_results/raspberrypi-tflite_armnn_cpp-cpu-armnn_tflite-v22.11-using_neon/mobilenet-v1-precision_uint8-0.5-224/singlestream/performance/tmp_power/run_1'
client 2023-07-19 19:51:18,232 [INFO] Done runs
