client 2023-07-16 02:37:03,017 [INFO] Creating output directory '/home/arjun/mobilenet_results/valid_results/raspberrypi-tflite_armnn_cpp-cpu-armnn_tflite-v23.05-using_neon/mobilenet-v2-precision_uint8-0.5-224/singlestream/performance/tmp_power'
client 2023-07-16 02:37:03,024 [INFO] Sending command to the server: 'mlcommons/power client v3'
client 2023-07-16 02:37:03,029 [INFO] Got response: 'mlcommons/power server v3'
client 2023-07-16 02:37:03,030 [INFO] Synchronizing with the server and with time.google.com...
client 2023-07-16 02:37:03,130 [INFO] NTP:offset = -0.031 s, delay = 0.079 s 
client 2023-07-16 02:37:03,130 [INFO] Sending command to the server: 'time'
client 2023-07-16 02:37:03,134 [INFO] Got response: '1689471423.121202'
client 2023-07-16 02:37:03,134 [INFO] The time difference between the client and the server is within range 9.179 ms..13.638 ms
client 2023-07-16 02:37:03,135 [INFO] Sending command to the server: 'new,,e0356035-bd73-4f92-8265-914a25690a9e'
client 2023-07-16 02:37:03,138 [INFO] Got response: 'OK 2023-07-16_02-37-03,a3743c6f-ff0f-481a-883c-6eb63bbbaa00'
client 2023-07-16 02:37:03,139 [INFO] Session id is '2023-07-16_02-37-03'
client 2023-07-16 02:37:03,139 [INFO] Sources: {"sources": {"__init__.py": "da39a3ee5e6b4b0d3255bfef95601890afd80709", "client.py": "33ca4f26368777ac06e01f9567b714a4b8063886", "lib/__init__.py": "da39a3ee5e6b4b0d3255bfef95601890afd80709", "lib/client.py": "ac2aa093c8e8bbc9569b9e2a3471bc64e58a2258", "lib/common.py": "611d8b29633d331eb19c9455ea3b5fa3284ed6df", "lib/external/__init__.py": "da39a3ee5e6b4b0d3255bfef95601890afd80709", "lib/external/ntplib.py": "4da8f970656505a40483206ef2b5d3dd5e81711d", "lib/server.py": "c7af63c31bb2fbedea4345f571f6e3507d268ada", "lib/source_hashes.py": "60a2e02193209e8d392803326208d5466342da18", "lib/summary.py": "aa92f0a3f975eecd44d3c0cd0236342ccc9f941d", "lib/time_sync.py": "122eba67a9abc85635223e054def53be1367ade2", "server.py": "c3f90f2f7eeb4db30727556d0c815ebc89b3d28b", "tests/unit/__init__.py": "da39a3ee5e6b4b0d3255bfef95601890afd80709", "tests/unit/test_server.py": "948c1995d4008bc2aa6c4046a34ffa3858d6d671", "tests/unit/test_source_hashes.py": "00468a2907583c593e6574a1f6b404e4651c221a"}, "modules": {"ptd_client_server.lib.client": "lib/client.py", "ptd_client_server.lib.common": "lib/common.py", "ptd_client_server.lib.external.ntplib": "lib/external/ntplib.py", "ptd_client_server.lib.source_hashes": "lib/source_hashes.py", "ptd_client_server.lib.summary": "lib/summary.py", "ptd_client_server.lib.time_sync": "lib/time_sync.py"}}
client 2023-07-16 02:37:03,139 [INFO] Running workload in ranging mode
client 2023-07-16 02:37:03,139 [INFO] Synchronizing with the server and with time.google.com...
client 2023-07-16 02:37:03,171 [INFO] NTP:offset = 0.004 s, delay = 0.015 s 
client 2023-07-16 02:37:03,171 [INFO] Sending command to the server: 'time'
client 2023-07-16 02:37:03,176 [INFO] Got response: '1689471423.1616561'
client 2023-07-16 02:37:03,176 [INFO] The time difference between the client and the server is within range 9.990 ms..14.487 ms
client 2023-07-16 02:37:03,176 [INFO] Sending command to the server: 'session,2023-07-16_02-37-03,start,ranging'
client 2023-07-16 02:37:31,865 [INFO] Got response: 'OK'
client 2023-07-16 02:37:31,866 [INFO] Sending command to the server: 'time'
client 2023-07-16 02:37:31,871 [INFO] Got response: '1689471451.8510184'
client 2023-07-16 02:37:31,871 [INFO] The time difference between the client and the server is within range 15.214 ms..20.428 ms
client 2023-07-16 02:37:31,871 [INFO] Running the workload 'CM_MLPERF_RUN_COUNT=$(cat ${CM_RUN_DIR}/count.txt); echo ${CM_MLPERF_RUN_COUNT}; CM_MLPERF_RUN_COUNT=$((CM_MLPERF_RUN_COUNT+1)); echo ${CM_MLPERF_RUN_COUNT} > ${CM_RUN_DIR}/count.txt && if [ ${CM_MLPERF_RUN_COUNT} -eq "1" ]; then export CM_MLPERF_USER_CONF=${CM_MLPERF_RANGING_USER_CONF}; else export CM_MLPERF_USER_CONF=${CM_MLPERF_TESTING_USER_CONF}; fi && /home/arjun/run.out'
client 2023-07-16 02:42:38,525 [INFO] Sending command to the server: 'time'
client 2023-07-16 02:42:38,531 [INFO] Got response: '1689471758.5081275'
client 2023-07-16 02:42:38,531 [INFO] The time difference between the client and the server is within range 17.252 ms..23.408 ms
client 2023-07-16 02:42:38,531 [INFO] Sending command to the server: 'session,2023-07-16_02-37-03,stop,ranging'
client 2023-07-16 02:42:49,097 [INFO] Got response: 'OK'
client 2023-07-16 02:42:49,098 [INFO] Sending command to the server: 'time'
client 2023-07-16 02:42:49,101 [INFO] Got response: '1689471769.087265'
client 2023-07-16 02:42:49,102 [INFO] The time difference between the client and the server is within range 10.992 ms..15.050 ms
client 2023-07-16 02:42:49,135 [INFO] Copying loadgen logs from '/home/arjun/mobilenet_results/valid_results/raspberrypi-tflite_armnn_cpp-cpu-armnn_tflite-v23.05-using_neon/mobilenet-v2-precision_uint8-0.5-224/singlestream/performance/run_1' to '/home/arjun/mobilenet_results/valid_results/raspberrypi-tflite_armnn_cpp-cpu-armnn_tflite-v23.05-using_neon/mobilenet-v2-precision_uint8-0.5-224/singlestream/performance/tmp_power/ranging'
client 2023-07-16 02:42:49,139 [INFO] Running workload in testing mode
client 2023-07-16 02:42:49,139 [INFO] Synchronizing with the server and with time.google.com...
client 2023-07-16 02:42:49,175 [INFO] NTP:offset = 0.003 s, delay = 0.018 s 
client 2023-07-16 02:42:49,175 [INFO] Sending command to the server: 'time'
client 2023-07-16 02:42:49,180 [INFO] Got response: '1689471769.1577215'
client 2023-07-16 02:42:49,180 [INFO] The time difference between the client and the server is within range 17.936 ms..23.182 ms
client 2023-07-16 02:42:49,181 [INFO] Sending command to the server: 'session,2023-07-16_02-37-03,start,testing'
client 2023-07-16 02:43:02,233 [INFO] Got response: 'OK'
client 2023-07-16 02:43:02,234 [INFO] Sending command to the server: 'time'
client 2023-07-16 02:43:02,247 [INFO] Got response: '1689471782.2142718'
client 2023-07-16 02:43:02,248 [INFO] The time difference between the client and the server is within range 20.147 ms..34.035 ms
client 2023-07-16 02:43:02,248 [INFO] Running the workload 'CM_MLPERF_RUN_COUNT=$(cat ${CM_RUN_DIR}/count.txt); echo ${CM_MLPERF_RUN_COUNT}; CM_MLPERF_RUN_COUNT=$((CM_MLPERF_RUN_COUNT+1)); echo ${CM_MLPERF_RUN_COUNT} > ${CM_RUN_DIR}/count.txt && if [ ${CM_MLPERF_RUN_COUNT} -eq "1" ]; then export CM_MLPERF_USER_CONF=${CM_MLPERF_RANGING_USER_CONF}; else export CM_MLPERF_USER_CONF=${CM_MLPERF_TESTING_USER_CONF}; fi && /home/arjun/run.out'
client 2023-07-16 02:53:14,677 [INFO] Sending command to the server: 'time'
client 2023-07-16 02:53:14,682 [INFO] Got response: '1689472394.6571298'
client 2023-07-16 02:53:14,683 [INFO] The time difference between the client and the server is within range 20.545 ms..25.930 ms
client 2023-07-16 02:53:14,683 [INFO] Sending command to the server: 'session,2023-07-16_02-37-03,stop,testing'
client 2023-07-16 02:53:25,623 [INFO] Got response: 'OK'
client 2023-07-16 02:53:25,623 [INFO] Sending command to the server: 'time'
client 2023-07-16 02:53:25,626 [INFO] Got response: '1689472405.6065075'
client 2023-07-16 02:53:25,626 [INFO] The time difference between the client and the server is within range 17.426 ms..20.301 ms
client 2023-07-16 02:53:25,632 [INFO] Copying loadgen logs from '/home/arjun/mobilenet_results/valid_results/raspberrypi-tflite_armnn_cpp-cpu-armnn_tflite-v23.05-using_neon/mobilenet-v2-precision_uint8-0.5-224/singlestream/performance/run_1' to '/home/arjun/mobilenet_results/valid_results/raspberrypi-tflite_armnn_cpp-cpu-armnn_tflite-v23.05-using_neon/mobilenet-v2-precision_uint8-0.5-224/singlestream/performance/tmp_power/run_1'
client 2023-07-16 02:53:25,635 [INFO] Done runs
