client 2023-07-13 13:56:49,883 [INFO] Creating output directory '/home/arjun/mobilenet_results/valid_results/orin-tflite_armnn_cpp-cpu-armnn_tflite-v23.05-using_neon/mobilenet-v2-precision_uint8-1.0-224/singlestream/performance/tmp_power'
client 2023-07-13 13:56:49,887 [INFO] Sending command to the server: 'mlcommons/power client v3'
client 2023-07-13 13:56:49,891 [INFO] Got response: 'mlcommons/power server v3'
client 2023-07-13 13:56:49,891 [INFO] Synchronizing with the server and with time.google.com...
client 2023-07-13 13:56:49,913 [INFO] NTP:offset = -0.004 s, delay = 0.017 s 
client 2023-07-13 13:56:49,913 [INFO] Sending command to the server: 'time'
client 2023-07-13 13:56:49,916 [INFO] Got response: '1689253009.8007076'
client 2023-07-13 13:56:49,917 [INFO] The time difference between the client and the server is within range 112.675 ms..116.292 ms
client 2023-07-13 13:56:49,917 [INFO] Sending command to the server: 'new,,7122e907-e7d1-4c69-8a67-f7405568dfc1'
client 2023-07-13 13:56:49,920 [INFO] Got response: 'OK 2023-07-13_13-56-49,cdf55215-58e3-4575-8628-b6416a817b30'
client 2023-07-13 13:56:49,920 [INFO] Session id is '2023-07-13_13-56-49'
client 2023-07-13 13:56:49,920 [INFO] Sources: {"sources": {"__init__.py": "da39a3ee5e6b4b0d3255bfef95601890afd80709", "client.py": "33ca4f26368777ac06e01f9567b714a4b8063886", "lib/__init__.py": "da39a3ee5e6b4b0d3255bfef95601890afd80709", "lib/client.py": "ac2aa093c8e8bbc9569b9e2a3471bc64e58a2258", "lib/common.py": "611d8b29633d331eb19c9455ea3b5fa3284ed6df", "lib/external/__init__.py": "da39a3ee5e6b4b0d3255bfef95601890afd80709", "lib/external/ntplib.py": "4da8f970656505a40483206ef2b5d3dd5e81711d", "lib/server.py": "c7af63c31bb2fbedea4345f571f6e3507d268ada", "lib/source_hashes.py": "60a2e02193209e8d392803326208d5466342da18", "lib/summary.py": "aa92f0a3f975eecd44d3c0cd0236342ccc9f941d", "lib/time_sync.py": "122eba67a9abc85635223e054def53be1367ade2", "server.py": "c3f90f2f7eeb4db30727556d0c815ebc89b3d28b", "tests/unit/__init__.py": "da39a3ee5e6b4b0d3255bfef95601890afd80709", "tests/unit/test_server.py": "948c1995d4008bc2aa6c4046a34ffa3858d6d671", "tests/unit/test_source_hashes.py": "00468a2907583c593e6574a1f6b404e4651c221a"}, "modules": {"ptd_client_server.lib.client": "lib/client.py", "ptd_client_server.lib.common": "lib/common.py", "ptd_client_server.lib.external.ntplib": "lib/external/ntplib.py", "ptd_client_server.lib.source_hashes": "lib/source_hashes.py", "ptd_client_server.lib.summary": "lib/summary.py", "ptd_client_server.lib.time_sync": "lib/time_sync.py"}}
client 2023-07-13 13:56:49,921 [INFO] Running workload in ranging mode
client 2023-07-13 13:56:49,921 [INFO] Synchronizing with the server and with time.google.com...
client 2023-07-13 13:56:49,936 [INFO] NTP:offset = -0.005 s, delay = 0.015 s 
client 2023-07-13 13:56:49,936 [INFO] Sending command to the server: 'time'
client 2023-07-13 13:56:49,939 [INFO] Got response: '1689253009.8314877'
client 2023-07-13 13:56:49,939 [INFO] The time difference between the client and the server is within range 105.441 ms..108.053 ms
client 2023-07-13 13:56:49,939 [INFO] Sending command to the server: 'session,2023-07-13_13-56-49,start,ranging'
client 2023-07-13 13:57:18,657 [INFO] Got response: 'OK'
client 2023-07-13 13:57:18,658 [INFO] Sending command to the server: 'time'
client 2023-07-13 13:57:18,662 [INFO] Got response: '1689253038.5533628'
client 2023-07-13 13:57:18,663 [INFO] The time difference between the client and the server is within range 105.329 ms..109.862 ms
client 2023-07-13 13:57:18,663 [INFO] Running the workload 'CM_MLPERF_RUN_COUNT=$(cat ${CM_RUN_DIR}/count.txt); echo ${CM_MLPERF_RUN_COUNT}; CM_MLPERF_RUN_COUNT=$((CM_MLPERF_RUN_COUNT+1)); echo ${CM_MLPERF_RUN_COUNT} > ${CM_RUN_DIR}/count.txt && if [ ${CM_MLPERF_RUN_COUNT} -eq "1" ]; then export CM_MLPERF_USER_CONF=${CM_MLPERF_RANGING_USER_CONF}; else export CM_MLPERF_USER_CONF=${CM_MLPERF_TESTING_USER_CONF}; fi && /home/arjun/run.out'
client 2023-07-13 14:02:20,424 [INFO] Sending command to the server: 'time'
client 2023-07-13 14:02:20,429 [INFO] Got response: '1689253340.310185'
client 2023-07-13 14:02:20,429 [INFO] The time difference between the client and the server is within range 113.983 ms..119.323 ms
client 2023-07-13 14:02:20,429 [INFO] Sending command to the server: 'session,2023-07-13_13-56-49,stop,ranging'
client 2023-07-13 14:02:30,804 [INFO] Got response: 'OK'
client 2023-07-13 14:02:30,804 [INFO] Sending command to the server: 'time'
client 2023-07-13 14:02:30,807 [INFO] Got response: '1689253350.6959977'
client 2023-07-13 14:02:30,808 [INFO] The time difference between the client and the server is within range 108.790 ms..112.213 ms
client 2023-07-13 14:02:30,839 [INFO] Copying loadgen logs from '/home/arjun/mobilenet_results/valid_results/orin-tflite_armnn_cpp-cpu-armnn_tflite-v23.05-using_neon/mobilenet-v2-precision_uint8-1.0-224/singlestream/performance/run_1' to '/home/arjun/mobilenet_results/valid_results/orin-tflite_armnn_cpp-cpu-armnn_tflite-v23.05-using_neon/mobilenet-v2-precision_uint8-1.0-224/singlestream/performance/tmp_power/ranging'
client 2023-07-13 14:02:30,841 [INFO] Running workload in testing mode
client 2023-07-13 14:02:30,841 [INFO] Synchronizing with the server and with time.google.com...
client 2023-07-13 14:02:30,863 [INFO] NTP:offset = -0.004 s, delay = 0.017 s 
client 2023-07-13 14:02:30,863 [INFO] Sending command to the server: 'time'
client 2023-07-13 14:02:30,867 [INFO] Got response: '1689253350.7476811'
client 2023-07-13 14:02:30,867 [INFO] The time difference between the client and the server is within range 115.941 ms..119.741 ms
client 2023-07-13 14:02:30,867 [INFO] Sending command to the server: 'session,2023-07-13_13-56-49,start,testing'
client 2023-07-13 14:02:43,905 [INFO] Got response: 'OK'
client 2023-07-13 14:02:43,907 [INFO] Sending command to the server: 'time'
client 2023-07-13 14:02:43,911 [INFO] Got response: '1689253363.7933629'
client 2023-07-13 14:02:43,912 [INFO] The time difference between the client and the server is within range 113.635 ms..118.627 ms
client 2023-07-13 14:02:43,912 [INFO] Running the workload 'CM_MLPERF_RUN_COUNT=$(cat ${CM_RUN_DIR}/count.txt); echo ${CM_MLPERF_RUN_COUNT}; CM_MLPERF_RUN_COUNT=$((CM_MLPERF_RUN_COUNT+1)); echo ${CM_MLPERF_RUN_COUNT} > ${CM_RUN_DIR}/count.txt && if [ ${CM_MLPERF_RUN_COUNT} -eq "1" ]; then export CM_MLPERF_USER_CONF=${CM_MLPERF_RANGING_USER_CONF}; else export CM_MLPERF_USER_CONF=${CM_MLPERF_TESTING_USER_CONF}; fi && /home/arjun/run.out'
client 2023-07-13 14:12:47,050 [INFO] Sending command to the server: 'time'
client 2023-07-13 14:12:47,055 [INFO] Got response: '1689253966.927388'
client 2023-07-13 14:12:47,055 [INFO] The time difference between the client and the server is within range 122.600 ms..128.393 ms
client 2023-07-13 14:12:47,056 [INFO] Sending command to the server: 'session,2023-07-13_13-56-49,stop,testing'
client 2023-07-13 14:12:57,990 [INFO] Got response: 'OK'
client 2023-07-13 14:12:57,991 [INFO] Sending command to the server: 'time'
client 2023-07-13 14:12:57,995 [INFO] Got response: '1689253977.8699863'
client 2023-07-13 14:12:57,996 [INFO] The time difference between the client and the server is within range 121.276 ms..126.070 ms
client 2023-07-13 14:12:58,000 [INFO] Copying loadgen logs from '/home/arjun/mobilenet_results/valid_results/orin-tflite_armnn_cpp-cpu-armnn_tflite-v23.05-using_neon/mobilenet-v2-precision_uint8-1.0-224/singlestream/performance/run_1' to '/home/arjun/mobilenet_results/valid_results/orin-tflite_armnn_cpp-cpu-armnn_tflite-v23.05-using_neon/mobilenet-v2-precision_uint8-1.0-224/singlestream/performance/tmp_power/run_1'
client 2023-07-13 14:12:58,003 [INFO] Done runs
