client 2023-08-11 01:01:53,515 [INFO] Creating output directory '/home/arjun/mobilenet_results/valid_results/orin-tflite_cpp-cpu-tflite-vmaster-with_live_preprocessing/efficientnet-fp32-lite0/singlestream/performance/tmp_power'
client 2023-08-11 01:01:53,518 [INFO] Sending command to the server: 'mlcommons/power client v3'
client 2023-08-11 01:01:53,522 [INFO] Got response: 'mlcommons/power server v3'
client 2023-08-11 01:01:53,522 [INFO] Synchronizing with the server and with time.google.com...
client 2023-08-11 01:01:53,553 [INFO] NTP:offset = -0.000 s, delay = 0.016 s 
client 2023-08-11 01:01:53,553 [INFO] Sending command to the server: 'time'
client 2023-08-11 01:01:53,556 [INFO] Got response: '1691712113.4334605'
client 2023-08-11 01:01:53,556 [INFO] The time difference between the client and the server is within range 120.143 ms..123.447 ms
client 2023-08-11 01:01:53,556 [INFO] Sending command to the server: 'new,,018fa860-5419-4d5a-8ef3-b5aa14092511'
client 2023-08-11 01:01:53,560 [INFO] Got response: 'OK 2023-08-11_01-01-53,ded7e126-1a23-486a-ab71-14afcd4fc2c2'
client 2023-08-11 01:01:53,560 [INFO] Session id is '2023-08-11_01-01-53'
client 2023-08-11 01:01:53,560 [INFO] Sources: {"sources": {"__init__.py": "da39a3ee5e6b4b0d3255bfef95601890afd80709", "client.py": "33ca4f26368777ac06e01f9567b714a4b8063886", "lib/__init__.py": "da39a3ee5e6b4b0d3255bfef95601890afd80709", "lib/client.py": "ac2aa093c8e8bbc9569b9e2a3471bc64e58a2258", "lib/common.py": "611d8b29633d331eb19c9455ea3b5fa3284ed6df", "lib/external/__init__.py": "da39a3ee5e6b4b0d3255bfef95601890afd80709", "lib/external/ntplib.py": "4da8f970656505a40483206ef2b5d3dd5e81711d", "lib/server.py": "c7af63c31bb2fbedea4345f571f6e3507d268ada", "lib/source_hashes.py": "60a2e02193209e8d392803326208d5466342da18", "lib/summary.py": "aa92f0a3f975eecd44d3c0cd0236342ccc9f941d", "lib/time_sync.py": "80894ef2389e540781ff78de94db16aa4203a14e", "server.py": "c3f90f2f7eeb4db30727556d0c815ebc89b3d28b", "tests/unit/__init__.py": "da39a3ee5e6b4b0d3255bfef95601890afd80709", "tests/unit/test_server.py": "948c1995d4008bc2aa6c4046a34ffa3858d6d671", "tests/unit/test_source_hashes.py": "00468a2907583c593e6574a1f6b404e4651c221a"}, "modules": {"ptd_client_server.lib.client": "lib/client.py", "ptd_client_server.lib.common": "lib/common.py", "ptd_client_server.lib.external.ntplib": "lib/external/ntplib.py", "ptd_client_server.lib.source_hashes": "lib/source_hashes.py", "ptd_client_server.lib.summary": "lib/summary.py", "ptd_client_server.lib.time_sync": "lib/time_sync.py"}}
client 2023-08-11 01:01:53,560 [INFO] Running workload in ranging mode
client 2023-08-11 01:01:53,560 [INFO] Synchronizing with the server and with time.google.com...
client 2023-08-11 01:01:53,577 [INFO] NTP:offset = -0.000 s, delay = 0.015 s 
client 2023-08-11 01:01:53,577 [INFO] Sending command to the server: 'time'
client 2023-08-11 01:01:53,580 [INFO] Got response: '1691712113.4529474'
client 2023-08-11 01:01:53,580 [INFO] The time difference between the client and the server is within range 124.409 ms..127.175 ms
client 2023-08-11 01:01:53,580 [INFO] Sending command to the server: 'session,2023-08-11_01-01-53,start,ranging'
client 2023-08-11 01:02:22,275 [INFO] Got response: 'OK'
client 2023-08-11 01:02:22,275 [INFO] Sending command to the server: 'time'
client 2023-08-11 01:02:22,279 [INFO] Got response: '1691712142.1542757'
client 2023-08-11 01:02:22,280 [INFO] The time difference between the client and the server is within range 121.105 ms..125.724 ms
client 2023-08-11 01:02:22,280 [INFO] Running the workload 'CM_MLPERF_RUN_COUNT=$(cat ${CM_RUN_DIR}/count.txt); echo ${CM_MLPERF_RUN_COUNT}; CM_MLPERF_RUN_COUNT=$((CM_MLPERF_RUN_COUNT+1)); echo ${CM_MLPERF_RUN_COUNT} > ${CM_RUN_DIR}/count.txt && if [ ${CM_MLPERF_RUN_COUNT} -eq "1" ]; then export CM_MLPERF_USER_CONF=${CM_MLPERF_RANGING_USER_CONF}; else export CM_MLPERF_USER_CONF=${CM_MLPERF_TESTING_USER_CONF}; fi && /mount/CM/repos/ctuning@mlcommons-ck/cm-mlops/script/run-all-mlperf-models/run.out'
client 2023-08-11 01:07:23,776 [INFO] Sending command to the server: 'time'
client 2023-08-11 01:07:23,781 [INFO] Got response: '1691712443.646463'
client 2023-08-11 01:07:23,781 [INFO] The time difference between the client and the server is within range 129.489 ms..134.786 ms
client 2023-08-11 01:07:23,781 [INFO] Sending command to the server: 'session,2023-08-11_01-01-53,stop,ranging'
client 2023-08-11 01:07:34,730 [INFO] Got response: 'OK'
client 2023-08-11 01:07:34,730 [INFO] Sending command to the server: 'time'
client 2023-08-11 01:07:34,733 [INFO] Got response: '1691712454.604693'
client 2023-08-11 01:07:34,733 [INFO] The time difference between the client and the server is within range 125.943 ms..128.400 ms
client 2023-08-11 01:07:34,819 [INFO] Copying loadgen logs from '/home/arjun/mobilenet_results/valid_results/orin-tflite_cpp-cpu-tflite-vmaster-with_live_preprocessing/efficientnet-fp32-lite0/singlestream/performance/run_1' to '/home/arjun/mobilenet_results/valid_results/orin-tflite_cpp-cpu-tflite-vmaster-with_live_preprocessing/efficientnet-fp32-lite0/singlestream/performance/tmp_power/ranging'
client 2023-08-11 01:07:34,820 [INFO] Running workload in testing mode
client 2023-08-11 01:07:34,820 [INFO] Synchronizing with the server and with time.google.com...
client 2023-08-11 01:07:34,852 [INFO] NTP:offset = 0.002 s, delay = 0.020 s 
client 2023-08-11 01:07:34,852 [INFO] Sending command to the server: 'time'
client 2023-08-11 01:07:34,856 [INFO] Got response: '1691712454.7258847'
client 2023-08-11 01:07:34,856 [INFO] The time difference between the client and the server is within range 126.618 ms..130.376 ms
client 2023-08-11 01:07:34,856 [INFO] Sending command to the server: 'session,2023-08-11_01-01-53,start,testing'
client 2023-08-11 01:07:47,900 [INFO] Got response: 'OK'
client 2023-08-11 01:07:47,901 [INFO] Sending command to the server: 'time'
client 2023-08-11 01:07:47,968 [INFO] Got response: '1691712467.8339229'
client 2023-08-11 01:07:47,968 [INFO] The time difference between the client and the server is within range 67.096 ms..134.741 ms
client 2023-08-11 01:07:47,968 [INFO] Running the workload 'CM_MLPERF_RUN_COUNT=$(cat ${CM_RUN_DIR}/count.txt); echo ${CM_MLPERF_RUN_COUNT}; CM_MLPERF_RUN_COUNT=$((CM_MLPERF_RUN_COUNT+1)); echo ${CM_MLPERF_RUN_COUNT} > ${CM_RUN_DIR}/count.txt && if [ ${CM_MLPERF_RUN_COUNT} -eq "1" ]; then export CM_MLPERF_USER_CONF=${CM_MLPERF_RANGING_USER_CONF}; else export CM_MLPERF_USER_CONF=${CM_MLPERF_TESTING_USER_CONF}; fi && /mount/CM/repos/ctuning@mlcommons-ck/cm-mlops/script/run-all-mlperf-models/run.out'
client 2023-08-11 01:17:50,191 [INFO] Sending command to the server: 'time'
client 2023-08-11 01:17:50,195 [INFO] Got response: '1691713070.0624223'
client 2023-08-11 01:17:50,195 [INFO] The time difference between the client and the server is within range 128.654 ms..133.480 ms
client 2023-08-11 01:17:50,195 [INFO] Sending command to the server: 'session,2023-08-11_01-01-53,stop,testing'
client 2023-08-11 01:18:01,143 [INFO] Got response: 'OK'
client 2023-08-11 01:18:01,143 [INFO] Sending command to the server: 'time'
client 2023-08-11 01:18:01,159 [INFO] Got response: '1691713081.0234265'
client 2023-08-11 01:18:01,159 [INFO] The time difference between the client and the server is within range 120.453 ms..135.900 ms
client 2023-08-11 01:18:01,160 [INFO] Copying loadgen logs from '/home/arjun/mobilenet_results/valid_results/orin-tflite_cpp-cpu-tflite-vmaster-with_live_preprocessing/efficientnet-fp32-lite0/singlestream/performance/run_1' to '/home/arjun/mobilenet_results/valid_results/orin-tflite_cpp-cpu-tflite-vmaster-with_live_preprocessing/efficientnet-fp32-lite0/singlestream/performance/tmp_power/run_1'
client 2023-08-11 01:18:01,160 [INFO] Done runs
