client 2023-07-20 15:57:28,041 [INFO] Creating output directory '/home/arjun/mobilenet_results/valid_results/raspberrypi-tflite_armnn_cpp-cpu-armnn_tflite-v22.11-using_neon/mobilenet-v2-precision_float-0.5-224/singlestream/performance/tmp_power'
client 2023-07-20 15:57:28,046 [INFO] Sending command to the server: 'mlcommons/power client v3'
client 2023-07-20 15:57:28,052 [INFO] Got response: 'mlcommons/power server v3'
client 2023-07-20 15:57:28,052 [INFO] Synchronizing with the server and with time.google.com...
client 2023-07-20 15:57:28,101 [INFO] NTP:offset = 0.002 s, delay = 0.015 s 
client 2023-07-20 15:57:28,102 [INFO] Sending command to the server: 'time'
client 2023-07-20 15:57:28,107 [INFO] Got response: '1689865048.1506932'
client 2023-07-20 15:57:28,108 [INFO] The time difference between the client and the server is within range -48.175 ms..-42.737 ms
client 2023-07-20 15:57:28,108 [INFO] Sending command to the server: 'new,,d0aee660-7790-4aa4-a87f-bfe53fe7d652'
client 2023-07-20 15:57:28,114 [INFO] Got response: 'OK 2023-07-20_15-57-28,cb8302a7-a71e-4e64-bad9-231d372ddeda'
client 2023-07-20 15:57:28,114 [INFO] Session id is '2023-07-20_15-57-28'
client 2023-07-20 15:57:28,115 [INFO] Sources: {"sources": {"__init__.py": "da39a3ee5e6b4b0d3255bfef95601890afd80709", "client.py": "33ca4f26368777ac06e01f9567b714a4b8063886", "lib/__init__.py": "da39a3ee5e6b4b0d3255bfef95601890afd80709", "lib/client.py": "ac2aa093c8e8bbc9569b9e2a3471bc64e58a2258", "lib/common.py": "611d8b29633d331eb19c9455ea3b5fa3284ed6df", "lib/external/__init__.py": "da39a3ee5e6b4b0d3255bfef95601890afd80709", "lib/external/ntplib.py": "4da8f970656505a40483206ef2b5d3dd5e81711d", "lib/server.py": "c7af63c31bb2fbedea4345f571f6e3507d268ada", "lib/source_hashes.py": "60a2e02193209e8d392803326208d5466342da18", "lib/summary.py": "aa92f0a3f975eecd44d3c0cd0236342ccc9f941d", "lib/time_sync.py": "122eba67a9abc85635223e054def53be1367ade2", "server.py": "c3f90f2f7eeb4db30727556d0c815ebc89b3d28b", "tests/unit/__init__.py": "da39a3ee5e6b4b0d3255bfef95601890afd80709", "tests/unit/test_server.py": "948c1995d4008bc2aa6c4046a34ffa3858d6d671", "tests/unit/test_source_hashes.py": "00468a2907583c593e6574a1f6b404e4651c221a"}, "modules": {"ptd_client_server.lib.client": "lib/client.py", "ptd_client_server.lib.common": "lib/common.py", "ptd_client_server.lib.external.ntplib": "lib/external/ntplib.py", "ptd_client_server.lib.source_hashes": "lib/source_hashes.py", "ptd_client_server.lib.summary": "lib/summary.py", "ptd_client_server.lib.time_sync": "lib/time_sync.py"}}
client 2023-07-20 15:57:28,116 [INFO] Running workload in ranging mode
client 2023-07-20 15:57:28,116 [INFO] Synchronizing with the server and with time.google.com...
client 2023-07-20 15:57:28,149 [INFO] NTP:offset = 0.002 s, delay = 0.014 s 
client 2023-07-20 15:57:28,150 [INFO] Sending command to the server: 'time'
client 2023-07-20 15:57:28,155 [INFO] Got response: '1689865048.1915903'
client 2023-07-20 15:57:28,155 [INFO] The time difference between the client and the server is within range -41.630 ms..-35.814 ms
client 2023-07-20 15:57:28,156 [INFO] Sending command to the server: 'session,2023-07-20_15-57-28,start,ranging'
client 2023-07-20 15:57:56,891 [INFO] Got response: 'OK'
client 2023-07-20 15:57:56,891 [INFO] Sending command to the server: 'time'
client 2023-07-20 15:57:56,897 [INFO] Got response: '1689865076.9356167'
client 2023-07-20 15:57:56,897 [INFO] The time difference between the client and the server is within range -43.895 ms..-38.227 ms
client 2023-07-20 15:57:56,897 [INFO] Running the workload 'CM_MLPERF_RUN_COUNT=$(cat ${CM_RUN_DIR}/count.txt); echo ${CM_MLPERF_RUN_COUNT}; CM_MLPERF_RUN_COUNT=$((CM_MLPERF_RUN_COUNT+1)); echo ${CM_MLPERF_RUN_COUNT} > ${CM_RUN_DIR}/count.txt && if [ ${CM_MLPERF_RUN_COUNT} -eq "1" ]; then export CM_MLPERF_USER_CONF=${CM_MLPERF_RANGING_USER_CONF}; else export CM_MLPERF_USER_CONF=${CM_MLPERF_TESTING_USER_CONF}; fi && /home/arjun/run.out'
client 2023-07-20 16:03:10,264 [INFO] Sending command to the server: 'time'
client 2023-07-20 16:03:10,268 [INFO] Got response: '1689865390.307081'
client 2023-07-20 16:03:10,269 [INFO] The time difference between the client and the server is within range -42.871 ms..-37.971 ms
client 2023-07-20 16:03:10,269 [INFO] Sending command to the server: 'session,2023-07-20_15-57-28,stop,ranging'
client 2023-07-20 16:03:21,095 [INFO] Got response: 'OK'
client 2023-07-20 16:03:21,095 [INFO] Sending command to the server: 'time'
client 2023-07-20 16:03:21,099 [INFO] Got response: '1689865401.1394377'
client 2023-07-20 16:03:21,099 [INFO] The time difference between the client and the server is within range -43.802 ms..-39.577 ms
client 2023-07-20 16:03:21,133 [INFO] Copying loadgen logs from '/home/arjun/mobilenet_results/valid_results/raspberrypi-tflite_armnn_cpp-cpu-armnn_tflite-v22.11-using_neon/mobilenet-v2-precision_float-0.5-224/singlestream/performance/run_1' to '/home/arjun/mobilenet_results/valid_results/raspberrypi-tflite_armnn_cpp-cpu-armnn_tflite-v22.11-using_neon/mobilenet-v2-precision_float-0.5-224/singlestream/performance/tmp_power/ranging'
client 2023-07-20 16:03:21,137 [INFO] Running workload in testing mode
client 2023-07-20 16:03:21,137 [INFO] Synchronizing with the server and with time.google.com...
client 2023-07-20 16:03:21,178 [INFO] NTP:offset = -0.000 s, delay = 0.019 s 
client 2023-07-20 16:03:21,179 [INFO] Sending command to the server: 'time'
client 2023-07-20 16:03:21,184 [INFO] Got response: '1689865401.2215705'
client 2023-07-20 16:03:21,185 [INFO] The time difference between the client and the server is within range -42.194 ms..-36.280 ms
client 2023-07-20 16:03:21,185 [INFO] Sending command to the server: 'session,2023-07-20_15-57-28,start,testing'
client 2023-07-20 16:03:34,223 [INFO] Got response: 'OK'
client 2023-07-20 16:03:34,224 [INFO] Sending command to the server: 'time'
client 2023-07-20 16:03:34,228 [INFO] Got response: '1689865414.2636523'
client 2023-07-20 16:03:34,229 [INFO] The time difference between the client and the server is within range -39.682 ms..-34.385 ms
client 2023-07-20 16:03:34,229 [INFO] Running the workload 'CM_MLPERF_RUN_COUNT=$(cat ${CM_RUN_DIR}/count.txt); echo ${CM_MLPERF_RUN_COUNT}; CM_MLPERF_RUN_COUNT=$((CM_MLPERF_RUN_COUNT+1)); echo ${CM_MLPERF_RUN_COUNT} > ${CM_RUN_DIR}/count.txt && if [ ${CM_MLPERF_RUN_COUNT} -eq "1" ]; then export CM_MLPERF_USER_CONF=${CM_MLPERF_RANGING_USER_CONF}; else export CM_MLPERF_USER_CONF=${CM_MLPERF_TESTING_USER_CONF}; fi && /home/arjun/run.out'
client 2023-07-20 16:13:50,269 [INFO] Sending command to the server: 'time'
client 2023-07-20 16:13:50,274 [INFO] Got response: '1689866030.3036754'
client 2023-07-20 16:13:50,274 [INFO] The time difference between the client and the server is within range -34.634 ms..-29.029 ms
client 2023-07-20 16:13:50,274 [INFO] Sending command to the server: 'session,2023-07-20_15-57-28,stop,testing'
client 2023-07-20 16:14:01,306 [INFO] Got response: 'OK'
client 2023-07-20 16:14:01,307 [INFO] Sending command to the server: 'time'
client 2023-07-20 16:14:01,311 [INFO] Got response: '1689866041.3449998'
client 2023-07-20 16:14:01,311 [INFO] The time difference between the client and the server is within range -37.543 ms..-33.144 ms
client 2023-07-20 16:14:01,317 [INFO] Copying loadgen logs from '/home/arjun/mobilenet_results/valid_results/raspberrypi-tflite_armnn_cpp-cpu-armnn_tflite-v22.11-using_neon/mobilenet-v2-precision_float-0.5-224/singlestream/performance/run_1' to '/home/arjun/mobilenet_results/valid_results/raspberrypi-tflite_armnn_cpp-cpu-armnn_tflite-v22.11-using_neon/mobilenet-v2-precision_float-0.5-224/singlestream/performance/tmp_power/run_1'
client 2023-07-20 16:14:01,321 [INFO] Done runs
