client 2023-08-10 14:32:22,508 [INFO] Creating output directory '/home/krai/work_collection/generated_by_power_measurement_on_run_cb1df5c07de04be0a2f717d72f795eba/power_logs'
client 2023-08-10 14:32:22,510 [INFO] Sending command to the server: 'mlcommons/power client v3'
client 2023-08-10 14:32:22,511 [INFO] Got response: 'mlcommons/power server v3'
client 2023-08-10 14:32:22,511 [INFO] Synchronizing with the server and with time.google.com...
client 2023-08-10 14:32:22,602 [INFO] NTP:offset = -0.004 s, delay = 0.086 s 
client 2023-08-10 14:32:22,602 [INFO] Sending command to the server: 'time'
client 2023-08-10 14:32:22,603 [INFO] Got response: '1691695942.5991852'
client 2023-08-10 14:32:22,604 [INFO] The time difference between the client and the server is within range 3.324 ms..4.810 ms
client 2023-08-10 14:32:22,604 [INFO] Sending command to the server: 'new,,cb7eeabd-5162-4825-b255-1c55ff4ced9a'
client 2023-08-10 14:32:22,605 [INFO] Got response: 'OK 2023-08-10_14-32-22,474ab1f9-95e9-4ffd-a4a4-457bc6fbda28'
client 2023-08-10 14:32:22,605 [INFO] Session id is '2023-08-10_14-32-22'
client 2023-08-10 14:32:22,605 [INFO] Sources: {"sources": {"__init__.py": "da39a3ee5e6b4b0d3255bfef95601890afd80709", "client.py": "33ca4f26368777ac06e01f9567b714a4b8063886", "lib/__init__.py": "da39a3ee5e6b4b0d3255bfef95601890afd80709", "lib/client.py": "ac2aa093c8e8bbc9569b9e2a3471bc64e58a2258", "lib/common.py": "611d8b29633d331eb19c9455ea3b5fa3284ed6df", "lib/external/__init__.py": "da39a3ee5e6b4b0d3255bfef95601890afd80709", "lib/external/ntplib.py": "4da8f970656505a40483206ef2b5d3dd5e81711d", "lib/server.py": "c7af63c31bb2fbedea4345f571f6e3507d268ada", "lib/source_hashes.py": "60a2e02193209e8d392803326208d5466342da18", "lib/summary.py": "aa92f0a3f975eecd44d3c0cd0236342ccc9f941d", "lib/time_sync.py": "80894ef2389e540781ff78de94db16aa4203a14e", "server.py": "c3f90f2f7eeb4db30727556d0c815ebc89b3d28b", "tests/unit/__init__.py": "da39a3ee5e6b4b0d3255bfef95601890afd80709", "tests/unit/test_server.py": "948c1995d4008bc2aa6c4046a34ffa3858d6d671", "tests/unit/test_source_hashes.py": "00468a2907583c593e6574a1f6b404e4651c221a"}, "modules": {"ptd_client_server.lib.client": "lib/client.py", "ptd_client_server.lib.common": "lib/common.py", "ptd_client_server.lib.external.ntplib": "lib/external/ntplib.py", "ptd_client_server.lib.source_hashes": "lib/source_hashes.py", "ptd_client_server.lib.summary": "lib/summary.py", "ptd_client_server.lib.time_sync": "lib/time_sync.py"}}
client 2023-08-10 14:32:22,606 [INFO] Running workload in ranging mode
client 2023-08-10 14:32:22,606 [INFO] Synchronizing with the server and with time.google.com...
client 2023-08-10 14:32:22,693 [INFO] NTP:offset = -0.001 s, delay = 0.086 s 
client 2023-08-10 14:32:22,693 [INFO] Sending command to the server: 'time'
client 2023-08-10 14:32:22,694 [INFO] Got response: '1691695942.690056'
client 2023-08-10 14:32:22,694 [INFO] The time difference between the client and the server is within range 3.420 ms..4.768 ms
client 2023-08-10 14:32:22,694 [INFO] Sending command to the server: 'session,2023-08-10_14-32-22,start,ranging'
client 2023-08-10 14:32:51,800 [INFO] Got response: 'OK'
client 2023-08-10 14:32:51,801 [INFO] Sending command to the server: 'time'
client 2023-08-10 14:32:51,802 [INFO] Got response: '1691695971.7976408'
client 2023-08-10 14:32:51,802 [INFO] The time difference between the client and the server is within range 3.443 ms..5.153 ms
client 2023-08-10 14:32:51,802 [INFO] Running the workload 'axs byquery loadgen_output,image_classifier,sut_name=q5e_pro_edge,model_name=resnet50,framework=kilt,loadgen_dataset_size=50000,loadgen_buffer_size=1024,device=qaic,loadgen_mode=PerformanceOnly,loadgen_compliance_test-,loadgen_scenario=Offline,_with_power+,symlink_to=/home/krai/work_collection/generated_by_power_measurement_on_run_cb1df5c07de04be0a2f717d72f795eba/last_mlperf_logs,power_client_entrydic_path=/home/krai/work_collection/generated_by_power_measurement_on_run_cb1df5c07de04be0a2f717d72f795eba/program_output.json'
client 2023-08-10 14:44:07,729 [INFO] Sending command to the server: 'time'
client 2023-08-10 14:44:07,730 [INFO] Got response: '1691696647.7271416'
client 2023-08-10 14:44:07,730 [INFO] The time difference between the client and the server is within range 1.787 ms..3.566 ms
client 2023-08-10 14:44:07,730 [INFO] Sending command to the server: 'session,2023-08-10_14-32-22,stop,ranging'
client 2023-08-10 14:44:17,839 [INFO] Got response: 'OK'
client 2023-08-10 14:44:17,839 [INFO] Sending command to the server: 'time'
client 2023-08-10 14:44:17,840 [INFO] Got response: '1691696657.8368874'
client 2023-08-10 14:44:17,840 [INFO] The time difference between the client and the server is within range 2.703 ms..3.347 ms
client 2023-08-10 14:44:17,845 [INFO] Copying loadgen logs from '/home/krai/work_collection/generated_by_power_measurement_on_run_cb1df5c07de04be0a2f717d72f795eba/last_mlperf_logs' to '/home/krai/work_collection/generated_by_power_measurement_on_run_cb1df5c07de04be0a2f717d72f795eba/power_logs/ranging'
client 2023-08-10 14:44:17,846 [INFO] Running workload in testing mode
client 2023-08-10 14:44:17,846 [INFO] Synchronizing with the server and with time.google.com...
client 2023-08-10 14:44:17,968 [INFO] NTP:offset = 0.016 s, delay = 0.120 s 
client 2023-08-10 14:44:17,968 [INFO] Sending command to the server: 'time'
client 2023-08-10 14:44:17,969 [INFO] Got response: '1691696657.966446'
client 2023-08-10 14:44:17,969 [INFO] The time difference between the client and the server is within range 2.085 ms..3.514 ms
client 2023-08-10 14:44:17,970 [INFO] Sending command to the server: 'session,2023-08-10_14-32-22,start,testing'
client 2023-08-10 14:44:30,987 [INFO] Got response: 'OK'
client 2023-08-10 14:44:30,987 [INFO] Sending command to the server: 'time'
client 2023-08-10 14:44:30,989 [INFO] Got response: '1691696670.9857512'
client 2023-08-10 14:44:30,989 [INFO] The time difference between the client and the server is within range 2.116 ms..3.628 ms
client 2023-08-10 14:44:30,989 [INFO] Running the workload 'axs byquery loadgen_output,image_classifier,sut_name=q5e_pro_edge,model_name=resnet50,framework=kilt,loadgen_dataset_size=50000,loadgen_buffer_size=1024,device=qaic,loadgen_mode=PerformanceOnly,loadgen_compliance_test-,loadgen_scenario=Offline,_with_power+,symlink_to=/home/krai/work_collection/generated_by_power_measurement_on_run_cb1df5c07de04be0a2f717d72f795eba/last_mlperf_logs,power_client_entrydic_path=/home/krai/work_collection/generated_by_power_measurement_on_run_cb1df5c07de04be0a2f717d72f795eba/program_output.json'
client 2023-08-10 14:55:46,955 [INFO] Sending command to the server: 'time'
client 2023-08-10 14:55:46,956 [INFO] Got response: '1691697346.9551237'
client 2023-08-10 14:55:46,957 [INFO] The time difference between the client and the server is within range -0.193 ms..1.932 ms
client 2023-08-10 14:55:46,957 [INFO] Sending command to the server: 'session,2023-08-10_14-32-22,stop,testing'
client 2023-08-10 14:55:56,994 [INFO] Got response: 'OK'
client 2023-08-10 14:55:56,994 [INFO] Sending command to the server: 'time'
client 2023-08-10 14:55:56,995 [INFO] Got response: '1691697356.9937658'
client 2023-08-10 14:55:56,995 [INFO] The time difference between the client and the server is within range 0.715 ms..1.450 ms
client 2023-08-10 14:55:56,996 [INFO] Copying loadgen logs from '/home/krai/work_collection/generated_by_power_measurement_on_run_cb1df5c07de04be0a2f717d72f795eba/last_mlperf_logs' to '/home/krai/work_collection/generated_by_power_measurement_on_run_cb1df5c07de04be0a2f717d72f795eba/power_logs/run_1'
client 2023-08-10 14:55:56,997 [INFO] Done runs
