client 2023-08-08 06:08:26,120 [INFO] Creating output directory '/home/krai/work_collection/generated_by_power_measurement_on_run_c2f47439e6964cd8a70d8b77924e1db8/power_logs'
client 2023-08-08 06:08:26,121 [INFO] Sending command to the server: 'mlcommons/power client v3'
client 2023-08-08 06:08:26,122 [INFO] Got response: 'mlcommons/power server v3'
client 2023-08-08 06:08:26,122 [INFO] Synchronizing with the server and with time.google.com...
client 2023-08-08 06:08:26,261 [INFO] NTP:offset = -0.003 s, delay = 0.071 s 
client 2023-08-08 06:08:26,261 [INFO] Sending command to the server: 'time'
client 2023-08-08 06:08:26,263 [INFO] Got response: '1691492906.261332'
client 2023-08-08 06:08:26,263 [INFO] The time difference between the client and the server is within range 0.498 ms..2.203 ms
client 2023-08-08 06:08:26,263 [INFO] Sending command to the server: 'new,,a4a35962-97bd-4d19-aa47-cdbc83e0d61d'
client 2023-08-08 06:08:26,265 [INFO] Got response: 'OK 2023-08-08_06-08-26,f1057ad2-de95-4593-8c84-63680361f133'
client 2023-08-08 06:08:26,265 [INFO] Session id is '2023-08-08_06-08-26'
client 2023-08-08 06:08:26,265 [INFO] Sources: {"sources": {"__init__.py": "da39a3ee5e6b4b0d3255bfef95601890afd80709", "client.py": "33ca4f26368777ac06e01f9567b714a4b8063886", "lib/__init__.py": "da39a3ee5e6b4b0d3255bfef95601890afd80709", "lib/client.py": "ac2aa093c8e8bbc9569b9e2a3471bc64e58a2258", "lib/common.py": "611d8b29633d331eb19c9455ea3b5fa3284ed6df", "lib/external/__init__.py": "da39a3ee5e6b4b0d3255bfef95601890afd80709", "lib/external/ntplib.py": "4da8f970656505a40483206ef2b5d3dd5e81711d", "lib/server.py": "c7af63c31bb2fbedea4345f571f6e3507d268ada", "lib/source_hashes.py": "60a2e02193209e8d392803326208d5466342da18", "lib/summary.py": "aa92f0a3f975eecd44d3c0cd0236342ccc9f941d", "lib/time_sync.py": "80894ef2389e540781ff78de94db16aa4203a14e", "server.py": "c3f90f2f7eeb4db30727556d0c815ebc89b3d28b", "tests/unit/__init__.py": "da39a3ee5e6b4b0d3255bfef95601890afd80709", "tests/unit/test_server.py": "948c1995d4008bc2aa6c4046a34ffa3858d6d671", "tests/unit/test_source_hashes.py": "00468a2907583c593e6574a1f6b404e4651c221a"}, "modules": {"ptd_client_server.lib.client": "lib/client.py", "ptd_client_server.lib.common": "lib/common.py", "ptd_client_server.lib.external.ntplib": "lib/external/ntplib.py", "ptd_client_server.lib.source_hashes": "lib/source_hashes.py", "ptd_client_server.lib.summary": "lib/summary.py", "ptd_client_server.lib.time_sync": "lib/time_sync.py"}}
client 2023-08-08 06:08:26,266 [INFO] Running workload in ranging mode
client 2023-08-08 06:08:26,266 [INFO] Synchronizing with the server and with time.google.com...
client 2023-08-08 06:08:26,337 [INFO] NTP:offset = 0.002 s, delay = 0.069 s 
client 2023-08-08 06:08:26,337 [INFO] Sending command to the server: 'time'
client 2023-08-08 06:08:26,339 [INFO] Got response: '1691492906.337061'
client 2023-08-08 06:08:26,339 [INFO] The time difference between the client and the server is within range 0.481 ms..2.188 ms
client 2023-08-08 06:08:26,339 [INFO] Sending command to the server: 'session,2023-08-08_06-08-26,start,ranging'
client 2023-08-08 06:08:55,850 [INFO] Got response: 'OK'
client 2023-08-08 06:08:55,850 [INFO] Sending command to the server: 'time'
client 2023-08-08 06:08:55,851 [INFO] Got response: '1691492935.849914'
client 2023-08-08 06:08:55,852 [INFO] The time difference between the client and the server is within range 0.607 ms..2.199 ms
client 2023-08-08 06:08:55,852 [INFO] Running the workload 'axs byquery loadgen_output,image_classifier,model_name=resnet50,framework=kilt,device=qaic,sut_name=se450_q4_std,loadgen_mode=PerformanceOnly,loadgen_scenario=SingleStream,loadgen_compliance_test-,_with_power+,symlink_to=/home/krai/work_collection/generated_by_power_measurement_on_run_c2f47439e6964cd8a70d8b77924e1db8/last_mlperf_logs,power_client_entrydic_path=/home/krai/work_collection/generated_by_power_measurement_on_run_c2f47439e6964cd8a70d8b77924e1db8/program_output.json'
client 2023-08-08 06:20:14,815 [INFO] Sending command to the server: 'time'
client 2023-08-08 06:20:14,817 [INFO] Got response: '1691493614.8153563'
client 2023-08-08 06:20:14,817 [INFO] The time difference between the client and the server is within range -0.356 ms..2.057 ms
client 2023-08-08 06:20:14,817 [INFO] Sending command to the server: 'session,2023-08-08_06-08-26,stop,ranging'
client 2023-08-08 06:20:24,872 [INFO] Got response: 'OK'
client 2023-08-08 06:20:24,872 [INFO] Sending command to the server: 'time'
client 2023-08-08 06:20:24,873 [INFO] Got response: '1691493624.8715856'
client 2023-08-08 06:20:24,873 [INFO] The time difference between the client and the server is within range 0.837 ms..1.802 ms
client 2023-08-08 06:20:24,884 [INFO] Copying loadgen logs from '/home/krai/work_collection/generated_by_power_measurement_on_run_c2f47439e6964cd8a70d8b77924e1db8/last_mlperf_logs' to '/home/krai/work_collection/generated_by_power_measurement_on_run_c2f47439e6964cd8a70d8b77924e1db8/power_logs/ranging'
client 2023-08-08 06:20:24,885 [INFO] Running workload in testing mode
client 2023-08-08 06:20:24,885 [INFO] Synchronizing with the server and with time.google.com...
client 2023-08-08 06:20:24,975 [INFO] NTP:offset = -0.000 s, delay = 0.088 s 
client 2023-08-08 06:20:24,975 [INFO] Sending command to the server: 'time'
client 2023-08-08 06:20:24,977 [INFO] Got response: '1691493624.975589'
client 2023-08-08 06:20:24,977 [INFO] The time difference between the client and the server is within range 0.325 ms..2.081 ms
client 2023-08-08 06:20:24,977 [INFO] Sending command to the server: 'session,2023-08-08_06-08-26,start,testing'
client 2023-08-08 06:20:37,995 [INFO] Got response: 'OK'
client 2023-08-08 06:20:37,995 [INFO] Sending command to the server: 'time'
client 2023-08-08 06:20:37,997 [INFO] Got response: '1691493637.9954593'
client 2023-08-08 06:20:37,997 [INFO] The time difference between the client and the server is within range 0.352 ms..2.030 ms
client 2023-08-08 06:20:37,997 [INFO] Running the workload 'axs byquery loadgen_output,image_classifier,model_name=resnet50,framework=kilt,device=qaic,sut_name=se450_q4_std,loadgen_mode=PerformanceOnly,loadgen_scenario=SingleStream,loadgen_compliance_test-,_with_power+,symlink_to=/home/krai/work_collection/generated_by_power_measurement_on_run_c2f47439e6964cd8a70d8b77924e1db8/last_mlperf_logs,power_client_entrydic_path=/home/krai/work_collection/generated_by_power_measurement_on_run_c2f47439e6964cd8a70d8b77924e1db8/program_output.json'
client 2023-08-08 06:30:47,094 [INFO] Sending command to the server: 'time'
client 2023-08-08 06:30:47,096 [INFO] Got response: '1691494247.0946603'
client 2023-08-08 06:30:47,096 [INFO] The time difference between the client and the server is within range -0.303 ms..1.949 ms
client 2023-08-08 06:30:47,096 [INFO] Sending command to the server: 'session,2023-08-08_06-08-26,stop,testing'
client 2023-08-08 06:30:58,003 [INFO] Got response: 'OK'
client 2023-08-08 06:30:58,003 [INFO] Sending command to the server: 'time'
client 2023-08-08 06:30:58,004 [INFO] Got response: '1691494258.0033123'
client 2023-08-08 06:30:58,005 [INFO] The time difference between the client and the server is within range 0.500 ms..1.826 ms
client 2023-08-08 06:30:58,007 [INFO] Copying loadgen logs from '/home/krai/work_collection/generated_by_power_measurement_on_run_c2f47439e6964cd8a70d8b77924e1db8/last_mlperf_logs' to '/home/krai/work_collection/generated_by_power_measurement_on_run_c2f47439e6964cd8a70d8b77924e1db8/power_logs/run_1'
client 2023-08-08 06:30:58,008 [INFO] Done runs
