client 2023-08-14 15:04:23,290 [INFO] Creating output directory '/home/krai/work_collection/generated_by_power_measurement_on_run_666f412c5f30460c8d1255b19b800252/power_logs'
client 2023-08-14 15:04:23,291 [INFO] Sending command to the server: 'mlcommons/power client v3'
client 2023-08-14 15:04:23,292 [INFO] Got response: 'mlcommons/power server v3'
client 2023-08-14 15:04:23,292 [INFO] Synchronizing with the server and with time.google.com...
client 2023-08-14 15:04:23,380 [INFO] NTP:offset = 0.008 s, delay = 0.086 s 
client 2023-08-14 15:04:23,380 [INFO] Sending command to the server: 'time'
client 2023-08-14 15:04:23,382 [INFO] Got response: '1692043463.390506'
client 2023-08-14 15:04:23,382 [INFO] The time difference between the client and the server is within range -9.610 ms..-8.218 ms
client 2023-08-14 15:04:23,382 [INFO] Sending command to the server: 'new,,da9608ca-4998-481a-b905-59248a3c51e0'
client 2023-08-14 15:04:23,383 [INFO] Got response: 'OK 2023-08-14_15-04-23,00bb95d2-66a4-40d0-b975-e648d562e43e'
client 2023-08-14 15:04:23,384 [INFO] Session id is '2023-08-14_15-04-23'
client 2023-08-14 15:04:23,384 [INFO] Sources: {"sources": {"__init__.py": "da39a3ee5e6b4b0d3255bfef95601890afd80709", "client.py": "33ca4f26368777ac06e01f9567b714a4b8063886", "lib/__init__.py": "da39a3ee5e6b4b0d3255bfef95601890afd80709", "lib/client.py": "ac2aa093c8e8bbc9569b9e2a3471bc64e58a2258", "lib/common.py": "611d8b29633d331eb19c9455ea3b5fa3284ed6df", "lib/external/__init__.py": "da39a3ee5e6b4b0d3255bfef95601890afd80709", "lib/external/ntplib.py": "4da8f970656505a40483206ef2b5d3dd5e81711d", "lib/server.py": "c7af63c31bb2fbedea4345f571f6e3507d268ada", "lib/source_hashes.py": "60a2e02193209e8d392803326208d5466342da18", "lib/summary.py": "aa92f0a3f975eecd44d3c0cd0236342ccc9f941d", "lib/time_sync.py": "80894ef2389e540781ff78de94db16aa4203a14e", "server.py": "c3f90f2f7eeb4db30727556d0c815ebc89b3d28b", "tests/unit/__init__.py": "da39a3ee5e6b4b0d3255bfef95601890afd80709", "tests/unit/test_server.py": "948c1995d4008bc2aa6c4046a34ffa3858d6d671", "tests/unit/test_source_hashes.py": "00468a2907583c593e6574a1f6b404e4651c221a"}, "modules": {"ptd_client_server.lib.client": "lib/client.py", "ptd_client_server.lib.common": "lib/common.py", "ptd_client_server.lib.external.ntplib": "lib/external/ntplib.py", "ptd_client_server.lib.source_hashes": "lib/source_hashes.py", "ptd_client_server.lib.summary": "lib/summary.py", "ptd_client_server.lib.time_sync": "lib/time_sync.py"}}
client 2023-08-14 15:04:23,384 [INFO] Running workload in ranging mode
client 2023-08-14 15:04:23,384 [INFO] Synchronizing with the server and with time.google.com...
client 2023-08-14 15:04:23,475 [INFO] NTP:offset = 0.005 s, delay = 0.090 s 
client 2023-08-14 15:04:23,475 [INFO] Sending command to the server: 'time'
client 2023-08-14 15:04:23,477 [INFO] Got response: '1692043463.4855416'
client 2023-08-14 15:04:23,477 [INFO] The time difference between the client and the server is within range -9.639 ms..-8.243 ms
client 2023-08-14 15:04:23,477 [INFO] Sending command to the server: 'session,2023-08-14_15-04-23,start,ranging'
client 2023-08-14 15:04:52,553 [INFO] Got response: 'OK'
client 2023-08-14 15:04:52,553 [INFO] Sending command to the server: 'time'
client 2023-08-14 15:04:52,554 [INFO] Got response: '1692043492.563058'
client 2023-08-14 15:04:52,554 [INFO] The time difference between the client and the server is within range -9.607 ms..-8.214 ms
client 2023-08-14 15:04:52,554 [INFO] Running the workload 'axs byquery loadgen_output,object_detection,sut_name=q5e_pro_edge,model_name=retinanet,framework=kilt,loadgen_dataset_size=24781,loadgen_buffer_size=64,device=qaic,loadgen_mode=PerformanceOnly,loadgen_compliance_test-,loadgen_scenario=SingleStream,_with_power+,symlink_to=/home/krai/work_collection/generated_by_power_measurement_on_run_666f412c5f30460c8d1255b19b800252/last_mlperf_logs,power_client_entrydic_path=/home/krai/work_collection/generated_by_power_measurement_on_run_666f412c5f30460c8d1255b19b800252/program_output.json'
client 2023-08-14 15:14:56,981 [INFO] Sending command to the server: 'time'
client 2023-08-14 15:14:56,982 [INFO] Got response: '1692044096.9915156'
client 2023-08-14 15:14:56,983 [INFO] The time difference between the client and the server is within range -10.308 ms..-8.421 ms
client 2023-08-14 15:14:56,983 [INFO] Sending command to the server: 'session,2023-08-14_15-04-23,stop,ranging'
client 2023-08-14 15:15:07,599 [INFO] Got response: 'OK'
client 2023-08-14 15:15:07,599 [INFO] Sending command to the server: 'time'
client 2023-08-14 15:15:07,599 [INFO] Got response: '1692044107.6084168'
client 2023-08-14 15:15:07,599 [INFO] The time difference between the client and the server is within range -9.246 ms..-8.661 ms
client 2023-08-14 15:15:07,605 [INFO] Copying loadgen logs from '/home/krai/work_collection/generated_by_power_measurement_on_run_666f412c5f30460c8d1255b19b800252/last_mlperf_logs' to '/home/krai/work_collection/generated_by_power_measurement_on_run_666f412c5f30460c8d1255b19b800252/power_logs/ranging'
client 2023-08-14 15:15:07,606 [INFO] Running workload in testing mode
client 2023-08-14 15:15:07,606 [INFO] Synchronizing with the server and with time.google.com...
client 2023-08-14 15:15:07,700 [INFO] NTP:offset = 0.007 s, delay = 0.093 s 
client 2023-08-14 15:15:07,700 [INFO] Sending command to the server: 'time'
client 2023-08-14 15:15:07,701 [INFO] Got response: '1692044107.7103105'
client 2023-08-14 15:15:07,702 [INFO] The time difference between the client and the server is within range -9.887 ms..-8.309 ms
client 2023-08-14 15:15:07,702 [INFO] Sending command to the server: 'session,2023-08-14_15-04-23,start,testing'
client 2023-08-14 15:15:20,719 [INFO] Got response: 'OK'
client 2023-08-14 15:15:20,719 [INFO] Sending command to the server: 'time'
client 2023-08-14 15:15:20,720 [INFO] Got response: '1692044120.7294772'
client 2023-08-14 15:15:20,721 [INFO] The time difference between the client and the server is within range -9.776 ms..-8.462 ms
client 2023-08-14 15:15:20,721 [INFO] Running the workload 'axs byquery loadgen_output,object_detection,sut_name=q5e_pro_edge,model_name=retinanet,framework=kilt,loadgen_dataset_size=24781,loadgen_buffer_size=64,device=qaic,loadgen_mode=PerformanceOnly,loadgen_compliance_test-,loadgen_scenario=SingleStream,_with_power+,symlink_to=/home/krai/work_collection/generated_by_power_measurement_on_run_666f412c5f30460c8d1255b19b800252/last_mlperf_logs,power_client_entrydic_path=/home/krai/work_collection/generated_by_power_measurement_on_run_666f412c5f30460c8d1255b19b800252/program_output.json'
client 2023-08-14 15:25:25,195 [INFO] Sending command to the server: 'time'
client 2023-08-14 15:25:25,197 [INFO] Got response: '1692044725.2056015'
client 2023-08-14 15:25:25,197 [INFO] The time difference between the client and the server is within range -10.322 ms..-8.253 ms
client 2023-08-14 15:25:25,197 [INFO] Sending command to the server: 'session,2023-08-14_15-04-23,stop,testing'
client 2023-08-14 15:25:35,727 [INFO] Got response: 'OK'
client 2023-08-14 15:25:35,727 [INFO] Sending command to the server: 'time'
client 2023-08-14 15:25:35,728 [INFO] Got response: '1692044735.7372763'
client 2023-08-14 15:25:35,728 [INFO] The time difference between the client and the server is within range -9.389 ms..-8.773 ms
client 2023-08-14 15:25:35,729 [INFO] Copying loadgen logs from '/home/krai/work_collection/generated_by_power_measurement_on_run_666f412c5f30460c8d1255b19b800252/last_mlperf_logs' to '/home/krai/work_collection/generated_by_power_measurement_on_run_666f412c5f30460c8d1255b19b800252/power_logs/run_1'
client 2023-08-14 15:25:35,730 [INFO] Done runs
