client 2023-07-13 07:02:19,433 [INFO] Creating output directory '/home/arjun/mobilenet_results/valid_results/orin-tflite_armnn_cpp-cpu-armnn_tflite-v23.05-using_neon/efficientnet-int8-lite0/singlestream/performance/tmp_power'
client 2023-07-13 07:02:19,438 [INFO] Sending command to the server: 'mlcommons/power client v3'
client 2023-07-13 07:02:19,441 [INFO] Got response: 'mlcommons/power server v3'
client 2023-07-13 07:02:19,441 [INFO] Synchronizing with the server and with time.google.com...
client 2023-07-13 07:02:19,462 [INFO] NTP:offset = -0.005 s, delay = 0.016 s 
client 2023-07-13 07:02:19,462 [INFO] Sending command to the server: 'time'
client 2023-07-13 07:02:19,465 [INFO] Got response: '1689228139.4175448'
client 2023-07-13 07:02:19,465 [INFO] The time difference between the client and the server is within range 45.078 ms..48.134 ms
client 2023-07-13 07:02:19,465 [INFO] Sending command to the server: 'new,,2fcda472-0057-43d5-80f4-bbb5fa6d6cf2'
client 2023-07-13 07:02:19,469 [INFO] Got response: 'OK 2023-07-13_07-02-19,13d0779e-e686-4004-96e9-9ca5ae23c34b'
client 2023-07-13 07:02:19,469 [INFO] Session id is '2023-07-13_07-02-19'
client 2023-07-13 07:02:19,469 [INFO] Sources: {"sources": {"__init__.py": "da39a3ee5e6b4b0d3255bfef95601890afd80709", "client.py": "33ca4f26368777ac06e01f9567b714a4b8063886", "lib/__init__.py": "da39a3ee5e6b4b0d3255bfef95601890afd80709", "lib/client.py": "ac2aa093c8e8bbc9569b9e2a3471bc64e58a2258", "lib/common.py": "611d8b29633d331eb19c9455ea3b5fa3284ed6df", "lib/external/__init__.py": "da39a3ee5e6b4b0d3255bfef95601890afd80709", "lib/external/ntplib.py": "4da8f970656505a40483206ef2b5d3dd5e81711d", "lib/server.py": "c7af63c31bb2fbedea4345f571f6e3507d268ada", "lib/source_hashes.py": "60a2e02193209e8d392803326208d5466342da18", "lib/summary.py": "aa92f0a3f975eecd44d3c0cd0236342ccc9f941d", "lib/time_sync.py": "122eba67a9abc85635223e054def53be1367ade2", "server.py": "c3f90f2f7eeb4db30727556d0c815ebc89b3d28b", "tests/unit/__init__.py": "da39a3ee5e6b4b0d3255bfef95601890afd80709", "tests/unit/test_server.py": "948c1995d4008bc2aa6c4046a34ffa3858d6d671", "tests/unit/test_source_hashes.py": "00468a2907583c593e6574a1f6b404e4651c221a"}, "modules": {"ptd_client_server.lib.client": "lib/client.py", "ptd_client_server.lib.common": "lib/common.py", "ptd_client_server.lib.external.ntplib": "lib/external/ntplib.py", "ptd_client_server.lib.source_hashes": "lib/source_hashes.py", "ptd_client_server.lib.summary": "lib/summary.py", "ptd_client_server.lib.time_sync": "lib/time_sync.py"}}
client 2023-07-13 07:02:19,470 [INFO] Running workload in ranging mode
client 2023-07-13 07:02:19,470 [INFO] Synchronizing with the server and with time.google.com...
client 2023-07-13 07:02:19,485 [INFO] NTP:offset = -0.005 s, delay = 0.015 s 
client 2023-07-13 07:02:19,485 [INFO] Sending command to the server: 'time'
client 2023-07-13 07:02:19,490 [INFO] Got response: '1689228139.4483478'
client 2023-07-13 07:02:19,490 [INFO] The time difference between the client and the server is within range 37.393 ms..41.758 ms
client 2023-07-13 07:02:19,490 [INFO] Sending command to the server: 'session,2023-07-13_07-02-19,start,ranging'
client 2023-07-13 07:02:48,495 [INFO] Got response: 'OK'
client 2023-07-13 07:02:48,496 [INFO] Sending command to the server: 'time'
client 2023-07-13 07:02:48,508 [INFO] Got response: '1689228168.4592052'
client 2023-07-13 07:02:48,509 [INFO] The time difference between the client and the server is within range 37.653 ms..49.975 ms
client 2023-07-13 07:02:48,509 [INFO] Running the workload 'CM_MLPERF_RUN_COUNT=$(cat ${CM_RUN_DIR}/count.txt); echo ${CM_MLPERF_RUN_COUNT}; CM_MLPERF_RUN_COUNT=$((CM_MLPERF_RUN_COUNT+1)); echo ${CM_MLPERF_RUN_COUNT} > ${CM_RUN_DIR}/count.txt && if [ ${CM_MLPERF_RUN_COUNT} -eq "1" ]; then export CM_MLPERF_USER_CONF=${CM_MLPERF_RANGING_USER_CONF}; else export CM_MLPERF_USER_CONF=${CM_MLPERF_TESTING_USER_CONF}; fi && /home/arjun/run.out'
client 2023-07-13 07:07:50,413 [INFO] Sending command to the server: 'time'
client 2023-07-13 07:07:50,418 [INFO] Got response: '1689228470.3680668'
client 2023-07-13 07:07:50,418 [INFO] The time difference between the client and the server is within range 45.621 ms..50.503 ms
client 2023-07-13 07:07:50,418 [INFO] Sending command to the server: 'session,2023-07-13_07-02-19,stop,ranging'
client 2023-07-13 07:08:00,633 [INFO] Got response: 'OK'
client 2023-07-13 07:08:00,634 [INFO] Sending command to the server: 'time'
client 2023-07-13 07:08:00,637 [INFO] Got response: '1689228480.586352'
client 2023-07-13 07:08:00,638 [INFO] The time difference between the client and the server is within range 48.412 ms..51.699 ms
client 2023-07-13 07:08:00,660 [INFO] Copying loadgen logs from '/home/arjun/mobilenet_results/valid_results/orin-tflite_armnn_cpp-cpu-armnn_tflite-v23.05-using_neon/efficientnet-int8-lite0/singlestream/performance/run_1' to '/home/arjun/mobilenet_results/valid_results/orin-tflite_armnn_cpp-cpu-armnn_tflite-v23.05-using_neon/efficientnet-int8-lite0/singlestream/performance/tmp_power/ranging'
client 2023-07-13 07:08:00,663 [INFO] Running workload in testing mode
client 2023-07-13 07:08:00,663 [INFO] Synchronizing with the server and with time.google.com...
client 2023-07-13 07:08:00,684 [INFO] NTP:offset = -0.004 s, delay = 0.015 s 
client 2023-07-13 07:08:00,684 [INFO] Sending command to the server: 'time'
client 2023-07-13 07:08:00,687 [INFO] Got response: '1689228480.6366305'
client 2023-07-13 07:08:00,687 [INFO] The time difference between the client and the server is within range 47.758 ms..51.170 ms
client 2023-07-13 07:08:00,688 [INFO] Sending command to the server: 'session,2023-07-13_07-02-19,start,testing'
client 2023-07-13 07:08:13,721 [INFO] Got response: 'OK'
client 2023-07-13 07:08:13,722 [INFO] Sending command to the server: 'time'
client 2023-07-13 07:08:13,726 [INFO] Got response: '1689228493.6748502'
client 2023-07-13 07:08:13,727 [INFO] The time difference between the client and the server is within range 47.543 ms..52.274 ms
client 2023-07-13 07:08:13,727 [INFO] Running the workload 'CM_MLPERF_RUN_COUNT=$(cat ${CM_RUN_DIR}/count.txt); echo ${CM_MLPERF_RUN_COUNT}; CM_MLPERF_RUN_COUNT=$((CM_MLPERF_RUN_COUNT+1)); echo ${CM_MLPERF_RUN_COUNT} > ${CM_RUN_DIR}/count.txt && if [ ${CM_MLPERF_RUN_COUNT} -eq "1" ]; then export CM_MLPERF_USER_CONF=${CM_MLPERF_RANGING_USER_CONF}; else export CM_MLPERF_USER_CONF=${CM_MLPERF_TESTING_USER_CONF}; fi && /home/arjun/run.out'
client 2023-07-13 07:18:17,059 [INFO] Sending command to the server: 'time'
client 2023-07-13 07:18:17,064 [INFO] Got response: '1689229097.0053234'
client 2023-07-13 07:18:17,064 [INFO] The time difference between the client and the server is within range 54.457 ms..59.486 ms
client 2023-07-13 07:18:17,065 [INFO] Sending command to the server: 'session,2023-07-13_07-02-19,stop,testing'
client 2023-07-13 07:18:27,946 [INFO] Got response: 'OK'
client 2023-07-13 07:18:27,947 [INFO] Sending command to the server: 'time'
client 2023-07-13 07:18:27,950 [INFO] Got response: '1689229107.891126'
client 2023-07-13 07:18:27,951 [INFO] The time difference between the client and the server is within range 56.333 ms..59.945 ms
client 2023-07-13 07:18:27,955 [INFO] Copying loadgen logs from '/home/arjun/mobilenet_results/valid_results/orin-tflite_armnn_cpp-cpu-armnn_tflite-v23.05-using_neon/efficientnet-int8-lite0/singlestream/performance/run_1' to '/home/arjun/mobilenet_results/valid_results/orin-tflite_armnn_cpp-cpu-armnn_tflite-v23.05-using_neon/efficientnet-int8-lite0/singlestream/performance/tmp_power/run_1'
client 2023-07-13 07:18:27,958 [INFO] Done runs
