client 2023-07-16 05:44:27,646 [INFO] Creating output directory '/home/arjun/mobilenet_results/valid_results/raspberrypi-tflite_armnn_cpp-cpu-armnn_tflite-v23.05-using_neon/mobilenet-v2-precision_float-0.35-160/singlestream/performance/tmp_power'
client 2023-07-16 05:44:27,653 [INFO] Sending command to the server: 'mlcommons/power client v3'
client 2023-07-16 05:44:27,657 [INFO] Got response: 'mlcommons/power server v3'
client 2023-07-16 05:44:27,657 [INFO] Synchronizing with the server and with time.google.com...
client 2023-07-16 05:44:27,690 [INFO] NTP:offset = -0.000 s, delay = 0.014 s 
client 2023-07-16 05:44:27,690 [INFO] Sending command to the server: 'time'
client 2023-07-16 05:44:27,693 [INFO] Got response: '1689482667.5534122'
client 2023-07-16 05:44:27,694 [INFO] The time difference between the client and the server is within range 137.319 ms..140.652 ms
client 2023-07-16 05:44:27,694 [INFO] Sending command to the server: 'new,,781df604-35bf-4835-ac27-298e7fdce3e4'
client 2023-07-16 05:44:27,697 [INFO] Got response: 'OK 2023-07-16_05-44-27,d5eedb95-61b7-4c99-b9e0-290ff1a29443'
client 2023-07-16 05:44:27,698 [INFO] Session id is '2023-07-16_05-44-27'
client 2023-07-16 05:44:27,698 [INFO] Sources: {"sources": {"__init__.py": "da39a3ee5e6b4b0d3255bfef95601890afd80709", "client.py": "33ca4f26368777ac06e01f9567b714a4b8063886", "lib/__init__.py": "da39a3ee5e6b4b0d3255bfef95601890afd80709", "lib/client.py": "ac2aa093c8e8bbc9569b9e2a3471bc64e58a2258", "lib/common.py": "611d8b29633d331eb19c9455ea3b5fa3284ed6df", "lib/external/__init__.py": "da39a3ee5e6b4b0d3255bfef95601890afd80709", "lib/external/ntplib.py": "4da8f970656505a40483206ef2b5d3dd5e81711d", "lib/server.py": "c7af63c31bb2fbedea4345f571f6e3507d268ada", "lib/source_hashes.py": "60a2e02193209e8d392803326208d5466342da18", "lib/summary.py": "aa92f0a3f975eecd44d3c0cd0236342ccc9f941d", "lib/time_sync.py": "122eba67a9abc85635223e054def53be1367ade2", "server.py": "c3f90f2f7eeb4db30727556d0c815ebc89b3d28b", "tests/unit/__init__.py": "da39a3ee5e6b4b0d3255bfef95601890afd80709", "tests/unit/test_server.py": "948c1995d4008bc2aa6c4046a34ffa3858d6d671", "tests/unit/test_source_hashes.py": "00468a2907583c593e6574a1f6b404e4651c221a"}, "modules": {"ptd_client_server.lib.client": "lib/client.py", "ptd_client_server.lib.common": "lib/common.py", "ptd_client_server.lib.external.ntplib": "lib/external/ntplib.py", "ptd_client_server.lib.source_hashes": "lib/source_hashes.py", "ptd_client_server.lib.summary": "lib/summary.py", "ptd_client_server.lib.time_sync": "lib/time_sync.py"}}
client 2023-07-16 05:44:27,698 [INFO] Running workload in ranging mode
client 2023-07-16 05:44:27,698 [INFO] Synchronizing with the server and with time.google.com...
client 2023-07-16 05:44:27,728 [INFO] NTP:offset = -0.002 s, delay = 0.014 s 
client 2023-07-16 05:44:27,729 [INFO] Sending command to the server: 'time'
client 2023-07-16 05:44:27,731 [INFO] Got response: '1689482667.5836525'
client 2023-07-16 05:44:27,732 [INFO] The time difference between the client and the server is within range 145.523 ms..148.477 ms
client 2023-07-16 05:44:27,732 [INFO] Sending command to the server: 'session,2023-07-16_05-44-27,start,ranging'
client 2023-07-16 05:44:56,455 [INFO] Got response: 'OK'
client 2023-07-16 05:44:56,456 [INFO] Sending command to the server: 'time'
client 2023-07-16 05:44:56,460 [INFO] Got response: '1689482696.3125231'
client 2023-07-16 05:44:56,460 [INFO] The time difference between the client and the server is within range 143.445 ms..148.321 ms
client 2023-07-16 05:44:56,461 [INFO] Running the workload 'CM_MLPERF_RUN_COUNT=$(cat ${CM_RUN_DIR}/count.txt); echo ${CM_MLPERF_RUN_COUNT}; CM_MLPERF_RUN_COUNT=$((CM_MLPERF_RUN_COUNT+1)); echo ${CM_MLPERF_RUN_COUNT} > ${CM_RUN_DIR}/count.txt && if [ ${CM_MLPERF_RUN_COUNT} -eq "1" ]; then export CM_MLPERF_USER_CONF=${CM_MLPERF_RANGING_USER_CONF}; else export CM_MLPERF_USER_CONF=${CM_MLPERF_TESTING_USER_CONF}; fi && /home/arjun/run.out'
client 2023-07-16 05:50:07,648 [INFO] Sending command to the server: 'time'
client 2023-07-16 05:50:07,653 [INFO] Got response: '1689483007.5065513'
client 2023-07-16 05:50:07,653 [INFO] The time difference between the client and the server is within range 141.815 ms..147.138 ms
client 2023-07-16 05:50:07,653 [INFO] Sending command to the server: 'session,2023-07-16_05-44-27,stop,ranging'
client 2023-07-16 05:50:18,698 [INFO] Got response: 'OK'
client 2023-07-16 05:50:18,699 [INFO] Sending command to the server: 'time'
client 2023-07-16 05:50:18,702 [INFO] Got response: '1689483018.5513806'
client 2023-07-16 05:50:18,702 [INFO] The time difference between the client and the server is within range 147.835 ms..151.495 ms
client 2023-07-16 05:50:18,737 [INFO] Copying loadgen logs from '/home/arjun/mobilenet_results/valid_results/raspberrypi-tflite_armnn_cpp-cpu-armnn_tflite-v23.05-using_neon/mobilenet-v2-precision_float-0.35-160/singlestream/performance/run_1' to '/home/arjun/mobilenet_results/valid_results/raspberrypi-tflite_armnn_cpp-cpu-armnn_tflite-v23.05-using_neon/mobilenet-v2-precision_float-0.35-160/singlestream/performance/tmp_power/ranging'
client 2023-07-16 05:50:18,740 [INFO] Running workload in testing mode
client 2023-07-16 05:50:18,740 [INFO] Synchronizing with the server and with time.google.com...
client 2023-07-16 05:50:19,374 [INFO] NTP:offset = -0.001 s, delay = 0.013 s 
client 2023-07-16 05:50:19,374 [INFO] Sending command to the server: 'time'
client 2023-07-16 05:50:19,379 [INFO] Got response: '1689483019.2307103'
client 2023-07-16 05:50:19,380 [INFO] The time difference between the client and the server is within range 144.217 ms..149.386 ms
client 2023-07-16 05:50:19,380 [INFO] Sending command to the server: 'session,2023-07-16_05-44-27,start,testing'
client 2023-07-16 05:50:32,427 [INFO] Got response: 'OK'
client 2023-07-16 05:50:32,428 [INFO] Sending command to the server: 'time'
client 2023-07-16 05:50:32,432 [INFO] Got response: '1689483032.2842536'
client 2023-07-16 05:50:32,433 [INFO] The time difference between the client and the server is within range 143.923 ms..148.750 ms
client 2023-07-16 05:50:32,433 [INFO] Running the workload 'CM_MLPERF_RUN_COUNT=$(cat ${CM_RUN_DIR}/count.txt); echo ${CM_MLPERF_RUN_COUNT}; CM_MLPERF_RUN_COUNT=$((CM_MLPERF_RUN_COUNT+1)); echo ${CM_MLPERF_RUN_COUNT} > ${CM_RUN_DIR}/count.txt && if [ ${CM_MLPERF_RUN_COUNT} -eq "1" ]; then export CM_MLPERF_USER_CONF=${CM_MLPERF_RANGING_USER_CONF}; else export CM_MLPERF_USER_CONF=${CM_MLPERF_TESTING_USER_CONF}; fi && /home/arjun/run.out'
client 2023-07-16 06:00:43,774 [INFO] Sending command to the server: 'time'
client 2023-07-16 06:00:43,777 [INFO] Got response: '1689483643.6261985'
client 2023-07-16 06:00:43,777 [INFO] The time difference between the client and the server is within range 147.970 ms..151.633 ms
client 2023-07-16 06:00:43,778 [INFO] Sending command to the server: 'session,2023-07-16_05-44-27,stop,testing'
client 2023-07-16 06:00:54,489 [INFO] Got response: 'OK'
client 2023-07-16 06:00:54,490 [INFO] Sending command to the server: 'time'
client 2023-07-16 06:00:54,504 [INFO] Got response: '1689483654.349471'
client 2023-07-16 06:00:54,504 [INFO] The time difference between the client and the server is within range 141.002 ms..154.895 ms
client 2023-07-16 06:00:54,509 [INFO] Copying loadgen logs from '/home/arjun/mobilenet_results/valid_results/raspberrypi-tflite_armnn_cpp-cpu-armnn_tflite-v23.05-using_neon/mobilenet-v2-precision_float-0.35-160/singlestream/performance/run_1' to '/home/arjun/mobilenet_results/valid_results/raspberrypi-tflite_armnn_cpp-cpu-armnn_tflite-v23.05-using_neon/mobilenet-v2-precision_float-0.35-160/singlestream/performance/tmp_power/run_1'
client 2023-07-16 06:00:54,513 [INFO] Done runs
