client 2023-08-06 04:00:35,568 [INFO] Creating output directory '/home/arjun/mobilenet_results/valid_results/orin-tflite_cpp-cpu-tflite-vmaster-default_config/mobilenet-v1-precision_uint8-0.25-128/singlestream/performance/tmp_power'
client 2023-08-06 04:00:35,570 [INFO] Sending command to the server: 'mlcommons/power client v3'
client 2023-08-06 04:00:35,575 [INFO] Got response: 'mlcommons/power server v3'
client 2023-08-06 04:00:35,575 [INFO] Synchronizing with the server and with time.google.com...
client 2023-08-06 04:00:35,593 [INFO] NTP:offset = -0.010 s, delay = 0.015 s 
client 2023-08-06 04:00:35,593 [INFO] Sending command to the server: 'time'
client 2023-08-06 04:00:35,598 [INFO] Got response: '1691290835.5584168'
client 2023-08-06 04:00:35,598 [INFO] The time difference between the client and the server is within range 34.735 ms..40.093 ms
client 2023-08-06 04:00:35,598 [INFO] Sending command to the server: 'new,,dd3b873d-1281-480d-a4ad-a02978b3f943'
client 2023-08-06 04:00:35,601 [INFO] Got response: 'OK 2023-08-06_04-00-35,e83b0cb4-8c2c-437c-8bc3-021d1901e8b9'
client 2023-08-06 04:00:35,601 [INFO] Session id is '2023-08-06_04-00-35'
client 2023-08-06 04:00:35,602 [INFO] Sources: {"sources": {"__init__.py": "da39a3ee5e6b4b0d3255bfef95601890afd80709", "client.py": "33ca4f26368777ac06e01f9567b714a4b8063886", "lib/__init__.py": "da39a3ee5e6b4b0d3255bfef95601890afd80709", "lib/client.py": "ac2aa093c8e8bbc9569b9e2a3471bc64e58a2258", "lib/common.py": "611d8b29633d331eb19c9455ea3b5fa3284ed6df", "lib/external/__init__.py": "da39a3ee5e6b4b0d3255bfef95601890afd80709", "lib/external/ntplib.py": "4da8f970656505a40483206ef2b5d3dd5e81711d", "lib/server.py": "c7af63c31bb2fbedea4345f571f6e3507d268ada", "lib/source_hashes.py": "60a2e02193209e8d392803326208d5466342da18", "lib/summary.py": "aa92f0a3f975eecd44d3c0cd0236342ccc9f941d", "lib/time_sync.py": "122eba67a9abc85635223e054def53be1367ade2", "server.py": "c3f90f2f7eeb4db30727556d0c815ebc89b3d28b", "tests/unit/__init__.py": "da39a3ee5e6b4b0d3255bfef95601890afd80709", "tests/unit/test_server.py": "948c1995d4008bc2aa6c4046a34ffa3858d6d671", "tests/unit/test_source_hashes.py": "00468a2907583c593e6574a1f6b404e4651c221a"}, "modules": {"ptd_client_server.lib.client": "lib/client.py", "ptd_client_server.lib.common": "lib/common.py", "ptd_client_server.lib.external.ntplib": "lib/external/ntplib.py", "ptd_client_server.lib.source_hashes": "lib/source_hashes.py", "ptd_client_server.lib.summary": "lib/summary.py", "ptd_client_server.lib.time_sync": "lib/time_sync.py"}}
client 2023-08-06 04:00:35,602 [INFO] Running workload in ranging mode
client 2023-08-06 04:00:35,602 [INFO] Synchronizing with the server and with time.google.com...
client 2023-08-06 04:00:35,619 [INFO] NTP:offset = -0.010 s, delay = 0.017 s 
client 2023-08-06 04:00:35,620 [INFO] Sending command to the server: 'time'
client 2023-08-06 04:00:35,624 [INFO] Got response: '1691290835.5889256'
client 2023-08-06 04:00:35,624 [INFO] The time difference between the client and the server is within range 31.096 ms..35.354 ms
client 2023-08-06 04:00:35,624 [INFO] Sending command to the server: 'session,2023-08-06_04-00-35,start,ranging'
client 2023-08-06 04:01:04,303 [INFO] Got response: 'OK'
client 2023-08-06 04:01:04,303 [INFO] Sending command to the server: 'time'
client 2023-08-06 04:01:04,305 [INFO] Got response: '1691290864.2680762'
client 2023-08-06 04:01:04,305 [INFO] The time difference between the client and the server is within range 35.620 ms..37.878 ms
client 2023-08-06 04:01:04,306 [INFO] Running the workload 'CM_MLPERF_RUN_COUNT=$(cat ${CM_RUN_DIR}/count.txt); echo ${CM_MLPERF_RUN_COUNT}; CM_MLPERF_RUN_COUNT=$((CM_MLPERF_RUN_COUNT+1)); echo ${CM_MLPERF_RUN_COUNT} > ${CM_RUN_DIR}/count.txt && if [ ${CM_MLPERF_RUN_COUNT} -eq "1" ]; then export CM_MLPERF_USER_CONF=${CM_MLPERF_RANGING_USER_CONF}; else export CM_MLPERF_USER_CONF=${CM_MLPERF_TESTING_USER_CONF}; fi && /mount/CM/repos/ctuning@mlcommons-ck/cm-mlops/script/run-all-mlperf-models/run.out'
client 2023-08-06 04:06:05,710 [INFO] Sending command to the server: 'time'
client 2023-08-06 04:06:05,714 [INFO] Got response: '1691291165.6709306'
client 2023-08-06 04:06:05,714 [INFO] The time difference between the client and the server is within range 39.174 ms..43.622 ms
client 2023-08-06 04:06:05,714 [INFO] Sending command to the server: 'session,2023-08-06_04-00-35,stop,ranging'
client 2023-08-06 04:06:16,667 [INFO] Got response: 'OK'
client 2023-08-06 04:06:16,667 [INFO] Sending command to the server: 'time'
client 2023-08-06 04:06:16,669 [INFO] Got response: '1691291176.6275861'
client 2023-08-06 04:06:16,669 [INFO] The time difference between the client and the server is within range 39.766 ms..41.976 ms
client 2023-08-06 04:06:16,673 [INFO] Copying loadgen logs from '/home/arjun/mobilenet_results/valid_results/orin-tflite_cpp-cpu-tflite-vmaster-default_config/mobilenet-v1-precision_uint8-0.25-128/singlestream/performance/run_1' to '/home/arjun/mobilenet_results/valid_results/orin-tflite_cpp-cpu-tflite-vmaster-default_config/mobilenet-v1-precision_uint8-0.25-128/singlestream/performance/tmp_power/ranging'
client 2023-08-06 04:06:16,673 [INFO] Running workload in testing mode
client 2023-08-06 04:06:16,673 [INFO] Synchronizing with the server and with time.google.com...
client 2023-08-06 04:06:16,690 [INFO] NTP:offset = -0.013 s, delay = 0.015 s 
client 2023-08-06 04:06:16,690 [INFO] Sending command to the server: 'time'
client 2023-08-06 04:06:16,693 [INFO] Got response: '1691291176.648543'
client 2023-08-06 04:06:16,693 [INFO] The time difference between the client and the server is within range 42.269 ms..44.731 ms
client 2023-08-06 04:06:16,693 [INFO] Sending command to the server: 'session,2023-08-06_04-00-35,start,testing'
client 2023-08-06 04:06:29,744 [INFO] Got response: 'OK'
client 2023-08-06 04:06:29,744 [INFO] Sending command to the server: 'time'
client 2023-08-06 04:06:29,746 [INFO] Got response: '1691291189.7079866'
client 2023-08-06 04:06:29,746 [INFO] The time difference between the client and the server is within range 36.727 ms..38.783 ms
client 2023-08-06 04:06:29,746 [INFO] Running the workload 'CM_MLPERF_RUN_COUNT=$(cat ${CM_RUN_DIR}/count.txt); echo ${CM_MLPERF_RUN_COUNT}; CM_MLPERF_RUN_COUNT=$((CM_MLPERF_RUN_COUNT+1)); echo ${CM_MLPERF_RUN_COUNT} > ${CM_RUN_DIR}/count.txt && if [ ${CM_MLPERF_RUN_COUNT} -eq "1" ]; then export CM_MLPERF_USER_CONF=${CM_MLPERF_RANGING_USER_CONF}; else export CM_MLPERF_USER_CONF=${CM_MLPERF_TESTING_USER_CONF}; fi && /mount/CM/repos/ctuning@mlcommons-ck/cm-mlops/script/run-all-mlperf-models/run.out'
client 2023-08-06 04:16:32,283 [INFO] Sending command to the server: 'time'
client 2023-08-06 04:16:32,287 [INFO] Got response: '1691291792.2317498'
client 2023-08-06 04:16:32,287 [INFO] The time difference between the client and the server is within range 51.489 ms..55.822 ms
client 2023-08-06 04:16:32,287 [INFO] Sending command to the server: 'session,2023-08-06_04-00-35,stop,testing'
client 2023-08-06 04:16:42,830 [INFO] Got response: 'OK'
client 2023-08-06 04:16:42,830 [INFO] Sending command to the server: 'time'
client 2023-08-06 04:16:42,832 [INFO] Got response: '1691291802.77956'
client 2023-08-06 04:16:42,832 [INFO] The time difference between the client and the server is within range 51.370 ms..53.166 ms
client 2023-08-06 04:16:42,833 [INFO] Copying loadgen logs from '/home/arjun/mobilenet_results/valid_results/orin-tflite_cpp-cpu-tflite-vmaster-default_config/mobilenet-v1-precision_uint8-0.25-128/singlestream/performance/run_1' to '/home/arjun/mobilenet_results/valid_results/orin-tflite_cpp-cpu-tflite-vmaster-default_config/mobilenet-v1-precision_uint8-0.25-128/singlestream/performance/tmp_power/run_1'
client 2023-08-06 04:16:42,834 [INFO] Done runs
