client 2023-07-30 14:20:02,282 [INFO] Creating output directory '/home/arjun/results_dir/valid_results/orin-nvidia_original-gpu-tensorrt-vdefault-default_config/bert-99/singlestream/performance/tmp_power'
client 2023-07-30 14:20:02,286 [INFO] Sending command to the server: 'mlcommons/power client v3'
client 2023-07-30 14:20:02,290 [INFO] Got response: 'mlcommons/power server v3'
client 2023-07-30 14:20:02,290 [INFO] Synchronizing with the server and with time.google.com...
client 2023-07-30 14:20:02,321 [INFO] NTP:offset = -0.007 s, delay = 0.015 s 
client 2023-07-30 14:20:02,321 [INFO] Sending command to the server: 'time'
client 2023-07-30 14:20:02,323 [INFO] Got response: '1690723202.1731215'
client 2023-07-30 14:20:02,323 [INFO] The time difference between the client and the server is within range 148.173 ms..150.567 ms
client 2023-07-30 14:20:02,323 [INFO] Sending command to the server: 'new,,772adfdc-2e46-43bb-b1c8-96ee9b343083'
client 2023-07-30 14:20:02,326 [INFO] Got response: 'OK 2023-07-30_14-20-02,20c194ec-77f1-4e4e-a4fa-d48740d18df1'
client 2023-07-30 14:20:02,326 [INFO] Session id is '2023-07-30_14-20-02'
client 2023-07-30 14:20:02,326 [INFO] Sources: {"sources": {"__init__.py": "da39a3ee5e6b4b0d3255bfef95601890afd80709", "client.py": "33ca4f26368777ac06e01f9567b714a4b8063886", "lib/__init__.py": "da39a3ee5e6b4b0d3255bfef95601890afd80709", "lib/client.py": "ac2aa093c8e8bbc9569b9e2a3471bc64e58a2258", "lib/common.py": "611d8b29633d331eb19c9455ea3b5fa3284ed6df", "lib/external/__init__.py": "da39a3ee5e6b4b0d3255bfef95601890afd80709", "lib/external/ntplib.py": "4da8f970656505a40483206ef2b5d3dd5e81711d", "lib/server.py": "c7af63c31bb2fbedea4345f571f6e3507d268ada", "lib/source_hashes.py": "60a2e02193209e8d392803326208d5466342da18", "lib/summary.py": "aa92f0a3f975eecd44d3c0cd0236342ccc9f941d", "lib/time_sync.py": "122eba67a9abc85635223e054def53be1367ade2", "server.py": "c3f90f2f7eeb4db30727556d0c815ebc89b3d28b", "tests/unit/__init__.py": "da39a3ee5e6b4b0d3255bfef95601890afd80709", "tests/unit/test_server.py": "948c1995d4008bc2aa6c4046a34ffa3858d6d671", "tests/unit/test_source_hashes.py": "00468a2907583c593e6574a1f6b404e4651c221a"}, "modules": {"ptd_client_server.lib.client": "lib/client.py", "ptd_client_server.lib.common": "lib/common.py", "ptd_client_server.lib.external.ntplib": "lib/external/ntplib.py", "ptd_client_server.lib.source_hashes": "lib/source_hashes.py", "ptd_client_server.lib.summary": "lib/summary.py", "ptd_client_server.lib.time_sync": "lib/time_sync.py"}}
client 2023-07-30 14:20:02,326 [INFO] Running workload in ranging mode
client 2023-07-30 14:20:02,326 [INFO] Synchronizing with the server and with time.google.com...
client 2023-07-30 14:20:02,340 [INFO] NTP:offset = -0.006 s, delay = 0.013 s 
client 2023-07-30 14:20:02,340 [INFO] Sending command to the server: 'time'
client 2023-07-30 14:20:02,355 [INFO] Got response: '1690723202.203818'
client 2023-07-30 14:20:02,355 [INFO] The time difference between the client and the server is within range 136.714 ms..151.716 ms
client 2023-07-30 14:20:02,355 [INFO] Sending command to the server: 'session,2023-07-30_14-20-02,start,ranging'
client 2023-07-30 14:20:31,053 [INFO] Got response: 'OK'
client 2023-07-30 14:20:31,053 [INFO] Sending command to the server: 'time'
client 2023-07-30 14:20:31,055 [INFO] Got response: '1690723230.9039009'
client 2023-07-30 14:20:31,056 [INFO] The time difference between the client and the server is within range 149.719 ms..152.124 ms
client 2023-07-30 14:20:31,056 [INFO] Running the workload 'CM_MLPERF_RUN_COUNT=$(cat ${CM_RUN_DIR}/count.txt); echo ${CM_MLPERF_RUN_COUNT}; CM_MLPERF_RUN_COUNT=$((CM_MLPERF_RUN_COUNT+1)); echo ${CM_MLPERF_RUN_COUNT} > ${CM_RUN_DIR}/count.txt && if [ ${CM_MLPERF_RUN_COUNT} -eq "1" ]; then export CM_MLPERF_USER_CONF=${CM_MLPERF_RANGING_USER_CONF}; else export CM_MLPERF_USER_CONF=${CM_MLPERF_TESTING_USER_CONF}; fi && make run_harness RUN_ARGS=" --benchmarks=bert --scenarios=singlestream --test_mode=PerformanceOnly --offline_expected_qps=510 --single_stream_expected_latency_ns=5000000 --user_conf_path=${CM_MLPERF_USER_CONF} --mlperf_conf_path=/mount/CM/repos/local/cache/2048b9e58c0246cd/inference/mlperf.conf --gpu_batch_size=1 --no_audit_verify "'
client 2023-07-30 14:25:44,039 [INFO] Sending command to the server: 'time'
client 2023-07-30 14:25:44,043 [INFO] Got response: '1690723543.8864272'
client 2023-07-30 14:25:44,043 [INFO] The time difference between the client and the server is within range 152.705 ms..156.940 ms
client 2023-07-30 14:25:44,043 [INFO] Sending command to the server: 'session,2023-07-30_14-20-02,stop,ranging'
client 2023-07-30 14:25:54,361 [INFO] Got response: 'OK'
client 2023-07-30 14:25:54,361 [INFO] Sending command to the server: 'time'
client 2023-07-30 14:25:54,365 [INFO] Got response: '1690723554.2061045'
client 2023-07-30 14:25:54,365 [INFO] The time difference between the client and the server is within range 155.659 ms..159.743 ms
client 2023-07-30 14:25:54,380 [INFO] Copying loadgen logs from '/home/arjun/results_dir/valid_results/orin-nvidia_original-gpu-tensorrt-vdefault-default_config/bert-99/singlestream/performance/run_1' to '/home/arjun/results_dir/valid_results/orin-nvidia_original-gpu-tensorrt-vdefault-default_config/bert-99/singlestream/performance/tmp_power/ranging'
client 2023-07-30 14:25:54,381 [INFO] Running workload in testing mode
client 2023-07-30 14:25:54,381 [INFO] Synchronizing with the server and with time.google.com...
client 2023-07-30 14:25:54,398 [INFO] NTP:offset = -0.004 s, delay = 0.016 s 
client 2023-07-30 14:25:54,398 [INFO] Sending command to the server: 'time'
client 2023-07-30 14:25:54,402 [INFO] Got response: '1690723554.2464635'
client 2023-07-30 14:25:54,402 [INFO] The time difference between the client and the server is within range 152.286 ms..155.901 ms
client 2023-07-30 14:25:54,402 [INFO] Sending command to the server: 'session,2023-07-30_14-20-02,start,testing'
client 2023-07-30 14:26:07,448 [INFO] Got response: 'OK'
client 2023-07-30 14:26:07,448 [INFO] Sending command to the server: 'time'
client 2023-07-30 14:26:07,452 [INFO] Got response: '1690723567.2985559'
client 2023-07-30 14:26:07,452 [INFO] The time difference between the client and the server is within range 150.029 ms..153.761 ms
client 2023-07-30 14:26:07,452 [INFO] Running the workload 'CM_MLPERF_RUN_COUNT=$(cat ${CM_RUN_DIR}/count.txt); echo ${CM_MLPERF_RUN_COUNT}; CM_MLPERF_RUN_COUNT=$((CM_MLPERF_RUN_COUNT+1)); echo ${CM_MLPERF_RUN_COUNT} > ${CM_RUN_DIR}/count.txt && if [ ${CM_MLPERF_RUN_COUNT} -eq "1" ]; then export CM_MLPERF_USER_CONF=${CM_MLPERF_RANGING_USER_CONF}; else export CM_MLPERF_USER_CONF=${CM_MLPERF_TESTING_USER_CONF}; fi && make run_harness RUN_ARGS=" --benchmarks=bert --scenarios=singlestream --test_mode=PerformanceOnly --offline_expected_qps=510 --single_stream_expected_latency_ns=5000000 --user_conf_path=${CM_MLPERF_USER_CONF} --mlperf_conf_path=/mount/CM/repos/local/cache/2048b9e58c0246cd/inference/mlperf.conf --gpu_batch_size=1 --no_audit_verify "'
client 2023-07-30 14:36:20,233 [INFO] Sending command to the server: 'time'
client 2023-07-30 14:36:20,236 [INFO] Got response: '1690724180.0793004'
client 2023-07-30 14:36:20,236 [INFO] The time difference between the client and the server is within range 153.781 ms..157.660 ms
client 2023-07-30 14:36:20,237 [INFO] Sending command to the server: 'session,2023-07-30_14-20-02,stop,testing'
client 2023-07-30 14:36:30,584 [INFO] Got response: 'OK'
client 2023-07-30 14:36:30,585 [INFO] Sending command to the server: 'time'
client 2023-07-30 14:36:30,602 [INFO] Got response: '1690724190.4460726'
client 2023-07-30 14:36:30,602 [INFO] The time difference between the client and the server is within range 138.999 ms..156.027 ms
client 2023-07-30 14:36:30,603 [INFO] Copying loadgen logs from '/home/arjun/results_dir/valid_results/orin-nvidia_original-gpu-tensorrt-vdefault-default_config/bert-99/singlestream/performance/run_1' to '/home/arjun/results_dir/valid_results/orin-nvidia_original-gpu-tensorrt-vdefault-default_config/bert-99/singlestream/performance/tmp_power/run_1'
client 2023-07-30 14:36:30,603 [INFO] Done runs
