client 2023-08-17 18:02:00,580 [INFO] Creating output directory '/home/krai/work_collection/generated_by_power_measurement_on_run_49d8ddae215f4607a8af0437b6f09d1c/power_logs'
client 2023-08-17 18:02:00,581 [INFO] Sending command to the server: 'mlcommons/power client v3'
client 2023-08-17 18:02:00,582 [INFO] Got response: 'mlcommons/power server v3'
client 2023-08-17 18:02:00,582 [INFO] Synchronizing with the server and with time.google.com...
client 2023-08-17 18:02:00,679 [INFO] NTP:offset = -0.003 s, delay = 0.095 s 
client 2023-08-17 18:02:00,679 [INFO] Sending command to the server: 'time'
client 2023-08-17 18:02:00,681 [INFO] Got response: '1692313320.6926692'
client 2023-08-17 18:02:00,681 [INFO] The time difference between the client and the server is within range -12.753 ms..-11.297 ms
client 2023-08-17 18:02:00,681 [INFO] Sending command to the server: 'new,,29bd62c1-eb7e-44e1-88bb-89fe7ca18d88'
client 2023-08-17 18:02:00,683 [INFO] Got response: 'OK 2023-08-17_18-02-00,0a1613b2-bff9-458a-aff8-bd7247c07f5b'
client 2023-08-17 18:02:00,683 [INFO] Session id is '2023-08-17_18-02-00'
client 2023-08-17 18:02:00,683 [INFO] Sources: {"sources": {"__init__.py": "da39a3ee5e6b4b0d3255bfef95601890afd80709", "client.py": "33ca4f26368777ac06e01f9567b714a4b8063886", "lib/__init__.py": "da39a3ee5e6b4b0d3255bfef95601890afd80709", "lib/client.py": "ac2aa093c8e8bbc9569b9e2a3471bc64e58a2258", "lib/common.py": "611d8b29633d331eb19c9455ea3b5fa3284ed6df", "lib/external/__init__.py": "da39a3ee5e6b4b0d3255bfef95601890afd80709", "lib/external/ntplib.py": "4da8f970656505a40483206ef2b5d3dd5e81711d", "lib/server.py": "c7af63c31bb2fbedea4345f571f6e3507d268ada", "lib/source_hashes.py": "60a2e02193209e8d392803326208d5466342da18", "lib/summary.py": "aa92f0a3f975eecd44d3c0cd0236342ccc9f941d", "lib/time_sync.py": "80894ef2389e540781ff78de94db16aa4203a14e", "server.py": "c3f90f2f7eeb4db30727556d0c815ebc89b3d28b", "tests/unit/__init__.py": "da39a3ee5e6b4b0d3255bfef95601890afd80709", "tests/unit/test_server.py": "948c1995d4008bc2aa6c4046a34ffa3858d6d671", "tests/unit/test_source_hashes.py": "00468a2907583c593e6574a1f6b404e4651c221a"}, "modules": {"ptd_client_server.lib.client": "lib/client.py", "ptd_client_server.lib.common": "lib/common.py", "ptd_client_server.lib.external.ntplib": "lib/external/ntplib.py", "ptd_client_server.lib.source_hashes": "lib/source_hashes.py", "ptd_client_server.lib.summary": "lib/summary.py", "ptd_client_server.lib.time_sync": "lib/time_sync.py"}}
client 2023-08-17 18:02:00,683 [INFO] Running workload in ranging mode
client 2023-08-17 18:02:00,683 [INFO] Synchronizing with the server and with time.google.com...
client 2023-08-17 18:02:00,779 [INFO] NTP:offset = 0.012 s, delay = 0.095 s 
client 2023-08-17 18:02:00,780 [INFO] Sending command to the server: 'time'
client 2023-08-17 18:02:00,781 [INFO] Got response: '1692313320.7928834'
client 2023-08-17 18:02:00,781 [INFO] The time difference between the client and the server is within range -12.778 ms..-11.321 ms
client 2023-08-17 18:02:00,781 [INFO] Sending command to the server: 'session,2023-08-17_18-02-00,start,ranging'
client 2023-08-17 18:02:29,848 [INFO] Got response: 'OK'
client 2023-08-17 18:02:29,849 [INFO] Sending command to the server: 'time'
client 2023-08-17 18:02:29,850 [INFO] Got response: '1692313349.8616955'
client 2023-08-17 18:02:29,850 [INFO] The time difference between the client and the server is within range -12.606 ms..-11.282 ms
client 2023-08-17 18:02:29,850 [INFO] Running the workload 'axs byquery loadgen_output,object_detection,sut_name=q5e_pro_edge,model_name=retinanet,framework=kilt,device=qaic,loadgen_mode=PerformanceOnly,loadgen_compliance_test-,loadgen_scenario=MultiStream,_with_power+,symlink_to=/home/krai/work_collection/generated_by_power_measurement_on_run_49d8ddae215f4607a8af0437b6f09d1c/last_mlperf_logs,power_client_entrydic_path=/home/krai/work_collection/generated_by_power_measurement_on_run_49d8ddae215f4607a8af0437b6f09d1c/program_output.json'
client 2023-08-17 18:12:42,468 [INFO] Sending command to the server: 'time'
client 2023-08-17 18:12:42,469 [INFO] Got response: '1692313962.4815001'
client 2023-08-17 18:12:42,469 [INFO] The time difference between the client and the server is within range -13.393 ms..-11.597 ms
client 2023-08-17 18:12:42,470 [INFO] Sending command to the server: 'session,2023-08-17_18-02-00,stop,ranging'
client 2023-08-17 18:12:52,863 [INFO] Got response: 'OK'
client 2023-08-17 18:12:52,863 [INFO] Sending command to the server: 'time'
client 2023-08-17 18:12:52,864 [INFO] Got response: '1692313972.8759265'
client 2023-08-17 18:12:52,864 [INFO] The time difference between the client and the server is within range -12.628 ms..-11.791 ms
client 2023-08-17 18:12:52,869 [INFO] Copying loadgen logs from '/home/krai/work_collection/generated_by_power_measurement_on_run_49d8ddae215f4607a8af0437b6f09d1c/last_mlperf_logs' to '/home/krai/work_collection/generated_by_power_measurement_on_run_49d8ddae215f4607a8af0437b6f09d1c/power_logs/ranging'
client 2023-08-17 18:12:52,870 [INFO] Running workload in testing mode
client 2023-08-17 18:12:52,870 [INFO] Synchronizing with the server and with time.google.com...
client 2023-08-17 18:12:52,968 [INFO] NTP:offset = -0.001 s, delay = 0.096 s 
client 2023-08-17 18:12:52,968 [INFO] Sending command to the server: 'time'
client 2023-08-17 18:12:52,969 [INFO] Got response: '1692313972.9814658'
client 2023-08-17 18:12:52,969 [INFO] The time difference between the client and the server is within range -13.052 ms..-11.643 ms
client 2023-08-17 18:12:52,969 [INFO] Sending command to the server: 'session,2023-08-17_18-02-00,start,testing'
client 2023-08-17 18:13:05,987 [INFO] Got response: 'OK'
client 2023-08-17 18:13:05,987 [INFO] Sending command to the server: 'time'
client 2023-08-17 18:13:05,989 [INFO] Got response: '1692313986.000796'
client 2023-08-17 18:13:05,989 [INFO] The time difference between the client and the server is within range -12.901 ms..-11.540 ms
client 2023-08-17 18:13:05,989 [INFO] Running the workload 'axs byquery loadgen_output,object_detection,sut_name=q5e_pro_edge,model_name=retinanet,framework=kilt,device=qaic,loadgen_mode=PerformanceOnly,loadgen_compliance_test-,loadgen_scenario=MultiStream,_with_power+,symlink_to=/home/krai/work_collection/generated_by_power_measurement_on_run_49d8ddae215f4607a8af0437b6f09d1c/last_mlperf_logs,power_client_entrydic_path=/home/krai/work_collection/generated_by_power_measurement_on_run_49d8ddae215f4607a8af0437b6f09d1c/program_output.json'
client 2023-08-17 18:23:18,630 [INFO] Sending command to the server: 'time'
client 2023-08-17 18:23:18,631 [INFO] Got response: '1692314598.6463454'
client 2023-08-17 18:23:18,632 [INFO] The time difference between the client and the server is within range -16.407 ms..-14.266 ms
client 2023-08-17 18:23:18,632 [INFO] Sending command to the server: 'session,2023-08-17_18-02-00,stop,testing'
client 2023-08-17 18:23:28,994 [INFO] Got response: 'OK'
client 2023-08-17 18:23:28,994 [INFO] Sending command to the server: 'time'
client 2023-08-17 18:23:28,994 [INFO] Got response: '1692314609.0096567'
client 2023-08-17 18:23:28,994 [INFO] The time difference between the client and the server is within range -15.457 ms..-14.830 ms
client 2023-08-17 18:23:28,996 [INFO] Copying loadgen logs from '/home/krai/work_collection/generated_by_power_measurement_on_run_49d8ddae215f4607a8af0437b6f09d1c/last_mlperf_logs' to '/home/krai/work_collection/generated_by_power_measurement_on_run_49d8ddae215f4607a8af0437b6f09d1c/power_logs/run_1'
client 2023-08-17 18:23:28,996 [INFO] Done runs
