client 2023-08-15 18:24:58,514 [INFO] Creating output directory '/home/krai/work_collection/generated_by_power_measurement_on_run_99bdbe34af11400ab864cf52aac29ecf/power_logs'
client 2023-08-15 18:24:58,516 [INFO] Sending command to the server: 'mlcommons/power client v3'
client 2023-08-15 18:24:58,517 [INFO] Got response: 'mlcommons/power server v3'
client 2023-08-15 18:24:58,517 [INFO] Synchronizing with the server and with time.google.com...
client 2023-08-15 18:24:58,611 [INFO] NTP:offset = 0.004 s, delay = 0.088 s 
client 2023-08-15 18:24:58,611 [INFO] Sending command to the server: 'time'
client 2023-08-15 18:24:58,613 [INFO] Got response: '1692141898.6160874'
client 2023-08-15 18:24:58,613 [INFO] The time difference between the client and the server is within range -4.205 ms..-2.503 ms
client 2023-08-15 18:24:58,613 [INFO] Sending command to the server: 'new,,f582d4fb-5d11-4dad-be78-52c58d884248'
client 2023-08-15 18:24:58,615 [INFO] Got response: 'OK 2023-08-15_18-24-58,bf43cdf6-a684-4bcf-b8a6-ce6a62426ddb'
client 2023-08-15 18:24:58,615 [INFO] Session id is '2023-08-15_18-24-58'
client 2023-08-15 18:24:58,616 [INFO] Sources: {"sources": {"__init__.py": "da39a3ee5e6b4b0d3255bfef95601890afd80709", "client.py": "33ca4f26368777ac06e01f9567b714a4b8063886", "lib/__init__.py": "da39a3ee5e6b4b0d3255bfef95601890afd80709", "lib/client.py": "ac2aa093c8e8bbc9569b9e2a3471bc64e58a2258", "lib/common.py": "611d8b29633d331eb19c9455ea3b5fa3284ed6df", "lib/external/__init__.py": "da39a3ee5e6b4b0d3255bfef95601890afd80709", "lib/external/ntplib.py": "4da8f970656505a40483206ef2b5d3dd5e81711d", "lib/server.py": "c7af63c31bb2fbedea4345f571f6e3507d268ada", "lib/source_hashes.py": "60a2e02193209e8d392803326208d5466342da18", "lib/summary.py": "aa92f0a3f975eecd44d3c0cd0236342ccc9f941d", "lib/time_sync.py": "80894ef2389e540781ff78de94db16aa4203a14e", "server.py": "c3f90f2f7eeb4db30727556d0c815ebc89b3d28b", "tests/unit/__init__.py": "da39a3ee5e6b4b0d3255bfef95601890afd80709", "tests/unit/test_server.py": "948c1995d4008bc2aa6c4046a34ffa3858d6d671", "tests/unit/test_source_hashes.py": "00468a2907583c593e6574a1f6b404e4651c221a"}, "modules": {"ptd_client_server.lib.client": "lib/client.py", "ptd_client_server.lib.common": "lib/common.py", "ptd_client_server.lib.external.ntplib": "lib/external/ntplib.py", "ptd_client_server.lib.source_hashes": "lib/source_hashes.py", "ptd_client_server.lib.summary": "lib/summary.py", "ptd_client_server.lib.time_sync": "lib/time_sync.py"}}
client 2023-08-15 18:24:58,616 [INFO] Running workload in ranging mode
client 2023-08-15 18:24:58,616 [INFO] Synchronizing with the server and with time.google.com...
client 2023-08-15 18:24:58,704 [INFO] NTP:offset = 0.005 s, delay = 0.086 s 
client 2023-08-15 18:24:58,704 [INFO] Sending command to the server: 'time'
client 2023-08-15 18:24:58,706 [INFO] Got response: '1692141898.7087502'
client 2023-08-15 18:24:58,706 [INFO] The time difference between the client and the server is within range -4.215 ms..-2.501 ms
client 2023-08-15 18:24:58,706 [INFO] Sending command to the server: 'session,2023-08-15_18-24-58,start,ranging'
client 2023-08-15 18:25:27,768 [INFO] Got response: 'OK'
client 2023-08-15 18:25:27,768 [INFO] Sending command to the server: 'time'
client 2023-08-15 18:25:27,770 [INFO] Got response: '1692141927.7729566'
client 2023-08-15 18:25:27,770 [INFO] The time difference between the client and the server is within range -4.170 ms..-2.507 ms
client 2023-08-15 18:25:27,770 [INFO] Running the workload 'axs byquery loadgen_output,object_detection,sut_name=e920d_q4_std,model_name=retinanet,framework=kilt,device=qaic,loadgen_mode=PerformanceOnly,loadgen_compliance_test-,loadgen_scenario=SingleStream,_with_power+,symlink_to=/home/krai/work_collection/generated_by_power_measurement_on_run_99bdbe34af11400ab864cf52aac29ecf/last_mlperf_logs,power_client_entrydic_path=/home/krai/work_collection/generated_by_power_measurement_on_run_99bdbe34af11400ab864cf52aac29ecf/program_output.json'
client 2023-08-15 18:35:33,616 [INFO] Sending command to the server: 'time'
client 2023-08-15 18:35:33,618 [INFO] Got response: '1692142533.6222382'
client 2023-08-15 18:35:33,619 [INFO] The time difference between the client and the server is within range -5.481 ms..-3.220 ms
client 2023-08-15 18:35:33,619 [INFO] Sending command to the server: 'session,2023-08-15_18-24-58,stop,ranging'
client 2023-08-15 18:35:43,800 [INFO] Got response: 'OK'
client 2023-08-15 18:35:43,800 [INFO] Sending command to the server: 'time'
client 2023-08-15 18:35:43,801 [INFO] Got response: '1692142543.8051908'
client 2023-08-15 18:35:43,801 [INFO] The time difference between the client and the server is within range -4.384 ms..-3.540 ms
client 2023-08-15 18:35:43,811 [INFO] Copying loadgen logs from '/home/krai/work_collection/generated_by_power_measurement_on_run_99bdbe34af11400ab864cf52aac29ecf/last_mlperf_logs' to '/home/krai/work_collection/generated_by_power_measurement_on_run_99bdbe34af11400ab864cf52aac29ecf/power_logs/ranging'
client 2023-08-15 18:35:43,812 [INFO] Running workload in testing mode
client 2023-08-15 18:35:43,812 [INFO] Synchronizing with the server and with time.google.com...
client 2023-08-15 18:35:43,906 [INFO] NTP:offset = 0.003 s, delay = 0.092 s 
client 2023-08-15 18:35:43,906 [INFO] Sending command to the server: 'time'
client 2023-08-15 18:35:43,908 [INFO] Got response: '1692142543.9117365'
client 2023-08-15 18:35:43,908 [INFO] The time difference between the client and the server is within range -4.933 ms..-3.264 ms
client 2023-08-15 18:35:43,908 [INFO] Sending command to the server: 'session,2023-08-15_18-24-58,start,testing'
client 2023-08-15 18:35:56,926 [INFO] Got response: 'OK'
client 2023-08-15 18:35:56,927 [INFO] Sending command to the server: 'time'
client 2023-08-15 18:35:56,928 [INFO] Got response: '1692142556.9321876'
client 2023-08-15 18:35:56,928 [INFO] The time difference between the client and the server is within range -4.960 ms..-3.315 ms
client 2023-08-15 18:35:56,929 [INFO] Running the workload 'axs byquery loadgen_output,object_detection,sut_name=e920d_q4_std,model_name=retinanet,framework=kilt,device=qaic,loadgen_mode=PerformanceOnly,loadgen_compliance_test-,loadgen_scenario=SingleStream,_with_power+,symlink_to=/home/krai/work_collection/generated_by_power_measurement_on_run_99bdbe34af11400ab864cf52aac29ecf/last_mlperf_logs,power_client_entrydic_path=/home/krai/work_collection/generated_by_power_measurement_on_run_99bdbe34af11400ab864cf52aac29ecf/program_output.json'
client 2023-08-15 18:46:02,810 [INFO] Sending command to the server: 'time'
client 2023-08-15 18:46:02,812 [INFO] Got response: '1692143162.8283355'
client 2023-08-15 18:46:02,812 [INFO] The time difference between the client and the server is within range -17.819 ms..-15.527 ms
client 2023-08-15 18:46:02,813 [INFO] Sending command to the server: 'session,2023-08-15_18-24-58,stop,testing'
client 2023-08-15 18:46:12,923 [INFO] Got response: 'OK'
client 2023-08-15 18:46:12,923 [INFO] Sending command to the server: 'time'
client 2023-08-15 18:46:12,924 [INFO] Got response: '1692143172.940562'
client 2023-08-15 18:46:12,924 [INFO] The time difference between the client and the server is within range -16.861 ms..-15.966 ms
client 2023-08-15 18:46:12,926 [INFO] Copying loadgen logs from '/home/krai/work_collection/generated_by_power_measurement_on_run_99bdbe34af11400ab864cf52aac29ecf/last_mlperf_logs' to '/home/krai/work_collection/generated_by_power_measurement_on_run_99bdbe34af11400ab864cf52aac29ecf/power_logs/run_1'
client 2023-08-15 18:46:12,927 [INFO] Done runs
