client 2023-08-07 18:28:41,263 [INFO] Creating output directory '/home/arjun/mobilenet_results/valid_results/orin-tflite_armnn_cpp-cpu-armnn_tflite-v23.05-using_neon/mobilenet-v3-precision_float-small-minimalistic-224/singlestream/performance/tmp_power'
client 2023-08-07 18:28:41,296 [INFO] Sending command to the server: 'mlcommons/power client v3'
client 2023-08-07 18:28:41,312 [INFO] Got response: 'mlcommons/power server v3'
client 2023-08-07 18:28:41,312 [INFO] Synchronizing with the server and with time.google.com...
client 2023-08-07 18:28:41,341 [INFO] NTP:offset = -0.004 s, delay = 0.014 s 
client 2023-08-07 18:28:41,341 [INFO] Sending command to the server: 'time'
client 2023-08-07 18:28:41,344 [INFO] Got response: '1691429321.264606'
client 2023-08-07 18:28:41,344 [INFO] The time difference between the client and the server is within range 76.843 ms..80.321 ms
client 2023-08-07 18:28:41,345 [INFO] Sending command to the server: 'new,,564db75b-98a4-4223-a64b-5134d24447cb'
client 2023-08-07 18:28:41,351 [INFO] Got response: 'OK 2023-08-07_18-28-41,95ef4dc4-bc62-47e9-9a36-36d399e68f47'
client 2023-08-07 18:28:41,351 [INFO] Session id is '2023-08-07_18-28-41'
client 2023-08-07 18:28:41,351 [INFO] Sources: {"sources": {"__init__.py": "da39a3ee5e6b4b0d3255bfef95601890afd80709", "client.py": "33ca4f26368777ac06e01f9567b714a4b8063886", "lib/__init__.py": "da39a3ee5e6b4b0d3255bfef95601890afd80709", "lib/client.py": "ac2aa093c8e8bbc9569b9e2a3471bc64e58a2258", "lib/common.py": "611d8b29633d331eb19c9455ea3b5fa3284ed6df", "lib/external/__init__.py": "da39a3ee5e6b4b0d3255bfef95601890afd80709", "lib/external/ntplib.py": "4da8f970656505a40483206ef2b5d3dd5e81711d", "lib/server.py": "c7af63c31bb2fbedea4345f571f6e3507d268ada", "lib/source_hashes.py": "60a2e02193209e8d392803326208d5466342da18", "lib/summary.py": "aa92f0a3f975eecd44d3c0cd0236342ccc9f941d", "lib/time_sync.py": "122eba67a9abc85635223e054def53be1367ade2", "server.py": "c3f90f2f7eeb4db30727556d0c815ebc89b3d28b", "tests/unit/__init__.py": "da39a3ee5e6b4b0d3255bfef95601890afd80709", "tests/unit/test_server.py": "948c1995d4008bc2aa6c4046a34ffa3858d6d671", "tests/unit/test_source_hashes.py": "00468a2907583c593e6574a1f6b404e4651c221a"}, "modules": {"ptd_client_server.lib.client": "lib/client.py", "ptd_client_server.lib.common": "lib/common.py", "ptd_client_server.lib.external.ntplib": "lib/external/ntplib.py", "ptd_client_server.lib.source_hashes": "lib/source_hashes.py", "ptd_client_server.lib.summary": "lib/summary.py", "ptd_client_server.lib.time_sync": "lib/time_sync.py"}}
client 2023-08-07 18:28:41,352 [INFO] Running workload in ranging mode
client 2023-08-07 18:28:41,352 [INFO] Synchronizing with the server and with time.google.com...
client 2023-08-07 18:28:41,368 [INFO] NTP:offset = -0.003 s, delay = 0.016 s 
client 2023-08-07 18:28:41,368 [INFO] Sending command to the server: 'time'
client 2023-08-07 18:28:41,383 [INFO] Got response: '1691429321.3055468'
client 2023-08-07 18:28:41,383 [INFO] The time difference between the client and the server is within range 63.420 ms..78.390 ms
client 2023-08-07 18:28:41,384 [INFO] Sending command to the server: 'session,2023-08-07_18-28-41,start,ranging'
client 2023-08-07 18:29:10,100 [INFO] Got response: 'OK'
client 2023-08-07 18:29:10,101 [INFO] Sending command to the server: 'time'
client 2023-08-07 18:29:10,107 [INFO] Got response: '1691429350.0226963'
client 2023-08-07 18:29:10,107 [INFO] The time difference between the client and the server is within range 78.428 ms..85.074 ms
client 2023-08-07 18:29:10,107 [INFO] Running the workload 'CM_MLPERF_RUN_COUNT=$(cat ${CM_RUN_DIR}/count.txt); echo ${CM_MLPERF_RUN_COUNT}; CM_MLPERF_RUN_COUNT=$((CM_MLPERF_RUN_COUNT+1)); echo ${CM_MLPERF_RUN_COUNT} > ${CM_RUN_DIR}/count.txt && if [ ${CM_MLPERF_RUN_COUNT} -eq "1" ]; then export CM_MLPERF_USER_CONF=${CM_MLPERF_RANGING_USER_CONF}; else export CM_MLPERF_USER_CONF=${CM_MLPERF_TESTING_USER_CONF}; fi && /mount/CM/repos/ctuning@mlcommons-ck/cm-mlops/script/run-all-mlperf-models/run.out'
client 2023-08-07 18:34:11,483 [INFO] Sending command to the server: 'time'
client 2023-08-07 18:34:11,491 [INFO] Got response: '1691429651.4093647'
client 2023-08-07 18:34:11,492 [INFO] The time difference between the client and the server is within range 74.198 ms..82.713 ms
client 2023-08-07 18:34:11,492 [INFO] Sending command to the server: 'session,2023-08-07_18-28-41,stop,ranging'
client 2023-08-07 18:34:22,355 [INFO] Got response: 'OK'
client 2023-08-07 18:34:22,355 [INFO] Sending command to the server: 'time'
client 2023-08-07 18:34:22,390 [INFO] Got response: '1691429662.273208'
client 2023-08-07 18:34:22,390 [INFO] The time difference between the client and the server is within range 82.703 ms..117.130 ms
client 2023-08-07 18:34:22,393 [INFO] Copying loadgen logs from '/home/arjun/mobilenet_results/valid_results/orin-tflite_armnn_cpp-cpu-armnn_tflite-v23.05-using_neon/mobilenet-v3-precision_float-small-minimalistic-224/singlestream/performance/run_1' to '/home/arjun/mobilenet_results/valid_results/orin-tflite_armnn_cpp-cpu-armnn_tflite-v23.05-using_neon/mobilenet-v3-precision_float-small-minimalistic-224/singlestream/performance/tmp_power/ranging'
client 2023-08-07 18:34:22,394 [INFO] Running workload in testing mode
client 2023-08-07 18:34:22,394 [INFO] Synchronizing with the server and with time.google.com...
client 2023-08-07 18:34:22,412 [INFO] NTP:offset = -0.002 s, delay = 0.017 s 
client 2023-08-07 18:34:22,412 [INFO] Sending command to the server: 'time'
client 2023-08-07 18:34:22,418 [INFO] Got response: '1691429662.3345454'
client 2023-08-07 18:34:22,419 [INFO] The time difference between the client and the server is within range 78.023 ms..84.482 ms
client 2023-08-07 18:34:22,419 [INFO] Sending command to the server: 'session,2023-08-07_18-28-41,start,testing'
client 2023-08-07 18:34:35,457 [INFO] Got response: 'OK'
client 2023-08-07 18:34:35,457 [INFO] Sending command to the server: 'time'
client 2023-08-07 18:34:35,463 [INFO] Got response: '1691429675.3813317'
client 2023-08-07 18:34:35,463 [INFO] The time difference between the client and the server is within range 75.870 ms..81.995 ms
client 2023-08-07 18:34:35,463 [INFO] Running the workload 'CM_MLPERF_RUN_COUNT=$(cat ${CM_RUN_DIR}/count.txt); echo ${CM_MLPERF_RUN_COUNT}; CM_MLPERF_RUN_COUNT=$((CM_MLPERF_RUN_COUNT+1)); echo ${CM_MLPERF_RUN_COUNT} > ${CM_RUN_DIR}/count.txt && if [ ${CM_MLPERF_RUN_COUNT} -eq "1" ]; then export CM_MLPERF_USER_CONF=${CM_MLPERF_RANGING_USER_CONF}; else export CM_MLPERF_USER_CONF=${CM_MLPERF_TESTING_USER_CONF}; fi && /mount/CM/repos/ctuning@mlcommons-ck/cm-mlops/script/run-all-mlperf-models/run.out'
client 2023-08-07 18:44:37,685 [INFO] Sending command to the server: 'time'
client 2023-08-07 18:44:37,775 [INFO] Got response: '1691430277.6095767'
client 2023-08-07 18:44:37,775 [INFO] The time difference between the client and the server is within range 76.072 ms..165.624 ms
client 2023-08-07 18:44:37,775 [INFO] Sending command to the server: 'session,2023-08-07_18-28-41,stop,testing'
client 2023-08-07 18:44:48,584 [INFO] Got response: 'OK'
client 2023-08-07 18:44:48,584 [INFO] Sending command to the server: 'time'
client 2023-08-07 18:44:48,685 [INFO] Got response: '1691430288.5849013'
client 2023-08-07 18:44:48,685 [INFO] The time difference between the client and the server is within range 0.003 ms..100.590 ms
client 2023-08-07 18:44:48,686 [INFO] Copying loadgen logs from '/home/arjun/mobilenet_results/valid_results/orin-tflite_armnn_cpp-cpu-armnn_tflite-v23.05-using_neon/mobilenet-v3-precision_float-small-minimalistic-224/singlestream/performance/run_1' to '/home/arjun/mobilenet_results/valid_results/orin-tflite_armnn_cpp-cpu-armnn_tflite-v23.05-using_neon/mobilenet-v3-precision_float-small-minimalistic-224/singlestream/performance/tmp_power/run_1'
client 2023-08-07 18:44:48,686 [INFO] Done runs
