client 2023-08-04 20:42:56,882 [INFO] Sending command to the server: 'mlcommons/power client v3'
client 2023-08-04 20:42:56,886 [INFO] Got response: 'mlcommons/power server v3'
client 2023-08-04 20:42:56,886 [INFO] Sending command to the server: 'stop'
client 2023-08-04 20:42:56,889 [INFO] Got response: 'OK'
client 2023-08-04 20:42:56,890 [INFO] Synchronizing with the server and with ib-01.dc4-in.nvidia.com...
client 2023-08-04 20:42:57,144 [INFO] NTP:offset = -0.006 s, delay = 0.219 s 
client 2023-08-04 20:42:57,145 [INFO] Sending command to the server: 'time'
client 2023-08-04 20:42:57,151 [INFO] Got response: '1691181777.140375'
client 2023-08-04 20:42:57,151 [INFO] The time difference between the client and the server is within range 5.241 ms..11.256 ms
client 2023-08-04 20:42:57,152 [INFO] Sending command to the server: 'new,,1f505f8e-c1a2-46bc-9477-a78ffa214449'
client 2023-08-04 20:42:57,157 [INFO] Got response: 'OK 2023-08-04_13-42-57,6d5afb0f-0799-4649-9376-e7db712310e5'
client 2023-08-04 20:42:57,157 [INFO] Session id is '2023-08-04_13-42-57'
client 2023-08-04 20:42:57,158 [INFO] Sources: {"sources": {"__init__.py": "da39a3ee5e6b4b0d3255bfef95601890afd80709", "client.py": "33ca4f26368777ac06e01f9567b714a4b8063886", "lib/__init__.py": "da39a3ee5e6b4b0d3255bfef95601890afd80709", "lib/client.py": "ac2aa093c8e8bbc9569b9e2a3471bc64e58a2258", "lib/common.py": "611d8b29633d331eb19c9455ea3b5fa3284ed6df", "lib/external/__init__.py": "da39a3ee5e6b4b0d3255bfef95601890afd80709", "lib/external/ntplib.py": "4da8f970656505a40483206ef2b5d3dd5e81711d", "lib/server.py": "c7af63c31bb2fbedea4345f571f6e3507d268ada", "lib/source_hashes.py": "60a2e02193209e8d392803326208d5466342da18", "lib/summary.py": "aa92f0a3f975eecd44d3c0cd0236342ccc9f941d", "lib/time_sync.py": "122eba67a9abc85635223e054def53be1367ade2", "server.py": "c3f90f2f7eeb4db30727556d0c815ebc89b3d28b", "tests/unit/__init__.py": "da39a3ee5e6b4b0d3255bfef95601890afd80709", "tests/unit/test_server.py": "948c1995d4008bc2aa6c4046a34ffa3858d6d671", "tests/unit/test_source_hashes.py": "00468a2907583c593e6574a1f6b404e4651c221a"}, "modules": {"ptd_client_server.lib.client": "lib/client.py", "ptd_client_server.lib.common": "lib/common.py", "ptd_client_server.lib.external.ntplib": "lib/external/ntplib.py", "ptd_client_server.lib.source_hashes": "lib/source_hashes.py", "ptd_client_server.lib.summary": "lib/summary.py", "ptd_client_server.lib.time_sync": "lib/time_sync.py"}}
client 2023-08-04 20:42:57,170 [INFO] Running workload in ranging mode
client 2023-08-04 20:42:57,171 [INFO] Synchronizing with the server and with ib-01.dc4-in.nvidia.com...
client 2023-08-04 20:42:57,404 [INFO] NTP:offset = -0.006 s, delay = 0.218 s 
client 2023-08-04 20:42:57,405 [INFO] Sending command to the server: 'time'
client 2023-08-04 20:42:57,410 [INFO] Got response: '1691181777.400865'
client 2023-08-04 20:42:57,411 [INFO] The time difference between the client and the server is within range 4.900 ms..10.644 ms
client 2023-08-04 20:42:57,412 [INFO] Sending command to the server: 'session,2023-08-04_13-42-57,start,ranging'
client 2023-08-04 20:43:25,520 [INFO] Got response: 'OK'
client 2023-08-04 20:43:25,522 [INFO] Sending command to the server: 'time'
client 2023-08-04 20:43:25,529 [INFO] Got response: '1691181805.5180223'
client 2023-08-04 20:43:25,530 [INFO] The time difference between the client and the server is within range 4.102 ms..12.372 ms
client 2023-08-04 20:43:25,531 [INFO] Running the workload 'LOG_DIR=/work/build/power_logs_temp python3.8 -m code.main --benchmarks=retinanet --scenarios=SingleStream --test_mode=PerformanceOnly --config_ver=maxq --action="run_harness" \\\n\t\t2>&1 | tee -a /work/build/power_logs/2023.08.04-20.42.08/stdout.txt \\\n\t\t&& if [ ! -d /work/build/power_logs/2023.08.04-20.42.08/ranging_tmp ]; \\\n\t\t\tthen mkdir /work/build/power_logs/2023.08.04-20.42.08/ranging_tmp \\\n\t\t\t\t&& mv /work/build/power_logs_temp/* /work/build/power_logs/2023.08.04-20.42.08/ranging_tmp/ \\\n\t\t\t\t&& cp -v /work/build/power_logs/2023.08.04-20.42.08/ranging_tmp/*/*/*/mlperf_log_detail.txt /work/build/power_logs_temp/ \\\n\t\t\t\t&& cp -v /work/build/power_logs/2023.08.04-20.42.08/ranging_tmp/*/*/*/mlperf_log_summary.txt /work/build/power_logs_temp/; \\\n\t\t\telse mkdir /work/build/power_logs/2023.08.04-20.42.08/testing_tmp \\\n\t\t\t\t&& mv /work/build/power_logs_temp/* /work/build/power_logs/2023.08.04-20.42.08/testing_tmp/ \\\n\t\t\t\t&& cp -v /work/build/power_logs/2023.08.04-20.42.08/testing_tmp/*/*/*/mlperf_log_detail.txt /work/build/power_logs_temp/ \\\n\t\t\t\t&& cp -v /work/build/power_logs/2023.08.04-20.42.08/testing_tmp/*/*/*/mlperf_log_summary.txt /work/build/power_logs_temp/; fi'
client 2023-08-04 20:53:54,457 [INFO] Sending command to the server: 'time'
client 2023-08-04 20:53:54,460 [INFO] Got response: '1691182434.457521'
client 2023-08-04 20:53:54,461 [INFO] The time difference between the client and the server is within range 0.179 ms..3.549 ms
client 2023-08-04 20:53:54,461 [INFO] Sending command to the server: 'session,2023-08-04_13-42-57,stop,ranging'
client 2023-08-04 20:54:04,577 [INFO] Got response: 'OK'
client 2023-08-04 20:54:04,578 [INFO] Sending command to the server: 'time'
client 2023-08-04 20:54:04,584 [INFO] Got response: '1691182444.5799909'
client 2023-08-04 20:54:04,585 [INFO] The time difference between the client and the server is within range -1.286 ms..5.149 ms
client 2023-08-04 20:54:04,677 [INFO] Copying loadgen logs from '/work/build/power_logs_temp' to '/work/build/power_logs/2023.08.04-20.42.08/2023-08-04_13-42-57/ranging'
client 2023-08-04 20:54:04,746 [INFO] Running workload in testing mode
client 2023-08-04 20:54:04,747 [INFO] Synchronizing with the server and with ib-01.dc4-in.nvidia.com...
client 2023-08-04 20:54:04,977 [INFO] NTP:offset = -0.001 s, delay = 0.218 s 
client 2023-08-04 20:54:04,978 [INFO] Sending command to the server: 'time'
client 2023-08-04 20:54:04,984 [INFO] Got response: '1691182444.9793026'
client 2023-08-04 20:54:04,985 [INFO] The time difference between the client and the server is within range -0.852 ms..5.892 ms
client 2023-08-04 20:54:04,986 [INFO] Sending command to the server: 'session,2023-08-04_13-42-57,start,testing'
client 2023-08-04 20:54:18,014 [INFO] Got response: 'OK'
client 2023-08-04 20:54:18,015 [INFO] Sending command to the server: 'time'
client 2023-08-04 20:54:18,020 [INFO] Got response: '1691182458.0166454'
client 2023-08-04 20:54:18,021 [INFO] The time difference between the client and the server is within range -1.225 ms..4.845 ms
client 2023-08-04 20:54:18,022 [INFO] Running the workload 'LOG_DIR=/work/build/power_logs_temp python3.8 -m code.main --benchmarks=retinanet --scenarios=SingleStream --test_mode=PerformanceOnly --config_ver=maxq --action="run_harness" \\\n\t\t2>&1 | tee -a /work/build/power_logs/2023.08.04-20.42.08/stdout.txt \\\n\t\t&& if [ ! -d /work/build/power_logs/2023.08.04-20.42.08/ranging_tmp ]; \\\n\t\t\tthen mkdir /work/build/power_logs/2023.08.04-20.42.08/ranging_tmp \\\n\t\t\t\t&& mv /work/build/power_logs_temp/* /work/build/power_logs/2023.08.04-20.42.08/ranging_tmp/ \\\n\t\t\t\t&& cp -v /work/build/power_logs/2023.08.04-20.42.08/ranging_tmp/*/*/*/mlperf_log_detail.txt /work/build/power_logs_temp/ \\\n\t\t\t\t&& cp -v /work/build/power_logs/2023.08.04-20.42.08/ranging_tmp/*/*/*/mlperf_log_summary.txt /work/build/power_logs_temp/; \\\n\t\t\telse mkdir /work/build/power_logs/2023.08.04-20.42.08/testing_tmp \\\n\t\t\t\t&& mv /work/build/power_logs_temp/* /work/build/power_logs/2023.08.04-20.42.08/testing_tmp/ \\\n\t\t\t\t&& cp -v /work/build/power_logs/2023.08.04-20.42.08/testing_tmp/*/*/*/mlperf_log_detail.txt /work/build/power_logs_temp/ \\\n\t\t\t\t&& cp -v /work/build/power_logs/2023.08.04-20.42.08/testing_tmp/*/*/*/mlperf_log_summary.txt /work/build/power_logs_temp/; fi'
client 2023-08-04 21:04:40,066 [INFO] Sending command to the server: 'time'
client 2023-08-04 21:04:40,069 [INFO] Got response: '1691183080.06926'
client 2023-08-04 21:04:40,069 [INFO] The time difference between the client and the server is within range -3.337 ms..0.056 ms
client 2023-08-04 21:04:40,069 [INFO] Sending command to the server: 'session,2023-08-04_13-42-57,stop,testing'
client 2023-08-04 21:04:51,062 [INFO] Got response: 'OK'
client 2023-08-04 21:04:51,064 [INFO] Sending command to the server: 'time'
client 2023-08-04 21:04:51,071 [INFO] Got response: '1691183091.0691187'
client 2023-08-04 21:04:51,072 [INFO] The time difference between the client and the server is within range -4.614 ms..3.257 ms
client 2023-08-04 21:04:51,104 [INFO] Copying loadgen logs from '/work/build/power_logs_temp' to '/work/build/power_logs/2023.08.04-20.42.08/2023-08-04_13-42-57/run_1'
client 2023-08-04 21:04:51,158 [INFO] Done runs
