client 2023-07-09 03:23:57,368 [INFO] Creating output directory '/home/arjun/mobilenet_results/valid_results/orin-tflite_cpp-cpu-tflite-vmaster-default_config/mobilenet-v1-precision_uint8-1.0-224/singlestream/performance/tmp_power'
client 2023-07-09 03:23:57,434 [INFO] Sending command to the server: 'mlcommons/power client v3'
client 2023-07-09 03:23:57,438 [INFO] Got response: 'mlcommons/power server v3'
client 2023-07-09 03:23:57,438 [INFO] Synchronizing with the server and with time.google.com...
client 2023-07-09 03:23:57,461 [INFO] NTP:offset = 0.000 s, delay = 0.012 s 
client 2023-07-09 03:23:57,462 [INFO] Sending command to the server: 'time'
client 2023-07-09 03:23:57,472 [INFO] Got response: '1688869437.4564734'
client 2023-07-09 03:23:57,472 [INFO] The time difference between the client and the server is within range 5.511 ms..16.099 ms
client 2023-07-09 03:23:57,472 [INFO] Sending command to the server: 'new,,f8f39523-c7f4-4240-a66b-0e2bc8122a2a'
client 2023-07-09 03:23:57,479 [INFO] Got response: 'OK 2023-07-09_02-23-57,1709f3dd-ea43-4fd3-b8ac-9473cd3372ff'
client 2023-07-09 03:23:57,479 [INFO] Session id is '2023-07-09_02-23-57'
client 2023-07-09 03:23:57,480 [INFO] Sources: {"sources": {"__init__.py": "da39a3ee5e6b4b0d3255bfef95601890afd80709", "client.py": "33ca4f26368777ac06e01f9567b714a4b8063886", "lib/__init__.py": "da39a3ee5e6b4b0d3255bfef95601890afd80709", "lib/client.py": "ac2aa093c8e8bbc9569b9e2a3471bc64e58a2258", "lib/common.py": "611d8b29633d331eb19c9455ea3b5fa3284ed6df", "lib/external/__init__.py": "da39a3ee5e6b4b0d3255bfef95601890afd80709", "lib/external/ntplib.py": "4da8f970656505a40483206ef2b5d3dd5e81711d", "lib/server.py": "c7af63c31bb2fbedea4345f571f6e3507d268ada", "lib/source_hashes.py": "60a2e02193209e8d392803326208d5466342da18", "lib/summary.py": "aa92f0a3f975eecd44d3c0cd0236342ccc9f941d", "lib/time_sync.py": "122eba67a9abc85635223e054def53be1367ade2", "server.py": "c3f90f2f7eeb4db30727556d0c815ebc89b3d28b", "tests/unit/__init__.py": "da39a3ee5e6b4b0d3255bfef95601890afd80709", "tests/unit/test_server.py": "948c1995d4008bc2aa6c4046a34ffa3858d6d671", "tests/unit/test_source_hashes.py": "00468a2907583c593e6574a1f6b404e4651c221a"}, "modules": {"ptd_client_server.lib.client": "lib/client.py", "ptd_client_server.lib.common": "lib/common.py", "ptd_client_server.lib.external.ntplib": "lib/external/ntplib.py", "ptd_client_server.lib.source_hashes": "lib/source_hashes.py", "ptd_client_server.lib.summary": "lib/summary.py", "ptd_client_server.lib.time_sync": "lib/time_sync.py"}}
client 2023-07-09 03:23:57,481 [INFO] Running workload in ranging mode
client 2023-07-09 03:23:57,481 [INFO] Synchronizing with the server and with time.google.com...
client 2023-07-09 03:23:57,501 [INFO] NTP:offset = -0.000 s, delay = 0.016 s 
client 2023-07-09 03:23:57,501 [INFO] Sending command to the server: 'time'
client 2023-07-09 03:23:57,505 [INFO] Got response: '1688869437.4964876'
client 2023-07-09 03:23:57,505 [INFO] The time difference between the client and the server is within range 5.010 ms..8.744 ms
client 2023-07-09 03:23:57,505 [INFO] Sending command to the server: 'session,2023-07-09_02-23-57,start,ranging'
client 2023-07-09 03:24:25,623 [INFO] Got response: 'OK'
client 2023-07-09 03:24:25,624 [INFO] Sending command to the server: 'time'
client 2023-07-09 03:24:25,627 [INFO] Got response: '1688869465.6182265'
client 2023-07-09 03:24:25,628 [INFO] The time difference between the client and the server is within range 5.965 ms..10.030 ms
client 2023-07-09 03:24:25,628 [INFO] Running the workload 'CM_MLPERF_RUN_COUNT=$(cat ${CM_RUN_DIR}/count.txt); echo ${CM_MLPERF_RUN_COUNT}; CM_MLPERF_RUN_COUNT=$((CM_MLPERF_RUN_COUNT+1)); echo ${CM_MLPERF_RUN_COUNT} > ${CM_RUN_DIR}/count.txt && if [ ${CM_MLPERF_RUN_COUNT} -eq "1" ]; then export CM_MLPERF_USER_CONF=${CM_MLPERF_RANGING_USER_CONF}; else export CM_MLPERF_USER_CONF=${CM_MLPERF_TESTING_USER_CONF}; fi && /mount/CM/repos/ctuning@mlcommons-ck/cm-mlops/script/run.out'
client 2023-07-09 03:26:31,552 [INFO] Sending command to the server: 'time'
client 2023-07-09 03:26:31,652 [INFO] Got response: '1688869591.6421719'
client 2023-07-09 03:26:31,652 [INFO] The time difference between the client and the server is within range -89.679 ms..10.384 ms
client 2023-07-09 03:26:31,652 [INFO] Sending command to the server: 'session,2023-07-09_02-23-57,stop,ranging'
client 2023-07-09 03:26:42,673 [INFO] Got response: 'OK'
client 2023-07-09 03:26:42,673 [INFO] Sending command to the server: 'time'
client 2023-07-09 03:26:42,677 [INFO] Got response: '1688869602.6674'
client 2023-07-09 03:26:42,677 [INFO] The time difference between the client and the server is within range 6.459 ms..10.289 ms
client 2023-07-09 03:26:42,697 [INFO] Copying loadgen logs from '/home/arjun/mobilenet_results/valid_results/orin-tflite_cpp-cpu-tflite-vmaster-default_config/mobilenet-v1-precision_uint8-1.0-224/singlestream/performance/run_1' to '/home/arjun/mobilenet_results/valid_results/orin-tflite_cpp-cpu-tflite-vmaster-default_config/mobilenet-v1-precision_uint8-1.0-224/singlestream/performance/tmp_power/ranging'
client 2023-07-09 03:26:42,699 [INFO] Running workload in testing mode
client 2023-07-09 03:26:42,699 [INFO] Synchronizing with the server and with time.google.com...
client 2023-07-09 03:26:42,720 [INFO] NTP:offset = -0.001 s, delay = 0.016 s 
client 2023-07-09 03:26:42,720 [INFO] Sending command to the server: 'time'
client 2023-07-09 03:26:42,724 [INFO] Got response: '1688869602.7148228'
client 2023-07-09 03:26:42,724 [INFO] The time difference between the client and the server is within range 6.104 ms..9.801 ms
client 2023-07-09 03:26:42,724 [INFO] Sending command to the server: 'session,2023-07-09_02-23-57,start,testing'
client 2023-07-09 03:26:55,749 [INFO] Got response: 'OK'
client 2023-07-09 03:26:55,750 [INFO] Sending command to the server: 'time'
client 2023-07-09 03:26:55,753 [INFO] Got response: '1688869615.7435796'
client 2023-07-09 03:26:55,754 [INFO] The time difference between the client and the server is within range 6.498 ms..10.672 ms
client 2023-07-09 03:26:55,754 [INFO] Running the workload 'CM_MLPERF_RUN_COUNT=$(cat ${CM_RUN_DIR}/count.txt); echo ${CM_MLPERF_RUN_COUNT}; CM_MLPERF_RUN_COUNT=$((CM_MLPERF_RUN_COUNT+1)); echo ${CM_MLPERF_RUN_COUNT} > ${CM_RUN_DIR}/count.txt && if [ ${CM_MLPERF_RUN_COUNT} -eq "1" ]; then export CM_MLPERF_USER_CONF=${CM_MLPERF_RANGING_USER_CONF}; else export CM_MLPERF_USER_CONF=${CM_MLPERF_TESTING_USER_CONF}; fi && /mount/CM/repos/ctuning@mlcommons-ck/cm-mlops/script/run.out'
client 2023-07-09 03:37:07,345 [INFO] Sending command to the server: 'time'
client 2023-07-09 03:37:07,455 [INFO] Got response: '1688870227.4420044'
client 2023-07-09 03:37:07,456 [INFO] The time difference between the client and the server is within range -96.673 ms..14.240 ms
client 2023-07-09 03:37:07,456 [INFO] Sending command to the server: 'session,2023-07-09_02-23-57,stop,testing'
client 2023-07-09 03:37:17,809 [INFO] Got response: 'OK'
client 2023-07-09 03:37:17,810 [INFO] Sending command to the server: 'time'
client 2023-07-09 03:37:17,814 [INFO] Got response: '1688870237.8000283'
client 2023-07-09 03:37:17,815 [INFO] The time difference between the client and the server is within range 10.429 ms..15.266 ms
client 2023-07-09 03:37:17,819 [INFO] Copying loadgen logs from '/home/arjun/mobilenet_results/valid_results/orin-tflite_cpp-cpu-tflite-vmaster-default_config/mobilenet-v1-precision_uint8-1.0-224/singlestream/performance/run_1' to '/home/arjun/mobilenet_results/valid_results/orin-tflite_cpp-cpu-tflite-vmaster-default_config/mobilenet-v1-precision_uint8-1.0-224/singlestream/performance/tmp_power/run_1'
client 2023-07-09 03:37:17,822 [INFO] Done runs
