client 2023-08-07 01:29:28,459 [INFO] Creating output directory '/home/arjun/mobilenet_results/valid_results/orin-tflite_armnn_cpp-cpu-armnn_tflite-v23.05-using_neon/mobilenet-v1-precision_uint8-1.0-128/singlestream/performance/tmp_power'
client 2023-08-07 01:29:28,462 [INFO] Sending command to the server: 'mlcommons/power client v3'
client 2023-08-07 01:29:28,465 [INFO] Got response: 'mlcommons/power server v3'
client 2023-08-07 01:29:28,465 [INFO] Synchronizing with the server and with time.google.com...
client 2023-08-07 01:29:28,480 [INFO] NTP:offset = 0.002 s, delay = 0.012 s 
client 2023-08-07 01:29:28,480 [INFO] Sending command to the server: 'time'
client 2023-08-07 01:29:28,483 [INFO] Got response: '1691368168.5455434'
client 2023-08-07 01:29:28,483 [INFO] The time difference between the client and the server is within range -64.749 ms..-61.602 ms
client 2023-08-07 01:29:28,484 [INFO] Sending command to the server: 'new,,bb27c6b6-41f0-4c37-8d7b-bf58ed4614e0'
client 2023-08-07 01:29:28,501 [INFO] Got response: 'OK 2023-08-07_01-29-28,d4b47df6-769e-4343-8d9f-3b14b36624ae'
client 2023-08-07 01:29:28,501 [INFO] Session id is '2023-08-07_01-29-28'
client 2023-08-07 01:29:28,502 [INFO] Sources: {"sources": {"__init__.py": "da39a3ee5e6b4b0d3255bfef95601890afd80709", "client.py": "33ca4f26368777ac06e01f9567b714a4b8063886", "lib/__init__.py": "da39a3ee5e6b4b0d3255bfef95601890afd80709", "lib/client.py": "ac2aa093c8e8bbc9569b9e2a3471bc64e58a2258", "lib/common.py": "611d8b29633d331eb19c9455ea3b5fa3284ed6df", "lib/external/__init__.py": "da39a3ee5e6b4b0d3255bfef95601890afd80709", "lib/external/ntplib.py": "4da8f970656505a40483206ef2b5d3dd5e81711d", "lib/server.py": "c7af63c31bb2fbedea4345f571f6e3507d268ada", "lib/source_hashes.py": "60a2e02193209e8d392803326208d5466342da18", "lib/summary.py": "aa92f0a3f975eecd44d3c0cd0236342ccc9f941d", "lib/time_sync.py": "122eba67a9abc85635223e054def53be1367ade2", "server.py": "c3f90f2f7eeb4db30727556d0c815ebc89b3d28b", "tests/unit/__init__.py": "da39a3ee5e6b4b0d3255bfef95601890afd80709", "tests/unit/test_server.py": "948c1995d4008bc2aa6c4046a34ffa3858d6d671", "tests/unit/test_source_hashes.py": "00468a2907583c593e6574a1f6b404e4651c221a"}, "modules": {"ptd_client_server.lib.client": "lib/client.py", "ptd_client_server.lib.common": "lib/common.py", "ptd_client_server.lib.external.ntplib": "lib/external/ntplib.py", "ptd_client_server.lib.source_hashes": "lib/source_hashes.py", "ptd_client_server.lib.summary": "lib/summary.py", "ptd_client_server.lib.time_sync": "lib/time_sync.py"}}
client 2023-08-07 01:29:28,502 [INFO] Running workload in ranging mode
client 2023-08-07 01:29:28,502 [INFO] Synchronizing with the server and with time.google.com...
client 2023-08-07 01:29:28,515 [INFO] NTP:offset = 0.002 s, delay = 0.012 s 
client 2023-08-07 01:29:28,515 [INFO] Sending command to the server: 'time'
client 2023-08-07 01:29:28,521 [INFO] Got response: '1691368168.5854092'
client 2023-08-07 01:29:28,521 [INFO] The time difference between the client and the server is within range -70.034 ms..-64.213 ms
client 2023-08-07 01:29:28,521 [INFO] Sending command to the server: 'session,2023-08-07_01-29-28,start,ranging'
client 2023-08-07 01:29:57,281 [INFO] Got response: 'OK'
client 2023-08-07 01:29:57,282 [INFO] Sending command to the server: 'time'
client 2023-08-07 01:29:57,285 [INFO] Got response: '1691368197.3518398'
client 2023-08-07 01:29:57,285 [INFO] The time difference between the client and the server is within range -69.765 ms..-66.027 ms
client 2023-08-07 01:29:57,285 [INFO] Running the workload 'CM_MLPERF_RUN_COUNT=$(cat ${CM_RUN_DIR}/count.txt); echo ${CM_MLPERF_RUN_COUNT}; CM_MLPERF_RUN_COUNT=$((CM_MLPERF_RUN_COUNT+1)); echo ${CM_MLPERF_RUN_COUNT} > ${CM_RUN_DIR}/count.txt && if [ ${CM_MLPERF_RUN_COUNT} -eq "1" ]; then export CM_MLPERF_USER_CONF=${CM_MLPERF_RANGING_USER_CONF}; else export CM_MLPERF_USER_CONF=${CM_MLPERF_TESTING_USER_CONF}; fi && /mount/CM/repos/ctuning@mlcommons-ck/cm-mlops/script/run-all-mlperf-models/run.out'
client 2023-08-07 01:34:58,617 [INFO] Sending command to the server: 'time'
client 2023-08-07 01:34:58,633 [INFO] Got response: '1691368498.692344'
client 2023-08-07 01:34:58,634 [INFO] The time difference between the client and the server is within range -74.690 ms..-58.270 ms
client 2023-08-07 01:34:58,634 [INFO] Sending command to the server: 'session,2023-08-07_01-29-28,stop,ranging'
client 2023-08-07 01:35:09,898 [INFO] Got response: 'OK'
client 2023-08-07 01:35:09,898 [INFO] Sending command to the server: 'time'
client 2023-08-07 01:35:09,901 [INFO] Got response: '1691368509.9662385'
client 2023-08-07 01:35:09,901 [INFO] The time difference between the client and the server is within range -67.946 ms..-65.085 ms
client 2023-08-07 01:35:09,904 [INFO] Copying loadgen logs from '/home/arjun/mobilenet_results/valid_results/orin-tflite_armnn_cpp-cpu-armnn_tflite-v23.05-using_neon/mobilenet-v1-precision_uint8-1.0-128/singlestream/performance/run_1' to '/home/arjun/mobilenet_results/valid_results/orin-tflite_armnn_cpp-cpu-armnn_tflite-v23.05-using_neon/mobilenet-v1-precision_uint8-1.0-128/singlestream/performance/tmp_power/ranging'
client 2023-08-07 01:35:09,905 [INFO] Running workload in testing mode
client 2023-08-07 01:35:09,905 [INFO] Synchronizing with the server and with time.google.com...
client 2023-08-07 01:35:09,935 [INFO] NTP:offset = 0.002 s, delay = 0.017 s 
client 2023-08-07 01:35:09,935 [INFO] Sending command to the server: 'time'
client 2023-08-07 01:35:09,940 [INFO] Got response: '1691368510.0060632'
client 2023-08-07 01:35:09,940 [INFO] The time difference between the client and the server is within range -70.843 ms..-65.785 ms
client 2023-08-07 01:35:09,940 [INFO] Sending command to the server: 'session,2023-08-07_01-29-28,start,testing'
client 2023-08-07 01:35:22,983 [INFO] Got response: 'OK'
client 2023-08-07 01:35:22,983 [INFO] Sending command to the server: 'time'
client 2023-08-07 01:35:22,987 [INFO] Got response: '1691368523.0517023'
client 2023-08-07 01:35:22,987 [INFO] The time difference between the client and the server is within range -68.373 ms..-64.299 ms
client 2023-08-07 01:35:22,987 [INFO] Running the workload 'CM_MLPERF_RUN_COUNT=$(cat ${CM_RUN_DIR}/count.txt); echo ${CM_MLPERF_RUN_COUNT}; CM_MLPERF_RUN_COUNT=$((CM_MLPERF_RUN_COUNT+1)); echo ${CM_MLPERF_RUN_COUNT} > ${CM_RUN_DIR}/count.txt && if [ ${CM_MLPERF_RUN_COUNT} -eq "1" ]; then export CM_MLPERF_USER_CONF=${CM_MLPERF_RANGING_USER_CONF}; else export CM_MLPERF_USER_CONF=${CM_MLPERF_TESTING_USER_CONF}; fi && /mount/CM/repos/ctuning@mlcommons-ck/cm-mlops/script/run-all-mlperf-models/run.out'
client 2023-08-07 01:45:25,268 [INFO] Sending command to the server: 'time'
client 2023-08-07 01:45:25,274 [INFO] Got response: '1691369125.3348482'
client 2023-08-07 01:45:25,274 [INFO] The time difference between the client and the server is within range -66.089 ms..-60.480 ms
client 2023-08-07 01:45:25,274 [INFO] Sending command to the server: 'session,2023-08-07_01-29-28,stop,testing'
client 2023-08-07 01:45:36,062 [INFO] Got response: 'OK'
client 2023-08-07 01:45:36,062 [INFO] Sending command to the server: 'time'
client 2023-08-07 01:45:36,064 [INFO] Got response: '1691369136.130858'
client 2023-08-07 01:45:36,064 [INFO] The time difference between the client and the server is within range -68.316 ms..-65.905 ms
client 2023-08-07 01:45:36,065 [INFO] Copying loadgen logs from '/home/arjun/mobilenet_results/valid_results/orin-tflite_armnn_cpp-cpu-armnn_tflite-v23.05-using_neon/mobilenet-v1-precision_uint8-1.0-128/singlestream/performance/run_1' to '/home/arjun/mobilenet_results/valid_results/orin-tflite_armnn_cpp-cpu-armnn_tflite-v23.05-using_neon/mobilenet-v1-precision_uint8-1.0-128/singlestream/performance/tmp_power/run_1'
client 2023-08-07 01:45:36,066 [INFO] Done runs
