client 2023-07-11 23:09:08,830 [INFO] Creating output directory '/home/arjun/mobilenet_results/valid_results/orin-tflite_armnn_cpp-cpu-armnn_tflite-v22.11-using_neon/mobilenet-v2-precision_float-0.35-224/singlestream/performance/tmp_power'
client 2023-07-11 23:09:08,832 [INFO] Sending command to the server: 'mlcommons/power client v3'
client 2023-07-11 23:09:08,835 [INFO] Got response: 'mlcommons/power server v3'
client 2023-07-11 23:09:08,835 [INFO] Synchronizing with the server and with time.google.com...
client 2023-07-11 23:09:08,853 [INFO] NTP:offset = -0.008 s, delay = 0.014 s 
client 2023-07-11 23:09:08,853 [INFO] Sending command to the server: 'time'
client 2023-07-11 23:09:08,856 [INFO] Got response: '1689113348.722942'
client 2023-07-11 23:09:08,856 [INFO] The time difference between the client and the server is within range 130.998 ms..133.299 ms
client 2023-07-11 23:09:08,856 [INFO] Sending command to the server: 'new,,ffb3e56c-35b1-4c40-a677-da33c9b03549'
client 2023-07-11 23:09:08,858 [INFO] Got response: 'OK 2023-07-11_23-09-08,c4b6aabe-6b68-4eb4-bc0f-937d400c6576'
client 2023-07-11 23:09:08,858 [INFO] Session id is '2023-07-11_23-09-08'
client 2023-07-11 23:09:08,859 [INFO] Sources: {"sources": {"__init__.py": "da39a3ee5e6b4b0d3255bfef95601890afd80709", "client.py": "33ca4f26368777ac06e01f9567b714a4b8063886", "lib/__init__.py": "da39a3ee5e6b4b0d3255bfef95601890afd80709", "lib/client.py": "ac2aa093c8e8bbc9569b9e2a3471bc64e58a2258", "lib/common.py": "611d8b29633d331eb19c9455ea3b5fa3284ed6df", "lib/external/__init__.py": "da39a3ee5e6b4b0d3255bfef95601890afd80709", "lib/external/ntplib.py": "4da8f970656505a40483206ef2b5d3dd5e81711d", "lib/server.py": "c7af63c31bb2fbedea4345f571f6e3507d268ada", "lib/source_hashes.py": "60a2e02193209e8d392803326208d5466342da18", "lib/summary.py": "aa92f0a3f975eecd44d3c0cd0236342ccc9f941d", "lib/time_sync.py": "122eba67a9abc85635223e054def53be1367ade2", "server.py": "c3f90f2f7eeb4db30727556d0c815ebc89b3d28b", "tests/unit/__init__.py": "da39a3ee5e6b4b0d3255bfef95601890afd80709", "tests/unit/test_server.py": "948c1995d4008bc2aa6c4046a34ffa3858d6d671", "tests/unit/test_source_hashes.py": "00468a2907583c593e6574a1f6b404e4651c221a"}, "modules": {"ptd_client_server.lib.client": "lib/client.py", "ptd_client_server.lib.common": "lib/common.py", "ptd_client_server.lib.external.ntplib": "lib/external/ntplib.py", "ptd_client_server.lib.source_hashes": "lib/source_hashes.py", "ptd_client_server.lib.summary": "lib/summary.py", "ptd_client_server.lib.time_sync": "lib/time_sync.py"}}
client 2023-07-11 23:09:08,859 [INFO] Running workload in ranging mode
client 2023-07-11 23:09:08,859 [INFO] Synchronizing with the server and with time.google.com...
client 2023-07-11 23:09:08,875 [INFO] NTP:offset = -0.008 s, delay = 0.015 s 
client 2023-07-11 23:09:08,875 [INFO] Sending command to the server: 'time'
client 2023-07-11 23:09:08,877 [INFO] Got response: '1689113348.742956'
client 2023-07-11 23:09:08,877 [INFO] The time difference between the client and the server is within range 132.432 ms..134.801 ms
client 2023-07-11 23:09:08,877 [INFO] Sending command to the server: 'session,2023-07-11_23-09-08,start,ranging'
client 2023-07-11 23:09:37,489 [INFO] Got response: 'OK'
client 2023-07-11 23:09:37,490 [INFO] Sending command to the server: 'time'
client 2023-07-11 23:09:37,494 [INFO] Got response: '1689113377.3630245'
client 2023-07-11 23:09:37,495 [INFO] The time difference between the client and the server is within range 127.888 ms..132.130 ms
client 2023-07-11 23:09:37,495 [INFO] Running the workload 'CM_MLPERF_RUN_COUNT=$(cat ${CM_RUN_DIR}/count.txt); echo ${CM_MLPERF_RUN_COUNT}; CM_MLPERF_RUN_COUNT=$((CM_MLPERF_RUN_COUNT+1)); echo ${CM_MLPERF_RUN_COUNT} > ${CM_RUN_DIR}/count.txt && if [ ${CM_MLPERF_RUN_COUNT} -eq "1" ]; then export CM_MLPERF_USER_CONF=${CM_MLPERF_RANGING_USER_CONF}; else export CM_MLPERF_USER_CONF=${CM_MLPERF_TESTING_USER_CONF}; fi && /home/arjun/run.out'
client 2023-07-11 23:14:39,167 [INFO] Sending command to the server: 'time'
client 2023-07-11 23:14:39,170 [INFO] Got response: '1689113679.031929'
client 2023-07-11 23:14:39,170 [INFO] The time difference between the client and the server is within range 135.026 ms..138.377 ms
client 2023-07-11 23:14:39,170 [INFO] Sending command to the server: 'session,2023-07-11_23-09-08,stop,ranging'
client 2023-07-11 23:14:49,716 [INFO] Got response: 'OK'
client 2023-07-11 23:14:49,717 [INFO] Sending command to the server: 'time'
client 2023-07-11 23:14:49,721 [INFO] Got response: '1689113689.5800376'
client 2023-07-11 23:14:49,721 [INFO] The time difference between the client and the server is within range 137.142 ms..141.479 ms
client 2023-07-11 23:14:49,745 [INFO] Copying loadgen logs from '/home/arjun/mobilenet_results/valid_results/orin-tflite_armnn_cpp-cpu-armnn_tflite-v22.11-using_neon/mobilenet-v2-precision_float-0.35-224/singlestream/performance/run_1' to '/home/arjun/mobilenet_results/valid_results/orin-tflite_armnn_cpp-cpu-armnn_tflite-v22.11-using_neon/mobilenet-v2-precision_float-0.35-224/singlestream/performance/tmp_power/ranging'
client 2023-07-11 23:14:49,747 [INFO] Running workload in testing mode
client 2023-07-11 23:14:49,748 [INFO] Synchronizing with the server and with time.google.com...
client 2023-07-11 23:14:49,769 [INFO] NTP:offset = -0.008 s, delay = 0.017 s 
client 2023-07-11 23:14:49,769 [INFO] Sending command to the server: 'time'
client 2023-07-11 23:14:49,772 [INFO] Got response: '1689113689.6402478'
client 2023-07-11 23:14:49,772 [INFO] The time difference between the client and the server is within range 129.694 ms..132.474 ms
client 2023-07-11 23:14:49,772 [INFO] Sending command to the server: 'session,2023-07-11_23-09-08,start,testing'
client 2023-07-11 23:15:02,821 [INFO] Got response: 'OK'
client 2023-07-11 23:15:02,822 [INFO] Sending command to the server: 'time'
client 2023-07-11 23:15:02,825 [INFO] Got response: '1689113702.686683'
client 2023-07-11 23:15:02,826 [INFO] The time difference between the client and the server is within range 135.854 ms..139.683 ms
client 2023-07-11 23:15:02,826 [INFO] Running the workload 'CM_MLPERF_RUN_COUNT=$(cat ${CM_RUN_DIR}/count.txt); echo ${CM_MLPERF_RUN_COUNT}; CM_MLPERF_RUN_COUNT=$((CM_MLPERF_RUN_COUNT+1)); echo ${CM_MLPERF_RUN_COUNT} > ${CM_RUN_DIR}/count.txt && if [ ${CM_MLPERF_RUN_COUNT} -eq "1" ]; then export CM_MLPERF_USER_CONF=${CM_MLPERF_RANGING_USER_CONF}; else export CM_MLPERF_USER_CONF=${CM_MLPERF_TESTING_USER_CONF}; fi && /home/arjun/run.out'
client 2023-07-11 23:25:05,773 [INFO] Sending command to the server: 'time'
client 2023-07-11 23:25:05,777 [INFO] Got response: '1689114305.6376567'
client 2023-07-11 23:25:05,777 [INFO] The time difference between the client and the server is within range 135.868 ms..139.546 ms
client 2023-07-11 23:25:05,777 [INFO] Sending command to the server: 'session,2023-07-11_23-09-08,stop,testing'
client 2023-07-11 23:25:15,908 [INFO] Got response: 'OK'
client 2023-07-11 23:25:15,909 [INFO] Sending command to the server: 'time'
client 2023-07-11 23:25:15,912 [INFO] Got response: '1689114315.765522'
client 2023-07-11 23:25:15,913 [INFO] The time difference between the client and the server is within range 143.595 ms..147.688 ms
client 2023-07-11 23:25:15,917 [INFO] Copying loadgen logs from '/home/arjun/mobilenet_results/valid_results/orin-tflite_armnn_cpp-cpu-armnn_tflite-v22.11-using_neon/mobilenet-v2-precision_float-0.35-224/singlestream/performance/run_1' to '/home/arjun/mobilenet_results/valid_results/orin-tflite_armnn_cpp-cpu-armnn_tflite-v22.11-using_neon/mobilenet-v2-precision_float-0.35-224/singlestream/performance/tmp_power/run_1'
client 2023-07-11 23:25:15,920 [INFO] Done runs
