client 2023-07-09 23:41:28,620 [INFO] Creating output directory '/home/arjun/mobilenet_results/valid_results/orin-tflite_cpp-cpu-tflite-vmaster-default_config/mobilenet-v2-precision_uint8-0.5-160/singlestream/performance/tmp_power'
client 2023-07-09 23:41:28,624 [INFO] Sending command to the server: 'mlcommons/power client v3'
client 2023-07-09 23:41:28,626 [INFO] Got response: 'mlcommons/power server v3'
client 2023-07-09 23:41:28,626 [INFO] Synchronizing with the server and with time.google.com...
client 2023-07-09 23:41:28,649 [INFO] NTP:offset = 0.000 s, delay = 0.018 s 
client 2023-07-09 23:41:28,649 [INFO] Sending command to the server: 'time'
client 2023-07-09 23:41:28,651 [INFO] Got response: '1688942488.650767'
client 2023-07-09 23:41:28,651 [INFO] The time difference between the client and the server is within range -1.359 ms..1.096 ms
client 2023-07-09 23:41:28,651 [INFO] Sending command to the server: 'new,,0ea4183f-3d50-4965-882b-2d4f15abe0f5'
client 2023-07-09 23:41:28,654 [INFO] Got response: 'OK 2023-07-09_22-41-28,f12fbc05-422d-4105-8c69-5efb8aaae3e7'
client 2023-07-09 23:41:28,654 [INFO] Session id is '2023-07-09_22-41-28'
client 2023-07-09 23:41:28,655 [INFO] Sources: {"sources": {"__init__.py": "da39a3ee5e6b4b0d3255bfef95601890afd80709", "client.py": "33ca4f26368777ac06e01f9567b714a4b8063886", "lib/__init__.py": "da39a3ee5e6b4b0d3255bfef95601890afd80709", "lib/client.py": "ac2aa093c8e8bbc9569b9e2a3471bc64e58a2258", "lib/common.py": "611d8b29633d331eb19c9455ea3b5fa3284ed6df", "lib/external/__init__.py": "da39a3ee5e6b4b0d3255bfef95601890afd80709", "lib/external/ntplib.py": "4da8f970656505a40483206ef2b5d3dd5e81711d", "lib/server.py": "c7af63c31bb2fbedea4345f571f6e3507d268ada", "lib/source_hashes.py": "60a2e02193209e8d392803326208d5466342da18", "lib/summary.py": "aa92f0a3f975eecd44d3c0cd0236342ccc9f941d", "lib/time_sync.py": "122eba67a9abc85635223e054def53be1367ade2", "server.py": "c3f90f2f7eeb4db30727556d0c815ebc89b3d28b", "tests/unit/__init__.py": "da39a3ee5e6b4b0d3255bfef95601890afd80709", "tests/unit/test_server.py": "948c1995d4008bc2aa6c4046a34ffa3858d6d671", "tests/unit/test_source_hashes.py": "00468a2907583c593e6574a1f6b404e4651c221a"}, "modules": {"ptd_client_server.lib.client": "lib/client.py", "ptd_client_server.lib.common": "lib/common.py", "ptd_client_server.lib.external.ntplib": "lib/external/ntplib.py", "ptd_client_server.lib.source_hashes": "lib/source_hashes.py", "ptd_client_server.lib.summary": "lib/summary.py", "ptd_client_server.lib.time_sync": "lib/time_sync.py"}}
client 2023-07-09 23:41:28,655 [INFO] Running workload in ranging mode
client 2023-07-09 23:41:28,655 [INFO] Synchronizing with the server and with time.google.com...
client 2023-07-09 23:41:28,673 [INFO] NTP:offset = 0.000 s, delay = 0.017 s 
client 2023-07-09 23:41:28,673 [INFO] Sending command to the server: 'time'
client 2023-07-09 23:41:28,676 [INFO] Got response: '1688942488.6751165'
client 2023-07-09 23:41:28,676 [INFO] The time difference between the client and the server is within range -1.785 ms..1.272 ms
client 2023-07-09 23:41:28,676 [INFO] Sending command to the server: 'session,2023-07-09_22-41-28,start,ranging'
client 2023-07-09 23:41:56,789 [INFO] Got response: 'OK'
client 2023-07-09 23:41:56,790 [INFO] Sending command to the server: 'time'
client 2023-07-09 23:41:56,794 [INFO] Got response: '1688942516.7920284'
client 2023-07-09 23:41:56,794 [INFO] The time difference between the client and the server is within range -1.467 ms..2.708 ms
client 2023-07-09 23:41:56,795 [INFO] Running the workload 'CM_MLPERF_RUN_COUNT=$(cat ${CM_RUN_DIR}/count.txt); echo ${CM_MLPERF_RUN_COUNT}; CM_MLPERF_RUN_COUNT=$((CM_MLPERF_RUN_COUNT+1)); echo ${CM_MLPERF_RUN_COUNT} > ${CM_RUN_DIR}/count.txt && if [ ${CM_MLPERF_RUN_COUNT} -eq "1" ]; then export CM_MLPERF_USER_CONF=${CM_MLPERF_RANGING_USER_CONF}; else export CM_MLPERF_USER_CONF=${CM_MLPERF_TESTING_USER_CONF}; fi && /home/arjun/run.out'
client 2023-07-09 23:47:02,711 [INFO] Sending command to the server: 'time'
client 2023-07-09 23:47:02,714 [INFO] Got response: '1688942822.7139661'
client 2023-07-09 23:47:02,715 [INFO] The time difference between the client and the server is within range -2.718 ms..1.157 ms
client 2023-07-09 23:47:02,715 [INFO] Sending command to the server: 'session,2023-07-09_22-41-28,stop,ranging'
client 2023-07-09 23:47:12,869 [INFO] Got response: 'OK'
client 2023-07-09 23:47:12,870 [INFO] Sending command to the server: 'time'
client 2023-07-09 23:47:12,872 [INFO] Got response: '1688942832.8713949'
client 2023-07-09 23:47:12,873 [INFO] The time difference between the client and the server is within range -1.331 ms..1.620 ms
client 2023-07-09 23:47:12,901 [INFO] Copying loadgen logs from '/home/arjun/mobilenet_results/valid_results/orin-tflite_cpp-cpu-tflite-vmaster-default_config/mobilenet-v2-precision_uint8-0.5-160/singlestream/performance/run_1' to '/home/arjun/mobilenet_results/valid_results/orin-tflite_cpp-cpu-tflite-vmaster-default_config/mobilenet-v2-precision_uint8-0.5-160/singlestream/performance/tmp_power/ranging'
client 2023-07-09 23:47:12,903 [INFO] Running workload in testing mode
client 2023-07-09 23:47:12,903 [INFO] Synchronizing with the server and with time.google.com...
client 2023-07-09 23:47:12,927 [INFO] NTP:offset = 0.001 s, delay = 0.018 s 
client 2023-07-09 23:47:12,927 [INFO] Sending command to the server: 'time'
client 2023-07-09 23:47:12,930 [INFO] Got response: '1688942832.9292583'
client 2023-07-09 23:47:12,930 [INFO] The time difference between the client and the server is within range -1.716 ms..0.956 ms
client 2023-07-09 23:47:12,930 [INFO] Sending command to the server: 'session,2023-07-09_22-41-28,start,testing'
client 2023-07-09 23:47:25,949 [INFO] Got response: 'OK'
client 2023-07-09 23:47:25,949 [INFO] Sending command to the server: 'time'
client 2023-07-09 23:47:25,953 [INFO] Got response: '1688942845.9515526'
client 2023-07-09 23:47:25,953 [INFO] The time difference between the client and the server is within range -1.758 ms..1.824 ms
client 2023-07-09 23:47:25,953 [INFO] Running the workload 'CM_MLPERF_RUN_COUNT=$(cat ${CM_RUN_DIR}/count.txt); echo ${CM_MLPERF_RUN_COUNT}; CM_MLPERF_RUN_COUNT=$((CM_MLPERF_RUN_COUNT+1)); echo ${CM_MLPERF_RUN_COUNT} > ${CM_RUN_DIR}/count.txt && if [ ${CM_MLPERF_RUN_COUNT} -eq "1" ]; then export CM_MLPERF_USER_CONF=${CM_MLPERF_RANGING_USER_CONF}; else export CM_MLPERF_USER_CONF=${CM_MLPERF_TESTING_USER_CONF}; fi && /home/arjun/run.out'
client 2023-07-09 23:57:37,322 [INFO] Sending command to the server: 'time'
client 2023-07-09 23:57:37,359 [INFO] Got response: '1688943457.358128'
client 2023-07-09 23:57:37,359 [INFO] The time difference between the client and the server is within range -36.177 ms..1.183 ms
client 2023-07-09 23:57:37,359 [INFO] Sending command to the server: 'session,2023-07-09_22-41-28,stop,testing'
client 2023-07-09 23:57:48,005 [INFO] Got response: 'OK'
client 2023-07-09 23:57:48,005 [INFO] Sending command to the server: 'time'
client 2023-07-09 23:57:48,007 [INFO] Got response: '1688943468.0071735'
client 2023-07-09 23:57:48,008 [INFO] The time difference between the client and the server is within range -1.585 ms..0.844 ms
client 2023-07-09 23:57:48,012 [INFO] Copying loadgen logs from '/home/arjun/mobilenet_results/valid_results/orin-tflite_cpp-cpu-tflite-vmaster-default_config/mobilenet-v2-precision_uint8-0.5-160/singlestream/performance/run_1' to '/home/arjun/mobilenet_results/valid_results/orin-tflite_cpp-cpu-tflite-vmaster-default_config/mobilenet-v2-precision_uint8-0.5-160/singlestream/performance/tmp_power/run_1'
client 2023-07-09 23:57:48,014 [INFO] Done runs
