client 2023-07-11 15:48:53,575 [INFO] Creating output directory '/home/arjun/mobilenet_results/valid_results/orin-tflite_armnn_cpp-cpu-armnn_tflite-v22.11-using_neon/mobilenet-v2-precision_uint8-0.35-224/singlestream/performance/tmp_power'
client 2023-07-11 15:48:53,578 [INFO] Sending command to the server: 'mlcommons/power client v3'
client 2023-07-11 15:48:53,580 [INFO] Got response: 'mlcommons/power server v3'
client 2023-07-11 15:48:53,580 [INFO] Synchronizing with the server and with time.google.com...
client 2023-07-11 15:48:53,598 [INFO] NTP:offset = -0.004 s, delay = 0.013 s 
client 2023-07-11 15:48:53,598 [INFO] Sending command to the server: 'time'
client 2023-07-11 15:48:53,601 [INFO] Got response: '1689086933.5137382'
client 2023-07-11 15:48:53,601 [INFO] The time difference between the client and the server is within range 85.033 ms..87.900 ms
client 2023-07-11 15:48:53,601 [INFO] Sending command to the server: 'new,,1ed602d4-2a6f-4e24-8639-bc7c4d1a20fb'
client 2023-07-11 15:48:53,604 [INFO] Got response: 'OK 2023-07-11_15-48-53,f70ed122-269b-4f79-b011-43a82224e2fe'
client 2023-07-11 15:48:53,604 [INFO] Session id is '2023-07-11_15-48-53'
client 2023-07-11 15:48:53,604 [INFO] Sources: {"sources": {"__init__.py": "da39a3ee5e6b4b0d3255bfef95601890afd80709", "client.py": "33ca4f26368777ac06e01f9567b714a4b8063886", "lib/__init__.py": "da39a3ee5e6b4b0d3255bfef95601890afd80709", "lib/client.py": "ac2aa093c8e8bbc9569b9e2a3471bc64e58a2258", "lib/common.py": "611d8b29633d331eb19c9455ea3b5fa3284ed6df", "lib/external/__init__.py": "da39a3ee5e6b4b0d3255bfef95601890afd80709", "lib/external/ntplib.py": "4da8f970656505a40483206ef2b5d3dd5e81711d", "lib/server.py": "c7af63c31bb2fbedea4345f571f6e3507d268ada", "lib/source_hashes.py": "60a2e02193209e8d392803326208d5466342da18", "lib/summary.py": "aa92f0a3f975eecd44d3c0cd0236342ccc9f941d", "lib/time_sync.py": "122eba67a9abc85635223e054def53be1367ade2", "server.py": "c3f90f2f7eeb4db30727556d0c815ebc89b3d28b", "tests/unit/__init__.py": "da39a3ee5e6b4b0d3255bfef95601890afd80709", "tests/unit/test_server.py": "948c1995d4008bc2aa6c4046a34ffa3858d6d671", "tests/unit/test_source_hashes.py": "00468a2907583c593e6574a1f6b404e4651c221a"}, "modules": {"ptd_client_server.lib.client": "lib/client.py", "ptd_client_server.lib.common": "lib/common.py", "ptd_client_server.lib.external.ntplib": "lib/external/ntplib.py", "ptd_client_server.lib.source_hashes": "lib/source_hashes.py", "ptd_client_server.lib.summary": "lib/summary.py", "ptd_client_server.lib.time_sync": "lib/time_sync.py"}}
client 2023-07-11 15:48:53,604 [INFO] Running workload in ranging mode
client 2023-07-11 15:48:53,604 [INFO] Synchronizing with the server and with time.google.com...
client 2023-07-11 15:48:53,622 [INFO] NTP:offset = -0.005 s, delay = 0.017 s 
client 2023-07-11 15:48:53,622 [INFO] Sending command to the server: 'time'
client 2023-07-11 15:48:53,625 [INFO] Got response: '1689086933.5439115'
client 2023-07-11 15:48:53,625 [INFO] The time difference between the client and the server is within range 78.795 ms..81.798 ms
client 2023-07-11 15:48:53,625 [INFO] Sending command to the server: 'session,2023-07-11_15-48-53,start,ranging'
client 2023-07-11 15:49:22,259 [INFO] Got response: 'OK'
client 2023-07-11 15:49:22,261 [INFO] Sending command to the server: 'time'
client 2023-07-11 15:49:22,264 [INFO] Got response: '1689086962.180444'
client 2023-07-11 15:49:22,264 [INFO] The time difference between the client and the server is within range 80.525 ms..84.304 ms
client 2023-07-11 15:49:22,265 [INFO] Running the workload 'CM_MLPERF_RUN_COUNT=$(cat ${CM_RUN_DIR}/count.txt); echo ${CM_MLPERF_RUN_COUNT}; CM_MLPERF_RUN_COUNT=$((CM_MLPERF_RUN_COUNT+1)); echo ${CM_MLPERF_RUN_COUNT} > ${CM_RUN_DIR}/count.txt && if [ ${CM_MLPERF_RUN_COUNT} -eq "1" ]; then export CM_MLPERF_USER_CONF=${CM_MLPERF_RANGING_USER_CONF}; else export CM_MLPERF_USER_CONF=${CM_MLPERF_TESTING_USER_CONF}; fi && /home/arjun/run.out'
client 2023-07-11 15:54:23,887 [INFO] Sending command to the server: 'time'
client 2023-07-11 15:54:23,945 [INFO] Got response: '1689087263.8546112'
client 2023-07-11 15:54:23,945 [INFO] The time difference between the client and the server is within range 32.962 ms..91.182 ms
client 2023-07-11 15:54:23,946 [INFO] Sending command to the server: 'session,2023-07-11_15-48-53,stop,ranging'
client 2023-07-11 15:54:34,852 [INFO] Got response: 'OK'
client 2023-07-11 15:54:34,852 [INFO] Sending command to the server: 'time'
client 2023-07-11 15:54:34,855 [INFO] Got response: '1689087274.7702656'
client 2023-07-11 15:54:34,856 [INFO] The time difference between the client and the server is within range 82.638 ms..85.962 ms
client 2023-07-11 15:54:34,875 [INFO] Copying loadgen logs from '/home/arjun/mobilenet_results/valid_results/orin-tflite_armnn_cpp-cpu-armnn_tflite-v22.11-using_neon/mobilenet-v2-precision_uint8-0.35-224/singlestream/performance/run_1' to '/home/arjun/mobilenet_results/valid_results/orin-tflite_armnn_cpp-cpu-armnn_tflite-v22.11-using_neon/mobilenet-v2-precision_uint8-0.35-224/singlestream/performance/tmp_power/ranging'
client 2023-07-11 15:54:34,878 [INFO] Running workload in testing mode
client 2023-07-11 15:54:34,878 [INFO] Synchronizing with the server and with time.google.com...
client 2023-07-11 15:54:34,899 [INFO] NTP:offset = -0.004 s, delay = 0.016 s 
client 2023-07-11 15:54:34,900 [INFO] Sending command to the server: 'time'
client 2023-07-11 15:54:34,902 [INFO] Got response: '1689087274.8102446'
client 2023-07-11 15:54:34,903 [INFO] The time difference between the client and the server is within range 89.746 ms..92.804 ms
client 2023-07-11 15:54:34,903 [INFO] Sending command to the server: 'session,2023-07-11_15-48-53,start,testing'
client 2023-07-11 15:54:47,944 [INFO] Got response: 'OK'
client 2023-07-11 15:54:47,944 [INFO] Sending command to the server: 'time'
client 2023-07-11 15:54:47,947 [INFO] Got response: '1689087287.8596666'
client 2023-07-11 15:54:47,948 [INFO] The time difference between the client and the server is within range 84.985 ms..88.430 ms
client 2023-07-11 15:54:47,948 [INFO] Running the workload 'CM_MLPERF_RUN_COUNT=$(cat ${CM_RUN_DIR}/count.txt); echo ${CM_MLPERF_RUN_COUNT}; CM_MLPERF_RUN_COUNT=$((CM_MLPERF_RUN_COUNT+1)); echo ${CM_MLPERF_RUN_COUNT} > ${CM_RUN_DIR}/count.txt && if [ ${CM_MLPERF_RUN_COUNT} -eq "1" ]; then export CM_MLPERF_USER_CONF=${CM_MLPERF_RANGING_USER_CONF}; else export CM_MLPERF_USER_CONF=${CM_MLPERF_TESTING_USER_CONF}; fi && /home/arjun/run.out'
client 2023-07-11 16:04:50,904 [INFO] Sending command to the server: 'time'
client 2023-07-11 16:04:50,907 [INFO] Got response: '1689087890.8085492'
client 2023-07-11 16:04:50,908 [INFO] The time difference between the client and the server is within range 95.720 ms..99.547 ms
client 2023-07-11 16:04:50,908 [INFO] Sending command to the server: 'session,2023-07-11_15-48-53,stop,testing'
client 2023-07-11 16:05:01,047 [INFO] Got response: 'OK'
client 2023-07-11 16:05:01,048 [INFO] Sending command to the server: 'time'
client 2023-07-11 16:05:01,052 [INFO] Got response: '1689087900.9520955'
client 2023-07-11 16:05:01,052 [INFO] The time difference between the client and the server is within range 96.429 ms..100.585 ms
client 2023-07-11 16:05:01,057 [INFO] Copying loadgen logs from '/home/arjun/mobilenet_results/valid_results/orin-tflite_armnn_cpp-cpu-armnn_tflite-v22.11-using_neon/mobilenet-v2-precision_uint8-0.35-224/singlestream/performance/run_1' to '/home/arjun/mobilenet_results/valid_results/orin-tflite_armnn_cpp-cpu-armnn_tflite-v22.11-using_neon/mobilenet-v2-precision_uint8-0.35-224/singlestream/performance/tmp_power/run_1'
client 2023-07-11 16:05:01,059 [INFO] Done runs
