client 2023-07-11 04:50:43,711 [INFO] Creating output directory '/home/arjun/mobilenet_results/valid_results/orin-tflite_armnn_cpp-cpu-armnn_tflite-v22.11-using_neon/mobilenet-v1-precision_float-0.5-224/singlestream/performance/tmp_power'
client 2023-07-11 04:50:43,713 [INFO] Sending command to the server: 'mlcommons/power client v3'
client 2023-07-11 04:50:43,715 [INFO] Got response: 'mlcommons/power server v3'
client 2023-07-11 04:50:43,715 [INFO] Synchronizing with the server and with time.google.com...
client 2023-07-11 04:50:43,737 [INFO] NTP:offset = -0.006 s, delay = 0.017 s 
client 2023-07-11 04:50:43,737 [INFO] Sending command to the server: 'time'
client 2023-07-11 04:50:43,740 [INFO] Got response: '1689047443.645233'
client 2023-07-11 04:50:43,740 [INFO] The time difference between the client and the server is within range 92.712 ms..94.937 ms
client 2023-07-11 04:50:43,740 [INFO] Sending command to the server: 'new,,b93a2cfe-7101-4600-b184-d56ea2f162b3'
client 2023-07-11 04:50:43,742 [INFO] Got response: 'OK 2023-07-11_04-50-43,7db92e04-8578-471f-b08c-c0583c5dc8b3'
client 2023-07-11 04:50:43,742 [INFO] Session id is '2023-07-11_04-50-43'
client 2023-07-11 04:50:43,743 [INFO] Sources: {"sources": {"__init__.py": "da39a3ee5e6b4b0d3255bfef95601890afd80709", "client.py": "33ca4f26368777ac06e01f9567b714a4b8063886", "lib/__init__.py": "da39a3ee5e6b4b0d3255bfef95601890afd80709", "lib/client.py": "ac2aa093c8e8bbc9569b9e2a3471bc64e58a2258", "lib/common.py": "611d8b29633d331eb19c9455ea3b5fa3284ed6df", "lib/external/__init__.py": "da39a3ee5e6b4b0d3255bfef95601890afd80709", "lib/external/ntplib.py": "4da8f970656505a40483206ef2b5d3dd5e81711d", "lib/server.py": "c7af63c31bb2fbedea4345f571f6e3507d268ada", "lib/source_hashes.py": "60a2e02193209e8d392803326208d5466342da18", "lib/summary.py": "aa92f0a3f975eecd44d3c0cd0236342ccc9f941d", "lib/time_sync.py": "122eba67a9abc85635223e054def53be1367ade2", "server.py": "c3f90f2f7eeb4db30727556d0c815ebc89b3d28b", "tests/unit/__init__.py": "da39a3ee5e6b4b0d3255bfef95601890afd80709", "tests/unit/test_server.py": "948c1995d4008bc2aa6c4046a34ffa3858d6d671", "tests/unit/test_source_hashes.py": "00468a2907583c593e6574a1f6b404e4651c221a"}, "modules": {"ptd_client_server.lib.client": "lib/client.py", "ptd_client_server.lib.common": "lib/common.py", "ptd_client_server.lib.external.ntplib": "lib/external/ntplib.py", "ptd_client_server.lib.source_hashes": "lib/source_hashes.py", "ptd_client_server.lib.summary": "lib/summary.py", "ptd_client_server.lib.time_sync": "lib/time_sync.py"}}
client 2023-07-11 04:50:43,743 [INFO] Running workload in ranging mode
client 2023-07-11 04:50:43,743 [INFO] Synchronizing with the server and with time.google.com...
client 2023-07-11 04:50:43,761 [INFO] NTP:offset = -0.006 s, delay = 0.017 s 
client 2023-07-11 04:50:43,761 [INFO] Sending command to the server: 'time'
client 2023-07-11 04:50:43,763 [INFO] Got response: '1689047443.675232'
client 2023-07-11 04:50:43,763 [INFO] The time difference between the client and the server is within range 86.326 ms..88.578 ms
client 2023-07-11 04:50:43,763 [INFO] Sending command to the server: 'session,2023-07-11_04-50-43,start,ranging'
client 2023-07-11 04:51:12,353 [INFO] Got response: 'OK'
client 2023-07-11 04:51:12,354 [INFO] Sending command to the server: 'time'
client 2023-07-11 04:51:12,358 [INFO] Got response: '1689047472.267208'
client 2023-07-11 04:51:12,358 [INFO] The time difference between the client and the server is within range 87.447 ms..91.411 ms
client 2023-07-11 04:51:12,358 [INFO] Running the workload 'CM_MLPERF_RUN_COUNT=$(cat ${CM_RUN_DIR}/count.txt); echo ${CM_MLPERF_RUN_COUNT}; CM_MLPERF_RUN_COUNT=$((CM_MLPERF_RUN_COUNT+1)); echo ${CM_MLPERF_RUN_COUNT} > ${CM_RUN_DIR}/count.txt && if [ ${CM_MLPERF_RUN_COUNT} -eq "1" ]; then export CM_MLPERF_USER_CONF=${CM_MLPERF_RANGING_USER_CONF}; else export CM_MLPERF_USER_CONF=${CM_MLPERF_TESTING_USER_CONF}; fi && /home/arjun/run.out'
client 2023-07-11 04:56:14,041 [INFO] Sending command to the server: 'time'
client 2023-07-11 04:56:14,044 [INFO] Got response: '1689047773.9446087'
client 2023-07-11 04:56:14,044 [INFO] The time difference between the client and the server is within range 96.527 ms..100.200 ms
client 2023-07-11 04:56:14,045 [INFO] Sending command to the server: 'session,2023-07-11_04-50-43,stop,ranging'
client 2023-07-11 04:56:24,444 [INFO] Got response: 'OK'
client 2023-07-11 04:56:24,444 [INFO] Sending command to the server: 'time'
client 2023-07-11 04:56:24,449 [INFO] Got response: '1689047784.3553321'
client 2023-07-11 04:56:24,449 [INFO] The time difference between the client and the server is within range 89.626 ms..94.226 ms
client 2023-07-11 04:56:24,469 [INFO] Copying loadgen logs from '/home/arjun/mobilenet_results/valid_results/orin-tflite_armnn_cpp-cpu-armnn_tflite-v22.11-using_neon/mobilenet-v1-precision_float-0.5-224/singlestream/performance/run_1' to '/home/arjun/mobilenet_results/valid_results/orin-tflite_armnn_cpp-cpu-armnn_tflite-v22.11-using_neon/mobilenet-v1-precision_float-0.5-224/singlestream/performance/tmp_power/ranging'
client 2023-07-11 04:56:24,471 [INFO] Running workload in testing mode
client 2023-07-11 04:56:24,472 [INFO] Synchronizing with the server and with time.google.com...
client 2023-07-11 04:56:24,504 [INFO] NTP:offset = -0.005 s, delay = 0.015 s 
client 2023-07-11 04:56:24,504 [INFO] Sending command to the server: 'time'
client 2023-07-11 04:56:24,507 [INFO] Got response: '1689047784.4156609'
client 2023-07-11 04:56:24,508 [INFO] The time difference between the client and the server is within range 89.178 ms..92.368 ms
client 2023-07-11 04:56:24,508 [INFO] Sending command to the server: 'session,2023-07-11_04-50-43,start,testing'
client 2023-07-11 04:56:37,546 [INFO] Got response: 'OK'
client 2023-07-11 04:56:37,547 [INFO] Sending command to the server: 'time'
client 2023-07-11 04:56:37,551 [INFO] Got response: '1689047797.4595137'
client 2023-07-11 04:56:37,551 [INFO] The time difference between the client and the server is within range 87.920 ms..92.072 ms
client 2023-07-11 04:56:37,551 [INFO] Running the workload 'CM_MLPERF_RUN_COUNT=$(cat ${CM_RUN_DIR}/count.txt); echo ${CM_MLPERF_RUN_COUNT}; CM_MLPERF_RUN_COUNT=$((CM_MLPERF_RUN_COUNT+1)); echo ${CM_MLPERF_RUN_COUNT} > ${CM_RUN_DIR}/count.txt && if [ ${CM_MLPERF_RUN_COUNT} -eq "1" ]; then export CM_MLPERF_USER_CONF=${CM_MLPERF_RANGING_USER_CONF}; else export CM_MLPERF_USER_CONF=${CM_MLPERF_TESTING_USER_CONF}; fi && /home/arjun/run.out'
client 2023-07-11 05:06:40,509 [INFO] Sending command to the server: 'time'
client 2023-07-11 05:06:40,512 [INFO] Got response: '1689048400.4209876'
client 2023-07-11 05:06:40,512 [INFO] The time difference between the client and the server is within range 87.862 ms..91.401 ms
client 2023-07-11 05:06:40,512 [INFO] Sending command to the server: 'session,2023-07-11_04-50-43,stop,testing'
client 2023-07-11 05:06:51,037 [INFO] Got response: 'OK'
client 2023-07-11 05:06:51,038 [INFO] Sending command to the server: 'time'
client 2023-07-11 05:06:51,042 [INFO] Got response: '1689048410.9480546'
client 2023-07-11 05:06:51,042 [INFO] The time difference between the client and the server is within range 90.387 ms..94.728 ms
client 2023-07-11 05:06:51,047 [INFO] Copying loadgen logs from '/home/arjun/mobilenet_results/valid_results/orin-tflite_armnn_cpp-cpu-armnn_tflite-v22.11-using_neon/mobilenet-v1-precision_float-0.5-224/singlestream/performance/run_1' to '/home/arjun/mobilenet_results/valid_results/orin-tflite_armnn_cpp-cpu-armnn_tflite-v22.11-using_neon/mobilenet-v1-precision_float-0.5-224/singlestream/performance/tmp_power/run_1'
client 2023-07-11 05:06:51,059 [INFO] Done runs
