client 2023-07-09 23:58:04,078 [INFO] Creating output directory '/home/arjun/mobilenet_results/valid_results/orin-tflite_cpp-cpu-tflite-vmaster-default_config/mobilenet-v2-precision_float-0.5-128/singlestream/performance/tmp_power'
client 2023-07-09 23:58:04,187 [INFO] Sending command to the server: 'mlcommons/power client v3'
client 2023-07-09 23:58:04,191 [INFO] Got response: 'mlcommons/power server v3'
client 2023-07-09 23:58:04,192 [INFO] Synchronizing with the server and with time.google.com...
client 2023-07-09 23:58:04,217 [INFO] NTP:offset = 0.001 s, delay = 0.018 s 
client 2023-07-09 23:58:04,218 [INFO] Sending command to the server: 'time'
client 2023-07-09 23:58:04,221 [INFO] Got response: '1688943484.2206883'
client 2023-07-09 23:58:04,221 [INFO] The time difference between the client and the server is within range -2.561 ms..1.214 ms
client 2023-07-09 23:58:04,222 [INFO] Sending command to the server: 'new,,e22a34da-e74d-4020-ae4d-91e8ea8e6ded'
client 2023-07-09 23:58:04,226 [INFO] Got response: 'OK 2023-07-09_22-58-04,1fdc9c4b-9afb-4139-904a-3664788f4067'
client 2023-07-09 23:58:04,226 [INFO] Session id is '2023-07-09_22-58-04'
client 2023-07-09 23:58:04,227 [INFO] Sources: {"sources": {"__init__.py": "da39a3ee5e6b4b0d3255bfef95601890afd80709", "client.py": "33ca4f26368777ac06e01f9567b714a4b8063886", "lib/__init__.py": "da39a3ee5e6b4b0d3255bfef95601890afd80709", "lib/client.py": "ac2aa093c8e8bbc9569b9e2a3471bc64e58a2258", "lib/common.py": "611d8b29633d331eb19c9455ea3b5fa3284ed6df", "lib/external/__init__.py": "da39a3ee5e6b4b0d3255bfef95601890afd80709", "lib/external/ntplib.py": "4da8f970656505a40483206ef2b5d3dd5e81711d", "lib/server.py": "c7af63c31bb2fbedea4345f571f6e3507d268ada", "lib/source_hashes.py": "60a2e02193209e8d392803326208d5466342da18", "lib/summary.py": "aa92f0a3f975eecd44d3c0cd0236342ccc9f941d", "lib/time_sync.py": "122eba67a9abc85635223e054def53be1367ade2", "server.py": "c3f90f2f7eeb4db30727556d0c815ebc89b3d28b", "tests/unit/__init__.py": "da39a3ee5e6b4b0d3255bfef95601890afd80709", "tests/unit/test_server.py": "948c1995d4008bc2aa6c4046a34ffa3858d6d671", "tests/unit/test_source_hashes.py": "00468a2907583c593e6574a1f6b404e4651c221a"}, "modules": {"ptd_client_server.lib.client": "lib/client.py", "ptd_client_server.lib.common": "lib/common.py", "ptd_client_server.lib.external.ntplib": "lib/external/ntplib.py", "ptd_client_server.lib.source_hashes": "lib/source_hashes.py", "ptd_client_server.lib.summary": "lib/summary.py", "ptd_client_server.lib.time_sync": "lib/time_sync.py"}}
client 2023-07-09 23:58:04,228 [INFO] Running workload in ranging mode
client 2023-07-09 23:58:04,228 [INFO] Synchronizing with the server and with time.google.com...
client 2023-07-09 23:58:04,251 [INFO] NTP:offset = 0.001 s, delay = 0.019 s 
client 2023-07-09 23:58:04,251 [INFO] Sending command to the server: 'time'
client 2023-07-09 23:58:04,255 [INFO] Got response: '1688943484.2539706'
client 2023-07-09 23:58:04,255 [INFO] The time difference between the client and the server is within range -2.729 ms..1.617 ms
client 2023-07-09 23:58:04,255 [INFO] Sending command to the server: 'session,2023-07-09_22-58-04,start,ranging'
client 2023-07-09 23:58:32,375 [INFO] Got response: 'OK'
client 2023-07-09 23:58:32,376 [INFO] Sending command to the server: 'time'
client 2023-07-09 23:58:32,378 [INFO] Got response: '1688943512.377777'
client 2023-07-09 23:58:32,378 [INFO] The time difference between the client and the server is within range -1.551 ms..0.971 ms
client 2023-07-09 23:58:32,379 [INFO] Running the workload 'CM_MLPERF_RUN_COUNT=$(cat ${CM_RUN_DIR}/count.txt); echo ${CM_MLPERF_RUN_COUNT}; CM_MLPERF_RUN_COUNT=$((CM_MLPERF_RUN_COUNT+1)); echo ${CM_MLPERF_RUN_COUNT} > ${CM_RUN_DIR}/count.txt && if [ ${CM_MLPERF_RUN_COUNT} -eq "1" ]; then export CM_MLPERF_USER_CONF=${CM_MLPERF_RANGING_USER_CONF}; else export CM_MLPERF_USER_CONF=${CM_MLPERF_TESTING_USER_CONF}; fi && /home/arjun/run.out'
client 2023-07-10 00:03:38,369 [INFO] Sending command to the server: 'time'
client 2023-07-10 00:03:38,423 [INFO] Got response: '1688943818.4221857'
client 2023-07-10 00:03:38,423 [INFO] The time difference between the client and the server is within range -53.200 ms..1.635 ms
client 2023-07-10 00:03:38,424 [INFO] Sending command to the server: 'session,2023-07-09_22-58-04,stop,ranging'
client 2023-07-10 00:03:49,490 [INFO] Got response: 'OK'
client 2023-07-10 00:03:49,491 [INFO] Sending command to the server: 'time'
client 2023-07-10 00:03:49,494 [INFO] Got response: '1688943829.4929435'
client 2023-07-10 00:03:49,494 [INFO] The time difference between the client and the server is within range -1.880 ms..1.619 ms
client 2023-07-10 00:03:49,524 [INFO] Copying loadgen logs from '/home/arjun/mobilenet_results/valid_results/orin-tflite_cpp-cpu-tflite-vmaster-default_config/mobilenet-v2-precision_float-0.5-128/singlestream/performance/run_1' to '/home/arjun/mobilenet_results/valid_results/orin-tflite_cpp-cpu-tflite-vmaster-default_config/mobilenet-v2-precision_float-0.5-128/singlestream/performance/tmp_power/ranging'
client 2023-07-10 00:03:49,527 [INFO] Running workload in testing mode
client 2023-07-10 00:03:49,527 [INFO] Synchronizing with the server and with time.google.com...
client 2023-07-10 00:03:49,550 [INFO] NTP:offset = 0.000 s, delay = 0.018 s 
client 2023-07-10 00:03:49,550 [INFO] Sending command to the server: 'time'
client 2023-07-10 00:03:49,553 [INFO] Got response: '1688943829.5529118'
client 2023-07-10 00:03:49,553 [INFO] The time difference between the client and the server is within range -2.215 ms..0.738 ms
client 2023-07-10 00:03:49,553 [INFO] Sending command to the server: 'session,2023-07-09_22-58-04,start,testing'
client 2023-07-10 00:04:02,577 [INFO] Got response: 'OK'
client 2023-07-10 00:04:02,578 [INFO] Sending command to the server: 'time'
client 2023-07-10 00:04:02,581 [INFO] Got response: '1688943842.580123'
client 2023-07-10 00:04:02,581 [INFO] The time difference between the client and the server is within range -1.874 ms..1.333 ms
client 2023-07-10 00:04:02,581 [INFO] Running the workload 'CM_MLPERF_RUN_COUNT=$(cat ${CM_RUN_DIR}/count.txt); echo ${CM_MLPERF_RUN_COUNT}; CM_MLPERF_RUN_COUNT=$((CM_MLPERF_RUN_COUNT+1)); echo ${CM_MLPERF_RUN_COUNT} > ${CM_RUN_DIR}/count.txt && if [ ${CM_MLPERF_RUN_COUNT} -eq "1" ]; then export CM_MLPERF_USER_CONF=${CM_MLPERF_RANGING_USER_CONF}; else export CM_MLPERF_USER_CONF=${CM_MLPERF_TESTING_USER_CONF}; fi && /home/arjun/run.out'
client 2023-07-10 00:14:14,255 [INFO] Sending command to the server: 'time'
client 2023-07-10 00:14:14,329 [INFO] Got response: '1688944454.3283348'
client 2023-07-10 00:14:14,330 [INFO] The time difference between the client and the server is within range -72.763 ms..1.681 ms
client 2023-07-10 00:14:14,330 [INFO] Sending command to the server: 'session,2023-07-09_22-58-04,stop,testing'
client 2023-07-10 00:14:24,633 [INFO] Got response: 'OK'
client 2023-07-10 00:14:24,633 [INFO] Sending command to the server: 'time'
client 2023-07-10 00:14:24,638 [INFO] Got response: '1688944464.6358597'
client 2023-07-10 00:14:24,638 [INFO] The time difference between the client and the server is within range -1.970 ms..2.481 ms
client 2023-07-10 00:14:24,642 [INFO] Copying loadgen logs from '/home/arjun/mobilenet_results/valid_results/orin-tflite_cpp-cpu-tflite-vmaster-default_config/mobilenet-v2-precision_float-0.5-128/singlestream/performance/run_1' to '/home/arjun/mobilenet_results/valid_results/orin-tflite_cpp-cpu-tflite-vmaster-default_config/mobilenet-v2-precision_float-0.5-128/singlestream/performance/tmp_power/run_1'
client 2023-07-10 00:14:24,645 [INFO] Done runs
