client 2023-07-09 16:13:24,995 [INFO] Creating output directory '/home/arjun/mobilenet_results/valid_results/orin-tflite_cpp-cpu-tflite-vmaster-default_config/mobilenet-v1-precision_float-0.25-192/singlestream/performance/tmp_power'
client 2023-07-09 16:13:24,998 [INFO] Sending command to the server: 'mlcommons/power client v3'
client 2023-07-09 16:13:25,001 [INFO] Got response: 'mlcommons/power server v3'
client 2023-07-09 16:13:25,001 [INFO] Synchronizing with the server and with time.google.com...
client 2023-07-09 16:13:25,038 [INFO] NTP:offset = 0.001 s, delay = 0.020 s 
client 2023-07-09 16:13:25,038 [INFO] Sending command to the server: 'time'
client 2023-07-09 16:13:25,042 [INFO] Got response: '1688915605.0426471'
client 2023-07-09 16:13:25,042 [INFO] The time difference between the client and the server is within range -4.173 ms..-0.324 ms
client 2023-07-09 16:13:25,042 [INFO] Sending command to the server: 'new,,968eb8f3-c606-48e9-8328-9268e7ba08dc'
client 2023-07-09 16:13:25,046 [INFO] Got response: 'OK 2023-07-09_15-13-25,19316e57-7e40-4683-b94d-ec6f581bfff5'
client 2023-07-09 16:13:25,046 [INFO] Session id is '2023-07-09_15-13-25'
client 2023-07-09 16:13:25,046 [INFO] Sources: {"sources": {"__init__.py": "da39a3ee5e6b4b0d3255bfef95601890afd80709", "client.py": "33ca4f26368777ac06e01f9567b714a4b8063886", "lib/__init__.py": "da39a3ee5e6b4b0d3255bfef95601890afd80709", "lib/client.py": "ac2aa093c8e8bbc9569b9e2a3471bc64e58a2258", "lib/common.py": "611d8b29633d331eb19c9455ea3b5fa3284ed6df", "lib/external/__init__.py": "da39a3ee5e6b4b0d3255bfef95601890afd80709", "lib/external/ntplib.py": "4da8f970656505a40483206ef2b5d3dd5e81711d", "lib/server.py": "c7af63c31bb2fbedea4345f571f6e3507d268ada", "lib/source_hashes.py": "60a2e02193209e8d392803326208d5466342da18", "lib/summary.py": "aa92f0a3f975eecd44d3c0cd0236342ccc9f941d", "lib/time_sync.py": "122eba67a9abc85635223e054def53be1367ade2", "server.py": "c3f90f2f7eeb4db30727556d0c815ebc89b3d28b", "tests/unit/__init__.py": "da39a3ee5e6b4b0d3255bfef95601890afd80709", "tests/unit/test_server.py": "948c1995d4008bc2aa6c4046a34ffa3858d6d671", "tests/unit/test_source_hashes.py": "00468a2907583c593e6574a1f6b404e4651c221a"}, "modules": {"ptd_client_server.lib.client": "lib/client.py", "ptd_client_server.lib.common": "lib/common.py", "ptd_client_server.lib.external.ntplib": "lib/external/ntplib.py", "ptd_client_server.lib.source_hashes": "lib/source_hashes.py", "ptd_client_server.lib.summary": "lib/summary.py", "ptd_client_server.lib.time_sync": "lib/time_sync.py"}}
client 2023-07-09 16:13:25,047 [INFO] Running workload in ranging mode
client 2023-07-09 16:13:25,047 [INFO] Synchronizing with the server and with time.google.com...
client 2023-07-09 16:13:25,065 [INFO] NTP:offset = 0.002 s, delay = 0.016 s 
client 2023-07-09 16:13:25,065 [INFO] Sending command to the server: 'time'
client 2023-07-09 16:13:25,067 [INFO] Got response: '1688915605.0687246'
client 2023-07-09 16:13:25,067 [INFO] The time difference between the client and the server is within range -3.613 ms..-0.791 ms
client 2023-07-09 16:13:25,068 [INFO] Sending command to the server: 'session,2023-07-09_15-13-25,start,ranging'
client 2023-07-09 16:13:53,180 [INFO] Got response: 'OK'
client 2023-07-09 16:13:53,181 [INFO] Sending command to the server: 'time'
client 2023-07-09 16:13:53,185 [INFO] Got response: '1688915633.1853676'
client 2023-07-09 16:13:53,185 [INFO] The time difference between the client and the server is within range -3.530 ms..-0.034 ms
client 2023-07-09 16:13:53,185 [INFO] Running the workload 'CM_MLPERF_RUN_COUNT=$(cat ${CM_RUN_DIR}/count.txt); echo ${CM_MLPERF_RUN_COUNT}; CM_MLPERF_RUN_COUNT=$((CM_MLPERF_RUN_COUNT+1)); echo ${CM_MLPERF_RUN_COUNT} > ${CM_RUN_DIR}/count.txt && if [ ${CM_MLPERF_RUN_COUNT} -eq "1" ]; then export CM_MLPERF_USER_CONF=${CM_MLPERF_RANGING_USER_CONF}; else export CM_MLPERF_USER_CONF=${CM_MLPERF_TESTING_USER_CONF}; fi && /home/arjun/run.out'
client 2023-07-09 16:18:59,110 [INFO] Sending command to the server: 'time'
client 2023-07-09 16:18:59,113 [INFO] Got response: '1688915939.1139042'
client 2023-07-09 16:18:59,113 [INFO] The time difference between the client and the server is within range -3.605 ms..-0.468 ms
client 2023-07-09 16:18:59,113 [INFO] Sending command to the server: 'session,2023-07-09_15-13-25,stop,ranging'
client 2023-07-09 16:19:09,282 [INFO] Got response: 'OK'
client 2023-07-09 16:19:09,283 [INFO] Sending command to the server: 'time'
client 2023-07-09 16:19:09,287 [INFO] Got response: '1688915949.2858877'
client 2023-07-09 16:19:09,287 [INFO] The time difference between the client and the server is within range -2.829 ms..1.497 ms
client 2023-07-09 16:19:09,317 [INFO] Copying loadgen logs from '/home/arjun/mobilenet_results/valid_results/orin-tflite_cpp-cpu-tflite-vmaster-default_config/mobilenet-v1-precision_float-0.25-192/singlestream/performance/run_1' to '/home/arjun/mobilenet_results/valid_results/orin-tflite_cpp-cpu-tflite-vmaster-default_config/mobilenet-v1-precision_float-0.25-192/singlestream/performance/tmp_power/ranging'
client 2023-07-09 16:19:09,319 [INFO] Running workload in testing mode
client 2023-07-09 16:19:09,320 [INFO] Synchronizing with the server and with time.google.com...
client 2023-07-09 16:19:09,339 [INFO] NTP:offset = 0.002 s, delay = 0.014 s 
client 2023-07-09 16:19:09,339 [INFO] Sending command to the server: 'time'
client 2023-07-09 16:19:09,342 [INFO] Got response: '1688915949.342843'
client 2023-07-09 16:19:09,342 [INFO] The time difference between the client and the server is within range -3.500 ms..-0.130 ms
client 2023-07-09 16:19:09,342 [INFO] Sending command to the server: 'session,2023-07-09_15-13-25,start,testing'
client 2023-07-09 16:19:22,365 [INFO] Got response: 'OK'
client 2023-07-09 16:19:22,365 [INFO] Sending command to the server: 'time'
client 2023-07-09 16:19:22,368 [INFO] Got response: '1688915962.368859'
client 2023-07-09 16:19:22,368 [INFO] The time difference between the client and the server is within range -3.028 ms..0.056 ms
client 2023-07-09 16:19:22,369 [INFO] Running the workload 'CM_MLPERF_RUN_COUNT=$(cat ${CM_RUN_DIR}/count.txt); echo ${CM_MLPERF_RUN_COUNT}; CM_MLPERF_RUN_COUNT=$((CM_MLPERF_RUN_COUNT+1)); echo ${CM_MLPERF_RUN_COUNT} > ${CM_RUN_DIR}/count.txt && if [ ${CM_MLPERF_RUN_COUNT} -eq "1" ]; then export CM_MLPERF_USER_CONF=${CM_MLPERF_RANGING_USER_CONF}; else export CM_MLPERF_USER_CONF=${CM_MLPERF_TESTING_USER_CONF}; fi && /home/arjun/run.out'
client 2023-07-09 16:29:34,011 [INFO] Sending command to the server: 'time'
client 2023-07-09 16:29:34,086 [INFO] Got response: '1688916574.0858889'
client 2023-07-09 16:29:34,086 [INFO] The time difference between the client and the server is within range -75.033 ms..0.791 ms
client 2023-07-09 16:29:34,086 [INFO] Sending command to the server: 'session,2023-07-09_15-13-25,stop,testing'
client 2023-07-09 16:29:44,422 [INFO] Got response: 'OK'
client 2023-07-09 16:29:44,422 [INFO] Sending command to the server: 'time'
client 2023-07-09 16:29:44,426 [INFO] Got response: '1688916584.424942'
client 2023-07-09 16:29:44,426 [INFO] The time difference between the client and the server is within range -1.980 ms..1.290 ms
client 2023-07-09 16:29:44,430 [INFO] Copying loadgen logs from '/home/arjun/mobilenet_results/valid_results/orin-tflite_cpp-cpu-tflite-vmaster-default_config/mobilenet-v1-precision_float-0.25-192/singlestream/performance/run_1' to '/home/arjun/mobilenet_results/valid_results/orin-tflite_cpp-cpu-tflite-vmaster-default_config/mobilenet-v1-precision_float-0.25-192/singlestream/performance/tmp_power/run_1'
client 2023-07-09 16:29:44,432 [INFO] Done runs
