client 2023-08-10 20:07:51,741 [INFO] Creating output directory '/home/arjun/mobilenet_results/valid_results/orin-tflite_cpp-cpu-tflite-vmaster-with_live_preprocessing/mobilenet-v2-precision_float-1.0-160/singlestream/performance/tmp_power'
client 2023-08-10 20:07:51,743 [INFO] Sending command to the server: 'mlcommons/power client v3'
client 2023-08-10 20:07:51,745 [INFO] Got response: 'mlcommons/power server v3'
client 2023-08-10 20:07:51,745 [INFO] Synchronizing with the server and with time.google.com...
client 2023-08-10 20:07:51,763 [INFO] NTP:offset = 0.002 s, delay = 0.015 s 
client 2023-08-10 20:07:51,763 [INFO] Sending command to the server: 'time'
client 2023-08-10 20:07:51,766 [INFO] Got response: '1691694471.672365'
client 2023-08-10 20:07:51,766 [INFO] The time difference between the client and the server is within range 91.507 ms..94.168 ms
client 2023-08-10 20:07:51,766 [INFO] Sending command to the server: 'new,,62fa46bc-a8cd-48c8-aab1-6dd06f6cdfd5'
client 2023-08-10 20:07:51,769 [INFO] Got response: 'OK 2023-08-10_20-07-51,a2b6f1e3-bb22-44ff-805b-5622e8a4bcc8'
client 2023-08-10 20:07:51,769 [INFO] Session id is '2023-08-10_20-07-51'
client 2023-08-10 20:07:51,769 [INFO] Sources: {"sources": {"__init__.py": "da39a3ee5e6b4b0d3255bfef95601890afd80709", "client.py": "33ca4f26368777ac06e01f9567b714a4b8063886", "lib/__init__.py": "da39a3ee5e6b4b0d3255bfef95601890afd80709", "lib/client.py": "ac2aa093c8e8bbc9569b9e2a3471bc64e58a2258", "lib/common.py": "611d8b29633d331eb19c9455ea3b5fa3284ed6df", "lib/external/__init__.py": "da39a3ee5e6b4b0d3255bfef95601890afd80709", "lib/external/ntplib.py": "4da8f970656505a40483206ef2b5d3dd5e81711d", "lib/server.py": "c7af63c31bb2fbedea4345f571f6e3507d268ada", "lib/source_hashes.py": "60a2e02193209e8d392803326208d5466342da18", "lib/summary.py": "aa92f0a3f975eecd44d3c0cd0236342ccc9f941d", "lib/time_sync.py": "80894ef2389e540781ff78de94db16aa4203a14e", "server.py": "c3f90f2f7eeb4db30727556d0c815ebc89b3d28b", "tests/unit/__init__.py": "da39a3ee5e6b4b0d3255bfef95601890afd80709", "tests/unit/test_server.py": "948c1995d4008bc2aa6c4046a34ffa3858d6d671", "tests/unit/test_source_hashes.py": "00468a2907583c593e6574a1f6b404e4651c221a"}, "modules": {"ptd_client_server.lib.client": "lib/client.py", "ptd_client_server.lib.common": "lib/common.py", "ptd_client_server.lib.external.ntplib": "lib/external/ntplib.py", "ptd_client_server.lib.source_hashes": "lib/source_hashes.py", "ptd_client_server.lib.summary": "lib/summary.py", "ptd_client_server.lib.time_sync": "lib/time_sync.py"}}
client 2023-08-10 20:07:51,769 [INFO] Running workload in ranging mode
client 2023-08-10 20:07:51,769 [INFO] Synchronizing with the server and with time.google.com...
client 2023-08-10 20:07:51,785 [INFO] NTP:offset = 0.001 s, delay = 0.015 s 
client 2023-08-10 20:07:51,785 [INFO] Sending command to the server: 'time'
client 2023-08-10 20:07:51,788 [INFO] Got response: '1691694471.6933393'
client 2023-08-10 20:07:51,788 [INFO] The time difference between the client and the server is within range 92.397 ms..95.416 ms
client 2023-08-10 20:07:51,788 [INFO] Sending command to the server: 'session,2023-08-10_20-07-51,start,ranging'
client 2023-08-10 20:08:20,515 [INFO] Got response: 'OK'
client 2023-08-10 20:08:20,515 [INFO] Sending command to the server: 'time'
client 2023-08-10 20:08:20,518 [INFO] Got response: '1691694500.4314084'
client 2023-08-10 20:08:20,518 [INFO] The time difference between the client and the server is within range 83.822 ms..87.192 ms
client 2023-08-10 20:08:20,518 [INFO] Running the workload 'CM_MLPERF_RUN_COUNT=$(cat ${CM_RUN_DIR}/count.txt); echo ${CM_MLPERF_RUN_COUNT}; CM_MLPERF_RUN_COUNT=$((CM_MLPERF_RUN_COUNT+1)); echo ${CM_MLPERF_RUN_COUNT} > ${CM_RUN_DIR}/count.txt && if [ ${CM_MLPERF_RUN_COUNT} -eq "1" ]; then export CM_MLPERF_USER_CONF=${CM_MLPERF_RANGING_USER_CONF}; else export CM_MLPERF_USER_CONF=${CM_MLPERF_TESTING_USER_CONF}; fi && /mount/CM/repos/ctuning@mlcommons-ck/cm-mlops/script/run-all-mlperf-models/run.out'
client 2023-08-10 20:13:21,931 [INFO] Sending command to the server: 'time'
client 2023-08-10 20:13:21,938 [INFO] Got response: '1691694801.8450356'
client 2023-08-10 20:13:21,938 [INFO] The time difference between the client and the server is within range 86.065 ms..93.750 ms
client 2023-08-10 20:13:21,938 [INFO] Sending command to the server: 'session,2023-08-10_20-07-51,stop,ranging'
client 2023-08-10 20:13:32,638 [INFO] Got response: 'OK'
client 2023-08-10 20:13:32,638 [INFO] Sending command to the server: 'time'
client 2023-08-10 20:13:32,640 [INFO] Got response: '1691694812.5506883'
client 2023-08-10 20:13:32,641 [INFO] The time difference between the client and the server is within range 88.003 ms..90.344 ms
client 2023-08-10 20:13:32,781 [INFO] Copying loadgen logs from '/home/arjun/mobilenet_results/valid_results/orin-tflite_cpp-cpu-tflite-vmaster-with_live_preprocessing/mobilenet-v2-precision_float-1.0-160/singlestream/performance/run_1' to '/home/arjun/mobilenet_results/valid_results/orin-tflite_cpp-cpu-tflite-vmaster-with_live_preprocessing/mobilenet-v2-precision_float-1.0-160/singlestream/performance/tmp_power/ranging'
client 2023-08-10 20:13:32,782 [INFO] Running workload in testing mode
client 2023-08-10 20:13:32,782 [INFO] Synchronizing with the server and with time.google.com...
client 2023-08-10 20:13:32,798 [INFO] NTP:offset = 0.000 s, delay = 0.015 s 
client 2023-08-10 20:13:32,798 [INFO] Sending command to the server: 'time'
client 2023-08-10 20:13:32,803 [INFO] Got response: '1691694812.712376'
client 2023-08-10 20:13:32,803 [INFO] The time difference between the client and the server is within range 86.300 ms..91.197 ms
client 2023-08-10 20:13:32,803 [INFO] Sending command to the server: 'session,2023-08-10_20-07-51,start,testing'
client 2023-08-10 20:13:45,840 [INFO] Got response: 'OK'
client 2023-08-10 20:13:45,840 [INFO] Sending command to the server: 'time'
client 2023-08-10 20:13:45,844 [INFO] Got response: '1691694825.7456846'
client 2023-08-10 20:13:45,844 [INFO] The time difference between the client and the server is within range 94.921 ms..99.181 ms
client 2023-08-10 20:13:45,844 [INFO] Running the workload 'CM_MLPERF_RUN_COUNT=$(cat ${CM_RUN_DIR}/count.txt); echo ${CM_MLPERF_RUN_COUNT}; CM_MLPERF_RUN_COUNT=$((CM_MLPERF_RUN_COUNT+1)); echo ${CM_MLPERF_RUN_COUNT} > ${CM_RUN_DIR}/count.txt && if [ ${CM_MLPERF_RUN_COUNT} -eq "1" ]; then export CM_MLPERF_USER_CONF=${CM_MLPERF_RANGING_USER_CONF}; else export CM_MLPERF_USER_CONF=${CM_MLPERF_TESTING_USER_CONF}; fi && /mount/CM/repos/ctuning@mlcommons-ck/cm-mlops/script/run-all-mlperf-models/run.out'
client 2023-08-10 20:23:47,982 [INFO] Sending command to the server: 'time'
client 2023-08-10 20:23:47,986 [INFO] Got response: '1691695427.8825486'
client 2023-08-10 20:23:47,986 [INFO] The time difference between the client and the server is within range 99.644 ms..103.693 ms
client 2023-08-10 20:23:47,986 [INFO] Sending command to the server: 'session,2023-08-10_20-07-51,stop,testing'
client 2023-08-10 20:23:59,297 [INFO] Got response: 'OK'
client 2023-08-10 20:23:59,298 [INFO] Sending command to the server: 'time'
client 2023-08-10 20:23:59,300 [INFO] Got response: '1691695439.2021346'
client 2023-08-10 20:23:59,300 [INFO] The time difference between the client and the server is within range 95.890 ms..98.045 ms
client 2023-08-10 20:23:59,301 [INFO] Copying loadgen logs from '/home/arjun/mobilenet_results/valid_results/orin-tflite_cpp-cpu-tflite-vmaster-with_live_preprocessing/mobilenet-v2-precision_float-1.0-160/singlestream/performance/run_1' to '/home/arjun/mobilenet_results/valid_results/orin-tflite_cpp-cpu-tflite-vmaster-with_live_preprocessing/mobilenet-v2-precision_float-1.0-160/singlestream/performance/tmp_power/run_1'
client 2023-08-10 20:23:59,301 [INFO] Done runs
