client 2023-09-01 15:25:48,078 [INFO] Creating output directory '/home/arjun/results_dir/valid_results/phoenix_Amd_Am5-reference-cpu-deepsparse-vdefault-default_config/bert-base-pruned90-none-bert-99/offline/performance/tmp_power'
client 2023-09-01 15:25:48,312 [INFO] Sending command to the server: 'mlcommons/power client v3'
client 2023-09-01 15:25:48,313 [INFO] Got response: 'mlcommons/power server v3'
client 2023-09-01 15:25:48,313 [INFO] Synchronizing with the server and with time.google.com...
client 2023-09-01 15:25:48,328 [INFO] NTP:offset = -0.001 s, delay = 0.014 s 
client 2023-09-01 15:25:48,328 [INFO] Sending command to the server: 'time'
client 2023-09-01 15:25:48,330 [INFO] Got response: '1693578348.3305366'
client 2023-09-01 15:25:48,330 [INFO] The time difference between the client and the server is within range -1.549 ms..0.157 ms
client 2023-09-01 15:25:48,330 [INFO] Sending command to the server: 'new,,a0744b12-696a-48ec-a99e-d2309b4227df'
client 2023-09-01 15:25:48,331 [INFO] Got response: 'OK 2023-09-01_14-25-48,483152ca-e962-493b-ade1-cecb33d96cb7'
client 2023-09-01 15:25:48,331 [INFO] Session id is '2023-09-01_14-25-48'
client 2023-09-01 15:25:48,332 [INFO] Sources: {"sources": {"__init__.py": "da39a3ee5e6b4b0d3255bfef95601890afd80709", "client.py": "33ca4f26368777ac06e01f9567b714a4b8063886", "lib/__init__.py": "da39a3ee5e6b4b0d3255bfef95601890afd80709", "lib/client.py": "ac2aa093c8e8bbc9569b9e2a3471bc64e58a2258", "lib/common.py": "611d8b29633d331eb19c9455ea3b5fa3284ed6df", "lib/external/__init__.py": "da39a3ee5e6b4b0d3255bfef95601890afd80709", "lib/external/ntplib.py": "4da8f970656505a40483206ef2b5d3dd5e81711d", "lib/server.py": "c7af63c31bb2fbedea4345f571f6e3507d268ada", "lib/source_hashes.py": "60a2e02193209e8d392803326208d5466342da18", "lib/summary.py": "aa92f0a3f975eecd44d3c0cd0236342ccc9f941d", "lib/time_sync.py": "122eba67a9abc85635223e054def53be1367ade2", "server.py": "c3f90f2f7eeb4db30727556d0c815ebc89b3d28b", "tests/unit/__init__.py": "da39a3ee5e6b4b0d3255bfef95601890afd80709", "tests/unit/test_server.py": "948c1995d4008bc2aa6c4046a34ffa3858d6d671", "tests/unit/test_source_hashes.py": "00468a2907583c593e6574a1f6b404e4651c221a"}, "modules": {"ptd_client_server.lib.client": "lib/client.py", "ptd_client_server.lib.common": "lib/common.py", "ptd_client_server.lib.external.ntplib": "lib/external/ntplib.py", "ptd_client_server.lib.source_hashes": "lib/source_hashes.py", "ptd_client_server.lib.summary": "lib/summary.py", "ptd_client_server.lib.time_sync": "lib/time_sync.py"}}
client 2023-09-01 15:25:48,332 [INFO] Running workload in ranging mode
client 2023-09-01 15:25:48,332 [INFO] Synchronizing with the server and with time.google.com...
client 2023-09-01 15:25:48,347 [INFO] NTP:offset = 0.000 s, delay = 0.014 s 
client 2023-09-01 15:25:48,347 [INFO] Sending command to the server: 'time'
client 2023-09-01 15:25:48,348 [INFO] Got response: '1693578348.3483548'
client 2023-09-01 15:25:48,348 [INFO] The time difference between the client and the server is within range -1.183 ms..0.121 ms
client 2023-09-01 15:25:48,348 [INFO] Sending command to the server: 'session,2023-09-01_14-25-48,start,ranging'
client 2023-09-01 15:26:16,441 [INFO] Got response: 'OK'
client 2023-09-01 15:26:16,441 [INFO] Sending command to the server: 'time'
client 2023-09-01 15:26:16,443 [INFO] Got response: '1693578376.4434233'
client 2023-09-01 15:26:16,443 [INFO] The time difference between the client and the server is within range -1.583 ms..0.500 ms
client 2023-09-01 15:26:16,443 [INFO] Running the workload 'CM_MLPERF_RUN_COUNT=$(cat ${CM_RUN_DIR}/count.txt); echo ${CM_MLPERF_RUN_COUNT}; CM_MLPERF_RUN_COUNT=$((CM_MLPERF_RUN_COUNT+1)); echo ${CM_MLPERF_RUN_COUNT} > ${CM_RUN_DIR}/count.txt && if [ ${CM_MLPERF_RUN_COUNT} -eq "1" ]; then export CM_MLPERF_USER_CONF=${CM_MLPERF_RANGING_USER_CONF}; else export CM_MLPERF_USER_CONF=${CM_MLPERF_TESTING_USER_CONF}; fi && /usr/bin/python3 run.py --backend=deepsparse --scenario=Offline --mlperf_conf "/home/arjun/CM/repos/local/cache/aa6e8001eef84e28/inference/mlperf.conf" --user_conf "${CM_MLPERF_USER_CONF}" --quantized --batch_size=384 --model_path=/home/arjun/.cache/sparsezoo/74daffb7-ba8c-4a37-aa29-634a0fd399c2/model.onnx'
client 2023-09-01 15:32:59,462 [INFO] Sending command to the server: 'time'
client 2023-09-01 15:32:59,520 [INFO] Got response: '1693578779.5191977'
client 2023-09-01 15:32:59,520 [INFO] The time difference between the client and the server is within range -57.137 ms..0.934 ms
client 2023-09-01 15:32:59,520 [INFO] Sending command to the server: 'session,2023-09-01_14-25-48,stop,ranging'
client 2023-09-01 15:33:10,504 [INFO] Got response: 'OK'
client 2023-09-01 15:33:10,504 [INFO] Sending command to the server: 'time'
client 2023-09-01 15:33:10,506 [INFO] Got response: '1693578790.505874'
client 2023-09-01 15:33:10,506 [INFO] The time difference between the client and the server is within range -0.921 ms..0.364 ms
client 2023-09-01 15:33:10,508 [INFO] Copying loadgen logs from '/home/arjun/results_dir/valid_results/phoenix_Amd_Am5-reference-cpu-deepsparse-vdefault-default_config/bert-base-pruned90-none-bert-99/offline/performance/run_1' to '/home/arjun/results_dir/valid_results/phoenix_Amd_Am5-reference-cpu-deepsparse-vdefault-default_config/bert-base-pruned90-none-bert-99/offline/performance/tmp_power/ranging'
client 2023-09-01 15:33:10,508 [INFO] Running workload in testing mode
client 2023-09-01 15:33:10,508 [INFO] Synchronizing with the server and with time.google.com...
client 2023-09-01 15:33:10,523 [INFO] NTP:offset = -0.000 s, delay = 0.015 s 
client 2023-09-01 15:33:10,524 [INFO] Sending command to the server: 'time'
client 2023-09-01 15:33:10,525 [INFO] Got response: '1693578790.525345'
client 2023-09-01 15:33:10,525 [INFO] The time difference between the client and the server is within range -1.292 ms..0.175 ms
client 2023-09-01 15:33:10,525 [INFO] Sending command to the server: 'session,2023-09-01_14-25-48,start,testing'
client 2023-09-01 15:33:23,539 [INFO] Got response: 'OK'
client 2023-09-01 15:33:23,539 [INFO] Sending command to the server: 'time'
client 2023-09-01 15:33:23,540 [INFO] Got response: '1693578803.5400026'
client 2023-09-01 15:33:23,540 [INFO] The time difference between the client and the server is within range -0.906 ms..0.224 ms
client 2023-09-01 15:33:23,540 [INFO] Running the workload 'CM_MLPERF_RUN_COUNT=$(cat ${CM_RUN_DIR}/count.txt); echo ${CM_MLPERF_RUN_COUNT}; CM_MLPERF_RUN_COUNT=$((CM_MLPERF_RUN_COUNT+1)); echo ${CM_MLPERF_RUN_COUNT} > ${CM_RUN_DIR}/count.txt && if [ ${CM_MLPERF_RUN_COUNT} -eq "1" ]; then export CM_MLPERF_USER_CONF=${CM_MLPERF_RANGING_USER_CONF}; else export CM_MLPERF_USER_CONF=${CM_MLPERF_TESTING_USER_CONF}; fi && /usr/bin/python3 run.py --backend=deepsparse --scenario=Offline --mlperf_conf "/home/arjun/CM/repos/local/cache/aa6e8001eef84e28/inference/mlperf.conf" --user_conf "${CM_MLPERF_USER_CONF}" --quantized --batch_size=384 --model_path=/home/arjun/.cache/sparsezoo/74daffb7-ba8c-4a37-aa29-634a0fd399c2/model.onnx'
client 2023-09-01 15:45:37,905 [INFO] Sending command to the server: 'time'
client 2023-09-01 15:45:38,002 [INFO] Got response: '1693579538.0008914'
client 2023-09-01 15:45:38,002 [INFO] The time difference between the client and the server is within range -95.619 ms..1.413 ms
client 2023-09-01 15:45:38,002 [INFO] Sending command to the server: 'session,2023-09-01_14-25-48,stop,testing'
client 2023-09-01 15:45:48,594 [INFO] Got response: 'OK'
client 2023-09-01 15:45:48,594 [INFO] Sending command to the server: 'time'
client 2023-09-01 15:45:48,595 [INFO] Got response: '1693579548.5953543'
client 2023-09-01 15:45:48,595 [INFO] The time difference between the client and the server is within range -1.042 ms..0.494 ms
client 2023-09-01 15:45:48,596 [INFO] Copying loadgen logs from '/home/arjun/results_dir/valid_results/phoenix_Amd_Am5-reference-cpu-deepsparse-vdefault-default_config/bert-base-pruned90-none-bert-99/offline/performance/run_1' to '/home/arjun/results_dir/valid_results/phoenix_Amd_Am5-reference-cpu-deepsparse-vdefault-default_config/bert-base-pruned90-none-bert-99/offline/performance/tmp_power/run_1'
client 2023-09-01 15:45:48,596 [INFO] Done runs
