client 2023-07-20 00:31:52,361 [INFO] Creating output directory '/home/arjun/mobilenet_results/valid_results/raspberrypi-tflite_armnn_cpp-cpu-armnn_tflite-v22.11-using_neon/mobilenet-v2-precision_float-1.0-160/singlestream/performance/tmp_power'
client 2023-07-20 00:31:52,366 [INFO] Sending command to the server: 'mlcommons/power client v3'
client 2023-07-20 00:31:52,369 [INFO] Got response: 'mlcommons/power server v3'
client 2023-07-20 00:31:52,370 [INFO] Synchronizing with the server and with time.google.com...
client 2023-07-20 00:31:52,417 [INFO] NTP:offset = 0.001 s, delay = 0.016 s 
client 2023-07-20 00:31:52,418 [INFO] Sending command to the server: 'time'
client 2023-07-20 00:31:52,421 [INFO] Got response: '1689809512.273321'
client 2023-07-20 00:31:52,421 [INFO] The time difference between the client and the server is within range 144.929 ms..148.593 ms
client 2023-07-20 00:31:52,422 [INFO] Sending command to the server: 'new,,1f403b9c-8301-4677-800e-4fd6ad08f049'
client 2023-07-20 00:31:52,426 [INFO] Got response: 'OK 2023-07-20_00-31-52,eda1d008-f8d1-46f4-86dd-a547a7ddf7ad'
client 2023-07-20 00:31:52,426 [INFO] Session id is '2023-07-20_00-31-52'
client 2023-07-20 00:31:52,427 [INFO] Sources: {"sources": {"__init__.py": "da39a3ee5e6b4b0d3255bfef95601890afd80709", "client.py": "33ca4f26368777ac06e01f9567b714a4b8063886", "lib/__init__.py": "da39a3ee5e6b4b0d3255bfef95601890afd80709", "lib/client.py": "ac2aa093c8e8bbc9569b9e2a3471bc64e58a2258", "lib/common.py": "611d8b29633d331eb19c9455ea3b5fa3284ed6df", "lib/external/__init__.py": "da39a3ee5e6b4b0d3255bfef95601890afd80709", "lib/external/ntplib.py": "4da8f970656505a40483206ef2b5d3dd5e81711d", "lib/server.py": "c7af63c31bb2fbedea4345f571f6e3507d268ada", "lib/source_hashes.py": "60a2e02193209e8d392803326208d5466342da18", "lib/summary.py": "aa92f0a3f975eecd44d3c0cd0236342ccc9f941d", "lib/time_sync.py": "122eba67a9abc85635223e054def53be1367ade2", "server.py": "c3f90f2f7eeb4db30727556d0c815ebc89b3d28b", "tests/unit/__init__.py": "da39a3ee5e6b4b0d3255bfef95601890afd80709", "tests/unit/test_server.py": "948c1995d4008bc2aa6c4046a34ffa3858d6d671", "tests/unit/test_source_hashes.py": "00468a2907583c593e6574a1f6b404e4651c221a"}, "modules": {"ptd_client_server.lib.client": "lib/client.py", "ptd_client_server.lib.common": "lib/common.py", "ptd_client_server.lib.external.ntplib": "lib/external/ntplib.py", "ptd_client_server.lib.source_hashes": "lib/source_hashes.py", "ptd_client_server.lib.summary": "lib/summary.py", "ptd_client_server.lib.time_sync": "lib/time_sync.py"}}
client 2023-07-20 00:31:52,428 [INFO] Running workload in ranging mode
client 2023-07-20 00:31:52,428 [INFO] Synchronizing with the server and with time.google.com...
client 2023-07-20 00:31:52,463 [INFO] NTP:offset = 0.001 s, delay = 0.014 s 
client 2023-07-20 00:31:52,464 [INFO] Sending command to the server: 'time'
client 2023-07-20 00:31:52,468 [INFO] Got response: '1689809512.3138852'
client 2023-07-20 00:31:52,468 [INFO] The time difference between the client and the server is within range 150.397 ms..154.671 ms
client 2023-07-20 00:31:52,468 [INFO] Sending command to the server: 'session,2023-07-20_00-31-52,start,ranging'
client 2023-07-20 00:32:21,175 [INFO] Got response: 'OK'
client 2023-07-20 00:32:21,176 [INFO] Sending command to the server: 'time'
client 2023-07-20 00:32:21,181 [INFO] Got response: '1689809541.0328422'
client 2023-07-20 00:32:21,181 [INFO] The time difference between the client and the server is within range 143.551 ms..148.769 ms
client 2023-07-20 00:32:21,182 [INFO] Running the workload 'CM_MLPERF_RUN_COUNT=$(cat ${CM_RUN_DIR}/count.txt); echo ${CM_MLPERF_RUN_COUNT}; CM_MLPERF_RUN_COUNT=$((CM_MLPERF_RUN_COUNT+1)); echo ${CM_MLPERF_RUN_COUNT} > ${CM_RUN_DIR}/count.txt && if [ ${CM_MLPERF_RUN_COUNT} -eq "1" ]; then export CM_MLPERF_USER_CONF=${CM_MLPERF_RANGING_USER_CONF}; else export CM_MLPERF_USER_CONF=${CM_MLPERF_TESTING_USER_CONF}; fi && /home/arjun/CM/repos/ctuning@mlcommons-ck/cm-mlops/script/get-lib-armnn/run.out'
client 2023-07-20 00:37:34,158 [INFO] Sending command to the server: 'time'
client 2023-07-20 00:37:34,163 [INFO] Got response: '1689809854.0073051'
client 2023-07-20 00:37:34,163 [INFO] The time difference between the client and the server is within range 150.561 ms..156.153 ms
client 2023-07-20 00:37:34,163 [INFO] Sending command to the server: 'session,2023-07-20_00-31-52,stop,ranging'
client 2023-07-20 00:37:44,304 [INFO] Got response: 'OK'
client 2023-07-20 00:37:44,305 [INFO] Sending command to the server: 'time'
client 2023-07-20 00:37:44,308 [INFO] Got response: '1689809864.1601217'
client 2023-07-20 00:37:44,308 [INFO] The time difference between the client and the server is within range 144.923 ms..148.488 ms
client 2023-07-20 00:37:44,342 [INFO] Copying loadgen logs from '/home/arjun/mobilenet_results/valid_results/raspberrypi-tflite_armnn_cpp-cpu-armnn_tflite-v22.11-using_neon/mobilenet-v2-precision_float-1.0-160/singlestream/performance/run_1' to '/home/arjun/mobilenet_results/valid_results/raspberrypi-tflite_armnn_cpp-cpu-armnn_tflite-v22.11-using_neon/mobilenet-v2-precision_float-1.0-160/singlestream/performance/tmp_power/ranging'
client 2023-07-20 00:37:44,345 [INFO] Running workload in testing mode
client 2023-07-20 00:37:44,346 [INFO] Synchronizing with the server and with time.google.com...
client 2023-07-20 00:37:44,381 [INFO] NTP:offset = 0.000 s, delay = 0.017 s 
client 2023-07-20 00:37:44,382 [INFO] Sending command to the server: 'time'
client 2023-07-20 00:37:44,386 [INFO] Got response: '1689809864.2316716'
client 2023-07-20 00:37:44,386 [INFO] The time difference between the client and the server is within range 150.582 ms..155.258 ms
client 2023-07-20 00:37:44,387 [INFO] Sending command to the server: 'session,2023-07-20_00-31-52,start,testing'
client 2023-07-20 00:37:57,430 [INFO] Got response: 'OK'
client 2023-07-20 00:37:57,431 [INFO] Sending command to the server: 'time'
client 2023-07-20 00:37:57,436 [INFO] Got response: '1689809877.2801976'
client 2023-07-20 00:37:57,436 [INFO] The time difference between the client and the server is within range 151.152 ms..156.567 ms
client 2023-07-20 00:37:57,437 [INFO] Running the workload 'CM_MLPERF_RUN_COUNT=$(cat ${CM_RUN_DIR}/count.txt); echo ${CM_MLPERF_RUN_COUNT}; CM_MLPERF_RUN_COUNT=$((CM_MLPERF_RUN_COUNT+1)); echo ${CM_MLPERF_RUN_COUNT} > ${CM_RUN_DIR}/count.txt && if [ ${CM_MLPERF_RUN_COUNT} -eq "1" ]; then export CM_MLPERF_USER_CONF=${CM_MLPERF_RANGING_USER_CONF}; else export CM_MLPERF_USER_CONF=${CM_MLPERF_TESTING_USER_CONF}; fi && /home/arjun/CM/repos/ctuning@mlcommons-ck/cm-mlops/script/get-lib-armnn/run.out'
client 2023-07-20 00:48:13,561 [INFO] Sending command to the server: 'time'
client 2023-07-20 00:48:13,566 [INFO] Got response: '1689810493.420588'
client 2023-07-20 00:48:13,566 [INFO] The time difference between the client and the server is within range 140.926 ms..146.312 ms
client 2023-07-20 00:48:13,567 [INFO] Sending command to the server: 'session,2023-07-20_00-31-52,stop,testing'
client 2023-07-20 00:48:24,505 [INFO] Got response: 'OK'
client 2023-07-20 00:48:24,506 [INFO] Sending command to the server: 'time'
client 2023-07-20 00:48:24,509 [INFO] Got response: '1689810504.3571382'
client 2023-07-20 00:48:24,510 [INFO] The time difference between the client and the server is within range 149.043 ms..153.031 ms
client 2023-07-20 00:48:24,515 [INFO] Copying loadgen logs from '/home/arjun/mobilenet_results/valid_results/raspberrypi-tflite_armnn_cpp-cpu-armnn_tflite-v22.11-using_neon/mobilenet-v2-precision_float-1.0-160/singlestream/performance/run_1' to '/home/arjun/mobilenet_results/valid_results/raspberrypi-tflite_armnn_cpp-cpu-armnn_tflite-v22.11-using_neon/mobilenet-v2-precision_float-1.0-160/singlestream/performance/tmp_power/run_1'
client 2023-07-20 00:48:24,519 [INFO] Done runs
