client 2023-07-15 13:25:01,918 [INFO] Creating output directory '/home/arjun/mobilenet_results/valid_results/raspberrypi-tflite_armnn_cpp-cpu-armnn_tflite-v23.05-using_neon/mobilenet-v1-precision_uint8-1.0-128/singlestream/performance/tmp_power'
client 2023-07-15 13:25:01,923 [INFO] Sending command to the server: 'mlcommons/power client v3'
client 2023-07-15 13:25:01,927 [INFO] Got response: 'mlcommons/power server v3'
client 2023-07-15 13:25:01,927 [INFO] Synchronizing with the server and with time.google.com...
client 2023-07-15 13:25:02,001 [INFO] NTP:offset = -0.055 s, delay = 0.040 s 
client 2023-07-15 13:25:02,002 [INFO] Sending command to the server: 'time'
client 2023-07-15 13:25:02,007 [INFO] Got response: '1689423901.933397'
client 2023-07-15 13:25:02,007 [INFO] The time difference between the client and the server is within range 68.591 ms..74.210 ms
client 2023-07-15 13:25:02,008 [INFO] Sending command to the server: 'new,,a7358c99-2311-40c3-b672-d5d6f5366758'
client 2023-07-15 13:25:02,099 [INFO] Got response: 'OK 2023-07-15_13-25-02,92903ba7-845b-45b9-bdda-3c85837d75e1'
client 2023-07-15 13:25:02,099 [INFO] Session id is '2023-07-15_13-25-02'
client 2023-07-15 13:25:02,100 [INFO] Sources: {"sources": {"__init__.py": "da39a3ee5e6b4b0d3255bfef95601890afd80709", "client.py": "33ca4f26368777ac06e01f9567b714a4b8063886", "lib/__init__.py": "da39a3ee5e6b4b0d3255bfef95601890afd80709", "lib/client.py": "ac2aa093c8e8bbc9569b9e2a3471bc64e58a2258", "lib/common.py": "611d8b29633d331eb19c9455ea3b5fa3284ed6df", "lib/external/__init__.py": "da39a3ee5e6b4b0d3255bfef95601890afd80709", "lib/external/ntplib.py": "4da8f970656505a40483206ef2b5d3dd5e81711d", "lib/server.py": "c7af63c31bb2fbedea4345f571f6e3507d268ada", "lib/source_hashes.py": "60a2e02193209e8d392803326208d5466342da18", "lib/summary.py": "aa92f0a3f975eecd44d3c0cd0236342ccc9f941d", "lib/time_sync.py": "122eba67a9abc85635223e054def53be1367ade2", "server.py": "c3f90f2f7eeb4db30727556d0c815ebc89b3d28b", "tests/unit/__init__.py": "da39a3ee5e6b4b0d3255bfef95601890afd80709", "tests/unit/test_server.py": "948c1995d4008bc2aa6c4046a34ffa3858d6d671", "tests/unit/test_source_hashes.py": "00468a2907583c593e6574a1f6b404e4651c221a"}, "modules": {"ptd_client_server.lib.client": "lib/client.py", "ptd_client_server.lib.common": "lib/common.py", "ptd_client_server.lib.external.ntplib": "lib/external/ntplib.py", "ptd_client_server.lib.source_hashes": "lib/source_hashes.py", "ptd_client_server.lib.summary": "lib/summary.py", "ptd_client_server.lib.time_sync": "lib/time_sync.py"}}
client 2023-07-15 13:25:02,101 [INFO] Running workload in ranging mode
client 2023-07-15 13:25:02,101 [INFO] Synchronizing with the server and with time.google.com...
client 2023-07-15 13:25:02,219 [INFO] NTP:offset = -0.041 s, delay = 0.016 s 
client 2023-07-15 13:25:02,220 [INFO] Sending command to the server: 'time'
client 2023-07-15 13:25:02,225 [INFO] Got response: '1689423902.1491928'
client 2023-07-15 13:25:02,226 [INFO] The time difference between the client and the server is within range 70.798 ms..76.845 ms
client 2023-07-15 13:25:02,226 [INFO] Sending command to the server: 'session,2023-07-15_13-25-02,start,ranging'
client 2023-07-15 13:25:30,961 [INFO] Got response: 'OK'
client 2023-07-15 13:25:30,961 [INFO] Sending command to the server: 'time'
client 2023-07-15 13:25:30,965 [INFO] Got response: '1689423930.8912947'
client 2023-07-15 13:25:30,966 [INFO] The time difference between the client and the server is within range 70.262 ms..74.804 ms
client 2023-07-15 13:25:30,966 [INFO] Running the workload 'CM_MLPERF_RUN_COUNT=$(cat ${CM_RUN_DIR}/count.txt); echo ${CM_MLPERF_RUN_COUNT}; CM_MLPERF_RUN_COUNT=$((CM_MLPERF_RUN_COUNT+1)); echo ${CM_MLPERF_RUN_COUNT} > ${CM_RUN_DIR}/count.txt && if [ ${CM_MLPERF_RUN_COUNT} -eq "1" ]; then export CM_MLPERF_USER_CONF=${CM_MLPERF_RANGING_USER_CONF}; else export CM_MLPERF_USER_CONF=${CM_MLPERF_TESTING_USER_CONF}; fi && /home/arjun/run.out'
client 2023-07-15 13:30:39,046 [INFO] Sending command to the server: 'time'
client 2023-07-15 13:30:39,051 [INFO] Got response: '1689424238.9775136'
client 2023-07-15 13:30:39,051 [INFO] The time difference between the client and the server is within range 68.498 ms..73.764 ms
client 2023-07-15 13:30:39,051 [INFO] Sending command to the server: 'session,2023-07-15_13-25-02,stop,ranging'
client 2023-07-15 13:30:50,262 [INFO] Got response: 'OK'
client 2023-07-15 13:30:50,263 [INFO] Sending command to the server: 'time'
client 2023-07-15 13:30:50,266 [INFO] Got response: '1689424250.1866775'
client 2023-07-15 13:30:50,267 [INFO] The time difference between the client and the server is within range 76.566 ms..80.618 ms
client 2023-07-15 13:30:50,296 [INFO] Copying loadgen logs from '/home/arjun/mobilenet_results/valid_results/raspberrypi-tflite_armnn_cpp-cpu-armnn_tflite-v23.05-using_neon/mobilenet-v1-precision_uint8-1.0-128/singlestream/performance/run_1' to '/home/arjun/mobilenet_results/valid_results/raspberrypi-tflite_armnn_cpp-cpu-armnn_tflite-v23.05-using_neon/mobilenet-v1-precision_uint8-1.0-128/singlestream/performance/tmp_power/ranging'
client 2023-07-15 13:30:50,298 [INFO] Running workload in testing mode
client 2023-07-15 13:30:50,298 [INFO] Synchronizing with the server and with time.google.com...
client 2023-07-15 13:30:50,469 [INFO] NTP:offset = -0.050 s, delay = 0.037 s 
client 2023-07-15 13:30:50,470 [INFO] Sending command to the server: 'time'
client 2023-07-15 13:30:50,599 [INFO] Got response: '1689424250.4007826'
client 2023-07-15 13:30:50,599 [INFO] The time difference between the client and the server is within range 69.276 ms..198.717 ms
client 2023-07-15 13:30:50,599 [INFO] Sending command to the server: 'session,2023-07-15_13-25-02,start,testing'
client 2023-07-15 13:31:03,642 [INFO] Got response: 'OK'
client 2023-07-15 13:31:03,643 [INFO] Sending command to the server: 'time'
client 2023-07-15 13:31:03,647 [INFO] Got response: '1689424263.5748494'
client 2023-07-15 13:31:03,648 [INFO] The time difference between the client and the server is within range 68.264 ms..73.270 ms
client 2023-07-15 13:31:03,648 [INFO] Running the workload 'CM_MLPERF_RUN_COUNT=$(cat ${CM_RUN_DIR}/count.txt); echo ${CM_MLPERF_RUN_COUNT}; CM_MLPERF_RUN_COUNT=$((CM_MLPERF_RUN_COUNT+1)); echo ${CM_MLPERF_RUN_COUNT} > ${CM_RUN_DIR}/count.txt && if [ ${CM_MLPERF_RUN_COUNT} -eq "1" ]; then export CM_MLPERF_USER_CONF=${CM_MLPERF_RANGING_USER_CONF}; else export CM_MLPERF_USER_CONF=${CM_MLPERF_TESTING_USER_CONF}; fi && /home/arjun/run.out'
client 2023-07-15 13:41:15,907 [INFO] Sending command to the server: 'time'
client 2023-07-15 13:41:15,913 [INFO] Got response: '1689424875.7939658'
client 2023-07-15 13:41:15,913 [INFO] The time difference between the client and the server is within range 113.456 ms..119.623 ms
client 2023-07-15 13:41:15,913 [INFO] Sending command to the server: 'session,2023-07-15_13-25-02,stop,testing'
client 2023-07-15 13:41:26,903 [INFO] Got response: 'OK'
client 2023-07-15 13:41:26,903 [INFO] Sending command to the server: 'time'
client 2023-07-15 13:41:26,907 [INFO] Got response: '1689424886.792719'
client 2023-07-15 13:41:26,907 [INFO] The time difference between the client and the server is within range 111.097 ms..115.163 ms
client 2023-07-15 13:41:26,913 [INFO] Copying loadgen logs from '/home/arjun/mobilenet_results/valid_results/raspberrypi-tflite_armnn_cpp-cpu-armnn_tflite-v23.05-using_neon/mobilenet-v1-precision_uint8-1.0-128/singlestream/performance/run_1' to '/home/arjun/mobilenet_results/valid_results/raspberrypi-tflite_armnn_cpp-cpu-armnn_tflite-v23.05-using_neon/mobilenet-v1-precision_uint8-1.0-128/singlestream/performance/tmp_power/run_1'
client 2023-07-15 13:41:26,916 [INFO] Done runs
