client 2023-08-09 15:14:08,315 [INFO] Creating output directory '/home/arjun/results_dir/valid_results/orin-reference-cpu-deepsparse-vdefault-default_config/mobilebert-none-base-none-bert-99/offline/performance/tmp_power'
client 2023-08-09 15:14:08,318 [INFO] Sending command to the server: 'mlcommons/power client v3'
client 2023-08-09 15:14:08,321 [INFO] Got response: 'mlcommons/power server v3'
client 2023-08-09 15:14:08,321 [INFO] Synchronizing with the server and with time.google.com...
client 2023-08-09 15:14:08,338 [INFO] NTP:offset = -0.002 s, delay = 0.013 s 
client 2023-08-09 15:14:08,338 [INFO] Sending command to the server: 'time'
client 2023-08-09 15:14:08,341 [INFO] Got response: '1691590448.2615135'
client 2023-08-09 15:14:08,341 [INFO] The time difference between the client and the server is within range 76.594 ms..80.266 ms
client 2023-08-09 15:14:08,341 [INFO] Sending command to the server: 'new,,f81d881d-d21e-476f-a712-2a72c2b81e50'
client 2023-08-09 15:14:08,344 [INFO] Got response: 'OK 2023-08-09_15-14-08,a8b690a7-5b27-410e-8be5-f905073b7571'
client 2023-08-09 15:14:08,344 [INFO] Session id is '2023-08-09_15-14-08'
client 2023-08-09 15:14:08,344 [INFO] Sources: {"sources": {"__init__.py": "da39a3ee5e6b4b0d3255bfef95601890afd80709", "client.py": "33ca4f26368777ac06e01f9567b714a4b8063886", "lib/__init__.py": "da39a3ee5e6b4b0d3255bfef95601890afd80709", "lib/client.py": "ac2aa093c8e8bbc9569b9e2a3471bc64e58a2258", "lib/common.py": "611d8b29633d331eb19c9455ea3b5fa3284ed6df", "lib/external/__init__.py": "da39a3ee5e6b4b0d3255bfef95601890afd80709", "lib/external/ntplib.py": "4da8f970656505a40483206ef2b5d3dd5e81711d", "lib/server.py": "c7af63c31bb2fbedea4345f571f6e3507d268ada", "lib/source_hashes.py": "60a2e02193209e8d392803326208d5466342da18", "lib/summary.py": "aa92f0a3f975eecd44d3c0cd0236342ccc9f941d", "lib/time_sync.py": "80894ef2389e540781ff78de94db16aa4203a14e", "server.py": "c3f90f2f7eeb4db30727556d0c815ebc89b3d28b", "tests/unit/__init__.py": "da39a3ee5e6b4b0d3255bfef95601890afd80709", "tests/unit/test_server.py": "948c1995d4008bc2aa6c4046a34ffa3858d6d671", "tests/unit/test_source_hashes.py": "00468a2907583c593e6574a1f6b404e4651c221a"}, "modules": {"ptd_client_server.lib.client": "lib/client.py", "ptd_client_server.lib.common": "lib/common.py", "ptd_client_server.lib.external.ntplib": "lib/external/ntplib.py", "ptd_client_server.lib.source_hashes": "lib/source_hashes.py", "ptd_client_server.lib.summary": "lib/summary.py", "ptd_client_server.lib.time_sync": "lib/time_sync.py"}}
client 2023-08-09 15:14:08,344 [INFO] Running workload in ranging mode
client 2023-08-09 15:14:08,344 [INFO] Synchronizing with the server and with time.google.com...
client 2023-08-09 15:14:08,361 [INFO] NTP:offset = -0.001 s, delay = 0.015 s 
client 2023-08-09 15:14:08,361 [INFO] Sending command to the server: 'time'
client 2023-08-09 15:14:08,363 [INFO] Got response: '1691590448.2817214'
client 2023-08-09 15:14:08,364 [INFO] The time difference between the client and the server is within range 79.625 ms..82.323 ms
client 2023-08-09 15:14:08,364 [INFO] Sending command to the server: 'session,2023-08-09_15-14-08,start,ranging'
client 2023-08-09 15:14:37,107 [INFO] Got response: 'OK'
client 2023-08-09 15:14:37,107 [INFO] Sending command to the server: 'time'
client 2023-08-09 15:14:37,111 [INFO] Got response: '1691590477.030931'
client 2023-08-09 15:14:37,111 [INFO] The time difference between the client and the server is within range 76.533 ms..80.301 ms
client 2023-08-09 15:14:37,111 [INFO] Running the workload 'CM_MLPERF_RUN_COUNT=$(cat ${CM_RUN_DIR}/count.txt); echo ${CM_MLPERF_RUN_COUNT}; CM_MLPERF_RUN_COUNT=$((CM_MLPERF_RUN_COUNT+1)); echo ${CM_MLPERF_RUN_COUNT} > ${CM_RUN_DIR}/count.txt && if [ ${CM_MLPERF_RUN_COUNT} -eq "1" ]; then export CM_MLPERF_USER_CONF=${CM_MLPERF_RANGING_USER_CONF}; else export CM_MLPERF_USER_CONF=${CM_MLPERF_TESTING_USER_CONF}; fi && /usr/bin/python3 run.py --backend=deepsparse --scenario=Offline --mlperf_conf "/mount/CM/repos/local/cache/e98684742c3f4b81/inference/mlperf.conf" --user_conf "${CM_MLPERF_USER_CONF}" --quantized --batch_size=384 --model_path=/home/arjun/.cache/sparsezoo/neuralmagic/mobilebert-squad_wikipedia_bookcorpus-base/model.onnx'
client 2023-08-09 15:39:37,272 [INFO] Sending command to the server: 'time'
client 2023-08-09 15:39:37,277 [INFO] Got response: '1691591977.2054517'
client 2023-08-09 15:39:37,277 [INFO] The time difference between the client and the server is within range 66.856 ms..72.143 ms
client 2023-08-09 15:39:37,277 [INFO] Sending command to the server: 'session,2023-08-09_15-14-08,stop,ranging'
client 2023-08-09 15:39:48,334 [INFO] Got response: 'OK'
client 2023-08-09 15:39:48,334 [INFO] Sending command to the server: 'time'
client 2023-08-09 15:39:48,338 [INFO] Got response: '1691591988.2631776'
client 2023-08-09 15:39:48,338 [INFO] The time difference between the client and the server is within range 71.626 ms..74.967 ms
client 2023-08-09 15:39:48,342 [INFO] Copying loadgen logs from '/home/arjun/results_dir/valid_results/orin-reference-cpu-deepsparse-vdefault-default_config/mobilebert-none-base-none-bert-99/offline/performance/run_1' to '/home/arjun/results_dir/valid_results/orin-reference-cpu-deepsparse-vdefault-default_config/mobilebert-none-base-none-bert-99/offline/performance/tmp_power/ranging'
client 2023-08-09 15:39:48,475 [INFO] Running workload in testing mode
client 2023-08-09 15:39:48,475 [INFO] Synchronizing with the server and with time.google.com...
client 2023-08-09 15:39:48,489 [INFO] NTP:offset = -0.001 s, delay = 0.013 s 
client 2023-08-09 15:39:48,489 [INFO] Sending command to the server: 'time'
client 2023-08-09 15:39:48,493 [INFO] Got response: '1691591988.4186082'
client 2023-08-09 15:39:48,493 [INFO] The time difference between the client and the server is within range 71.105 ms..75.342 ms
client 2023-08-09 15:39:48,494 [INFO] Sending command to the server: 'session,2023-08-09_15-14-08,start,testing'
client 2023-08-09 15:40:01,537 [INFO] Got response: 'OK'
client 2023-08-09 15:40:01,537 [INFO] Sending command to the server: 'time'
client 2023-08-09 15:40:01,540 [INFO] Got response: '1691592001.4702015'
client 2023-08-09 15:40:01,540 [INFO] The time difference between the client and the server is within range 66.961 ms..70.598 ms
client 2023-08-09 15:40:01,540 [INFO] Running the workload 'CM_MLPERF_RUN_COUNT=$(cat ${CM_RUN_DIR}/count.txt); echo ${CM_MLPERF_RUN_COUNT}; CM_MLPERF_RUN_COUNT=$((CM_MLPERF_RUN_COUNT+1)); echo ${CM_MLPERF_RUN_COUNT} > ${CM_RUN_DIR}/count.txt && if [ ${CM_MLPERF_RUN_COUNT} -eq "1" ]; then export CM_MLPERF_USER_CONF=${CM_MLPERF_RANGING_USER_CONF}; else export CM_MLPERF_USER_CONF=${CM_MLPERF_TESTING_USER_CONF}; fi && /usr/bin/python3 run.py --backend=deepsparse --scenario=Offline --mlperf_conf "/mount/CM/repos/local/cache/e98684742c3f4b81/inference/mlperf.conf" --user_conf "${CM_MLPERF_USER_CONF}" --quantized --batch_size=384 --model_path=/home/arjun/.cache/sparsezoo/neuralmagic/mobilebert-squad_wikipedia_bookcorpus-base/model.onnx'
client 2023-08-09 16:47:08,780 [INFO] Sending command to the server: 'time'
client 2023-08-09 16:47:08,784 [INFO] Got response: '1691596028.7017426'
client 2023-08-09 16:47:08,784 [INFO] The time difference between the client and the server is within range 78.204 ms..83.040 ms
client 2023-08-09 16:47:08,784 [INFO] Sending command to the server: 'session,2023-08-09_15-14-08,stop,testing'
client 2023-08-09 16:47:20,134 [INFO] Got response: 'OK'
client 2023-08-09 16:47:20,135 [INFO] Sending command to the server: 'time'
client 2023-08-09 16:47:20,137 [INFO] Got response: '1691596040.0485814'
client 2023-08-09 16:47:20,137 [INFO] The time difference between the client and the server is within range 86.486 ms..88.650 ms
client 2023-08-09 16:47:20,138 [INFO] Copying loadgen logs from '/home/arjun/results_dir/valid_results/orin-reference-cpu-deepsparse-vdefault-default_config/mobilebert-none-base-none-bert-99/offline/performance/run_1' to '/home/arjun/results_dir/valid_results/orin-reference-cpu-deepsparse-vdefault-default_config/mobilebert-none-base-none-bert-99/offline/performance/tmp_power/run_1'
client 2023-08-09 16:47:20,138 [INFO] Done runs
