client 2023-08-11 13:19:57,762 [INFO] Creating output directory '/home/krai/work_collection/generated_by_power_measurement_on_run_cd5c7f13e4d84590b5f14b028e039a04/power_logs'
client 2023-08-11 13:19:57,763 [INFO] Sending command to the server: 'mlcommons/power client v3'
client 2023-08-11 13:19:57,764 [INFO] Got response: 'mlcommons/power server v3'
client 2023-08-11 13:19:57,765 [INFO] Synchronizing with the server and with time.google.com...
client 2023-08-11 13:19:57,892 [INFO] NTP:offset = -0.014 s, delay = 0.124 s 
client 2023-08-11 13:19:57,892 [INFO] Sending command to the server: 'time'
client 2023-08-11 13:19:57,894 [INFO] Got response: '1691777997.8852758'
client 2023-08-11 13:19:57,894 [INFO] The time difference between the client and the server is within range 7.648 ms..9.128 ms
client 2023-08-11 13:19:57,894 [INFO] Sending command to the server: 'new,,8baa087d-5500-4e29-9cca-35e25186bde0'
client 2023-08-11 13:19:57,896 [INFO] Got response: 'OK 2023-08-11_13-19-57,0284154c-389c-4dde-85cf-20d9c150ccb8'
client 2023-08-11 13:19:57,896 [INFO] Session id is '2023-08-11_13-19-57'
client 2023-08-11 13:19:57,896 [INFO] Sources: {"sources": {"__init__.py": "da39a3ee5e6b4b0d3255bfef95601890afd80709", "client.py": "33ca4f26368777ac06e01f9567b714a4b8063886", "lib/__init__.py": "da39a3ee5e6b4b0d3255bfef95601890afd80709", "lib/client.py": "ac2aa093c8e8bbc9569b9e2a3471bc64e58a2258", "lib/common.py": "611d8b29633d331eb19c9455ea3b5fa3284ed6df", "lib/external/__init__.py": "da39a3ee5e6b4b0d3255bfef95601890afd80709", "lib/external/ntplib.py": "4da8f970656505a40483206ef2b5d3dd5e81711d", "lib/server.py": "c7af63c31bb2fbedea4345f571f6e3507d268ada", "lib/source_hashes.py": "60a2e02193209e8d392803326208d5466342da18", "lib/summary.py": "aa92f0a3f975eecd44d3c0cd0236342ccc9f941d", "lib/time_sync.py": "80894ef2389e540781ff78de94db16aa4203a14e", "server.py": "c3f90f2f7eeb4db30727556d0c815ebc89b3d28b", "tests/unit/__init__.py": "da39a3ee5e6b4b0d3255bfef95601890afd80709", "tests/unit/test_server.py": "948c1995d4008bc2aa6c4046a34ffa3858d6d671", "tests/unit/test_source_hashes.py": "00468a2907583c593e6574a1f6b404e4651c221a"}, "modules": {"ptd_client_server.lib.client": "lib/client.py", "ptd_client_server.lib.common": "lib/common.py", "ptd_client_server.lib.external.ntplib": "lib/external/ntplib.py", "ptd_client_server.lib.source_hashes": "lib/source_hashes.py", "ptd_client_server.lib.summary": "lib/summary.py", "ptd_client_server.lib.time_sync": "lib/time_sync.py"}}
client 2023-08-11 13:19:57,896 [INFO] Running workload in ranging mode
client 2023-08-11 13:19:57,896 [INFO] Synchronizing with the server and with time.google.com...
client 2023-08-11 13:19:58,022 [INFO] NTP:offset = -0.014 s, delay = 0.124 s 
client 2023-08-11 13:19:58,022 [INFO] Sending command to the server: 'time'
client 2023-08-11 13:19:58,024 [INFO] Got response: '1691777998.0151358'
client 2023-08-11 13:19:58,024 [INFO] The time difference between the client and the server is within range 7.674 ms..9.203 ms
client 2023-08-11 13:19:58,024 [INFO] Sending command to the server: 'session,2023-08-11_13-19-57,start,ranging'
client 2023-08-11 13:20:27,104 [INFO] Got response: 'OK'
client 2023-08-11 13:20:27,104 [INFO] Sending command to the server: 'time'
client 2023-08-11 13:20:27,105 [INFO] Got response: '1691778027.0967195'
client 2023-08-11 13:20:27,105 [INFO] The time difference between the client and the server is within range 7.705 ms..9.239 ms
client 2023-08-11 13:20:27,106 [INFO] Running the workload 'axs byquery loadgen_output,bert_squad,sut_name=se450_q4_std,model_name=bert-99,framework=kilt,device=qaic,loadgen_mode=PerformanceOnly,loadgen_compliance_test-,loadgen_scenario=SingleStream,_with_power+,symlink_to=/home/krai/work_collection/generated_by_power_measurement_on_run_cd5c7f13e4d84590b5f14b028e039a04/last_mlperf_logs,power_client_entrydic_path=/home/krai/work_collection/generated_by_power_measurement_on_run_cd5c7f13e4d84590b5f14b028e039a04/program_output.json'
client 2023-08-11 13:30:32,578 [INFO] Sending command to the server: 'time'
client 2023-08-11 13:30:32,580 [INFO] Got response: '1691778632.5723639'
client 2023-08-11 13:30:32,580 [INFO] The time difference between the client and the server is within range 6.386 ms..8.587 ms
client 2023-08-11 13:30:32,581 [INFO] Sending command to the server: 'session,2023-08-11_13-19-57,stop,ranging'
client 2023-08-11 13:30:43,133 [INFO] Got response: 'OK'
client 2023-08-11 13:30:43,134 [INFO] Sending command to the server: 'time'
client 2023-08-11 13:30:43,135 [INFO] Got response: '1691778643.1269376'
client 2023-08-11 13:30:43,135 [INFO] The time difference between the client and the server is within range 7.139 ms..8.336 ms
client 2023-08-11 13:30:43,144 [INFO] Copying loadgen logs from '/home/krai/work_collection/generated_by_power_measurement_on_run_cd5c7f13e4d84590b5f14b028e039a04/last_mlperf_logs' to '/home/krai/work_collection/generated_by_power_measurement_on_run_cd5c7f13e4d84590b5f14b028e039a04/power_logs/ranging'
client 2023-08-11 13:30:43,145 [INFO] Running workload in testing mode
client 2023-08-11 13:30:43,146 [INFO] Synchronizing with the server and with time.google.com...
client 2023-08-11 13:30:43,272 [INFO] NTP:offset = -0.013 s, delay = 0.124 s 
client 2023-08-11 13:30:43,272 [INFO] Sending command to the server: 'time'
client 2023-08-11 13:30:43,273 [INFO] Got response: '1691778643.2654197'
client 2023-08-11 13:30:43,273 [INFO] The time difference between the client and the server is within range 6.859 ms..8.314 ms
client 2023-08-11 13:30:43,273 [INFO] Sending command to the server: 'session,2023-08-11_13-19-57,start,testing'
client 2023-08-11 13:30:56,291 [INFO] Got response: 'OK'
client 2023-08-11 13:30:56,291 [INFO] Sending command to the server: 'time'
client 2023-08-11 13:30:56,293 [INFO] Got response: '1691778656.2850723'
client 2023-08-11 13:30:56,293 [INFO] The time difference between the client and the server is within range 6.880 ms..8.446 ms
client 2023-08-11 13:30:56,293 [INFO] Running the workload 'axs byquery loadgen_output,bert_squad,sut_name=se450_q4_std,model_name=bert-99,framework=kilt,device=qaic,loadgen_mode=PerformanceOnly,loadgen_compliance_test-,loadgen_scenario=SingleStream,_with_power+,symlink_to=/home/krai/work_collection/generated_by_power_measurement_on_run_cd5c7f13e4d84590b5f14b028e039a04/last_mlperf_logs,power_client_entrydic_path=/home/krai/work_collection/generated_by_power_measurement_on_run_cd5c7f13e4d84590b5f14b028e039a04/program_output.json'
client 2023-08-11 13:41:01,777 [INFO] Sending command to the server: 'time'
client 2023-08-11 13:41:01,779 [INFO] Got response: '1691779261.7718453'
client 2023-08-11 13:41:01,779 [INFO] The time difference between the client and the server is within range 5.742 ms..7.954 ms
client 2023-08-11 13:41:01,779 [INFO] Sending command to the server: 'session,2023-08-11_13-19-57,stop,testing'
client 2023-08-11 13:41:12,300 [INFO] Got response: 'OK'
client 2023-08-11 13:41:12,300 [INFO] Sending command to the server: 'time'
client 2023-08-11 13:41:12,301 [INFO] Got response: '1691779272.2937248'
client 2023-08-11 13:41:12,301 [INFO] The time difference between the client and the server is within range 6.812 ms..7.744 ms
client 2023-08-11 13:41:12,303 [INFO] Copying loadgen logs from '/home/krai/work_collection/generated_by_power_measurement_on_run_cd5c7f13e4d84590b5f14b028e039a04/last_mlperf_logs' to '/home/krai/work_collection/generated_by_power_measurement_on_run_cd5c7f13e4d84590b5f14b028e039a04/power_logs/run_1'
client 2023-08-11 13:41:12,305 [INFO] Done runs
