client 2023-08-06 03:27:56,188 [INFO] Creating output directory '/home/arjun/mobilenet_results/valid_results/orin-tflite_cpp-cpu-tflite-vmaster-default_config/mobilenet-v1-precision_uint8-0.25-160/singlestream/performance/tmp_power'
client 2023-08-06 03:27:56,191 [INFO] Sending command to the server: 'mlcommons/power client v3'
client 2023-08-06 03:27:56,194 [INFO] Got response: 'mlcommons/power server v3'
client 2023-08-06 03:27:56,194 [INFO] Synchronizing with the server and with time.google.com...
client 2023-08-06 03:27:56,211 [INFO] NTP:offset = -0.010 s, delay = 0.014 s 
client 2023-08-06 03:27:56,211 [INFO] Sending command to the server: 'time'
client 2023-08-06 03:27:56,216 [INFO] Got response: '1691288876.1998858'
client 2023-08-06 03:27:56,216 [INFO] The time difference between the client and the server is within range 11.657 ms..16.509 ms
client 2023-08-06 03:27:56,216 [INFO] Sending command to the server: 'new,,7da5589e-2a10-4a13-8ad7-038e0e6df7d6'
client 2023-08-06 03:27:56,218 [INFO] Got response: 'OK 2023-08-06_03-27-56,f7aa90a3-6db9-412d-8fe0-d63f9b123d07'
client 2023-08-06 03:27:56,218 [INFO] Session id is '2023-08-06_03-27-56'
client 2023-08-06 03:27:56,219 [INFO] Sources: {"sources": {"__init__.py": "da39a3ee5e6b4b0d3255bfef95601890afd80709", "client.py": "33ca4f26368777ac06e01f9567b714a4b8063886", "lib/__init__.py": "da39a3ee5e6b4b0d3255bfef95601890afd80709", "lib/client.py": "ac2aa093c8e8bbc9569b9e2a3471bc64e58a2258", "lib/common.py": "611d8b29633d331eb19c9455ea3b5fa3284ed6df", "lib/external/__init__.py": "da39a3ee5e6b4b0d3255bfef95601890afd80709", "lib/external/ntplib.py": "4da8f970656505a40483206ef2b5d3dd5e81711d", "lib/server.py": "c7af63c31bb2fbedea4345f571f6e3507d268ada", "lib/source_hashes.py": "60a2e02193209e8d392803326208d5466342da18", "lib/summary.py": "aa92f0a3f975eecd44d3c0cd0236342ccc9f941d", "lib/time_sync.py": "122eba67a9abc85635223e054def53be1367ade2", "server.py": "c3f90f2f7eeb4db30727556d0c815ebc89b3d28b", "tests/unit/__init__.py": "da39a3ee5e6b4b0d3255bfef95601890afd80709", "tests/unit/test_server.py": "948c1995d4008bc2aa6c4046a34ffa3858d6d671", "tests/unit/test_source_hashes.py": "00468a2907583c593e6574a1f6b404e4651c221a"}, "modules": {"ptd_client_server.lib.client": "lib/client.py", "ptd_client_server.lib.common": "lib/common.py", "ptd_client_server.lib.external.ntplib": "lib/external/ntplib.py", "ptd_client_server.lib.source_hashes": "lib/source_hashes.py", "ptd_client_server.lib.summary": "lib/summary.py", "ptd_client_server.lib.time_sync": "lib/time_sync.py"}}
client 2023-08-06 03:27:56,219 [INFO] Running workload in ranging mode
client 2023-08-06 03:27:56,219 [INFO] Synchronizing with the server and with time.google.com...
client 2023-08-06 03:27:56,234 [INFO] NTP:offset = -0.008 s, delay = 0.014 s 
client 2023-08-06 03:27:56,234 [INFO] Sending command to the server: 'time'
client 2023-08-06 03:27:56,236 [INFO] Got response: '1691288876.2203033'
client 2023-08-06 03:27:56,236 [INFO] The time difference between the client and the server is within range 14.408 ms..16.479 ms
client 2023-08-06 03:27:56,236 [INFO] Sending command to the server: 'session,2023-08-06_03-27-56,start,ranging'
client 2023-08-06 03:28:24,927 [INFO] Got response: 'OK'
client 2023-08-06 03:28:24,927 [INFO] Sending command to the server: 'time'
client 2023-08-06 03:28:24,931 [INFO] Got response: '1691288904.9069436'
client 2023-08-06 03:28:24,931 [INFO] The time difference between the client and the server is within range 20.624 ms..24.158 ms
client 2023-08-06 03:28:24,931 [INFO] Running the workload 'CM_MLPERF_RUN_COUNT=$(cat ${CM_RUN_DIR}/count.txt); echo ${CM_MLPERF_RUN_COUNT}; CM_MLPERF_RUN_COUNT=$((CM_MLPERF_RUN_COUNT+1)); echo ${CM_MLPERF_RUN_COUNT} > ${CM_RUN_DIR}/count.txt && if [ ${CM_MLPERF_RUN_COUNT} -eq "1" ]; then export CM_MLPERF_USER_CONF=${CM_MLPERF_RANGING_USER_CONF}; else export CM_MLPERF_USER_CONF=${CM_MLPERF_TESTING_USER_CONF}; fi && /mount/CM/repos/ctuning@mlcommons-ck/cm-mlops/script/run-all-mlperf-models/run.out'
client 2023-08-06 03:33:26,247 [INFO] Sending command to the server: 'time'
client 2023-08-06 03:33:26,251 [INFO] Got response: '1691289206.2282588'
client 2023-08-06 03:33:26,251 [INFO] The time difference between the client and the server is within range 18.986 ms..23.119 ms
client 2023-08-06 03:33:26,251 [INFO] Sending command to the server: 'session,2023-08-06_03-27-56,stop,ranging'
client 2023-08-06 03:33:37,030 [INFO] Got response: 'OK'
client 2023-08-06 03:33:37,030 [INFO] Sending command to the server: 'time'
client 2023-08-06 03:33:37,032 [INFO] Got response: '1691289217.0137506'
client 2023-08-06 03:33:37,032 [INFO] The time difference between the client and the server is within range 16.885 ms..18.927 ms
client 2023-08-06 03:33:37,036 [INFO] Copying loadgen logs from '/home/arjun/mobilenet_results/valid_results/orin-tflite_cpp-cpu-tflite-vmaster-default_config/mobilenet-v1-precision_uint8-0.25-160/singlestream/performance/run_1' to '/home/arjun/mobilenet_results/valid_results/orin-tflite_cpp-cpu-tflite-vmaster-default_config/mobilenet-v1-precision_uint8-0.25-160/singlestream/performance/tmp_power/ranging'
client 2023-08-06 03:33:37,036 [INFO] Running workload in testing mode
client 2023-08-06 03:33:37,036 [INFO] Synchronizing with the server and with time.google.com...
client 2023-08-06 03:33:37,053 [INFO] NTP:offset = -0.006 s, delay = 0.016 s 
client 2023-08-06 03:33:37,053 [INFO] Sending command to the server: 'time'
client 2023-08-06 03:33:37,060 [INFO] Got response: '1691289217.0445457'
client 2023-08-06 03:33:37,060 [INFO] The time difference between the client and the server is within range 9.434 ms..16.264 ms
client 2023-08-06 03:33:37,060 [INFO] Sending command to the server: 'session,2023-08-06_03-27-56,start,testing'
client 2023-08-06 03:33:50,106 [INFO] Got response: 'OK'
client 2023-08-06 03:33:50,106 [INFO] Sending command to the server: 'time'
client 2023-08-06 03:33:50,110 [INFO] Got response: '1691289230.0862396'
client 2023-08-06 03:33:50,110 [INFO] The time difference between the client and the server is within range 20.726 ms..23.861 ms
client 2023-08-06 03:33:50,110 [INFO] Running the workload 'CM_MLPERF_RUN_COUNT=$(cat ${CM_RUN_DIR}/count.txt); echo ${CM_MLPERF_RUN_COUNT}; CM_MLPERF_RUN_COUNT=$((CM_MLPERF_RUN_COUNT+1)); echo ${CM_MLPERF_RUN_COUNT} > ${CM_RUN_DIR}/count.txt && if [ ${CM_MLPERF_RUN_COUNT} -eq "1" ]; then export CM_MLPERF_USER_CONF=${CM_MLPERF_RANGING_USER_CONF}; else export CM_MLPERF_USER_CONF=${CM_MLPERF_TESTING_USER_CONF}; fi && /mount/CM/repos/ctuning@mlcommons-ck/cm-mlops/script/run-all-mlperf-models/run.out'
client 2023-08-06 03:43:52,487 [INFO] Sending command to the server: 'time'
client 2023-08-06 03:43:52,491 [INFO] Got response: '1691289832.4582012'
client 2023-08-06 03:43:52,491 [INFO] The time difference between the client and the server is within range 28.909 ms..33.029 ms
client 2023-08-06 03:43:52,491 [INFO] Sending command to the server: 'session,2023-08-06_03-27-56,stop,testing'
client 2023-08-06 03:44:03,177 [INFO] Got response: 'OK'
client 2023-08-06 03:44:03,178 [INFO] Sending command to the server: 'time'
client 2023-08-06 03:44:03,179 [INFO] Got response: '1691289843.1474683'
client 2023-08-06 03:44:03,179 [INFO] The time difference between the client and the server is within range 30.623 ms..32.407 ms
client 2023-08-06 03:44:03,180 [INFO] Copying loadgen logs from '/home/arjun/mobilenet_results/valid_results/orin-tflite_cpp-cpu-tflite-vmaster-default_config/mobilenet-v1-precision_uint8-0.25-160/singlestream/performance/run_1' to '/home/arjun/mobilenet_results/valid_results/orin-tflite_cpp-cpu-tflite-vmaster-default_config/mobilenet-v1-precision_uint8-0.25-160/singlestream/performance/tmp_power/run_1'
client 2023-08-06 03:44:03,181 [INFO] Done runs
