client 2023-07-16 06:35:33,634 [INFO] Creating output directory '/home/arjun/mobilenet_results/valid_results/raspberrypi-tflite_armnn_cpp-cpu-armnn_tflite-v23.05-using_neon/mobilenet-v2-precision_uint8-0.35-128/singlestream/performance/tmp_power'
client 2023-07-16 06:35:33,642 [INFO] Sending command to the server: 'mlcommons/power client v3'
client 2023-07-16 06:35:33,646 [INFO] Got response: 'mlcommons/power server v3'
client 2023-07-16 06:35:33,646 [INFO] Synchronizing with the server and with time.google.com...
client 2023-07-16 06:35:33,801 [INFO] NTP:offset = 0.001 s, delay = 0.016 s 
client 2023-07-16 06:35:33,802 [INFO] Sending command to the server: 'time'
client 2023-07-16 06:35:33,805 [INFO] Got response: '1689485733.6200924'
client 2023-07-16 06:35:33,805 [INFO] The time difference between the client and the server is within range 181.958 ms..185.806 ms
client 2023-07-16 06:35:33,806 [INFO] Sending command to the server: 'new,,c1fa9444-d16a-48a0-b83d-6bac0a1254fc'
client 2023-07-16 06:35:33,812 [INFO] Got response: 'OK 2023-07-16_06-35-33,bd9268df-4afe-438e-8674-8fbff60ee13f'
client 2023-07-16 06:35:33,812 [INFO] Session id is '2023-07-16_06-35-33'
client 2023-07-16 06:35:33,812 [INFO] Sources: {"sources": {"__init__.py": "da39a3ee5e6b4b0d3255bfef95601890afd80709", "client.py": "33ca4f26368777ac06e01f9567b714a4b8063886", "lib/__init__.py": "da39a3ee5e6b4b0d3255bfef95601890afd80709", "lib/client.py": "ac2aa093c8e8bbc9569b9e2a3471bc64e58a2258", "lib/common.py": "611d8b29633d331eb19c9455ea3b5fa3284ed6df", "lib/external/__init__.py": "da39a3ee5e6b4b0d3255bfef95601890afd80709", "lib/external/ntplib.py": "4da8f970656505a40483206ef2b5d3dd5e81711d", "lib/server.py": "c7af63c31bb2fbedea4345f571f6e3507d268ada", "lib/source_hashes.py": "60a2e02193209e8d392803326208d5466342da18", "lib/summary.py": "aa92f0a3f975eecd44d3c0cd0236342ccc9f941d", "lib/time_sync.py": "122eba67a9abc85635223e054def53be1367ade2", "server.py": "c3f90f2f7eeb4db30727556d0c815ebc89b3d28b", "tests/unit/__init__.py": "da39a3ee5e6b4b0d3255bfef95601890afd80709", "tests/unit/test_server.py": "948c1995d4008bc2aa6c4046a34ffa3858d6d671", "tests/unit/test_source_hashes.py": "00468a2907583c593e6574a1f6b404e4651c221a"}, "modules": {"ptd_client_server.lib.client": "lib/client.py", "ptd_client_server.lib.common": "lib/common.py", "ptd_client_server.lib.external.ntplib": "lib/external/ntplib.py", "ptd_client_server.lib.source_hashes": "lib/source_hashes.py", "ptd_client_server.lib.summary": "lib/summary.py", "ptd_client_server.lib.time_sync": "lib/time_sync.py"}}
client 2023-07-16 06:35:33,813 [INFO] Running workload in ranging mode
client 2023-07-16 06:35:33,813 [INFO] Synchronizing with the server and with time.google.com...
client 2023-07-16 06:35:33,841 [INFO] NTP:offset = 0.001 s, delay = 0.015 s 
client 2023-07-16 06:35:33,842 [INFO] Sending command to the server: 'time'
client 2023-07-16 06:35:33,844 [INFO] Got response: '1689485733.6604059'
client 2023-07-16 06:35:33,844 [INFO] The time difference between the client and the server is within range 181.779 ms..184.390 ms
client 2023-07-16 06:35:33,844 [INFO] Sending command to the server: 'session,2023-07-16_06-35-33,start,ranging'
client 2023-07-16 06:36:02,559 [INFO] Got response: 'OK'
client 2023-07-16 06:36:02,559 [INFO] Sending command to the server: 'time'
client 2023-07-16 06:36:02,562 [INFO] Got response: '1689485762.3763254'
client 2023-07-16 06:36:02,562 [INFO] The time difference between the client and the server is within range 183.404 ms..186.599 ms
client 2023-07-16 06:36:02,563 [INFO] Running the workload 'CM_MLPERF_RUN_COUNT=$(cat ${CM_RUN_DIR}/count.txt); echo ${CM_MLPERF_RUN_COUNT}; CM_MLPERF_RUN_COUNT=$((CM_MLPERF_RUN_COUNT+1)); echo ${CM_MLPERF_RUN_COUNT} > ${CM_RUN_DIR}/count.txt && if [ ${CM_MLPERF_RUN_COUNT} -eq "1" ]; then export CM_MLPERF_USER_CONF=${CM_MLPERF_RANGING_USER_CONF}; else export CM_MLPERF_USER_CONF=${CM_MLPERF_TESTING_USER_CONF}; fi && /home/arjun/run.out'
client 2023-07-16 06:41:10,574 [INFO] Sending command to the server: 'time'
client 2023-07-16 06:41:10,578 [INFO] Got response: '1689486070.3918195'
client 2023-07-16 06:41:10,578 [INFO] The time difference between the client and the server is within range 181.772 ms..186.992 ms
client 2023-07-16 06:41:10,579 [INFO] Sending command to the server: 'session,2023-07-16_06-35-33,stop,ranging'
client 2023-07-16 06:41:21,813 [INFO] Got response: 'OK'
client 2023-07-16 06:41:21,813 [INFO] Sending command to the server: 'time'
client 2023-07-16 06:41:21,820 [INFO] Got response: '1689486081.6297607'
client 2023-07-16 06:41:21,821 [INFO] The time difference between the client and the server is within range 184.112 ms..191.470 ms
client 2023-07-16 06:41:21,854 [INFO] Copying loadgen logs from '/home/arjun/mobilenet_results/valid_results/raspberrypi-tflite_armnn_cpp-cpu-armnn_tflite-v23.05-using_neon/mobilenet-v2-precision_uint8-0.35-128/singlestream/performance/run_1' to '/home/arjun/mobilenet_results/valid_results/raspberrypi-tflite_armnn_cpp-cpu-armnn_tflite-v23.05-using_neon/mobilenet-v2-precision_uint8-0.35-128/singlestream/performance/tmp_power/ranging'
client 2023-07-16 06:41:21,857 [INFO] Running workload in testing mode
client 2023-07-16 06:41:21,857 [INFO] Synchronizing with the server and with time.google.com...
client 2023-07-16 06:41:21,917 [INFO] NTP:offset = -0.007 s, delay = 0.028 s 
client 2023-07-16 06:41:21,918 [INFO] Sending command to the server: 'time'
client 2023-07-16 06:41:21,922 [INFO] Got response: '1689486081.730912'
client 2023-07-16 06:41:21,922 [INFO] The time difference between the client and the server is within range 187.209 ms..191.727 ms
client 2023-07-16 06:41:21,922 [INFO] Sending command to the server: 'session,2023-07-16_06-35-33,start,testing'
client 2023-07-16 06:41:34,975 [INFO] Got response: 'OK'
client 2023-07-16 06:41:34,976 [INFO] Sending command to the server: 'time'
client 2023-07-16 06:41:34,980 [INFO] Got response: '1689486094.7930472'
client 2023-07-16 06:41:34,981 [INFO] The time difference between the client and the server is within range 183.084 ms..187.942 ms
client 2023-07-16 06:41:34,981 [INFO] Running the workload 'CM_MLPERF_RUN_COUNT=$(cat ${CM_RUN_DIR}/count.txt); echo ${CM_MLPERF_RUN_COUNT}; CM_MLPERF_RUN_COUNT=$((CM_MLPERF_RUN_COUNT+1)); echo ${CM_MLPERF_RUN_COUNT} > ${CM_RUN_DIR}/count.txt && if [ ${CM_MLPERF_RUN_COUNT} -eq "1" ]; then export CM_MLPERF_USER_CONF=${CM_MLPERF_RANGING_USER_CONF}; else export CM_MLPERF_USER_CONF=${CM_MLPERF_TESTING_USER_CONF}; fi && /home/arjun/run.out'
client 2023-07-16 06:51:46,353 [INFO] Sending command to the server: 'time'
client 2023-07-16 06:51:46,358 [INFO] Got response: '1689486706.1585672'
client 2023-07-16 06:51:46,358 [INFO] The time difference between the client and the server is within range 195.040 ms..199.728 ms
client 2023-07-16 06:51:46,358 [INFO] Sending command to the server: 'session,2023-07-16_06-35-33,stop,testing'
client 2023-07-16 06:51:57,030 [INFO] Got response: 'OK'
client 2023-07-16 06:51:57,031 [INFO] Sending command to the server: 'time'
client 2023-07-16 06:51:57,045 [INFO] Got response: '1689486716.848874'
client 2023-07-16 06:51:57,045 [INFO] The time difference between the client and the server is within range 182.096 ms..196.987 ms
client 2023-07-16 06:51:57,051 [INFO] Copying loadgen logs from '/home/arjun/mobilenet_results/valid_results/raspberrypi-tflite_armnn_cpp-cpu-armnn_tflite-v23.05-using_neon/mobilenet-v2-precision_uint8-0.35-128/singlestream/performance/run_1' to '/home/arjun/mobilenet_results/valid_results/raspberrypi-tflite_armnn_cpp-cpu-armnn_tflite-v23.05-using_neon/mobilenet-v2-precision_uint8-0.35-128/singlestream/performance/tmp_power/run_1'
client 2023-07-16 06:51:57,054 [INFO] Done runs
