client 2023-08-07 16:01:31,312 [INFO] Creating output directory '/home/arjun/mobilenet_results/valid_results/orin-tflite_armnn_cpp-cpu-armnn_tflite-v23.05-using_neon/mobilenet-v2-precision_uint8-0.35-160/singlestream/performance/tmp_power'
client 2023-08-07 16:01:31,369 [INFO] Sending command to the server: 'mlcommons/power client v3'
client 2023-08-07 16:01:31,387 [INFO] Got response: 'mlcommons/power server v3'
client 2023-08-07 16:01:31,387 [INFO] Synchronizing with the server and with time.google.com...
client 2023-08-07 16:01:31,407 [INFO] NTP:offset = -0.001 s, delay = 0.017 s 
client 2023-08-07 16:01:31,407 [INFO] Sending command to the server: 'time'
client 2023-08-07 16:01:31,451 [INFO] Got response: '1691420491.4098098'
client 2023-08-07 16:01:31,451 [INFO] The time difference between the client and the server is within range -2.355 ms..42.023 ms
client 2023-08-07 16:01:31,451 [INFO] Sending command to the server: 'new,,6d317701-a596-4c43-8c12-36f465e457e7'
client 2023-08-07 16:01:31,455 [INFO] Got response: 'OK 2023-08-07_16-01-31,ec2aa65d-3782-4e89-ad40-9307f3641a47'
client 2023-08-07 16:01:31,455 [INFO] Session id is '2023-08-07_16-01-31'
client 2023-08-07 16:01:31,455 [INFO] Sources: {"sources": {"__init__.py": "da39a3ee5e6b4b0d3255bfef95601890afd80709", "client.py": "33ca4f26368777ac06e01f9567b714a4b8063886", "lib/__init__.py": "da39a3ee5e6b4b0d3255bfef95601890afd80709", "lib/client.py": "ac2aa093c8e8bbc9569b9e2a3471bc64e58a2258", "lib/common.py": "611d8b29633d331eb19c9455ea3b5fa3284ed6df", "lib/external/__init__.py": "da39a3ee5e6b4b0d3255bfef95601890afd80709", "lib/external/ntplib.py": "4da8f970656505a40483206ef2b5d3dd5e81711d", "lib/server.py": "c7af63c31bb2fbedea4345f571f6e3507d268ada", "lib/source_hashes.py": "60a2e02193209e8d392803326208d5466342da18", "lib/summary.py": "aa92f0a3f975eecd44d3c0cd0236342ccc9f941d", "lib/time_sync.py": "122eba67a9abc85635223e054def53be1367ade2", "server.py": "c3f90f2f7eeb4db30727556d0c815ebc89b3d28b", "tests/unit/__init__.py": "da39a3ee5e6b4b0d3255bfef95601890afd80709", "tests/unit/test_server.py": "948c1995d4008bc2aa6c4046a34ffa3858d6d671", "tests/unit/test_source_hashes.py": "00468a2907583c593e6574a1f6b404e4651c221a"}, "modules": {"ptd_client_server.lib.client": "lib/client.py", "ptd_client_server.lib.common": "lib/common.py", "ptd_client_server.lib.external.ntplib": "lib/external/ntplib.py", "ptd_client_server.lib.source_hashes": "lib/source_hashes.py", "ptd_client_server.lib.summary": "lib/summary.py", "ptd_client_server.lib.time_sync": "lib/time_sync.py"}}
client 2023-08-07 16:01:31,455 [INFO] Running workload in ranging mode
client 2023-08-07 16:01:31,455 [INFO] Synchronizing with the server and with time.google.com...
client 2023-08-07 16:01:31,473 [INFO] NTP:offset = 0.001 s, delay = 0.017 s 
client 2023-08-07 16:01:31,473 [INFO] Sending command to the server: 'time'
client 2023-08-07 16:01:31,499 [INFO] Got response: '1691420491.4603481'
client 2023-08-07 16:01:31,499 [INFO] The time difference between the client and the server is within range 13.235 ms..39.117 ms
client 2023-08-07 16:01:31,499 [INFO] Sending command to the server: 'session,2023-08-07_16-01-31,start,ranging'
client 2023-08-07 16:02:00,210 [INFO] Got response: 'OK'
client 2023-08-07 16:02:00,211 [INFO] Sending command to the server: 'time'
client 2023-08-07 16:02:00,252 [INFO] Got response: '1691420520.2095315'
client 2023-08-07 16:02:00,252 [INFO] The time difference between the client and the server is within range 1.485 ms..43.057 ms
client 2023-08-07 16:02:00,252 [INFO] Running the workload 'CM_MLPERF_RUN_COUNT=$(cat ${CM_RUN_DIR}/count.txt); echo ${CM_MLPERF_RUN_COUNT}; CM_MLPERF_RUN_COUNT=$((CM_MLPERF_RUN_COUNT+1)); echo ${CM_MLPERF_RUN_COUNT} > ${CM_RUN_DIR}/count.txt && if [ ${CM_MLPERF_RUN_COUNT} -eq "1" ]; then export CM_MLPERF_USER_CONF=${CM_MLPERF_RANGING_USER_CONF}; else export CM_MLPERF_USER_CONF=${CM_MLPERF_TESTING_USER_CONF}; fi && /mount/CM/repos/ctuning@mlcommons-ck/cm-mlops/script/run-all-mlperf-models/run.out'
client 2023-08-07 16:07:01,565 [INFO] Sending command to the server: 'time'
client 2023-08-07 16:07:01,571 [INFO] Got response: '1691420821.5307584'
client 2023-08-07 16:07:01,571 [INFO] The time difference between the client and the server is within range 34.789 ms..41.142 ms
client 2023-08-07 16:07:01,572 [INFO] Sending command to the server: 'session,2023-08-07_16-01-31,stop,ranging'
client 2023-08-07 16:07:12,472 [INFO] Got response: 'OK'
client 2023-08-07 16:07:12,473 [INFO] Sending command to the server: 'time'
client 2023-08-07 16:07:12,484 [INFO] Got response: '1691420832.446136'
client 2023-08-07 16:07:12,484 [INFO] The time difference between the client and the server is within range 26.856 ms..38.038 ms
client 2023-08-07 16:07:12,487 [INFO] Copying loadgen logs from '/home/arjun/mobilenet_results/valid_results/orin-tflite_armnn_cpp-cpu-armnn_tflite-v23.05-using_neon/mobilenet-v2-precision_uint8-0.35-160/singlestream/performance/run_1' to '/home/arjun/mobilenet_results/valid_results/orin-tflite_armnn_cpp-cpu-armnn_tflite-v23.05-using_neon/mobilenet-v2-precision_uint8-0.35-160/singlestream/performance/tmp_power/ranging'
client 2023-08-07 16:07:12,488 [INFO] Running workload in testing mode
client 2023-08-07 16:07:12,488 [INFO] Synchronizing with the server and with time.google.com...
client 2023-08-07 16:07:12,509 [INFO] NTP:offset = 0.000 s, delay = 0.019 s 
client 2023-08-07 16:07:12,509 [INFO] Sending command to the server: 'time'
client 2023-08-07 16:07:12,512 [INFO] Got response: '1691420832.4665356'
client 2023-08-07 16:07:12,512 [INFO] The time difference between the client and the server is within range 42.660 ms..45.877 ms
client 2023-08-07 16:07:12,512 [INFO] Sending command to the server: 'session,2023-08-07_16-01-31,start,testing'
client 2023-08-07 16:07:25,563 [INFO] Got response: 'OK'
client 2023-08-07 16:07:25,563 [INFO] Sending command to the server: 'time'
client 2023-08-07 16:07:25,567 [INFO] Got response: '1691420845.5265543'
client 2023-08-07 16:07:25,567 [INFO] The time difference between the client and the server is within range 36.917 ms..40.965 ms
client 2023-08-07 16:07:25,567 [INFO] Running the workload 'CM_MLPERF_RUN_COUNT=$(cat ${CM_RUN_DIR}/count.txt); echo ${CM_MLPERF_RUN_COUNT}; CM_MLPERF_RUN_COUNT=$((CM_MLPERF_RUN_COUNT+1)); echo ${CM_MLPERF_RUN_COUNT} > ${CM_RUN_DIR}/count.txt && if [ ${CM_MLPERF_RUN_COUNT} -eq "1" ]; then export CM_MLPERF_USER_CONF=${CM_MLPERF_RANGING_USER_CONF}; else export CM_MLPERF_USER_CONF=${CM_MLPERF_TESTING_USER_CONF}; fi && /mount/CM/repos/ctuning@mlcommons-ck/cm-mlops/script/run-all-mlperf-models/run.out'
client 2023-08-07 16:17:27,837 [INFO] Sending command to the server: 'time'
client 2023-08-07 16:17:27,848 [INFO] Got response: '1691421447.791708'
client 2023-08-07 16:17:27,848 [INFO] The time difference between the client and the server is within range 45.769 ms..56.906 ms
client 2023-08-07 16:17:27,848 [INFO] Sending command to the server: 'session,2023-08-07_16-01-31,stop,testing'
client 2023-08-07 16:17:38,684 [INFO] Got response: 'OK'
client 2023-08-07 16:17:38,684 [INFO] Sending command to the server: 'time'
client 2023-08-07 16:17:38,688 [INFO] Got response: '1691421458.641788'
client 2023-08-07 16:17:38,688 [INFO] The time difference between the client and the server is within range 43.160 ms..46.507 ms
client 2023-08-07 16:17:38,689 [INFO] Copying loadgen logs from '/home/arjun/mobilenet_results/valid_results/orin-tflite_armnn_cpp-cpu-armnn_tflite-v23.05-using_neon/mobilenet-v2-precision_uint8-0.35-160/singlestream/performance/run_1' to '/home/arjun/mobilenet_results/valid_results/orin-tflite_armnn_cpp-cpu-armnn_tflite-v23.05-using_neon/mobilenet-v2-precision_uint8-0.35-160/singlestream/performance/tmp_power/run_1'
client 2023-08-07 16:17:38,689 [INFO] Done runs
