client 2023-07-05 17:57:44,622 [INFO] Sending command to the server: 'mlcommons/power client v3'
client 2023-07-05 17:57:44,623 [INFO] Got response: 'mlcommons/power server v3'
client 2023-07-05 17:57:44,623 [INFO] Synchronizing with the server and with time.google.com...
client 2023-07-05 17:57:44,703 [INFO] NTP:offset = 0.003 s, delay = 0.072 s 
client 2023-07-05 17:57:44,704 [INFO] Sending command to the server: 'time'
client 2023-07-05 17:57:44,705 [INFO] Got response: '1688597864.708765'
client 2023-07-05 17:57:44,705 [INFO] The time difference between the client and the server is within range -4.736 ms..-3.438 ms
client 2023-07-05 17:57:44,705 [INFO] Sending command to the server: 'new,,6448d5b6-3f67-4a3b-aebf-01505490a4ba'
client 2023-07-05 17:57:44,706 [INFO] Got response: 'OK 2023-07-05_17-57-44,d1251d2e-ae2d-47e6-b95b-01e2e706deae'
client 2023-07-05 17:57:44,706 [INFO] Session id is '2023-07-05_17-57-44'
client 2023-07-05 17:57:44,707 [INFO] Sources: {"sources": {"__init__.py": "da39a3ee5e6b4b0d3255bfef95601890afd80709", "client.py": "33ca4f26368777ac06e01f9567b714a4b8063886", "lib/__init__.py": "da39a3ee5e6b4b0d3255bfef95601890afd80709", "lib/client.py": "ac2aa093c8e8bbc9569b9e2a3471bc64e58a2258", "lib/common.py": "611d8b29633d331eb19c9455ea3b5fa3284ed6df", "lib/external/__init__.py": "da39a3ee5e6b4b0d3255bfef95601890afd80709", "lib/external/ntplib.py": "4da8f970656505a40483206ef2b5d3dd5e81711d", "lib/server.py": "c7af63c31bb2fbedea4345f571f6e3507d268ada", "lib/source_hashes.py": "60a2e02193209e8d392803326208d5466342da18", "lib/summary.py": "aa92f0a3f975eecd44d3c0cd0236342ccc9f941d", "lib/time_sync.py": "122eba67a9abc85635223e054def53be1367ade2", "server.py": "c3f90f2f7eeb4db30727556d0c815ebc89b3d28b", "tests/unit/__init__.py": "da39a3ee5e6b4b0d3255bfef95601890afd80709", "tests/unit/test_server.py": "948c1995d4008bc2aa6c4046a34ffa3858d6d671", "tests/unit/test_source_hashes.py": "00468a2907583c593e6574a1f6b404e4651c221a"}, "modules": {"ptd_client_server.lib.client": "lib/client.py", "ptd_client_server.lib.common": "lib/common.py", "ptd_client_server.lib.external.ntplib": "lib/external/ntplib.py", "ptd_client_server.lib.source_hashes": "lib/source_hashes.py", "ptd_client_server.lib.summary": "lib/summary.py", "ptd_client_server.lib.time_sync": "lib/time_sync.py"}}
client 2023-07-05 17:57:44,707 [INFO] Running workload in ranging mode
client 2023-07-05 17:57:44,707 [INFO] Synchronizing with the server and with time.google.com...
client 2023-07-05 17:57:44,799 [INFO] NTP:offset = 0.004 s, delay = 0.092 s 
client 2023-07-05 17:57:44,799 [INFO] Sending command to the server: 'time'
client 2023-07-05 17:57:44,801 [INFO] Got response: '1688597864.804742'
client 2023-07-05 17:57:44,801 [INFO] The time difference between the client and the server is within range -4.806 ms..-3.454 ms
client 2023-07-05 17:57:44,801 [INFO] Sending command to the server: 'session,2023-07-05_17-57-44,start,ranging'
client 2023-07-05 17:58:12,858 [INFO] Got response: 'OK'
client 2023-07-05 17:58:12,859 [INFO] Sending command to the server: 'time'
client 2023-07-05 17:58:12,861 [INFO] Got response: '1688597892.8647835'
client 2023-07-05 17:58:12,861 [INFO] The time difference between the client and the server is within range -5.484 ms..-3.322 ms
client 2023-07-05 17:58:12,861 [INFO] Running the workload 'echo 1 | sudo tee $(sudo find /sys/devices -name soc_reset | grep a100); sleep 120;  ck benchmark program:image-classification-qaic-loadgen --env.CK_SILENT_MODE=YES --skip_print_timers --dep_add_tags.lib-qaic-api=master --dep_add_tags.compiler=gcc --dep_add_tags.python=v3 --dep_add_tags.weights=resnet50.aedk_highend.offline,resnet50,bs.8  --dep_add_tags.images=preprocessed,using-opencv,for.resnet50.quantized,full --env.ML_MODEL_MODEL_NAME=resnet50 --env.CK_LOADGEN_DATASET_SIZE=50000 --env.CK_LOADGEN_BUFFER_SIZE=1024 --env.CK_ENV_NUM_SETUP_THREADS=8 --env.CK_ENV_QAIC_INPUT_SELECT=0 --env.CK_ENV_QAIC_DEVICE_IDS=0 --env.CK_ENV_QAIC_QUEUE_LENGTH=3 --env.CK_ENV_QAIC_THREADS_PER_QUEUE=2 --env.CK_ENV_QAIC_ACTIVATION_COUNT=3 --env.CK_ENV_QAIC_MODEL_BATCH_SIZE=8 --env.QAIC_BYPASS_PPP=enable --env.CK_VERBOSE=0 --env.KILT_SCHEDULER_YIELD_TIME=1000000 --env.KILT_DISPATCH_YIELD_TIME=10 --env.KILT_DEVICE_QAIC_SAMPLES_QUEUE_DEPTH=128  --env.ML_MODEL_MODEL_NAME=resnet50 --env.ML_MODEL_HAS_BACKGROUND_CLASS=YES --env.ML_MODEL_OUT_BUFFER_IDX=1 --env.CK_ENV_DATASET_IMAGENET_PREPROCESSED_INPUT_SQUARE_SIDE=224 --env.CK_ENV_DATASET_IMAGENET_PREPROCESSED_DATA_TYPE=float32 --env.CK_MLPERF_ACCURACY_IMAGENET_TYPE=float32 --env.CK_ENV_QAIC_OUTPUT_COUNT=1 --env.CK_ENV_QAIC_SKIP_STAGE=convert --env.CK_LOADGEN_SCENARIO=Offline --env.CK_LOADGEN_TARGET_QPS=9700 --env.CK_LOADGEN_MODE=PerformanceOnly --speed --skip_stat_analysis --process_multi_keys --repetitions=1 --record --record_repo=local --record_uoa=mlperf_v3.1-closed-gloria_highend-qaic-v1.9.1.25-aic100-resnet50-offline-performance-target_qps.9700-power.workload --tags=mlperf,round.v3.1,division.closed,platform.gloria_highend,inference_engine.qaic,inference_engine_version.v1.9.1.25,inference_engine_backend.aic100,scenario.offline,mode.performance,buffer_size.1024,workload.resnet50,preprocessed_using.opencv,input_select.0,queue_length.3,task.image-classification,threads_per_queue.2,power.workload "@@@{\'meta\': {\'ck_benchmark_program\': \'echo 1 | sudo tee $(sudo find /sys/devices -name soc_reset | grep a100); sleep 120;  ck benchmark program:image-classification-qaic-loadgen --env.CK_SILENT_MODE=YES --skip_print_timers --dep_add_tags.lib-qaic-api=master --dep_add_tags.compiler=gcc --dep_add_tags.python=v3 --dep_add_tags.weights=resnet50.aedk_highend.offline,resnet50,bs.8  --dep_add_tags.images=preprocessed,using-opencv,for.resnet50.quantized,full --env.ML_MODEL_MODEL_NAME=resnet50 --env.CK_LOADGEN_DATASET_SIZE=50000 --env.CK_LOADGEN_BUFFER_SIZE=1024 --env.CK_ENV_NUM_SETUP_THREADS=8 --env.CK_ENV_QAIC_INPUT_SELECT=0 --env.CK_ENV_QAIC_DEVICE_IDS=0 --env.CK_ENV_QAIC_QUEUE_LENGTH=3 --env.CK_ENV_QAIC_THREADS_PER_QUEUE=2 --env.CK_ENV_QAIC_ACTIVATION_COUNT=3 --env.CK_ENV_QAIC_MODEL_BATCH_SIZE=8 --env.QAIC_BYPASS_PPP=enable --env.CK_VERBOSE=0 --env.KILT_SCHEDULER_YIELD_TIME=1000000 --env.KILT_DISPATCH_YIELD_TIME=10 --env.KILT_DEVICE_QAIC_SAMPLES_QUEUE_DEPTH=128  --env.ML_MODEL_MODEL_NAME=resnet50 --env.ML_MODEL_HAS_BACKGROUND_CLASS=YES --env.ML_MODEL_OUT_BUFFER_IDX=1 --env.CK_ENV_DATASET_IMAGENET_PREPROCESSED_INPUT_SQUARE_SIDE=224 --env.CK_ENV_DATASET_IMAGENET_PREPROCESSED_DATA_TYPE=float32 --env.CK_MLPERF_ACCURACY_IMAGENET_TYPE=float32 --env.CK_ENV_QAIC_OUTPUT_COUNT=1 --env.CK_ENV_QAIC_SKIP_STAGE=convert --env.CK_LOADGEN_SCENARIO=Offline --env.CK_LOADGEN_TARGET_QPS=9700 --env.CK_LOADGEN_MODE=PerformanceOnly --speed --skip_stat_analysis --process_multi_keys --repetitions=1 --record --record_repo=local --record_uoa=mlperf_v3.1-closed-gloria_highend-qaic-v1.9.1.25-aic100-resnet50-offline-performance-target_qps.9700-power.workload --tags=mlperf,round.v3.1,division.closed,platform.gloria_highend,inference_engine.qaic,inference_engine_version.v1.9.1.25,inference_engine_backend.aic100,scenario.offline,mode.performance,buffer_size.1024,workload.resnet50,preprocessed_using.opencv,input_select.0,queue_length.3,task.image-classification,threads_per_queue.2,power.workload\'}}" && cat `ck find program:image-classification-qaic-loadgen`/tmp/mlperf_log_summary.txt && mkdir -p "$CK_MLPERF_POWER_CLIENT_LOADGEN_LOGS" && cp "$CK_MLPERF_POWER_CLIENT_LOADGEN_LOGS"/../mlperf_log_* "$CK_MLPERF_POWER_CLIENT_LOADGEN_LOGS"/'
client 2023-07-05 18:11:23,175 [INFO] Sending command to the server: 'time'
client 2023-07-05 18:11:23,179 [INFO] Got response: '1688598683.1864126'
client 2023-07-05 18:11:23,181 [INFO] The time difference between the client and the server is within range -11.947 ms..-5.167 ms
client 2023-07-05 18:11:23,182 [INFO] Sending command to the server: 'session,2023-07-05_17-57-44,stop,ranging'
client 2023-07-05 18:11:33,872 [INFO] Got response: 'OK'
client 2023-07-05 18:11:33,874 [INFO] Sending command to the server: 'time'
client 2023-07-05 18:11:33,877 [INFO] Got response: '1688598693.8837998'
client 2023-07-05 18:11:33,879 [INFO] The time difference between the client and the server is within range -9.664 ms..-5.308 ms
client 2023-07-05 18:11:33,901 [INFO] Copying loadgen logs from '/home/krai/CK/ck-qaic-dev-krai/program/image-classification-qaic-loadgen/tmp/loadgen_logs' to '/home/krai/CK/ck-mlperf/program/mlperf-power-client/tmp/2023-07-05_17-57-44/ranging'
client 2023-07-05 18:11:33,902 [INFO] Running workload in testing mode
client 2023-07-05 18:11:33,902 [INFO] Synchronizing with the server and with time.google.com...
client 2023-07-05 18:11:34,055 [INFO] NTP:offset = 0.046 s, delay = 0.150 s 
client 2023-07-05 18:11:34,055 [INFO] Sending command to the server: 'time'
client 2023-07-05 18:11:34,056 [INFO] Got response: '1688598694.0636199'
client 2023-07-05 18:11:34,056 [INFO] The time difference between the client and the server is within range -8.444 ms..-6.874 ms
client 2023-07-05 18:11:34,056 [INFO] Sending command to the server: 'session,2023-07-05_17-57-44,start,testing'
client 2023-07-05 18:11:47,075 [INFO] Got response: 'OK'
client 2023-07-05 18:11:47,077 [INFO] Sending command to the server: 'time'
client 2023-07-05 18:11:47,080 [INFO] Got response: '1688598707.0873978'
client 2023-07-05 18:11:47,081 [INFO] The time difference between the client and the server is within range -9.838 ms..-5.718 ms
client 2023-07-05 18:11:47,084 [INFO] Running the workload 'echo 1 | sudo tee $(sudo find /sys/devices -name soc_reset | grep a100); sleep 120;  ck benchmark program:image-classification-qaic-loadgen --env.CK_SILENT_MODE=YES --skip_print_timers --dep_add_tags.lib-qaic-api=master --dep_add_tags.compiler=gcc --dep_add_tags.python=v3 --dep_add_tags.weights=resnet50.aedk_highend.offline,resnet50,bs.8  --dep_add_tags.images=preprocessed,using-opencv,for.resnet50.quantized,full --env.ML_MODEL_MODEL_NAME=resnet50 --env.CK_LOADGEN_DATASET_SIZE=50000 --env.CK_LOADGEN_BUFFER_SIZE=1024 --env.CK_ENV_NUM_SETUP_THREADS=8 --env.CK_ENV_QAIC_INPUT_SELECT=0 --env.CK_ENV_QAIC_DEVICE_IDS=0 --env.CK_ENV_QAIC_QUEUE_LENGTH=3 --env.CK_ENV_QAIC_THREADS_PER_QUEUE=2 --env.CK_ENV_QAIC_ACTIVATION_COUNT=3 --env.CK_ENV_QAIC_MODEL_BATCH_SIZE=8 --env.QAIC_BYPASS_PPP=enable --env.CK_VERBOSE=0 --env.KILT_SCHEDULER_YIELD_TIME=1000000 --env.KILT_DISPATCH_YIELD_TIME=10 --env.KILT_DEVICE_QAIC_SAMPLES_QUEUE_DEPTH=128  --env.ML_MODEL_MODEL_NAME=resnet50 --env.ML_MODEL_HAS_BACKGROUND_CLASS=YES --env.ML_MODEL_OUT_BUFFER_IDX=1 --env.CK_ENV_DATASET_IMAGENET_PREPROCESSED_INPUT_SQUARE_SIDE=224 --env.CK_ENV_DATASET_IMAGENET_PREPROCESSED_DATA_TYPE=float32 --env.CK_MLPERF_ACCURACY_IMAGENET_TYPE=float32 --env.CK_ENV_QAIC_OUTPUT_COUNT=1 --env.CK_ENV_QAIC_SKIP_STAGE=convert --env.CK_LOADGEN_SCENARIO=Offline --env.CK_LOADGEN_TARGET_QPS=9700 --env.CK_LOADGEN_MODE=PerformanceOnly --speed --skip_stat_analysis --process_multi_keys --repetitions=1 --record --record_repo=local --record_uoa=mlperf_v3.1-closed-gloria_highend-qaic-v1.9.1.25-aic100-resnet50-offline-performance-target_qps.9700-power.workload --tags=mlperf,round.v3.1,division.closed,platform.gloria_highend,inference_engine.qaic,inference_engine_version.v1.9.1.25,inference_engine_backend.aic100,scenario.offline,mode.performance,buffer_size.1024,workload.resnet50,preprocessed_using.opencv,input_select.0,queue_length.3,task.image-classification,threads_per_queue.2,power.workload "@@@{\'meta\': {\'ck_benchmark_program\': \'echo 1 | sudo tee $(sudo find /sys/devices -name soc_reset | grep a100); sleep 120;  ck benchmark program:image-classification-qaic-loadgen --env.CK_SILENT_MODE=YES --skip_print_timers --dep_add_tags.lib-qaic-api=master --dep_add_tags.compiler=gcc --dep_add_tags.python=v3 --dep_add_tags.weights=resnet50.aedk_highend.offline,resnet50,bs.8  --dep_add_tags.images=preprocessed,using-opencv,for.resnet50.quantized,full --env.ML_MODEL_MODEL_NAME=resnet50 --env.CK_LOADGEN_DATASET_SIZE=50000 --env.CK_LOADGEN_BUFFER_SIZE=1024 --env.CK_ENV_NUM_SETUP_THREADS=8 --env.CK_ENV_QAIC_INPUT_SELECT=0 --env.CK_ENV_QAIC_DEVICE_IDS=0 --env.CK_ENV_QAIC_QUEUE_LENGTH=3 --env.CK_ENV_QAIC_THREADS_PER_QUEUE=2 --env.CK_ENV_QAIC_ACTIVATION_COUNT=3 --env.CK_ENV_QAIC_MODEL_BATCH_SIZE=8 --env.QAIC_BYPASS_PPP=enable --env.CK_VERBOSE=0 --env.KILT_SCHEDULER_YIELD_TIME=1000000 --env.KILT_DISPATCH_YIELD_TIME=10 --env.KILT_DEVICE_QAIC_SAMPLES_QUEUE_DEPTH=128  --env.ML_MODEL_MODEL_NAME=resnet50 --env.ML_MODEL_HAS_BACKGROUND_CLASS=YES --env.ML_MODEL_OUT_BUFFER_IDX=1 --env.CK_ENV_DATASET_IMAGENET_PREPROCESSED_INPUT_SQUARE_SIDE=224 --env.CK_ENV_DATASET_IMAGENET_PREPROCESSED_DATA_TYPE=float32 --env.CK_MLPERF_ACCURACY_IMAGENET_TYPE=float32 --env.CK_ENV_QAIC_OUTPUT_COUNT=1 --env.CK_ENV_QAIC_SKIP_STAGE=convert --env.CK_LOADGEN_SCENARIO=Offline --env.CK_LOADGEN_TARGET_QPS=9700 --env.CK_LOADGEN_MODE=PerformanceOnly --speed --skip_stat_analysis --process_multi_keys --repetitions=1 --record --record_repo=local --record_uoa=mlperf_v3.1-closed-gloria_highend-qaic-v1.9.1.25-aic100-resnet50-offline-performance-target_qps.9700-power.workload --tags=mlperf,round.v3.1,division.closed,platform.gloria_highend,inference_engine.qaic,inference_engine_version.v1.9.1.25,inference_engine_backend.aic100,scenario.offline,mode.performance,buffer_size.1024,workload.resnet50,preprocessed_using.opencv,input_select.0,queue_length.3,task.image-classification,threads_per_queue.2,power.workload\'}}" && cat `ck find program:image-classification-qaic-loadgen`/tmp/mlperf_log_summary.txt && mkdir -p "$CK_MLPERF_POWER_CLIENT_LOADGEN_LOGS" && cp "$CK_MLPERF_POWER_CLIENT_LOADGEN_LOGS"/../mlperf_log_* "$CK_MLPERF_POWER_CLIENT_LOADGEN_LOGS"/'
client 2023-07-05 18:24:56,679 [INFO] Sending command to the server: 'time'
client 2023-07-05 18:24:56,683 [INFO] Got response: '1688599496.687439'
client 2023-07-05 18:24:56,684 [INFO] The time difference between the client and the server is within range -8.785 ms..-3.298 ms
client 2023-07-05 18:24:56,685 [INFO] Sending command to the server: 'session,2023-07-05_17-57-44,stop,testing'
client 2023-07-05 18:25:07,086 [INFO] Got response: 'OK'
client 2023-07-05 18:25:07,087 [INFO] Sending command to the server: 'time'
client 2023-07-05 18:25:07,089 [INFO] Got response: '1688599507.0943408'
client 2023-07-05 18:25:07,090 [INFO] The time difference between the client and the server is within range -6.709 ms..-3.736 ms
client 2023-07-05 18:25:07,105 [INFO] Copying loadgen logs from '/home/krai/CK/ck-qaic-dev-krai/program/image-classification-qaic-loadgen/tmp/loadgen_logs' to '/home/krai/CK/ck-mlperf/program/mlperf-power-client/tmp/2023-07-05_17-57-44/run_1'
client 2023-07-05 18:25:07,106 [INFO] Done runs
