client 2023-07-09 14:33:52,577 [INFO] Creating output directory '/home/arjun/mobilenet_results/valid_results/orin-tflite_cpp-cpu-tflite-vmaster-default_config/mobilenet-v1-precision_float-0.5-160/singlestream/performance/tmp_power'
client 2023-07-09 14:33:52,670 [INFO] Sending command to the server: 'mlcommons/power client v3'
client 2023-07-09 14:33:52,673 [INFO] Got response: 'mlcommons/power server v3'
client 2023-07-09 14:33:52,673 [INFO] Synchronizing with the server and with time.google.com...
client 2023-07-09 14:33:52,697 [INFO] NTP:offset = 0.002 s, delay = 0.015 s 
client 2023-07-09 14:33:52,697 [INFO] Sending command to the server: 'time'
client 2023-07-09 14:33:52,701 [INFO] Got response: '1688909632.7021706'
client 2023-07-09 14:33:52,701 [INFO] The time difference between the client and the server is within range -4.339 ms..-0.939 ms
client 2023-07-09 14:33:52,701 [INFO] Sending command to the server: 'new,,cbf2ae75-2986-4bc2-b84e-16fbc205c2a3'
client 2023-07-09 14:33:52,705 [INFO] Got response: 'OK 2023-07-09_13-33-52,d6750602-b5c8-44b1-ad6f-135a93e31cf6'
client 2023-07-09 14:33:52,705 [INFO] Session id is '2023-07-09_13-33-52'
client 2023-07-09 14:33:52,706 [INFO] Sources: {"sources": {"__init__.py": "da39a3ee5e6b4b0d3255bfef95601890afd80709", "client.py": "33ca4f26368777ac06e01f9567b714a4b8063886", "lib/__init__.py": "da39a3ee5e6b4b0d3255bfef95601890afd80709", "lib/client.py": "ac2aa093c8e8bbc9569b9e2a3471bc64e58a2258", "lib/common.py": "611d8b29633d331eb19c9455ea3b5fa3284ed6df", "lib/external/__init__.py": "da39a3ee5e6b4b0d3255bfef95601890afd80709", "lib/external/ntplib.py": "4da8f970656505a40483206ef2b5d3dd5e81711d", "lib/server.py": "c7af63c31bb2fbedea4345f571f6e3507d268ada", "lib/source_hashes.py": "60a2e02193209e8d392803326208d5466342da18", "lib/summary.py": "aa92f0a3f975eecd44d3c0cd0236342ccc9f941d", "lib/time_sync.py": "122eba67a9abc85635223e054def53be1367ade2", "server.py": "c3f90f2f7eeb4db30727556d0c815ebc89b3d28b", "tests/unit/__init__.py": "da39a3ee5e6b4b0d3255bfef95601890afd80709", "tests/unit/test_server.py": "948c1995d4008bc2aa6c4046a34ffa3858d6d671", "tests/unit/test_source_hashes.py": "00468a2907583c593e6574a1f6b404e4651c221a"}, "modules": {"ptd_client_server.lib.client": "lib/client.py", "ptd_client_server.lib.common": "lib/common.py", "ptd_client_server.lib.external.ntplib": "lib/external/ntplib.py", "ptd_client_server.lib.source_hashes": "lib/source_hashes.py", "ptd_client_server.lib.summary": "lib/summary.py", "ptd_client_server.lib.time_sync": "lib/time_sync.py"}}
client 2023-07-09 14:33:52,707 [INFO] Running workload in ranging mode
client 2023-07-09 14:33:52,707 [INFO] Synchronizing with the server and with time.google.com...
client 2023-07-09 14:33:52,730 [INFO] NTP:offset = -0.000 s, delay = 0.020 s 
client 2023-07-09 14:33:52,730 [INFO] Sending command to the server: 'time'
client 2023-07-09 14:33:52,733 [INFO] Got response: '1688909632.7347732'
client 2023-07-09 14:33:52,733 [INFO] The time difference between the client and the server is within range -4.059 ms..-1.011 ms
client 2023-07-09 14:33:52,733 [INFO] Sending command to the server: 'session,2023-07-09_13-33-52,start,ranging'
client 2023-07-09 14:34:20,846 [INFO] Got response: 'OK'
client 2023-07-09 14:34:20,847 [INFO] Sending command to the server: 'time'
client 2023-07-09 14:34:20,850 [INFO] Got response: '1688909660.8516822'
client 2023-07-09 14:34:20,851 [INFO] The time difference between the client and the server is within range -3.773 ms..-0.565 ms
client 2023-07-09 14:34:20,851 [INFO] Running the workload 'CM_MLPERF_RUN_COUNT=$(cat ${CM_RUN_DIR}/count.txt); echo ${CM_MLPERF_RUN_COUNT}; CM_MLPERF_RUN_COUNT=$((CM_MLPERF_RUN_COUNT+1)); echo ${CM_MLPERF_RUN_COUNT} > ${CM_RUN_DIR}/count.txt && if [ ${CM_MLPERF_RUN_COUNT} -eq "1" ]; then export CM_MLPERF_USER_CONF=${CM_MLPERF_RANGING_USER_CONF}; else export CM_MLPERF_USER_CONF=${CM_MLPERF_TESTING_USER_CONF}; fi && /home/arjun/run.out'
client 2023-07-09 14:39:26,699 [INFO] Sending command to the server: 'time'
client 2023-07-09 14:39:26,798 [INFO] Got response: '1688909966.7984877'
client 2023-07-09 14:39:26,798 [INFO] The time difference between the client and the server is within range -99.141 ms..0.260 ms
client 2023-07-09 14:39:26,799 [INFO] Sending command to the server: 'session,2023-07-09_13-33-52,stop,ranging'
client 2023-07-09 14:39:36,924 [INFO] Got response: 'OK'
client 2023-07-09 14:39:36,924 [INFO] Sending command to the server: 'time'
client 2023-07-09 14:39:36,928 [INFO] Got response: '1688909976.9284153'
client 2023-07-09 14:39:36,928 [INFO] The time difference between the client and the server is within range -3.676 ms..0.310 ms
client 2023-07-09 14:39:36,949 [INFO] Copying loadgen logs from '/home/arjun/mobilenet_results/valid_results/orin-tflite_cpp-cpu-tflite-vmaster-default_config/mobilenet-v1-precision_float-0.5-160/singlestream/performance/run_1' to '/home/arjun/mobilenet_results/valid_results/orin-tflite_cpp-cpu-tflite-vmaster-default_config/mobilenet-v1-precision_float-0.5-160/singlestream/performance/tmp_power/ranging'
client 2023-07-09 14:39:36,952 [INFO] Running workload in testing mode
client 2023-07-09 14:39:36,952 [INFO] Synchronizing with the server and with time.google.com...
client 2023-07-09 14:39:36,970 [INFO] NTP:offset = 0.001 s, delay = 0.013 s 
client 2023-07-09 14:39:36,970 [INFO] Sending command to the server: 'time'
client 2023-07-09 14:39:36,974 [INFO] Got response: '1688909976.9744322'
client 2023-07-09 14:39:36,974 [INFO] The time difference between the client and the server is within range -3.544 ms..0.038 ms
client 2023-07-09 14:39:36,974 [INFO] Sending command to the server: 'session,2023-07-09_13-33-52,start,testing'
client 2023-07-09 14:39:50,000 [INFO] Got response: 'OK'
client 2023-07-09 14:39:50,001 [INFO] Sending command to the server: 'time'
client 2023-07-09 14:39:50,003 [INFO] Got response: '1688909990.0046546'
client 2023-07-09 14:39:50,004 [INFO] The time difference between the client and the server is within range -3.505 ms..-0.641 ms
client 2023-07-09 14:39:50,004 [INFO] Running the workload 'CM_MLPERF_RUN_COUNT=$(cat ${CM_RUN_DIR}/count.txt); echo ${CM_MLPERF_RUN_COUNT}; CM_MLPERF_RUN_COUNT=$((CM_MLPERF_RUN_COUNT+1)); echo ${CM_MLPERF_RUN_COUNT} > ${CM_RUN_DIR}/count.txt && if [ ${CM_MLPERF_RUN_COUNT} -eq "1" ]; then export CM_MLPERF_USER_CONF=${CM_MLPERF_RANGING_USER_CONF}; else export CM_MLPERF_USER_CONF=${CM_MLPERF_TESTING_USER_CONF}; fi && /home/arjun/run.out'
client 2023-07-09 14:50:01,362 [INFO] Sending command to the server: 'time'
client 2023-07-09 14:50:01,372 [INFO] Got response: '1688910601.3730052'
client 2023-07-09 14:50:01,373 [INFO] The time difference between the client and the server is within range -10.566 ms..0.059 ms
client 2023-07-09 14:50:01,373 [INFO] Sending command to the server: 'session,2023-07-09_13-33-52,stop,testing'
client 2023-07-09 14:50:12,052 [INFO] Got response: 'OK'
client 2023-07-09 14:50:12,053 [INFO] Sending command to the server: 'time'
client 2023-07-09 14:50:12,056 [INFO] Got response: '1688910612.0567112'
client 2023-07-09 14:50:12,057 [INFO] The time difference between the client and the server is within range -3.245 ms..0.228 ms
client 2023-07-09 14:50:12,061 [INFO] Copying loadgen logs from '/home/arjun/mobilenet_results/valid_results/orin-tflite_cpp-cpu-tflite-vmaster-default_config/mobilenet-v1-precision_float-0.5-160/singlestream/performance/run_1' to '/home/arjun/mobilenet_results/valid_results/orin-tflite_cpp-cpu-tflite-vmaster-default_config/mobilenet-v1-precision_float-0.5-160/singlestream/performance/tmp_power/run_1'
client 2023-07-09 14:50:12,063 [INFO] Done runs
