client 2023-08-10 18:13:33,808 [INFO] Creating output directory '/home/arjun/mobilenet_results/valid_results/orin-tflite_cpp-cpu-tflite-vmaster-with_live_preprocessing/mobilenet-v1-precision_float-0.5-128/singlestream/performance/tmp_power'
client 2023-08-10 18:13:33,810 [INFO] Sending command to the server: 'mlcommons/power client v3'
client 2023-08-10 18:13:33,814 [INFO] Got response: 'mlcommons/power server v3'
client 2023-08-10 18:13:33,814 [INFO] Synchronizing with the server and with time.google.com...
client 2023-08-10 18:13:33,830 [INFO] NTP:offset = -0.002 s, delay = 0.012 s 
client 2023-08-10 18:13:33,830 [INFO] Sending command to the server: 'time'
client 2023-08-10 18:13:33,833 [INFO] Got response: '1691687613.7900574'
client 2023-08-10 18:13:33,833 [INFO] The time difference between the client and the server is within range 40.407 ms..43.173 ms
client 2023-08-10 18:13:33,833 [INFO] Sending command to the server: 'new,,9cf8a05d-17bc-4703-b0ce-beebb63e89c7'
client 2023-08-10 18:13:33,835 [INFO] Got response: 'OK 2023-08-10_18-13-33,09ad23db-96f4-4601-b233-7f7044178305'
client 2023-08-10 18:13:33,835 [INFO] Session id is '2023-08-10_18-13-33'
client 2023-08-10 18:13:33,836 [INFO] Sources: {"sources": {"__init__.py": "da39a3ee5e6b4b0d3255bfef95601890afd80709", "client.py": "33ca4f26368777ac06e01f9567b714a4b8063886", "lib/__init__.py": "da39a3ee5e6b4b0d3255bfef95601890afd80709", "lib/client.py": "ac2aa093c8e8bbc9569b9e2a3471bc64e58a2258", "lib/common.py": "611d8b29633d331eb19c9455ea3b5fa3284ed6df", "lib/external/__init__.py": "da39a3ee5e6b4b0d3255bfef95601890afd80709", "lib/external/ntplib.py": "4da8f970656505a40483206ef2b5d3dd5e81711d", "lib/server.py": "c7af63c31bb2fbedea4345f571f6e3507d268ada", "lib/source_hashes.py": "60a2e02193209e8d392803326208d5466342da18", "lib/summary.py": "aa92f0a3f975eecd44d3c0cd0236342ccc9f941d", "lib/time_sync.py": "80894ef2389e540781ff78de94db16aa4203a14e", "server.py": "c3f90f2f7eeb4db30727556d0c815ebc89b3d28b", "tests/unit/__init__.py": "da39a3ee5e6b4b0d3255bfef95601890afd80709", "tests/unit/test_server.py": "948c1995d4008bc2aa6c4046a34ffa3858d6d671", "tests/unit/test_source_hashes.py": "00468a2907583c593e6574a1f6b404e4651c221a"}, "modules": {"ptd_client_server.lib.client": "lib/client.py", "ptd_client_server.lib.common": "lib/common.py", "ptd_client_server.lib.external.ntplib": "lib/external/ntplib.py", "ptd_client_server.lib.source_hashes": "lib/source_hashes.py", "ptd_client_server.lib.summary": "lib/summary.py", "ptd_client_server.lib.time_sync": "lib/time_sync.py"}}
client 2023-08-10 18:13:33,836 [INFO] Running workload in ranging mode
client 2023-08-10 18:13:33,836 [INFO] Synchronizing with the server and with time.google.com...
client 2023-08-10 18:13:33,853 [INFO] NTP:offset = -0.002 s, delay = 0.016 s 
client 2023-08-10 18:13:33,853 [INFO] Sending command to the server: 'time'
client 2023-08-10 18:13:33,856 [INFO] Got response: '1691687613.8102505'
client 2023-08-10 18:13:33,856 [INFO] The time difference between the client and the server is within range 43.283 ms..46.078 ms
client 2023-08-10 18:13:33,856 [INFO] Sending command to the server: 'session,2023-08-10_18-13-33,start,ranging'
client 2023-08-10 18:14:02,563 [INFO] Got response: 'OK'
client 2023-08-10 18:14:02,563 [INFO] Sending command to the server: 'time'
client 2023-08-10 18:14:02,567 [INFO] Got response: '1691687642.5177672'
client 2023-08-10 18:14:02,567 [INFO] The time difference between the client and the server is within range 45.841 ms..49.349 ms
client 2023-08-10 18:14:02,567 [INFO] Running the workload 'CM_MLPERF_RUN_COUNT=$(cat ${CM_RUN_DIR}/count.txt); echo ${CM_MLPERF_RUN_COUNT}; CM_MLPERF_RUN_COUNT=$((CM_MLPERF_RUN_COUNT+1)); echo ${CM_MLPERF_RUN_COUNT} > ${CM_RUN_DIR}/count.txt && if [ ${CM_MLPERF_RUN_COUNT} -eq "1" ]; then export CM_MLPERF_USER_CONF=${CM_MLPERF_RANGING_USER_CONF}; else export CM_MLPERF_USER_CONF=${CM_MLPERF_TESTING_USER_CONF}; fi && /mount/CM/repos/ctuning@mlcommons-ck/cm-mlops/script/run-all-mlperf-models/run.out'
client 2023-08-10 18:19:03,872 [INFO] Sending command to the server: 'time'
client 2023-08-10 18:19:03,894 [INFO] Got response: '1691687943.8448615'
client 2023-08-10 18:19:03,894 [INFO] The time difference between the client and the server is within range 27.578 ms..49.263 ms
client 2023-08-10 18:19:03,894 [INFO] Sending command to the server: 'session,2023-08-10_18-13-33,stop,ranging'
client 2023-08-10 18:19:14,949 [INFO] Got response: 'OK'
client 2023-08-10 18:19:14,949 [INFO] Sending command to the server: 'time'
client 2023-08-10 18:19:14,952 [INFO] Got response: '1691687954.9076507'
client 2023-08-10 18:19:14,952 [INFO] The time difference between the client and the server is within range 41.978 ms..44.457 ms
client 2023-08-10 18:19:14,955 [INFO] Copying loadgen logs from '/home/arjun/mobilenet_results/valid_results/orin-tflite_cpp-cpu-tflite-vmaster-with_live_preprocessing/mobilenet-v1-precision_float-0.5-128/singlestream/performance/run_1' to '/home/arjun/mobilenet_results/valid_results/orin-tflite_cpp-cpu-tflite-vmaster-with_live_preprocessing/mobilenet-v1-precision_float-0.5-128/singlestream/performance/tmp_power/ranging'
client 2023-08-10 18:19:14,956 [INFO] Running workload in testing mode
client 2023-08-10 18:19:14,956 [INFO] Synchronizing with the server and with time.google.com...
client 2023-08-10 18:19:14,972 [INFO] NTP:offset = -0.003 s, delay = 0.014 s 
client 2023-08-10 18:19:14,972 [INFO] Sending command to the server: 'time'
client 2023-08-10 18:19:14,974 [INFO] Got response: '1691687954.9269314'
client 2023-08-10 18:19:14,974 [INFO] The time difference between the client and the server is within range 45.233 ms..47.813 ms
client 2023-08-10 18:19:14,974 [INFO] Sending command to the server: 'session,2023-08-10_18-13-33,start,testing'
client 2023-08-10 18:19:28,004 [INFO] Got response: 'OK'
client 2023-08-10 18:19:28,004 [INFO] Sending command to the server: 'time'
client 2023-08-10 18:19:28,008 [INFO] Got response: '1691687967.9552484'
client 2023-08-10 18:19:28,008 [INFO] The time difference between the client and the server is within range 49.321 ms..52.851 ms
client 2023-08-10 18:19:28,008 [INFO] Running the workload 'CM_MLPERF_RUN_COUNT=$(cat ${CM_RUN_DIR}/count.txt); echo ${CM_MLPERF_RUN_COUNT}; CM_MLPERF_RUN_COUNT=$((CM_MLPERF_RUN_COUNT+1)); echo ${CM_MLPERF_RUN_COUNT} > ${CM_RUN_DIR}/count.txt && if [ ${CM_MLPERF_RUN_COUNT} -eq "1" ]; then export CM_MLPERF_USER_CONF=${CM_MLPERF_RANGING_USER_CONF}; else export CM_MLPERF_USER_CONF=${CM_MLPERF_TESTING_USER_CONF}; fi && /mount/CM/repos/ctuning@mlcommons-ck/cm-mlops/script/run-all-mlperf-models/run.out'
client 2023-08-10 18:29:30,154 [INFO] Sending command to the server: 'time'
client 2023-08-10 18:29:30,159 [INFO] Got response: '1691688570.1035814'
client 2023-08-10 18:29:30,159 [INFO] The time difference between the client and the server is within range 50.449 ms..56.216 ms
client 2023-08-10 18:29:30,159 [INFO] Sending command to the server: 'session,2023-08-10_18-13-33,stop,testing'
client 2023-08-10 18:29:41,050 [INFO] Got response: 'OK'
client 2023-08-10 18:29:41,050 [INFO] Sending command to the server: 'time'
client 2023-08-10 18:29:41,052 [INFO] Got response: '1691688581.0016506'
client 2023-08-10 18:29:41,052 [INFO] The time difference between the client and the server is within range 49.066 ms..50.998 ms
client 2023-08-10 18:29:41,053 [INFO] Copying loadgen logs from '/home/arjun/mobilenet_results/valid_results/orin-tflite_cpp-cpu-tflite-vmaster-with_live_preprocessing/mobilenet-v1-precision_float-0.5-128/singlestream/performance/run_1' to '/home/arjun/mobilenet_results/valid_results/orin-tflite_cpp-cpu-tflite-vmaster-with_live_preprocessing/mobilenet-v1-precision_float-0.5-128/singlestream/performance/tmp_power/run_1'
client 2023-08-10 18:29:41,054 [INFO] Done runs
