client 2023-08-06 13:32:27,442 [INFO] Creating output directory '/home/arjun/mobilenet_results/valid_results/orin-tflite_cpp-cpu-tflite-vmaster-default_config/mobilenet-v3-precision_float-large-minimalistic-224/singlestream/performance/tmp_power'
client 2023-08-06 13:32:27,445 [INFO] Sending command to the server: 'mlcommons/power client v3'
client 2023-08-06 13:32:27,449 [INFO] Got response: 'mlcommons/power server v3'
client 2023-08-06 13:32:27,449 [INFO] Synchronizing with the server and with time.google.com...
client 2023-08-06 13:32:27,480 [INFO] NTP:offset = -0.003 s, delay = 0.017 s 
client 2023-08-06 13:32:27,480 [INFO] Sending command to the server: 'time'
client 2023-08-06 13:32:27,483 [INFO] Got response: '1691325147.3667152'
client 2023-08-06 13:32:27,483 [INFO] The time difference between the client and the server is within range 114.233 ms..117.024 ms
client 2023-08-06 13:32:27,483 [INFO] Sending command to the server: 'new,,03dacc82-18fb-44da-afe4-58846e7a538e'
client 2023-08-06 13:32:27,489 [INFO] Got response: 'OK 2023-08-06_13-32-27,972c6e0b-a80a-438f-8b90-1e64e8ea014b'
client 2023-08-06 13:32:27,489 [INFO] Session id is '2023-08-06_13-32-27'
client 2023-08-06 13:32:27,489 [INFO] Sources: {"sources": {"__init__.py": "da39a3ee5e6b4b0d3255bfef95601890afd80709", "client.py": "33ca4f26368777ac06e01f9567b714a4b8063886", "lib/__init__.py": "da39a3ee5e6b4b0d3255bfef95601890afd80709", "lib/client.py": "ac2aa093c8e8bbc9569b9e2a3471bc64e58a2258", "lib/common.py": "611d8b29633d331eb19c9455ea3b5fa3284ed6df", "lib/external/__init__.py": "da39a3ee5e6b4b0d3255bfef95601890afd80709", "lib/external/ntplib.py": "4da8f970656505a40483206ef2b5d3dd5e81711d", "lib/server.py": "c7af63c31bb2fbedea4345f571f6e3507d268ada", "lib/source_hashes.py": "60a2e02193209e8d392803326208d5466342da18", "lib/summary.py": "aa92f0a3f975eecd44d3c0cd0236342ccc9f941d", "lib/time_sync.py": "122eba67a9abc85635223e054def53be1367ade2", "server.py": "c3f90f2f7eeb4db30727556d0c815ebc89b3d28b", "tests/unit/__init__.py": "da39a3ee5e6b4b0d3255bfef95601890afd80709", "tests/unit/test_server.py": "948c1995d4008bc2aa6c4046a34ffa3858d6d671", "tests/unit/test_source_hashes.py": "00468a2907583c593e6574a1f6b404e4651c221a"}, "modules": {"ptd_client_server.lib.client": "lib/client.py", "ptd_client_server.lib.common": "lib/common.py", "ptd_client_server.lib.external.ntplib": "lib/external/ntplib.py", "ptd_client_server.lib.source_hashes": "lib/source_hashes.py", "ptd_client_server.lib.summary": "lib/summary.py", "ptd_client_server.lib.time_sync": "lib/time_sync.py"}}
client 2023-08-06 13:32:27,489 [INFO] Running workload in ranging mode
client 2023-08-06 13:32:27,489 [INFO] Synchronizing with the server and with time.google.com...
client 2023-08-06 13:32:27,506 [INFO] NTP:offset = -0.002 s, delay = 0.016 s 
client 2023-08-06 13:32:27,507 [INFO] Sending command to the server: 'time'
client 2023-08-06 13:32:27,509 [INFO] Got response: '1691325147.3967543'
client 2023-08-06 13:32:27,509 [INFO] The time difference between the client and the server is within range 110.290 ms..112.379 ms
client 2023-08-06 13:32:27,509 [INFO] Sending command to the server: 'session,2023-08-06_13-32-27,start,ranging'
client 2023-08-06 13:32:56,167 [INFO] Got response: 'OK'
client 2023-08-06 13:32:56,167 [INFO] Sending command to the server: 'time'
client 2023-08-06 13:32:56,182 [INFO] Got response: '1691325176.0652142'
client 2023-08-06 13:32:56,182 [INFO] The time difference between the client and the server is within range 102.468 ms..117.742 ms
client 2023-08-06 13:32:56,183 [INFO] Running the workload 'CM_MLPERF_RUN_COUNT=$(cat ${CM_RUN_DIR}/count.txt); echo ${CM_MLPERF_RUN_COUNT}; CM_MLPERF_RUN_COUNT=$((CM_MLPERF_RUN_COUNT+1)); echo ${CM_MLPERF_RUN_COUNT} > ${CM_RUN_DIR}/count.txt && if [ ${CM_MLPERF_RUN_COUNT} -eq "1" ]; then export CM_MLPERF_USER_CONF=${CM_MLPERF_RANGING_USER_CONF}; else export CM_MLPERF_USER_CONF=${CM_MLPERF_TESTING_USER_CONF}; fi && /mount/CM/repos/ctuning@mlcommons-ck/cm-mlops/script/run-all-mlperf-models/run.out'
client 2023-08-06 13:37:57,617 [INFO] Sending command to the server: 'time'
client 2023-08-06 13:37:57,621 [INFO] Got response: '1691325477.5097914'
client 2023-08-06 13:37:57,621 [INFO] The time difference between the client and the server is within range 107.584 ms..112.050 ms
client 2023-08-06 13:37:57,621 [INFO] Sending command to the server: 'session,2023-08-06_13-32-27,stop,ranging'
client 2023-08-06 13:38:08,391 [INFO] Got response: 'OK'
client 2023-08-06 13:38:08,391 [INFO] Sending command to the server: 'time'
client 2023-08-06 13:38:08,394 [INFO] Got response: '1691325488.2750843'
client 2023-08-06 13:38:08,394 [INFO] The time difference between the client and the server is within range 116.089 ms..119.696 ms
client 2023-08-06 13:38:08,398 [INFO] Copying loadgen logs from '/home/arjun/mobilenet_results/valid_results/orin-tflite_cpp-cpu-tflite-vmaster-default_config/mobilenet-v3-precision_float-large-minimalistic-224/singlestream/performance/run_1' to '/home/arjun/mobilenet_results/valid_results/orin-tflite_cpp-cpu-tflite-vmaster-default_config/mobilenet-v3-precision_float-large-minimalistic-224/singlestream/performance/tmp_power/ranging'
client 2023-08-06 13:38:08,399 [INFO] Running workload in testing mode
client 2023-08-06 13:38:08,399 [INFO] Synchronizing with the server and with time.google.com...
client 2023-08-06 13:38:08,415 [INFO] NTP:offset = -0.002 s, delay = 0.015 s 
client 2023-08-06 13:38:08,415 [INFO] Sending command to the server: 'time'
client 2023-08-06 13:38:08,417 [INFO] Got response: '1691325488.3051128'
client 2023-08-06 13:38:08,417 [INFO] The time difference between the client and the server is within range 110.086 ms..112.711 ms
client 2023-08-06 13:38:08,417 [INFO] Sending command to the server: 'session,2023-08-06_13-32-27,start,testing'
client 2023-08-06 13:38:21,457 [INFO] Got response: 'OK'
client 2023-08-06 13:38:21,457 [INFO] Sending command to the server: 'time'
client 2023-08-06 13:38:21,460 [INFO] Got response: '1691325501.3480873'
client 2023-08-06 13:38:21,460 [INFO] The time difference between the client and the server is within range 109.435 ms..112.790 ms
client 2023-08-06 13:38:21,460 [INFO] Running the workload 'CM_MLPERF_RUN_COUNT=$(cat ${CM_RUN_DIR}/count.txt); echo ${CM_MLPERF_RUN_COUNT}; CM_MLPERF_RUN_COUNT=$((CM_MLPERF_RUN_COUNT+1)); echo ${CM_MLPERF_RUN_COUNT} > ${CM_RUN_DIR}/count.txt && if [ ${CM_MLPERF_RUN_COUNT} -eq "1" ]; then export CM_MLPERF_USER_CONF=${CM_MLPERF_RANGING_USER_CONF}; else export CM_MLPERF_USER_CONF=${CM_MLPERF_TESTING_USER_CONF}; fi && /mount/CM/repos/ctuning@mlcommons-ck/cm-mlops/script/run-all-mlperf-models/run.out'
client 2023-08-06 13:48:23,653 [INFO] Sending command to the server: 'time'
client 2023-08-06 13:48:23,657 [INFO] Got response: '1691326103.5411763'
client 2023-08-06 13:48:23,657 [INFO] The time difference between the client and the server is within range 111.978 ms..116.745 ms
client 2023-08-06 13:48:23,658 [INFO] Sending command to the server: 'session,2023-08-06_13-32-27,stop,testing'
client 2023-08-06 13:48:34,521 [INFO] Got response: 'OK'
client 2023-08-06 13:48:34,521 [INFO] Sending command to the server: 'time'
client 2023-08-06 13:48:34,523 [INFO] Got response: '1691326114.4078617'
client 2023-08-06 13:48:34,523 [INFO] The time difference between the client and the server is within range 113.748 ms..115.577 ms
client 2023-08-06 13:48:34,524 [INFO] Copying loadgen logs from '/home/arjun/mobilenet_results/valid_results/orin-tflite_cpp-cpu-tflite-vmaster-default_config/mobilenet-v3-precision_float-large-minimalistic-224/singlestream/performance/run_1' to '/home/arjun/mobilenet_results/valid_results/orin-tflite_cpp-cpu-tflite-vmaster-default_config/mobilenet-v3-precision_float-large-minimalistic-224/singlestream/performance/tmp_power/run_1'
client 2023-08-06 13:48:34,524 [INFO] Done runs
