client 2023-07-09 17:36:20,530 [INFO] Creating output directory '/home/arjun/mobilenet_results/valid_results/orin-tflite_cpp-cpu-tflite-vmaster-default_config/mobilenet-v1-precision_uint8-0.25-128/singlestream/performance/tmp_power'
client 2023-07-09 17:36:20,598 [INFO] Sending command to the server: 'mlcommons/power client v3'
client 2023-07-09 17:36:20,601 [INFO] Got response: 'mlcommons/power server v3'
client 2023-07-09 17:36:20,601 [INFO] Synchronizing with the server and with time.google.com...
client 2023-07-09 17:36:20,625 [INFO] NTP:offset = -0.001 s, delay = 0.015 s 
client 2023-07-09 17:36:20,626 [INFO] Sending command to the server: 'time'
client 2023-07-09 17:36:20,629 [INFO] Got response: '1688920580.6290972'
client 2023-07-09 17:36:20,629 [INFO] The time difference between the client and the server is within range -3.093 ms..0.640 ms
client 2023-07-09 17:36:20,630 [INFO] Sending command to the server: 'new,,2193333d-f4bd-41dc-b515-a0baba07d7b2'
client 2023-07-09 17:36:20,633 [INFO] Got response: 'OK 2023-07-09_16-36-20,f3136c80-fe61-4fa5-8819-ab1af6a9f0ce'
client 2023-07-09 17:36:20,633 [INFO] Session id is '2023-07-09_16-36-20'
client 2023-07-09 17:36:20,634 [INFO] Sources: {"sources": {"__init__.py": "da39a3ee5e6b4b0d3255bfef95601890afd80709", "client.py": "33ca4f26368777ac06e01f9567b714a4b8063886", "lib/__init__.py": "da39a3ee5e6b4b0d3255bfef95601890afd80709", "lib/client.py": "ac2aa093c8e8bbc9569b9e2a3471bc64e58a2258", "lib/common.py": "611d8b29633d331eb19c9455ea3b5fa3284ed6df", "lib/external/__init__.py": "da39a3ee5e6b4b0d3255bfef95601890afd80709", "lib/external/ntplib.py": "4da8f970656505a40483206ef2b5d3dd5e81711d", "lib/server.py": "c7af63c31bb2fbedea4345f571f6e3507d268ada", "lib/source_hashes.py": "60a2e02193209e8d392803326208d5466342da18", "lib/summary.py": "aa92f0a3f975eecd44d3c0cd0236342ccc9f941d", "lib/time_sync.py": "122eba67a9abc85635223e054def53be1367ade2", "server.py": "c3f90f2f7eeb4db30727556d0c815ebc89b3d28b", "tests/unit/__init__.py": "da39a3ee5e6b4b0d3255bfef95601890afd80709", "tests/unit/test_server.py": "948c1995d4008bc2aa6c4046a34ffa3858d6d671", "tests/unit/test_source_hashes.py": "00468a2907583c593e6574a1f6b404e4651c221a"}, "modules": {"ptd_client_server.lib.client": "lib/client.py", "ptd_client_server.lib.common": "lib/common.py", "ptd_client_server.lib.external.ntplib": "lib/external/ntplib.py", "ptd_client_server.lib.source_hashes": "lib/source_hashes.py", "ptd_client_server.lib.summary": "lib/summary.py", "ptd_client_server.lib.time_sync": "lib/time_sync.py"}}
client 2023-07-09 17:36:20,635 [INFO] Running workload in ranging mode
client 2023-07-09 17:36:20,635 [INFO] Synchronizing with the server and with time.google.com...
client 2023-07-09 17:36:20,652 [INFO] NTP:offset = 0.002 s, delay = 0.015 s 
client 2023-07-09 17:36:20,652 [INFO] Sending command to the server: 'time'
client 2023-07-09 17:36:20,655 [INFO] Got response: '1688920580.655413'
client 2023-07-09 17:36:20,655 [INFO] The time difference between the client and the server is within range -2.753 ms..0.510 ms
client 2023-07-09 17:36:20,656 [INFO] Sending command to the server: 'session,2023-07-09_16-36-20,start,ranging'
client 2023-07-09 17:36:48,768 [INFO] Got response: 'OK'
client 2023-07-09 17:36:48,769 [INFO] Sending command to the server: 'time'
client 2023-07-09 17:36:48,772 [INFO] Got response: '1688920608.771536'
client 2023-07-09 17:36:48,772 [INFO] The time difference between the client and the server is within range -2.322 ms..1.330 ms
client 2023-07-09 17:36:48,773 [INFO] Running the workload 'CM_MLPERF_RUN_COUNT=$(cat ${CM_RUN_DIR}/count.txt); echo ${CM_MLPERF_RUN_COUNT}; CM_MLPERF_RUN_COUNT=$((CM_MLPERF_RUN_COUNT+1)); echo ${CM_MLPERF_RUN_COUNT} > ${CM_RUN_DIR}/count.txt && if [ ${CM_MLPERF_RUN_COUNT} -eq "1" ]; then export CM_MLPERF_USER_CONF=${CM_MLPERF_RANGING_USER_CONF}; else export CM_MLPERF_USER_CONF=${CM_MLPERF_TESTING_USER_CONF}; fi && /home/arjun/run.out'
client 2023-07-09 17:41:54,732 [INFO] Sending command to the server: 'time'
client 2023-07-09 17:41:54,833 [INFO] Got response: '1688920914.8333752'
client 2023-07-09 17:41:54,833 [INFO] The time difference between the client and the server is within range -100.813 ms..0.509 ms
client 2023-07-09 17:41:54,834 [INFO] Sending command to the server: 'session,2023-07-09_16-36-20,stop,ranging'
client 2023-07-09 17:42:05,840 [INFO] Got response: 'OK'
client 2023-07-09 17:42:05,841 [INFO] Sending command to the server: 'time'
client 2023-07-09 17:42:05,844 [INFO] Got response: '1688920925.8443763'
client 2023-07-09 17:42:05,845 [INFO] The time difference between the client and the server is within range -3.259 ms..0.892 ms
client 2023-07-09 17:42:05,873 [INFO] Copying loadgen logs from '/home/arjun/mobilenet_results/valid_results/orin-tflite_cpp-cpu-tflite-vmaster-default_config/mobilenet-v1-precision_uint8-0.25-128/singlestream/performance/run_1' to '/home/arjun/mobilenet_results/valid_results/orin-tflite_cpp-cpu-tflite-vmaster-default_config/mobilenet-v1-precision_uint8-0.25-128/singlestream/performance/tmp_power/ranging'
client 2023-07-09 17:42:05,875 [INFO] Running workload in testing mode
client 2023-07-09 17:42:05,876 [INFO] Synchronizing with the server and with time.google.com...
client 2023-07-09 17:42:05,895 [INFO] NTP:offset = 0.002 s, delay = 0.015 s 
client 2023-07-09 17:42:05,895 [INFO] Sending command to the server: 'time'
client 2023-07-09 17:42:05,898 [INFO] Got response: '1688920925.8983796'
client 2023-07-09 17:42:05,898 [INFO] The time difference between the client and the server is within range -3.172 ms..0.120 ms
client 2023-07-09 17:42:05,898 [INFO] Sending command to the server: 'session,2023-07-09_16-36-20,start,testing'
client 2023-07-09 17:42:18,919 [INFO] Got response: 'OK'
client 2023-07-09 17:42:18,919 [INFO] Sending command to the server: 'time'
client 2023-07-09 17:42:18,923 [INFO] Got response: '1688920938.9226742'
client 2023-07-09 17:42:18,923 [INFO] The time difference between the client and the server is within range -2.789 ms..0.860 ms
client 2023-07-09 17:42:18,923 [INFO] Running the workload 'CM_MLPERF_RUN_COUNT=$(cat ${CM_RUN_DIR}/count.txt); echo ${CM_MLPERF_RUN_COUNT}; CM_MLPERF_RUN_COUNT=$((CM_MLPERF_RUN_COUNT+1)); echo ${CM_MLPERF_RUN_COUNT} > ${CM_RUN_DIR}/count.txt && if [ ${CM_MLPERF_RUN_COUNT} -eq "1" ]; then export CM_MLPERF_USER_CONF=${CM_MLPERF_RANGING_USER_CONF}; else export CM_MLPERF_USER_CONF=${CM_MLPERF_TESTING_USER_CONF}; fi && /home/arjun/run.out'
client 2023-07-09 17:52:30,926 [INFO] Sending command to the server: 'time'
client 2023-07-09 17:52:30,944 [INFO] Got response: '1688921550.9450064'
client 2023-07-09 17:52:30,945 [INFO] The time difference between the client and the server is within range -19.013 ms..-0.021 ms
client 2023-07-09 17:52:30,945 [INFO] Sending command to the server: 'session,2023-07-09_16-36-20,stop,testing'
client 2023-07-09 17:52:41,971 [INFO] Got response: 'OK'
client 2023-07-09 17:52:41,971 [INFO] Sending command to the server: 'time'
client 2023-07-09 17:52:41,974 [INFO] Got response: '1688921561.9747317'
client 2023-07-09 17:52:41,974 [INFO] The time difference between the client and the server is within range -3.020 ms..-0.191 ms
client 2023-07-09 17:52:41,978 [INFO] Copying loadgen logs from '/home/arjun/mobilenet_results/valid_results/orin-tflite_cpp-cpu-tflite-vmaster-default_config/mobilenet-v1-precision_uint8-0.25-128/singlestream/performance/run_1' to '/home/arjun/mobilenet_results/valid_results/orin-tflite_cpp-cpu-tflite-vmaster-default_config/mobilenet-v1-precision_uint8-0.25-128/singlestream/performance/tmp_power/run_1'
client 2023-07-09 17:52:41,981 [INFO] Done runs
