client 2023-07-09 15:40:12,921 [INFO] Creating output directory '/home/arjun/mobilenet_results/valid_results/orin-tflite_cpp-cpu-tflite-vmaster-default_config/mobilenet-v1-precision_float-0.25-224/singlestream/performance/tmp_power'
client 2023-07-09 15:40:12,968 [INFO] Sending command to the server: 'mlcommons/power client v3'
client 2023-07-09 15:40:12,971 [INFO] Got response: 'mlcommons/power server v3'
client 2023-07-09 15:40:12,972 [INFO] Synchronizing with the server and with time.google.com...
client 2023-07-09 15:40:12,991 [INFO] NTP:offset = 0.000 s, delay = 0.014 s 
client 2023-07-09 15:40:12,992 [INFO] Sending command to the server: 'time'
client 2023-07-09 15:40:12,995 [INFO] Got response: '1688913612.9959576'
client 2023-07-09 15:40:12,995 [INFO] The time difference between the client and the server is within range -3.837 ms..-0.322 ms
client 2023-07-09 15:40:12,995 [INFO] Sending command to the server: 'new,,e0e814f1-6400-4e0f-9105-4d487d142ccc'
client 2023-07-09 15:40:12,999 [INFO] Got response: 'OK 2023-07-09_14-40-12,50f03509-0541-45c1-a930-9026ec6f31c5'
client 2023-07-09 15:40:12,999 [INFO] Session id is '2023-07-09_14-40-12'
client 2023-07-09 15:40:12,999 [INFO] Sources: {"sources": {"__init__.py": "da39a3ee5e6b4b0d3255bfef95601890afd80709", "client.py": "33ca4f26368777ac06e01f9567b714a4b8063886", "lib/__init__.py": "da39a3ee5e6b4b0d3255bfef95601890afd80709", "lib/client.py": "ac2aa093c8e8bbc9569b9e2a3471bc64e58a2258", "lib/common.py": "611d8b29633d331eb19c9455ea3b5fa3284ed6df", "lib/external/__init__.py": "da39a3ee5e6b4b0d3255bfef95601890afd80709", "lib/external/ntplib.py": "4da8f970656505a40483206ef2b5d3dd5e81711d", "lib/server.py": "c7af63c31bb2fbedea4345f571f6e3507d268ada", "lib/source_hashes.py": "60a2e02193209e8d392803326208d5466342da18", "lib/summary.py": "aa92f0a3f975eecd44d3c0cd0236342ccc9f941d", "lib/time_sync.py": "122eba67a9abc85635223e054def53be1367ade2", "server.py": "c3f90f2f7eeb4db30727556d0c815ebc89b3d28b", "tests/unit/__init__.py": "da39a3ee5e6b4b0d3255bfef95601890afd80709", "tests/unit/test_server.py": "948c1995d4008bc2aa6c4046a34ffa3858d6d671", "tests/unit/test_source_hashes.py": "00468a2907583c593e6574a1f6b404e4651c221a"}, "modules": {"ptd_client_server.lib.client": "lib/client.py", "ptd_client_server.lib.common": "lib/common.py", "ptd_client_server.lib.external.ntplib": "lib/external/ntplib.py", "ptd_client_server.lib.source_hashes": "lib/source_hashes.py", "ptd_client_server.lib.summary": "lib/summary.py", "ptd_client_server.lib.time_sync": "lib/time_sync.py"}}
client 2023-07-09 15:40:13,000 [INFO] Running workload in ranging mode
client 2023-07-09 15:40:13,000 [INFO] Synchronizing with the server and with time.google.com...
client 2023-07-09 15:40:13,015 [INFO] NTP:offset = 0.002 s, delay = 0.014 s 
client 2023-07-09 15:40:13,016 [INFO] Sending command to the server: 'time'
client 2023-07-09 15:40:13,019 [INFO] Got response: '1688913613.019645'
client 2023-07-09 15:40:13,019 [INFO] The time difference between the client and the server is within range -3.524 ms..-0.009 ms
client 2023-07-09 15:40:13,019 [INFO] Sending command to the server: 'session,2023-07-09_14-40-12,start,ranging'
client 2023-07-09 15:40:41,139 [INFO] Got response: 'OK'
client 2023-07-09 15:40:41,140 [INFO] Sending command to the server: 'time'
client 2023-07-09 15:40:41,144 [INFO] Got response: '1688913641.1442876'
client 2023-07-09 15:40:41,144 [INFO] The time difference between the client and the server is within range -3.394 ms..0.327 ms
client 2023-07-09 15:40:41,145 [INFO] Running the workload 'CM_MLPERF_RUN_COUNT=$(cat ${CM_RUN_DIR}/count.txt); echo ${CM_MLPERF_RUN_COUNT}; CM_MLPERF_RUN_COUNT=$((CM_MLPERF_RUN_COUNT+1)); echo ${CM_MLPERF_RUN_COUNT} > ${CM_RUN_DIR}/count.txt && if [ ${CM_MLPERF_RUN_COUNT} -eq "1" ]; then export CM_MLPERF_USER_CONF=${CM_MLPERF_RANGING_USER_CONF}; else export CM_MLPERF_USER_CONF=${CM_MLPERF_TESTING_USER_CONF}; fi && /home/arjun/run.out'
client 2023-07-09 15:45:47,135 [INFO] Sending command to the server: 'time'
client 2023-07-09 15:45:47,204 [INFO] Got response: '1688913947.2035577'
client 2023-07-09 15:45:47,204 [INFO] The time difference between the client and the server is within range -68.500 ms..0.943 ms
client 2023-07-09 15:45:47,204 [INFO] Sending command to the server: 'session,2023-07-09_14-40-12,stop,ranging'
client 2023-07-09 15:45:58,216 [INFO] Got response: 'OK'
client 2023-07-09 15:45:58,217 [INFO] Sending command to the server: 'time'
client 2023-07-09 15:45:58,220 [INFO] Got response: '1688913958.2205536'
client 2023-07-09 15:45:58,220 [INFO] The time difference between the client and the server is within range -3.327 ms..0.088 ms
client 2023-07-09 15:45:58,248 [INFO] Copying loadgen logs from '/home/arjun/mobilenet_results/valid_results/orin-tflite_cpp-cpu-tflite-vmaster-default_config/mobilenet-v1-precision_float-0.25-224/singlestream/performance/run_1' to '/home/arjun/mobilenet_results/valid_results/orin-tflite_cpp-cpu-tflite-vmaster-default_config/mobilenet-v1-precision_float-0.25-224/singlestream/performance/tmp_power/ranging'
client 2023-07-09 15:45:58,250 [INFO] Running workload in testing mode
client 2023-07-09 15:45:58,250 [INFO] Synchronizing with the server and with time.google.com...
client 2023-07-09 15:45:58,273 [INFO] NTP:offset = 0.002 s, delay = 0.018 s 
client 2023-07-09 15:45:58,274 [INFO] Sending command to the server: 'time'
client 2023-07-09 15:45:58,277 [INFO] Got response: '1688913958.2773151'
client 2023-07-09 15:45:58,277 [INFO] The time difference between the client and the server is within range -3.294 ms..0.176 ms
client 2023-07-09 15:45:58,277 [INFO] Sending command to the server: 'session,2023-07-09_14-40-12,start,testing'
client 2023-07-09 15:46:11,300 [INFO] Got response: 'OK'
client 2023-07-09 15:46:11,301 [INFO] Sending command to the server: 'time'
client 2023-07-09 15:46:11,304 [INFO] Got response: '1688913971.3042266'
client 2023-07-09 15:46:11,305 [INFO] The time difference between the client and the server is within range -3.151 ms..0.943 ms
client 2023-07-09 15:46:11,305 [INFO] Running the workload 'CM_MLPERF_RUN_COUNT=$(cat ${CM_RUN_DIR}/count.txt); echo ${CM_MLPERF_RUN_COUNT}; CM_MLPERF_RUN_COUNT=$((CM_MLPERF_RUN_COUNT+1)); echo ${CM_MLPERF_RUN_COUNT} > ${CM_RUN_DIR}/count.txt && if [ ${CM_MLPERF_RUN_COUNT} -eq "1" ]; then export CM_MLPERF_USER_CONF=${CM_MLPERF_RANGING_USER_CONF}; else export CM_MLPERF_USER_CONF=${CM_MLPERF_TESTING_USER_CONF}; fi && /home/arjun/run.out'
client 2023-07-09 15:56:22,892 [INFO] Sending command to the server: 'time'
client 2023-07-09 15:56:22,911 [INFO] Got response: '1688914582.9102201'
client 2023-07-09 15:56:22,911 [INFO] The time difference between the client and the server is within range -18.180 ms..1.442 ms
client 2023-07-09 15:56:22,911 [INFO] Sending command to the server: 'session,2023-07-09_14-40-12,stop,testing'
client 2023-07-09 15:56:33,354 [INFO] Got response: 'OK'
client 2023-07-09 15:56:33,355 [INFO] Sending command to the server: 'time'
client 2023-07-09 15:56:33,358 [INFO] Got response: '1688914593.3585968'
client 2023-07-09 15:56:33,358 [INFO] The time difference between the client and the server is within range -3.206 ms..0.141 ms
client 2023-07-09 15:56:33,363 [INFO] Copying loadgen logs from '/home/arjun/mobilenet_results/valid_results/orin-tflite_cpp-cpu-tflite-vmaster-default_config/mobilenet-v1-precision_float-0.25-224/singlestream/performance/run_1' to '/home/arjun/mobilenet_results/valid_results/orin-tflite_cpp-cpu-tflite-vmaster-default_config/mobilenet-v1-precision_float-0.25-224/singlestream/performance/tmp_power/run_1'
client 2023-07-09 15:56:33,365 [INFO] Done runs
