client 2023-09-04 14:49:13,791 [INFO] Creating output directory '/home/arjun/results_dir/valid_results/phoenix_Amd_Am5-reference-gpu-tf-v2.13.0-default_config/bert-99/singlestream/performance/tmp_power'
client 2023-09-04 14:49:13,912 [INFO] Sending command to the server: 'mlcommons/power client v3'
client 2023-09-04 14:49:13,914 [INFO] Got response: 'mlcommons/power server v3'
client 2023-09-04 14:49:13,915 [INFO] Synchronizing with the server and with time.google.com...
client 2023-09-04 14:49:13,939 [INFO] NTP:offset = -0.000 s, delay = 0.012 s 
client 2023-09-04 14:49:13,939 [INFO] Sending command to the server: 'time'
client 2023-09-04 14:49:13,941 [INFO] Got response: '1693835353.9414454'
client 2023-09-04 14:49:13,941 [INFO] The time difference between the client and the server is within range -2.290 ms..0.490 ms
client 2023-09-04 14:49:13,942 [INFO] Sending command to the server: 'new,,8acdf49e-d1dc-43ca-a46e-7aee20eef859'
client 2023-09-04 14:49:13,944 [INFO] Got response: 'OK 2023-09-04_13-49-13,31fb05d6-b4e7-4c9e-860a-6cd95372e9db'
client 2023-09-04 14:49:13,944 [INFO] Session id is '2023-09-04_13-49-13'
client 2023-09-04 14:49:13,944 [INFO] Sources: {"sources": {"__init__.py": "da39a3ee5e6b4b0d3255bfef95601890afd80709", "client.py": "33ca4f26368777ac06e01f9567b714a4b8063886", "lib/__init__.py": "da39a3ee5e6b4b0d3255bfef95601890afd80709", "lib/client.py": "ac2aa093c8e8bbc9569b9e2a3471bc64e58a2258", "lib/common.py": "611d8b29633d331eb19c9455ea3b5fa3284ed6df", "lib/external/__init__.py": "da39a3ee5e6b4b0d3255bfef95601890afd80709", "lib/external/ntplib.py": "4da8f970656505a40483206ef2b5d3dd5e81711d", "lib/server.py": "c7af63c31bb2fbedea4345f571f6e3507d268ada", "lib/source_hashes.py": "60a2e02193209e8d392803326208d5466342da18", "lib/summary.py": "aa92f0a3f975eecd44d3c0cd0236342ccc9f941d", "lib/time_sync.py": "122eba67a9abc85635223e054def53be1367ade2", "server.py": "c3f90f2f7eeb4db30727556d0c815ebc89b3d28b", "tests/unit/__init__.py": "da39a3ee5e6b4b0d3255bfef95601890afd80709", "tests/unit/test_server.py": "948c1995d4008bc2aa6c4046a34ffa3858d6d671", "tests/unit/test_source_hashes.py": "00468a2907583c593e6574a1f6b404e4651c221a"}, "modules": {"ptd_client_server.lib.client": "lib/client.py", "ptd_client_server.lib.common": "lib/common.py", "ptd_client_server.lib.external.ntplib": "lib/external/ntplib.py", "ptd_client_server.lib.source_hashes": "lib/source_hashes.py", "ptd_client_server.lib.summary": "lib/summary.py", "ptd_client_server.lib.time_sync": "lib/time_sync.py"}}
client 2023-09-04 14:49:13,945 [INFO] Running workload in ranging mode
client 2023-09-04 14:49:13,945 [INFO] Synchronizing with the server and with time.google.com...
client 2023-09-04 14:49:13,959 [INFO] NTP:offset = 0.001 s, delay = 0.014 s 
client 2023-09-04 14:49:13,959 [INFO] Sending command to the server: 'time'
client 2023-09-04 14:49:13,962 [INFO] Got response: '1693835353.9618156'
client 2023-09-04 14:49:13,962 [INFO] The time difference between the client and the server is within range -1.958 ms..0.333 ms
client 2023-09-04 14:49:13,962 [INFO] Sending command to the server: 'session,2023-09-04_13-49-13,start,ranging'
client 2023-09-04 14:49:42,058 [INFO] Got response: 'OK'
client 2023-09-04 14:49:42,058 [INFO] Sending command to the server: 'time'
client 2023-09-04 14:49:42,060 [INFO] Got response: '1693835382.060538'
client 2023-09-04 14:49:42,060 [INFO] The time difference between the client and the server is within range -2.003 ms..0.084 ms
client 2023-09-04 14:49:42,060 [INFO] Running the workload 'CM_MLPERF_RUN_COUNT=$(cat ${CM_RUN_DIR}/count.txt); echo ${CM_MLPERF_RUN_COUNT}; CM_MLPERF_RUN_COUNT=$((CM_MLPERF_RUN_COUNT+1)); echo ${CM_MLPERF_RUN_COUNT} > ${CM_RUN_DIR}/count.txt && if [ ${CM_MLPERF_RUN_COUNT} -eq "1" ]; then export CM_MLPERF_USER_CONF=${CM_MLPERF_RANGING_USER_CONF}; else export CM_MLPERF_USER_CONF=${CM_MLPERF_TESTING_USER_CONF}; fi && /usr/bin/python3 run.py --backend=tf --scenario=SingleStream --mlperf_conf "/home/arjun/CM/repos/local/cache/fbd173afb8284a45/inference/mlperf.conf" --user_conf "${CM_MLPERF_USER_CONF}"'
client 2023-09-04 14:54:48,645 [INFO] Sending command to the server: 'time'
client 2023-09-04 14:54:48,758 [INFO] Got response: '1693835688.7576208'
client 2023-09-04 14:54:48,758 [INFO] The time difference between the client and the server is within range -112.629 ms..0.653 ms
client 2023-09-04 14:54:48,758 [INFO] Sending command to the server: 'session,2023-09-04_13-49-13,stop,ranging'
client 2023-09-04 14:54:59,217 [INFO] Got response: 'OK'
client 2023-09-04 14:54:59,217 [INFO] Sending command to the server: 'time'
client 2023-09-04 14:54:59,219 [INFO] Got response: '1693835699.2194896'
client 2023-09-04 14:54:59,219 [INFO] The time difference between the client and the server is within range -1.994 ms..-0.060 ms
client 2023-09-04 14:54:59,221 [INFO] Copying loadgen logs from '/home/arjun/results_dir/valid_results/phoenix_Amd_Am5-reference-gpu-tf-v2.13.0-default_config/bert-99/singlestream/performance/run_1' to '/home/arjun/results_dir/valid_results/phoenix_Amd_Am5-reference-gpu-tf-v2.13.0-default_config/bert-99/singlestream/performance/tmp_power/ranging'
client 2023-09-04 14:54:59,221 [INFO] Running workload in testing mode
client 2023-09-04 14:54:59,221 [INFO] Synchronizing with the server and with time.google.com...
client 2023-09-04 14:54:59,236 [INFO] NTP:offset = 0.001 s, delay = 0.014 s 
client 2023-09-04 14:54:59,236 [INFO] Sending command to the server: 'time'
client 2023-09-04 14:54:59,238 [INFO] Got response: '1693835699.2385583'
client 2023-09-04 14:54:59,238 [INFO] The time difference between the client and the server is within range -2.235 ms..-0.132 ms
client 2023-09-04 14:54:59,238 [INFO] Sending command to the server: 'session,2023-09-04_13-49-13,start,testing'
client 2023-09-04 14:55:12,259 [INFO] Got response: 'OK'
client 2023-09-04 14:55:12,259 [INFO] Sending command to the server: 'time'
client 2023-09-04 14:55:12,261 [INFO] Got response: '1693835712.2613735'
client 2023-09-04 14:55:12,261 [INFO] The time difference between the client and the server is within range -1.652 ms..-0.078 ms
client 2023-09-04 14:55:12,261 [INFO] Running the workload 'CM_MLPERF_RUN_COUNT=$(cat ${CM_RUN_DIR}/count.txt); echo ${CM_MLPERF_RUN_COUNT}; CM_MLPERF_RUN_COUNT=$((CM_MLPERF_RUN_COUNT+1)); echo ${CM_MLPERF_RUN_COUNT} > ${CM_RUN_DIR}/count.txt && if [ ${CM_MLPERF_RUN_COUNT} -eq "1" ]; then export CM_MLPERF_USER_CONF=${CM_MLPERF_RANGING_USER_CONF}; else export CM_MLPERF_USER_CONF=${CM_MLPERF_TESTING_USER_CONF}; fi && /usr/bin/python3 run.py --backend=tf --scenario=SingleStream --mlperf_conf "/home/arjun/CM/repos/local/cache/fbd173afb8284a45/inference/mlperf.conf" --user_conf "${CM_MLPERF_USER_CONF}"'
client 2023-09-04 15:05:18,829 [INFO] Sending command to the server: 'time'
client 2023-09-04 15:05:18,831 [INFO] Got response: '1693836318.831781'
client 2023-09-04 15:05:18,831 [INFO] The time difference between the client and the server is within range -2.506 ms..-0.011 ms
client 2023-09-04 15:05:18,831 [INFO] Sending command to the server: 'session,2023-09-04_13-49-13,stop,testing'
client 2023-09-04 15:05:29,313 [INFO] Got response: 'OK'
client 2023-09-04 15:05:29,313 [INFO] Sending command to the server: 'time'
client 2023-09-04 15:05:29,315 [INFO] Got response: '1693836329.3155549'
client 2023-09-04 15:05:29,315 [INFO] The time difference between the client and the server is within range -1.765 ms..0.228 ms
client 2023-09-04 15:05:29,316 [INFO] Copying loadgen logs from '/home/arjun/results_dir/valid_results/phoenix_Amd_Am5-reference-gpu-tf-v2.13.0-default_config/bert-99/singlestream/performance/run_1' to '/home/arjun/results_dir/valid_results/phoenix_Amd_Am5-reference-gpu-tf-v2.13.0-default_config/bert-99/singlestream/performance/tmp_power/run_1'
client 2023-09-04 15:05:29,323 [INFO] Done runs
