client 2023-08-06 14:54:08,051 [INFO] Creating output directory '/home/arjun/mobilenet_results/valid_results/orin-tflite_cpp-cpu-tflite-vmaster-default_config/efficientnet-fp32-lite0/singlestream/performance/tmp_power'
client 2023-08-06 14:54:08,054 [INFO] Sending command to the server: 'mlcommons/power client v3'
client 2023-08-06 14:54:08,059 [INFO] Got response: 'mlcommons/power server v3'
client 2023-08-06 14:54:08,059 [INFO] Synchronizing with the server and with time.google.com...
client 2023-08-06 14:54:08,080 [INFO] NTP:offset = 0.000 s, delay = 0.018 s 
client 2023-08-06 14:54:08,081 [INFO] Sending command to the server: 'time'
client 2023-08-06 14:54:08,084 [INFO] Got response: '1691330047.9799469'
client 2023-08-06 14:54:08,084 [INFO] The time difference between the client and the server is within range 101.125 ms..104.286 ms
client 2023-08-06 14:54:08,084 [INFO] Sending command to the server: 'new,,8675e471-6778-4b05-85db-b4374ededf64'
client 2023-08-06 14:54:08,087 [INFO] Got response: 'OK 2023-08-06_14-54-07,29877233-cf82-4400-84d6-a797177d236b'
client 2023-08-06 14:54:08,087 [INFO] Session id is '2023-08-06_14-54-07'
client 2023-08-06 14:54:08,087 [INFO] Sources: {"sources": {"__init__.py": "da39a3ee5e6b4b0d3255bfef95601890afd80709", "client.py": "33ca4f26368777ac06e01f9567b714a4b8063886", "lib/__init__.py": "da39a3ee5e6b4b0d3255bfef95601890afd80709", "lib/client.py": "ac2aa093c8e8bbc9569b9e2a3471bc64e58a2258", "lib/common.py": "611d8b29633d331eb19c9455ea3b5fa3284ed6df", "lib/external/__init__.py": "da39a3ee5e6b4b0d3255bfef95601890afd80709", "lib/external/ntplib.py": "4da8f970656505a40483206ef2b5d3dd5e81711d", "lib/server.py": "c7af63c31bb2fbedea4345f571f6e3507d268ada", "lib/source_hashes.py": "60a2e02193209e8d392803326208d5466342da18", "lib/summary.py": "aa92f0a3f975eecd44d3c0cd0236342ccc9f941d", "lib/time_sync.py": "122eba67a9abc85635223e054def53be1367ade2", "server.py": "c3f90f2f7eeb4db30727556d0c815ebc89b3d28b", "tests/unit/__init__.py": "da39a3ee5e6b4b0d3255bfef95601890afd80709", "tests/unit/test_server.py": "948c1995d4008bc2aa6c4046a34ffa3858d6d671", "tests/unit/test_source_hashes.py": "00468a2907583c593e6574a1f6b404e4651c221a"}, "modules": {"ptd_client_server.lib.client": "lib/client.py", "ptd_client_server.lib.common": "lib/common.py", "ptd_client_server.lib.external.ntplib": "lib/external/ntplib.py", "ptd_client_server.lib.source_hashes": "lib/source_hashes.py", "ptd_client_server.lib.summary": "lib/summary.py", "ptd_client_server.lib.time_sync": "lib/time_sync.py"}}
client 2023-08-06 14:54:08,088 [INFO] Running workload in ranging mode
client 2023-08-06 14:54:08,088 [INFO] Synchronizing with the server and with time.google.com...
client 2023-08-06 14:54:08,104 [INFO] NTP:offset = -0.000 s, delay = 0.016 s 
client 2023-08-06 14:54:08,104 [INFO] Sending command to the server: 'time'
client 2023-08-06 14:54:08,111 [INFO] Got response: '1691330048.0116034'
client 2023-08-06 14:54:08,111 [INFO] The time difference between the client and the server is within range 93.309 ms..99.817 ms
client 2023-08-06 14:54:08,111 [INFO] Sending command to the server: 'session,2023-08-06_14-54-07,start,ranging'
client 2023-08-06 14:54:36,830 [INFO] Got response: 'OK'
client 2023-08-06 14:54:36,830 [INFO] Sending command to the server: 'time'
client 2023-08-06 14:54:36,835 [INFO] Got response: '1691330076.7301993'
client 2023-08-06 14:54:36,835 [INFO] The time difference between the client and the server is within range 100.131 ms..104.957 ms
client 2023-08-06 14:54:36,835 [INFO] Running the workload 'CM_MLPERF_RUN_COUNT=$(cat ${CM_RUN_DIR}/count.txt); echo ${CM_MLPERF_RUN_COUNT}; CM_MLPERF_RUN_COUNT=$((CM_MLPERF_RUN_COUNT+1)); echo ${CM_MLPERF_RUN_COUNT} > ${CM_RUN_DIR}/count.txt && if [ ${CM_MLPERF_RUN_COUNT} -eq "1" ]; then export CM_MLPERF_USER_CONF=${CM_MLPERF_RANGING_USER_CONF}; else export CM_MLPERF_USER_CONF=${CM_MLPERF_TESTING_USER_CONF}; fi && /mount/CM/repos/ctuning@mlcommons-ck/cm-mlops/script/run-all-mlperf-models/run.out'
client 2023-08-06 14:59:38,273 [INFO] Sending command to the server: 'time'
client 2023-08-06 14:59:38,277 [INFO] Got response: '1691330378.1743743'
client 2023-08-06 14:59:38,277 [INFO] The time difference between the client and the server is within range 98.814 ms..103.070 ms
client 2023-08-06 14:59:38,277 [INFO] Sending command to the server: 'session,2023-08-06_14-54-07,stop,ranging'
client 2023-08-06 14:59:48,987 [INFO] Got response: 'OK'
client 2023-08-06 14:59:48,987 [INFO] Sending command to the server: 'time'
client 2023-08-06 14:59:48,990 [INFO] Got response: '1691330388.8858635'
client 2023-08-06 14:59:48,990 [INFO] The time difference between the client and the server is within range 101.895 ms..104.451 ms
client 2023-08-06 14:59:48,993 [INFO] Copying loadgen logs from '/home/arjun/mobilenet_results/valid_results/orin-tflite_cpp-cpu-tflite-vmaster-default_config/efficientnet-fp32-lite0/singlestream/performance/run_1' to '/home/arjun/mobilenet_results/valid_results/orin-tflite_cpp-cpu-tflite-vmaster-default_config/efficientnet-fp32-lite0/singlestream/performance/tmp_power/ranging'
client 2023-08-06 14:59:48,994 [INFO] Running workload in testing mode
client 2023-08-06 14:59:48,994 [INFO] Synchronizing with the server and with time.google.com...
client 2023-08-06 14:59:49,009 [INFO] NTP:offset = 0.001 s, delay = 0.014 s 
client 2023-08-06 14:59:49,009 [INFO] Sending command to the server: 'time'
client 2023-08-06 14:59:49,012 [INFO] Got response: '1691330388.9066958'
client 2023-08-06 14:59:49,012 [INFO] The time difference between the client and the server is within range 103.185 ms..105.951 ms
client 2023-08-06 14:59:49,012 [INFO] Sending command to the server: 'session,2023-08-06_14-54-07,start,testing'
client 2023-08-06 15:00:02,064 [INFO] Got response: 'OK'
client 2023-08-06 15:00:02,064 [INFO] Sending command to the server: 'time'
client 2023-08-06 15:00:02,067 [INFO] Got response: '1691330401.9670486'
client 2023-08-06 15:00:02,067 [INFO] The time difference between the client and the server is within range 97.185 ms..100.893 ms
client 2023-08-06 15:00:02,068 [INFO] Running the workload 'CM_MLPERF_RUN_COUNT=$(cat ${CM_RUN_DIR}/count.txt); echo ${CM_MLPERF_RUN_COUNT}; CM_MLPERF_RUN_COUNT=$((CM_MLPERF_RUN_COUNT+1)); echo ${CM_MLPERF_RUN_COUNT} > ${CM_RUN_DIR}/count.txt && if [ ${CM_MLPERF_RUN_COUNT} -eq "1" ]; then export CM_MLPERF_USER_CONF=${CM_MLPERF_RANGING_USER_CONF}; else export CM_MLPERF_USER_CONF=${CM_MLPERF_TESTING_USER_CONF}; fi && /mount/CM/repos/ctuning@mlcommons-ck/cm-mlops/script/run-all-mlperf-models/run.out'
client 2023-08-06 15:10:04,198 [INFO] Sending command to the server: 'time'
client 2023-08-06 15:10:04,202 [INFO] Got response: '1691331004.0946774'
client 2023-08-06 15:10:04,202 [INFO] The time difference between the client and the server is within range 103.556 ms..108.155 ms
client 2023-08-06 15:10:04,202 [INFO] Sending command to the server: 'session,2023-08-06_14-54-07,stop,testing'
client 2023-08-06 15:10:15,203 [INFO] Got response: 'OK'
client 2023-08-06 15:10:15,203 [INFO] Sending command to the server: 'time'
client 2023-08-06 15:10:15,209 [INFO] Got response: '1691331015.1034603'
client 2023-08-06 15:10:15,209 [INFO] The time difference between the client and the server is within range 100.283 ms..105.868 ms
client 2023-08-06 15:10:15,210 [INFO] Copying loadgen logs from '/home/arjun/mobilenet_results/valid_results/orin-tflite_cpp-cpu-tflite-vmaster-default_config/efficientnet-fp32-lite0/singlestream/performance/run_1' to '/home/arjun/mobilenet_results/valid_results/orin-tflite_cpp-cpu-tflite-vmaster-default_config/efficientnet-fp32-lite0/singlestream/performance/tmp_power/run_1'
client 2023-08-06 15:10:15,210 [INFO] Done runs
