client 2023-08-17 16:41:28,469 [INFO] Sending command to the server: 'mlcommons/power client v3'
client 2023-08-17 16:41:28,472 [INFO] Got response: 'mlcommons/power server v3'
client 2023-08-17 16:41:28,473 [INFO] Synchronizing with the server and with 192.168.88.1...
client 2023-08-17 16:41:28,500 [INFO] NTP:offset = 0.271 s, delay = 0.001 s 
client 2023-08-17 16:41:28,501 [INFO] Sending command to the server: 'time'
client 2023-08-17 16:41:28,503 [INFO] Got response: '1692290488.3212118'
client 2023-08-17 16:41:28,504 [INFO] The time difference between the client and the server is within range 179.926 ms..183.010 ms
client 2023-08-17 16:41:28,505 [INFO] Sending command to the server: 'new,multistream,97d87b5a-651b-4544-93e2-d2881292b672'
client 2023-08-17 16:41:28,507 [INFO] Got response: 'OK 2023-08-17_09-41-28_multistream,b884c75b-2450-4e57-94f5-9cfe6cc61c05'
client 2023-08-17 16:41:28,509 [INFO] Session id is '2023-08-17_09-41-28_multistream'
client 2023-08-17 16:41:28,512 [INFO] Sources: {"sources": {"__init__.py": "da39a3ee5e6b4b0d3255bfef95601890afd80709", "client.py": "33ca4f26368777ac06e01f9567b714a4b8063886", "lib/__init__.py": "da39a3ee5e6b4b0d3255bfef95601890afd80709", "lib/client.py": "ac2aa093c8e8bbc9569b9e2a3471bc64e58a2258", "lib/common.py": "611d8b29633d331eb19c9455ea3b5fa3284ed6df", "lib/external/__init__.py": "da39a3ee5e6b4b0d3255bfef95601890afd80709", "lib/external/ntplib.py": "4da8f970656505a40483206ef2b5d3dd5e81711d", "lib/server.py": "c7af63c31bb2fbedea4345f571f6e3507d268ada", "lib/source_hashes.py": "60a2e02193209e8d392803326208d5466342da18", "lib/summary.py": "aa92f0a3f975eecd44d3c0cd0236342ccc9f941d", "lib/time_sync.py": "80894ef2389e540781ff78de94db16aa4203a14e", "server.py": "c3f90f2f7eeb4db30727556d0c815ebc89b3d28b", "tests/unit/__init__.py": "da39a3ee5e6b4b0d3255bfef95601890afd80709", "tests/unit/test_server.py": "948c1995d4008bc2aa6c4046a34ffa3858d6d671", "tests/unit/test_source_hashes.py": "00468a2907583c593e6574a1f6b404e4651c221a"}, "modules": {"ptd_client_server.lib.client": "lib/client.py", "ptd_client_server.lib.common": "lib/common.py", "ptd_client_server.lib.external.ntplib": "lib/external/ntplib.py", "ptd_client_server.lib.source_hashes": "lib/source_hashes.py", "ptd_client_server.lib.summary": "lib/summary.py", "ptd_client_server.lib.time_sync": "lib/time_sync.py"}}
client 2023-08-17 16:41:28,526 [INFO] Running workload in ranging mode
client 2023-08-17 16:41:28,527 [INFO] Synchronizing with the server and with 192.168.88.1...
client 2023-08-17 16:41:28,532 [INFO] NTP:offset = 0.271 s, delay = 0.001 s 
client 2023-08-17 16:41:28,533 [INFO] Sending command to the server: 'time'
client 2023-08-17 16:41:28,535 [INFO] Got response: '1692290488.3534539'
client 2023-08-17 16:41:28,536 [INFO] The time difference between the client and the server is within range 179.754 ms..182.785 ms
client 2023-08-17 16:41:28,537 [INFO] Sending command to the server: 'session,2023-08-17_09-41-28_multistream,start,ranging'
client 2023-08-17 16:41:56,579 [INFO] Got response: 'OK'
client 2023-08-17 16:41:56,580 [INFO] Sending command to the server: 'time'
client 2023-08-17 16:41:56,582 [INFO] Got response: '1692290516.3664067'
client 2023-08-17 16:41:56,583 [INFO] The time difference between the client and the server is within range 214.046 ms..216.828 ms
client 2023-08-17 16:41:56,584 [INFO] Running the workload './run_bs8.sh'
client 2023-08-17 16:54:36,455 [INFO] Sending command to the server: 'time'
client 2023-08-17 16:54:36,458 [INFO] Got response: '1692291276.1920104'
client 2023-08-17 16:54:36,459 [INFO] The time difference between the client and the server is within range 263.334 ms..267.085 ms
client 2023-08-17 16:54:36,460 [INFO] Sending command to the server: 'session,2023-08-17_09-41-28_multistream,stop,ranging'
client 2023-08-17 16:54:46,630 [INFO] Got response: 'OK'
client 2023-08-17 16:54:46,631 [INFO] Sending command to the server: 'time'
client 2023-08-17 16:54:46,633 [INFO] Got response: '1692291286.3886209'
client 2023-08-17 16:54:46,634 [INFO] The time difference between the client and the server is within range 242.831 ms..245.978 ms
client 2023-08-17 16:54:46,698 [INFO] Copying loadgen logs from '/mnt/power-dev/sima_workload/loadgen_out' to './2023-08-17_09-41-28_multistream/ranging'
client 2023-08-17 16:54:46,767 [INFO] Running workload in testing mode
client 2023-08-17 16:54:46,768 [INFO] Synchronizing with the server and with 192.168.88.1...
client 2023-08-17 16:54:46,773 [INFO] NTP:offset = 0.211 s, delay = 0.001 s 
client 2023-08-17 16:54:46,774 [INFO] Sending command to the server: 'time'
client 2023-08-17 16:54:46,776 [INFO] Got response: '1692291286.5321968'
client 2023-08-17 16:54:46,777 [INFO] The time difference between the client and the server is within range 241.992 ms..245.322 ms
client 2023-08-17 16:54:46,778 [INFO] Sending command to the server: 'session,2023-08-17_09-41-28_multistream,start,testing'
client 2023-08-17 16:54:59,693 [INFO] Got response: 'OK'
client 2023-08-17 16:54:59,694 [INFO] Sending command to the server: 'time'
client 2023-08-17 16:54:59,696 [INFO] Got response: '1692291299.55425'
client 2023-08-17 16:54:59,697 [INFO] The time difference between the client and the server is within range 139.876 ms..142.907 ms
client 2023-08-17 16:54:59,698 [INFO] Running the workload './run_bs8.sh'
client 2023-08-17 17:07:31,395 [INFO] Sending command to the server: 'time'
client 2023-08-17 17:07:31,397 [INFO] Got response: '1692292051.1280458'
client 2023-08-17 17:07:31,399 [INFO] The time difference between the client and the server is within range 266.927 ms..270.966 ms
client 2023-08-17 17:07:31,400 [INFO] Sending command to the server: 'session,2023-08-17_09-41-28_multistream,stop,testing'
client 2023-08-17 17:07:41,840 [INFO] Got response: 'OK'
client 2023-08-17 17:07:41,841 [INFO] Sending command to the server: 'time'
client 2023-08-17 17:07:41,844 [INFO] Got response: '1692292061.6058297'
client 2023-08-17 17:07:41,845 [INFO] The time difference between the client and the server is within range 235.718 ms..239.280 ms
client 2023-08-17 17:07:41,859 [INFO] Copying loadgen logs from '/mnt/power-dev/sima_workload/loadgen_out' to './2023-08-17_09-41-28_multistream/run_1'
client 2023-08-17 17:07:41,929 [INFO] Done runs
