client 2023-08-12 13:04:14,391 [INFO] Creating output directory '/home/arjun/results_dir/valid_results/orin-reference-cpu-deepsparse-vdefault-default_config/mobilebert-base_quant-none-bert-99/singlestream/performance/tmp_power'
client 2023-08-12 13:04:14,393 [INFO] Sending command to the server: 'mlcommons/power client v3'
client 2023-08-12 13:04:14,395 [INFO] Got response: 'mlcommons/power server v3'
client 2023-08-12 13:04:14,395 [INFO] Synchronizing with the server and with time.google.com...
client 2023-08-12 13:04:14,413 [INFO] NTP:offset = 0.001 s, delay = 0.014 s 
client 2023-08-12 13:04:14,413 [INFO] Sending command to the server: 'time'
client 2023-08-12 13:04:14,415 [INFO] Got response: '1691841854.1298032'
client 2023-08-12 13:04:14,416 [INFO] The time difference between the client and the server is within range 283.586 ms..286.198 ms
client 2023-08-12 13:04:14,416 [INFO] Sending command to the server: 'new,,6cb64e6b-51b1-40f8-a66f-4706869b32eb'
client 2023-08-12 13:04:14,419 [INFO] Got response: 'OK 2023-08-12_13-04-14,f1a5d727-51b7-4471-a1d2-1838ed54b6f8'
client 2023-08-12 13:04:14,419 [INFO] Session id is '2023-08-12_13-04-14'
client 2023-08-12 13:04:14,419 [INFO] Sources: {"sources": {"__init__.py": "da39a3ee5e6b4b0d3255bfef95601890afd80709", "client.py": "33ca4f26368777ac06e01f9567b714a4b8063886", "lib/__init__.py": "da39a3ee5e6b4b0d3255bfef95601890afd80709", "lib/client.py": "ac2aa093c8e8bbc9569b9e2a3471bc64e58a2258", "lib/common.py": "611d8b29633d331eb19c9455ea3b5fa3284ed6df", "lib/external/__init__.py": "da39a3ee5e6b4b0d3255bfef95601890afd80709", "lib/external/ntplib.py": "4da8f970656505a40483206ef2b5d3dd5e81711d", "lib/server.py": "c7af63c31bb2fbedea4345f571f6e3507d268ada", "lib/source_hashes.py": "60a2e02193209e8d392803326208d5466342da18", "lib/summary.py": "aa92f0a3f975eecd44d3c0cd0236342ccc9f941d", "lib/time_sync.py": "80894ef2389e540781ff78de94db16aa4203a14e", "server.py": "c3f90f2f7eeb4db30727556d0c815ebc89b3d28b", "tests/unit/__init__.py": "da39a3ee5e6b4b0d3255bfef95601890afd80709", "tests/unit/test_server.py": "948c1995d4008bc2aa6c4046a34ffa3858d6d671", "tests/unit/test_source_hashes.py": "00468a2907583c593e6574a1f6b404e4651c221a"}, "modules": {"ptd_client_server.lib.client": "lib/client.py", "ptd_client_server.lib.common": "lib/common.py", "ptd_client_server.lib.external.ntplib": "lib/external/ntplib.py", "ptd_client_server.lib.source_hashes": "lib/source_hashes.py", "ptd_client_server.lib.summary": "lib/summary.py", "ptd_client_server.lib.time_sync": "lib/time_sync.py"}}
client 2023-08-12 13:04:14,419 [INFO] Running workload in ranging mode
client 2023-08-12 13:04:14,419 [INFO] Synchronizing with the server and with time.google.com...
client 2023-08-12 13:04:14,434 [INFO] NTP:offset = 0.001 s, delay = 0.014 s 
client 2023-08-12 13:04:14,434 [INFO] Sending command to the server: 'time'
client 2023-08-12 13:04:14,437 [INFO] Got response: '1691841854.1597998'
client 2023-08-12 13:04:14,437 [INFO] The time difference between the client and the server is within range 274.968 ms..277.780 ms
client 2023-08-12 13:04:14,437 [INFO] Sending command to the server: 'session,2023-08-12_13-04-14,start,ranging'
client 2023-08-12 13:04:43,095 [INFO] Got response: 'OK'
client 2023-08-12 13:04:43,095 [INFO] Sending command to the server: 'time'
client 2023-08-12 13:04:43,099 [INFO] Got response: '1691841882.813993'
client 2023-08-12 13:04:43,099 [INFO] The time difference between the client and the server is within range 281.722 ms..285.220 ms
client 2023-08-12 13:04:43,099 [INFO] Running the workload 'CM_MLPERF_RUN_COUNT=$(cat ${CM_RUN_DIR}/count.txt); echo ${CM_MLPERF_RUN_COUNT}; CM_MLPERF_RUN_COUNT=$((CM_MLPERF_RUN_COUNT+1)); echo ${CM_MLPERF_RUN_COUNT} > ${CM_RUN_DIR}/count.txt && if [ ${CM_MLPERF_RUN_COUNT} -eq "1" ]; then export CM_MLPERF_USER_CONF=${CM_MLPERF_RANGING_USER_CONF}; else export CM_MLPERF_USER_CONF=${CM_MLPERF_TESTING_USER_CONF}; fi && /usr/bin/python3 run.py --backend=deepsparse --scenario=SingleStream --mlperf_conf "/mount/CM/repos/local/cache/e98684742c3f4b81/inference/mlperf.conf" --user_conf "${CM_MLPERF_USER_CONF}" --quantized --batch_size=1 --model_path=/home/arjun/.cache/sparsezoo/neuralmagic/mobilebert-squad_wikipedia_bookcorpus-base_quantized/model.onnx'
client 2023-08-12 13:13:32,232 [INFO] Sending command to the server: 'time'
client 2023-08-12 13:13:32,236 [INFO] Got response: '1691842411.9647954'
client 2023-08-12 13:13:32,237 [INFO] The time difference between the client and the server is within range 268.067 ms..272.194 ms
client 2023-08-12 13:13:32,237 [INFO] Sending command to the server: 'session,2023-08-12_13-04-14,stop,ranging'
client 2023-08-12 13:13:43,236 [INFO] Got response: 'OK'
client 2023-08-12 13:13:43,236 [INFO] Sending command to the server: 'time'
client 2023-08-12 13:13:43,238 [INFO] Got response: '1691842422.9677584'
client 2023-08-12 13:13:43,239 [INFO] The time difference between the client and the server is within range 268.912 ms..271.241 ms
client 2023-08-12 13:13:43,242 [INFO] Copying loadgen logs from '/home/arjun/results_dir/valid_results/orin-reference-cpu-deepsparse-vdefault-default_config/mobilebert-base_quant-none-bert-99/singlestream/performance/run_1' to '/home/arjun/results_dir/valid_results/orin-reference-cpu-deepsparse-vdefault-default_config/mobilebert-base_quant-none-bert-99/singlestream/performance/tmp_power/ranging'
client 2023-08-12 13:13:43,243 [INFO] Running workload in testing mode
client 2023-08-12 13:13:43,243 [INFO] Synchronizing with the server and with time.google.com...
client 2023-08-12 13:13:43,260 [INFO] NTP:offset = 0.001 s, delay = 0.015 s 
client 2023-08-12 13:13:43,260 [INFO] Sending command to the server: 'time'
client 2023-08-12 13:13:43,262 [INFO] Got response: '1691842422.9881275'
client 2023-08-12 13:13:43,262 [INFO] The time difference between the client and the server is within range 272.072 ms..274.747 ms
client 2023-08-12 13:13:43,262 [INFO] Sending command to the server: 'session,2023-08-12_13-04-14,start,testing'
client 2023-08-12 13:13:56,304 [INFO] Got response: 'OK'
client 2023-08-12 13:13:56,304 [INFO] Sending command to the server: 'time'
client 2023-08-12 13:13:56,308 [INFO] Got response: '1691842436.035276'
client 2023-08-12 13:13:56,308 [INFO] The time difference between the client and the server is within range 269.480 ms..273.150 ms
client 2023-08-12 13:13:56,308 [INFO] Running the workload 'CM_MLPERF_RUN_COUNT=$(cat ${CM_RUN_DIR}/count.txt); echo ${CM_MLPERF_RUN_COUNT}; CM_MLPERF_RUN_COUNT=$((CM_MLPERF_RUN_COUNT+1)); echo ${CM_MLPERF_RUN_COUNT} > ${CM_RUN_DIR}/count.txt && if [ ${CM_MLPERF_RUN_COUNT} -eq "1" ]; then export CM_MLPERF_USER_CONF=${CM_MLPERF_RANGING_USER_CONF}; else export CM_MLPERF_USER_CONF=${CM_MLPERF_TESTING_USER_CONF}; fi && /usr/bin/python3 run.py --backend=deepsparse --scenario=SingleStream --mlperf_conf "/mount/CM/repos/local/cache/e98684742c3f4b81/inference/mlperf.conf" --user_conf "${CM_MLPERF_USER_CONF}" --quantized --batch_size=1 --model_path=/home/arjun/.cache/sparsezoo/neuralmagic/mobilebert-squad_wikipedia_bookcorpus-base_quantized/model.onnx'
client 2023-08-12 13:27:46,320 [INFO] Sending command to the server: 'time'
client 2023-08-12 13:27:46,324 [INFO] Got response: '1691843266.060544'
client 2023-08-12 13:27:46,324 [INFO] The time difference between the client and the server is within range 259.993 ms..264.130 ms
client 2023-08-12 13:27:46,324 [INFO] Sending command to the server: 'session,2023-08-12_13-04-14,stop,testing'
client 2023-08-12 13:27:57,372 [INFO] Got response: 'OK'
client 2023-08-12 13:27:57,373 [INFO] Sending command to the server: 'time'
client 2023-08-12 13:27:57,374 [INFO] Got response: '1691843277.1183562'
client 2023-08-12 13:27:57,374 [INFO] The time difference between the client and the server is within range 254.665 ms..256.384 ms
client 2023-08-12 13:27:57,375 [INFO] Copying loadgen logs from '/home/arjun/results_dir/valid_results/orin-reference-cpu-deepsparse-vdefault-default_config/mobilebert-base_quant-none-bert-99/singlestream/performance/run_1' to '/home/arjun/results_dir/valid_results/orin-reference-cpu-deepsparse-vdefault-default_config/mobilebert-base_quant-none-bert-99/singlestream/performance/tmp_power/run_1'
client 2023-08-12 13:27:57,376 [INFO] Done runs
