client 2023-07-19 20:40:01,242 [INFO] Creating output directory '/home/arjun/mobilenet_results/valid_results/raspberrypi-tflite_armnn_cpp-cpu-armnn_tflite-v22.11-using_neon/mobilenet-v1-precision_float-0.5-128/singlestream/performance/tmp_power'
client 2023-07-19 20:40:01,247 [INFO] Sending command to the server: 'mlcommons/power client v3'
client 2023-07-19 20:40:01,251 [INFO] Got response: 'mlcommons/power server v3'
client 2023-07-19 20:40:01,252 [INFO] Synchronizing with the server and with time.google.com...
client 2023-07-19 20:40:01,312 [INFO] NTP:offset = -0.139 s, delay = 0.022 s 
client 2023-07-19 20:40:01,313 [INFO] Sending command to the server: 'time'
client 2023-07-19 20:40:01,317 [INFO] Got response: '1689795601.162084'
client 2023-07-19 20:40:01,318 [INFO] The time difference between the client and the server is within range 151.463 ms..156.178 ms
client 2023-07-19 20:40:01,319 [INFO] Sending command to the server: 'new,,aefa18e2-f2be-4f55-a9d9-e420d937c6b1'
client 2023-07-19 20:40:01,324 [INFO] Got response: 'OK 2023-07-19_20-40-01,94e6d644-4175-4e44-8ddb-86c7d419e143'
client 2023-07-19 20:40:01,325 [INFO] Session id is '2023-07-19_20-40-01'
client 2023-07-19 20:40:01,326 [INFO] Sources: {"sources": {"__init__.py": "da39a3ee5e6b4b0d3255bfef95601890afd80709", "client.py": "33ca4f26368777ac06e01f9567b714a4b8063886", "lib/__init__.py": "da39a3ee5e6b4b0d3255bfef95601890afd80709", "lib/client.py": "ac2aa093c8e8bbc9569b9e2a3471bc64e58a2258", "lib/common.py": "611d8b29633d331eb19c9455ea3b5fa3284ed6df", "lib/external/__init__.py": "da39a3ee5e6b4b0d3255bfef95601890afd80709", "lib/external/ntplib.py": "4da8f970656505a40483206ef2b5d3dd5e81711d", "lib/server.py": "c7af63c31bb2fbedea4345f571f6e3507d268ada", "lib/source_hashes.py": "60a2e02193209e8d392803326208d5466342da18", "lib/summary.py": "aa92f0a3f975eecd44d3c0cd0236342ccc9f941d", "lib/time_sync.py": "122eba67a9abc85635223e054def53be1367ade2", "server.py": "c3f90f2f7eeb4db30727556d0c815ebc89b3d28b", "tests/unit/__init__.py": "da39a3ee5e6b4b0d3255bfef95601890afd80709", "tests/unit/test_server.py": "948c1995d4008bc2aa6c4046a34ffa3858d6d671", "tests/unit/test_source_hashes.py": "00468a2907583c593e6574a1f6b404e4651c221a"}, "modules": {"ptd_client_server.lib.client": "lib/client.py", "ptd_client_server.lib.common": "lib/common.py", "ptd_client_server.lib.external.ntplib": "lib/external/ntplib.py", "ptd_client_server.lib.source_hashes": "lib/source_hashes.py", "ptd_client_server.lib.summary": "lib/summary.py", "ptd_client_server.lib.time_sync": "lib/time_sync.py"}}
client 2023-07-19 20:40:01,327 [INFO] Running workload in ranging mode
client 2023-07-19 20:40:01,328 [INFO] Synchronizing with the server and with time.google.com...
client 2023-07-19 20:40:01,377 [INFO] NTP:offset = -0.138 s, delay = 0.021 s 
client 2023-07-19 20:40:01,378 [INFO] Sending command to the server: 'time'
client 2023-07-19 20:40:01,383 [INFO] Got response: '1689795601.2222304'
client 2023-07-19 20:40:01,383 [INFO] The time difference between the client and the server is within range 156.003 ms..161.222 ms
client 2023-07-19 20:40:01,383 [INFO] Sending command to the server: 'session,2023-07-19_20-40-01,start,ranging'
client 2023-07-19 20:40:30,100 [INFO] Got response: 'OK'
client 2023-07-19 20:40:30,101 [INFO] Sending command to the server: 'time'
client 2023-07-19 20:40:30,106 [INFO] Got response: '1689795629.9415772'
client 2023-07-19 20:40:30,106 [INFO] The time difference between the client and the server is within range 159.730 ms..164.819 ms
client 2023-07-19 20:40:30,106 [INFO] Running the workload 'CM_MLPERF_RUN_COUNT=$(cat ${CM_RUN_DIR}/count.txt); echo ${CM_MLPERF_RUN_COUNT}; CM_MLPERF_RUN_COUNT=$((CM_MLPERF_RUN_COUNT+1)); echo ${CM_MLPERF_RUN_COUNT} > ${CM_RUN_DIR}/count.txt && if [ ${CM_MLPERF_RUN_COUNT} -eq "1" ]; then export CM_MLPERF_USER_CONF=${CM_MLPERF_RANGING_USER_CONF}; else export CM_MLPERF_USER_CONF=${CM_MLPERF_TESTING_USER_CONF}; fi && /home/arjun/CM/repos/ctuning@mlcommons-ck/cm-mlops/script/get-lib-armnn/run.out'
client 2023-07-19 20:45:42,189 [INFO] Sending command to the server: 'time'
client 2023-07-19 20:45:42,193 [INFO] Got response: '1689795942.0402815'
client 2023-07-19 20:45:42,194 [INFO] The time difference between the client and the server is within range 148.578 ms..154.105 ms
client 2023-07-19 20:45:42,194 [INFO] Sending command to the server: 'session,2023-07-19_20-40-01,stop,ranging'
client 2023-07-19 20:45:53,181 [INFO] Got response: 'OK'
client 2023-07-19 20:45:53,182 [INFO] Sending command to the server: 'time'
client 2023-07-19 20:45:53,185 [INFO] Got response: '1689795953.0310085'
client 2023-07-19 20:45:53,185 [INFO] The time difference between the client and the server is within range 150.983 ms..154.731 ms
client 2023-07-19 20:45:53,219 [INFO] Copying loadgen logs from '/home/arjun/mobilenet_results/valid_results/raspberrypi-tflite_armnn_cpp-cpu-armnn_tflite-v22.11-using_neon/mobilenet-v1-precision_float-0.5-128/singlestream/performance/run_1' to '/home/arjun/mobilenet_results/valid_results/raspberrypi-tflite_armnn_cpp-cpu-armnn_tflite-v22.11-using_neon/mobilenet-v1-precision_float-0.5-128/singlestream/performance/tmp_power/ranging'
client 2023-07-19 20:45:53,222 [INFO] Running workload in testing mode
client 2023-07-19 20:45:53,223 [INFO] Synchronizing with the server and with time.google.com...
client 2023-07-19 20:45:53,258 [INFO] NTP:offset = -0.127 s, delay = 0.015 s 
client 2023-07-19 20:45:53,258 [INFO] Sending command to the server: 'time'
client 2023-07-19 20:45:53,262 [INFO] Got response: '1689795953.1059563'
client 2023-07-19 20:45:53,263 [INFO] The time difference between the client and the server is within range 152.540 ms..157.266 ms
client 2023-07-19 20:45:53,263 [INFO] Sending command to the server: 'session,2023-07-19_20-40-01,start,testing'
client 2023-07-19 20:46:06,318 [INFO] Got response: 'OK'
client 2023-07-19 20:46:06,319 [INFO] Sending command to the server: 'time'
client 2023-07-19 20:46:06,324 [INFO] Got response: '1689795966.1700692'
client 2023-07-19 20:46:06,325 [INFO] The time difference between the client and the server is within range 148.881 ms..154.838 ms
client 2023-07-19 20:46:06,325 [INFO] Running the workload 'CM_MLPERF_RUN_COUNT=$(cat ${CM_RUN_DIR}/count.txt); echo ${CM_MLPERF_RUN_COUNT}; CM_MLPERF_RUN_COUNT=$((CM_MLPERF_RUN_COUNT+1)); echo ${CM_MLPERF_RUN_COUNT} > ${CM_RUN_DIR}/count.txt && if [ ${CM_MLPERF_RUN_COUNT} -eq "1" ]; then export CM_MLPERF_USER_CONF=${CM_MLPERF_RANGING_USER_CONF}; else export CM_MLPERF_USER_CONF=${CM_MLPERF_TESTING_USER_CONF}; fi && /home/arjun/CM/repos/ctuning@mlcommons-ck/cm-mlops/script/get-lib-armnn/run.out'
client 2023-07-19 20:56:21,701 [INFO] Sending command to the server: 'time'
client 2023-07-19 20:56:21,705 [INFO] Got response: '1689796581.551855'
client 2023-07-19 20:56:21,706 [INFO] The time difference between the client and the server is within range 149.344 ms..154.130 ms
client 2023-07-19 20:56:21,706 [INFO] Sending command to the server: 'session,2023-07-19_20-40-01,stop,testing'
client 2023-07-19 20:56:32,407 [INFO] Got response: 'OK'
client 2023-07-19 20:56:32,407 [INFO] Sending command to the server: 'time'
client 2023-07-19 20:56:32,423 [INFO] Got response: '1689796592.272632'
client 2023-07-19 20:56:32,424 [INFO] The time difference between the client and the server is within range 135.073 ms..151.449 ms
client 2023-07-19 20:56:32,429 [INFO] Copying loadgen logs from '/home/arjun/mobilenet_results/valid_results/raspberrypi-tflite_armnn_cpp-cpu-armnn_tflite-v22.11-using_neon/mobilenet-v1-precision_float-0.5-128/singlestream/performance/run_1' to '/home/arjun/mobilenet_results/valid_results/raspberrypi-tflite_armnn_cpp-cpu-armnn_tflite-v22.11-using_neon/mobilenet-v1-precision_float-0.5-128/singlestream/performance/tmp_power/run_1'
client 2023-07-19 20:56:32,437 [INFO] Done runs
