client 2023-09-02 16:36:29,453 [INFO] Creating output directory '/home/cmuser/results_dir/valid_results/cecdad8c31f6-nvidia_original-gpu-tensorrt-vdefault-default_config/bert-99.9/server/performance/tmp_power'
client 2023-09-02 16:36:29,726 [INFO] Sending command to the server: 'mlcommons/power client v3'
client 2023-09-02 16:36:29,727 [INFO] Got response: 'mlcommons/power server v3'
client 2023-09-02 16:36:29,727 [INFO] Synchronizing with the server and with time.google.com...
client 2023-09-02 16:36:29,758 [INFO] NTP:offset = -0.000 s, delay = 0.017 s 
client 2023-09-02 16:36:29,758 [INFO] Sending command to the server: 'time'
client 2023-09-02 16:36:29,759 [INFO] Got response: '1693697789.7608824'
client 2023-09-02 16:36:29,759 [INFO] The time difference between the client and the server is within range -2.586 ms..-1.429 ms
client 2023-09-02 16:36:29,759 [INFO] Sending command to the server: 'new,,50caa3d0-2261-48ea-a8a4-b0f00c9b07e7'
client 2023-09-02 16:36:29,762 [INFO] Got response: 'OK 2023-09-02_23-36-29,d200f245-4cad-4a95-997a-f692144cbb1d'
client 2023-09-02 16:36:29,762 [INFO] Session id is '2023-09-02_23-36-29'
client 2023-09-02 16:36:29,762 [INFO] Sources: {"sources": {"__init__.py": "da39a3ee5e6b4b0d3255bfef95601890afd80709", "client.py": "33ca4f26368777ac06e01f9567b714a4b8063886", "lib/__init__.py": "da39a3ee5e6b4b0d3255bfef95601890afd80709", "lib/client.py": "ac2aa093c8e8bbc9569b9e2a3471bc64e58a2258", "lib/common.py": "611d8b29633d331eb19c9455ea3b5fa3284ed6df", "lib/external/__init__.py": "da39a3ee5e6b4b0d3255bfef95601890afd80709", "lib/external/ntplib.py": "4da8f970656505a40483206ef2b5d3dd5e81711d", "lib/server.py": "c7af63c31bb2fbedea4345f571f6e3507d268ada", "lib/source_hashes.py": "60a2e02193209e8d392803326208d5466342da18", "lib/summary.py": "aa92f0a3f975eecd44d3c0cd0236342ccc9f941d", "lib/time_sync.py": "80894ef2389e540781ff78de94db16aa4203a14e", "server.py": "c3f90f2f7eeb4db30727556d0c815ebc89b3d28b", "tests/unit/__init__.py": "da39a3ee5e6b4b0d3255bfef95601890afd80709", "tests/unit/test_server.py": "948c1995d4008bc2aa6c4046a34ffa3858d6d671", "tests/unit/test_source_hashes.py": "00468a2907583c593e6574a1f6b404e4651c221a"}, "modules": {"ptd_client_server.lib.client": "lib/client.py", "ptd_client_server.lib.common": "lib/common.py", "ptd_client_server.lib.external.ntplib": "lib/external/ntplib.py", "ptd_client_server.lib.source_hashes": "lib/source_hashes.py", "ptd_client_server.lib.summary": "lib/summary.py", "ptd_client_server.lib.time_sync": "lib/time_sync.py"}}
client 2023-09-02 16:36:29,769 [INFO] Running workload in ranging mode
client 2023-09-02 16:36:29,769 [INFO] Synchronizing with the server and with time.google.com...
client 2023-09-02 16:36:29,794 [INFO] NTP:offset = 0.000 s, delay = 0.013 s 
client 2023-09-02 16:36:29,794 [INFO] Sending command to the server: 'time'
client 2023-09-02 16:36:29,795 [INFO] Got response: '1693697789.7973714'
client 2023-09-02 16:36:29,795 [INFO] The time difference between the client and the server is within range -2.751 ms..-1.455 ms
client 2023-09-02 16:36:29,795 [INFO] Sending command to the server: 'session,2023-09-02_23-36-29,start,ranging'
client 2023-09-02 16:36:57,875 [INFO] Got response: 'OK'
client 2023-09-02 16:36:57,875 [INFO] Sending command to the server: 'time'
client 2023-09-02 16:36:57,876 [INFO] Got response: '1693697817.877593'
client 2023-09-02 16:36:57,876 [INFO] The time difference between the client and the server is within range -2.416 ms..-1.409 ms
client 2023-09-02 16:36:57,876 [INFO] Running the workload 'CM_MLPERF_RUN_COUNT=$(cat ${CM_RUN_DIR}/count.txt); echo ${CM_MLPERF_RUN_COUNT}; CM_MLPERF_RUN_COUNT=$((CM_MLPERF_RUN_COUNT+1)); echo ${CM_MLPERF_RUN_COUNT} > ${CM_RUN_DIR}/count.txt && if [ ${CM_MLPERF_RUN_COUNT} -eq "1" ]; then export CM_MLPERF_USER_CONF=${CM_MLPERF_RANGING_USER_CONF}; else export CM_MLPERF_USER_CONF=${CM_MLPERF_TESTING_USER_CONF}; fi && make run_harness RUN_ARGS=" --benchmarks=bert --scenarios=server --test_mode=PerformanceOnly --offline_expected_qps=1680 --server_target_qps=1520 --config_ver=high_accuracy --user_conf_path=${CM_MLPERF_USER_CONF} --mlperf_conf_path=/home/cmuser/CM/repos/local/cache/5c34903b0cf640c4/inference/mlperf.conf --gpu_batch_size=256 --no_audit_verify "'
client 2023-09-02 16:43:02,548 [INFO] Sending command to the server: 'time'
client 2023-09-02 16:43:02,674 [INFO] Got response: '1693698182.6725283'
client 2023-09-02 16:43:02,674 [INFO] The time difference between the client and the server is within range -124.154 ms..1.867 ms
client 2023-09-02 16:43:02,674 [INFO] Sending command to the server: 'session,2023-09-02_23-36-29,stop,ranging'
client 2023-09-02 16:43:13,022 [INFO] Got response: 'OK'
client 2023-09-02 16:43:13,022 [INFO] Sending command to the server: 'time'
client 2023-09-02 16:43:13,024 [INFO] Got response: '1693698193.0240626'
client 2023-09-02 16:43:13,024 [INFO] The time difference between the client and the server is within range -1.476 ms..0.260 ms
client 2023-09-02 16:43:13,025 [INFO] Copying loadgen logs from '/home/cmuser/results_dir/valid_results/cecdad8c31f6-nvidia_original-gpu-tensorrt-vdefault-default_config/bert-99.9/server/performance/run_1' to '/home/cmuser/results_dir/valid_results/cecdad8c31f6-nvidia_original-gpu-tensorrt-vdefault-default_config/bert-99.9/server/performance/tmp_power/ranging'
client 2023-09-02 16:43:13,026 [INFO] Running workload in testing mode
client 2023-09-02 16:43:13,026 [INFO] Synchronizing with the server and with time.google.com...
client 2023-09-02 16:43:13,055 [INFO] NTP:offset = 0.000 s, delay = 0.016 s 
client 2023-09-02 16:43:13,055 [INFO] Sending command to the server: 'time'
client 2023-09-02 16:43:13,056 [INFO] Got response: '1693698193.0567415'
client 2023-09-02 16:43:13,056 [INFO] The time difference between the client and the server is within range -1.621 ms..0.052 ms
client 2023-09-02 16:43:13,056 [INFO] Sending command to the server: 'session,2023-09-02_23-36-29,start,testing'
client 2023-09-02 16:43:26,072 [INFO] Got response: 'OK'
client 2023-09-02 16:43:26,072 [INFO] Sending command to the server: 'time'
client 2023-09-02 16:43:26,074 [INFO] Got response: '1693698206.074509'
client 2023-09-02 16:43:26,074 [INFO] The time difference between the client and the server is within range -1.617 ms..-0.062 ms
client 2023-09-02 16:43:26,074 [INFO] Running the workload 'CM_MLPERF_RUN_COUNT=$(cat ${CM_RUN_DIR}/count.txt); echo ${CM_MLPERF_RUN_COUNT}; CM_MLPERF_RUN_COUNT=$((CM_MLPERF_RUN_COUNT+1)); echo ${CM_MLPERF_RUN_COUNT} > ${CM_RUN_DIR}/count.txt && if [ ${CM_MLPERF_RUN_COUNT} -eq "1" ]; then export CM_MLPERF_USER_CONF=${CM_MLPERF_RANGING_USER_CONF}; else export CM_MLPERF_USER_CONF=${CM_MLPERF_TESTING_USER_CONF}; fi && make run_harness RUN_ARGS=" --benchmarks=bert --scenarios=server --test_mode=PerformanceOnly --offline_expected_qps=1680 --server_target_qps=1520 --config_ver=high_accuracy --user_conf_path=${CM_MLPERF_USER_CONF} --mlperf_conf_path=/home/cmuser/CM/repos/local/cache/5c34903b0cf640c4/inference/mlperf.conf --gpu_batch_size=256 --no_audit_verify "'
client 2023-09-02 16:54:31,175 [INFO] Sending command to the server: 'time'
client 2023-09-02 16:54:31,413 [INFO] Got response: '1693698871.4126606'
client 2023-09-02 16:54:31,413 [INFO] The time difference between the client and the server is within range -237.065 ms..1.247 ms
client 2023-09-02 16:54:31,413 [INFO] Sending command to the server: 'session,2023-09-02_23-36-29,stop,testing'
client 2023-09-02 16:54:42,127 [INFO] Got response: 'OK'
client 2023-09-02 16:54:42,128 [INFO] Sending command to the server: 'time'
client 2023-09-02 16:54:42,129 [INFO] Got response: '1693698882.1285431'
client 2023-09-02 16:54:42,129 [INFO] The time difference between the client and the server is within range -0.542 ms..0.723 ms
client 2023-09-02 16:54:42,129 [INFO] Copying loadgen logs from '/home/cmuser/results_dir/valid_results/cecdad8c31f6-nvidia_original-gpu-tensorrt-vdefault-default_config/bert-99.9/server/performance/run_1' to '/home/cmuser/results_dir/valid_results/cecdad8c31f6-nvidia_original-gpu-tensorrt-vdefault-default_config/bert-99.9/server/performance/tmp_power/run_1'
client 2023-09-02 16:54:42,129 [INFO] Done runs
