client 2023-08-05 21:44:52,198 [INFO] Creating output directory '/home/arjun/mobilenet_results/valid_results/orin-tflite_cpp-cpu-tflite-vmaster-default_config/mobilenet-v1-precision_float-0.75-224/singlestream/performance/tmp_power'
client 2023-08-05 21:44:52,201 [INFO] Sending command to the server: 'mlcommons/power client v3'
client 2023-08-05 21:44:52,205 [INFO] Got response: 'mlcommons/power server v3'
client 2023-08-05 21:44:52,205 [INFO] Synchronizing with the server and with time.google.com...
client 2023-08-05 21:44:52,232 [INFO] NTP:offset = 0.000 s, delay = 0.013 s 
client 2023-08-05 21:44:52,232 [INFO] Sending command to the server: 'time'
client 2023-08-05 21:44:52,238 [INFO] Got response: '1691268292.109731'
client 2023-08-05 21:44:52,238 [INFO] The time difference between the client and the server is within range 122.895 ms..128.888 ms
client 2023-08-05 21:44:52,238 [INFO] Sending command to the server: 'new,,a8b7951c-eb63-4505-841f-2d41352217a1'
client 2023-08-05 21:44:52,252 [INFO] Got response: 'OK 2023-08-05_21-44-52,699cdda0-4b0d-427e-9cee-2d9634098f3b'
client 2023-08-05 21:44:52,252 [INFO] Session id is '2023-08-05_21-44-52'
client 2023-08-05 21:44:52,252 [INFO] Sources: {"sources": {"__init__.py": "da39a3ee5e6b4b0d3255bfef95601890afd80709", "client.py": "33ca4f26368777ac06e01f9567b714a4b8063886", "lib/__init__.py": "da39a3ee5e6b4b0d3255bfef95601890afd80709", "lib/client.py": "ac2aa093c8e8bbc9569b9e2a3471bc64e58a2258", "lib/common.py": "611d8b29633d331eb19c9455ea3b5fa3284ed6df", "lib/external/__init__.py": "da39a3ee5e6b4b0d3255bfef95601890afd80709", "lib/external/ntplib.py": "4da8f970656505a40483206ef2b5d3dd5e81711d", "lib/server.py": "c7af63c31bb2fbedea4345f571f6e3507d268ada", "lib/source_hashes.py": "60a2e02193209e8d392803326208d5466342da18", "lib/summary.py": "aa92f0a3f975eecd44d3c0cd0236342ccc9f941d", "lib/time_sync.py": "122eba67a9abc85635223e054def53be1367ade2", "server.py": "c3f90f2f7eeb4db30727556d0c815ebc89b3d28b", "tests/unit/__init__.py": "da39a3ee5e6b4b0d3255bfef95601890afd80709", "tests/unit/test_server.py": "948c1995d4008bc2aa6c4046a34ffa3858d6d671", "tests/unit/test_source_hashes.py": "00468a2907583c593e6574a1f6b404e4651c221a"}, "modules": {"ptd_client_server.lib.client": "lib/client.py", "ptd_client_server.lib.common": "lib/common.py", "ptd_client_server.lib.external.ntplib": "lib/external/ntplib.py", "ptd_client_server.lib.source_hashes": "lib/source_hashes.py", "ptd_client_server.lib.summary": "lib/summary.py", "ptd_client_server.lib.time_sync": "lib/time_sync.py"}}
client 2023-08-05 21:44:52,253 [INFO] Running workload in ranging mode
client 2023-08-05 21:44:52,253 [INFO] Synchronizing with the server and with time.google.com...
client 2023-08-05 21:44:52,270 [INFO] NTP:offset = -0.000 s, delay = 0.016 s 
client 2023-08-05 21:44:52,270 [INFO] Sending command to the server: 'time'
client 2023-08-05 21:44:52,275 [INFO] Got response: '1691268292.149394'
client 2023-08-05 21:44:52,275 [INFO] The time difference between the client and the server is within range 120.980 ms..126.175 ms
client 2023-08-05 21:44:52,275 [INFO] Sending command to the server: 'session,2023-08-05_21-44-52,start,ranging'
client 2023-08-05 21:45:20,941 [INFO] Got response: 'OK'
client 2023-08-05 21:45:20,941 [INFO] Sending command to the server: 'time'
client 2023-08-05 21:45:20,948 [INFO] Got response: '1691268320.815246'
client 2023-08-05 21:45:20,948 [INFO] The time difference between the client and the server is within range 125.974 ms..133.235 ms
client 2023-08-05 21:45:20,948 [INFO] Running the workload 'CM_MLPERF_RUN_COUNT=$(cat ${CM_RUN_DIR}/count.txt); echo ${CM_MLPERF_RUN_COUNT}; CM_MLPERF_RUN_COUNT=$((CM_MLPERF_RUN_COUNT+1)); echo ${CM_MLPERF_RUN_COUNT} > ${CM_RUN_DIR}/count.txt && if [ ${CM_MLPERF_RUN_COUNT} -eq "1" ]; then export CM_MLPERF_USER_CONF=${CM_MLPERF_RANGING_USER_CONF}; else export CM_MLPERF_USER_CONF=${CM_MLPERF_TESTING_USER_CONF}; fi && /mount/CM/repos/ctuning@mlcommons-ck/cm-mlops/script/run-all-mlperf-models/run.out'
client 2023-08-05 21:50:22,330 [INFO] Sending command to the server: 'time'
client 2023-08-05 21:50:22,334 [INFO] Got response: '1691268622.2035067'
client 2023-08-05 21:50:22,334 [INFO] The time difference between the client and the server is within range 126.848 ms..130.715 ms
client 2023-08-05 21:50:22,334 [INFO] Sending command to the server: 'session,2023-08-05_21-44-52,stop,ranging'
client 2023-08-05 21:50:33,198 [INFO] Got response: 'OK'
client 2023-08-05 21:50:33,199 [INFO] Sending command to the server: 'time'
client 2023-08-05 21:50:33,205 [INFO] Got response: '1691268633.0718675'
client 2023-08-05 21:50:33,205 [INFO] The time difference between the client and the server is within range 127.262 ms..133.736 ms
client 2023-08-05 21:50:33,209 [INFO] Copying loadgen logs from '/home/arjun/mobilenet_results/valid_results/orin-tflite_cpp-cpu-tflite-vmaster-default_config/mobilenet-v1-precision_float-0.75-224/singlestream/performance/run_1' to '/home/arjun/mobilenet_results/valid_results/orin-tflite_cpp-cpu-tflite-vmaster-default_config/mobilenet-v1-precision_float-0.75-224/singlestream/performance/tmp_power/ranging'
client 2023-08-05 21:50:33,209 [INFO] Running workload in testing mode
client 2023-08-05 21:50:33,209 [INFO] Synchronizing with the server and with time.google.com...
client 2023-08-05 21:50:33,225 [INFO] NTP:offset = -0.001 s, delay = 0.015 s 
client 2023-08-05 21:50:33,225 [INFO] Sending command to the server: 'time'
client 2023-08-05 21:50:33,229 [INFO] Got response: '1691268633.1022902'
client 2023-08-05 21:50:33,229 [INFO] The time difference between the client and the server is within range 123.487 ms..127.178 ms
client 2023-08-05 21:50:33,229 [INFO] Sending command to the server: 'session,2023-08-05_21-44-52,start,testing'
client 2023-08-05 21:50:46,274 [INFO] Got response: 'OK'
client 2023-08-05 21:50:46,274 [INFO] Sending command to the server: 'time'
client 2023-08-05 21:50:46,284 [INFO] Got response: '1691268646.1493242'
client 2023-08-05 21:50:46,285 [INFO] The time difference between the client and the server is within range 125.125 ms..135.719 ms
client 2023-08-05 21:50:46,285 [INFO] Running the workload 'CM_MLPERF_RUN_COUNT=$(cat ${CM_RUN_DIR}/count.txt); echo ${CM_MLPERF_RUN_COUNT}; CM_MLPERF_RUN_COUNT=$((CM_MLPERF_RUN_COUNT+1)); echo ${CM_MLPERF_RUN_COUNT} > ${CM_RUN_DIR}/count.txt && if [ ${CM_MLPERF_RUN_COUNT} -eq "1" ]; then export CM_MLPERF_USER_CONF=${CM_MLPERF_RANGING_USER_CONF}; else export CM_MLPERF_USER_CONF=${CM_MLPERF_TESTING_USER_CONF}; fi && /mount/CM/repos/ctuning@mlcommons-ck/cm-mlops/script/run-all-mlperf-models/run.out'
client 2023-08-05 22:00:48,404 [INFO] Sending command to the server: 'time'
client 2023-08-05 22:00:48,410 [INFO] Got response: '1691269248.2762122'
client 2023-08-05 22:00:48,410 [INFO] The time difference between the client and the server is within range 128.077 ms..133.934 ms
client 2023-08-05 22:00:48,410 [INFO] Sending command to the server: 'session,2023-08-05_21-44-52,stop,testing'
client 2023-08-05 22:00:59,426 [INFO] Got response: 'OK'
client 2023-08-05 22:00:59,426 [INFO] Sending command to the server: 'time'
client 2023-08-05 22:00:59,430 [INFO] Got response: '1691269259.294626'
client 2023-08-05 22:00:59,430 [INFO] The time difference between the client and the server is within range 131.551 ms..135.481 ms
client 2023-08-05 22:00:59,430 [INFO] Copying loadgen logs from '/home/arjun/mobilenet_results/valid_results/orin-tflite_cpp-cpu-tflite-vmaster-default_config/mobilenet-v1-precision_float-0.75-224/singlestream/performance/run_1' to '/home/arjun/mobilenet_results/valid_results/orin-tflite_cpp-cpu-tflite-vmaster-default_config/mobilenet-v1-precision_float-0.75-224/singlestream/performance/tmp_power/run_1'
client 2023-08-05 22:00:59,431 [INFO] Done runs
