client 2023-07-15 18:23:25,510 [INFO] Creating output directory '/home/arjun/mobilenet_results/valid_results/raspberrypi-tflite_armnn_cpp-cpu-armnn_tflite-v23.05-using_neon/mobilenet-v1-precision_float-0.5-160/singlestream/performance/tmp_power'
client 2023-07-15 18:23:25,517 [INFO] Sending command to the server: 'mlcommons/power client v3'
client 2023-07-15 18:23:25,519 [INFO] Got response: 'mlcommons/power server v3'
client 2023-07-15 18:23:25,520 [INFO] Synchronizing with the server and with time.google.com...
client 2023-07-15 18:23:25,559 [INFO] NTP:offset = -0.002 s, delay = 0.017 s 
client 2023-07-15 18:23:25,559 [INFO] Sending command to the server: 'time'
client 2023-07-15 18:23:25,562 [INFO] Got response: '1689441805.424042'
client 2023-07-15 18:23:25,562 [INFO] The time difference between the client and the server is within range 135.610 ms..138.399 ms
client 2023-07-15 18:23:25,562 [INFO] Sending command to the server: 'new,,296850b8-6e8a-498c-a9c7-ba36537ecd23'
client 2023-07-15 18:23:25,565 [INFO] Got response: 'OK 2023-07-15_18-23-25,ca968a89-d16f-4fde-bb5d-f21e0d84d4ef'
client 2023-07-15 18:23:25,566 [INFO] Session id is '2023-07-15_18-23-25'
client 2023-07-15 18:23:25,566 [INFO] Sources: {"sources": {"__init__.py": "da39a3ee5e6b4b0d3255bfef95601890afd80709", "client.py": "33ca4f26368777ac06e01f9567b714a4b8063886", "lib/__init__.py": "da39a3ee5e6b4b0d3255bfef95601890afd80709", "lib/client.py": "ac2aa093c8e8bbc9569b9e2a3471bc64e58a2258", "lib/common.py": "611d8b29633d331eb19c9455ea3b5fa3284ed6df", "lib/external/__init__.py": "da39a3ee5e6b4b0d3255bfef95601890afd80709", "lib/external/ntplib.py": "4da8f970656505a40483206ef2b5d3dd5e81711d", "lib/server.py": "c7af63c31bb2fbedea4345f571f6e3507d268ada", "lib/source_hashes.py": "60a2e02193209e8d392803326208d5466342da18", "lib/summary.py": "aa92f0a3f975eecd44d3c0cd0236342ccc9f941d", "lib/time_sync.py": "122eba67a9abc85635223e054def53be1367ade2", "server.py": "c3f90f2f7eeb4db30727556d0c815ebc89b3d28b", "tests/unit/__init__.py": "da39a3ee5e6b4b0d3255bfef95601890afd80709", "tests/unit/test_server.py": "948c1995d4008bc2aa6c4046a34ffa3858d6d671", "tests/unit/test_source_hashes.py": "00468a2907583c593e6574a1f6b404e4651c221a"}, "modules": {"ptd_client_server.lib.client": "lib/client.py", "ptd_client_server.lib.common": "lib/common.py", "ptd_client_server.lib.external.ntplib": "lib/external/ntplib.py", "ptd_client_server.lib.source_hashes": "lib/source_hashes.py", "ptd_client_server.lib.summary": "lib/summary.py", "ptd_client_server.lib.time_sync": "lib/time_sync.py"}}
client 2023-07-15 18:23:25,566 [INFO] Running workload in ranging mode
client 2023-07-15 18:23:25,566 [INFO] Synchronizing with the server and with time.google.com...
client 2023-07-15 18:23:25,600 [INFO] NTP:offset = -0.003 s, delay = 0.020 s 
client 2023-07-15 18:23:25,601 [INFO] Sending command to the server: 'time'
client 2023-07-15 18:23:25,604 [INFO] Got response: '1689441805.4648125'
client 2023-07-15 18:23:25,604 [INFO] The time difference between the client and the server is within range 136.198 ms..139.562 ms
client 2023-07-15 18:23:25,604 [INFO] Sending command to the server: 'session,2023-07-15_18-23-25,start,ranging'
client 2023-07-15 18:23:54,287 [INFO] Got response: 'OK'
client 2023-07-15 18:23:54,287 [INFO] Sending command to the server: 'time'
client 2023-07-15 18:23:54,291 [INFO] Got response: '1689441834.1498847'
client 2023-07-15 18:23:54,292 [INFO] The time difference between the client and the server is within range 137.902 ms..142.446 ms
client 2023-07-15 18:23:54,292 [INFO] Running the workload 'CM_MLPERF_RUN_COUNT=$(cat ${CM_RUN_DIR}/count.txt); echo ${CM_MLPERF_RUN_COUNT}; CM_MLPERF_RUN_COUNT=$((CM_MLPERF_RUN_COUNT+1)); echo ${CM_MLPERF_RUN_COUNT} > ${CM_RUN_DIR}/count.txt && if [ ${CM_MLPERF_RUN_COUNT} -eq "1" ]; then export CM_MLPERF_USER_CONF=${CM_MLPERF_RANGING_USER_CONF}; else export CM_MLPERF_USER_CONF=${CM_MLPERF_TESTING_USER_CONF}; fi && /home/arjun/run.out'
client 2023-07-15 18:29:01,191 [INFO] Sending command to the server: 'time'
client 2023-07-15 18:29:01,196 [INFO] Got response: '1689442141.0528398'
client 2023-07-15 18:29:01,196 [INFO] The time difference between the client and the server is within range 138.207 ms..143.565 ms
client 2023-07-15 18:29:01,196 [INFO] Sending command to the server: 'session,2023-07-15_18-23-25,stop,ranging'
client 2023-07-15 18:29:11,821 [INFO] Got response: 'OK'
client 2023-07-15 18:29:11,822 [INFO] Sending command to the server: 'time'
client 2023-07-15 18:29:11,825 [INFO] Got response: '1689442151.6879635'
client 2023-07-15 18:29:11,825 [INFO] The time difference between the client and the server is within range 134.534 ms..137.740 ms
client 2023-07-15 18:29:11,859 [INFO] Copying loadgen logs from '/home/arjun/mobilenet_results/valid_results/raspberrypi-tflite_armnn_cpp-cpu-armnn_tflite-v23.05-using_neon/mobilenet-v1-precision_float-0.5-160/singlestream/performance/run_1' to '/home/arjun/mobilenet_results/valid_results/raspberrypi-tflite_armnn_cpp-cpu-armnn_tflite-v23.05-using_neon/mobilenet-v1-precision_float-0.5-160/singlestream/performance/tmp_power/ranging'
client 2023-07-15 18:29:11,863 [INFO] Running workload in testing mode
client 2023-07-15 18:29:11,863 [INFO] Synchronizing with the server and with time.google.com...
client 2023-07-15 18:29:11,896 [INFO] NTP:offset = -0.001 s, delay = 0.016 s 
client 2023-07-15 18:29:11,897 [INFO] Sending command to the server: 'time'
client 2023-07-15 18:29:11,900 [INFO] Got response: '1689442151.7596202'
client 2023-07-15 18:29:11,901 [INFO] The time difference between the client and the server is within range 137.320 ms..141.633 ms
client 2023-07-15 18:29:11,901 [INFO] Sending command to the server: 'session,2023-07-15_18-23-25,start,testing'
client 2023-07-15 18:29:24,954 [INFO] Got response: 'OK'
client 2023-07-15 18:29:24,955 [INFO] Sending command to the server: 'time'
client 2023-07-15 18:29:24,959 [INFO] Got response: '1689442164.81666'
client 2023-07-15 18:29:24,960 [INFO] The time difference between the client and the server is within range 138.660 ms..143.551 ms
client 2023-07-15 18:29:24,960 [INFO] Running the workload 'CM_MLPERF_RUN_COUNT=$(cat ${CM_RUN_DIR}/count.txt); echo ${CM_MLPERF_RUN_COUNT}; CM_MLPERF_RUN_COUNT=$((CM_MLPERF_RUN_COUNT+1)); echo ${CM_MLPERF_RUN_COUNT} > ${CM_RUN_DIR}/count.txt && if [ ${CM_MLPERF_RUN_COUNT} -eq "1" ]; then export CM_MLPERF_USER_CONF=${CM_MLPERF_RANGING_USER_CONF}; else export CM_MLPERF_USER_CONF=${CM_MLPERF_TESTING_USER_CONF}; fi && /home/arjun/run.out'
client 2023-07-15 18:39:37,614 [INFO] Sending command to the server: 'time'
client 2023-07-15 18:39:37,619 [INFO] Got response: '1689442777.472796'
client 2023-07-15 18:39:37,619 [INFO] The time difference between the client and the server is within range 141.128 ms..146.710 ms
client 2023-07-15 18:39:37,619 [INFO] Sending command to the server: 'session,2023-07-15_18-23-25,stop,testing'
client 2023-07-15 18:39:48,029 [INFO] Got response: 'OK'
client 2023-07-15 18:39:48,030 [INFO] Sending command to the server: 'time'
client 2023-07-15 18:39:48,045 [INFO] Got response: '1689442787.8983314'
client 2023-07-15 18:39:48,045 [INFO] The time difference between the client and the server is within range 131.715 ms..147.465 ms
client 2023-07-15 18:39:48,051 [INFO] Copying loadgen logs from '/home/arjun/mobilenet_results/valid_results/raspberrypi-tflite_armnn_cpp-cpu-armnn_tflite-v23.05-using_neon/mobilenet-v1-precision_float-0.5-160/singlestream/performance/run_1' to '/home/arjun/mobilenet_results/valid_results/raspberrypi-tflite_armnn_cpp-cpu-armnn_tflite-v23.05-using_neon/mobilenet-v1-precision_float-0.5-160/singlestream/performance/tmp_power/run_1'
client 2023-07-15 18:39:48,054 [INFO] Done runs
