client 2023-07-11 06:29:38,698 [INFO] Creating output directory '/home/arjun/mobilenet_results/valid_results/orin-tflite_armnn_cpp-cpu-armnn_tflite-v22.11-using_neon/mobilenet-v1-precision_uint8-0.5-128/singlestream/performance/tmp_power'
client 2023-07-11 06:29:38,701 [INFO] Sending command to the server: 'mlcommons/power client v3'
client 2023-07-11 06:29:38,703 [INFO] Got response: 'mlcommons/power server v3'
client 2023-07-11 06:29:38,703 [INFO] Synchronizing with the server and with time.google.com...
client 2023-07-11 06:29:38,724 [INFO] NTP:offset = -0.010 s, delay = 0.016 s 
client 2023-07-11 06:29:38,724 [INFO] Sending command to the server: 'time'
client 2023-07-11 06:29:38,726 [INFO] Got response: '1689053378.6330578'
client 2023-07-11 06:29:38,726 [INFO] The time difference between the client and the server is within range 91.259 ms..93.761 ms
client 2023-07-11 06:29:38,726 [INFO] Sending command to the server: 'new,,a1429a83-f5fa-49a0-afd7-114d2c6a6729'
client 2023-07-11 06:29:38,729 [INFO] Got response: 'OK 2023-07-11_06-29-38,e57ba070-020e-4df2-92a8-a898f6b73d50'
client 2023-07-11 06:29:38,729 [INFO] Session id is '2023-07-11_06-29-38'
client 2023-07-11 06:29:38,730 [INFO] Sources: {"sources": {"__init__.py": "da39a3ee5e6b4b0d3255bfef95601890afd80709", "client.py": "33ca4f26368777ac06e01f9567b714a4b8063886", "lib/__init__.py": "da39a3ee5e6b4b0d3255bfef95601890afd80709", "lib/client.py": "ac2aa093c8e8bbc9569b9e2a3471bc64e58a2258", "lib/common.py": "611d8b29633d331eb19c9455ea3b5fa3284ed6df", "lib/external/__init__.py": "da39a3ee5e6b4b0d3255bfef95601890afd80709", "lib/external/ntplib.py": "4da8f970656505a40483206ef2b5d3dd5e81711d", "lib/server.py": "c7af63c31bb2fbedea4345f571f6e3507d268ada", "lib/source_hashes.py": "60a2e02193209e8d392803326208d5466342da18", "lib/summary.py": "aa92f0a3f975eecd44d3c0cd0236342ccc9f941d", "lib/time_sync.py": "122eba67a9abc85635223e054def53be1367ade2", "server.py": "c3f90f2f7eeb4db30727556d0c815ebc89b3d28b", "tests/unit/__init__.py": "da39a3ee5e6b4b0d3255bfef95601890afd80709", "tests/unit/test_server.py": "948c1995d4008bc2aa6c4046a34ffa3858d6d671", "tests/unit/test_source_hashes.py": "00468a2907583c593e6574a1f6b404e4651c221a"}, "modules": {"ptd_client_server.lib.client": "lib/client.py", "ptd_client_server.lib.common": "lib/common.py", "ptd_client_server.lib.external.ntplib": "lib/external/ntplib.py", "ptd_client_server.lib.source_hashes": "lib/source_hashes.py", "ptd_client_server.lib.summary": "lib/summary.py", "ptd_client_server.lib.time_sync": "lib/time_sync.py"}}
client 2023-07-11 06:29:38,730 [INFO] Running workload in ranging mode
client 2023-07-11 06:29:38,730 [INFO] Synchronizing with the server and with time.google.com...
client 2023-07-11 06:29:38,749 [INFO] NTP:offset = -0.009 s, delay = 0.018 s 
client 2023-07-11 06:29:38,749 [INFO] Sending command to the server: 'time'
client 2023-07-11 06:29:38,752 [INFO] Got response: '1689053378.6630645'
client 2023-07-11 06:29:38,752 [INFO] The time difference between the client and the server is within range 86.704 ms..89.134 ms
client 2023-07-11 06:29:38,752 [INFO] Sending command to the server: 'session,2023-07-11_06-29-38,start,ranging'
client 2023-07-11 06:30:07,350 [INFO] Got response: 'OK'
client 2023-07-11 06:30:07,351 [INFO] Sending command to the server: 'time'
client 2023-07-11 06:30:07,355 [INFO] Got response: '1689053407.2632942'
client 2023-07-11 06:30:07,355 [INFO] The time difference between the client and the server is within range 88.092 ms..92.159 ms
client 2023-07-11 06:30:07,355 [INFO] Running the workload 'CM_MLPERF_RUN_COUNT=$(cat ${CM_RUN_DIR}/count.txt); echo ${CM_MLPERF_RUN_COUNT}; CM_MLPERF_RUN_COUNT=$((CM_MLPERF_RUN_COUNT+1)); echo ${CM_MLPERF_RUN_COUNT} > ${CM_RUN_DIR}/count.txt && if [ ${CM_MLPERF_RUN_COUNT} -eq "1" ]; then export CM_MLPERF_USER_CONF=${CM_MLPERF_RANGING_USER_CONF}; else export CM_MLPERF_USER_CONF=${CM_MLPERF_TESTING_USER_CONF}; fi && /home/arjun/run.out'
client 2023-07-11 06:35:09,084 [INFO] Sending command to the server: 'time'
client 2023-07-11 06:35:09,088 [INFO] Got response: '1689053708.9981468'
client 2023-07-11 06:35:09,088 [INFO] The time difference between the client and the server is within range 86.600 ms..90.423 ms
client 2023-07-11 06:35:09,088 [INFO] Sending command to the server: 'session,2023-07-11_06-29-38,stop,ranging'
client 2023-07-11 06:35:19,456 [INFO] Got response: 'OK'
client 2023-07-11 06:35:19,456 [INFO] Sending command to the server: 'time'
client 2023-07-11 06:35:19,460 [INFO] Got response: '1689053719.374346'
client 2023-07-11 06:35:19,460 [INFO] The time difference between the client and the server is within range 82.366 ms..86.544 ms
client 2023-07-11 06:35:19,498 [INFO] Copying loadgen logs from '/home/arjun/mobilenet_results/valid_results/orin-tflite_armnn_cpp-cpu-armnn_tflite-v22.11-using_neon/mobilenet-v1-precision_uint8-0.5-128/singlestream/performance/run_1' to '/home/arjun/mobilenet_results/valid_results/orin-tflite_armnn_cpp-cpu-armnn_tflite-v22.11-using_neon/mobilenet-v1-precision_uint8-0.5-128/singlestream/performance/tmp_power/ranging'
client 2023-07-11 06:35:19,500 [INFO] Running workload in testing mode
client 2023-07-11 06:35:19,501 [INFO] Synchronizing with the server and with time.google.com...
client 2023-07-11 06:35:19,525 [INFO] NTP:offset = -0.010 s, delay = 0.019 s 
client 2023-07-11 06:35:19,526 [INFO] Sending command to the server: 'time'
client 2023-07-11 06:35:19,528 [INFO] Got response: '1689053719.4454892'
client 2023-07-11 06:35:19,529 [INFO] The time difference between the client and the server is within range 80.692 ms..83.608 ms
client 2023-07-11 06:35:19,529 [INFO] Sending command to the server: 'session,2023-07-11_06-29-38,start,testing'
client 2023-07-11 06:35:32,558 [INFO] Got response: 'OK'
client 2023-07-11 06:35:32,559 [INFO] Sending command to the server: 'time'
client 2023-07-11 06:35:32,562 [INFO] Got response: '1689053732.475861'
client 2023-07-11 06:35:32,563 [INFO] The time difference between the client and the server is within range 83.148 ms..87.096 ms
client 2023-07-11 06:35:32,563 [INFO] Running the workload 'CM_MLPERF_RUN_COUNT=$(cat ${CM_RUN_DIR}/count.txt); echo ${CM_MLPERF_RUN_COUNT}; CM_MLPERF_RUN_COUNT=$((CM_MLPERF_RUN_COUNT+1)); echo ${CM_MLPERF_RUN_COUNT} > ${CM_RUN_DIR}/count.txt && if [ ${CM_MLPERF_RUN_COUNT} -eq "1" ]; then export CM_MLPERF_USER_CONF=${CM_MLPERF_RANGING_USER_CONF}; else export CM_MLPERF_USER_CONF=${CM_MLPERF_TESTING_USER_CONF}; fi && /home/arjun/run.out'
client 2023-07-11 06:45:35,699 [INFO] Sending command to the server: 'time'
client 2023-07-11 06:45:35,702 [INFO] Got response: '1689054335.614951'
client 2023-07-11 06:45:35,703 [INFO] The time difference between the client and the server is within range 84.228 ms..88.152 ms
client 2023-07-11 06:45:35,703 [INFO] Sending command to the server: 'session,2023-07-11_06-29-38,stop,testing'
client 2023-07-11 06:45:46,661 [INFO] Got response: 'OK'
client 2023-07-11 06:45:46,662 [INFO] Sending command to the server: 'time'
client 2023-07-11 06:45:46,667 [INFO] Got response: '1689054346.5754707'
client 2023-07-11 06:45:46,667 [INFO] The time difference between the client and the server is within range 86.505 ms..92.033 ms
client 2023-07-11 06:45:46,671 [INFO] Copying loadgen logs from '/home/arjun/mobilenet_results/valid_results/orin-tflite_armnn_cpp-cpu-armnn_tflite-v22.11-using_neon/mobilenet-v1-precision_uint8-0.5-128/singlestream/performance/run_1' to '/home/arjun/mobilenet_results/valid_results/orin-tflite_armnn_cpp-cpu-armnn_tflite-v22.11-using_neon/mobilenet-v1-precision_uint8-0.5-128/singlestream/performance/tmp_power/run_1'
client 2023-07-11 06:45:46,674 [INFO] Done runs
