client 2023-08-07 12:39:38,858 [INFO] Creating output directory '/home/arjun/mobilenet_results/valid_results/orin-tflite_armnn_cpp-cpu-armnn_tflite-v23.05-using_neon/mobilenet-v2-precision_float-0.5-224/singlestream/performance/tmp_power'
client 2023-08-07 12:39:38,861 [INFO] Sending command to the server: 'mlcommons/power client v3'
client 2023-08-07 12:39:38,866 [INFO] Got response: 'mlcommons/power server v3'
client 2023-08-07 12:39:38,866 [INFO] Synchronizing with the server and with time.google.com...
client 2023-08-07 12:39:38,886 [INFO] NTP:offset = -0.001 s, delay = 0.016 s 
client 2023-08-07 12:39:38,886 [INFO] Sending command to the server: 'time'
client 2023-08-07 12:39:38,889 [INFO] Got response: '1691408378.7517793'
client 2023-08-07 12:39:38,889 [INFO] The time difference between the client and the server is within range 134.350 ms..137.353 ms
client 2023-08-07 12:39:38,889 [INFO] Sending command to the server: 'new,,c96cfaf2-fc84-4126-85fe-e2dbe4798e17'
client 2023-08-07 12:39:38,892 [INFO] Got response: 'OK 2023-08-07_12-39-38,ee50206c-ba80-49aa-9160-4733271c65c8'
client 2023-08-07 12:39:38,892 [INFO] Session id is '2023-08-07_12-39-38'
client 2023-08-07 12:39:38,892 [INFO] Sources: {"sources": {"__init__.py": "da39a3ee5e6b4b0d3255bfef95601890afd80709", "client.py": "33ca4f26368777ac06e01f9567b714a4b8063886", "lib/__init__.py": "da39a3ee5e6b4b0d3255bfef95601890afd80709", "lib/client.py": "ac2aa093c8e8bbc9569b9e2a3471bc64e58a2258", "lib/common.py": "611d8b29633d331eb19c9455ea3b5fa3284ed6df", "lib/external/__init__.py": "da39a3ee5e6b4b0d3255bfef95601890afd80709", "lib/external/ntplib.py": "4da8f970656505a40483206ef2b5d3dd5e81711d", "lib/server.py": "c7af63c31bb2fbedea4345f571f6e3507d268ada", "lib/source_hashes.py": "60a2e02193209e8d392803326208d5466342da18", "lib/summary.py": "aa92f0a3f975eecd44d3c0cd0236342ccc9f941d", "lib/time_sync.py": "122eba67a9abc85635223e054def53be1367ade2", "server.py": "c3f90f2f7eeb4db30727556d0c815ebc89b3d28b", "tests/unit/__init__.py": "da39a3ee5e6b4b0d3255bfef95601890afd80709", "tests/unit/test_server.py": "948c1995d4008bc2aa6c4046a34ffa3858d6d671", "tests/unit/test_source_hashes.py": "00468a2907583c593e6574a1f6b404e4651c221a"}, "modules": {"ptd_client_server.lib.client": "lib/client.py", "ptd_client_server.lib.common": "lib/common.py", "ptd_client_server.lib.external.ntplib": "lib/external/ntplib.py", "ptd_client_server.lib.source_hashes": "lib/source_hashes.py", "ptd_client_server.lib.summary": "lib/summary.py", "ptd_client_server.lib.time_sync": "lib/time_sync.py"}}
client 2023-08-07 12:39:38,892 [INFO] Running workload in ranging mode
client 2023-08-07 12:39:38,893 [INFO] Synchronizing with the server and with time.google.com...
client 2023-08-07 12:39:38,908 [INFO] NTP:offset = -0.002 s, delay = 0.015 s 
client 2023-08-07 12:39:38,909 [INFO] Sending command to the server: 'time'
client 2023-08-07 12:39:38,915 [INFO] Got response: '1691408378.7817733'
client 2023-08-07 12:39:38,916 [INFO] The time difference between the client and the server is within range 127.231 ms..134.226 ms
client 2023-08-07 12:39:38,916 [INFO] Sending command to the server: 'session,2023-08-07_12-39-38,start,ranging'
client 2023-08-07 12:40:07,637 [INFO] Got response: 'OK'
client 2023-08-07 12:40:07,637 [INFO] Sending command to the server: 'time'
client 2023-08-07 12:40:07,641 [INFO] Got response: '1691408407.506954'
client 2023-08-07 12:40:07,641 [INFO] The time difference between the client and the server is within range 130.625 ms..134.318 ms
client 2023-08-07 12:40:07,641 [INFO] Running the workload 'CM_MLPERF_RUN_COUNT=$(cat ${CM_RUN_DIR}/count.txt); echo ${CM_MLPERF_RUN_COUNT}; CM_MLPERF_RUN_COUNT=$((CM_MLPERF_RUN_COUNT+1)); echo ${CM_MLPERF_RUN_COUNT} > ${CM_RUN_DIR}/count.txt && if [ ${CM_MLPERF_RUN_COUNT} -eq "1" ]; then export CM_MLPERF_USER_CONF=${CM_MLPERF_RANGING_USER_CONF}; else export CM_MLPERF_USER_CONF=${CM_MLPERF_TESTING_USER_CONF}; fi && /mount/CM/repos/ctuning@mlcommons-ck/cm-mlops/script/run-all-mlperf-models/run.out'
client 2023-08-07 12:45:09,002 [INFO] Sending command to the server: 'time'
client 2023-08-07 12:45:09,006 [INFO] Got response: '1691408708.865249'
client 2023-08-07 12:45:09,006 [INFO] The time difference between the client and the server is within range 136.894 ms..141.408 ms
client 2023-08-07 12:45:09,006 [INFO] Sending command to the server: 'session,2023-08-07_12-39-38,stop,ranging'
client 2023-08-07 12:45:20,083 [INFO] Got response: 'OK'
client 2023-08-07 12:45:20,084 [INFO] Sending command to the server: 'time'
client 2023-08-07 12:45:20,087 [INFO] Got response: '1691408719.9511101'
client 2023-08-07 12:45:20,087 [INFO] The time difference between the client and the server is within range 132.877 ms..136.635 ms
client 2023-08-07 12:45:20,091 [INFO] Copying loadgen logs from '/home/arjun/mobilenet_results/valid_results/orin-tflite_armnn_cpp-cpu-armnn_tflite-v23.05-using_neon/mobilenet-v2-precision_float-0.5-224/singlestream/performance/run_1' to '/home/arjun/mobilenet_results/valid_results/orin-tflite_armnn_cpp-cpu-armnn_tflite-v23.05-using_neon/mobilenet-v2-precision_float-0.5-224/singlestream/performance/tmp_power/ranging'
client 2023-08-07 12:45:20,091 [INFO] Running workload in testing mode
client 2023-08-07 12:45:20,091 [INFO] Synchronizing with the server and with time.google.com...
client 2023-08-07 12:45:20,107 [INFO] NTP:offset = -0.002 s, delay = 0.014 s 
client 2023-08-07 12:45:20,107 [INFO] Sending command to the server: 'time'
client 2023-08-07 12:45:20,110 [INFO] Got response: '1691408719.971286'
client 2023-08-07 12:45:20,110 [INFO] The time difference between the client and the server is within range 135.996 ms..138.857 ms
client 2023-08-07 12:45:20,110 [INFO] Sending command to the server: 'session,2023-08-07_12-39-38,start,testing'
client 2023-08-07 12:45:33,151 [INFO] Got response: 'OK'
client 2023-08-07 12:45:33,151 [INFO] Sending command to the server: 'time'
client 2023-08-07 12:45:33,155 [INFO] Got response: '1691408733.0143726'
client 2023-08-07 12:45:33,155 [INFO] The time difference between the client and the server is within range 137.455 ms..141.292 ms
client 2023-08-07 12:45:33,155 [INFO] Running the workload 'CM_MLPERF_RUN_COUNT=$(cat ${CM_RUN_DIR}/count.txt); echo ${CM_MLPERF_RUN_COUNT}; CM_MLPERF_RUN_COUNT=$((CM_MLPERF_RUN_COUNT+1)); echo ${CM_MLPERF_RUN_COUNT} > ${CM_RUN_DIR}/count.txt && if [ ${CM_MLPERF_RUN_COUNT} -eq "1" ]; then export CM_MLPERF_USER_CONF=${CM_MLPERF_RANGING_USER_CONF}; else export CM_MLPERF_USER_CONF=${CM_MLPERF_TESTING_USER_CONF}; fi && /mount/CM/repos/ctuning@mlcommons-ck/cm-mlops/script/run-all-mlperf-models/run.out'
client 2023-08-07 12:55:35,432 [INFO] Sending command to the server: 'time'
client 2023-08-07 12:55:35,435 [INFO] Got response: '1691409335.2952805'
client 2023-08-07 12:55:35,436 [INFO] The time difference between the client and the server is within range 137.494 ms..140.745 ms
client 2023-08-07 12:55:35,436 [INFO] Sending command to the server: 'session,2023-08-07_12-39-38,stop,testing'
client 2023-08-07 12:55:46,217 [INFO] Got response: 'OK'
client 2023-08-07 12:55:46,217 [INFO] Sending command to the server: 'time'
client 2023-08-07 12:55:46,232 [INFO] Got response: '1691409346.0894003'
client 2023-08-07 12:55:46,232 [INFO] The time difference between the client and the server is within range 127.772 ms..143.334 ms
client 2023-08-07 12:55:46,233 [INFO] Copying loadgen logs from '/home/arjun/mobilenet_results/valid_results/orin-tflite_armnn_cpp-cpu-armnn_tflite-v23.05-using_neon/mobilenet-v2-precision_float-0.5-224/singlestream/performance/run_1' to '/home/arjun/mobilenet_results/valid_results/orin-tflite_armnn_cpp-cpu-armnn_tflite-v23.05-using_neon/mobilenet-v2-precision_float-0.5-224/singlestream/performance/tmp_power/run_1'
client 2023-08-07 12:55:46,234 [INFO] Done runs
