client 2023-07-13 09:14:30,431 [INFO] Creating output directory '/home/arjun/mobilenet_results/valid_results/orin-tflite_armnn_cpp-cpu-armnn_tflite-v23.05-using_neon/efficientnet-int8-lite4/singlestream/performance/tmp_power'
client 2023-07-13 09:14:30,513 [INFO] Sending command to the server: 'mlcommons/power client v3'
client 2023-07-13 09:14:30,517 [INFO] Got response: 'mlcommons/power server v3'
client 2023-07-13 09:14:30,517 [INFO] Synchronizing with the server and with time.google.com...
client 2023-07-13 09:14:30,553 [INFO] NTP:offset = -0.005 s, delay = 0.016 s 
client 2023-07-13 09:14:30,553 [INFO] Sending command to the server: 'time'
client 2023-07-13 09:14:30,557 [INFO] Got response: '1689236070.483534'
client 2023-07-13 09:14:30,557 [INFO] The time difference between the client and the server is within range 69.929 ms..73.844 ms
client 2023-07-13 09:14:30,557 [INFO] Sending command to the server: 'new,,53b47cf6-8daa-457b-8cf0-6f33debe76cd'
client 2023-07-13 09:14:30,561 [INFO] Got response: 'OK 2023-07-13_09-14-30,4d3cf42f-411e-4a18-b1c9-6b1d2ddeacf3'
client 2023-07-13 09:14:30,561 [INFO] Session id is '2023-07-13_09-14-30'
client 2023-07-13 09:14:30,563 [INFO] Sources: {"sources": {"__init__.py": "da39a3ee5e6b4b0d3255bfef95601890afd80709", "client.py": "33ca4f26368777ac06e01f9567b714a4b8063886", "lib/__init__.py": "da39a3ee5e6b4b0d3255bfef95601890afd80709", "lib/client.py": "ac2aa093c8e8bbc9569b9e2a3471bc64e58a2258", "lib/common.py": "611d8b29633d331eb19c9455ea3b5fa3284ed6df", "lib/external/__init__.py": "da39a3ee5e6b4b0d3255bfef95601890afd80709", "lib/external/ntplib.py": "4da8f970656505a40483206ef2b5d3dd5e81711d", "lib/server.py": "c7af63c31bb2fbedea4345f571f6e3507d268ada", "lib/source_hashes.py": "60a2e02193209e8d392803326208d5466342da18", "lib/summary.py": "aa92f0a3f975eecd44d3c0cd0236342ccc9f941d", "lib/time_sync.py": "122eba67a9abc85635223e054def53be1367ade2", "server.py": "c3f90f2f7eeb4db30727556d0c815ebc89b3d28b", "tests/unit/__init__.py": "da39a3ee5e6b4b0d3255bfef95601890afd80709", "tests/unit/test_server.py": "948c1995d4008bc2aa6c4046a34ffa3858d6d671", "tests/unit/test_source_hashes.py": "00468a2907583c593e6574a1f6b404e4651c221a"}, "modules": {"ptd_client_server.lib.client": "lib/client.py", "ptd_client_server.lib.common": "lib/common.py", "ptd_client_server.lib.external.ntplib": "lib/external/ntplib.py", "ptd_client_server.lib.source_hashes": "lib/source_hashes.py", "ptd_client_server.lib.summary": "lib/summary.py", "ptd_client_server.lib.time_sync": "lib/time_sync.py"}}
client 2023-07-13 09:14:30,563 [INFO] Running workload in ranging mode
client 2023-07-13 09:14:30,564 [INFO] Synchronizing with the server and with time.google.com...
client 2023-07-13 09:14:30,582 [INFO] NTP:offset = -0.005 s, delay = 0.016 s 
client 2023-07-13 09:14:30,582 [INFO] Sending command to the server: 'time'
client 2023-07-13 09:14:30,585 [INFO] Got response: '1689236070.5131788'
client 2023-07-13 09:14:30,586 [INFO] The time difference between the client and the server is within range 69.680 ms..72.867 ms
client 2023-07-13 09:14:30,586 [INFO] Sending command to the server: 'session,2023-07-13_09-14-30,start,ranging'
client 2023-07-13 09:14:59,262 [INFO] Got response: 'OK'
client 2023-07-13 09:14:59,263 [INFO] Sending command to the server: 'time'
client 2023-07-13 09:14:59,278 [INFO] Got response: '1689236099.2058017'
client 2023-07-13 09:14:59,279 [INFO] The time difference between the client and the server is within range 57.681 ms..73.242 ms
client 2023-07-13 09:14:59,279 [INFO] Running the workload 'CM_MLPERF_RUN_COUNT=$(cat ${CM_RUN_DIR}/count.txt); echo ${CM_MLPERF_RUN_COUNT}; CM_MLPERF_RUN_COUNT=$((CM_MLPERF_RUN_COUNT+1)); echo ${CM_MLPERF_RUN_COUNT} > ${CM_RUN_DIR}/count.txt && if [ ${CM_MLPERF_RUN_COUNT} -eq "1" ]; then export CM_MLPERF_USER_CONF=${CM_MLPERF_RANGING_USER_CONF}; else export CM_MLPERF_USER_CONF=${CM_MLPERF_TESTING_USER_CONF}; fi && /home/arjun/run.out'
client 2023-07-13 09:20:01,356 [INFO] Sending command to the server: 'time'
client 2023-07-13 09:20:01,360 [INFO] Got response: '1689236401.2870195'
client 2023-07-13 09:20:01,361 [INFO] The time difference between the client and the server is within range 69.188 ms..74.153 ms
client 2023-07-13 09:20:01,361 [INFO] Sending command to the server: 'session,2023-07-13_09-14-30,stop,ranging'
client 2023-07-13 09:20:12,750 [INFO] Got response: 'OK'
client 2023-07-13 09:20:12,751 [INFO] Sending command to the server: 'time'
client 2023-07-13 09:20:12,755 [INFO] Got response: '1689236412.6821105'
client 2023-07-13 09:20:12,755 [INFO] The time difference between the client and the server is within range 69.212 ms..73.673 ms
client 2023-07-13 09:20:12,779 [INFO] Copying loadgen logs from '/home/arjun/mobilenet_results/valid_results/orin-tflite_armnn_cpp-cpu-armnn_tflite-v23.05-using_neon/efficientnet-int8-lite4/singlestream/performance/run_1' to '/home/arjun/mobilenet_results/valid_results/orin-tflite_armnn_cpp-cpu-armnn_tflite-v23.05-using_neon/efficientnet-int8-lite4/singlestream/performance/tmp_power/ranging'
client 2023-07-13 09:20:12,782 [INFO] Running workload in testing mode
client 2023-07-13 09:20:12,783 [INFO] Synchronizing with the server and with time.google.com...
client 2023-07-13 09:20:12,805 [INFO] NTP:offset = -0.005 s, delay = 0.017 s 
client 2023-07-13 09:20:12,805 [INFO] Sending command to the server: 'time'
client 2023-07-13 09:20:12,808 [INFO] Got response: '1689236412.733614'
client 2023-07-13 09:20:12,808 [INFO] The time difference between the client and the server is within range 71.870 ms..75.290 ms
client 2023-07-13 09:20:12,809 [INFO] Sending command to the server: 'session,2023-07-13_09-14-30,start,testing'
client 2023-07-13 09:20:25,856 [INFO] Got response: 'OK'
client 2023-07-13 09:20:25,857 [INFO] Sending command to the server: 'time'
client 2023-07-13 09:20:25,862 [INFO] Got response: '1689236425.7887976'
client 2023-07-13 09:20:25,862 [INFO] The time difference between the client and the server is within range 68.529 ms..74.055 ms
client 2023-07-13 09:20:25,863 [INFO] Running the workload 'CM_MLPERF_RUN_COUNT=$(cat ${CM_RUN_DIR}/count.txt); echo ${CM_MLPERF_RUN_COUNT}; CM_MLPERF_RUN_COUNT=$((CM_MLPERF_RUN_COUNT+1)); echo ${CM_MLPERF_RUN_COUNT} > ${CM_RUN_DIR}/count.txt && if [ ${CM_MLPERF_RUN_COUNT} -eq "1" ]; then export CM_MLPERF_USER_CONF=${CM_MLPERF_RANGING_USER_CONF}; else export CM_MLPERF_USER_CONF=${CM_MLPERF_TESTING_USER_CONF}; fi && /home/arjun/run.out'
client 2023-07-13 09:30:29,291 [INFO] Sending command to the server: 'time'
client 2023-07-13 09:30:29,296 [INFO] Got response: '1689237029.218126'
client 2023-07-13 09:30:29,296 [INFO] The time difference between the client and the server is within range 73.327 ms..78.656 ms
client 2023-07-13 09:30:29,297 [INFO] Sending command to the server: 'session,2023-07-13_09-14-30,stop,testing'
client 2023-07-13 09:30:39,939 [INFO] Got response: 'OK'
client 2023-07-13 09:30:39,940 [INFO] Sending command to the server: 'time'
client 2023-07-13 09:30:39,945 [INFO] Got response: '1689237039.8675141'
client 2023-07-13 09:30:39,945 [INFO] The time difference between the client and the server is within range 73.086 ms..78.158 ms
client 2023-07-13 09:30:39,950 [INFO] Copying loadgen logs from '/home/arjun/mobilenet_results/valid_results/orin-tflite_armnn_cpp-cpu-armnn_tflite-v23.05-using_neon/efficientnet-int8-lite4/singlestream/performance/run_1' to '/home/arjun/mobilenet_results/valid_results/orin-tflite_armnn_cpp-cpu-armnn_tflite-v23.05-using_neon/efficientnet-int8-lite4/singlestream/performance/tmp_power/run_1'
client 2023-07-13 09:30:39,952 [INFO] Done runs
