client 2023-08-11 22:51:28,005 [INFO] Creating output directory '/home/arjun/results_dir/valid_results/orin-reference-cpu-deepsparse-vdefault-default_config/bert-base-pruned95_obs_quant-none-bert-99/singlestream/performance/tmp_power'
client 2023-08-11 22:51:28,009 [INFO] Sending command to the server: 'mlcommons/power client v3'
client 2023-08-11 22:51:28,013 [INFO] Got response: 'mlcommons/power server v3'
client 2023-08-11 22:51:28,013 [INFO] Synchronizing with the server and with time.google.com...
client 2023-08-11 22:51:28,041 [INFO] NTP:offset = 0.001 s, delay = 0.013 s 
client 2023-08-11 22:51:28,041 [INFO] Sending command to the server: 'time'
client 2023-08-11 22:51:28,044 [INFO] Got response: '1691790687.908225'
client 2023-08-11 22:51:28,045 [INFO] The time difference between the client and the server is within range 133.467 ms..136.788 ms
client 2023-08-11 22:51:28,045 [INFO] Sending command to the server: 'new,,bf5be9f7-f52b-4a04-86d0-145b2ee70bfb'
client 2023-08-11 22:51:28,058 [INFO] Got response: 'OK 2023-08-11_22-51-27,f19c50f2-73e5-47b2-9c37-fc296770ff2b'
client 2023-08-11 22:51:28,058 [INFO] Session id is '2023-08-11_22-51-27'
client 2023-08-11 22:51:28,059 [INFO] Sources: {"sources": {"__init__.py": "da39a3ee5e6b4b0d3255bfef95601890afd80709", "client.py": "33ca4f26368777ac06e01f9567b714a4b8063886", "lib/__init__.py": "da39a3ee5e6b4b0d3255bfef95601890afd80709", "lib/client.py": "ac2aa093c8e8bbc9569b9e2a3471bc64e58a2258", "lib/common.py": "611d8b29633d331eb19c9455ea3b5fa3284ed6df", "lib/external/__init__.py": "da39a3ee5e6b4b0d3255bfef95601890afd80709", "lib/external/ntplib.py": "4da8f970656505a40483206ef2b5d3dd5e81711d", "lib/server.py": "c7af63c31bb2fbedea4345f571f6e3507d268ada", "lib/source_hashes.py": "60a2e02193209e8d392803326208d5466342da18", "lib/summary.py": "aa92f0a3f975eecd44d3c0cd0236342ccc9f941d", "lib/time_sync.py": "80894ef2389e540781ff78de94db16aa4203a14e", "server.py": "c3f90f2f7eeb4db30727556d0c815ebc89b3d28b", "tests/unit/__init__.py": "da39a3ee5e6b4b0d3255bfef95601890afd80709", "tests/unit/test_server.py": "948c1995d4008bc2aa6c4046a34ffa3858d6d671", "tests/unit/test_source_hashes.py": "00468a2907583c593e6574a1f6b404e4651c221a"}, "modules": {"ptd_client_server.lib.client": "lib/client.py", "ptd_client_server.lib.common": "lib/common.py", "ptd_client_server.lib.external.ntplib": "lib/external/ntplib.py", "ptd_client_server.lib.source_hashes": "lib/source_hashes.py", "ptd_client_server.lib.summary": "lib/summary.py", "ptd_client_server.lib.time_sync": "lib/time_sync.py"}}
client 2023-08-11 22:51:28,059 [INFO] Running workload in ranging mode
client 2023-08-11 22:51:28,059 [INFO] Synchronizing with the server and with time.google.com...
client 2023-08-11 22:51:28,077 [INFO] NTP:offset = 0.000 s, delay = 0.017 s 
client 2023-08-11 22:51:28,077 [INFO] Sending command to the server: 'time'
client 2023-08-11 22:51:28,079 [INFO] Got response: '1691790687.9396794'
client 2023-08-11 22:51:28,079 [INFO] The time difference between the client and the server is within range 137.388 ms..139.791 ms
client 2023-08-11 22:51:28,079 [INFO] Sending command to the server: 'session,2023-08-11_22-51-27,start,ranging'
client 2023-08-11 22:51:56,870 [INFO] Got response: 'OK'
client 2023-08-11 22:51:56,870 [INFO] Sending command to the server: 'time'
client 2023-08-11 22:51:56,875 [INFO] Got response: '1691790716.7349293'
client 2023-08-11 22:51:56,875 [INFO] The time difference between the client and the server is within range 135.411 ms..140.264 ms
client 2023-08-11 22:51:56,875 [INFO] Running the workload 'CM_MLPERF_RUN_COUNT=$(cat ${CM_RUN_DIR}/count.txt); echo ${CM_MLPERF_RUN_COUNT}; CM_MLPERF_RUN_COUNT=$((CM_MLPERF_RUN_COUNT+1)); echo ${CM_MLPERF_RUN_COUNT} > ${CM_RUN_DIR}/count.txt && if [ ${CM_MLPERF_RUN_COUNT} -eq "1" ]; then export CM_MLPERF_USER_CONF=${CM_MLPERF_RANGING_USER_CONF}; else export CM_MLPERF_USER_CONF=${CM_MLPERF_TESTING_USER_CONF}; fi && /usr/bin/python3 run.py --backend=deepsparse --scenario=SingleStream --mlperf_conf "/mount/CM/repos/local/cache/e98684742c3f4b81/inference/mlperf.conf" --user_conf "${CM_MLPERF_USER_CONF}" --quantized --batch_size=1 --model_path=/home/arjun/.cache/sparsezoo/neuralmagic/bert-base-squad_wikipedia_bookcorpus-pruned95.obs_quantized/model.onnx'
client 2023-08-11 22:58:30,299 [INFO] Sending command to the server: 'time'
client 2023-08-11 22:58:30,305 [INFO] Got response: '1691791110.167506'
client 2023-08-11 22:58:30,305 [INFO] The time difference between the client and the server is within range 132.184 ms..137.749 ms
client 2023-08-11 22:58:30,305 [INFO] Sending command to the server: 'session,2023-08-11_22-51-27,stop,ranging'
client 2023-08-11 22:58:40,990 [INFO] Got response: 'OK'
client 2023-08-11 22:58:40,990 [INFO] Sending command to the server: 'time'
client 2023-08-11 22:58:40,993 [INFO] Got response: '1691791120.8518207'
client 2023-08-11 22:58:40,993 [INFO] The time difference between the client and the server is within range 138.453 ms..141.258 ms
client 2023-08-11 22:58:40,996 [INFO] Copying loadgen logs from '/home/arjun/results_dir/valid_results/orin-reference-cpu-deepsparse-vdefault-default_config/bert-base-pruned95_obs_quant-none-bert-99/singlestream/performance/run_1' to '/home/arjun/results_dir/valid_results/orin-reference-cpu-deepsparse-vdefault-default_config/bert-base-pruned95_obs_quant-none-bert-99/singlestream/performance/tmp_power/ranging'
client 2023-08-11 22:58:40,997 [INFO] Running workload in testing mode
client 2023-08-11 22:58:40,997 [INFO] Synchronizing with the server and with time.google.com...
client 2023-08-11 22:58:41,011 [INFO] NTP:offset = 0.000 s, delay = 0.013 s 
client 2023-08-11 22:58:41,012 [INFO] Sending command to the server: 'time'
client 2023-08-11 22:58:41,016 [INFO] Got response: '1691791120.87499'
client 2023-08-11 22:58:41,016 [INFO] The time difference between the client and the server is within range 137.080 ms..141.074 ms
client 2023-08-11 22:58:41,016 [INFO] Sending command to the server: 'session,2023-08-11_22-51-27,start,testing'
client 2023-08-11 22:58:54,048 [INFO] Got response: 'OK'
client 2023-08-11 22:58:54,048 [INFO] Sending command to the server: 'time'
client 2023-08-11 22:58:54,050 [INFO] Got response: '1691791133.915161'
client 2023-08-11 22:58:54,050 [INFO] The time difference between the client and the server is within range 133.604 ms..135.617 ms
client 2023-08-11 22:58:54,050 [INFO] Running the workload 'CM_MLPERF_RUN_COUNT=$(cat ${CM_RUN_DIR}/count.txt); echo ${CM_MLPERF_RUN_COUNT}; CM_MLPERF_RUN_COUNT=$((CM_MLPERF_RUN_COUNT+1)); echo ${CM_MLPERF_RUN_COUNT} > ${CM_RUN_DIR}/count.txt && if [ ${CM_MLPERF_RUN_COUNT} -eq "1" ]; then export CM_MLPERF_USER_CONF=${CM_MLPERF_RANGING_USER_CONF}; else export CM_MLPERF_USER_CONF=${CM_MLPERF_TESTING_USER_CONF}; fi && /usr/bin/python3 run.py --backend=deepsparse --scenario=SingleStream --mlperf_conf "/mount/CM/repos/local/cache/e98684742c3f4b81/inference/mlperf.conf" --user_conf "${CM_MLPERF_USER_CONF}" --quantized --batch_size=1 --model_path=/home/arjun/.cache/sparsezoo/neuralmagic/bert-base-squad_wikipedia_bookcorpus-pruned95.obs_quantized/model.onnx'
client 2023-08-11 23:10:28,689 [INFO] Sending command to the server: 'time'
client 2023-08-11 23:10:28,694 [INFO] Got response: '1691791828.5586112'
client 2023-08-11 23:10:28,694 [INFO] The time difference between the client and the server is within range 130.885 ms..135.949 ms
client 2023-08-11 23:10:28,694 [INFO] Sending command to the server: 'session,2023-08-11_22-51-27,stop,testing'
client 2023-08-11 23:10:39,125 [INFO] Got response: 'OK'
client 2023-08-11 23:10:39,126 [INFO] Sending command to the server: 'time'
client 2023-08-11 23:10:39,128 [INFO] Got response: '1691791838.989227'
client 2023-08-11 23:10:39,128 [INFO] The time difference between the client and the server is within range 136.863 ms..139.009 ms
client 2023-08-11 23:10:39,129 [INFO] Copying loadgen logs from '/home/arjun/results_dir/valid_results/orin-reference-cpu-deepsparse-vdefault-default_config/bert-base-pruned95_obs_quant-none-bert-99/singlestream/performance/run_1' to '/home/arjun/results_dir/valid_results/orin-reference-cpu-deepsparse-vdefault-default_config/bert-base-pruned95_obs_quant-none-bert-99/singlestream/performance/tmp_power/run_1'
client 2023-08-11 23:10:39,129 [INFO] Done runs
