client 2023-08-07 16:50:34,416 [INFO] Creating output directory '/home/arjun/mobilenet_results/valid_results/orin-tflite_armnn_cpp-cpu-armnn_tflite-v23.05-using_neon/mobilenet-v3-precision_float-large-224/singlestream/performance/tmp_power'
client 2023-08-07 16:50:34,419 [INFO] Sending command to the server: 'mlcommons/power client v3'
client 2023-08-07 16:50:34,426 [INFO] Got response: 'mlcommons/power server v3'
client 2023-08-07 16:50:34,426 [INFO] Synchronizing with the server and with time.google.com...
client 2023-08-07 16:50:34,445 [INFO] NTP:offset = -0.001 s, delay = 0.016 s 
client 2023-08-07 16:50:34,445 [INFO] Sending command to the server: 'time'
client 2023-08-07 16:50:34,448 [INFO] Got response: '1691423434.3880398'
client 2023-08-07 16:50:34,448 [INFO] The time difference between the client and the server is within range 57.268 ms..60.827 ms
client 2023-08-07 16:50:34,448 [INFO] Sending command to the server: 'new,,9e5c5007-99f1-4582-830f-fd72c1ac95ba'
client 2023-08-07 16:50:34,453 [INFO] Got response: 'OK 2023-08-07_16-50-34,04fe55cf-eddd-44ee-ad64-22e02a71560f'
client 2023-08-07 16:50:34,453 [INFO] Session id is '2023-08-07_16-50-34'
client 2023-08-07 16:50:34,454 [INFO] Sources: {"sources": {"__init__.py": "da39a3ee5e6b4b0d3255bfef95601890afd80709", "client.py": "33ca4f26368777ac06e01f9567b714a4b8063886", "lib/__init__.py": "da39a3ee5e6b4b0d3255bfef95601890afd80709", "lib/client.py": "ac2aa093c8e8bbc9569b9e2a3471bc64e58a2258", "lib/common.py": "611d8b29633d331eb19c9455ea3b5fa3284ed6df", "lib/external/__init__.py": "da39a3ee5e6b4b0d3255bfef95601890afd80709", "lib/external/ntplib.py": "4da8f970656505a40483206ef2b5d3dd5e81711d", "lib/server.py": "c7af63c31bb2fbedea4345f571f6e3507d268ada", "lib/source_hashes.py": "60a2e02193209e8d392803326208d5466342da18", "lib/summary.py": "aa92f0a3f975eecd44d3c0cd0236342ccc9f941d", "lib/time_sync.py": "122eba67a9abc85635223e054def53be1367ade2", "server.py": "c3f90f2f7eeb4db30727556d0c815ebc89b3d28b", "tests/unit/__init__.py": "da39a3ee5e6b4b0d3255bfef95601890afd80709", "tests/unit/test_server.py": "948c1995d4008bc2aa6c4046a34ffa3858d6d671", "tests/unit/test_source_hashes.py": "00468a2907583c593e6574a1f6b404e4651c221a"}, "modules": {"ptd_client_server.lib.client": "lib/client.py", "ptd_client_server.lib.common": "lib/common.py", "ptd_client_server.lib.external.ntplib": "lib/external/ntplib.py", "ptd_client_server.lib.source_hashes": "lib/source_hashes.py", "ptd_client_server.lib.summary": "lib/summary.py", "ptd_client_server.lib.time_sync": "lib/time_sync.py"}}
client 2023-08-07 16:50:34,454 [INFO] Running workload in ranging mode
client 2023-08-07 16:50:34,454 [INFO] Synchronizing with the server and with time.google.com...
client 2023-08-07 16:50:34,469 [INFO] NTP:offset = -0.002 s, delay = 0.014 s 
client 2023-08-07 16:50:34,469 [INFO] Sending command to the server: 'time'
client 2023-08-07 16:50:34,474 [INFO] Got response: '1691423434.4178627'
client 2023-08-07 16:50:34,474 [INFO] The time difference between the client and the server is within range 51.862 ms..56.378 ms
client 2023-08-07 16:50:34,474 [INFO] Sending command to the server: 'session,2023-08-07_16-50-34,start,ranging'
client 2023-08-07 16:51:03,167 [INFO] Got response: 'OK'
client 2023-08-07 16:51:03,167 [INFO] Sending command to the server: 'time'
client 2023-08-07 16:51:03,171 [INFO] Got response: '1691423463.1115303'
client 2023-08-07 16:51:03,171 [INFO] The time difference between the client and the server is within range 56.432 ms..60.320 ms
client 2023-08-07 16:51:03,171 [INFO] Running the workload 'CM_MLPERF_RUN_COUNT=$(cat ${CM_RUN_DIR}/count.txt); echo ${CM_MLPERF_RUN_COUNT}; CM_MLPERF_RUN_COUNT=$((CM_MLPERF_RUN_COUNT+1)); echo ${CM_MLPERF_RUN_COUNT} > ${CM_RUN_DIR}/count.txt && if [ ${CM_MLPERF_RUN_COUNT} -eq "1" ]; then export CM_MLPERF_USER_CONF=${CM_MLPERF_RANGING_USER_CONF}; else export CM_MLPERF_USER_CONF=${CM_MLPERF_TESTING_USER_CONF}; fi && /mount/CM/repos/ctuning@mlcommons-ck/cm-mlops/script/run-all-mlperf-models/run.out'
client 2023-08-07 16:56:04,677 [INFO] Sending command to the server: 'time'
client 2023-08-07 16:56:04,683 [INFO] Got response: '1691423764.623125'
client 2023-08-07 16:56:04,684 [INFO] The time difference between the client and the server is within range 54.528 ms..60.912 ms
client 2023-08-07 16:56:04,684 [INFO] Sending command to the server: 'session,2023-08-07_16-50-34,stop,ranging'
client 2023-08-07 16:56:15,498 [INFO] Got response: 'OK'
client 2023-08-07 16:56:15,498 [INFO] Sending command to the server: 'time'
client 2023-08-07 16:56:15,501 [INFO] Got response: '1691423775.4477174'
client 2023-08-07 16:56:15,501 [INFO] The time difference between the client and the server is within range 50.813 ms..54.017 ms
client 2023-08-07 16:56:15,505 [INFO] Copying loadgen logs from '/home/arjun/mobilenet_results/valid_results/orin-tflite_armnn_cpp-cpu-armnn_tflite-v23.05-using_neon/mobilenet-v3-precision_float-large-224/singlestream/performance/run_1' to '/home/arjun/mobilenet_results/valid_results/orin-tflite_armnn_cpp-cpu-armnn_tflite-v23.05-using_neon/mobilenet-v3-precision_float-large-224/singlestream/performance/tmp_power/ranging'
client 2023-08-07 16:56:15,506 [INFO] Running workload in testing mode
client 2023-08-07 16:56:15,506 [INFO] Synchronizing with the server and with time.google.com...
client 2023-08-07 16:56:15,521 [INFO] NTP:offset = -0.001 s, delay = 0.013 s 
client 2023-08-07 16:56:15,521 [INFO] Sending command to the server: 'time'
client 2023-08-07 16:56:15,524 [INFO] Got response: '1691423775.4683008'
client 2023-08-07 16:56:15,524 [INFO] The time difference between the client and the server is within range 52.793 ms..55.844 ms
client 2023-08-07 16:56:15,524 [INFO] Sending command to the server: 'session,2023-08-07_16-50-34,start,testing'
client 2023-08-07 16:56:28,586 [INFO] Got response: 'OK'
client 2023-08-07 16:56:28,586 [INFO] Sending command to the server: 'time'
client 2023-08-07 16:56:28,589 [INFO] Got response: '1691423788.533126'
client 2023-08-07 16:56:28,589 [INFO] The time difference between the client and the server is within range 53.532 ms..56.761 ms
client 2023-08-07 16:56:28,589 [INFO] Running the workload 'CM_MLPERF_RUN_COUNT=$(cat ${CM_RUN_DIR}/count.txt); echo ${CM_MLPERF_RUN_COUNT}; CM_MLPERF_RUN_COUNT=$((CM_MLPERF_RUN_COUNT+1)); echo ${CM_MLPERF_RUN_COUNT} > ${CM_RUN_DIR}/count.txt && if [ ${CM_MLPERF_RUN_COUNT} -eq "1" ]; then export CM_MLPERF_USER_CONF=${CM_MLPERF_RANGING_USER_CONF}; else export CM_MLPERF_USER_CONF=${CM_MLPERF_TESTING_USER_CONF}; fi && /mount/CM/repos/ctuning@mlcommons-ck/cm-mlops/script/run-all-mlperf-models/run.out'
client 2023-08-07 17:06:30,871 [INFO] Sending command to the server: 'time'
client 2023-08-07 17:06:30,875 [INFO] Got response: '1691424390.8170137'
client 2023-08-07 17:06:30,876 [INFO] The time difference between the client and the server is within range 54.514 ms..58.966 ms
client 2023-08-07 17:06:30,876 [INFO] Sending command to the server: 'session,2023-08-07_16-50-34,stop,testing'
client 2023-08-07 17:06:41,635 [INFO] Got response: 'OK'
client 2023-08-07 17:06:41,635 [INFO] Sending command to the server: 'time'
client 2023-08-07 17:06:41,654 [INFO] Got response: '1691424401.589974'
client 2023-08-07 17:06:41,654 [INFO] The time difference between the client and the server is within range 45.938 ms..64.865 ms
client 2023-08-07 17:06:41,655 [INFO] Copying loadgen logs from '/home/arjun/mobilenet_results/valid_results/orin-tflite_armnn_cpp-cpu-armnn_tflite-v23.05-using_neon/mobilenet-v3-precision_float-large-224/singlestream/performance/run_1' to '/home/arjun/mobilenet_results/valid_results/orin-tflite_armnn_cpp-cpu-armnn_tflite-v23.05-using_neon/mobilenet-v3-precision_float-large-224/singlestream/performance/tmp_power/run_1'
client 2023-08-07 17:06:41,656 [INFO] Done runs
