client 2023-08-07 09:07:05,436 [INFO] Creating output directory '/home/arjun/mobilenet_results/valid_results/orin-tflite_armnn_cpp-cpu-armnn_tflite-v23.05-using_neon/mobilenet-v2-precision_uint8-1.0-192/singlestream/performance/tmp_power'
client 2023-08-07 09:07:05,439 [INFO] Sending command to the server: 'mlcommons/power client v3'
client 2023-08-07 09:07:05,443 [INFO] Got response: 'mlcommons/power server v3'
client 2023-08-07 09:07:05,443 [INFO] Synchronizing with the server and with time.google.com...
client 2023-08-07 09:07:05,461 [INFO] NTP:offset = -0.001 s, delay = 0.014 s 
client 2023-08-07 09:07:05,461 [INFO] Sending command to the server: 'time'
client 2023-08-07 09:07:05,463 [INFO] Got response: '1691395625.391711'
client 2023-08-07 09:07:05,464 [INFO] The time difference between the client and the server is within range 69.408 ms..72.332 ms
client 2023-08-07 09:07:05,464 [INFO] Sending command to the server: 'new,,dc8075f0-de18-4fb2-876a-1d4934934da3'
client 2023-08-07 09:07:05,466 [INFO] Got response: 'OK 2023-08-07_09-07-05,3babd809-ce9f-439b-bf85-9bf0aacbf83a'
client 2023-08-07 09:07:05,466 [INFO] Session id is '2023-08-07_09-07-05'
client 2023-08-07 09:07:05,467 [INFO] Sources: {"sources": {"__init__.py": "da39a3ee5e6b4b0d3255bfef95601890afd80709", "client.py": "33ca4f26368777ac06e01f9567b714a4b8063886", "lib/__init__.py": "da39a3ee5e6b4b0d3255bfef95601890afd80709", "lib/client.py": "ac2aa093c8e8bbc9569b9e2a3471bc64e58a2258", "lib/common.py": "611d8b29633d331eb19c9455ea3b5fa3284ed6df", "lib/external/__init__.py": "da39a3ee5e6b4b0d3255bfef95601890afd80709", "lib/external/ntplib.py": "4da8f970656505a40483206ef2b5d3dd5e81711d", "lib/server.py": "c7af63c31bb2fbedea4345f571f6e3507d268ada", "lib/source_hashes.py": "60a2e02193209e8d392803326208d5466342da18", "lib/summary.py": "aa92f0a3f975eecd44d3c0cd0236342ccc9f941d", "lib/time_sync.py": "122eba67a9abc85635223e054def53be1367ade2", "server.py": "c3f90f2f7eeb4db30727556d0c815ebc89b3d28b", "tests/unit/__init__.py": "da39a3ee5e6b4b0d3255bfef95601890afd80709", "tests/unit/test_server.py": "948c1995d4008bc2aa6c4046a34ffa3858d6d671", "tests/unit/test_source_hashes.py": "00468a2907583c593e6574a1f6b404e4651c221a"}, "modules": {"ptd_client_server.lib.client": "lib/client.py", "ptd_client_server.lib.common": "lib/common.py", "ptd_client_server.lib.external.ntplib": "lib/external/ntplib.py", "ptd_client_server.lib.source_hashes": "lib/source_hashes.py", "ptd_client_server.lib.summary": "lib/summary.py", "ptd_client_server.lib.time_sync": "lib/time_sync.py"}}
client 2023-08-07 09:07:05,467 [INFO] Running workload in ranging mode
client 2023-08-07 09:07:05,467 [INFO] Synchronizing with the server and with time.google.com...
client 2023-08-07 09:07:05,483 [INFO] NTP:offset = -0.001 s, delay = 0.016 s 
client 2023-08-07 09:07:05,484 [INFO] Sending command to the server: 'time'
client 2023-08-07 09:07:05,486 [INFO] Got response: '1691395625.412177'
client 2023-08-07 09:07:05,486 [INFO] The time difference between the client and the server is within range 71.861 ms..74.295 ms
client 2023-08-07 09:07:05,486 [INFO] Sending command to the server: 'session,2023-08-07_09-07-05,start,ranging'
client 2023-08-07 09:07:34,183 [INFO] Got response: 'OK'
client 2023-08-07 09:07:34,183 [INFO] Sending command to the server: 'time'
client 2023-08-07 09:07:34,187 [INFO] Got response: '1691395654.1090448'
client 2023-08-07 09:07:34,187 [INFO] The time difference between the client and the server is within range 74.904 ms..78.329 ms
client 2023-08-07 09:07:34,187 [INFO] Running the workload 'CM_MLPERF_RUN_COUNT=$(cat ${CM_RUN_DIR}/count.txt); echo ${CM_MLPERF_RUN_COUNT}; CM_MLPERF_RUN_COUNT=$((CM_MLPERF_RUN_COUNT+1)); echo ${CM_MLPERF_RUN_COUNT} > ${CM_RUN_DIR}/count.txt && if [ ${CM_MLPERF_RUN_COUNT} -eq "1" ]; then export CM_MLPERF_USER_CONF=${CM_MLPERF_RANGING_USER_CONF}; else export CM_MLPERF_USER_CONF=${CM_MLPERF_TESTING_USER_CONF}; fi && /mount/CM/repos/ctuning@mlcommons-ck/cm-mlops/script/run-all-mlperf-models/run.out'
client 2023-08-07 09:12:35,516 [INFO] Sending command to the server: 'time'
client 2023-08-07 09:12:35,519 [INFO] Got response: '1691395955.4411643'
client 2023-08-07 09:12:35,519 [INFO] The time difference between the client and the server is within range 75.377 ms..78.197 ms
client 2023-08-07 09:12:35,519 [INFO] Sending command to the server: 'session,2023-08-07_09-07-05,stop,ranging'
client 2023-08-07 09:12:46,409 [INFO] Got response: 'OK'
client 2023-08-07 09:12:46,409 [INFO] Sending command to the server: 'time'
client 2023-08-07 09:12:46,411 [INFO] Got response: '1691395966.3305612'
client 2023-08-07 09:12:46,411 [INFO] The time difference between the client and the server is within range 79.283 ms..80.835 ms
client 2023-08-07 09:12:46,414 [INFO] Copying loadgen logs from '/home/arjun/mobilenet_results/valid_results/orin-tflite_armnn_cpp-cpu-armnn_tflite-v23.05-using_neon/mobilenet-v2-precision_uint8-1.0-192/singlestream/performance/run_1' to '/home/arjun/mobilenet_results/valid_results/orin-tflite_armnn_cpp-cpu-armnn_tflite-v23.05-using_neon/mobilenet-v2-precision_uint8-1.0-192/singlestream/performance/tmp_power/ranging'
client 2023-08-07 09:12:46,415 [INFO] Running workload in testing mode
client 2023-08-07 09:12:46,415 [INFO] Synchronizing with the server and with time.google.com...
client 2023-08-07 09:12:46,439 [INFO] NTP:offset = -0.001 s, delay = 0.011 s 
client 2023-08-07 09:12:46,439 [INFO] Sending command to the server: 'time'
client 2023-08-07 09:12:46,448 [INFO] Got response: '1691395966.360576'
client 2023-08-07 09:12:46,448 [INFO] The time difference between the client and the server is within range 78.866 ms..88.280 ms
client 2023-08-07 09:12:46,448 [INFO] Sending command to the server: 'session,2023-08-07_09-07-05,start,testing'
client 2023-08-07 09:12:59,502 [INFO] Got response: 'OK'
client 2023-08-07 09:12:59,502 [INFO] Sending command to the server: 'time'
client 2023-08-07 09:12:59,506 [INFO] Got response: '1691395979.4310918'
client 2023-08-07 09:12:59,506 [INFO] The time difference between the client and the server is within range 71.643 ms..75.138 ms
client 2023-08-07 09:12:59,506 [INFO] Running the workload 'CM_MLPERF_RUN_COUNT=$(cat ${CM_RUN_DIR}/count.txt); echo ${CM_MLPERF_RUN_COUNT}; CM_MLPERF_RUN_COUNT=$((CM_MLPERF_RUN_COUNT+1)); echo ${CM_MLPERF_RUN_COUNT} > ${CM_RUN_DIR}/count.txt && if [ ${CM_MLPERF_RUN_COUNT} -eq "1" ]; then export CM_MLPERF_USER_CONF=${CM_MLPERF_RANGING_USER_CONF}; else export CM_MLPERF_USER_CONF=${CM_MLPERF_TESTING_USER_CONF}; fi && /mount/CM/repos/ctuning@mlcommons-ck/cm-mlops/script/run-all-mlperf-models/run.out'
client 2023-08-07 09:23:01,723 [INFO] Sending command to the server: 'time'
client 2023-08-07 09:23:01,727 [INFO] Got response: '1691396581.645271'
client 2023-08-07 09:23:01,727 [INFO] The time difference between the client and the server is within range 77.919 ms..82.318 ms
client 2023-08-07 09:23:01,727 [INFO] Sending command to the server: 'session,2023-08-07_09-07-05,stop,testing'
client 2023-08-07 09:23:12,839 [INFO] Got response: 'OK'
client 2023-08-07 09:23:12,839 [INFO] Sending command to the server: 'time'
client 2023-08-07 09:23:12,841 [INFO] Got response: '1691396592.7576432'
client 2023-08-07 09:23:12,841 [INFO] The time difference between the client and the server is within range 82.235 ms..84.071 ms
client 2023-08-07 09:23:12,842 [INFO] Copying loadgen logs from '/home/arjun/mobilenet_results/valid_results/orin-tflite_armnn_cpp-cpu-armnn_tflite-v23.05-using_neon/mobilenet-v2-precision_uint8-1.0-192/singlestream/performance/run_1' to '/home/arjun/mobilenet_results/valid_results/orin-tflite_armnn_cpp-cpu-armnn_tflite-v23.05-using_neon/mobilenet-v2-precision_uint8-1.0-192/singlestream/performance/tmp_power/run_1'
client 2023-08-07 09:23:12,843 [INFO] Done runs
