client 2023-08-06 08:05:35,502 [INFO] Creating output directory '/home/arjun/mobilenet_results/valid_results/orin-tflite_cpp-cpu-tflite-vmaster-default_config/mobilenet-v2-precision_float-0.75-128/singlestream/performance/tmp_power'
client 2023-08-06 08:05:35,505 [INFO] Sending command to the server: 'mlcommons/power client v3'
client 2023-08-06 08:05:35,509 [INFO] Got response: 'mlcommons/power server v3'
client 2023-08-06 08:05:35,509 [INFO] Synchronizing with the server and with time.google.com...
client 2023-08-06 08:05:35,524 [INFO] NTP:offset = -0.001 s, delay = 0.012 s 
client 2023-08-06 08:05:35,524 [INFO] Sending command to the server: 'time'
client 2023-08-06 08:05:35,536 [INFO] Got response: '1691305535.4065259'
client 2023-08-06 08:05:35,536 [INFO] The time difference between the client and the server is within range 118.029 ms..130.284 ms
client 2023-08-06 08:05:35,536 [INFO] Sending command to the server: 'new,,4b07b49e-527e-43b3-8b02-b2b344d40a6f'
client 2023-08-06 08:05:35,541 [INFO] Got response: 'OK 2023-08-06_08-05-35,16f59576-e2c8-4a7c-b967-c9d05ccfbdd1'
client 2023-08-06 08:05:35,541 [INFO] Session id is '2023-08-06_08-05-35'
client 2023-08-06 08:05:35,542 [INFO] Sources: {"sources": {"__init__.py": "da39a3ee5e6b4b0d3255bfef95601890afd80709", "client.py": "33ca4f26368777ac06e01f9567b714a4b8063886", "lib/__init__.py": "da39a3ee5e6b4b0d3255bfef95601890afd80709", "lib/client.py": "ac2aa093c8e8bbc9569b9e2a3471bc64e58a2258", "lib/common.py": "611d8b29633d331eb19c9455ea3b5fa3284ed6df", "lib/external/__init__.py": "da39a3ee5e6b4b0d3255bfef95601890afd80709", "lib/external/ntplib.py": "4da8f970656505a40483206ef2b5d3dd5e81711d", "lib/server.py": "c7af63c31bb2fbedea4345f571f6e3507d268ada", "lib/source_hashes.py": "60a2e02193209e8d392803326208d5466342da18", "lib/summary.py": "aa92f0a3f975eecd44d3c0cd0236342ccc9f941d", "lib/time_sync.py": "122eba67a9abc85635223e054def53be1367ade2", "server.py": "c3f90f2f7eeb4db30727556d0c815ebc89b3d28b", "tests/unit/__init__.py": "da39a3ee5e6b4b0d3255bfef95601890afd80709", "tests/unit/test_server.py": "948c1995d4008bc2aa6c4046a34ffa3858d6d671", "tests/unit/test_source_hashes.py": "00468a2907583c593e6574a1f6b404e4651c221a"}, "modules": {"ptd_client_server.lib.client": "lib/client.py", "ptd_client_server.lib.common": "lib/common.py", "ptd_client_server.lib.external.ntplib": "lib/external/ntplib.py", "ptd_client_server.lib.source_hashes": "lib/source_hashes.py", "ptd_client_server.lib.summary": "lib/summary.py", "ptd_client_server.lib.time_sync": "lib/time_sync.py"}}
client 2023-08-06 08:05:35,542 [INFO] Running workload in ranging mode
client 2023-08-06 08:05:35,542 [INFO] Synchronizing with the server and with time.google.com...
client 2023-08-06 08:05:35,557 [INFO] NTP:offset = 0.000 s, delay = 0.014 s 
client 2023-08-06 08:05:35,557 [INFO] Sending command to the server: 'time'
client 2023-08-06 08:05:35,560 [INFO] Got response: '1691305535.4367557'
client 2023-08-06 08:05:35,560 [INFO] The time difference between the client and the server is within range 120.465 ms..123.368 ms
client 2023-08-06 08:05:35,560 [INFO] Sending command to the server: 'session,2023-08-06_08-05-35,start,ranging'
client 2023-08-06 08:06:04,309 [INFO] Got response: 'OK'
client 2023-08-06 08:06:04,309 [INFO] Sending command to the server: 'time'
client 2023-08-06 08:06:04,311 [INFO] Got response: '1691305564.1845698'
client 2023-08-06 08:06:04,311 [INFO] The time difference between the client and the server is within range 125.207 ms..127.147 ms
client 2023-08-06 08:06:04,311 [INFO] Running the workload 'CM_MLPERF_RUN_COUNT=$(cat ${CM_RUN_DIR}/count.txt); echo ${CM_MLPERF_RUN_COUNT}; CM_MLPERF_RUN_COUNT=$((CM_MLPERF_RUN_COUNT+1)); echo ${CM_MLPERF_RUN_COUNT} > ${CM_RUN_DIR}/count.txt && if [ ${CM_MLPERF_RUN_COUNT} -eq "1" ]; then export CM_MLPERF_USER_CONF=${CM_MLPERF_RANGING_USER_CONF}; else export CM_MLPERF_USER_CONF=${CM_MLPERF_TESTING_USER_CONF}; fi && /mount/CM/repos/ctuning@mlcommons-ck/cm-mlops/script/run-all-mlperf-models/run.out'
client 2023-08-06 08:11:05,619 [INFO] Sending command to the server: 'time'
client 2023-08-06 08:11:05,622 [INFO] Got response: '1691305865.498066'
client 2023-08-06 08:11:05,622 [INFO] The time difference between the client and the server is within range 121.670 ms..124.304 ms
client 2023-08-06 08:11:05,622 [INFO] Sending command to the server: 'session,2023-08-06_08-05-35,stop,ranging'
client 2023-08-06 08:11:16,352 [INFO] Got response: 'OK'
client 2023-08-06 08:11:16,352 [INFO] Sending command to the server: 'time'
client 2023-08-06 08:11:16,354 [INFO] Got response: '1691305876.2247174'
client 2023-08-06 08:11:16,354 [INFO] The time difference between the client and the server is within range 127.912 ms..129.700 ms
client 2023-08-06 08:11:16,358 [INFO] Copying loadgen logs from '/home/arjun/mobilenet_results/valid_results/orin-tflite_cpp-cpu-tflite-vmaster-default_config/mobilenet-v2-precision_float-0.75-128/singlestream/performance/run_1' to '/home/arjun/mobilenet_results/valid_results/orin-tflite_cpp-cpu-tflite-vmaster-default_config/mobilenet-v2-precision_float-0.75-128/singlestream/performance/tmp_power/ranging'
client 2023-08-06 08:11:16,358 [INFO] Running workload in testing mode
client 2023-08-06 08:11:16,358 [INFO] Synchronizing with the server and with time.google.com...
client 2023-08-06 08:11:16,371 [INFO] NTP:offset = -0.001 s, delay = 0.012 s 
client 2023-08-06 08:11:16,372 [INFO] Sending command to the server: 'time'
client 2023-08-06 08:11:16,374 [INFO] Got response: '1691305876.2450612'
client 2023-08-06 08:11:16,374 [INFO] The time difference between the client and the server is within range 126.998 ms..129.833 ms
client 2023-08-06 08:11:16,374 [INFO] Sending command to the server: 'session,2023-08-06_08-05-35,start,testing'
client 2023-08-06 08:11:29,418 [INFO] Got response: 'OK'
client 2023-08-06 08:11:29,418 [INFO] Sending command to the server: 'time'
client 2023-08-06 08:11:29,422 [INFO] Got response: '1691305889.2929454'
client 2023-08-06 08:11:29,422 [INFO] The time difference between the client and the server is within range 125.955 ms..129.770 ms
client 2023-08-06 08:11:29,422 [INFO] Running the workload 'CM_MLPERF_RUN_COUNT=$(cat ${CM_RUN_DIR}/count.txt); echo ${CM_MLPERF_RUN_COUNT}; CM_MLPERF_RUN_COUNT=$((CM_MLPERF_RUN_COUNT+1)); echo ${CM_MLPERF_RUN_COUNT} > ${CM_RUN_DIR}/count.txt && if [ ${CM_MLPERF_RUN_COUNT} -eq "1" ]; then export CM_MLPERF_USER_CONF=${CM_MLPERF_RANGING_USER_CONF}; else export CM_MLPERF_USER_CONF=${CM_MLPERF_TESTING_USER_CONF}; fi && /mount/CM/repos/ctuning@mlcommons-ck/cm-mlops/script/run-all-mlperf-models/run.out'
client 2023-08-06 08:21:31,498 [INFO] Sending command to the server: 'time'
client 2023-08-06 08:21:31,502 [INFO] Got response: '1691306491.3702366'
client 2023-08-06 08:21:31,502 [INFO] The time difference between the client and the server is within range 128.590 ms..132.568 ms
client 2023-08-06 08:21:31,502 [INFO] Sending command to the server: 'session,2023-08-06_08-05-35,stop,testing'
client 2023-08-06 08:21:42,498 [INFO] Got response: 'OK'
client 2023-08-06 08:21:42,498 [INFO] Sending command to the server: 'time'
client 2023-08-06 08:21:42,500 [INFO] Got response: '1691306502.3670006'
client 2023-08-06 08:21:42,500 [INFO] The time difference between the client and the server is within range 131.422 ms..133.460 ms
client 2023-08-06 08:21:42,501 [INFO] Copying loadgen logs from '/home/arjun/mobilenet_results/valid_results/orin-tflite_cpp-cpu-tflite-vmaster-default_config/mobilenet-v2-precision_float-0.75-128/singlestream/performance/run_1' to '/home/arjun/mobilenet_results/valid_results/orin-tflite_cpp-cpu-tflite-vmaster-default_config/mobilenet-v2-precision_float-0.75-128/singlestream/performance/tmp_power/run_1'
client 2023-08-06 08:21:42,501 [INFO] Done runs
