client 2023-09-02 06:16:06,916 [INFO] Creating output directory '/home/cmuser/results_dir/valid_results/cecdad8c31f6-nvidia_original-gpu-tensorrt-vdefault-default_config/resnet50/server/performance/tmp_power'
client 2023-09-02 06:16:06,975 [INFO] Sending command to the server: 'mlcommons/power client v3'
client 2023-09-02 06:16:06,977 [INFO] Got response: 'mlcommons/power server v3'
client 2023-09-02 06:16:06,977 [INFO] Synchronizing with the server and with time.google.com...
client 2023-09-02 06:16:07,008 [INFO] NTP:offset = -0.001 s, delay = 0.017 s 
client 2023-09-02 06:16:07,008 [INFO] Sending command to the server: 'time'
client 2023-09-02 06:16:07,011 [INFO] Got response: '1693660567.011547'
client 2023-09-02 06:16:07,011 [INFO] The time difference between the client and the server is within range -2.597 ms..-0.269 ms
client 2023-09-02 06:16:07,011 [INFO] Sending command to the server: 'new,,a2b052df-26f1-4aa4-a2dc-3f972d323ed9'
client 2023-09-02 06:16:07,013 [INFO] Got response: 'OK 2023-09-02_13-16-07,35da44ba-5818-4231-8599-a09deac98325'
client 2023-09-02 06:16:07,013 [INFO] Session id is '2023-09-02_13-16-07'
client 2023-09-02 06:16:07,014 [INFO] Sources: {"sources": {"__init__.py": "da39a3ee5e6b4b0d3255bfef95601890afd80709", "client.py": "33ca4f26368777ac06e01f9567b714a4b8063886", "lib/__init__.py": "da39a3ee5e6b4b0d3255bfef95601890afd80709", "lib/client.py": "ac2aa093c8e8bbc9569b9e2a3471bc64e58a2258", "lib/common.py": "611d8b29633d331eb19c9455ea3b5fa3284ed6df", "lib/external/__init__.py": "da39a3ee5e6b4b0d3255bfef95601890afd80709", "lib/external/ntplib.py": "4da8f970656505a40483206ef2b5d3dd5e81711d", "lib/server.py": "c7af63c31bb2fbedea4345f571f6e3507d268ada", "lib/source_hashes.py": "60a2e02193209e8d392803326208d5466342da18", "lib/summary.py": "aa92f0a3f975eecd44d3c0cd0236342ccc9f941d", "lib/time_sync.py": "80894ef2389e540781ff78de94db16aa4203a14e", "server.py": "c3f90f2f7eeb4db30727556d0c815ebc89b3d28b", "tests/unit/__init__.py": "da39a3ee5e6b4b0d3255bfef95601890afd80709", "tests/unit/test_server.py": "948c1995d4008bc2aa6c4046a34ffa3858d6d671", "tests/unit/test_source_hashes.py": "00468a2907583c593e6574a1f6b404e4651c221a"}, "modules": {"ptd_client_server.lib.client": "lib/client.py", "ptd_client_server.lib.common": "lib/common.py", "ptd_client_server.lib.external.ntplib": "lib/external/ntplib.py", "ptd_client_server.lib.source_hashes": "lib/source_hashes.py", "ptd_client_server.lib.summary": "lib/summary.py", "ptd_client_server.lib.time_sync": "lib/time_sync.py"}}
client 2023-09-02 06:16:07,014 [INFO] Running workload in ranging mode
client 2023-09-02 06:16:07,014 [INFO] Synchronizing with the server and with time.google.com...
client 2023-09-02 06:16:07,043 [INFO] NTP:offset = 0.000 s, delay = 0.016 s 
client 2023-09-02 06:16:07,043 [INFO] Sending command to the server: 'time'
client 2023-09-02 06:16:07,045 [INFO] Got response: '1693660567.0463486'
client 2023-09-02 06:16:07,045 [INFO] The time difference between the client and the server is within range -2.767 ms..-0.430 ms
client 2023-09-02 06:16:07,045 [INFO] Sending command to the server: 'session,2023-09-02_13-16-07,start,ranging'
client 2023-09-02 06:16:35,133 [INFO] Got response: 'OK'
client 2023-09-02 06:16:35,133 [INFO] Sending command to the server: 'time'
client 2023-09-02 06:16:35,135 [INFO] Got response: '1693660595.1361341'
client 2023-09-02 06:16:35,135 [INFO] The time difference between the client and the server is within range -2.219 ms..-0.464 ms
client 2023-09-02 06:16:35,135 [INFO] Running the workload 'CM_MLPERF_RUN_COUNT=$(cat ${CM_RUN_DIR}/count.txt); echo ${CM_MLPERF_RUN_COUNT}; CM_MLPERF_RUN_COUNT=$((CM_MLPERF_RUN_COUNT+1)); echo ${CM_MLPERF_RUN_COUNT} > ${CM_RUN_DIR}/count.txt && if [ ${CM_MLPERF_RUN_COUNT} -eq "1" ]; then export CM_MLPERF_USER_CONF=${CM_MLPERF_RANGING_USER_CONF}; else export CM_MLPERF_USER_CONF=${CM_MLPERF_TESTING_USER_CONF}; fi && make run_harness RUN_ARGS=" --benchmarks=resnet50 --scenarios=server --test_mode=PerformanceOnly --offline_expected_qps=45000 --server_target_qps=37000 --single_stream_expected_latency_ns=200000 --multi_stream_expected_latency_ns=400000 --user_conf_path=${CM_MLPERF_USER_CONF} --mlperf_conf_path=/home/cmuser/CM/repos/local/cache/e08d8d07b7714054/inference/mlperf.conf --gpu_batch_size=32 --workspace_size=14238508288 --no_audit_verify "'
client 2023-09-02 06:21:47,924 [INFO] Sending command to the server: 'time'
client 2023-09-02 06:21:47,927 [INFO] Got response: '1693660907.9278538'
client 2023-09-02 06:21:47,927 [INFO] The time difference between the client and the server is within range -2.918 ms..-0.399 ms
client 2023-09-02 06:21:47,927 [INFO] Sending command to the server: 'session,2023-09-02_13-16-07,stop,ranging'
client 2023-09-02 06:21:58,225 [INFO] Got response: 'OK'
client 2023-09-02 06:21:58,225 [INFO] Sending command to the server: 'time'
client 2023-09-02 06:21:58,355 [INFO] Got response: '1693660918.355255'
client 2023-09-02 06:21:58,355 [INFO] The time difference between the client and the server is within range -129.506 ms..0.560 ms
client 2023-09-02 06:21:58,357 [INFO] Copying loadgen logs from '/home/cmuser/results_dir/valid_results/cecdad8c31f6-nvidia_original-gpu-tensorrt-vdefault-default_config/resnet50/server/performance/run_1' to '/home/cmuser/results_dir/valid_results/cecdad8c31f6-nvidia_original-gpu-tensorrt-vdefault-default_config/resnet50/server/performance/tmp_power/ranging'
client 2023-09-02 06:21:58,357 [INFO] Running workload in testing mode
client 2023-09-02 06:21:58,357 [INFO] Synchronizing with the server and with time.google.com...
client 2023-09-02 06:21:58,385 [INFO] NTP:offset = -0.001 s, delay = 0.016 s 
client 2023-09-02 06:21:58,385 [INFO] Sending command to the server: 'time'
client 2023-09-02 06:21:58,388 [INFO] Got response: '1693660918.388446'
client 2023-09-02 06:21:58,388 [INFO] The time difference between the client and the server is within range -2.740 ms..-0.208 ms
client 2023-09-02 06:21:58,388 [INFO] Sending command to the server: 'session,2023-09-02_13-16-07,start,testing'
client 2023-09-02 06:22:11,409 [INFO] Got response: 'OK'
client 2023-09-02 06:22:11,409 [INFO] Sending command to the server: 'time'
client 2023-09-02 06:22:11,411 [INFO] Got response: '1693660931.4118'
client 2023-09-02 06:22:11,411 [INFO] The time difference between the client and the server is within range -1.901 ms..0.030 ms
client 2023-09-02 06:22:11,411 [INFO] Running the workload 'CM_MLPERF_RUN_COUNT=$(cat ${CM_RUN_DIR}/count.txt); echo ${CM_MLPERF_RUN_COUNT}; CM_MLPERF_RUN_COUNT=$((CM_MLPERF_RUN_COUNT+1)); echo ${CM_MLPERF_RUN_COUNT} > ${CM_RUN_DIR}/count.txt && if [ ${CM_MLPERF_RUN_COUNT} -eq "1" ]; then export CM_MLPERF_USER_CONF=${CM_MLPERF_RANGING_USER_CONF}; else export CM_MLPERF_USER_CONF=${CM_MLPERF_TESTING_USER_CONF}; fi && make run_harness RUN_ARGS=" --benchmarks=resnet50 --scenarios=server --test_mode=PerformanceOnly --offline_expected_qps=45000 --server_target_qps=37000 --single_stream_expected_latency_ns=200000 --multi_stream_expected_latency_ns=400000 --user_conf_path=${CM_MLPERF_USER_CONF} --mlperf_conf_path=/home/cmuser/CM/repos/local/cache/e08d8d07b7714054/inference/mlperf.conf --gpu_batch_size=32 --workspace_size=14238508288 --no_audit_verify "'
client 2023-09-02 06:32:29,945 [INFO] Sending command to the server: 'time'
client 2023-09-02 06:32:30,227 [INFO] Got response: '1693661550.2265582'
client 2023-09-02 06:32:30,227 [INFO] The time difference between the client and the server is within range -280.778 ms..0.839 ms
client 2023-09-02 06:32:30,227 [INFO] Sending command to the server: 'session,2023-09-02_13-16-07,stop,testing'
client 2023-09-02 06:32:40,464 [INFO] Got response: 'OK'
client 2023-09-02 06:32:40,464 [INFO] Sending command to the server: 'time'
client 2023-09-02 06:32:40,465 [INFO] Got response: '1693661560.465788'
client 2023-09-02 06:32:40,465 [INFO] The time difference between the client and the server is within range -1.315 ms..-0.006 ms
client 2023-09-02 06:32:40,466 [INFO] Copying loadgen logs from '/home/cmuser/results_dir/valid_results/cecdad8c31f6-nvidia_original-gpu-tensorrt-vdefault-default_config/resnet50/server/performance/run_1' to '/home/cmuser/results_dir/valid_results/cecdad8c31f6-nvidia_original-gpu-tensorrt-vdefault-default_config/resnet50/server/performance/tmp_power/run_1'
client 2023-09-02 06:32:40,466 [INFO] Done runs
