client 2023-08-11 04:51:05,379 [INFO] Creating output directory '/home/krai/work_collection/generated_by_power_measurement_on_run_a182e5582bb347d88ec253246d750e9e/power_logs'
client 2023-08-11 04:51:05,380 [INFO] Sending command to the server: 'mlcommons/power client v3'
client 2023-08-11 04:51:05,382 [INFO] Got response: 'mlcommons/power server v3'
client 2023-08-11 04:51:05,382 [INFO] Synchronizing with the server and with time.google.com...
client 2023-08-11 04:51:05,489 [INFO] NTP:offset = -0.007 s, delay = 0.105 s 
client 2023-08-11 04:51:05,489 [INFO] Sending command to the server: 'time'
client 2023-08-11 04:51:05,490 [INFO] Got response: '1691747465.4979417'
client 2023-08-11 04:51:05,490 [INFO] The time difference between the client and the server is within range -8.749 ms..-7.325 ms
client 2023-08-11 04:51:05,490 [INFO] Sending command to the server: 'new,,03c7fd86-22ff-45ec-af9b-fd696a786805'
client 2023-08-11 04:51:05,492 [INFO] Got response: 'OK 2023-08-11_04-51-05,aee4912d-e6ac-4670-ad1d-6b6edd1398cc'
client 2023-08-11 04:51:05,492 [INFO] Session id is '2023-08-11_04-51-05'
client 2023-08-11 04:51:05,492 [INFO] Sources: {"sources": {"__init__.py": "da39a3ee5e6b4b0d3255bfef95601890afd80709", "client.py": "33ca4f26368777ac06e01f9567b714a4b8063886", "lib/__init__.py": "da39a3ee5e6b4b0d3255bfef95601890afd80709", "lib/client.py": "ac2aa093c8e8bbc9569b9e2a3471bc64e58a2258", "lib/common.py": "611d8b29633d331eb19c9455ea3b5fa3284ed6df", "lib/external/__init__.py": "da39a3ee5e6b4b0d3255bfef95601890afd80709", "lib/external/ntplib.py": "4da8f970656505a40483206ef2b5d3dd5e81711d", "lib/server.py": "c7af63c31bb2fbedea4345f571f6e3507d268ada", "lib/source_hashes.py": "60a2e02193209e8d392803326208d5466342da18", "lib/summary.py": "aa92f0a3f975eecd44d3c0cd0236342ccc9f941d", "lib/time_sync.py": "80894ef2389e540781ff78de94db16aa4203a14e", "server.py": "c3f90f2f7eeb4db30727556d0c815ebc89b3d28b", "tests/unit/__init__.py": "da39a3ee5e6b4b0d3255bfef95601890afd80709", "tests/unit/test_server.py": "948c1995d4008bc2aa6c4046a34ffa3858d6d671", "tests/unit/test_source_hashes.py": "00468a2907583c593e6574a1f6b404e4651c221a"}, "modules": {"ptd_client_server.lib.client": "lib/client.py", "ptd_client_server.lib.common": "lib/common.py", "ptd_client_server.lib.external.ntplib": "lib/external/ntplib.py", "ptd_client_server.lib.source_hashes": "lib/source_hashes.py", "ptd_client_server.lib.summary": "lib/summary.py", "ptd_client_server.lib.time_sync": "lib/time_sync.py"}}
client 2023-08-11 04:51:05,492 [INFO] Running workload in ranging mode
client 2023-08-11 04:51:05,492 [INFO] Synchronizing with the server and with time.google.com...
client 2023-08-11 04:51:05,613 [INFO] NTP:offset = -0.004 s, delay = 0.120 s 
client 2023-08-11 04:51:05,613 [INFO] Sending command to the server: 'time'
client 2023-08-11 04:51:05,615 [INFO] Got response: '1691747465.6224082'
client 2023-08-11 04:51:05,615 [INFO] The time difference between the client and the server is within range -8.741 ms..-7.175 ms
client 2023-08-11 04:51:05,615 [INFO] Sending command to the server: 'session,2023-08-11_04-51-05,start,ranging'
client 2023-08-11 04:51:34,703 [INFO] Got response: 'OK'
client 2023-08-11 04:51:34,703 [INFO] Sending command to the server: 'time'
client 2023-08-11 04:51:34,704 [INFO] Got response: '1691747494.7121165'
client 2023-08-11 04:51:34,704 [INFO] The time difference between the client and the server is within range -8.652 ms..-7.338 ms
client 2023-08-11 04:51:34,704 [INFO] Running the workload 'axs byquery loadgen_output,image_classifier,sut_name=q5e_pro_edge,model_name=resnet50,framework=kilt,loadgen_dataset_size=50000,loadgen_buffer_size=1024,device=qaic,loadgen_mode=PerformanceOnly,loadgen_compliance_test-,loadgen_scenario=MultiStream,_with_power+,symlink_to=/home/krai/work_collection/generated_by_power_measurement_on_run_a182e5582bb347d88ec253246d750e9e/last_mlperf_logs,power_client_entrydic_path=/home/krai/work_collection/generated_by_power_measurement_on_run_a182e5582bb347d88ec253246d750e9e/program_output.json'
client 2023-08-11 05:01:52,681 [INFO] Sending command to the server: 'time'
client 2023-08-11 05:01:52,683 [INFO] Got response: '1691748112.6909611'
client 2023-08-11 05:01:52,683 [INFO] The time difference between the client and the server is within range -9.435 ms..-7.470 ms
client 2023-08-11 05:01:52,683 [INFO] Sending command to the server: 'session,2023-08-11_04-51-05,stop,ranging'
client 2023-08-11 05:02:02,742 [INFO] Got response: 'OK'
client 2023-08-11 05:02:02,742 [INFO] Sending command to the server: 'time'
client 2023-08-11 05:02:02,743 [INFO] Got response: '1691748122.7513614'
client 2023-08-11 05:02:02,743 [INFO] The time difference between the client and the server is within range -8.626 ms..-7.906 ms
client 2023-08-11 05:02:02,749 [INFO] Copying loadgen logs from '/home/krai/work_collection/generated_by_power_measurement_on_run_a182e5582bb347d88ec253246d750e9e/last_mlperf_logs' to '/home/krai/work_collection/generated_by_power_measurement_on_run_a182e5582bb347d88ec253246d750e9e/power_logs/ranging'
client 2023-08-11 05:02:02,749 [INFO] Running workload in testing mode
client 2023-08-11 05:02:02,749 [INFO] Synchronizing with the server and with time.google.com...
client 2023-08-11 05:02:02,867 [INFO] NTP:offset = -0.007 s, delay = 0.116 s 
client 2023-08-11 05:02:02,867 [INFO] Sending command to the server: 'time'
client 2023-08-11 05:02:02,868 [INFO] Got response: '1691748122.8761866'
client 2023-08-11 05:02:02,868 [INFO] The time difference between the client and the server is within range -9.022 ms..-7.544 ms
client 2023-08-11 05:02:02,868 [INFO] Sending command to the server: 'session,2023-08-11_04-51-05,start,testing'
client 2023-08-11 05:02:15,886 [INFO] Got response: 'OK'
client 2023-08-11 05:02:15,886 [INFO] Sending command to the server: 'time'
client 2023-08-11 05:02:15,887 [INFO] Got response: '1691748135.8958075'
client 2023-08-11 05:02:15,888 [INFO] The time difference between the client and the server is within range -9.056 ms..-7.800 ms
client 2023-08-11 05:02:15,888 [INFO] Running the workload 'axs byquery loadgen_output,image_classifier,sut_name=q5e_pro_edge,model_name=resnet50,framework=kilt,loadgen_dataset_size=50000,loadgen_buffer_size=1024,device=qaic,loadgen_mode=PerformanceOnly,loadgen_compliance_test-,loadgen_scenario=MultiStream,_with_power+,symlink_to=/home/krai/work_collection/generated_by_power_measurement_on_run_a182e5582bb347d88ec253246d750e9e/last_mlperf_logs,power_client_entrydic_path=/home/krai/work_collection/generated_by_power_measurement_on_run_a182e5582bb347d88ec253246d750e9e/program_output.json'
client 2023-08-11 05:12:32,910 [INFO] Sending command to the server: 'time'
client 2023-08-11 05:12:32,911 [INFO] Got response: '1691748752.9214587'
client 2023-08-11 05:12:32,912 [INFO] The time difference between the client and the server is within range -11.115 ms..-9.227 ms
client 2023-08-11 05:12:32,912 [INFO] Sending command to the server: 'session,2023-08-11_04-51-05,stop,testing'
client 2023-08-11 05:12:43,893 [INFO] Got response: 'OK'
client 2023-08-11 05:12:43,893 [INFO] Sending command to the server: 'time'
client 2023-08-11 05:12:43,894 [INFO] Got response: '1691748763.9042804'
client 2023-08-11 05:12:43,894 [INFO] The time difference between the client and the server is within range -10.293 ms..-9.688 ms
client 2023-08-11 05:12:43,895 [INFO] Copying loadgen logs from '/home/krai/work_collection/generated_by_power_measurement_on_run_a182e5582bb347d88ec253246d750e9e/last_mlperf_logs' to '/home/krai/work_collection/generated_by_power_measurement_on_run_a182e5582bb347d88ec253246d750e9e/power_logs/run_1'
client 2023-08-11 05:12:43,896 [INFO] Done runs
