client 2023-07-15 15:48:22,919 [INFO] Creating output directory '/home/arjun/mobilenet_results/valid_results/raspberrypi-tflite_armnn_cpp-cpu-armnn_tflite-v23.05-using_neon/mobilenet-v1-precision_float-1.0-224/singlestream/performance/tmp_power'
client 2023-07-15 15:48:22,923 [INFO] Sending command to the server: 'mlcommons/power client v3'
client 2023-07-15 15:48:22,926 [INFO] Got response: 'mlcommons/power server v3'
client 2023-07-15 15:48:22,927 [INFO] Synchronizing with the server and with time.google.com...
client 2023-07-15 15:48:22,965 [INFO] NTP:offset = 0.848 s, delay = 0.018 s 
client 2023-07-15 15:48:22,965 [WARNING] The time offset between the system time and time.google.com is more then 200 ms (847.672 ms)
client 2023-07-15 15:48:22,965 [INFO] Sending command to the server: 'set_ntp'
client 2023-07-15 15:48:23,990 [INFO] Got response: 'OK'
client 2023-07-15 15:48:23,991 [INFO] Synchronizing with time.google.com time using NTP...
client 2023-07-15 15:48:33,450 [INFO] Set system time at 2023-07-15 15:48:33.449894
client 2023-07-15 15:48:33,486 [INFO] NTP:offset = -0.002 s, delay = 0.015 s 
client 2023-07-15 15:48:33,487 [INFO] Sending command to the server: 'time'
client 2023-07-15 15:48:33,491 [INFO] Got response: '1689432513.4896064'
client 2023-07-15 15:48:33,492 [INFO] The time difference between the client and the server is within range -2.308 ms..2.546 ms
client 2023-07-15 15:48:33,493 [INFO] Sending command to the server: 'new,,b8c89f38-c165-4663-9c42-f74fc2552407'
client 2023-07-15 15:48:33,498 [INFO] Got response: 'OK 2023-07-15_15-48-33,2584bbc2-49c0-4fae-8794-00b1a42b8116'
client 2023-07-15 15:48:33,498 [INFO] Session id is '2023-07-15_15-48-33'
client 2023-07-15 15:48:33,499 [INFO] Sources: {"sources": {"__init__.py": "da39a3ee5e6b4b0d3255bfef95601890afd80709", "client.py": "33ca4f26368777ac06e01f9567b714a4b8063886", "lib/__init__.py": "da39a3ee5e6b4b0d3255bfef95601890afd80709", "lib/client.py": "ac2aa093c8e8bbc9569b9e2a3471bc64e58a2258", "lib/common.py": "611d8b29633d331eb19c9455ea3b5fa3284ed6df", "lib/external/__init__.py": "da39a3ee5e6b4b0d3255bfef95601890afd80709", "lib/external/ntplib.py": "4da8f970656505a40483206ef2b5d3dd5e81711d", "lib/server.py": "c7af63c31bb2fbedea4345f571f6e3507d268ada", "lib/source_hashes.py": "60a2e02193209e8d392803326208d5466342da18", "lib/summary.py": "aa92f0a3f975eecd44d3c0cd0236342ccc9f941d", "lib/time_sync.py": "122eba67a9abc85635223e054def53be1367ade2", "server.py": "c3f90f2f7eeb4db30727556d0c815ebc89b3d28b", "tests/unit/__init__.py": "da39a3ee5e6b4b0d3255bfef95601890afd80709", "tests/unit/test_server.py": "948c1995d4008bc2aa6c4046a34ffa3858d6d671", "tests/unit/test_source_hashes.py": "00468a2907583c593e6574a1f6b404e4651c221a"}, "modules": {"ptd_client_server.lib.client": "lib/client.py", "ptd_client_server.lib.common": "lib/common.py", "ptd_client_server.lib.external.ntplib": "lib/external/ntplib.py", "ptd_client_server.lib.source_hashes": "lib/source_hashes.py", "ptd_client_server.lib.summary": "lib/summary.py", "ptd_client_server.lib.time_sync": "lib/time_sync.py"}}
client 2023-07-15 15:48:33,500 [INFO] Running workload in ranging mode
client 2023-07-15 15:48:33,501 [INFO] Synchronizing with the server and with time.google.com...
client 2023-07-15 15:48:33,534 [INFO] NTP:offset = -0.002 s, delay = 0.015 s 
client 2023-07-15 15:48:33,535 [INFO] Sending command to the server: 'time'
client 2023-07-15 15:48:33,541 [INFO] Got response: '1689432513.542392'
client 2023-07-15 15:48:33,542 [INFO] The time difference between the client and the server is within range -7.090 ms..-0.204 ms
client 2023-07-15 15:48:33,543 [INFO] Sending command to the server: 'session,2023-07-15_15-48-33,start,ranging'
client 2023-07-15 15:49:02,387 [INFO] Got response: 'OK'
client 2023-07-15 15:49:02,387 [INFO] Sending command to the server: 'time'
client 2023-07-15 15:49:02,393 [INFO] Got response: '1689432542.3926036'
client 2023-07-15 15:49:02,394 [INFO] The time difference between the client and the server is within range -4.960 ms..1.357 ms
client 2023-07-15 15:49:02,394 [INFO] Running the workload 'CM_MLPERF_RUN_COUNT=$(cat ${CM_RUN_DIR}/count.txt); echo ${CM_MLPERF_RUN_COUNT}; CM_MLPERF_RUN_COUNT=$((CM_MLPERF_RUN_COUNT+1)); echo ${CM_MLPERF_RUN_COUNT} > ${CM_RUN_DIR}/count.txt && if [ ${CM_MLPERF_RUN_COUNT} -eq "1" ]; then export CM_MLPERF_USER_CONF=${CM_MLPERF_RANGING_USER_CONF}; else export CM_MLPERF_USER_CONF=${CM_MLPERF_TESTING_USER_CONF}; fi && /home/arjun/run.out'
client 2023-07-15 15:54:11,328 [INFO] Sending command to the server: 'time'
client 2023-07-15 15:54:11,333 [INFO] Got response: '1689432851.3261328'
client 2023-07-15 15:54:11,333 [INFO] The time difference between the client and the server is within range 1.982 ms..7.764 ms
client 2023-07-15 15:54:11,334 [INFO] Sending command to the server: 'session,2023-07-15_15-48-33,stop,ranging'
client 2023-07-15 15:54:21,953 [INFO] Got response: 'OK'
client 2023-07-15 15:54:21,954 [INFO] Sending command to the server: 'time'
client 2023-07-15 15:54:21,958 [INFO] Got response: '1689432861.9511876'
client 2023-07-15 15:54:21,958 [INFO] The time difference between the client and the server is within range 2.861 ms..7.403 ms
client 2023-07-15 15:54:21,989 [INFO] Copying loadgen logs from '/home/arjun/mobilenet_results/valid_results/raspberrypi-tflite_armnn_cpp-cpu-armnn_tflite-v23.05-using_neon/mobilenet-v1-precision_float-1.0-224/singlestream/performance/run_1' to '/home/arjun/mobilenet_results/valid_results/raspberrypi-tflite_armnn_cpp-cpu-armnn_tflite-v23.05-using_neon/mobilenet-v1-precision_float-1.0-224/singlestream/performance/tmp_power/ranging'
client 2023-07-15 15:54:21,991 [INFO] Running workload in testing mode
client 2023-07-15 15:54:21,992 [INFO] Synchronizing with the server and with time.google.com...
client 2023-07-15 15:54:22,030 [INFO] NTP:offset = 0.003 s, delay = 0.019 s 
client 2023-07-15 15:54:22,030 [INFO] Sending command to the server: 'time'
client 2023-07-15 15:54:22,034 [INFO] Got response: '1689432862.0325587'
client 2023-07-15 15:54:22,034 [INFO] The time difference between the client and the server is within range -2.019 ms..2.342 ms
client 2023-07-15 15:54:22,035 [INFO] Sending command to the server: 'session,2023-07-15_15-48-33,start,testing'
client 2023-07-15 15:54:35,088 [INFO] Got response: 'OK'
client 2023-07-15 15:54:35,089 [INFO] Sending command to the server: 'time'
client 2023-07-15 15:54:35,094 [INFO] Got response: '1689432875.0902886'
client 2023-07-15 15:54:35,094 [INFO] The time difference between the client and the server is within range -1.338 ms..4.431 ms
client 2023-07-15 15:54:35,095 [INFO] Running the workload 'CM_MLPERF_RUN_COUNT=$(cat ${CM_RUN_DIR}/count.txt); echo ${CM_MLPERF_RUN_COUNT}; CM_MLPERF_RUN_COUNT=$((CM_MLPERF_RUN_COUNT+1)); echo ${CM_MLPERF_RUN_COUNT} > ${CM_RUN_DIR}/count.txt && if [ ${CM_MLPERF_RUN_COUNT} -eq "1" ]; then export CM_MLPERF_USER_CONF=${CM_MLPERF_RANGING_USER_CONF}; else export CM_MLPERF_USER_CONF=${CM_MLPERF_TESTING_USER_CONF}; fi && /home/arjun/run.out'
client 2023-07-15 16:04:49,546 [INFO] Sending command to the server: 'time'
client 2023-07-15 16:04:49,551 [INFO] Got response: '1689433489.5446613'
client 2023-07-15 16:04:49,552 [INFO] The time difference between the client and the server is within range 1.399 ms..7.499 ms
client 2023-07-15 16:04:49,552 [INFO] Sending command to the server: 'session,2023-07-15_15-48-33,stop,testing'
client 2023-07-15 16:05:00,359 [INFO] Got response: 'OK'
client 2023-07-15 16:05:00,359 [INFO] Sending command to the server: 'time'
client 2023-07-15 16:05:00,363 [INFO] Got response: '1689433500.3506079'
client 2023-07-15 16:05:00,363 [INFO] The time difference between the client and the server is within range 9.314 ms..13.146 ms
client 2023-07-15 16:05:00,369 [INFO] Copying loadgen logs from '/home/arjun/mobilenet_results/valid_results/raspberrypi-tflite_armnn_cpp-cpu-armnn_tflite-v23.05-using_neon/mobilenet-v1-precision_float-1.0-224/singlestream/performance/run_1' to '/home/arjun/mobilenet_results/valid_results/raspberrypi-tflite_armnn_cpp-cpu-armnn_tflite-v23.05-using_neon/mobilenet-v1-precision_float-1.0-224/singlestream/performance/tmp_power/run_1'
client 2023-07-15 16:05:00,372 [INFO] Done runs
