client 2023-07-06 04:50:27,501 [INFO] Sending command to the server: 'mlcommons/power client v3'
client 2023-07-06 04:50:27,503 [INFO] Got response: 'mlcommons/power server v3'
client 2023-07-06 04:50:27,503 [INFO] Synchronizing with the server and with time.google.com...
client 2023-07-06 04:50:27,585 [INFO] NTP:offset = 0.001 s, delay = 0.073 s 
client 2023-07-06 04:50:27,585 [INFO] Sending command to the server: 'time'
client 2023-07-06 04:50:27,586 [INFO] Got response: '1688637027.5866542'
client 2023-07-06 04:50:27,586 [INFO] The time difference between the client and the server is within range -1.524 ms..-0.161 ms
client 2023-07-06 04:50:27,586 [INFO] Sending command to the server: 'new,,75ad3091-6021-48f9-b4f4-723c455e9dd8'
client 2023-07-06 04:50:27,588 [INFO] Got response: 'OK 2023-07-06_04-50-27,6c9fceaf-e444-4bcf-9f74-a5be77e5c960'
client 2023-07-06 04:50:27,588 [INFO] Session id is '2023-07-06_04-50-27'
client 2023-07-06 04:50:27,588 [INFO] Sources: {"sources": {"__init__.py": "da39a3ee5e6b4b0d3255bfef95601890afd80709", "client.py": "33ca4f26368777ac06e01f9567b714a4b8063886", "lib/__init__.py": "da39a3ee5e6b4b0d3255bfef95601890afd80709", "lib/client.py": "ac2aa093c8e8bbc9569b9e2a3471bc64e58a2258", "lib/common.py": "611d8b29633d331eb19c9455ea3b5fa3284ed6df", "lib/external/__init__.py": "da39a3ee5e6b4b0d3255bfef95601890afd80709", "lib/external/ntplib.py": "4da8f970656505a40483206ef2b5d3dd5e81711d", "lib/server.py": "c7af63c31bb2fbedea4345f571f6e3507d268ada", "lib/source_hashes.py": "60a2e02193209e8d392803326208d5466342da18", "lib/summary.py": "aa92f0a3f975eecd44d3c0cd0236342ccc9f941d", "lib/time_sync.py": "122eba67a9abc85635223e054def53be1367ade2", "server.py": "c3f90f2f7eeb4db30727556d0c815ebc89b3d28b", "tests/unit/__init__.py": "da39a3ee5e6b4b0d3255bfef95601890afd80709", "tests/unit/test_server.py": "948c1995d4008bc2aa6c4046a34ffa3858d6d671", "tests/unit/test_source_hashes.py": "00468a2907583c593e6574a1f6b404e4651c221a"}, "modules": {"ptd_client_server.lib.client": "lib/client.py", "ptd_client_server.lib.common": "lib/common.py", "ptd_client_server.lib.external.ntplib": "lib/external/ntplib.py", "ptd_client_server.lib.source_hashes": "lib/source_hashes.py", "ptd_client_server.lib.summary": "lib/summary.py", "ptd_client_server.lib.time_sync": "lib/time_sync.py"}}
client 2023-07-06 04:50:27,588 [INFO] Running workload in ranging mode
client 2023-07-06 04:50:27,588 [INFO] Synchronizing with the server and with time.google.com...
client 2023-07-06 04:50:27,682 [INFO] NTP:offset = 0.001 s, delay = 0.093 s 
client 2023-07-06 04:50:27,682 [INFO] Sending command to the server: 'time'
client 2023-07-06 04:50:27,683 [INFO] Got response: '1688637027.6838396'
client 2023-07-06 04:50:27,683 [INFO] The time difference between the client and the server is within range -1.515 ms..-0.177 ms
client 2023-07-06 04:50:27,683 [INFO] Sending command to the server: 'session,2023-07-06_04-50-27,start,ranging'
client 2023-07-06 04:50:55,767 [INFO] Got response: 'OK'
client 2023-07-06 04:50:55,768 [INFO] Sending command to the server: 'time'
client 2023-07-06 04:50:55,770 [INFO] Got response: '1688637055.770269'
client 2023-07-06 04:50:55,770 [INFO] The time difference between the client and the server is within range -2.076 ms..0.016 ms
client 2023-07-06 04:50:55,770 [INFO] Running the workload 'echo 1 | sudo tee $(sudo find /sys/devices -name soc_reset | grep a100); sleep 120;  ck benchmark program:object-detection-qaic-loadgen --env.CK_SILENT_MODE=YES --skip_print_timers --dep_add_tags.lib-qaic-api=master --dep_add_tags.compiler=gcc --dep_add_tags.python=v3 --dep_add_tags.weights=retinanet.aedk_highend.offline,retinanet  --dep_add_tags.dataset=dataset,preprocessed,openimages,for.retinanet.onnx.preprocessed.quantized,full --cmd_key=openimages --env.ML_MODEL_MODEL_NAME=retinanet --env.CK_LOADGEN_DATASET_SIZE=24781 --env.CK_LOADGEN_BUFFER_SIZE=64 --env.CK_ENV_NUM_SETUP_THREADS=2 --env.CK_ENV_QAIC_INPUT_SELECT=0 --env.CK_ENV_QAIC_DEVICE_IDS=0 --env.CK_ENV_QAIC_QUEUE_LENGTH=4 --env.CK_ENV_QAIC_THREADS_PER_QUEUE=2 --env.CK_ENV_QAIC_ACTIVATION_COUNT=14 --env.CK_ENV_QAIC_MODEL_BATCH_SIZE=1 --env.QAIC_BYPASS_PPP=enable --env.CK_VERBOSE=0 --env.KILT_SCHEDULER_YIELD_TIME=1000000 --env.KILT_DISPATCH_YIELD_TIME=10 --env.KILT_DEVICE_QAIC_SAMPLES_QUEUE_DEPTH=128  --env.CK_EXTRA_COMPILER_DEPS0=-DMODEL_RX50 --env.ML_MODEL_HAS_BACKGROUND_CLASS=YES --env.ML_MODEL_OUT_BUFFER_IDX=1 --env.CK_ENV_QAIC_MODEL_MAX_DETECTIONS=600 --env.CK_ENV_QAIC_OUTPUT_COUNT=15 --env.CK_ENV_QAIC_SKIP_STAGE=convert --env.CK_LOADGEN_SCENARIO=Offline --env.CK_LOADGEN_TARGET_QPS=180 --env.CK_LOADGEN_MODE=PerformanceOnly --speed --skip_stat_analysis --process_multi_keys --repetitions=1 --record --record_repo=local --record_uoa=mlperf_v3.1-closed-gloria_highend-qaic-v1.9.1.25-aic100-retinanet-offline-performance-target_qps.180-power.workload --tags=mlperf,round.v3.1,division.closed,platform.gloria_highend,inference_engine.qaic,inference_engine_version.v1.9.1.25,inference_engine_backend.aic100,scenario.offline,mode.performance,buffer_size.64,workload.retinanet,preprocessed_using.opencv,input_select.0,queue_length.4,task.object-detection,threads_per_queue.2,power.workload "@@@{\'meta\': {\'ck_benchmark_program\': \'echo 1 | sudo tee $(sudo find /sys/devices -name soc_reset | grep a100); sleep 120;  ck benchmark program:object-detection-qaic-loadgen --env.CK_SILENT_MODE=YES --skip_print_timers --dep_add_tags.lib-qaic-api=master --dep_add_tags.compiler=gcc --dep_add_tags.python=v3 --dep_add_tags.weights=retinanet.aedk_highend.offline,retinanet  --dep_add_tags.dataset=dataset,preprocessed,openimages,for.retinanet.onnx.preprocessed.quantized,full --cmd_key=openimages --env.ML_MODEL_MODEL_NAME=retinanet --env.CK_LOADGEN_DATASET_SIZE=24781 --env.CK_LOADGEN_BUFFER_SIZE=64 --env.CK_ENV_NUM_SETUP_THREADS=2 --env.CK_ENV_QAIC_INPUT_SELECT=0 --env.CK_ENV_QAIC_DEVICE_IDS=0 --env.CK_ENV_QAIC_QUEUE_LENGTH=4 --env.CK_ENV_QAIC_THREADS_PER_QUEUE=2 --env.CK_ENV_QAIC_ACTIVATION_COUNT=14 --env.CK_ENV_QAIC_MODEL_BATCH_SIZE=1 --env.QAIC_BYPASS_PPP=enable --env.CK_VERBOSE=0 --env.KILT_SCHEDULER_YIELD_TIME=1000000 --env.KILT_DISPATCH_YIELD_TIME=10 --env.KILT_DEVICE_QAIC_SAMPLES_QUEUE_DEPTH=128  --env.CK_EXTRA_COMPILER_DEPS0=-DMODEL_RX50 --env.ML_MODEL_HAS_BACKGROUND_CLASS=YES --env.ML_MODEL_OUT_BUFFER_IDX=1 --env.CK_ENV_QAIC_MODEL_MAX_DETECTIONS=600 --env.CK_ENV_QAIC_OUTPUT_COUNT=15 --env.CK_ENV_QAIC_SKIP_STAGE=convert --env.CK_LOADGEN_SCENARIO=Offline --env.CK_LOADGEN_TARGET_QPS=180 --env.CK_LOADGEN_MODE=PerformanceOnly --speed --skip_stat_analysis --process_multi_keys --repetitions=1 --record --record_repo=local --record_uoa=mlperf_v3.1-closed-gloria_highend-qaic-v1.9.1.25-aic100-retinanet-offline-performance-target_qps.180-power.workload --tags=mlperf,round.v3.1,division.closed,platform.gloria_highend,inference_engine.qaic,inference_engine_version.v1.9.1.25,inference_engine_backend.aic100,scenario.offline,mode.performance,buffer_size.64,workload.retinanet,preprocessed_using.opencv,input_select.0,queue_length.4,task.object-detection,threads_per_queue.2,power.workload\'}}" && cat `ck find program:object-detection-qaic-loadgen`/tmp/mlperf_log_summary.txt && mkdir -p "$CK_MLPERF_POWER_CLIENT_LOADGEN_LOGS" && cp "$CK_MLPERF_POWER_CLIENT_LOADGEN_LOGS"/../mlperf_log_* "$CK_MLPERF_POWER_CLIENT_LOADGEN_LOGS"/'
client 2023-07-06 05:04:17,899 [INFO] Sending command to the server: 'time'
client 2023-07-06 05:04:17,901 [INFO] Got response: '1688637857.9009342'
client 2023-07-06 05:04:17,901 [INFO] The time difference between the client and the server is within range -1.544 ms..0.845 ms
client 2023-07-06 05:04:17,902 [INFO] Sending command to the server: 'session,2023-07-06_04-50-27,stop,ranging'
client 2023-07-06 05:04:28,805 [INFO] Got response: 'OK'
client 2023-07-06 05:04:28,807 [INFO] Sending command to the server: 'time'
client 2023-07-06 05:04:28,809 [INFO] Got response: '1688637868.808677'
client 2023-07-06 05:04:28,810 [INFO] The time difference between the client and the server is within range -1.490 ms..1.730 ms
client 2023-07-06 05:04:28,838 [INFO] Copying loadgen logs from '/home/krai/CK/ck-qaic-dev-krai/program/object-detection-qaic-loadgen/tmp/loadgen_logs' to '/home/krai/CK/ck-mlperf/program/mlperf-power-client/tmp/2023-07-06_04-50-27/ranging'
client 2023-07-06 05:04:28,839 [INFO] Running workload in testing mode
client 2023-07-06 05:04:28,839 [INFO] Synchronizing with the server and with time.google.com...
client 2023-07-06 05:04:28,914 [INFO] NTP:offset = -0.000 s, delay = 0.072 s 
client 2023-07-06 05:04:28,914 [INFO] Sending command to the server: 'time'
client 2023-07-06 05:04:28,915 [INFO] Got response: '1688637868.915418'
client 2023-07-06 05:04:28,916 [INFO] The time difference between the client and the server is within range -0.680 ms..0.626 ms
client 2023-07-06 05:04:28,916 [INFO] Sending command to the server: 'session,2023-07-06_04-50-27,start,testing'
client 2023-07-06 05:04:41,933 [INFO] Got response: 'OK'
client 2023-07-06 05:04:41,934 [INFO] Sending command to the server: 'time'
client 2023-07-06 05:04:41,937 [INFO] Got response: '1688637881.9364698'
client 2023-07-06 05:04:41,938 [INFO] The time difference between the client and the server is within range -1.849 ms..1.699 ms
client 2023-07-06 05:04:41,939 [INFO] Running the workload 'echo 1 | sudo tee $(sudo find /sys/devices -name soc_reset | grep a100); sleep 120;  ck benchmark program:object-detection-qaic-loadgen --env.CK_SILENT_MODE=YES --skip_print_timers --dep_add_tags.lib-qaic-api=master --dep_add_tags.compiler=gcc --dep_add_tags.python=v3 --dep_add_tags.weights=retinanet.aedk_highend.offline,retinanet  --dep_add_tags.dataset=dataset,preprocessed,openimages,for.retinanet.onnx.preprocessed.quantized,full --cmd_key=openimages --env.ML_MODEL_MODEL_NAME=retinanet --env.CK_LOADGEN_DATASET_SIZE=24781 --env.CK_LOADGEN_BUFFER_SIZE=64 --env.CK_ENV_NUM_SETUP_THREADS=2 --env.CK_ENV_QAIC_INPUT_SELECT=0 --env.CK_ENV_QAIC_DEVICE_IDS=0 --env.CK_ENV_QAIC_QUEUE_LENGTH=4 --env.CK_ENV_QAIC_THREADS_PER_QUEUE=2 --env.CK_ENV_QAIC_ACTIVATION_COUNT=14 --env.CK_ENV_QAIC_MODEL_BATCH_SIZE=1 --env.QAIC_BYPASS_PPP=enable --env.CK_VERBOSE=0 --env.KILT_SCHEDULER_YIELD_TIME=1000000 --env.KILT_DISPATCH_YIELD_TIME=10 --env.KILT_DEVICE_QAIC_SAMPLES_QUEUE_DEPTH=128  --env.CK_EXTRA_COMPILER_DEPS0=-DMODEL_RX50 --env.ML_MODEL_HAS_BACKGROUND_CLASS=YES --env.ML_MODEL_OUT_BUFFER_IDX=1 --env.CK_ENV_QAIC_MODEL_MAX_DETECTIONS=600 --env.CK_ENV_QAIC_OUTPUT_COUNT=15 --env.CK_ENV_QAIC_SKIP_STAGE=convert --env.CK_LOADGEN_SCENARIO=Offline --env.CK_LOADGEN_TARGET_QPS=180 --env.CK_LOADGEN_MODE=PerformanceOnly --speed --skip_stat_analysis --process_multi_keys --repetitions=1 --record --record_repo=local --record_uoa=mlperf_v3.1-closed-gloria_highend-qaic-v1.9.1.25-aic100-retinanet-offline-performance-target_qps.180-power.workload --tags=mlperf,round.v3.1,division.closed,platform.gloria_highend,inference_engine.qaic,inference_engine_version.v1.9.1.25,inference_engine_backend.aic100,scenario.offline,mode.performance,buffer_size.64,workload.retinanet,preprocessed_using.opencv,input_select.0,queue_length.4,task.object-detection,threads_per_queue.2,power.workload "@@@{\'meta\': {\'ck_benchmark_program\': \'echo 1 | sudo tee $(sudo find /sys/devices -name soc_reset | grep a100); sleep 120;  ck benchmark program:object-detection-qaic-loadgen --env.CK_SILENT_MODE=YES --skip_print_timers --dep_add_tags.lib-qaic-api=master --dep_add_tags.compiler=gcc --dep_add_tags.python=v3 --dep_add_tags.weights=retinanet.aedk_highend.offline,retinanet  --dep_add_tags.dataset=dataset,preprocessed,openimages,for.retinanet.onnx.preprocessed.quantized,full --cmd_key=openimages --env.ML_MODEL_MODEL_NAME=retinanet --env.CK_LOADGEN_DATASET_SIZE=24781 --env.CK_LOADGEN_BUFFER_SIZE=64 --env.CK_ENV_NUM_SETUP_THREADS=2 --env.CK_ENV_QAIC_INPUT_SELECT=0 --env.CK_ENV_QAIC_DEVICE_IDS=0 --env.CK_ENV_QAIC_QUEUE_LENGTH=4 --env.CK_ENV_QAIC_THREADS_PER_QUEUE=2 --env.CK_ENV_QAIC_ACTIVATION_COUNT=14 --env.CK_ENV_QAIC_MODEL_BATCH_SIZE=1 --env.QAIC_BYPASS_PPP=enable --env.CK_VERBOSE=0 --env.KILT_SCHEDULER_YIELD_TIME=1000000 --env.KILT_DISPATCH_YIELD_TIME=10 --env.KILT_DEVICE_QAIC_SAMPLES_QUEUE_DEPTH=128  --env.CK_EXTRA_COMPILER_DEPS0=-DMODEL_RX50 --env.ML_MODEL_HAS_BACKGROUND_CLASS=YES --env.ML_MODEL_OUT_BUFFER_IDX=1 --env.CK_ENV_QAIC_MODEL_MAX_DETECTIONS=600 --env.CK_ENV_QAIC_OUTPUT_COUNT=15 --env.CK_ENV_QAIC_SKIP_STAGE=convert --env.CK_LOADGEN_SCENARIO=Offline --env.CK_LOADGEN_TARGET_QPS=180 --env.CK_LOADGEN_MODE=PerformanceOnly --speed --skip_stat_analysis --process_multi_keys --repetitions=1 --record --record_repo=local --record_uoa=mlperf_v3.1-closed-gloria_highend-qaic-v1.9.1.25-aic100-retinanet-offline-performance-target_qps.180-power.workload --tags=mlperf,round.v3.1,division.closed,platform.gloria_highend,inference_engine.qaic,inference_engine_version.v1.9.1.25,inference_engine_backend.aic100,scenario.offline,mode.performance,buffer_size.64,workload.retinanet,preprocessed_using.opencv,input_select.0,queue_length.4,task.object-detection,threads_per_queue.2,power.workload\'}}" && cat `ck find program:object-detection-qaic-loadgen`/tmp/mlperf_log_summary.txt && mkdir -p "$CK_MLPERF_POWER_CLIENT_LOADGEN_LOGS" && cp "$CK_MLPERF_POWER_CLIENT_LOADGEN_LOGS"/../mlperf_log_* "$CK_MLPERF_POWER_CLIENT_LOADGEN_LOGS"/'
client 2023-07-06 05:18:05,548 [INFO] Sending command to the server: 'time'
client 2023-07-06 05:18:05,553 [INFO] Got response: '1688638685.5515983'
client 2023-07-06 05:18:05,554 [INFO] The time difference between the client and the server is within range -3.580 ms..2.644 ms
client 2023-07-06 05:18:05,555 [INFO] Sending command to the server: 'session,2023-07-06_04-50-27,stop,testing'
client 2023-07-06 05:18:15,941 [INFO] Got response: 'OK'
client 2023-07-06 05:18:15,943 [INFO] Sending command to the server: 'time'
client 2023-07-06 05:18:15,945 [INFO] Got response: '1688638695.9439244'
client 2023-07-06 05:18:15,946 [INFO] The time difference between the client and the server is within range -0.826 ms..2.689 ms
client 2023-07-06 05:18:15,961 [INFO] Copying loadgen logs from '/home/krai/CK/ck-qaic-dev-krai/program/object-detection-qaic-loadgen/tmp/loadgen_logs' to '/home/krai/CK/ck-mlperf/program/mlperf-power-client/tmp/2023-07-06_04-50-27/run_1'
client 2023-07-06 05:18:15,965 [INFO] Done runs
