client 2023-07-10 04:40:16,324 [INFO] Creating output directory '/home/arjun/mobilenet_results/valid_results/orin-tflite_cpp-cpu-tflite-vmaster-default_config/efficientnet-fp32-lite0/singlestream/performance/tmp_power'
client 2023-07-10 04:40:16,326 [INFO] Sending command to the server: 'mlcommons/power client v3'
client 2023-07-10 04:40:16,328 [INFO] Got response: 'mlcommons/power server v3'
client 2023-07-10 04:40:16,328 [INFO] Synchronizing with the server and with time.google.com...
client 2023-07-10 04:40:16,353 [INFO] NTP:offset = 0.003 s, delay = 0.020 s 
client 2023-07-10 04:40:16,353 [INFO] Sending command to the server: 'time'
client 2023-07-10 04:40:16,355 [INFO] Got response: '1688960416.3565311'
client 2023-07-10 04:40:16,355 [INFO] The time difference between the client and the server is within range -2.759 ms..-0.787 ms
client 2023-07-10 04:40:16,355 [INFO] Sending command to the server: 'new,,7f0893f3-3659-45fd-97f5-a2a6b5adb4c4'
client 2023-07-10 04:40:16,357 [INFO] Got response: 'OK 2023-07-10_03-40-16,ab3d5972-b591-44e5-9579-837e79bcc633'
client 2023-07-10 04:40:16,357 [INFO] Session id is '2023-07-10_03-40-16'
client 2023-07-10 04:40:16,357 [INFO] Sources: {"sources": {"__init__.py": "da39a3ee5e6b4b0d3255bfef95601890afd80709", "client.py": "33ca4f26368777ac06e01f9567b714a4b8063886", "lib/__init__.py": "da39a3ee5e6b4b0d3255bfef95601890afd80709", "lib/client.py": "ac2aa093c8e8bbc9569b9e2a3471bc64e58a2258", "lib/common.py": "611d8b29633d331eb19c9455ea3b5fa3284ed6df", "lib/external/__init__.py": "da39a3ee5e6b4b0d3255bfef95601890afd80709", "lib/external/ntplib.py": "4da8f970656505a40483206ef2b5d3dd5e81711d", "lib/server.py": "c7af63c31bb2fbedea4345f571f6e3507d268ada", "lib/source_hashes.py": "60a2e02193209e8d392803326208d5466342da18", "lib/summary.py": "aa92f0a3f975eecd44d3c0cd0236342ccc9f941d", "lib/time_sync.py": "122eba67a9abc85635223e054def53be1367ade2", "server.py": "c3f90f2f7eeb4db30727556d0c815ebc89b3d28b", "tests/unit/__init__.py": "da39a3ee5e6b4b0d3255bfef95601890afd80709", "tests/unit/test_server.py": "948c1995d4008bc2aa6c4046a34ffa3858d6d671", "tests/unit/test_source_hashes.py": "00468a2907583c593e6574a1f6b404e4651c221a"}, "modules": {"ptd_client_server.lib.client": "lib/client.py", "ptd_client_server.lib.common": "lib/common.py", "ptd_client_server.lib.external.ntplib": "lib/external/ntplib.py", "ptd_client_server.lib.source_hashes": "lib/source_hashes.py", "ptd_client_server.lib.summary": "lib/summary.py", "ptd_client_server.lib.time_sync": "lib/time_sync.py"}}
client 2023-07-10 04:40:16,358 [INFO] Running workload in ranging mode
client 2023-07-10 04:40:16,358 [INFO] Synchronizing with the server and with time.google.com...
client 2023-07-10 04:40:16,375 [INFO] NTP:offset = 0.001 s, delay = 0.016 s 
client 2023-07-10 04:40:16,375 [INFO] Sending command to the server: 'time'
client 2023-07-10 04:40:16,377 [INFO] Got response: '1688960416.3781943'
client 2023-07-10 04:40:16,377 [INFO] The time difference between the client and the server is within range -2.685 ms..-0.820 ms
client 2023-07-10 04:40:16,377 [INFO] Sending command to the server: 'session,2023-07-10_03-40-16,start,ranging'
client 2023-07-10 04:40:44,459 [INFO] Got response: 'OK'
client 2023-07-10 04:40:44,461 [INFO] Sending command to the server: 'time'
client 2023-07-10 04:40:44,464 [INFO] Got response: '1688960444.4644253'
client 2023-07-10 04:40:44,465 [INFO] The time difference between the client and the server is within range -3.388 ms..0.876 ms
client 2023-07-10 04:40:44,465 [INFO] Running the workload 'CM_MLPERF_RUN_COUNT=$(cat ${CM_RUN_DIR}/count.txt); echo ${CM_MLPERF_RUN_COUNT}; CM_MLPERF_RUN_COUNT=$((CM_MLPERF_RUN_COUNT+1)); echo ${CM_MLPERF_RUN_COUNT} > ${CM_RUN_DIR}/count.txt && if [ ${CM_MLPERF_RUN_COUNT} -eq "1" ]; then export CM_MLPERF_USER_CONF=${CM_MLPERF_RANGING_USER_CONF}; else export CM_MLPERF_USER_CONF=${CM_MLPERF_TESTING_USER_CONF}; fi && /home/arjun/run.out'
client 2023-07-10 04:45:50,638 [INFO] Sending command to the server: 'time'
client 2023-07-10 04:45:50,740 [INFO] Got response: '1688960750.7396126'
client 2023-07-10 04:45:50,740 [INFO] The time difference between the client and the server is within range -100.756 ms..0.726 ms
client 2023-07-10 04:45:50,740 [INFO] Sending command to the server: 'session,2023-07-10_03-40-16,stop,ranging'
client 2023-07-10 04:46:01,563 [INFO] Got response: 'OK'
client 2023-07-10 04:46:01,564 [INFO] Sending command to the server: 'time'
client 2023-07-10 04:46:01,566 [INFO] Got response: '1688960761.5670154'
client 2023-07-10 04:46:01,567 [INFO] The time difference between the client and the server is within range -2.815 ms..-0.036 ms
client 2023-07-10 04:46:01,594 [INFO] Copying loadgen logs from '/home/arjun/mobilenet_results/valid_results/orin-tflite_cpp-cpu-tflite-vmaster-default_config/efficientnet-fp32-lite0/singlestream/performance/run_1' to '/home/arjun/mobilenet_results/valid_results/orin-tflite_cpp-cpu-tflite-vmaster-default_config/efficientnet-fp32-lite0/singlestream/performance/tmp_power/ranging'
client 2023-07-10 04:46:01,597 [INFO] Running workload in testing mode
client 2023-07-10 04:46:01,597 [INFO] Synchronizing with the server and with time.google.com...
client 2023-07-10 04:46:01,619 [INFO] NTP:offset = 0.002 s, delay = 0.017 s 
client 2023-07-10 04:46:01,619 [INFO] Sending command to the server: 'time'
client 2023-07-10 04:46:01,621 [INFO] Got response: '1688960761.622376'
client 2023-07-10 04:46:01,621 [INFO] The time difference between the client and the server is within range -2.738 ms..-0.591 ms
client 2023-07-10 04:46:01,622 [INFO] Sending command to the server: 'session,2023-07-10_03-40-16,start,testing'
client 2023-07-10 04:46:14,639 [INFO] Got response: 'OK'
client 2023-07-10 04:46:14,639 [INFO] Sending command to the server: 'time'
client 2023-07-10 04:46:14,642 [INFO] Got response: '1688960774.6419697'
client 2023-07-10 04:46:14,642 [INFO] The time difference between the client and the server is within range -2.642 ms..0.595 ms
client 2023-07-10 04:46:14,642 [INFO] Running the workload 'CM_MLPERF_RUN_COUNT=$(cat ${CM_RUN_DIR}/count.txt); echo ${CM_MLPERF_RUN_COUNT}; CM_MLPERF_RUN_COUNT=$((CM_MLPERF_RUN_COUNT+1)); echo ${CM_MLPERF_RUN_COUNT} > ${CM_RUN_DIR}/count.txt && if [ ${CM_MLPERF_RUN_COUNT} -eq "1" ]; then export CM_MLPERF_USER_CONF=${CM_MLPERF_RANGING_USER_CONF}; else export CM_MLPERF_USER_CONF=${CM_MLPERF_TESTING_USER_CONF}; fi && /home/arjun/run.out'
client 2023-07-10 04:56:25,792 [INFO] Sending command to the server: 'time'
client 2023-07-10 04:56:25,833 [INFO] Got response: '1688961385.8327188'
client 2023-07-10 04:56:25,833 [INFO] The time difference between the client and the server is within range -40.267 ms..0.641 ms
client 2023-07-10 04:56:25,833 [INFO] Sending command to the server: 'session,2023-07-10_03-40-16,stop,testing'
client 2023-07-10 04:56:36,692 [INFO] Got response: 'OK'
client 2023-07-10 04:56:36,693 [INFO] Sending command to the server: 'time'
client 2023-07-10 04:56:36,695 [INFO] Got response: '1688961396.6957202'
client 2023-07-10 04:56:36,695 [INFO] The time difference between the client and the server is within range -2.462 ms..0.030 ms
client 2023-07-10 04:56:36,700 [INFO] Copying loadgen logs from '/home/arjun/mobilenet_results/valid_results/orin-tflite_cpp-cpu-tflite-vmaster-default_config/efficientnet-fp32-lite0/singlestream/performance/run_1' to '/home/arjun/mobilenet_results/valid_results/orin-tflite_cpp-cpu-tflite-vmaster-default_config/efficientnet-fp32-lite0/singlestream/performance/tmp_power/run_1'
client 2023-07-10 04:56:36,702 [INFO] Done runs
