client 2023-07-13 20:17:40,432 [INFO] Creating output directory '/home/arjun/mobilenet_results1/valid_results/orin-tflite_armnn_cpp-cpu-armnn_tflite-v23.05-using_neon/mobilenet-v2-precision_uint8-0.5-128/singlestream/performance/tmp_power'
client 2023-07-13 20:17:40,436 [INFO] Sending command to the server: 'mlcommons/power client v3'
client 2023-07-13 20:17:40,441 [INFO] Got response: 'mlcommons/power server v3'
client 2023-07-13 20:17:40,441 [INFO] Synchronizing with the server and with time.google.com...
client 2023-07-13 20:17:40,464 [INFO] NTP:offset = -0.006 s, delay = 0.017 s 
client 2023-07-13 20:17:40,465 [INFO] Sending command to the server: 'time'
client 2023-07-13 20:17:40,469 [INFO] Got response: '1689275860.3042321'
client 2023-07-13 20:17:40,469 [INFO] The time difference between the client and the server is within range 160.774 ms..165.233 ms
client 2023-07-13 20:17:40,469 [INFO] Sending command to the server: 'new,,a697dfc4-19cb-4856-87af-aa4067173b55'
client 2023-07-13 20:17:40,477 [INFO] Got response: 'OK 2023-07-13_20-17-40,86d9d1e5-43e1-4938-82c2-fa10c5f8aecb'
client 2023-07-13 20:17:40,477 [INFO] Session id is '2023-07-13_20-17-40'
client 2023-07-13 20:17:40,477 [INFO] Sources: {"sources": {"__init__.py": "da39a3ee5e6b4b0d3255bfef95601890afd80709", "client.py": "33ca4f26368777ac06e01f9567b714a4b8063886", "lib/__init__.py": "da39a3ee5e6b4b0d3255bfef95601890afd80709", "lib/client.py": "ac2aa093c8e8bbc9569b9e2a3471bc64e58a2258", "lib/common.py": "611d8b29633d331eb19c9455ea3b5fa3284ed6df", "lib/external/__init__.py": "da39a3ee5e6b4b0d3255bfef95601890afd80709", "lib/external/ntplib.py": "4da8f970656505a40483206ef2b5d3dd5e81711d", "lib/server.py": "c7af63c31bb2fbedea4345f571f6e3507d268ada", "lib/source_hashes.py": "60a2e02193209e8d392803326208d5466342da18", "lib/summary.py": "aa92f0a3f975eecd44d3c0cd0236342ccc9f941d", "lib/time_sync.py": "122eba67a9abc85635223e054def53be1367ade2", "server.py": "c3f90f2f7eeb4db30727556d0c815ebc89b3d28b", "tests/unit/__init__.py": "da39a3ee5e6b4b0d3255bfef95601890afd80709", "tests/unit/test_server.py": "948c1995d4008bc2aa6c4046a34ffa3858d6d671", "tests/unit/test_source_hashes.py": "00468a2907583c593e6574a1f6b404e4651c221a"}, "modules": {"ptd_client_server.lib.client": "lib/client.py", "ptd_client_server.lib.common": "lib/common.py", "ptd_client_server.lib.external.ntplib": "lib/external/ntplib.py", "ptd_client_server.lib.source_hashes": "lib/source_hashes.py", "ptd_client_server.lib.summary": "lib/summary.py", "ptd_client_server.lib.time_sync": "lib/time_sync.py"}}
client 2023-07-13 20:17:40,477 [INFO] Running workload in ranging mode
client 2023-07-13 20:17:40,477 [INFO] Synchronizing with the server and with time.google.com...
client 2023-07-13 20:17:40,493 [INFO] NTP:offset = -0.007 s, delay = 0.014 s 
client 2023-07-13 20:17:40,493 [INFO] Sending command to the server: 'time'
client 2023-07-13 20:17:40,497 [INFO] Got response: '1689275860.334461'
client 2023-07-13 20:17:40,497 [INFO] The time difference between the client and the server is within range 158.939 ms..162.947 ms
client 2023-07-13 20:17:40,497 [INFO] Sending command to the server: 'session,2023-07-13_20-17-40,start,ranging'
client 2023-07-13 20:18:09,206 [INFO] Got response: 'OK'
client 2023-07-13 20:18:09,207 [INFO] Sending command to the server: 'time'
client 2023-07-13 20:18:09,213 [INFO] Got response: '1689275889.0464356'
client 2023-07-13 20:18:09,213 [INFO] The time difference between the client and the server is within range 161.168 ms..167.160 ms
client 2023-07-13 20:18:09,213 [INFO] Running the workload 'CM_MLPERF_RUN_COUNT=$(cat ${CM_RUN_DIR}/count.txt); echo ${CM_MLPERF_RUN_COUNT}; CM_MLPERF_RUN_COUNT=$((CM_MLPERF_RUN_COUNT+1)); echo ${CM_MLPERF_RUN_COUNT} > ${CM_RUN_DIR}/count.txt && if [ ${CM_MLPERF_RUN_COUNT} -eq "1" ]; then export CM_MLPERF_USER_CONF=${CM_MLPERF_RANGING_USER_CONF}; else export CM_MLPERF_USER_CONF=${CM_MLPERF_TESTING_USER_CONF}; fi && /mount/CM/repos/ctuning@mlcommons-ck/cm-mlops/script/run-mlperf-inference-mobilenet-models/run.out'
client 2023-07-13 20:23:10,895 [INFO] Sending command to the server: 'time'
client 2023-07-13 20:23:10,901 [INFO] Got response: '1689276190.7312093'
client 2023-07-13 20:23:10,901 [INFO] The time difference between the client and the server is within range 164.383 ms..170.438 ms
client 2023-07-13 20:23:10,901 [INFO] Sending command to the server: 'session,2023-07-13_20-17-40,stop,ranging'
client 2023-07-13 20:23:21,518 [INFO] Got response: 'OK'
client 2023-07-13 20:23:21,519 [INFO] Sending command to the server: 'time'
client 2023-07-13 20:23:21,525 [INFO] Got response: '1689276201.357728'
client 2023-07-13 20:23:21,525 [INFO] The time difference between the client and the server is within range 161.911 ms..167.839 ms
client 2023-07-13 20:23:21,546 [INFO] Copying loadgen logs from '/home/arjun/mobilenet_results1/valid_results/orin-tflite_armnn_cpp-cpu-armnn_tflite-v23.05-using_neon/mobilenet-v2-precision_uint8-0.5-128/singlestream/performance/run_1' to '/home/arjun/mobilenet_results1/valid_results/orin-tflite_armnn_cpp-cpu-armnn_tflite-v23.05-using_neon/mobilenet-v2-precision_uint8-0.5-128/singlestream/performance/tmp_power/ranging'
client 2023-07-13 20:23:21,547 [INFO] Running workload in testing mode
client 2023-07-13 20:23:21,547 [INFO] Synchronizing with the server and with time.google.com...
client 2023-07-13 20:23:21,566 [INFO] NTP:offset = -0.007 s, delay = 0.014 s 
client 2023-07-13 20:23:21,566 [INFO] Sending command to the server: 'time'
client 2023-07-13 20:23:21,569 [INFO] Got response: '1689276201.4054697'
client 2023-07-13 20:23:21,570 [INFO] The time difference between the client and the server is within range 160.827 ms..164.576 ms
client 2023-07-13 20:23:21,570 [INFO] Sending command to the server: 'session,2023-07-13_20-17-40,start,testing'
client 2023-07-13 20:23:34,621 [INFO] Got response: 'OK'
client 2023-07-13 20:23:34,622 [INFO] Sending command to the server: 'time'
client 2023-07-13 20:23:34,627 [INFO] Got response: '1689276214.455978'
client 2023-07-13 20:23:34,628 [INFO] The time difference between the client and the server is within range 166.267 ms..172.084 ms
client 2023-07-13 20:23:34,628 [INFO] Running the workload 'CM_MLPERF_RUN_COUNT=$(cat ${CM_RUN_DIR}/count.txt); echo ${CM_MLPERF_RUN_COUNT}; CM_MLPERF_RUN_COUNT=$((CM_MLPERF_RUN_COUNT+1)); echo ${CM_MLPERF_RUN_COUNT} > ${CM_RUN_DIR}/count.txt && if [ ${CM_MLPERF_RUN_COUNT} -eq "1" ]; then export CM_MLPERF_USER_CONF=${CM_MLPERF_RANGING_USER_CONF}; else export CM_MLPERF_USER_CONF=${CM_MLPERF_TESTING_USER_CONF}; fi && /mount/CM/repos/ctuning@mlcommons-ck/cm-mlops/script/run-mlperf-inference-mobilenet-models/run.out'
client 2023-07-13 20:33:37,623 [INFO] Sending command to the server: 'time'
client 2023-07-13 20:33:37,628 [INFO] Got response: '1689276817.4551623'
client 2023-07-13 20:33:37,628 [INFO] The time difference between the client and the server is within range 168.442 ms..173.050 ms
client 2023-07-13 20:33:37,628 [INFO] Sending command to the server: 'session,2023-07-13_20-17-40,stop,testing'
client 2023-07-13 20:33:48,790 [INFO] Got response: 'OK'
client 2023-07-13 20:33:48,791 [INFO] Sending command to the server: 'time'
client 2023-07-13 20:33:48,794 [INFO] Got response: '1689276828.6159182'
client 2023-07-13 20:33:48,795 [INFO] The time difference between the client and the server is within range 175.719 ms..179.274 ms
client 2023-07-13 20:33:48,799 [INFO] Copying loadgen logs from '/home/arjun/mobilenet_results1/valid_results/orin-tflite_armnn_cpp-cpu-armnn_tflite-v23.05-using_neon/mobilenet-v2-precision_uint8-0.5-128/singlestream/performance/run_1' to '/home/arjun/mobilenet_results1/valid_results/orin-tflite_armnn_cpp-cpu-armnn_tflite-v23.05-using_neon/mobilenet-v2-precision_uint8-0.5-128/singlestream/performance/tmp_power/run_1'
client 2023-07-13 20:33:48,802 [INFO] Done runs
