client 2023-08-16 08:52:15,974 [INFO] Creating output directory '/home/krai/work_collection/generated_by_power_measurement_on_run_ac45db8db7a7449d9b879a241c0d296a/power_logs'
client 2023-08-16 08:52:15,975 [INFO] Sending command to the server: 'mlcommons/power client v3'
client 2023-08-16 08:52:15,976 [INFO] Got response: 'mlcommons/power server v3'
client 2023-08-16 08:52:15,976 [INFO] Synchronizing with the server and with time.google.com...
client 2023-08-16 08:52:16,066 [INFO] NTP:offset = 0.001 s, delay = 0.087 s 
client 2023-08-16 08:52:16,066 [INFO] Sending command to the server: 'time'
client 2023-08-16 08:52:16,068 [INFO] Got response: '1692193936.0675406'
client 2023-08-16 08:52:16,068 [INFO] The time difference between the client and the server is within range -0.783 ms..0.918 ms
client 2023-08-16 08:52:16,068 [INFO] Sending command to the server: 'new,,abcebcad-05b6-4e0c-8c70-f547729d35b2'
client 2023-08-16 08:52:16,070 [INFO] Got response: 'OK 2023-08-16_08-52-16,3d647fa3-cbf8-4840-b3a7-78e7749c7bda'
client 2023-08-16 08:52:16,070 [INFO] Session id is '2023-08-16_08-52-16'
client 2023-08-16 08:52:16,070 [INFO] Sources: {"sources": {"__init__.py": "da39a3ee5e6b4b0d3255bfef95601890afd80709", "client.py": "33ca4f26368777ac06e01f9567b714a4b8063886", "lib/__init__.py": "da39a3ee5e6b4b0d3255bfef95601890afd80709", "lib/client.py": "ac2aa093c8e8bbc9569b9e2a3471bc64e58a2258", "lib/common.py": "611d8b29633d331eb19c9455ea3b5fa3284ed6df", "lib/external/__init__.py": "da39a3ee5e6b4b0d3255bfef95601890afd80709", "lib/external/ntplib.py": "4da8f970656505a40483206ef2b5d3dd5e81711d", "lib/server.py": "c7af63c31bb2fbedea4345f571f6e3507d268ada", "lib/source_hashes.py": "60a2e02193209e8d392803326208d5466342da18", "lib/summary.py": "aa92f0a3f975eecd44d3c0cd0236342ccc9f941d", "lib/time_sync.py": "80894ef2389e540781ff78de94db16aa4203a14e", "server.py": "c3f90f2f7eeb4db30727556d0c815ebc89b3d28b", "tests/unit/__init__.py": "da39a3ee5e6b4b0d3255bfef95601890afd80709", "tests/unit/test_server.py": "948c1995d4008bc2aa6c4046a34ffa3858d6d671", "tests/unit/test_source_hashes.py": "00468a2907583c593e6574a1f6b404e4651c221a"}, "modules": {"ptd_client_server.lib.client": "lib/client.py", "ptd_client_server.lib.common": "lib/common.py", "ptd_client_server.lib.external.ntplib": "lib/external/ntplib.py", "ptd_client_server.lib.source_hashes": "lib/source_hashes.py", "ptd_client_server.lib.summary": "lib/summary.py", "ptd_client_server.lib.time_sync": "lib/time_sync.py"}}
client 2023-08-16 08:52:16,071 [INFO] Running workload in ranging mode
client 2023-08-16 08:52:16,071 [INFO] Synchronizing with the server and with time.google.com...
client 2023-08-16 08:52:16,166 [INFO] NTP:offset = 0.000 s, delay = 0.094 s 
client 2023-08-16 08:52:16,167 [INFO] Sending command to the server: 'time'
client 2023-08-16 08:52:16,168 [INFO] Got response: '1692193936.1677675'
client 2023-08-16 08:52:16,168 [INFO] The time difference between the client and the server is within range -0.760 ms..0.926 ms
client 2023-08-16 08:52:16,168 [INFO] Sending command to the server: 'session,2023-08-16_08-52-16,start,ranging'
client 2023-08-16 08:52:45,260 [INFO] Got response: 'OK'
client 2023-08-16 08:52:45,260 [INFO] Sending command to the server: 'time'
client 2023-08-16 08:52:45,262 [INFO] Got response: '1692193965.261498'
client 2023-08-16 08:52:45,262 [INFO] The time difference between the client and the server is within range -0.720 ms..0.971 ms
client 2023-08-16 08:52:45,262 [INFO] Running the workload 'axs byquery loadgen_output,object_detection,sut_name=se450_q4_std,model_name=retinanet,framework=kilt,device=qaic,loadgen_mode=PerformanceOnly,loadgen_compliance_test-,loadgen_scenario=MultiStream,_with_power+,symlink_to=/home/krai/work_collection/generated_by_power_measurement_on_run_ac45db8db7a7449d9b879a241c0d296a/last_mlperf_logs,power_client_entrydic_path=/home/krai/work_collection/generated_by_power_measurement_on_run_ac45db8db7a7449d9b879a241c0d296a/program_output.json'
client 2023-08-16 09:02:59,796 [INFO] Sending command to the server: 'time'
client 2023-08-16 09:02:59,798 [INFO] Got response: '1692194579.7976098'
client 2023-08-16 09:02:59,798 [INFO] The time difference between the client and the server is within range -1.616 ms..0.675 ms
client 2023-08-16 09:02:59,798 [INFO] Sending command to the server: 'session,2023-08-16_08-52-16,stop,ranging'
client 2023-08-16 09:03:10,299 [INFO] Got response: 'OK'
client 2023-08-16 09:03:10,299 [INFO] Sending command to the server: 'time'
client 2023-08-16 09:03:10,300 [INFO] Got response: '1692194590.3003798'
client 2023-08-16 09:03:10,300 [INFO] The time difference between the client and the server is within range -0.491 ms..0.385 ms
client 2023-08-16 09:03:10,310 [INFO] Copying loadgen logs from '/home/krai/work_collection/generated_by_power_measurement_on_run_ac45db8db7a7449d9b879a241c0d296a/last_mlperf_logs' to '/home/krai/work_collection/generated_by_power_measurement_on_run_ac45db8db7a7449d9b879a241c0d296a/power_logs/ranging'
client 2023-08-16 09:03:10,311 [INFO] Running workload in testing mode
client 2023-08-16 09:03:10,311 [INFO] Synchronizing with the server and with time.google.com...
client 2023-08-16 09:03:10,379 [INFO] NTP:offset = -0.000 s, delay = 0.066 s 
client 2023-08-16 09:03:10,379 [INFO] Sending command to the server: 'time'
client 2023-08-16 09:03:10,381 [INFO] Got response: '1692194590.380845'
client 2023-08-16 09:03:10,381 [INFO] The time difference between the client and the server is within range -1.128 ms..0.289 ms
client 2023-08-16 09:03:10,381 [INFO] Sending command to the server: 'session,2023-08-16_08-52-16,start,testing'
client 2023-08-16 09:03:23,392 [INFO] Got response: 'OK'
client 2023-08-16 09:03:23,392 [INFO] Sending command to the server: 'time'
client 2023-08-16 09:03:23,393 [INFO] Got response: '1692194603.393392'
client 2023-08-16 09:03:23,394 [INFO] The time difference between the client and the server is within range -1.065 ms..0.598 ms
client 2023-08-16 09:03:23,394 [INFO] Running the workload 'axs byquery loadgen_output,object_detection,sut_name=se450_q4_std,model_name=retinanet,framework=kilt,device=qaic,loadgen_mode=PerformanceOnly,loadgen_compliance_test-,loadgen_scenario=MultiStream,_with_power+,symlink_to=/home/krai/work_collection/generated_by_power_measurement_on_run_ac45db8db7a7449d9b879a241c0d296a/last_mlperf_logs,power_client_entrydic_path=/home/krai/work_collection/generated_by_power_measurement_on_run_ac45db8db7a7449d9b879a241c0d296a/program_output.json'
client 2023-08-16 09:13:37,857 [INFO] Sending command to the server: 'time'
client 2023-08-16 09:13:37,859 [INFO] Got response: '1692195217.8594143'
client 2023-08-16 09:13:37,859 [INFO] The time difference between the client and the server is within range -2.195 ms..0.006 ms
client 2023-08-16 09:13:37,859 [INFO] Sending command to the server: 'session,2023-08-16_08-52-16,stop,testing'
client 2023-08-16 09:13:48,400 [INFO] Got response: 'OK'
client 2023-08-16 09:13:48,400 [INFO] Sending command to the server: 'time'
client 2023-08-16 09:13:48,401 [INFO] Got response: '1692195228.4019144'
client 2023-08-16 09:13:48,401 [INFO] The time difference between the client and the server is within range -1.200 ms..-0.197 ms
client 2023-08-16 09:13:48,403 [INFO] Copying loadgen logs from '/home/krai/work_collection/generated_by_power_measurement_on_run_ac45db8db7a7449d9b879a241c0d296a/last_mlperf_logs' to '/home/krai/work_collection/generated_by_power_measurement_on_run_ac45db8db7a7449d9b879a241c0d296a/power_logs/run_1'
client 2023-08-16 09:13:48,404 [INFO] Done runs
