client 2023-07-11 13:37:21,077 [INFO] Creating output directory '/home/arjun/mobilenet_results/valid_results/orin-tflite_armnn_cpp-cpu-armnn_tflite-v22.11-using_neon/mobilenet-v2-precision_uint8-0.5-224/singlestream/performance/tmp_power'
client 2023-07-11 13:37:21,080 [INFO] Sending command to the server: 'mlcommons/power client v3'
client 2023-07-11 13:37:21,082 [INFO] Got response: 'mlcommons/power server v3'
client 2023-07-11 13:37:21,082 [INFO] Synchronizing with the server and with time.google.com...
client 2023-07-11 13:37:21,100 [INFO] NTP:offset = -0.006 s, delay = 0.014 s 
client 2023-07-11 13:37:21,101 [INFO] Sending command to the server: 'time'
client 2023-07-11 13:37:21,104 [INFO] Got response: '1689079041.054448'
client 2023-07-11 13:37:21,104 [INFO] The time difference between the client and the server is within range 46.670 ms..49.627 ms
client 2023-07-11 13:37:21,104 [INFO] Sending command to the server: 'new,,cad7ef85-e876-489c-8e4e-e7fb9621066d'
client 2023-07-11 13:37:21,106 [INFO] Got response: 'OK 2023-07-11_13-37-21,ae6433b6-8bc2-4895-b2ca-3200196ec980'
client 2023-07-11 13:37:21,106 [INFO] Session id is '2023-07-11_13-37-21'
client 2023-07-11 13:37:21,107 [INFO] Sources: {"sources": {"__init__.py": "da39a3ee5e6b4b0d3255bfef95601890afd80709", "client.py": "33ca4f26368777ac06e01f9567b714a4b8063886", "lib/__init__.py": "da39a3ee5e6b4b0d3255bfef95601890afd80709", "lib/client.py": "ac2aa093c8e8bbc9569b9e2a3471bc64e58a2258", "lib/common.py": "611d8b29633d331eb19c9455ea3b5fa3284ed6df", "lib/external/__init__.py": "da39a3ee5e6b4b0d3255bfef95601890afd80709", "lib/external/ntplib.py": "4da8f970656505a40483206ef2b5d3dd5e81711d", "lib/server.py": "c7af63c31bb2fbedea4345f571f6e3507d268ada", "lib/source_hashes.py": "60a2e02193209e8d392803326208d5466342da18", "lib/summary.py": "aa92f0a3f975eecd44d3c0cd0236342ccc9f941d", "lib/time_sync.py": "122eba67a9abc85635223e054def53be1367ade2", "server.py": "c3f90f2f7eeb4db30727556d0c815ebc89b3d28b", "tests/unit/__init__.py": "da39a3ee5e6b4b0d3255bfef95601890afd80709", "tests/unit/test_server.py": "948c1995d4008bc2aa6c4046a34ffa3858d6d671", "tests/unit/test_source_hashes.py": "00468a2907583c593e6574a1f6b404e4651c221a"}, "modules": {"ptd_client_server.lib.client": "lib/client.py", "ptd_client_server.lib.common": "lib/common.py", "ptd_client_server.lib.external.ntplib": "lib/external/ntplib.py", "ptd_client_server.lib.source_hashes": "lib/source_hashes.py", "ptd_client_server.lib.summary": "lib/summary.py", "ptd_client_server.lib.time_sync": "lib/time_sync.py"}}
client 2023-07-11 13:37:21,107 [INFO] Running workload in ranging mode
client 2023-07-11 13:37:21,107 [INFO] Synchronizing with the server and with time.google.com...
client 2023-07-11 13:37:21,122 [INFO] NTP:offset = -0.005 s, delay = 0.014 s 
client 2023-07-11 13:37:21,122 [INFO] Sending command to the server: 'time'
client 2023-07-11 13:37:21,124 [INFO] Got response: '1689079041.0845408'
client 2023-07-11 13:37:21,124 [INFO] The time difference between the client and the server is within range 37.948 ms..40.325 ms
client 2023-07-11 13:37:21,124 [INFO] Sending command to the server: 'session,2023-07-11_13-37-21,start,ranging'
client 2023-07-11 13:37:49,769 [INFO] Got response: 'OK'
client 2023-07-11 13:37:49,770 [INFO] Sending command to the server: 'time'
client 2023-07-11 13:37:49,774 [INFO] Got response: '1689079069.732659'
client 2023-07-11 13:37:49,775 [INFO] The time difference between the client and the server is within range 38.283 ms..42.400 ms
client 2023-07-11 13:37:49,775 [INFO] Running the workload 'CM_MLPERF_RUN_COUNT=$(cat ${CM_RUN_DIR}/count.txt); echo ${CM_MLPERF_RUN_COUNT}; CM_MLPERF_RUN_COUNT=$((CM_MLPERF_RUN_COUNT+1)); echo ${CM_MLPERF_RUN_COUNT} > ${CM_RUN_DIR}/count.txt && if [ ${CM_MLPERF_RUN_COUNT} -eq "1" ]; then export CM_MLPERF_USER_CONF=${CM_MLPERF_RANGING_USER_CONF}; else export CM_MLPERF_USER_CONF=${CM_MLPERF_TESTING_USER_CONF}; fi && /home/arjun/run.out'
client 2023-07-11 13:42:51,384 [INFO] Sending command to the server: 'time'
client 2023-07-11 13:42:51,468 [INFO] Got response: '1689079371.4233403'
client 2023-07-11 13:42:51,469 [INFO] The time difference between the client and the server is within range -38.899 ms..46.494 ms
client 2023-07-11 13:42:51,470 [INFO] Sending command to the server: 'session,2023-07-11_13-37-21,stop,ranging'
client 2023-07-11 13:43:02,002 [INFO] Got response: 'OK'
client 2023-07-11 13:43:02,003 [INFO] Sending command to the server: 'time'
client 2023-07-11 13:43:02,006 [INFO] Got response: '1689079381.962931'
client 2023-07-11 13:43:02,006 [INFO] The time difference between the client and the server is within range 40.246 ms..43.679 ms
client 2023-07-11 13:43:02,036 [INFO] Copying loadgen logs from '/home/arjun/mobilenet_results/valid_results/orin-tflite_armnn_cpp-cpu-armnn_tflite-v22.11-using_neon/mobilenet-v2-precision_uint8-0.5-224/singlestream/performance/run_1' to '/home/arjun/mobilenet_results/valid_results/orin-tflite_armnn_cpp-cpu-armnn_tflite-v22.11-using_neon/mobilenet-v2-precision_uint8-0.5-224/singlestream/performance/tmp_power/ranging'
client 2023-07-11 13:43:02,039 [INFO] Running workload in testing mode
client 2023-07-11 13:43:02,039 [INFO] Synchronizing with the server and with time.google.com...
client 2023-07-11 13:43:02,059 [INFO] NTP:offset = -0.004 s, delay = 0.015 s 
client 2023-07-11 13:43:02,059 [INFO] Sending command to the server: 'time'
client 2023-07-11 13:43:02,062 [INFO] Got response: '1689079382.0136285'
client 2023-07-11 13:43:02,062 [INFO] The time difference between the client and the server is within range 45.935 ms..48.941 ms
client 2023-07-11 13:43:02,062 [INFO] Sending command to the server: 'session,2023-07-11_13-37-21,start,testing'
client 2023-07-11 13:43:15,084 [INFO] Got response: 'OK'
client 2023-07-11 13:43:15,085 [INFO] Sending command to the server: 'time'
client 2023-07-11 13:43:15,088 [INFO] Got response: '1689079395.0404134'
client 2023-07-11 13:43:15,088 [INFO] The time difference between the client and the server is within range 44.880 ms..48.000 ms
client 2023-07-11 13:43:15,088 [INFO] Running the workload 'CM_MLPERF_RUN_COUNT=$(cat ${CM_RUN_DIR}/count.txt); echo ${CM_MLPERF_RUN_COUNT}; CM_MLPERF_RUN_COUNT=$((CM_MLPERF_RUN_COUNT+1)); echo ${CM_MLPERF_RUN_COUNT} > ${CM_RUN_DIR}/count.txt && if [ ${CM_MLPERF_RUN_COUNT} -eq "1" ]; then export CM_MLPERF_USER_CONF=${CM_MLPERF_RANGING_USER_CONF}; else export CM_MLPERF_USER_CONF=${CM_MLPERF_TESTING_USER_CONF}; fi && /home/arjun/run.out'
client 2023-07-11 13:53:17,942 [INFO] Sending command to the server: 'time'
client 2023-07-11 13:53:17,945 [INFO] Got response: '1689079997.893645'
client 2023-07-11 13:53:17,945 [INFO] The time difference between the client and the server is within range 49.178 ms..52.237 ms
client 2023-07-11 13:53:17,946 [INFO] Sending command to the server: 'session,2023-07-11_13-37-21,stop,testing'
client 2023-07-11 13:53:28,505 [INFO] Got response: 'OK'
client 2023-07-11 13:53:28,506 [INFO] Sending command to the server: 'time'
client 2023-07-11 13:53:28,509 [INFO] Got response: '1689080008.4613702'
client 2023-07-11 13:53:28,509 [INFO] The time difference between the client and the server is within range 45.088 ms..47.945 ms
client 2023-07-11 13:53:28,514 [INFO] Copying loadgen logs from '/home/arjun/mobilenet_results/valid_results/orin-tflite_armnn_cpp-cpu-armnn_tflite-v22.11-using_neon/mobilenet-v2-precision_uint8-0.5-224/singlestream/performance/run_1' to '/home/arjun/mobilenet_results/valid_results/orin-tflite_armnn_cpp-cpu-armnn_tflite-v22.11-using_neon/mobilenet-v2-precision_uint8-0.5-224/singlestream/performance/tmp_power/run_1'
client 2023-07-11 13:53:28,516 [INFO] Done runs
