client 2023-08-11 04:13:41,125 [INFO] Creating output directory '/home/krai/work_collection/generated_by_power_measurement_on_run_8d0cc21c97d1436d87c092ec918aa585/power_logs'
client 2023-08-11 04:13:41,126 [INFO] Sending command to the server: 'mlcommons/power client v3'
client 2023-08-11 04:13:41,127 [INFO] Got response: 'mlcommons/power server v3'
client 2023-08-11 04:13:41,127 [INFO] Synchronizing with the server and with time.google.com...
client 2023-08-11 04:13:41,267 [INFO] NTP:offset = -0.002 s, delay = 0.070 s 
client 2023-08-11 04:13:41,268 [INFO] Sending command to the server: 'time'
client 2023-08-11 04:13:41,269 [INFO] Got response: '1691745221.267381'
client 2023-08-11 04:13:41,269 [INFO] The time difference between the client and the server is within range 0.709 ms..2.305 ms
client 2023-08-11 04:13:41,269 [INFO] Sending command to the server: 'new,,80b4523b-36a5-4e14-9185-9eafc3722444'
client 2023-08-11 04:13:41,271 [INFO] Got response: 'OK 2023-08-11_04-13-41,05b3a896-5d64-46ed-a638-f8c0c58acd9f'
client 2023-08-11 04:13:41,271 [INFO] Session id is '2023-08-11_04-13-41'
client 2023-08-11 04:13:41,271 [INFO] Sources: {"sources": {"__init__.py": "da39a3ee5e6b4b0d3255bfef95601890afd80709", "client.py": "33ca4f26368777ac06e01f9567b714a4b8063886", "lib/__init__.py": "da39a3ee5e6b4b0d3255bfef95601890afd80709", "lib/client.py": "ac2aa093c8e8bbc9569b9e2a3471bc64e58a2258", "lib/common.py": "611d8b29633d331eb19c9455ea3b5fa3284ed6df", "lib/external/__init__.py": "da39a3ee5e6b4b0d3255bfef95601890afd80709", "lib/external/ntplib.py": "4da8f970656505a40483206ef2b5d3dd5e81711d", "lib/server.py": "c7af63c31bb2fbedea4345f571f6e3507d268ada", "lib/source_hashes.py": "60a2e02193209e8d392803326208d5466342da18", "lib/summary.py": "aa92f0a3f975eecd44d3c0cd0236342ccc9f941d", "lib/time_sync.py": "80894ef2389e540781ff78de94db16aa4203a14e", "server.py": "c3f90f2f7eeb4db30727556d0c815ebc89b3d28b", "tests/unit/__init__.py": "da39a3ee5e6b4b0d3255bfef95601890afd80709", "tests/unit/test_server.py": "948c1995d4008bc2aa6c4046a34ffa3858d6d671", "tests/unit/test_source_hashes.py": "00468a2907583c593e6574a1f6b404e4651c221a"}, "modules": {"ptd_client_server.lib.client": "lib/client.py", "ptd_client_server.lib.common": "lib/common.py", "ptd_client_server.lib.external.ntplib": "lib/external/ntplib.py", "ptd_client_server.lib.source_hashes": "lib/source_hashes.py", "ptd_client_server.lib.summary": "lib/summary.py", "ptd_client_server.lib.time_sync": "lib/time_sync.py"}}
client 2023-08-11 04:13:41,272 [INFO] Running workload in ranging mode
client 2023-08-11 04:13:41,272 [INFO] Synchronizing with the server and with time.google.com...
client 2023-08-11 04:13:41,347 [INFO] NTP:offset = 0.000 s, delay = 0.074 s 
client 2023-08-11 04:13:41,348 [INFO] Sending command to the server: 'time'
client 2023-08-11 04:13:41,349 [INFO] Got response: '1691745221.3472724'
client 2023-08-11 04:13:41,349 [INFO] The time difference between the client and the server is within range 0.716 ms..2.465 ms
client 2023-08-11 04:13:41,349 [INFO] Sending command to the server: 'session,2023-08-11_04-13-41,start,ranging'
client 2023-08-11 04:14:10,911 [INFO] Got response: 'OK'
client 2023-08-11 04:14:10,911 [INFO] Sending command to the server: 'time'
client 2023-08-11 04:14:10,913 [INFO] Got response: '1691745250.9110572'
client 2023-08-11 04:14:10,913 [INFO] The time difference between the client and the server is within range 0.819 ms..2.254 ms
client 2023-08-11 04:14:10,913 [INFO] Running the workload 'axs byquery loadgen_output,object_detection,model_name=retinanet,framework=kilt,device=qaic,sut_name=se450_q4_std,loadgen_mode=PerformanceOnly,loadgen_scenario=SingleStream,loadgen_compliance_test-,_with_power+,symlink_to=/home/krai/work_collection/generated_by_power_measurement_on_run_8d0cc21c97d1436d87c092ec918aa585/last_mlperf_logs,power_client_entrydic_path=/home/krai/work_collection/generated_by_power_measurement_on_run_8d0cc21c97d1436d87c092ec918aa585/program_output.json'
client 2023-08-11 04:24:16,297 [INFO] Sending command to the server: 'time'
client 2023-08-11 04:24:16,299 [INFO] Got response: '1691745856.2979224'
client 2023-08-11 04:24:16,300 [INFO] The time difference between the client and the server is within range -0.231 ms..2.053 ms
client 2023-08-11 04:24:16,300 [INFO] Sending command to the server: 'session,2023-08-11_04-13-41,stop,ranging'
client 2023-08-11 04:24:26,937 [INFO] Got response: 'OK'
client 2023-08-11 04:24:26,937 [INFO] Sending command to the server: 'time'
client 2023-08-11 04:24:26,938 [INFO] Got response: '1691745866.9364576'
client 2023-08-11 04:24:26,938 [INFO] The time difference between the client and the server is within range 0.880 ms..1.825 ms
client 2023-08-11 04:24:26,947 [INFO] Copying loadgen logs from '/home/krai/work_collection/generated_by_power_measurement_on_run_8d0cc21c97d1436d87c092ec918aa585/last_mlperf_logs' to '/home/krai/work_collection/generated_by_power_measurement_on_run_8d0cc21c97d1436d87c092ec918aa585/power_logs/ranging'
client 2023-08-11 04:24:26,948 [INFO] Running workload in testing mode
client 2023-08-11 04:24:26,949 [INFO] Synchronizing with the server and with time.google.com...
client 2023-08-11 04:24:27,042 [INFO] NTP:offset = 0.004 s, delay = 0.092 s 
client 2023-08-11 04:24:27,042 [INFO] Sending command to the server: 'time'
client 2023-08-11 04:24:27,044 [INFO] Got response: '1691745867.0424397'
client 2023-08-11 04:24:27,044 [INFO] The time difference between the client and the server is within range 0.300 ms..1.966 ms
client 2023-08-11 04:24:27,044 [INFO] Sending command to the server: 'session,2023-08-11_04-13-41,start,testing'
client 2023-08-11 04:24:40,062 [INFO] Got response: 'OK'
client 2023-08-11 04:24:40,063 [INFO] Sending command to the server: 'time'
client 2023-08-11 04:24:40,064 [INFO] Got response: '1691745880.0626934'
client 2023-08-11 04:24:40,064 [INFO] The time difference between the client and the server is within range 0.349 ms..1.967 ms
client 2023-08-11 04:24:40,064 [INFO] Running the workload 'axs byquery loadgen_output,object_detection,model_name=retinanet,framework=kilt,device=qaic,sut_name=se450_q4_std,loadgen_mode=PerformanceOnly,loadgen_scenario=SingleStream,loadgen_compliance_test-,_with_power+,symlink_to=/home/krai/work_collection/generated_by_power_measurement_on_run_8d0cc21c97d1436d87c092ec918aa585/last_mlperf_logs,power_client_entrydic_path=/home/krai/work_collection/generated_by_power_measurement_on_run_8d0cc21c97d1436d87c092ec918aa585/program_output.json'
client 2023-08-11 04:34:45,408 [INFO] Sending command to the server: 'time'
client 2023-08-11 04:34:45,410 [INFO] Got response: '1691746485.4091446'
client 2023-08-11 04:34:45,410 [INFO] The time difference between the client and the server is within range -0.456 ms..1.781 ms
client 2023-08-11 04:34:45,411 [INFO] Sending command to the server: 'session,2023-08-11_04-13-41,stop,testing'
client 2023-08-11 04:34:56,112 [INFO] Got response: 'OK'
client 2023-08-11 04:34:56,113 [INFO] Sending command to the server: 'time'
client 2023-08-11 04:34:56,114 [INFO] Got response: '1691746496.1131701'
client 2023-08-11 04:34:56,114 [INFO] The time difference between the client and the server is within range 0.088 ms..1.746 ms
client 2023-08-11 04:34:56,116 [INFO] Copying loadgen logs from '/home/krai/work_collection/generated_by_power_measurement_on_run_8d0cc21c97d1436d87c092ec918aa585/last_mlperf_logs' to '/home/krai/work_collection/generated_by_power_measurement_on_run_8d0cc21c97d1436d87c092ec918aa585/power_logs/run_1'
client 2023-08-11 04:34:56,117 [INFO] Done runs
