client 2023-08-07 12:55:59,842 [INFO] Creating output directory '/home/arjun/mobilenet_results/valid_results/orin-tflite_armnn_cpp-cpu-armnn_tflite-v23.05-using_neon/mobilenet-v2-precision_uint8-0.5-224/singlestream/performance/tmp_power'
client 2023-08-07 12:55:59,844 [INFO] Sending command to the server: 'mlcommons/power client v3'
client 2023-08-07 12:55:59,847 [INFO] Got response: 'mlcommons/power server v3'
client 2023-08-07 12:55:59,847 [INFO] Synchronizing with the server and with time.google.com...
client 2023-08-07 12:55:59,864 [INFO] NTP:offset = -0.001 s, delay = 0.014 s 
client 2023-08-07 12:55:59,864 [INFO] Sending command to the server: 'time'
client 2023-08-07 12:55:59,868 [INFO] Got response: '1691409359.7268107'
client 2023-08-07 12:55:59,868 [INFO] The time difference between the client and the server is within range 138.144 ms..141.793 ms
client 2023-08-07 12:55:59,868 [INFO] Sending command to the server: 'new,,9980f587-2eee-4f4f-a4b3-761c74710868'
client 2023-08-07 12:55:59,872 [INFO] Got response: 'OK 2023-08-07_12-55-59,10347a32-565e-44eb-996c-b932a5ccc417'
client 2023-08-07 12:55:59,872 [INFO] Session id is '2023-08-07_12-55-59'
client 2023-08-07 12:55:59,872 [INFO] Sources: {"sources": {"__init__.py": "da39a3ee5e6b4b0d3255bfef95601890afd80709", "client.py": "33ca4f26368777ac06e01f9567b714a4b8063886", "lib/__init__.py": "da39a3ee5e6b4b0d3255bfef95601890afd80709", "lib/client.py": "ac2aa093c8e8bbc9569b9e2a3471bc64e58a2258", "lib/common.py": "611d8b29633d331eb19c9455ea3b5fa3284ed6df", "lib/external/__init__.py": "da39a3ee5e6b4b0d3255bfef95601890afd80709", "lib/external/ntplib.py": "4da8f970656505a40483206ef2b5d3dd5e81711d", "lib/server.py": "c7af63c31bb2fbedea4345f571f6e3507d268ada", "lib/source_hashes.py": "60a2e02193209e8d392803326208d5466342da18", "lib/summary.py": "aa92f0a3f975eecd44d3c0cd0236342ccc9f941d", "lib/time_sync.py": "122eba67a9abc85635223e054def53be1367ade2", "server.py": "c3f90f2f7eeb4db30727556d0c815ebc89b3d28b", "tests/unit/__init__.py": "da39a3ee5e6b4b0d3255bfef95601890afd80709", "tests/unit/test_server.py": "948c1995d4008bc2aa6c4046a34ffa3858d6d671", "tests/unit/test_source_hashes.py": "00468a2907583c593e6574a1f6b404e4651c221a"}, "modules": {"ptd_client_server.lib.client": "lib/client.py", "ptd_client_server.lib.common": "lib/common.py", "ptd_client_server.lib.external.ntplib": "lib/external/ntplib.py", "ptd_client_server.lib.source_hashes": "lib/source_hashes.py", "ptd_client_server.lib.summary": "lib/summary.py", "ptd_client_server.lib.time_sync": "lib/time_sync.py"}}
client 2023-08-07 12:55:59,873 [INFO] Running workload in ranging mode
client 2023-08-07 12:55:59,873 [INFO] Synchronizing with the server and with time.google.com...
client 2023-08-07 12:55:59,886 [INFO] NTP:offset = -0.001 s, delay = 0.013 s 
client 2023-08-07 12:55:59,886 [INFO] Sending command to the server: 'time'
client 2023-08-07 12:55:59,891 [INFO] Got response: '1691409359.7463222'
client 2023-08-07 12:55:59,891 [INFO] The time difference between the client and the server is within range 140.414 ms..144.866 ms
client 2023-08-07 12:55:59,891 [INFO] Sending command to the server: 'session,2023-08-07_12-55-59,start,ranging'
client 2023-08-07 12:56:28,684 [INFO] Got response: 'OK'
client 2023-08-07 12:56:28,684 [INFO] Sending command to the server: 'time'
client 2023-08-07 12:56:28,688 [INFO] Got response: '1691409388.541667'
client 2023-08-07 12:56:28,688 [INFO] The time difference between the client and the server is within range 143.094 ms..147.081 ms
client 2023-08-07 12:56:28,688 [INFO] Running the workload 'CM_MLPERF_RUN_COUNT=$(cat ${CM_RUN_DIR}/count.txt); echo ${CM_MLPERF_RUN_COUNT}; CM_MLPERF_RUN_COUNT=$((CM_MLPERF_RUN_COUNT+1)); echo ${CM_MLPERF_RUN_COUNT} > ${CM_RUN_DIR}/count.txt && if [ ${CM_MLPERF_RUN_COUNT} -eq "1" ]; then export CM_MLPERF_USER_CONF=${CM_MLPERF_RANGING_USER_CONF}; else export CM_MLPERF_USER_CONF=${CM_MLPERF_TESTING_USER_CONF}; fi && /mount/CM/repos/ctuning@mlcommons-ck/cm-mlops/script/run-all-mlperf-models/run.out'
client 2023-08-07 13:01:30,016 [INFO] Sending command to the server: 'time'
client 2023-08-07 13:01:30,031 [INFO] Got response: '1691409689.8831246'
client 2023-08-07 13:01:30,031 [INFO] The time difference between the client and the server is within range 133.577 ms..148.816 ms
client 2023-08-07 13:01:30,032 [INFO] Sending command to the server: 'session,2023-08-07_12-55-59,stop,ranging'
client 2023-08-07 13:01:41,052 [INFO] Got response: 'OK'
client 2023-08-07 13:01:41,052 [INFO] Sending command to the server: 'time'
client 2023-08-07 13:01:41,056 [INFO] Got response: '1691409700.9114263'
client 2023-08-07 13:01:41,056 [INFO] The time difference between the client and the server is within range 141.085 ms..144.760 ms
client 2023-08-07 13:01:41,059 [INFO] Copying loadgen logs from '/home/arjun/mobilenet_results/valid_results/orin-tflite_armnn_cpp-cpu-armnn_tflite-v23.05-using_neon/mobilenet-v2-precision_uint8-0.5-224/singlestream/performance/run_1' to '/home/arjun/mobilenet_results/valid_results/orin-tflite_armnn_cpp-cpu-armnn_tflite-v23.05-using_neon/mobilenet-v2-precision_uint8-0.5-224/singlestream/performance/tmp_power/ranging'
client 2023-08-07 13:01:41,060 [INFO] Running workload in testing mode
client 2023-08-07 13:01:41,060 [INFO] Synchronizing with the server and with time.google.com...
client 2023-08-07 13:01:41,076 [INFO] NTP:offset = -0.001 s, delay = 0.014 s 
client 2023-08-07 13:01:41,076 [INFO] Sending command to the server: 'time'
client 2023-08-07 13:01:41,079 [INFO] Got response: '1691409700.931934'
client 2023-08-07 13:01:41,079 [INFO] The time difference between the client and the server is within range 144.436 ms..147.720 ms
client 2023-08-07 13:01:41,079 [INFO] Sending command to the server: 'session,2023-08-07_12-55-59,start,testing'
client 2023-08-07 13:01:54,133 [INFO] Got response: 'OK'
client 2023-08-07 13:01:54,133 [INFO] Sending command to the server: 'time'
client 2023-08-07 13:01:54,145 [INFO] Got response: '1691409713.996044'
client 2023-08-07 13:01:54,146 [INFO] The time difference between the client and the server is within range 137.503 ms..150.007 ms
client 2023-08-07 13:01:54,146 [INFO] Running the workload 'CM_MLPERF_RUN_COUNT=$(cat ${CM_RUN_DIR}/count.txt); echo ${CM_MLPERF_RUN_COUNT}; CM_MLPERF_RUN_COUNT=$((CM_MLPERF_RUN_COUNT+1)); echo ${CM_MLPERF_RUN_COUNT} > ${CM_RUN_DIR}/count.txt && if [ ${CM_MLPERF_RUN_COUNT} -eq "1" ]; then export CM_MLPERF_USER_CONF=${CM_MLPERF_RANGING_USER_CONF}; else export CM_MLPERF_USER_CONF=${CM_MLPERF_TESTING_USER_CONF}; fi && /mount/CM/repos/ctuning@mlcommons-ck/cm-mlops/script/run-all-mlperf-models/run.out'
client 2023-08-07 13:11:56,407 [INFO] Sending command to the server: 'time'
client 2023-08-07 13:11:56,415 [INFO] Got response: '1691410316.257186'
client 2023-08-07 13:11:56,415 [INFO] The time difference between the client and the server is within range 150.209 ms..158.680 ms
client 2023-08-07 13:11:56,415 [INFO] Sending command to the server: 'session,2023-08-07_12-55-59,stop,testing'
client 2023-08-07 13:12:07,466 [INFO] Got response: 'OK'
client 2023-08-07 13:12:07,466 [INFO] Sending command to the server: 'time'
client 2023-08-07 13:12:07,469 [INFO] Got response: '1691410327.3165092'
client 2023-08-07 13:12:07,469 [INFO] The time difference between the client and the server is within range 150.239 ms..152.756 ms
client 2023-08-07 13:12:07,470 [INFO] Copying loadgen logs from '/home/arjun/mobilenet_results/valid_results/orin-tflite_armnn_cpp-cpu-armnn_tflite-v23.05-using_neon/mobilenet-v2-precision_uint8-0.5-224/singlestream/performance/run_1' to '/home/arjun/mobilenet_results/valid_results/orin-tflite_armnn_cpp-cpu-armnn_tflite-v23.05-using_neon/mobilenet-v2-precision_uint8-0.5-224/singlestream/performance/tmp_power/run_1'
client 2023-08-07 13:12:07,470 [INFO] Done runs
