client 2023-08-07 05:01:53,983 [INFO] Creating output directory '/home/arjun/mobilenet_results/valid_results/orin-tflite_armnn_cpp-cpu-armnn_tflite-v23.05-using_neon/mobilenet-v1-precision_float-0.5-160/singlestream/performance/tmp_power'
client 2023-08-07 05:01:53,985 [INFO] Sending command to the server: 'mlcommons/power client v3'
client 2023-08-07 05:01:53,988 [INFO] Got response: 'mlcommons/power server v3'
client 2023-08-07 05:01:53,988 [INFO] Synchronizing with the server and with time.google.com...
client 2023-08-07 05:01:54,004 [INFO] NTP:offset = -0.001 s, delay = 0.013 s 
client 2023-08-07 05:01:54,004 [INFO] Sending command to the server: 'time'
client 2023-08-07 05:01:54,008 [INFO] Got response: '1691380914.0294986'
client 2023-08-07 05:01:54,008 [INFO] The time difference between the client and the server is within range -24.616 ms..-21.273 ms
client 2023-08-07 05:01:54,008 [INFO] Sending command to the server: 'new,,b1b4d786-8dad-49f1-8ce8-ca824d5f7af6'
client 2023-08-07 05:01:54,012 [INFO] Got response: 'OK 2023-08-07_05-01-54,96a3c104-08b5-402e-8011-f9ac4dddd3ce'
client 2023-08-07 05:01:54,012 [INFO] Session id is '2023-08-07_05-01-54'
client 2023-08-07 05:01:54,012 [INFO] Sources: {"sources": {"__init__.py": "da39a3ee5e6b4b0d3255bfef95601890afd80709", "client.py": "33ca4f26368777ac06e01f9567b714a4b8063886", "lib/__init__.py": "da39a3ee5e6b4b0d3255bfef95601890afd80709", "lib/client.py": "ac2aa093c8e8bbc9569b9e2a3471bc64e58a2258", "lib/common.py": "611d8b29633d331eb19c9455ea3b5fa3284ed6df", "lib/external/__init__.py": "da39a3ee5e6b4b0d3255bfef95601890afd80709", "lib/external/ntplib.py": "4da8f970656505a40483206ef2b5d3dd5e81711d", "lib/server.py": "c7af63c31bb2fbedea4345f571f6e3507d268ada", "lib/source_hashes.py": "60a2e02193209e8d392803326208d5466342da18", "lib/summary.py": "aa92f0a3f975eecd44d3c0cd0236342ccc9f941d", "lib/time_sync.py": "122eba67a9abc85635223e054def53be1367ade2", "server.py": "c3f90f2f7eeb4db30727556d0c815ebc89b3d28b", "tests/unit/__init__.py": "da39a3ee5e6b4b0d3255bfef95601890afd80709", "tests/unit/test_server.py": "948c1995d4008bc2aa6c4046a34ffa3858d6d671", "tests/unit/test_source_hashes.py": "00468a2907583c593e6574a1f6b404e4651c221a"}, "modules": {"ptd_client_server.lib.client": "lib/client.py", "ptd_client_server.lib.common": "lib/common.py", "ptd_client_server.lib.external.ntplib": "lib/external/ntplib.py", "ptd_client_server.lib.source_hashes": "lib/source_hashes.py", "ptd_client_server.lib.summary": "lib/summary.py", "ptd_client_server.lib.time_sync": "lib/time_sync.py"}}
client 2023-08-07 05:01:54,012 [INFO] Running workload in ranging mode
client 2023-08-07 05:01:54,012 [INFO] Synchronizing with the server and with time.google.com...
client 2023-08-07 05:01:54,024 [INFO] NTP:offset = -0.002 s, delay = 0.011 s 
client 2023-08-07 05:01:54,024 [INFO] Sending command to the server: 'time'
client 2023-08-07 05:01:54,032 [INFO] Got response: '1691380914.0590646'
client 2023-08-07 05:01:54,033 [INFO] The time difference between the client and the server is within range -34.110 ms..-26.058 ms
client 2023-08-07 05:01:54,033 [INFO] Sending command to the server: 'session,2023-08-07_05-01-54,start,ranging'
client 2023-08-07 05:02:22,714 [INFO] Got response: 'OK'
client 2023-08-07 05:02:22,714 [INFO] Sending command to the server: 'time'
client 2023-08-07 05:02:22,717 [INFO] Got response: '1691380942.7373524'
client 2023-08-07 05:02:22,717 [INFO] The time difference between the client and the server is within range -22.815 ms..-19.440 ms
client 2023-08-07 05:02:22,717 [INFO] Running the workload 'CM_MLPERF_RUN_COUNT=$(cat ${CM_RUN_DIR}/count.txt); echo ${CM_MLPERF_RUN_COUNT}; CM_MLPERF_RUN_COUNT=$((CM_MLPERF_RUN_COUNT+1)); echo ${CM_MLPERF_RUN_COUNT} > ${CM_RUN_DIR}/count.txt && if [ ${CM_MLPERF_RUN_COUNT} -eq "1" ]; then export CM_MLPERF_USER_CONF=${CM_MLPERF_RANGING_USER_CONF}; else export CM_MLPERF_USER_CONF=${CM_MLPERF_TESTING_USER_CONF}; fi && /mount/CM/repos/ctuning@mlcommons-ck/cm-mlops/script/run-all-mlperf-models/run.out'
client 2023-08-07 05:07:24,049 [INFO] Sending command to the server: 'time'
client 2023-08-07 05:07:24,053 [INFO] Got response: '1691381244.0719268'
client 2023-08-07 05:07:24,053 [INFO] The time difference between the client and the server is within range -21.998 ms..-18.082 ms
client 2023-08-07 05:07:24,053 [INFO] Sending command to the server: 'session,2023-08-07_05-01-54,stop,ranging'
client 2023-08-07 05:07:35,137 [INFO] Got response: 'OK'
client 2023-08-07 05:07:35,138 [INFO] Sending command to the server: 'time'
client 2023-08-07 05:07:35,140 [INFO] Got response: '1691381255.1585178'
client 2023-08-07 05:07:35,140 [INFO] The time difference between the client and the server is within range -20.458 ms..-18.297 ms
client 2023-08-07 05:07:35,143 [INFO] Copying loadgen logs from '/home/arjun/mobilenet_results/valid_results/orin-tflite_armnn_cpp-cpu-armnn_tflite-v23.05-using_neon/mobilenet-v1-precision_float-0.5-160/singlestream/performance/run_1' to '/home/arjun/mobilenet_results/valid_results/orin-tflite_armnn_cpp-cpu-armnn_tflite-v23.05-using_neon/mobilenet-v1-precision_float-0.5-160/singlestream/performance/tmp_power/ranging'
client 2023-08-07 05:07:35,144 [INFO] Running workload in testing mode
client 2023-08-07 05:07:35,144 [INFO] Synchronizing with the server and with time.google.com...
client 2023-08-07 05:07:35,159 [INFO] NTP:offset = -0.002 s, delay = 0.013 s 
client 2023-08-07 05:07:35,159 [INFO] Sending command to the server: 'time'
client 2023-08-07 05:07:35,161 [INFO] Got response: '1691381255.179367'
client 2023-08-07 05:07:35,161 [INFO] The time difference between the client and the server is within range -20.227 ms..-17.471 ms
client 2023-08-07 05:07:35,161 [INFO] Sending command to the server: 'session,2023-08-07_05-01-54,start,testing'
client 2023-08-07 05:07:48,194 [INFO] Got response: 'OK'
client 2023-08-07 05:07:48,195 [INFO] Sending command to the server: 'time'
client 2023-08-07 05:07:48,197 [INFO] Got response: '1691381268.2204964'
client 2023-08-07 05:07:48,197 [INFO] The time difference between the client and the server is within range -25.420 ms..-22.641 ms
client 2023-08-07 05:07:48,197 [INFO] Running the workload 'CM_MLPERF_RUN_COUNT=$(cat ${CM_RUN_DIR}/count.txt); echo ${CM_MLPERF_RUN_COUNT}; CM_MLPERF_RUN_COUNT=$((CM_MLPERF_RUN_COUNT+1)); echo ${CM_MLPERF_RUN_COUNT} > ${CM_RUN_DIR}/count.txt && if [ ${CM_MLPERF_RUN_COUNT} -eq "1" ]; then export CM_MLPERF_USER_CONF=${CM_MLPERF_RANGING_USER_CONF}; else export CM_MLPERF_USER_CONF=${CM_MLPERF_TESTING_USER_CONF}; fi && /mount/CM/repos/ctuning@mlcommons-ck/cm-mlops/script/run-all-mlperf-models/run.out'
client 2023-08-07 05:17:50,496 [INFO] Sending command to the server: 'time'
client 2023-08-07 05:17:50,499 [INFO] Got response: '1691381870.5166185'
client 2023-08-07 05:17:50,499 [INFO] The time difference between the client and the server is within range -20.230 ms..-17.084 ms
client 2023-08-07 05:17:50,499 [INFO] Sending command to the server: 'session,2023-08-07_05-01-54,stop,testing'
client 2023-08-07 05:18:01,274 [INFO] Got response: 'OK'
client 2023-08-07 05:18:01,274 [INFO] Sending command to the server: 'time'
client 2023-08-07 05:18:01,276 [INFO] Got response: '1691381881.2944713'
client 2023-08-07 05:18:01,276 [INFO] The time difference between the client and the server is within range -19.882 ms..-18.045 ms
client 2023-08-07 05:18:01,277 [INFO] Copying loadgen logs from '/home/arjun/mobilenet_results/valid_results/orin-tflite_armnn_cpp-cpu-armnn_tflite-v23.05-using_neon/mobilenet-v1-precision_float-0.5-160/singlestream/performance/run_1' to '/home/arjun/mobilenet_results/valid_results/orin-tflite_armnn_cpp-cpu-armnn_tflite-v23.05-using_neon/mobilenet-v1-precision_float-0.5-160/singlestream/performance/tmp_power/run_1'
client 2023-08-07 05:18:01,277 [INFO] Done runs
