client 2023-07-13 16:09:13,713 [INFO] Creating output directory '/home/arjun/mobilenet_results/valid_results/orin-tflite_armnn_cpp-cpu-armnn_tflite-v23.05-using_neon/mobilenet-v2-precision_uint8-0.5-160/singlestream/performance/tmp_power'
client 2023-07-13 16:09:13,716 [INFO] Sending command to the server: 'mlcommons/power client v3'
client 2023-07-13 16:09:13,720 [INFO] Got response: 'mlcommons/power server v3'
client 2023-07-13 16:09:13,720 [INFO] Synchronizing with the server and with time.google.com...
client 2023-07-13 16:09:13,738 [INFO] NTP:offset = -0.007 s, delay = 0.014 s 
client 2023-07-13 16:09:13,739 [INFO] Sending command to the server: 'time'
client 2023-07-13 16:09:13,742 [INFO] Got response: '1689260953.6249204'
client 2023-07-13 16:09:13,742 [INFO] The time difference between the client and the server is within range 114.091 ms..117.418 ms
client 2023-07-13 16:09:13,742 [INFO] Sending command to the server: 'new,,13f568c8-8907-4caa-a7fb-a6ada7483cbb'
client 2023-07-13 16:09:13,745 [INFO] Got response: 'OK 2023-07-13_16-09-13,ee188790-f856-46b3-8b7f-ee8d3e3c170c'
client 2023-07-13 16:09:13,746 [INFO] Session id is '2023-07-13_16-09-13'
client 2023-07-13 16:09:13,746 [INFO] Sources: {"sources": {"__init__.py": "da39a3ee5e6b4b0d3255bfef95601890afd80709", "client.py": "33ca4f26368777ac06e01f9567b714a4b8063886", "lib/__init__.py": "da39a3ee5e6b4b0d3255bfef95601890afd80709", "lib/client.py": "ac2aa093c8e8bbc9569b9e2a3471bc64e58a2258", "lib/common.py": "611d8b29633d331eb19c9455ea3b5fa3284ed6df", "lib/external/__init__.py": "da39a3ee5e6b4b0d3255bfef95601890afd80709", "lib/external/ntplib.py": "4da8f970656505a40483206ef2b5d3dd5e81711d", "lib/server.py": "c7af63c31bb2fbedea4345f571f6e3507d268ada", "lib/source_hashes.py": "60a2e02193209e8d392803326208d5466342da18", "lib/summary.py": "aa92f0a3f975eecd44d3c0cd0236342ccc9f941d", "lib/time_sync.py": "122eba67a9abc85635223e054def53be1367ade2", "server.py": "c3f90f2f7eeb4db30727556d0c815ebc89b3d28b", "tests/unit/__init__.py": "da39a3ee5e6b4b0d3255bfef95601890afd80709", "tests/unit/test_server.py": "948c1995d4008bc2aa6c4046a34ffa3858d6d671", "tests/unit/test_source_hashes.py": "00468a2907583c593e6574a1f6b404e4651c221a"}, "modules": {"ptd_client_server.lib.client": "lib/client.py", "ptd_client_server.lib.common": "lib/common.py", "ptd_client_server.lib.external.ntplib": "lib/external/ntplib.py", "ptd_client_server.lib.source_hashes": "lib/source_hashes.py", "ptd_client_server.lib.summary": "lib/summary.py", "ptd_client_server.lib.time_sync": "lib/time_sync.py"}}
client 2023-07-13 16:09:13,746 [INFO] Running workload in ranging mode
client 2023-07-13 16:09:13,746 [INFO] Synchronizing with the server and with time.google.com...
client 2023-07-13 16:09:13,764 [INFO] NTP:offset = -0.006 s, delay = 0.017 s 
client 2023-07-13 16:09:13,764 [INFO] Sending command to the server: 'time'
client 2023-07-13 16:09:13,767 [INFO] Got response: '1689260953.6547472'
client 2023-07-13 16:09:13,767 [INFO] The time difference between the client and the server is within range 109.598 ms..112.531 ms
client 2023-07-13 16:09:13,767 [INFO] Sending command to the server: 'session,2023-07-13_16-09-13,start,ranging'
client 2023-07-13 16:09:42,460 [INFO] Got response: 'OK'
client 2023-07-13 16:09:42,462 [INFO] Sending command to the server: 'time'
client 2023-07-13 16:09:42,474 [INFO] Got response: '1689260982.3542337'
client 2023-07-13 16:09:42,474 [INFO] The time difference between the client and the server is within range 108.144 ms..120.482 ms
client 2023-07-13 16:09:42,475 [INFO] Running the workload 'CM_MLPERF_RUN_COUNT=$(cat ${CM_RUN_DIR}/count.txt); echo ${CM_MLPERF_RUN_COUNT}; CM_MLPERF_RUN_COUNT=$((CM_MLPERF_RUN_COUNT+1)); echo ${CM_MLPERF_RUN_COUNT} > ${CM_RUN_DIR}/count.txt && if [ ${CM_MLPERF_RUN_COUNT} -eq "1" ]; then export CM_MLPERF_USER_CONF=${CM_MLPERF_RANGING_USER_CONF}; else export CM_MLPERF_USER_CONF=${CM_MLPERF_TESTING_USER_CONF}; fi && /home/arjun/run.out'
client 2023-07-13 16:14:44,336 [INFO] Sending command to the server: 'time'
client 2023-07-13 16:14:44,340 [INFO] Got response: '1689261284.2255442'
client 2023-07-13 16:14:44,340 [INFO] The time difference between the client and the server is within range 110.939 ms..115.023 ms
client 2023-07-13 16:14:44,340 [INFO] Sending command to the server: 'session,2023-07-13_16-09-13,stop,ranging'
client 2023-07-13 16:14:54,793 [INFO] Got response: 'OK'
client 2023-07-13 16:14:54,794 [INFO] Sending command to the server: 'time'
client 2023-07-13 16:14:54,798 [INFO] Got response: '1689261294.6773033'
client 2023-07-13 16:14:54,799 [INFO] The time difference between the client and the server is within range 117.231 ms..121.920 ms
client 2023-07-13 16:14:54,817 [INFO] Copying loadgen logs from '/home/arjun/mobilenet_results/valid_results/orin-tflite_armnn_cpp-cpu-armnn_tflite-v23.05-using_neon/mobilenet-v2-precision_uint8-0.5-160/singlestream/performance/run_1' to '/home/arjun/mobilenet_results/valid_results/orin-tflite_armnn_cpp-cpu-armnn_tflite-v23.05-using_neon/mobilenet-v2-precision_uint8-0.5-160/singlestream/performance/tmp_power/ranging'
client 2023-07-13 16:14:54,819 [INFO] Running workload in testing mode
client 2023-07-13 16:14:54,819 [INFO] Synchronizing with the server and with time.google.com...
client 2023-07-13 16:14:54,840 [INFO] NTP:offset = -0.006 s, delay = 0.018 s 
client 2023-07-13 16:14:54,840 [INFO] Sending command to the server: 'time'
client 2023-07-13 16:14:54,845 [INFO] Got response: '1689261294.7291338'
client 2023-07-13 16:14:54,845 [INFO] The time difference between the client and the server is within range 111.586 ms..116.374 ms
client 2023-07-13 16:14:54,845 [INFO] Sending command to the server: 'session,2023-07-13_16-09-13,start,testing'
client 2023-07-13 16:15:07,883 [INFO] Got response: 'OK'
client 2023-07-13 16:15:07,884 [INFO] Sending command to the server: 'time'
client 2023-07-13 16:15:07,898 [INFO] Got response: '1689261307.77232'
client 2023-07-13 16:15:07,898 [INFO] The time difference between the client and the server is within range 111.791 ms..126.022 ms
client 2023-07-13 16:15:07,898 [INFO] Running the workload 'CM_MLPERF_RUN_COUNT=$(cat ${CM_RUN_DIR}/count.txt); echo ${CM_MLPERF_RUN_COUNT}; CM_MLPERF_RUN_COUNT=$((CM_MLPERF_RUN_COUNT+1)); echo ${CM_MLPERF_RUN_COUNT} > ${CM_RUN_DIR}/count.txt && if [ ${CM_MLPERF_RUN_COUNT} -eq "1" ]; then export CM_MLPERF_USER_CONF=${CM_MLPERF_RANGING_USER_CONF}; else export CM_MLPERF_USER_CONF=${CM_MLPERF_TESTING_USER_CONF}; fi && /home/arjun/run.out'
client 2023-07-13 16:25:11,278 [INFO] Sending command to the server: 'time'
client 2023-07-13 16:25:11,282 [INFO] Got response: '1689261911.1590118'
client 2023-07-13 16:25:11,282 [INFO] The time difference between the client and the server is within range 118.926 ms..123.690 ms
client 2023-07-13 16:25:11,282 [INFO] Sending command to the server: 'session,2023-07-13_16-09-13,stop,testing'
client 2023-07-13 16:25:21,962 [INFO] Got response: 'OK'
client 2023-07-13 16:25:21,963 [INFO] Sending command to the server: 'time'
client 2023-07-13 16:25:21,966 [INFO] Got response: '1689261921.837396'
client 2023-07-13 16:25:21,966 [INFO] The time difference between the client and the server is within range 125.650 ms..129.322 ms
client 2023-07-13 16:25:21,971 [INFO] Copying loadgen logs from '/home/arjun/mobilenet_results/valid_results/orin-tflite_armnn_cpp-cpu-armnn_tflite-v23.05-using_neon/mobilenet-v2-precision_uint8-0.5-160/singlestream/performance/run_1' to '/home/arjun/mobilenet_results/valid_results/orin-tflite_armnn_cpp-cpu-armnn_tflite-v23.05-using_neon/mobilenet-v2-precision_uint8-0.5-160/singlestream/performance/tmp_power/run_1'
client 2023-07-13 16:25:21,974 [INFO] Done runs
