client 2023-07-20 16:21:26,063 [INFO] Creating output directory '/home/arjun/mobilenet_results/valid_results/raspberrypi-tflite_armnn_cpp-cpu-armnn_tflite-v22.11-using_neon/efficientnet-fp32-lite4/singlestream/performance/tmp_power'
client 2023-07-20 16:21:26,068 [INFO] Sending command to the server: 'mlcommons/power client v3'
client 2023-07-20 16:21:26,072 [INFO] Got response: 'mlcommons/power server v3'
client 2023-07-20 16:21:26,073 [INFO] Synchronizing with the server and with time.google.com...
client 2023-07-20 16:21:26,122 [INFO] NTP:offset = 0.001 s, delay = 0.015 s 
client 2023-07-20 16:21:26,123 [INFO] Sending command to the server: 'time'
client 2023-07-20 16:21:26,127 [INFO] Got response: '1689866486.1638248'
client 2023-07-20 16:21:26,128 [INFO] The time difference between the client and the server is within range -40.753 ms..-35.843 ms
client 2023-07-20 16:21:26,128 [INFO] Sending command to the server: 'new,,6cd073e7-7357-4f7b-b61c-261181560b0c'
client 2023-07-20 16:21:26,133 [INFO] Got response: 'OK 2023-07-20_16-21-26,b252c792-0130-49bc-a5c1-a7f129ceb736'
client 2023-07-20 16:21:26,133 [INFO] Session id is '2023-07-20_16-21-26'
client 2023-07-20 16:21:26,134 [INFO] Sources: {"sources": {"__init__.py": "da39a3ee5e6b4b0d3255bfef95601890afd80709", "client.py": "33ca4f26368777ac06e01f9567b714a4b8063886", "lib/__init__.py": "da39a3ee5e6b4b0d3255bfef95601890afd80709", "lib/client.py": "ac2aa093c8e8bbc9569b9e2a3471bc64e58a2258", "lib/common.py": "611d8b29633d331eb19c9455ea3b5fa3284ed6df", "lib/external/__init__.py": "da39a3ee5e6b4b0d3255bfef95601890afd80709", "lib/external/ntplib.py": "4da8f970656505a40483206ef2b5d3dd5e81711d", "lib/server.py": "c7af63c31bb2fbedea4345f571f6e3507d268ada", "lib/source_hashes.py": "60a2e02193209e8d392803326208d5466342da18", "lib/summary.py": "aa92f0a3f975eecd44d3c0cd0236342ccc9f941d", "lib/time_sync.py": "122eba67a9abc85635223e054def53be1367ade2", "server.py": "c3f90f2f7eeb4db30727556d0c815ebc89b3d28b", "tests/unit/__init__.py": "da39a3ee5e6b4b0d3255bfef95601890afd80709", "tests/unit/test_server.py": "948c1995d4008bc2aa6c4046a34ffa3858d6d671", "tests/unit/test_source_hashes.py": "00468a2907583c593e6574a1f6b404e4651c221a"}, "modules": {"ptd_client_server.lib.client": "lib/client.py", "ptd_client_server.lib.common": "lib/common.py", "ptd_client_server.lib.external.ntplib": "lib/external/ntplib.py", "ptd_client_server.lib.source_hashes": "lib/source_hashes.py", "ptd_client_server.lib.summary": "lib/summary.py", "ptd_client_server.lib.time_sync": "lib/time_sync.py"}}
client 2023-07-20 16:21:26,135 [INFO] Running workload in ranging mode
client 2023-07-20 16:21:26,135 [INFO] Synchronizing with the server and with time.google.com...
client 2023-07-20 16:21:26,167 [INFO] NTP:offset = 0.001 s, delay = 0.015 s 
client 2023-07-20 16:21:26,168 [INFO] Sending command to the server: 'time'
client 2023-07-20 16:21:26,173 [INFO] Got response: '1689866486.2047122'
client 2023-07-20 16:21:26,173 [INFO] The time difference between the client and the server is within range -36.432 ms..-31.366 ms
client 2023-07-20 16:21:26,173 [INFO] Sending command to the server: 'session,2023-07-20_16-21-26,start,ranging'
client 2023-07-20 16:21:54,941 [INFO] Got response: 'OK'
client 2023-07-20 16:21:54,942 [INFO] Sending command to the server: 'time'
client 2023-07-20 16:21:54,946 [INFO] Got response: '1689866514.9770348'
client 2023-07-20 16:21:54,946 [INFO] The time difference between the client and the server is within range -34.689 ms..-30.173 ms
client 2023-07-20 16:21:54,947 [INFO] Running the workload 'CM_MLPERF_RUN_COUNT=$(cat ${CM_RUN_DIR}/count.txt); echo ${CM_MLPERF_RUN_COUNT}; CM_MLPERF_RUN_COUNT=$((CM_MLPERF_RUN_COUNT+1)); echo ${CM_MLPERF_RUN_COUNT} > ${CM_RUN_DIR}/count.txt && if [ ${CM_MLPERF_RUN_COUNT} -eq "1" ]; then export CM_MLPERF_USER_CONF=${CM_MLPERF_RANGING_USER_CONF}; else export CM_MLPERF_USER_CONF=${CM_MLPERF_TESTING_USER_CONF}; fi && /home/arjun/run.out'
client 2023-07-20 16:27:24,711 [INFO] Sending command to the server: 'time'
client 2023-07-20 16:27:24,718 [INFO] Got response: '1689866844.7447011'
client 2023-07-20 16:27:24,718 [INFO] The time difference between the client and the server is within range -33.632 ms..-25.837 ms
client 2023-07-20 16:27:24,719 [INFO] Sending command to the server: 'session,2023-07-20_16-21-26,stop,ranging'
client 2023-07-20 16:27:35,396 [INFO] Got response: 'OK'
client 2023-07-20 16:27:35,396 [INFO] Sending command to the server: 'time'
client 2023-07-20 16:27:35,400 [INFO] Got response: '1689866855.434512'
client 2023-07-20 16:27:35,400 [INFO] The time difference between the client and the server is within range -37.744 ms..-33.972 ms
client 2023-07-20 16:27:35,438 [INFO] Copying loadgen logs from '/home/arjun/mobilenet_results/valid_results/raspberrypi-tflite_armnn_cpp-cpu-armnn_tflite-v22.11-using_neon/efficientnet-fp32-lite4/singlestream/performance/run_1' to '/home/arjun/mobilenet_results/valid_results/raspberrypi-tflite_armnn_cpp-cpu-armnn_tflite-v22.11-using_neon/efficientnet-fp32-lite4/singlestream/performance/tmp_power/ranging'
client 2023-07-20 16:27:35,442 [INFO] Running workload in testing mode
client 2023-07-20 16:27:35,442 [INFO] Synchronizing with the server and with time.google.com...
client 2023-07-20 16:27:35,479 [INFO] NTP:offset = 0.001 s, delay = 0.015 s 
client 2023-07-20 16:27:35,479 [INFO] Sending command to the server: 'time'
client 2023-07-20 16:27:35,485 [INFO] Got response: '1689866855.5165143'
client 2023-07-20 16:27:35,485 [INFO] The time difference between the client and the server is within range -36.798 ms..-31.002 ms
client 2023-07-20 16:27:35,486 [INFO] Sending command to the server: 'session,2023-07-20_16-21-26,start,testing'
client 2023-07-20 16:27:48,527 [INFO] Got response: 'OK'
client 2023-07-20 16:27:48,528 [INFO] Sending command to the server: 'time'
client 2023-07-20 16:27:48,533 [INFO] Got response: '1689866868.5649881'
client 2023-07-20 16:27:48,533 [INFO] The time difference between the client and the server is within range -36.412 ms..-31.167 ms
client 2023-07-20 16:27:48,534 [INFO] Running the workload 'CM_MLPERF_RUN_COUNT=$(cat ${CM_RUN_DIR}/count.txt); echo ${CM_MLPERF_RUN_COUNT}; CM_MLPERF_RUN_COUNT=$((CM_MLPERF_RUN_COUNT+1)); echo ${CM_MLPERF_RUN_COUNT} > ${CM_RUN_DIR}/count.txt && if [ ${CM_MLPERF_RUN_COUNT} -eq "1" ]; then export CM_MLPERF_USER_CONF=${CM_MLPERF_RANGING_USER_CONF}; else export CM_MLPERF_USER_CONF=${CM_MLPERF_TESTING_USER_CONF}; fi && /home/arjun/run.out'
client 2023-07-20 16:38:08,301 [INFO] Sending command to the server: 'time'
client 2023-07-20 16:38:08,306 [INFO] Got response: '1689867488.334506'
client 2023-07-20 16:38:08,307 [INFO] The time difference between the client and the server is within range -32.713 ms..-27.398 ms
client 2023-07-20 16:38:08,307 [INFO] Sending command to the server: 'session,2023-07-20_16-21-26,stop,testing'
client 2023-07-20 16:38:18,632 [INFO] Got response: 'OK'
client 2023-07-20 16:38:18,632 [INFO] Sending command to the server: 'time'
client 2023-07-20 16:38:18,637 [INFO] Got response: '1689867498.6619697'
client 2023-07-20 16:38:18,637 [INFO] The time difference between the client and the server is within range -29.036 ms..-24.081 ms
client 2023-07-20 16:38:18,646 [INFO] Copying loadgen logs from '/home/arjun/mobilenet_results/valid_results/raspberrypi-tflite_armnn_cpp-cpu-armnn_tflite-v22.11-using_neon/efficientnet-fp32-lite4/singlestream/performance/run_1' to '/home/arjun/mobilenet_results/valid_results/raspberrypi-tflite_armnn_cpp-cpu-armnn_tflite-v22.11-using_neon/efficientnet-fp32-lite4/singlestream/performance/tmp_power/run_1'
client 2023-07-20 16:38:18,649 [INFO] Done runs
