client 2023-07-06 06:50:23,169 [INFO] Sending command to the server: 'mlcommons/power client v3'
client 2023-07-06 06:50:23,170 [INFO] Got response: 'mlcommons/power server v3'
client 2023-07-06 06:50:23,171 [INFO] Synchronizing with the server and with time.google.com...
client 2023-07-06 06:50:23,244 [INFO] NTP:offset = 0.005 s, delay = 0.071 s 
client 2023-07-06 06:50:23,244 [INFO] Sending command to the server: 'time'
client 2023-07-06 06:50:23,246 [INFO] Got response: '1688644223.2506154'
client 2023-07-06 06:50:23,246 [INFO] The time difference between the client and the server is within range -5.689 ms..-4.347 ms
client 2023-07-06 06:50:23,246 [INFO] Sending command to the server: 'new,,bb52b5f9-d2c8-4504-b5a1-3049fdbd7683'
client 2023-07-06 06:50:23,247 [INFO] Got response: 'OK 2023-07-06_06-50-23,b73da3b1-09ed-41ec-bf5e-c54983680ade'
client 2023-07-06 06:50:23,248 [INFO] Session id is '2023-07-06_06-50-23'
client 2023-07-06 06:50:23,248 [INFO] Sources: {"sources": {"__init__.py": "da39a3ee5e6b4b0d3255bfef95601890afd80709", "client.py": "33ca4f26368777ac06e01f9567b714a4b8063886", "lib/__init__.py": "da39a3ee5e6b4b0d3255bfef95601890afd80709", "lib/client.py": "ac2aa093c8e8bbc9569b9e2a3471bc64e58a2258", "lib/common.py": "611d8b29633d331eb19c9455ea3b5fa3284ed6df", "lib/external/__init__.py": "da39a3ee5e6b4b0d3255bfef95601890afd80709", "lib/external/ntplib.py": "4da8f970656505a40483206ef2b5d3dd5e81711d", "lib/server.py": "c7af63c31bb2fbedea4345f571f6e3507d268ada", "lib/source_hashes.py": "60a2e02193209e8d392803326208d5466342da18", "lib/summary.py": "aa92f0a3f975eecd44d3c0cd0236342ccc9f941d", "lib/time_sync.py": "122eba67a9abc85635223e054def53be1367ade2", "server.py": "c3f90f2f7eeb4db30727556d0c815ebc89b3d28b", "tests/unit/__init__.py": "da39a3ee5e6b4b0d3255bfef95601890afd80709", "tests/unit/test_server.py": "948c1995d4008bc2aa6c4046a34ffa3858d6d671", "tests/unit/test_source_hashes.py": "00468a2907583c593e6574a1f6b404e4651c221a"}, "modules": {"ptd_client_server.lib.client": "lib/client.py", "ptd_client_server.lib.common": "lib/common.py", "ptd_client_server.lib.external.ntplib": "lib/external/ntplib.py", "ptd_client_server.lib.source_hashes": "lib/source_hashes.py", "ptd_client_server.lib.summary": "lib/summary.py", "ptd_client_server.lib.time_sync": "lib/time_sync.py"}}
client 2023-07-06 06:50:23,248 [INFO] Running workload in ranging mode
client 2023-07-06 06:50:23,248 [INFO] Synchronizing with the server and with time.google.com...
client 2023-07-06 06:50:23,322 [INFO] NTP:offset = 0.005 s, delay = 0.073 s 
client 2023-07-06 06:50:23,322 [INFO] Sending command to the server: 'time'
client 2023-07-06 06:50:23,324 [INFO] Got response: '1688644223.3285937'
client 2023-07-06 06:50:23,324 [INFO] The time difference between the client and the server is within range -5.732 ms..-4.318 ms
client 2023-07-06 06:50:23,324 [INFO] Sending command to the server: 'session,2023-07-06_06-50-23,start,ranging'
client 2023-07-06 06:50:52,429 [INFO] Got response: 'OK'
client 2023-07-06 06:50:52,429 [INFO] Sending command to the server: 'time'
client 2023-07-06 06:50:52,431 [INFO] Got response: '1688644252.4354184'
client 2023-07-06 06:50:52,431 [INFO] The time difference between the client and the server is within range -5.634 ms..-4.139 ms
client 2023-07-06 06:50:52,431 [INFO] Running the workload ' sleep 120; numactl --localalloc ck benchmark program:packed-bert-qaic-loadgen --env.CK_SILENT_MODE=YES --skip_print_timers --dep_add_tags.lib-qaic-api=master --dep_add_tags.compiler=gcc --dep_add_tags.python=v3 --dep_add_tags.weights=bert-99.pcie.16nsp.offline,bert-99,quantization.calibration,seg.384  --dep_add_tags.dataset-tokenized=dataset,squad,tokenized,raw --env.ML_MODEL_MODEL_NAME=bert-99 --env.CK_LOADGEN_DATASET_SIZE=10833 --env.CK_LOADGEN_BUFFER_SIZE=10833 --env.CK_ENV_NUM_SETUP_THREADS=2 --env.CK_ENV_QAIC_INPUT_SELECT=0 --env.CK_ENV_QAIC_DEVICE_IDS=0,1,2,3,4,5,6,7 --env.CK_ENV_QAIC_QUEUE_LENGTH=4 --env.CK_ENV_QAIC_THREADS_PER_QUEUE=4 --env.CK_ENV_QAIC_ACTIVATION_COUNT=16 --env.CK_ENV_QAIC_MODEL_BATCH_SIZE=4096 --env.QAIC_BYPASS_PPP=enable --env.CK_VERBOSE=0 --env.CK_EXTRA_COMPILER_DEPS1=-march=znver2 --env.CK_EXTRA_COMPILER_DEPS2=-DENABLE_ZEN2 --env.CK_EXTRA_COMPILER_DEPS3=-DR282 --env.CK_ENV_QAIC_DEVICE_CONFIG=0,0,1,2,3:0,4,5,6,7:0,8,9,10,11:0,12,13,14,15:1,16,17,18,19:1,20,21,22,23:1,24,25,26,27:1,28,29,30,31 --env.CK_ENV_QAIC_DATASOURCE_CONFIG=0:16 --env.KILT_DISPATCH_YIELD_TIME_OFFLINE=100 --env.KILT_SCHEDULER_YIELD_TIME_OFFLINE=1000000 --env.KILT_DEVICE_SCHEDULER_YIELD_TIME_OFFLINE=100 --env.KILT_DEVICE_ENQUEUE_YIELD_TIME_OFFLINE=100 --env.KILT_DISPATCH_YIELD_TIME_SERVER=10 --env.KILT_DEVICE_SCHEDULER_YIELD_TIME_SERVER=10 --env.KILT_DEVICE_ENQUEUE_YIELD_TIME_SERVER=10  --env.ML_MODEL_MODEL_NAME=bert --env.CK_ENV_QAIC_SKIP_STAGE=convert --env.KILT_MODEL_INPUT_FORMAT=UINT32:UINT32:UINT32:UINT32 --env.CK_LOADGEN_SCENARIO=Offline --env.CK_LOADGEN_TARGET_QPS=5000 --env.CK_LOADGEN_MODE=PerformanceOnly --speed --skip_stat_analysis --process_multi_keys --repetitions=1 --record --record_repo=local --record_uoa=mlperf_v3.1-closed-r282_z93_q8e-qaic-v1.9.1.25-aic100-bert-99-offline-performance-target_qps.5000-fan_raw.50-vc.7-power.workload --tags=mlperf,round.v3.1,division.closed,platform.r282_z93_q8e,inference_engine.qaic,inference_engine_version.v1.9.1.25,inference_engine_backend.aic100,scenario.offline,mode.performance,buffer_size.10833,workload.bert-99,preprocessed_using.tensorflow,input_select.0,queue_length.4,task.bert-question-answering,threads_per_queue.4,vc.7,power.workload "@@@{\'meta\': {\'ck_benchmark_program\': \' sleep 120; numactl --localalloc ck benchmark program:packed-bert-qaic-loadgen --env.CK_SILENT_MODE=YES --skip_print_timers --dep_add_tags.lib-qaic-api=master --dep_add_tags.compiler=gcc --dep_add_tags.python=v3 --dep_add_tags.weights=bert-99.pcie.16nsp.offline,bert-99,quantization.calibration,seg.384  --dep_add_tags.dataset-tokenized=dataset,squad,tokenized,raw --env.ML_MODEL_MODEL_NAME=bert-99 --env.CK_LOADGEN_DATASET_SIZE=10833 --env.CK_LOADGEN_BUFFER_SIZE=10833 --env.CK_ENV_NUM_SETUP_THREADS=2 --env.CK_ENV_QAIC_INPUT_SELECT=0 --env.CK_ENV_QAIC_DEVICE_IDS=0,1,2,3,4,5,6,7 --env.CK_ENV_QAIC_QUEUE_LENGTH=4 --env.CK_ENV_QAIC_THREADS_PER_QUEUE=4 --env.CK_ENV_QAIC_ACTIVATION_COUNT=16 --env.CK_ENV_QAIC_MODEL_BATCH_SIZE=4096 --env.QAIC_BYPASS_PPP=enable --env.CK_VERBOSE=0 --env.CK_EXTRA_COMPILER_DEPS1=-march=znver2 --env.CK_EXTRA_COMPILER_DEPS2=-DENABLE_ZEN2 --env.CK_EXTRA_COMPILER_DEPS3=-DR282 --env.CK_ENV_QAIC_DEVICE_CONFIG=0,0,1,2,3:0,4,5,6,7:0,8,9,10,11:0,12,13,14,15:1,16,17,18,19:1,20,21,22,23:1,24,25,26,27:1,28,29,30,31 --env.CK_ENV_QAIC_DATASOURCE_CONFIG=0:16 --env.KILT_DISPATCH_YIELD_TIME_OFFLINE=100 --env.KILT_SCHEDULER_YIELD_TIME_OFFLINE=1000000 --env.KILT_DEVICE_SCHEDULER_YIELD_TIME_OFFLINE=100 --env.KILT_DEVICE_ENQUEUE_YIELD_TIME_OFFLINE=100 --env.KILT_DISPATCH_YIELD_TIME_SERVER=10 --env.KILT_DEVICE_SCHEDULER_YIELD_TIME_SERVER=10 --env.KILT_DEVICE_ENQUEUE_YIELD_TIME_SERVER=10  --env.ML_MODEL_MODEL_NAME=bert --env.CK_ENV_QAIC_SKIP_STAGE=convert --env.KILT_MODEL_INPUT_FORMAT=UINT32:UINT32:UINT32:UINT32 --env.CK_LOADGEN_SCENARIO=Offline --env.CK_LOADGEN_TARGET_QPS=5000 --env.CK_LOADGEN_MODE=PerformanceOnly --speed --skip_stat_analysis --process_multi_keys --repetitions=1 --record --record_repo=local --record_uoa=mlperf_v3.1-closed-r282_z93_q8e-qaic-v1.9.1.25-aic100-bert-99-offline-performance-target_qps.5000-fan_raw.50-vc.7-power.workload --tags=mlperf,round.v3.1,division.closed,platform.r282_z93_q8e,inference_engine.qaic,inference_engine_version.v1.9.1.25,inference_engine_backend.aic100,scenario.offline,mode.performance,buffer_size.10833,workload.bert-99,preprocessed_using.tensorflow,input_select.0,queue_length.4,task.bert-question-answering,threads_per_queue.4,vc.7,power.workload\'}}" && cat `ck find program:packed-bert-qaic-loadgen`/tmp/mlperf_log_summary.txt && mkdir -p "$CK_MLPERF_POWER_CLIENT_LOADGEN_LOGS" && cp "$CK_MLPERF_POWER_CLIENT_LOADGEN_LOGS"/../mlperf_log_* "$CK_MLPERF_POWER_CLIENT_LOADGEN_LOGS"/'
client 2023-07-06 07:05:24,769 [INFO] Sending command to the server: 'time'
client 2023-07-06 07:05:24,771 [INFO] Got response: '1688645124.7758071'
client 2023-07-06 07:05:24,771 [INFO] The time difference between the client and the server is within range -6.459 ms..-4.547 ms
client 2023-07-06 07:05:24,771 [INFO] Sending command to the server: 'session,2023-07-06_06-50-23,stop,ranging'
client 2023-07-06 07:05:35,449 [INFO] Got response: 'OK'
client 2023-07-06 07:05:35,449 [INFO] Sending command to the server: 'time'
client 2023-07-06 07:05:35,450 [INFO] Got response: '1688645135.455772'
client 2023-07-06 07:05:35,450 [INFO] The time difference between the client and the server is within range -5.880 ms..-4.829 ms
client 2023-07-06 07:05:35,456 [INFO] Copying loadgen logs from '/home/krai/CK_REPOS/ck-qaic-dev/program/packed-bert-qaic-loadgen/tmp/loadgen_logs' to '/home/krai/CK_REPOS/ck-mlperf/program/mlperf-power-client/tmp/2023-07-06_06-50-23/ranging'
client 2023-07-06 07:05:35,457 [INFO] Running workload in testing mode
client 2023-07-06 07:05:35,457 [INFO] Synchronizing with the server and with time.google.com...
client 2023-07-06 07:05:35,531 [INFO] NTP:offset = 0.004 s, delay = 0.073 s 
client 2023-07-06 07:05:35,531 [INFO] Sending command to the server: 'time'
client 2023-07-06 07:05:35,533 [INFO] Got response: '1688645135.53811'
client 2023-07-06 07:05:35,533 [INFO] The time difference between the client and the server is within range -6.185 ms..-4.751 ms
client 2023-07-06 07:05:35,533 [INFO] Sending command to the server: 'session,2023-07-06_06-50-23,start,testing'
client 2023-07-06 07:05:48,551 [INFO] Got response: 'OK'
client 2023-07-06 07:05:48,551 [INFO] Sending command to the server: 'time'
client 2023-07-06 07:05:48,552 [INFO] Got response: '1688645148.5575473'
client 2023-07-06 07:05:48,552 [INFO] The time difference between the client and the server is within range -6.085 ms..-4.617 ms
client 2023-07-06 07:05:48,553 [INFO] Running the workload ' sleep 120; numactl --localalloc ck benchmark program:packed-bert-qaic-loadgen --env.CK_SILENT_MODE=YES --skip_print_timers --dep_add_tags.lib-qaic-api=master --dep_add_tags.compiler=gcc --dep_add_tags.python=v3 --dep_add_tags.weights=bert-99.pcie.16nsp.offline,bert-99,quantization.calibration,seg.384  --dep_add_tags.dataset-tokenized=dataset,squad,tokenized,raw --env.ML_MODEL_MODEL_NAME=bert-99 --env.CK_LOADGEN_DATASET_SIZE=10833 --env.CK_LOADGEN_BUFFER_SIZE=10833 --env.CK_ENV_NUM_SETUP_THREADS=2 --env.CK_ENV_QAIC_INPUT_SELECT=0 --env.CK_ENV_QAIC_DEVICE_IDS=0,1,2,3,4,5,6,7 --env.CK_ENV_QAIC_QUEUE_LENGTH=4 --env.CK_ENV_QAIC_THREADS_PER_QUEUE=4 --env.CK_ENV_QAIC_ACTIVATION_COUNT=16 --env.CK_ENV_QAIC_MODEL_BATCH_SIZE=4096 --env.QAIC_BYPASS_PPP=enable --env.CK_VERBOSE=0 --env.CK_EXTRA_COMPILER_DEPS1=-march=znver2 --env.CK_EXTRA_COMPILER_DEPS2=-DENABLE_ZEN2 --env.CK_EXTRA_COMPILER_DEPS3=-DR282 --env.CK_ENV_QAIC_DEVICE_CONFIG=0,0,1,2,3:0,4,5,6,7:0,8,9,10,11:0,12,13,14,15:1,16,17,18,19:1,20,21,22,23:1,24,25,26,27:1,28,29,30,31 --env.CK_ENV_QAIC_DATASOURCE_CONFIG=0:16 --env.KILT_DISPATCH_YIELD_TIME_OFFLINE=100 --env.KILT_SCHEDULER_YIELD_TIME_OFFLINE=1000000 --env.KILT_DEVICE_SCHEDULER_YIELD_TIME_OFFLINE=100 --env.KILT_DEVICE_ENQUEUE_YIELD_TIME_OFFLINE=100 --env.KILT_DISPATCH_YIELD_TIME_SERVER=10 --env.KILT_DEVICE_SCHEDULER_YIELD_TIME_SERVER=10 --env.KILT_DEVICE_ENQUEUE_YIELD_TIME_SERVER=10  --env.ML_MODEL_MODEL_NAME=bert --env.CK_ENV_QAIC_SKIP_STAGE=convert --env.KILT_MODEL_INPUT_FORMAT=UINT32:UINT32:UINT32:UINT32 --env.CK_LOADGEN_SCENARIO=Offline --env.CK_LOADGEN_TARGET_QPS=5000 --env.CK_LOADGEN_MODE=PerformanceOnly --speed --skip_stat_analysis --process_multi_keys --repetitions=1 --record --record_repo=local --record_uoa=mlperf_v3.1-closed-r282_z93_q8e-qaic-v1.9.1.25-aic100-bert-99-offline-performance-target_qps.5000-fan_raw.50-vc.7-power.workload --tags=mlperf,round.v3.1,division.closed,platform.r282_z93_q8e,inference_engine.qaic,inference_engine_version.v1.9.1.25,inference_engine_backend.aic100,scenario.offline,mode.performance,buffer_size.10833,workload.bert-99,preprocessed_using.tensorflow,input_select.0,queue_length.4,task.bert-question-answering,threads_per_queue.4,vc.7,power.workload "@@@{\'meta\': {\'ck_benchmark_program\': \' sleep 120; numactl --localalloc ck benchmark program:packed-bert-qaic-loadgen --env.CK_SILENT_MODE=YES --skip_print_timers --dep_add_tags.lib-qaic-api=master --dep_add_tags.compiler=gcc --dep_add_tags.python=v3 --dep_add_tags.weights=bert-99.pcie.16nsp.offline,bert-99,quantization.calibration,seg.384  --dep_add_tags.dataset-tokenized=dataset,squad,tokenized,raw --env.ML_MODEL_MODEL_NAME=bert-99 --env.CK_LOADGEN_DATASET_SIZE=10833 --env.CK_LOADGEN_BUFFER_SIZE=10833 --env.CK_ENV_NUM_SETUP_THREADS=2 --env.CK_ENV_QAIC_INPUT_SELECT=0 --env.CK_ENV_QAIC_DEVICE_IDS=0,1,2,3,4,5,6,7 --env.CK_ENV_QAIC_QUEUE_LENGTH=4 --env.CK_ENV_QAIC_THREADS_PER_QUEUE=4 --env.CK_ENV_QAIC_ACTIVATION_COUNT=16 --env.CK_ENV_QAIC_MODEL_BATCH_SIZE=4096 --env.QAIC_BYPASS_PPP=enable --env.CK_VERBOSE=0 --env.CK_EXTRA_COMPILER_DEPS1=-march=znver2 --env.CK_EXTRA_COMPILER_DEPS2=-DENABLE_ZEN2 --env.CK_EXTRA_COMPILER_DEPS3=-DR282 --env.CK_ENV_QAIC_DEVICE_CONFIG=0,0,1,2,3:0,4,5,6,7:0,8,9,10,11:0,12,13,14,15:1,16,17,18,19:1,20,21,22,23:1,24,25,26,27:1,28,29,30,31 --env.CK_ENV_QAIC_DATASOURCE_CONFIG=0:16 --env.KILT_DISPATCH_YIELD_TIME_OFFLINE=100 --env.KILT_SCHEDULER_YIELD_TIME_OFFLINE=1000000 --env.KILT_DEVICE_SCHEDULER_YIELD_TIME_OFFLINE=100 --env.KILT_DEVICE_ENQUEUE_YIELD_TIME_OFFLINE=100 --env.KILT_DISPATCH_YIELD_TIME_SERVER=10 --env.KILT_DEVICE_SCHEDULER_YIELD_TIME_SERVER=10 --env.KILT_DEVICE_ENQUEUE_YIELD_TIME_SERVER=10  --env.ML_MODEL_MODEL_NAME=bert --env.CK_ENV_QAIC_SKIP_STAGE=convert --env.KILT_MODEL_INPUT_FORMAT=UINT32:UINT32:UINT32:UINT32 --env.CK_LOADGEN_SCENARIO=Offline --env.CK_LOADGEN_TARGET_QPS=5000 --env.CK_LOADGEN_MODE=PerformanceOnly --speed --skip_stat_analysis --process_multi_keys --repetitions=1 --record --record_repo=local --record_uoa=mlperf_v3.1-closed-r282_z93_q8e-qaic-v1.9.1.25-aic100-bert-99-offline-performance-target_qps.5000-fan_raw.50-vc.7-power.workload --tags=mlperf,round.v3.1,division.closed,platform.r282_z93_q8e,inference_engine.qaic,inference_engine_version.v1.9.1.25,inference_engine_backend.aic100,scenario.offline,mode.performance,buffer_size.10833,workload.bert-99,preprocessed_using.tensorflow,input_select.0,queue_length.4,task.bert-question-answering,threads_per_queue.4,vc.7,power.workload\'}}" && cat `ck find program:packed-bert-qaic-loadgen`/tmp/mlperf_log_summary.txt && mkdir -p "$CK_MLPERF_POWER_CLIENT_LOADGEN_LOGS" && cp "$CK_MLPERF_POWER_CLIENT_LOADGEN_LOGS"/../mlperf_log_* "$CK_MLPERF_POWER_CLIENT_LOADGEN_LOGS"/'
client 2023-07-06 07:20:19,054 [INFO] Sending command to the server: 'time'
client 2023-07-06 07:20:19,056 [INFO] Got response: '1688646019.0608008'
client 2023-07-06 07:20:19,056 [INFO] The time difference between the client and the server is within range -6.235 ms..-4.228 ms
client 2023-07-06 07:20:19,056 [INFO] Sending command to the server: 'session,2023-07-06_06-50-23,stop,testing'
client 2023-07-06 07:20:29,560 [INFO] Got response: 'OK'
client 2023-07-06 07:20:29,560 [INFO] Sending command to the server: 'time'
client 2023-07-06 07:20:29,560 [INFO] Got response: '1688646029.5656722'
client 2023-07-06 07:20:29,561 [INFO] The time difference between the client and the server is within range -5.239 ms..-4.603 ms
client 2023-07-06 07:20:29,562 [INFO] Copying loadgen logs from '/home/krai/CK_REPOS/ck-qaic-dev/program/packed-bert-qaic-loadgen/tmp/loadgen_logs' to '/home/krai/CK_REPOS/ck-mlperf/program/mlperf-power-client/tmp/2023-07-06_06-50-23/run_1'
client 2023-07-06 07:20:29,563 [INFO] Done runs
