client 2023-07-12 20:56:07,972 [INFO] Creating output directory '/home/arjun/mobilenet_results/valid_results/orin-tflite_armnn_cpp-cpu-armnn_tflite-v23.05-using_neon/mobilenet-v1-precision_uint8-0.75-128/singlestream/performance/tmp_power'
client 2023-07-12 20:56:07,974 [INFO] Sending command to the server: 'mlcommons/power client v3'
client 2023-07-12 20:56:07,977 [INFO] Got response: 'mlcommons/power server v3'
client 2023-07-12 20:56:07,977 [INFO] Synchronizing with the server and with time.google.com...
client 2023-07-12 20:56:07,997 [INFO] NTP:offset = -0.004 s, delay = 0.015 s 
client 2023-07-12 20:56:07,997 [INFO] Sending command to the server: 'time'
client 2023-07-12 20:56:08,000 [INFO] Got response: '1689191767.9845953'
client 2023-07-12 20:56:08,000 [INFO] The time difference between the client and the server is within range 13.097 ms..16.006 ms
client 2023-07-12 20:56:08,000 [INFO] Sending command to the server: 'new,,242a5bfc-838b-4ff5-a9e8-a86cddd5d607'
client 2023-07-12 20:56:08,004 [INFO] Got response: 'OK 2023-07-12_20-56-07,9e3231c4-980a-4e15-8dc1-55f92607a499'
client 2023-07-12 20:56:08,004 [INFO] Session id is '2023-07-12_20-56-07'
client 2023-07-12 20:56:08,005 [INFO] Sources: {"sources": {"__init__.py": "da39a3ee5e6b4b0d3255bfef95601890afd80709", "client.py": "33ca4f26368777ac06e01f9567b714a4b8063886", "lib/__init__.py": "da39a3ee5e6b4b0d3255bfef95601890afd80709", "lib/client.py": "ac2aa093c8e8bbc9569b9e2a3471bc64e58a2258", "lib/common.py": "611d8b29633d331eb19c9455ea3b5fa3284ed6df", "lib/external/__init__.py": "da39a3ee5e6b4b0d3255bfef95601890afd80709", "lib/external/ntplib.py": "4da8f970656505a40483206ef2b5d3dd5e81711d", "lib/server.py": "c7af63c31bb2fbedea4345f571f6e3507d268ada", "lib/source_hashes.py": "60a2e02193209e8d392803326208d5466342da18", "lib/summary.py": "aa92f0a3f975eecd44d3c0cd0236342ccc9f941d", "lib/time_sync.py": "122eba67a9abc85635223e054def53be1367ade2", "server.py": "c3f90f2f7eeb4db30727556d0c815ebc89b3d28b", "tests/unit/__init__.py": "da39a3ee5e6b4b0d3255bfef95601890afd80709", "tests/unit/test_server.py": "948c1995d4008bc2aa6c4046a34ffa3858d6d671", "tests/unit/test_source_hashes.py": "00468a2907583c593e6574a1f6b404e4651c221a"}, "modules": {"ptd_client_server.lib.client": "lib/client.py", "ptd_client_server.lib.common": "lib/common.py", "ptd_client_server.lib.external.ntplib": "lib/external/ntplib.py", "ptd_client_server.lib.source_hashes": "lib/source_hashes.py", "ptd_client_server.lib.summary": "lib/summary.py", "ptd_client_server.lib.time_sync": "lib/time_sync.py"}}
client 2023-07-12 20:56:08,018 [INFO] Running workload in ranging mode
client 2023-07-12 20:56:08,018 [INFO] Synchronizing with the server and with time.google.com...
client 2023-07-12 20:56:08,033 [INFO] NTP:offset = -0.002 s, delay = 0.014 s 
client 2023-07-12 20:56:08,034 [INFO] Sending command to the server: 'time'
client 2023-07-12 20:56:08,037 [INFO] Got response: '1689191768.015554'
client 2023-07-12 20:56:08,037 [INFO] The time difference between the client and the server is within range 18.440 ms..21.972 ms
client 2023-07-12 20:56:08,037 [INFO] Sending command to the server: 'session,2023-07-12_20-56-07,start,ranging'
client 2023-07-12 20:56:36,696 [INFO] Got response: 'OK'
client 2023-07-12 20:56:36,698 [INFO] Sending command to the server: 'time'
client 2023-07-12 20:56:36,703 [INFO] Got response: '1689191796.6794293'
client 2023-07-12 20:56:36,703 [INFO] The time difference between the client and the server is within range 18.618 ms..24.085 ms
client 2023-07-12 20:56:36,703 [INFO] Running the workload 'CM_MLPERF_RUN_COUNT=$(cat ${CM_RUN_DIR}/count.txt); echo ${CM_MLPERF_RUN_COUNT}; CM_MLPERF_RUN_COUNT=$((CM_MLPERF_RUN_COUNT+1)); echo ${CM_MLPERF_RUN_COUNT} > ${CM_RUN_DIR}/count.txt && if [ ${CM_MLPERF_RUN_COUNT} -eq "1" ]; then export CM_MLPERF_USER_CONF=${CM_MLPERF_RANGING_USER_CONF}; else export CM_MLPERF_USER_CONF=${CM_MLPERF_TESTING_USER_CONF}; fi && /home/arjun/run.out'
client 2023-07-12 21:01:38,441 [INFO] Sending command to the server: 'time'
client 2023-07-12 21:01:38,446 [INFO] Got response: '1689192098.4149857'
client 2023-07-12 21:01:38,446 [INFO] The time difference between the client and the server is within range 26.372 ms..31.902 ms
client 2023-07-12 21:01:38,447 [INFO] Sending command to the server: 'session,2023-07-12_20-56-07,stop,ranging'
client 2023-07-12 21:01:49,119 [INFO] Got response: 'OK'
client 2023-07-12 21:01:49,120 [INFO] Sending command to the server: 'time'
client 2023-07-12 21:01:49,124 [INFO] Got response: '1689192109.0974813'
client 2023-07-12 21:01:49,124 [INFO] The time difference between the client and the server is within range 23.084 ms..27.320 ms
client 2023-07-12 21:01:49,146 [INFO] Copying loadgen logs from '/home/arjun/mobilenet_results/valid_results/orin-tflite_armnn_cpp-cpu-armnn_tflite-v23.05-using_neon/mobilenet-v1-precision_uint8-0.75-128/singlestream/performance/run_1' to '/home/arjun/mobilenet_results/valid_results/orin-tflite_armnn_cpp-cpu-armnn_tflite-v23.05-using_neon/mobilenet-v1-precision_uint8-0.75-128/singlestream/performance/tmp_power/ranging'
client 2023-07-12 21:01:49,147 [INFO] Running workload in testing mode
client 2023-07-12 21:01:49,147 [INFO] Synchronizing with the server and with time.google.com...
client 2023-07-12 21:01:49,165 [INFO] NTP:offset = -0.007 s, delay = 0.015 s 
client 2023-07-12 21:01:49,166 [INFO] Sending command to the server: 'time'
client 2023-07-12 21:01:49,172 [INFO] Got response: '1689192109.1481597'
client 2023-07-12 21:01:49,173 [INFO] The time difference between the client and the server is within range 18.054 ms..24.819 ms
client 2023-07-12 21:01:49,173 [INFO] Sending command to the server: 'session,2023-07-12_20-56-07,start,testing'
client 2023-07-12 21:02:02,210 [INFO] Got response: 'OK'
client 2023-07-12 21:02:02,211 [INFO] Sending command to the server: 'time'
client 2023-07-12 21:02:02,216 [INFO] Got response: '1689192122.1847436'
client 2023-07-12 21:02:02,216 [INFO] The time difference between the client and the server is within range 26.736 ms..31.852 ms
client 2023-07-12 21:02:02,216 [INFO] Running the workload 'CM_MLPERF_RUN_COUNT=$(cat ${CM_RUN_DIR}/count.txt); echo ${CM_MLPERF_RUN_COUNT}; CM_MLPERF_RUN_COUNT=$((CM_MLPERF_RUN_COUNT+1)); echo ${CM_MLPERF_RUN_COUNT} > ${CM_RUN_DIR}/count.txt && if [ ${CM_MLPERF_RUN_COUNT} -eq "1" ]; then export CM_MLPERF_USER_CONF=${CM_MLPERF_RANGING_USER_CONF}; else export CM_MLPERF_USER_CONF=${CM_MLPERF_TESTING_USER_CONF}; fi && /home/arjun/run.out'
client 2023-07-12 21:12:05,415 [INFO] Sending command to the server: 'time'
client 2023-07-12 21:12:05,420 [INFO] Got response: '1689192725.3865683'
client 2023-07-12 21:12:05,420 [INFO] The time difference between the client and the server is within range 28.647 ms..34.321 ms
client 2023-07-12 21:12:05,421 [INFO] Sending command to the server: 'session,2023-07-12_20-56-07,stop,testing'
client 2023-07-12 21:12:16,289 [INFO] Got response: 'OK'
client 2023-07-12 21:12:16,289 [INFO] Sending command to the server: 'time'
client 2023-07-12 21:12:16,293 [INFO] Got response: '1689192736.254677'
client 2023-07-12 21:12:16,293 [INFO] The time difference between the client and the server is within range 35.140 ms..38.694 ms
client 2023-07-12 21:12:16,297 [INFO] Copying loadgen logs from '/home/arjun/mobilenet_results/valid_results/orin-tflite_armnn_cpp-cpu-armnn_tflite-v23.05-using_neon/mobilenet-v1-precision_uint8-0.75-128/singlestream/performance/run_1' to '/home/arjun/mobilenet_results/valid_results/orin-tflite_armnn_cpp-cpu-armnn_tflite-v23.05-using_neon/mobilenet-v1-precision_uint8-0.75-128/singlestream/performance/tmp_power/run_1'
client 2023-07-12 21:12:16,300 [INFO] Done runs
