client 2023-07-13 12:34:02,912 [INFO] Creating output directory '/home/arjun/mobilenet_results/valid_results/orin-tflite_armnn_cpp-cpu-armnn_tflite-v23.05-using_neon/mobilenet-v1-precision_uint8-0.5-192/singlestream/performance/tmp_power'
client 2023-07-13 12:34:02,916 [INFO] Sending command to the server: 'mlcommons/power client v3'
client 2023-07-13 12:34:02,920 [INFO] Got response: 'mlcommons/power server v3'
client 2023-07-13 12:34:02,920 [INFO] Synchronizing with the server and with time.google.com...
client 2023-07-13 12:34:02,937 [INFO] NTP:offset = -0.006 s, delay = 0.013 s 
client 2023-07-13 12:34:02,937 [INFO] Sending command to the server: 'time'
client 2023-07-13 12:34:02,941 [INFO] Got response: '1689248042.867143'
client 2023-07-13 12:34:02,941 [INFO] The time difference between the client and the server is within range 70.662 ms..74.253 ms
client 2023-07-13 12:34:02,941 [INFO] Sending command to the server: 'new,,6d729a6f-fdf9-4b8d-afd1-47b746e40a09'
client 2023-07-13 12:34:02,945 [INFO] Got response: 'OK 2023-07-13_12-34-02,60fcf7fc-f894-42ca-8247-e2e1f4f9bf52'
client 2023-07-13 12:34:02,945 [INFO] Session id is '2023-07-13_12-34-02'
client 2023-07-13 12:34:02,945 [INFO] Sources: {"sources": {"__init__.py": "da39a3ee5e6b4b0d3255bfef95601890afd80709", "client.py": "33ca4f26368777ac06e01f9567b714a4b8063886", "lib/__init__.py": "da39a3ee5e6b4b0d3255bfef95601890afd80709", "lib/client.py": "ac2aa093c8e8bbc9569b9e2a3471bc64e58a2258", "lib/common.py": "611d8b29633d331eb19c9455ea3b5fa3284ed6df", "lib/external/__init__.py": "da39a3ee5e6b4b0d3255bfef95601890afd80709", "lib/external/ntplib.py": "4da8f970656505a40483206ef2b5d3dd5e81711d", "lib/server.py": "c7af63c31bb2fbedea4345f571f6e3507d268ada", "lib/source_hashes.py": "60a2e02193209e8d392803326208d5466342da18", "lib/summary.py": "aa92f0a3f975eecd44d3c0cd0236342ccc9f941d", "lib/time_sync.py": "122eba67a9abc85635223e054def53be1367ade2", "server.py": "c3f90f2f7eeb4db30727556d0c815ebc89b3d28b", "tests/unit/__init__.py": "da39a3ee5e6b4b0d3255bfef95601890afd80709", "tests/unit/test_server.py": "948c1995d4008bc2aa6c4046a34ffa3858d6d671", "tests/unit/test_source_hashes.py": "00468a2907583c593e6574a1f6b404e4651c221a"}, "modules": {"ptd_client_server.lib.client": "lib/client.py", "ptd_client_server.lib.common": "lib/common.py", "ptd_client_server.lib.external.ntplib": "lib/external/ntplib.py", "ptd_client_server.lib.source_hashes": "lib/source_hashes.py", "ptd_client_server.lib.summary": "lib/summary.py", "ptd_client_server.lib.time_sync": "lib/time_sync.py"}}
client 2023-07-13 12:34:02,945 [INFO] Running workload in ranging mode
client 2023-07-13 12:34:02,945 [INFO] Synchronizing with the server and with time.google.com...
client 2023-07-13 12:34:02,962 [INFO] NTP:offset = -0.007 s, delay = 0.016 s 
client 2023-07-13 12:34:02,962 [INFO] Sending command to the server: 'time'
client 2023-07-13 12:34:02,965 [INFO] Got response: '1689248042.887569'
client 2023-07-13 12:34:02,965 [INFO] The time difference between the client and the server is within range 75.395 ms..78.190 ms
client 2023-07-13 12:34:02,965 [INFO] Sending command to the server: 'session,2023-07-13_12-34-02,start,ranging'
client 2023-07-13 12:34:31,624 [INFO] Got response: 'OK'
client 2023-07-13 12:34:31,625 [INFO] Sending command to the server: 'time'
client 2023-07-13 12:34:31,630 [INFO] Got response: '1689248071.5526717'
client 2023-07-13 12:34:31,631 [INFO] The time difference between the client and the server is within range 72.802 ms..78.468 ms
client 2023-07-13 12:34:31,631 [INFO] Running the workload 'CM_MLPERF_RUN_COUNT=$(cat ${CM_RUN_DIR}/count.txt); echo ${CM_MLPERF_RUN_COUNT}; CM_MLPERF_RUN_COUNT=$((CM_MLPERF_RUN_COUNT+1)); echo ${CM_MLPERF_RUN_COUNT} > ${CM_RUN_DIR}/count.txt && if [ ${CM_MLPERF_RUN_COUNT} -eq "1" ]; then export CM_MLPERF_USER_CONF=${CM_MLPERF_RANGING_USER_CONF}; else export CM_MLPERF_USER_CONF=${CM_MLPERF_TESTING_USER_CONF}; fi && /home/arjun/run.out'
client 2023-07-13 12:39:33,405 [INFO] Sending command to the server: 'time'
client 2023-07-13 12:39:33,410 [INFO] Got response: '1689248373.3340776'
client 2023-07-13 12:39:33,410 [INFO] The time difference between the client and the server is within range 71.648 ms..76.807 ms
client 2023-07-13 12:39:33,411 [INFO] Sending command to the server: 'session,2023-07-13_12-34-02,stop,ranging'
client 2023-07-13 12:39:43,762 [INFO] Got response: 'OK'
client 2023-07-13 12:39:43,763 [INFO] Sending command to the server: 'time'
client 2023-07-13 12:39:43,767 [INFO] Got response: '1689248383.69152'
client 2023-07-13 12:39:43,767 [INFO] The time difference between the client and the server is within range 71.538 ms..76.341 ms
client 2023-07-13 12:39:43,800 [INFO] Copying loadgen logs from '/home/arjun/mobilenet_results/valid_results/orin-tflite_armnn_cpp-cpu-armnn_tflite-v23.05-using_neon/mobilenet-v1-precision_uint8-0.5-192/singlestream/performance/run_1' to '/home/arjun/mobilenet_results/valid_results/orin-tflite_armnn_cpp-cpu-armnn_tflite-v23.05-using_neon/mobilenet-v1-precision_uint8-0.5-192/singlestream/performance/tmp_power/ranging'
client 2023-07-13 12:39:43,803 [INFO] Running workload in testing mode
client 2023-07-13 12:39:43,803 [INFO] Synchronizing with the server and with time.google.com...
client 2023-07-13 12:39:43,824 [INFO] NTP:offset = -0.008 s, delay = 0.016 s 
client 2023-07-13 12:39:43,825 [INFO] Sending command to the server: 'time'
client 2023-07-13 12:39:43,828 [INFO] Got response: '1689248383.7521422'
client 2023-07-13 12:39:43,828 [INFO] The time difference between the client and the server is within range 72.889 ms..76.191 ms
client 2023-07-13 12:39:43,828 [INFO] Sending command to the server: 'session,2023-07-13_12-34-02,start,testing'
client 2023-07-13 12:39:56,868 [INFO] Got response: 'OK'
client 2023-07-13 12:39:56,869 [INFO] Sending command to the server: 'time'
client 2023-07-13 12:39:56,874 [INFO] Got response: '1689248396.7932622'
client 2023-07-13 12:39:56,875 [INFO] The time difference between the client and the server is within range 76.573 ms..81.870 ms
client 2023-07-13 12:39:56,875 [INFO] Running the workload 'CM_MLPERF_RUN_COUNT=$(cat ${CM_RUN_DIR}/count.txt); echo ${CM_MLPERF_RUN_COUNT}; CM_MLPERF_RUN_COUNT=$((CM_MLPERF_RUN_COUNT+1)); echo ${CM_MLPERF_RUN_COUNT} > ${CM_RUN_DIR}/count.txt && if [ ${CM_MLPERF_RUN_COUNT} -eq "1" ]; then export CM_MLPERF_USER_CONF=${CM_MLPERF_RANGING_USER_CONF}; else export CM_MLPERF_USER_CONF=${CM_MLPERF_TESTING_USER_CONF}; fi && /home/arjun/run.out'
client 2023-07-13 12:50:00,062 [INFO] Sending command to the server: 'time'
client 2023-07-13 12:50:00,067 [INFO] Got response: '1689248999.9855535'
client 2023-07-13 12:50:00,067 [INFO] The time difference between the client and the server is within range 76.337 ms..81.826 ms
client 2023-07-13 12:50:00,067 [INFO] Sending command to the server: 'session,2023-07-13_12-34-02,stop,testing'
client 2023-07-13 12:50:10,968 [INFO] Got response: 'OK'
client 2023-07-13 12:50:10,969 [INFO] Sending command to the server: 'time'
client 2023-07-13 12:50:10,972 [INFO] Got response: '1689249010.8885558'
client 2023-07-13 12:50:10,972 [INFO] The time difference between the client and the server is within range 80.737 ms..83.667 ms
client 2023-07-13 12:50:10,976 [INFO] Copying loadgen logs from '/home/arjun/mobilenet_results/valid_results/orin-tflite_armnn_cpp-cpu-armnn_tflite-v23.05-using_neon/mobilenet-v1-precision_uint8-0.5-192/singlestream/performance/run_1' to '/home/arjun/mobilenet_results/valid_results/orin-tflite_armnn_cpp-cpu-armnn_tflite-v23.05-using_neon/mobilenet-v1-precision_uint8-0.5-192/singlestream/performance/tmp_power/run_1'
client 2023-07-13 12:50:10,979 [INFO] Done runs
