client 2023-08-06 17:05:00,456 [INFO] Creating output directory '/home/arjun/mobilenet_results/valid_results/orin-tflite_cpp-cpu-tflite-vmaster-default_config/efficientnet-fp32-lite4/singlestream/performance/tmp_power'
client 2023-08-06 17:05:00,460 [INFO] Sending command to the server: 'mlcommons/power client v3'
client 2023-08-06 17:05:00,463 [INFO] Got response: 'mlcommons/power server v3'
client 2023-08-06 17:05:00,463 [INFO] Synchronizing with the server and with time.google.com...
client 2023-08-06 17:05:00,482 [INFO] NTP:offset = 0.001 s, delay = 0.016 s 
client 2023-08-06 17:05:00,483 [INFO] Sending command to the server: 'time'
client 2023-08-06 17:05:00,492 [INFO] Got response: '1691337900.3492851'
client 2023-08-06 17:05:00,492 [INFO] The time difference between the client and the server is within range 133.741 ms..143.613 ms
client 2023-08-06 17:05:00,492 [INFO] Sending command to the server: 'new,,8bf0c73c-7930-4900-bcdb-3623a1c19d31'
client 2023-08-06 17:05:00,502 [INFO] Got response: 'OK 2023-08-06_17-05-00,2d8ad56f-05e0-4f86-a9eb-215c043cf28f'
client 2023-08-06 17:05:00,502 [INFO] Session id is '2023-08-06_17-05-00'
client 2023-08-06 17:05:00,503 [INFO] Sources: {"sources": {"__init__.py": "da39a3ee5e6b4b0d3255bfef95601890afd80709", "client.py": "33ca4f26368777ac06e01f9567b714a4b8063886", "lib/__init__.py": "da39a3ee5e6b4b0d3255bfef95601890afd80709", "lib/client.py": "ac2aa093c8e8bbc9569b9e2a3471bc64e58a2258", "lib/common.py": "611d8b29633d331eb19c9455ea3b5fa3284ed6df", "lib/external/__init__.py": "da39a3ee5e6b4b0d3255bfef95601890afd80709", "lib/external/ntplib.py": "4da8f970656505a40483206ef2b5d3dd5e81711d", "lib/server.py": "c7af63c31bb2fbedea4345f571f6e3507d268ada", "lib/source_hashes.py": "60a2e02193209e8d392803326208d5466342da18", "lib/summary.py": "aa92f0a3f975eecd44d3c0cd0236342ccc9f941d", "lib/time_sync.py": "122eba67a9abc85635223e054def53be1367ade2", "server.py": "c3f90f2f7eeb4db30727556d0c815ebc89b3d28b", "tests/unit/__init__.py": "da39a3ee5e6b4b0d3255bfef95601890afd80709", "tests/unit/test_server.py": "948c1995d4008bc2aa6c4046a34ffa3858d6d671", "tests/unit/test_source_hashes.py": "00468a2907583c593e6574a1f6b404e4651c221a"}, "modules": {"ptd_client_server.lib.client": "lib/client.py", "ptd_client_server.lib.common": "lib/common.py", "ptd_client_server.lib.external.ntplib": "lib/external/ntplib.py", "ptd_client_server.lib.source_hashes": "lib/source_hashes.py", "ptd_client_server.lib.summary": "lib/summary.py", "ptd_client_server.lib.time_sync": "lib/time_sync.py"}}
client 2023-08-06 17:05:00,503 [INFO] Running workload in ranging mode
client 2023-08-06 17:05:00,503 [INFO] Synchronizing with the server and with time.google.com...
client 2023-08-06 17:05:00,518 [INFO] NTP:offset = 0.001 s, delay = 0.014 s 
client 2023-08-06 17:05:00,518 [INFO] Sending command to the server: 'time'
client 2023-08-06 17:05:00,521 [INFO] Got response: '1691337900.380291'
client 2023-08-06 17:05:00,521 [INFO] The time difference between the client and the server is within range 138.418 ms..141.538 ms
client 2023-08-06 17:05:00,521 [INFO] Sending command to the server: 'session,2023-08-06_17-05-00,start,ranging'
client 2023-08-06 17:05:29,228 [INFO] Got response: 'OK'
client 2023-08-06 17:05:29,228 [INFO] Sending command to the server: 'time'
client 2023-08-06 17:05:29,233 [INFO] Got response: '1691337929.0926075'
client 2023-08-06 17:05:29,233 [INFO] The time difference between the client and the server is within range 135.595 ms..140.841 ms
client 2023-08-06 17:05:29,233 [INFO] Running the workload 'CM_MLPERF_RUN_COUNT=$(cat ${CM_RUN_DIR}/count.txt); echo ${CM_MLPERF_RUN_COUNT}; CM_MLPERF_RUN_COUNT=$((CM_MLPERF_RUN_COUNT+1)); echo ${CM_MLPERF_RUN_COUNT} > ${CM_RUN_DIR}/count.txt && if [ ${CM_MLPERF_RUN_COUNT} -eq "1" ]; then export CM_MLPERF_USER_CONF=${CM_MLPERF_RANGING_USER_CONF}; else export CM_MLPERF_USER_CONF=${CM_MLPERF_TESTING_USER_CONF}; fi && /mount/CM/repos/ctuning@mlcommons-ck/cm-mlops/script/run-all-mlperf-models/run.out'
client 2023-08-06 17:10:32,272 [INFO] Sending command to the server: 'time'
client 2023-08-06 17:10:32,280 [INFO] Got response: '1691338232.1386645'
client 2023-08-06 17:10:32,280 [INFO] The time difference between the client and the server is within range 134.058 ms..141.894 ms
client 2023-08-06 17:10:32,280 [INFO] Sending command to the server: 'session,2023-08-06_17-05-00,stop,ranging'
client 2023-08-06 17:10:43,410 [INFO] Got response: 'OK'
client 2023-08-06 17:10:43,410 [INFO] Sending command to the server: 'time'
client 2023-08-06 17:10:43,438 [INFO] Got response: '1691338243.2643456'
client 2023-08-06 17:10:43,438 [INFO] The time difference between the client and the server is within range 145.860 ms..174.211 ms
client 2023-08-06 17:10:43,442 [INFO] Copying loadgen logs from '/home/arjun/mobilenet_results/valid_results/orin-tflite_cpp-cpu-tflite-vmaster-default_config/efficientnet-fp32-lite4/singlestream/performance/run_1' to '/home/arjun/mobilenet_results/valid_results/orin-tflite_cpp-cpu-tflite-vmaster-default_config/efficientnet-fp32-lite4/singlestream/performance/tmp_power/ranging'
client 2023-08-06 17:10:43,442 [INFO] Running workload in testing mode
client 2023-08-06 17:10:43,442 [INFO] Synchronizing with the server and with time.google.com...
client 2023-08-06 17:10:43,458 [INFO] NTP:offset = 0.001 s, delay = 0.014 s 
client 2023-08-06 17:10:43,458 [INFO] Sending command to the server: 'time'
client 2023-08-06 17:10:43,463 [INFO] Got response: '1691338243.3206542'
client 2023-08-06 17:10:43,463 [INFO] The time difference between the client and the server is within range 137.565 ms..142.420 ms
client 2023-08-06 17:10:43,463 [INFO] Sending command to the server: 'session,2023-08-06_17-05-00,start,testing'
client 2023-08-06 17:10:56,513 [INFO] Got response: 'OK'
client 2023-08-06 17:10:56,513 [INFO] Sending command to the server: 'time'
client 2023-08-06 17:10:56,517 [INFO] Got response: '1691338256.377072'
client 2023-08-06 17:10:56,517 [INFO] The time difference between the client and the server is within range 136.806 ms..140.028 ms
client 2023-08-06 17:10:56,517 [INFO] Running the workload 'CM_MLPERF_RUN_COUNT=$(cat ${CM_RUN_DIR}/count.txt); echo ${CM_MLPERF_RUN_COUNT}; CM_MLPERF_RUN_COUNT=$((CM_MLPERF_RUN_COUNT+1)); echo ${CM_MLPERF_RUN_COUNT} > ${CM_RUN_DIR}/count.txt && if [ ${CM_MLPERF_RUN_COUNT} -eq "1" ]; then export CM_MLPERF_USER_CONF=${CM_MLPERF_RANGING_USER_CONF}; else export CM_MLPERF_USER_CONF=${CM_MLPERF_TESTING_USER_CONF}; fi && /mount/CM/repos/ctuning@mlcommons-ck/cm-mlops/script/run-all-mlperf-models/run.out'
client 2023-08-06 17:20:59,033 [INFO] Sending command to the server: 'time'
client 2023-08-06 17:20:59,038 [INFO] Got response: '1691338858.8877792'
client 2023-08-06 17:20:59,038 [INFO] The time difference between the client and the server is within range 145.392 ms..150.862 ms
client 2023-08-06 17:20:59,038 [INFO] Sending command to the server: 'session,2023-08-06_17-05-00,stop,testing'
client 2023-08-06 17:21:09,591 [INFO] Got response: 'OK'
client 2023-08-06 17:21:09,591 [INFO] Sending command to the server: 'time'
client 2023-08-06 17:21:09,593 [INFO] Got response: '1691338869.440594'
client 2023-08-06 17:21:09,593 [INFO] The time difference between the client and the server is within range 150.724 ms..153.246 ms
client 2023-08-06 17:21:09,594 [INFO] Copying loadgen logs from '/home/arjun/mobilenet_results/valid_results/orin-tflite_cpp-cpu-tflite-vmaster-default_config/efficientnet-fp32-lite4/singlestream/performance/run_1' to '/home/arjun/mobilenet_results/valid_results/orin-tflite_cpp-cpu-tflite-vmaster-default_config/efficientnet-fp32-lite4/singlestream/performance/tmp_power/run_1'
client 2023-08-06 17:21:09,595 [INFO] Done runs
