client 2023-08-06 03:11:26,519 [INFO] Creating output directory '/home/arjun/mobilenet_results/valid_results/orin-tflite_cpp-cpu-tflite-vmaster-default_config/mobilenet-v1-precision_float-0.25-160/singlestream/performance/tmp_power'
client 2023-08-06 03:11:26,522 [INFO] Sending command to the server: 'mlcommons/power client v3'
client 2023-08-06 03:11:26,525 [INFO] Got response: 'mlcommons/power server v3'
client 2023-08-06 03:11:26,525 [INFO] Synchronizing with the server and with time.google.com...
client 2023-08-06 03:11:26,542 [INFO] NTP:offset = -0.001 s, delay = 0.013 s 
client 2023-08-06 03:11:26,542 [INFO] Sending command to the server: 'time'
client 2023-08-06 03:11:26,544 [INFO] Got response: '1691287886.3398318'
client 2023-08-06 03:11:26,544 [INFO] The time difference between the client and the server is within range 202.344 ms..205.129 ms
client 2023-08-06 03:11:26,545 [WARNING] The time difference between the client and the server is more than 200 ms
client 2023-08-06 03:11:26,545 [INFO] Sending command to the server: 'set_ntp'
client 2023-08-06 03:11:27,581 [INFO] Got response: 'OK'
client 2023-08-06 03:11:27,581 [INFO] Synchronizing with time.google.com time using NTP...
client 2023-08-06 03:11:36,117 [INFO] Set system time at 2023-08-06 03:11:36.117678
client 2023-08-06 03:11:36,135 [INFO] NTP:offset = 0.001 s, delay = 0.016 s 
client 2023-08-06 03:11:36,135 [INFO] Sending command to the server: 'time'
client 2023-08-06 03:11:36,140 [INFO] Got response: '1691287896.1422973'
client 2023-08-06 03:11:36,140 [INFO] The time difference between the client and the server is within range -6.571 ms..-1.750 ms
client 2023-08-06 03:11:36,140 [INFO] Sending command to the server: 'new,,f4003ea3-7487-4aac-886f-b2ea37d00da5'
client 2023-08-06 03:11:36,145 [INFO] Got response: 'OK 2023-08-06_03-11-36,80b6726a-ba41-4162-8018-13a9bd4b50aa'
client 2023-08-06 03:11:36,146 [INFO] Session id is '2023-08-06_03-11-36'
client 2023-08-06 03:11:36,146 [INFO] Sources: {"sources": {"__init__.py": "da39a3ee5e6b4b0d3255bfef95601890afd80709", "client.py": "33ca4f26368777ac06e01f9567b714a4b8063886", "lib/__init__.py": "da39a3ee5e6b4b0d3255bfef95601890afd80709", "lib/client.py": "ac2aa093c8e8bbc9569b9e2a3471bc64e58a2258", "lib/common.py": "611d8b29633d331eb19c9455ea3b5fa3284ed6df", "lib/external/__init__.py": "da39a3ee5e6b4b0d3255bfef95601890afd80709", "lib/external/ntplib.py": "4da8f970656505a40483206ef2b5d3dd5e81711d", "lib/server.py": "c7af63c31bb2fbedea4345f571f6e3507d268ada", "lib/source_hashes.py": "60a2e02193209e8d392803326208d5466342da18", "lib/summary.py": "aa92f0a3f975eecd44d3c0cd0236342ccc9f941d", "lib/time_sync.py": "122eba67a9abc85635223e054def53be1367ade2", "server.py": "c3f90f2f7eeb4db30727556d0c815ebc89b3d28b", "tests/unit/__init__.py": "da39a3ee5e6b4b0d3255bfef95601890afd80709", "tests/unit/test_server.py": "948c1995d4008bc2aa6c4046a34ffa3858d6d671", "tests/unit/test_source_hashes.py": "00468a2907583c593e6574a1f6b404e4651c221a"}, "modules": {"ptd_client_server.lib.client": "lib/client.py", "ptd_client_server.lib.common": "lib/common.py", "ptd_client_server.lib.external.ntplib": "lib/external/ntplib.py", "ptd_client_server.lib.source_hashes": "lib/source_hashes.py", "ptd_client_server.lib.summary": "lib/summary.py", "ptd_client_server.lib.time_sync": "lib/time_sync.py"}}
client 2023-08-06 03:11:36,146 [INFO] Running workload in ranging mode
client 2023-08-06 03:11:36,146 [INFO] Synchronizing with the server and with time.google.com...
client 2023-08-06 03:11:36,160 [INFO] NTP:offset = 0.001 s, delay = 0.012 s 
client 2023-08-06 03:11:36,160 [INFO] Sending command to the server: 'time'
client 2023-08-06 03:11:36,163 [INFO] Got response: '1691287896.163198'
client 2023-08-06 03:11:36,163 [INFO] The time difference between the client and the server is within range -3.068 ms..-0.068 ms
client 2023-08-06 03:11:36,163 [INFO] Sending command to the server: 'session,2023-08-06_03-11-36,start,ranging'
client 2023-08-06 03:12:04,878 [INFO] Got response: 'OK'
client 2023-08-06 03:12:04,878 [INFO] Sending command to the server: 'time'
client 2023-08-06 03:12:04,880 [INFO] Got response: '1691287924.8804097'
client 2023-08-06 03:12:04,880 [INFO] The time difference between the client and the server is within range -1.928 ms..-0.064 ms
client 2023-08-06 03:12:04,880 [INFO] Running the workload 'CM_MLPERF_RUN_COUNT=$(cat ${CM_RUN_DIR}/count.txt); echo ${CM_MLPERF_RUN_COUNT}; CM_MLPERF_RUN_COUNT=$((CM_MLPERF_RUN_COUNT+1)); echo ${CM_MLPERF_RUN_COUNT} > ${CM_RUN_DIR}/count.txt && if [ ${CM_MLPERF_RUN_COUNT} -eq "1" ]; then export CM_MLPERF_USER_CONF=${CM_MLPERF_RANGING_USER_CONF}; else export CM_MLPERF_USER_CONF=${CM_MLPERF_TESTING_USER_CONF}; fi && /mount/CM/repos/ctuning@mlcommons-ck/cm-mlops/script/run-all-mlperf-models/run.out'
client 2023-08-06 03:17:06,207 [INFO] Sending command to the server: 'time'
client 2023-08-06 03:17:06,211 [INFO] Got response: '1691288226.1911328'
client 2023-08-06 03:17:06,211 [INFO] The time difference between the client and the server is within range 15.812 ms..20.362 ms
client 2023-08-06 03:17:06,211 [INFO] Sending command to the server: 'session,2023-08-06_03-11-36,stop,ranging'
client 2023-08-06 03:17:17,422 [INFO] Got response: 'OK'
client 2023-08-06 03:17:17,422 [INFO] Sending command to the server: 'time'
client 2023-08-06 03:17:17,424 [INFO] Got response: '1691288237.4104047'
client 2023-08-06 03:17:17,424 [INFO] The time difference between the client and the server is within range 11.876 ms..14.256 ms
client 2023-08-06 03:17:17,428 [INFO] Copying loadgen logs from '/home/arjun/mobilenet_results/valid_results/orin-tflite_cpp-cpu-tflite-vmaster-default_config/mobilenet-v1-precision_float-0.25-160/singlestream/performance/run_1' to '/home/arjun/mobilenet_results/valid_results/orin-tflite_cpp-cpu-tflite-vmaster-default_config/mobilenet-v1-precision_float-0.25-160/singlestream/performance/tmp_power/ranging'
client 2023-08-06 03:17:17,428 [INFO] Running workload in testing mode
client 2023-08-06 03:17:17,428 [INFO] Synchronizing with the server and with time.google.com...
client 2023-08-06 03:17:17,442 [INFO] NTP:offset = -0.009 s, delay = 0.012 s 
client 2023-08-06 03:17:17,442 [INFO] Sending command to the server: 'time'
client 2023-08-06 03:17:17,444 [INFO] Got response: '1691288237.4309256'
client 2023-08-06 03:17:17,444 [INFO] The time difference between the client and the server is within range 11.648 ms..13.818 ms
client 2023-08-06 03:17:17,444 [INFO] Sending command to the server: 'session,2023-08-06_03-11-36,start,testing'
client 2023-08-06 03:17:30,488 [INFO] Got response: 'OK'
client 2023-08-06 03:17:30,488 [INFO] Sending command to the server: 'time'
client 2023-08-06 03:17:30,491 [INFO] Got response: '1691288250.4774287'
client 2023-08-06 03:17:30,491 [INFO] The time difference between the client and the server is within range 10.871 ms..14.011 ms
client 2023-08-06 03:17:30,491 [INFO] Running the workload 'CM_MLPERF_RUN_COUNT=$(cat ${CM_RUN_DIR}/count.txt); echo ${CM_MLPERF_RUN_COUNT}; CM_MLPERF_RUN_COUNT=$((CM_MLPERF_RUN_COUNT+1)); echo ${CM_MLPERF_RUN_COUNT} > ${CM_RUN_DIR}/count.txt && if [ ${CM_MLPERF_RUN_COUNT} -eq "1" ]; then export CM_MLPERF_USER_CONF=${CM_MLPERF_RANGING_USER_CONF}; else export CM_MLPERF_USER_CONF=${CM_MLPERF_TESTING_USER_CONF}; fi && /mount/CM/repos/ctuning@mlcommons-ck/cm-mlops/script/run-all-mlperf-models/run.out'
client 2023-08-06 03:27:32,763 [INFO] Sending command to the server: 'time'
client 2023-08-06 03:27:32,767 [INFO] Got response: '1691288852.7502887'
client 2023-08-06 03:27:32,767 [INFO] The time difference between the client and the server is within range 12.701 ms..17.212 ms
client 2023-08-06 03:27:32,767 [INFO] Sending command to the server: 'session,2023-08-06_03-11-36,stop,testing'
client 2023-08-06 03:27:43,572 [INFO] Got response: 'OK'
client 2023-08-06 03:27:43,572 [INFO] Sending command to the server: 'time'
client 2023-08-06 03:27:43,574 [INFO] Got response: '1691288863.5553355'
client 2023-08-06 03:27:43,574 [INFO] The time difference between the client and the server is within range 17.419 ms..19.173 ms
client 2023-08-06 03:27:43,575 [INFO] Copying loadgen logs from '/home/arjun/mobilenet_results/valid_results/orin-tflite_cpp-cpu-tflite-vmaster-default_config/mobilenet-v1-precision_float-0.25-160/singlestream/performance/run_1' to '/home/arjun/mobilenet_results/valid_results/orin-tflite_cpp-cpu-tflite-vmaster-default_config/mobilenet-v1-precision_float-0.25-160/singlestream/performance/tmp_power/run_1'
client 2023-08-06 03:27:43,576 [INFO] Done runs
