client 2023-09-01 20:22:27,650 [INFO] Creating output directory '/home/arjun/results_dir/valid_results/phoenix_Amd_Am5-reference-cpu-deepsparse-vdefault-default_config/mobilebert-14layer_pruned50-none-vnni-bert-99/offline/performance/tmp_power'
client 2023-09-01 20:22:27,760 [INFO] Sending command to the server: 'mlcommons/power client v3'
client 2023-09-01 20:22:27,762 [INFO] Got response: 'mlcommons/power server v3'
client 2023-09-01 20:22:27,762 [INFO] Synchronizing with the server and with time.google.com...
client 2023-09-01 20:22:27,783 [INFO] NTP:offset = 0.002 s, delay = 0.019 s 
client 2023-09-01 20:22:27,783 [INFO] Sending command to the server: 'time'
client 2023-09-01 20:22:27,785 [INFO] Got response: '1693596147.7859507'
client 2023-09-01 20:22:27,785 [INFO] The time difference between the client and the server is within range -2.792 ms..-0.076 ms
client 2023-09-01 20:22:27,785 [INFO] Sending command to the server: 'new,,9b5828e9-a451-47ae-8fe1-89f723025635'
client 2023-09-01 20:22:27,788 [INFO] Got response: 'OK 2023-09-01_19-22-27,e15ea101-4a92-47e8-a989-f7712a65bcbd'
client 2023-09-01 20:22:27,788 [INFO] Session id is '2023-09-01_19-22-27'
client 2023-09-01 20:22:27,789 [INFO] Sources: {"sources": {"__init__.py": "da39a3ee5e6b4b0d3255bfef95601890afd80709", "client.py": "33ca4f26368777ac06e01f9567b714a4b8063886", "lib/__init__.py": "da39a3ee5e6b4b0d3255bfef95601890afd80709", "lib/client.py": "ac2aa093c8e8bbc9569b9e2a3471bc64e58a2258", "lib/common.py": "611d8b29633d331eb19c9455ea3b5fa3284ed6df", "lib/external/__init__.py": "da39a3ee5e6b4b0d3255bfef95601890afd80709", "lib/external/ntplib.py": "4da8f970656505a40483206ef2b5d3dd5e81711d", "lib/server.py": "c7af63c31bb2fbedea4345f571f6e3507d268ada", "lib/source_hashes.py": "60a2e02193209e8d392803326208d5466342da18", "lib/summary.py": "aa92f0a3f975eecd44d3c0cd0236342ccc9f941d", "lib/time_sync.py": "122eba67a9abc85635223e054def53be1367ade2", "server.py": "c3f90f2f7eeb4db30727556d0c815ebc89b3d28b", "tests/unit/__init__.py": "da39a3ee5e6b4b0d3255bfef95601890afd80709", "tests/unit/test_server.py": "948c1995d4008bc2aa6c4046a34ffa3858d6d671", "tests/unit/test_source_hashes.py": "00468a2907583c593e6574a1f6b404e4651c221a"}, "modules": {"ptd_client_server.lib.client": "lib/client.py", "ptd_client_server.lib.common": "lib/common.py", "ptd_client_server.lib.external.ntplib": "lib/external/ntplib.py", "ptd_client_server.lib.source_hashes": "lib/source_hashes.py", "ptd_client_server.lib.summary": "lib/summary.py", "ptd_client_server.lib.time_sync": "lib/time_sync.py"}}
client 2023-09-01 20:22:27,789 [INFO] Running workload in ranging mode
client 2023-09-01 20:22:27,789 [INFO] Synchronizing with the server and with time.google.com...
client 2023-09-01 20:22:27,805 [INFO] NTP:offset = -0.001 s, delay = 0.016 s 
client 2023-09-01 20:22:27,805 [INFO] Sending command to the server: 'time'
client 2023-09-01 20:22:27,806 [INFO] Got response: '1693596147.8076916'
client 2023-09-01 20:22:27,806 [INFO] The time difference between the client and the server is within range -2.234 ms..-0.769 ms
client 2023-09-01 20:22:27,806 [INFO] Sending command to the server: 'session,2023-09-01_19-22-27,start,ranging'
client 2023-09-01 20:22:55,889 [INFO] Got response: 'OK'
client 2023-09-01 20:22:55,889 [INFO] Sending command to the server: 'time'
client 2023-09-01 20:22:55,891 [INFO] Got response: '1693596175.891733'
client 2023-09-01 20:22:55,891 [INFO] The time difference between the client and the server is within range -2.167 ms..-0.423 ms
client 2023-09-01 20:22:55,891 [INFO] Running the workload 'CM_MLPERF_RUN_COUNT=$(cat ${CM_RUN_DIR}/count.txt); echo ${CM_MLPERF_RUN_COUNT}; CM_MLPERF_RUN_COUNT=$((CM_MLPERF_RUN_COUNT+1)); echo ${CM_MLPERF_RUN_COUNT} > ${CM_RUN_DIR}/count.txt && if [ ${CM_MLPERF_RUN_COUNT} -eq "1" ]; then export CM_MLPERF_USER_CONF=${CM_MLPERF_RANGING_USER_CONF}; else export CM_MLPERF_USER_CONF=${CM_MLPERF_TESTING_USER_CONF}; fi && /usr/bin/python3 run.py --backend=deepsparse --scenario=Offline --mlperf_conf "/home/arjun/CM/repos/local/cache/c90a1dd626e44096/inference/mlperf.conf" --user_conf "${CM_MLPERF_USER_CONF}" --quantized --batch_size=384 --model_path=/home/arjun/.cache/sparsezoo/981483f2-fee5-4574-b67e-0f55fd984262/model.onnx'
client 2023-09-01 20:29:43,424 [INFO] Sending command to the server: 'time'
client 2023-09-01 20:29:43,480 [INFO] Got response: '1693596583.4800022'
client 2023-09-01 20:29:43,480 [INFO] The time difference between the client and the server is within range -55.350 ms..0.318 ms
client 2023-09-01 20:29:43,480 [INFO] Sending command to the server: 'session,2023-09-01_19-22-27,stop,ranging'
client 2023-09-01 20:29:53,979 [INFO] Got response: 'OK'
client 2023-09-01 20:29:53,979 [INFO] Sending command to the server: 'time'
client 2023-09-01 20:29:53,980 [INFO] Got response: '1693596593.981371'
client 2023-09-01 20:29:53,980 [INFO] The time difference between the client and the server is within range -2.086 ms..-0.573 ms
client 2023-09-01 20:29:53,982 [INFO] Copying loadgen logs from '/home/arjun/results_dir/valid_results/phoenix_Amd_Am5-reference-cpu-deepsparse-vdefault-default_config/mobilebert-14layer_pruned50-none-vnni-bert-99/offline/performance/run_1' to '/home/arjun/results_dir/valid_results/phoenix_Amd_Am5-reference-cpu-deepsparse-vdefault-default_config/mobilebert-14layer_pruned50-none-vnni-bert-99/offline/performance/tmp_power/ranging'
client 2023-09-01 20:29:53,982 [INFO] Running workload in testing mode
client 2023-09-01 20:29:53,982 [INFO] Synchronizing with the server and with time.google.com...
client 2023-09-01 20:29:54,008 [INFO] NTP:offset = -0.005 s, delay = 0.025 s 
client 2023-09-01 20:29:54,009 [INFO] Sending command to the server: 'time'
client 2023-09-01 20:29:54,012 [INFO] Got response: '1693596594.0127773'
client 2023-09-01 20:29:54,012 [INFO] The time difference between the client and the server is within range -3.773 ms..-0.419 ms
client 2023-09-01 20:29:54,012 [INFO] Sending command to the server: 'session,2023-09-01_19-22-27,start,testing'
client 2023-09-01 20:30:07,034 [INFO] Got response: 'OK'
client 2023-09-01 20:30:07,034 [INFO] Sending command to the server: 'time'
client 2023-09-01 20:30:07,036 [INFO] Got response: '1693596607.0369537'
client 2023-09-01 20:30:07,036 [INFO] The time difference between the client and the server is within range -2.621 ms..-0.427 ms
client 2023-09-01 20:30:07,036 [INFO] Running the workload 'CM_MLPERF_RUN_COUNT=$(cat ${CM_RUN_DIR}/count.txt); echo ${CM_MLPERF_RUN_COUNT}; CM_MLPERF_RUN_COUNT=$((CM_MLPERF_RUN_COUNT+1)); echo ${CM_MLPERF_RUN_COUNT} > ${CM_RUN_DIR}/count.txt && if [ ${CM_MLPERF_RUN_COUNT} -eq "1" ]; then export CM_MLPERF_USER_CONF=${CM_MLPERF_RANGING_USER_CONF}; else export CM_MLPERF_USER_CONF=${CM_MLPERF_TESTING_USER_CONF}; fi && /usr/bin/python3 run.py --backend=deepsparse --scenario=Offline --mlperf_conf "/home/arjun/CM/repos/local/cache/c90a1dd626e44096/inference/mlperf.conf" --user_conf "${CM_MLPERF_USER_CONF}" --quantized --batch_size=384 --model_path=/home/arjun/.cache/sparsezoo/981483f2-fee5-4574-b67e-0f55fd984262/model.onnx'
client 2023-09-01 20:42:27,504 [INFO] Sending command to the server: 'time'
client 2023-09-01 20:42:27,592 [INFO] Got response: '1693597347.5914001'
client 2023-09-01 20:42:27,592 [INFO] The time difference between the client and the server is within range -87.062 ms..0.886 ms
client 2023-09-01 20:42:27,592 [INFO] Sending command to the server: 'session,2023-09-01_19-22-27,stop,testing'
client 2023-09-01 20:42:38,048 [INFO] Got response: 'OK'
client 2023-09-01 20:42:38,048 [INFO] Sending command to the server: 'time'
client 2023-09-01 20:42:38,049 [INFO] Got response: '1693597358.0490978'
client 2023-09-01 20:42:38,049 [INFO] The time difference between the client and the server is within range -0.774 ms..0.199 ms
client 2023-09-01 20:42:38,049 [INFO] Copying loadgen logs from '/home/arjun/results_dir/valid_results/phoenix_Amd_Am5-reference-cpu-deepsparse-vdefault-default_config/mobilebert-14layer_pruned50-none-vnni-bert-99/offline/performance/run_1' to '/home/arjun/results_dir/valid_results/phoenix_Amd_Am5-reference-cpu-deepsparse-vdefault-default_config/mobilebert-14layer_pruned50-none-vnni-bert-99/offline/performance/tmp_power/run_1'
client 2023-09-01 20:42:38,049 [INFO] Done runs
