client 2023-08-07 14:17:45,222 [INFO] Creating output directory '/home/arjun/mobilenet_results/valid_results/orin-tflite_armnn_cpp-cpu-armnn_tflite-v23.05-using_neon/mobilenet-v2-precision_float-0.5-128/singlestream/performance/tmp_power'
client 2023-08-07 14:17:45,225 [INFO] Sending command to the server: 'mlcommons/power client v3'
client 2023-08-07 14:17:45,229 [INFO] Got response: 'mlcommons/power server v3'
client 2023-08-07 14:17:45,229 [INFO] Synchronizing with the server and with time.google.com...
client 2023-08-07 14:17:45,248 [INFO] NTP:offset = 0.000 s, delay = 0.015 s 
client 2023-08-07 14:17:45,248 [INFO] Sending command to the server: 'time'
client 2023-08-07 14:17:45,253 [INFO] Got response: '1691414265.0782447'
client 2023-08-07 14:17:45,253 [INFO] The time difference between the client and the server is within range 170.221 ms..175.528 ms
client 2023-08-07 14:17:45,253 [INFO] Sending command to the server: 'new,,7ea7cc43-f9f9-446e-9470-5e64f0079551'
client 2023-08-07 14:17:45,259 [INFO] Got response: 'OK 2023-08-07_14-17-45,c1dfa69d-7882-4894-ba7c-173f5e5d8ebc'
client 2023-08-07 14:17:45,260 [INFO] Session id is '2023-08-07_14-17-45'
client 2023-08-07 14:17:45,260 [INFO] Sources: {"sources": {"__init__.py": "da39a3ee5e6b4b0d3255bfef95601890afd80709", "client.py": "33ca4f26368777ac06e01f9567b714a4b8063886", "lib/__init__.py": "da39a3ee5e6b4b0d3255bfef95601890afd80709", "lib/client.py": "ac2aa093c8e8bbc9569b9e2a3471bc64e58a2258", "lib/common.py": "611d8b29633d331eb19c9455ea3b5fa3284ed6df", "lib/external/__init__.py": "da39a3ee5e6b4b0d3255bfef95601890afd80709", "lib/external/ntplib.py": "4da8f970656505a40483206ef2b5d3dd5e81711d", "lib/server.py": "c7af63c31bb2fbedea4345f571f6e3507d268ada", "lib/source_hashes.py": "60a2e02193209e8d392803326208d5466342da18", "lib/summary.py": "aa92f0a3f975eecd44d3c0cd0236342ccc9f941d", "lib/time_sync.py": "122eba67a9abc85635223e054def53be1367ade2", "server.py": "c3f90f2f7eeb4db30727556d0c815ebc89b3d28b", "tests/unit/__init__.py": "da39a3ee5e6b4b0d3255bfef95601890afd80709", "tests/unit/test_server.py": "948c1995d4008bc2aa6c4046a34ffa3858d6d671", "tests/unit/test_source_hashes.py": "00468a2907583c593e6574a1f6b404e4651c221a"}, "modules": {"ptd_client_server.lib.client": "lib/client.py", "ptd_client_server.lib.common": "lib/common.py", "ptd_client_server.lib.external.ntplib": "lib/external/ntplib.py", "ptd_client_server.lib.source_hashes": "lib/source_hashes.py", "ptd_client_server.lib.summary": "lib/summary.py", "ptd_client_server.lib.time_sync": "lib/time_sync.py"}}
client 2023-08-07 14:17:45,260 [INFO] Running workload in ranging mode
client 2023-08-07 14:17:45,260 [INFO] Synchronizing with the server and with time.google.com...
client 2023-08-07 14:17:45,277 [INFO] NTP:offset = 0.001 s, delay = 0.016 s 
client 2023-08-07 14:17:45,277 [INFO] Sending command to the server: 'time'
client 2023-08-07 14:17:45,281 [INFO] Got response: '1691414265.098483'
client 2023-08-07 14:17:45,281 [INFO] The time difference between the client and the server is within range 178.787 ms..182.884 ms
client 2023-08-07 14:17:45,281 [INFO] Sending command to the server: 'session,2023-08-07_14-17-45,start,ranging'
client 2023-08-07 14:18:14,044 [INFO] Got response: 'OK'
client 2023-08-07 14:18:14,044 [INFO] Sending command to the server: 'time'
client 2023-08-07 14:18:14,048 [INFO] Got response: '1691414293.866385'
client 2023-08-07 14:18:14,048 [INFO] The time difference between the client and the server is within range 178.363 ms..182.548 ms
client 2023-08-07 14:18:14,049 [INFO] Running the workload 'CM_MLPERF_RUN_COUNT=$(cat ${CM_RUN_DIR}/count.txt); echo ${CM_MLPERF_RUN_COUNT}; CM_MLPERF_RUN_COUNT=$((CM_MLPERF_RUN_COUNT+1)); echo ${CM_MLPERF_RUN_COUNT} > ${CM_RUN_DIR}/count.txt && if [ ${CM_MLPERF_RUN_COUNT} -eq "1" ]; then export CM_MLPERF_USER_CONF=${CM_MLPERF_RANGING_USER_CONF}; else export CM_MLPERF_USER_CONF=${CM_MLPERF_TESTING_USER_CONF}; fi && /mount/CM/repos/ctuning@mlcommons-ck/cm-mlops/script/run-all-mlperf-models/run.out'
client 2023-08-07 14:23:15,364 [INFO] Sending command to the server: 'time'
client 2023-08-07 14:23:15,370 [INFO] Got response: '1691414595.1850967'
client 2023-08-07 14:23:15,370 [INFO] The time difference between the client and the server is within range 179.439 ms..185.668 ms
client 2023-08-07 14:23:15,370 [INFO] Sending command to the server: 'session,2023-08-07_14-17-45,stop,ranging'
client 2023-08-07 14:23:26,312 [INFO] Got response: 'OK'
client 2023-08-07 14:23:26,312 [INFO] Sending command to the server: 'time'
client 2023-08-07 14:23:26,315 [INFO] Got response: '1691414606.1379814'
client 2023-08-07 14:23:26,315 [INFO] The time difference between the client and the server is within range 174.841 ms..177.934 ms
client 2023-08-07 14:23:26,319 [INFO] Copying loadgen logs from '/home/arjun/mobilenet_results/valid_results/orin-tflite_armnn_cpp-cpu-armnn_tflite-v23.05-using_neon/mobilenet-v2-precision_float-0.5-128/singlestream/performance/run_1' to '/home/arjun/mobilenet_results/valid_results/orin-tflite_armnn_cpp-cpu-armnn_tflite-v23.05-using_neon/mobilenet-v2-precision_float-0.5-128/singlestream/performance/tmp_power/ranging'
client 2023-08-07 14:23:26,320 [INFO] Running workload in testing mode
client 2023-08-07 14:23:26,320 [INFO] Synchronizing with the server and with time.google.com...
client 2023-08-07 14:23:26,348 [INFO] NTP:offset = 0.000 s, delay = 0.015 s 
client 2023-08-07 14:23:26,348 [INFO] Sending command to the server: 'time'
client 2023-08-07 14:23:26,351 [INFO] Got response: '1691414606.1682181'
client 2023-08-07 14:23:26,351 [INFO] The time difference between the client and the server is within range 179.950 ms..183.161 ms
client 2023-08-07 14:23:26,351 [INFO] Sending command to the server: 'session,2023-08-07_14-17-45,start,testing'
client 2023-08-07 14:23:39,392 [INFO] Got response: 'OK'
client 2023-08-07 14:23:39,392 [INFO] Sending command to the server: 'time'
client 2023-08-07 14:23:39,409 [INFO] Got response: '1691414619.20939'
client 2023-08-07 14:23:39,409 [INFO] The time difference between the client and the server is within range 182.792 ms..199.944 ms
client 2023-08-07 14:23:39,409 [INFO] Running the workload 'CM_MLPERF_RUN_COUNT=$(cat ${CM_RUN_DIR}/count.txt); echo ${CM_MLPERF_RUN_COUNT}; CM_MLPERF_RUN_COUNT=$((CM_MLPERF_RUN_COUNT+1)); echo ${CM_MLPERF_RUN_COUNT} > ${CM_RUN_DIR}/count.txt && if [ ${CM_MLPERF_RUN_COUNT} -eq "1" ]; then export CM_MLPERF_USER_CONF=${CM_MLPERF_RANGING_USER_CONF}; else export CM_MLPERF_USER_CONF=${CM_MLPERF_TESTING_USER_CONF}; fi && /mount/CM/repos/ctuning@mlcommons-ck/cm-mlops/script/run-all-mlperf-models/run.out'
client 2023-08-07 14:33:41,613 [INFO] Sending command to the server: 'time'
client 2023-08-07 14:33:41,619 [INFO] Got response: '1691415221.4271488'
client 2023-08-07 14:33:41,619 [INFO] The time difference between the client and the server is within range 186.252 ms..192.219 ms
client 2023-08-07 14:33:41,619 [INFO] Sending command to the server: 'session,2023-08-07_14-17-45,stop,testing'
client 2023-08-07 14:33:52,485 [INFO] Got response: 'OK'
client 2023-08-07 14:33:52,486 [INFO] Sending command to the server: 'time'
client 2023-08-07 14:33:52,488 [INFO] Got response: '1691415232.2965367'
client 2023-08-07 14:33:52,488 [INFO] The time difference between the client and the server is within range 189.514 ms..192.082 ms
client 2023-08-07 14:33:52,489 [INFO] Copying loadgen logs from '/home/arjun/mobilenet_results/valid_results/orin-tflite_armnn_cpp-cpu-armnn_tflite-v23.05-using_neon/mobilenet-v2-precision_float-0.5-128/singlestream/performance/run_1' to '/home/arjun/mobilenet_results/valid_results/orin-tflite_armnn_cpp-cpu-armnn_tflite-v23.05-using_neon/mobilenet-v2-precision_float-0.5-128/singlestream/performance/tmp_power/run_1'
client 2023-08-07 14:33:52,490 [INFO] Done runs
