client 2023-07-13 17:48:03,776 [INFO] Creating output directory '/home/arjun/mobilenet_results/valid_results/orin-tflite_armnn_cpp-cpu-armnn_tflite-v23.05-using_neon/mobilenet-v2-precision_uint8-0.35-192/singlestream/performance/tmp_power'
client 2023-07-13 17:48:03,779 [INFO] Sending command to the server: 'mlcommons/power client v3'
client 2023-07-13 17:48:03,784 [INFO] Got response: 'mlcommons/power server v3'
client 2023-07-13 17:48:03,784 [INFO] Synchronizing with the server and with time.google.com...
client 2023-07-13 17:48:03,821 [INFO] NTP:offset = 0.003 s, delay = 0.020 s 
client 2023-07-13 17:48:03,822 [INFO] Sending command to the server: 'time'
client 2023-07-13 17:48:03,825 [INFO] Got response: '1689266883.7111816'
client 2023-07-13 17:48:03,825 [INFO] The time difference between the client and the server is within range 110.814 ms..114.076 ms
client 2023-07-13 17:48:03,825 [INFO] Sending command to the server: 'new,,70a050bc-c0b9-4057-9616-36ebd6880b60'
client 2023-07-13 17:48:03,828 [INFO] Got response: 'OK 2023-07-13_17-48-03,77f1316e-98fa-4afe-8cfa-c6abf46718cb'
client 2023-07-13 17:48:03,828 [INFO] Session id is '2023-07-13_17-48-03'
client 2023-07-13 17:48:03,828 [INFO] Sources: {"sources": {"__init__.py": "da39a3ee5e6b4b0d3255bfef95601890afd80709", "client.py": "33ca4f26368777ac06e01f9567b714a4b8063886", "lib/__init__.py": "da39a3ee5e6b4b0d3255bfef95601890afd80709", "lib/client.py": "ac2aa093c8e8bbc9569b9e2a3471bc64e58a2258", "lib/common.py": "611d8b29633d331eb19c9455ea3b5fa3284ed6df", "lib/external/__init__.py": "da39a3ee5e6b4b0d3255bfef95601890afd80709", "lib/external/ntplib.py": "4da8f970656505a40483206ef2b5d3dd5e81711d", "lib/server.py": "c7af63c31bb2fbedea4345f571f6e3507d268ada", "lib/source_hashes.py": "60a2e02193209e8d392803326208d5466342da18", "lib/summary.py": "aa92f0a3f975eecd44d3c0cd0236342ccc9f941d", "lib/time_sync.py": "122eba67a9abc85635223e054def53be1367ade2", "server.py": "c3f90f2f7eeb4db30727556d0c815ebc89b3d28b", "tests/unit/__init__.py": "da39a3ee5e6b4b0d3255bfef95601890afd80709", "tests/unit/test_server.py": "948c1995d4008bc2aa6c4046a34ffa3858d6d671", "tests/unit/test_source_hashes.py": "00468a2907583c593e6574a1f6b404e4651c221a"}, "modules": {"ptd_client_server.lib.client": "lib/client.py", "ptd_client_server.lib.common": "lib/common.py", "ptd_client_server.lib.external.ntplib": "lib/external/ntplib.py", "ptd_client_server.lib.source_hashes": "lib/source_hashes.py", "ptd_client_server.lib.summary": "lib/summary.py", "ptd_client_server.lib.time_sync": "lib/time_sync.py"}}
client 2023-07-13 17:48:03,828 [INFO] Running workload in ranging mode
client 2023-07-13 17:48:03,829 [INFO] Synchronizing with the server and with time.google.com...
client 2023-07-13 17:48:03,848 [INFO] NTP:offset = 0.002 s, delay = 0.018 s 
client 2023-07-13 17:48:03,848 [INFO] Sending command to the server: 'time'
client 2023-07-13 17:48:03,851 [INFO] Got response: '1689266883.7414432'
client 2023-07-13 17:48:03,851 [INFO] The time difference between the client and the server is within range 107.095 ms..110.336 ms
client 2023-07-13 17:48:03,851 [INFO] Sending command to the server: 'session,2023-07-13_17-48-03,start,ranging'
client 2023-07-13 17:48:32,556 [INFO] Got response: 'OK'
client 2023-07-13 17:48:32,557 [INFO] Sending command to the server: 'time'
client 2023-07-13 17:48:32,571 [INFO] Got response: '1689266912.4523497'
client 2023-07-13 17:48:32,572 [INFO] The time difference between the client and the server is within range 105.469 ms..119.575 ms
client 2023-07-13 17:48:32,572 [INFO] Running the workload 'CM_MLPERF_RUN_COUNT=$(cat ${CM_RUN_DIR}/count.txt); echo ${CM_MLPERF_RUN_COUNT}; CM_MLPERF_RUN_COUNT=$((CM_MLPERF_RUN_COUNT+1)); echo ${CM_MLPERF_RUN_COUNT} > ${CM_RUN_DIR}/count.txt && if [ ${CM_MLPERF_RUN_COUNT} -eq "1" ]; then export CM_MLPERF_USER_CONF=${CM_MLPERF_RANGING_USER_CONF}; else export CM_MLPERF_USER_CONF=${CM_MLPERF_TESTING_USER_CONF}; fi && /home/arjun/run.out'
client 2023-07-13 17:53:34,405 [INFO] Sending command to the server: 'time'
client 2023-07-13 17:53:34,411 [INFO] Got response: '1689267214.2879887'
client 2023-07-13 17:53:34,411 [INFO] The time difference between the client and the server is within range 117.568 ms..123.924 ms
client 2023-07-13 17:53:34,412 [INFO] Sending command to the server: 'session,2023-07-13_17-48-03,stop,ranging'
client 2023-07-13 17:53:45,091 [INFO] Got response: 'OK'
client 2023-07-13 17:53:45,091 [INFO] Sending command to the server: 'time'
client 2023-07-13 17:53:45,095 [INFO] Got response: '1689267224.9766715'
client 2023-07-13 17:53:45,095 [INFO] The time difference between the client and the server is within range 115.135 ms..119.122 ms
client 2023-07-13 17:53:45,108 [INFO] Copying loadgen logs from '/home/arjun/mobilenet_results/valid_results/orin-tflite_armnn_cpp-cpu-armnn_tflite-v23.05-using_neon/mobilenet-v2-precision_uint8-0.35-192/singlestream/performance/run_1' to '/home/arjun/mobilenet_results/valid_results/orin-tflite_armnn_cpp-cpu-armnn_tflite-v23.05-using_neon/mobilenet-v2-precision_uint8-0.35-192/singlestream/performance/tmp_power/ranging'
client 2023-07-13 17:53:45,109 [INFO] Running workload in testing mode
client 2023-07-13 17:53:45,110 [INFO] Synchronizing with the server and with time.google.com...
client 2023-07-13 17:53:45,130 [INFO] NTP:offset = -0.003 s, delay = 0.018 s 
client 2023-07-13 17:53:45,131 [INFO] Sending command to the server: 'time'
client 2023-07-13 17:53:45,134 [INFO] Got response: '1689267225.0182705'
client 2023-07-13 17:53:45,134 [INFO] The time difference between the client and the server is within range 112.910 ms..116.378 ms
client 2023-07-13 17:53:45,134 [INFO] Sending command to the server: 'session,2023-07-13_17-48-03,start,testing'
client 2023-07-13 17:53:58,176 [INFO] Got response: 'OK'
client 2023-07-13 17:53:58,177 [INFO] Sending command to the server: 'time'
client 2023-07-13 17:53:58,182 [INFO] Got response: '1689267238.0608616'
client 2023-07-13 17:53:58,182 [INFO] The time difference between the client and the server is within range 116.439 ms..121.813 ms
client 2023-07-13 17:53:58,182 [INFO] Running the workload 'CM_MLPERF_RUN_COUNT=$(cat ${CM_RUN_DIR}/count.txt); echo ${CM_MLPERF_RUN_COUNT}; CM_MLPERF_RUN_COUNT=$((CM_MLPERF_RUN_COUNT+1)); echo ${CM_MLPERF_RUN_COUNT} > ${CM_RUN_DIR}/count.txt && if [ ${CM_MLPERF_RUN_COUNT} -eq "1" ]; then export CM_MLPERF_USER_CONF=${CM_MLPERF_RANGING_USER_CONF}; else export CM_MLPERF_USER_CONF=${CM_MLPERF_TESTING_USER_CONF}; fi && /home/arjun/run.out'
client 2023-07-13 18:04:01,412 [INFO] Sending command to the server: 'time'
client 2023-07-13 18:04:01,417 [INFO] Got response: '1689267841.2957993'
client 2023-07-13 18:04:01,417 [INFO] The time difference between the client and the server is within range 116.453 ms..122.076 ms
client 2023-07-13 18:04:01,418 [INFO] Sending command to the server: 'session,2023-07-13_17-48-03,stop,testing'
client 2023-07-13 18:04:12,226 [INFO] Got response: 'OK'
client 2023-07-13 18:04:12,226 [INFO] Sending command to the server: 'time'
client 2023-07-13 18:04:12,240 [INFO] Got response: '1689267852.1219866'
client 2023-07-13 18:04:12,240 [INFO] The time difference between the client and the server is within range 104.701 ms..118.340 ms
client 2023-07-13 18:04:12,244 [INFO] Copying loadgen logs from '/home/arjun/mobilenet_results/valid_results/orin-tflite_armnn_cpp-cpu-armnn_tflite-v23.05-using_neon/mobilenet-v2-precision_uint8-0.35-192/singlestream/performance/run_1' to '/home/arjun/mobilenet_results/valid_results/orin-tflite_armnn_cpp-cpu-armnn_tflite-v23.05-using_neon/mobilenet-v2-precision_uint8-0.35-192/singlestream/performance/tmp_power/run_1'
client 2023-07-13 18:04:12,247 [INFO] Done runs
