client 2023-08-07 05:18:14,678 [INFO] Creating output directory '/home/arjun/mobilenet_results/valid_results/orin-tflite_armnn_cpp-cpu-armnn_tflite-v23.05-using_neon/mobilenet-v1-precision_uint8-0.5-160/singlestream/performance/tmp_power'
client 2023-08-07 05:18:14,680 [INFO] Sending command to the server: 'mlcommons/power client v3'
client 2023-08-07 05:18:14,682 [INFO] Got response: 'mlcommons/power server v3'
client 2023-08-07 05:18:14,682 [INFO] Synchronizing with the server and with time.google.com...
client 2023-08-07 05:18:14,699 [INFO] NTP:offset = -0.003 s, delay = 0.014 s 
client 2023-08-07 05:18:14,699 [INFO] Sending command to the server: 'time'
client 2023-08-07 05:18:14,702 [INFO] Got response: '1691381894.717082'
client 2023-08-07 05:18:14,702 [INFO] The time difference between the client and the server is within range -17.154 ms..-14.766 ms
client 2023-08-07 05:18:14,702 [INFO] Sending command to the server: 'new,,40e859cc-80b3-4302-9325-90993dadfd65'
client 2023-08-07 05:18:14,705 [INFO] Got response: 'OK 2023-08-07_05-18-14,18fa5c1e-550b-4bff-b37d-bf6e0c9b056e'
client 2023-08-07 05:18:14,705 [INFO] Session id is '2023-08-07_05-18-14'
client 2023-08-07 05:18:14,705 [INFO] Sources: {"sources": {"__init__.py": "da39a3ee5e6b4b0d3255bfef95601890afd80709", "client.py": "33ca4f26368777ac06e01f9567b714a4b8063886", "lib/__init__.py": "da39a3ee5e6b4b0d3255bfef95601890afd80709", "lib/client.py": "ac2aa093c8e8bbc9569b9e2a3471bc64e58a2258", "lib/common.py": "611d8b29633d331eb19c9455ea3b5fa3284ed6df", "lib/external/__init__.py": "da39a3ee5e6b4b0d3255bfef95601890afd80709", "lib/external/ntplib.py": "4da8f970656505a40483206ef2b5d3dd5e81711d", "lib/server.py": "c7af63c31bb2fbedea4345f571f6e3507d268ada", "lib/source_hashes.py": "60a2e02193209e8d392803326208d5466342da18", "lib/summary.py": "aa92f0a3f975eecd44d3c0cd0236342ccc9f941d", "lib/time_sync.py": "122eba67a9abc85635223e054def53be1367ade2", "server.py": "c3f90f2f7eeb4db30727556d0c815ebc89b3d28b", "tests/unit/__init__.py": "da39a3ee5e6b4b0d3255bfef95601890afd80709", "tests/unit/test_server.py": "948c1995d4008bc2aa6c4046a34ffa3858d6d671", "tests/unit/test_source_hashes.py": "00468a2907583c593e6574a1f6b404e4651c221a"}, "modules": {"ptd_client_server.lib.client": "lib/client.py", "ptd_client_server.lib.common": "lib/common.py", "ptd_client_server.lib.external.ntplib": "lib/external/ntplib.py", "ptd_client_server.lib.source_hashes": "lib/source_hashes.py", "ptd_client_server.lib.summary": "lib/summary.py", "ptd_client_server.lib.time_sync": "lib/time_sync.py"}}
client 2023-08-07 05:18:14,705 [INFO] Running workload in ranging mode
client 2023-08-07 05:18:14,705 [INFO] Synchronizing with the server and with time.google.com...
client 2023-08-07 05:18:14,720 [INFO] NTP:offset = -0.003 s, delay = 0.014 s 
client 2023-08-07 05:18:14,720 [INFO] Sending command to the server: 'time'
client 2023-08-07 05:18:14,723 [INFO] Got response: '1691381894.737554'
client 2023-08-07 05:18:14,723 [INFO] The time difference between the client and the server is within range -16.800 ms..-13.566 ms
client 2023-08-07 05:18:14,724 [INFO] Sending command to the server: 'session,2023-08-07_05-18-14,start,ranging'
client 2023-08-07 05:18:43,485 [INFO] Got response: 'OK'
client 2023-08-07 05:18:43,486 [INFO] Sending command to the server: 'time'
client 2023-08-07 05:18:43,489 [INFO] Got response: '1691381923.5087936'
client 2023-08-07 05:18:43,489 [INFO] The time difference between the client and the server is within range -22.660 ms..-19.008 ms
client 2023-08-07 05:18:43,489 [INFO] Running the workload 'CM_MLPERF_RUN_COUNT=$(cat ${CM_RUN_DIR}/count.txt); echo ${CM_MLPERF_RUN_COUNT}; CM_MLPERF_RUN_COUNT=$((CM_MLPERF_RUN_COUNT+1)); echo ${CM_MLPERF_RUN_COUNT} > ${CM_RUN_DIR}/count.txt && if [ ${CM_MLPERF_RUN_COUNT} -eq "1" ]; then export CM_MLPERF_USER_CONF=${CM_MLPERF_RANGING_USER_CONF}; else export CM_MLPERF_USER_CONF=${CM_MLPERF_TESTING_USER_CONF}; fi && /mount/CM/repos/ctuning@mlcommons-ck/cm-mlops/script/run-all-mlperf-models/run.out'
client 2023-08-07 05:23:44,833 [INFO] Sending command to the server: 'time'
client 2023-08-07 05:23:44,836 [INFO] Got response: '1691382224.8488228'
client 2023-08-07 05:23:44,836 [INFO] The time difference between the client and the server is within range -15.650 ms..-12.424 ms
client 2023-08-07 05:23:44,836 [INFO] Sending command to the server: 'session,2023-08-07_05-18-14,stop,ranging'
client 2023-08-07 05:23:55,662 [INFO] Got response: 'OK'
client 2023-08-07 05:23:55,662 [INFO] Sending command to the server: 'time'
client 2023-08-07 05:23:55,666 [INFO] Got response: '1691382235.6761453'
client 2023-08-07 05:23:55,666 [INFO] The time difference between the client and the server is within range -13.643 ms..-10.038 ms
client 2023-08-07 05:23:55,669 [INFO] Copying loadgen logs from '/home/arjun/mobilenet_results/valid_results/orin-tflite_armnn_cpp-cpu-armnn_tflite-v23.05-using_neon/mobilenet-v1-precision_uint8-0.5-160/singlestream/performance/run_1' to '/home/arjun/mobilenet_results/valid_results/orin-tflite_armnn_cpp-cpu-armnn_tflite-v23.05-using_neon/mobilenet-v1-precision_uint8-0.5-160/singlestream/performance/tmp_power/ranging'
client 2023-08-07 05:23:55,670 [INFO] Running workload in testing mode
client 2023-08-07 05:23:55,670 [INFO] Synchronizing with the server and with time.google.com...
client 2023-08-07 05:23:55,684 [INFO] NTP:offset = -0.003 s, delay = 0.012 s 
client 2023-08-07 05:23:55,684 [INFO] Sending command to the server: 'time'
client 2023-08-07 05:23:55,686 [INFO] Got response: '1691382235.6965637'
client 2023-08-07 05:23:55,686 [INFO] The time difference between the client and the server is within range -12.434 ms..-10.028 ms
client 2023-08-07 05:23:55,686 [INFO] Sending command to the server: 'session,2023-08-07_05-18-14,start,testing'
client 2023-08-07 05:24:08,734 [INFO] Got response: 'OK'
client 2023-08-07 05:24:08,734 [INFO] Sending command to the server: 'time'
client 2023-08-07 05:24:08,737 [INFO] Got response: '1691382248.7510428'
client 2023-08-07 05:24:08,737 [INFO] The time difference between the client and the server is within range -16.180 ms..-13.057 ms
client 2023-08-07 05:24:08,738 [INFO] Running the workload 'CM_MLPERF_RUN_COUNT=$(cat ${CM_RUN_DIR}/count.txt); echo ${CM_MLPERF_RUN_COUNT}; CM_MLPERF_RUN_COUNT=$((CM_MLPERF_RUN_COUNT+1)); echo ${CM_MLPERF_RUN_COUNT} > ${CM_RUN_DIR}/count.txt && if [ ${CM_MLPERF_RUN_COUNT} -eq "1" ]; then export CM_MLPERF_USER_CONF=${CM_MLPERF_RANGING_USER_CONF}; else export CM_MLPERF_USER_CONF=${CM_MLPERF_TESTING_USER_CONF}; fi && /mount/CM/repos/ctuning@mlcommons-ck/cm-mlops/script/run-all-mlperf-models/run.out'
client 2023-08-07 05:34:11,221 [INFO] Sending command to the server: 'time'
client 2023-08-07 05:34:11,224 [INFO] Got response: '1691382851.2394323'
client 2023-08-07 05:34:11,224 [INFO] The time difference between the client and the server is within range -17.663 ms..-14.884 ms
client 2023-08-07 05:34:11,224 [INFO] Sending command to the server: 'session,2023-08-07_05-18-14,stop,testing'
client 2023-08-07 05:34:21,808 [INFO] Got response: 'OK'
client 2023-08-07 05:34:21,808 [INFO] Sending command to the server: 'time'
client 2023-08-07 05:34:21,810 [INFO] Got response: '1691382861.8215845'
client 2023-08-07 05:34:21,810 [INFO] The time difference between the client and the server is within range -12.763 ms..-10.827 ms
client 2023-08-07 05:34:21,811 [INFO] Copying loadgen logs from '/home/arjun/mobilenet_results/valid_results/orin-tflite_armnn_cpp-cpu-armnn_tflite-v23.05-using_neon/mobilenet-v1-precision_uint8-0.5-160/singlestream/performance/run_1' to '/home/arjun/mobilenet_results/valid_results/orin-tflite_armnn_cpp-cpu-armnn_tflite-v23.05-using_neon/mobilenet-v1-precision_uint8-0.5-160/singlestream/performance/tmp_power/run_1'
client 2023-08-07 05:34:21,812 [INFO] Done runs
