client 2023-07-11 17:11:23,871 [INFO] Creating output directory '/home/arjun/mobilenet_results/valid_results/orin-tflite_armnn_cpp-cpu-armnn_tflite-v22.11-using_neon/mobilenet-v2-precision_uint8-0.35-128/singlestream/performance/tmp_power'
client 2023-07-11 17:11:23,874 [INFO] Sending command to the server: 'mlcommons/power client v3'
client 2023-07-11 17:11:23,877 [INFO] Got response: 'mlcommons/power server v3'
client 2023-07-11 17:11:23,877 [INFO] Synchronizing with the server and with time.google.com...
client 2023-07-11 17:11:23,900 [INFO] NTP:offset = -0.001 s, delay = 0.015 s 
client 2023-07-11 17:11:23,900 [INFO] Sending command to the server: 'time'
client 2023-07-11 17:11:23,904 [INFO] Got response: '1689091883.8152602'
client 2023-07-11 17:11:23,904 [INFO] The time difference between the client and the server is within range 85.475 ms..88.860 ms
client 2023-07-11 17:11:23,904 [INFO] Sending command to the server: 'new,,feff4071-74f8-44c9-86fe-6adb7699c3a2'
client 2023-07-11 17:11:23,907 [INFO] Got response: 'OK 2023-07-11_17-11-23,b45d401e-a720-457c-aed6-df31f0751b5e'
client 2023-07-11 17:11:23,907 [INFO] Session id is '2023-07-11_17-11-23'
client 2023-07-11 17:11:23,908 [INFO] Sources: {"sources": {"__init__.py": "da39a3ee5e6b4b0d3255bfef95601890afd80709", "client.py": "33ca4f26368777ac06e01f9567b714a4b8063886", "lib/__init__.py": "da39a3ee5e6b4b0d3255bfef95601890afd80709", "lib/client.py": "ac2aa093c8e8bbc9569b9e2a3471bc64e58a2258", "lib/common.py": "611d8b29633d331eb19c9455ea3b5fa3284ed6df", "lib/external/__init__.py": "da39a3ee5e6b4b0d3255bfef95601890afd80709", "lib/external/ntplib.py": "4da8f970656505a40483206ef2b5d3dd5e81711d", "lib/server.py": "c7af63c31bb2fbedea4345f571f6e3507d268ada", "lib/source_hashes.py": "60a2e02193209e8d392803326208d5466342da18", "lib/summary.py": "aa92f0a3f975eecd44d3c0cd0236342ccc9f941d", "lib/time_sync.py": "122eba67a9abc85635223e054def53be1367ade2", "server.py": "c3f90f2f7eeb4db30727556d0c815ebc89b3d28b", "tests/unit/__init__.py": "da39a3ee5e6b4b0d3255bfef95601890afd80709", "tests/unit/test_server.py": "948c1995d4008bc2aa6c4046a34ffa3858d6d671", "tests/unit/test_source_hashes.py": "00468a2907583c593e6574a1f6b404e4651c221a"}, "modules": {"ptd_client_server.lib.client": "lib/client.py", "ptd_client_server.lib.common": "lib/common.py", "ptd_client_server.lib.external.ntplib": "lib/external/ntplib.py", "ptd_client_server.lib.source_hashes": "lib/source_hashes.py", "ptd_client_server.lib.summary": "lib/summary.py", "ptd_client_server.lib.time_sync": "lib/time_sync.py"}}
client 2023-07-11 17:11:23,908 [INFO] Running workload in ranging mode
client 2023-07-11 17:11:23,908 [INFO] Synchronizing with the server and with time.google.com...
client 2023-07-11 17:11:23,924 [INFO] NTP:offset = -0.002 s, delay = 0.015 s 
client 2023-07-11 17:11:23,924 [INFO] Sending command to the server: 'time'
client 2023-07-11 17:11:23,928 [INFO] Got response: '1689091883.8352606'
client 2023-07-11 17:11:23,928 [INFO] The time difference between the client and the server is within range 89.344 ms..93.059 ms
client 2023-07-11 17:11:23,928 [INFO] Sending command to the server: 'session,2023-07-11_17-11-23,start,ranging'
client 2023-07-11 17:11:52,560 [INFO] Got response: 'OK'
client 2023-07-11 17:11:52,561 [INFO] Sending command to the server: 'time'
client 2023-07-11 17:11:52,564 [INFO] Got response: '1689091912.4774268'
client 2023-07-11 17:11:52,565 [INFO] The time difference between the client and the server is within range 84.471 ms..88.019 ms
client 2023-07-11 17:11:52,565 [INFO] Running the workload 'CM_MLPERF_RUN_COUNT=$(cat ${CM_RUN_DIR}/count.txt); echo ${CM_MLPERF_RUN_COUNT}; CM_MLPERF_RUN_COUNT=$((CM_MLPERF_RUN_COUNT+1)); echo ${CM_MLPERF_RUN_COUNT} > ${CM_RUN_DIR}/count.txt && if [ ${CM_MLPERF_RUN_COUNT} -eq "1" ]; then export CM_MLPERF_USER_CONF=${CM_MLPERF_RANGING_USER_CONF}; else export CM_MLPERF_USER_CONF=${CM_MLPERF_TESTING_USER_CONF}; fi && /home/arjun/run.out'
client 2023-07-11 17:16:54,252 [INFO] Sending command to the server: 'time'
client 2023-07-11 17:16:54,256 [INFO] Got response: '1689092214.1659174'
client 2023-07-11 17:16:54,256 [INFO] The time difference between the client and the server is within range 86.258 ms..90.358 ms
client 2023-07-11 17:16:54,256 [INFO] Sending command to the server: 'session,2023-07-11_17-11-23,stop,ranging'
client 2023-07-11 17:17:05,235 [INFO] Got response: 'OK'
client 2023-07-11 17:17:05,236 [INFO] Sending command to the server: 'time'
client 2023-07-11 17:17:05,239 [INFO] Got response: '1689092225.147806'
client 2023-07-11 17:17:05,240 [INFO] The time difference between the client and the server is within range 88.456 ms..92.260 ms
client 2023-07-11 17:17:05,260 [INFO] Copying loadgen logs from '/home/arjun/mobilenet_results/valid_results/orin-tflite_armnn_cpp-cpu-armnn_tflite-v22.11-using_neon/mobilenet-v2-precision_uint8-0.35-128/singlestream/performance/run_1' to '/home/arjun/mobilenet_results/valid_results/orin-tflite_armnn_cpp-cpu-armnn_tflite-v22.11-using_neon/mobilenet-v2-precision_uint8-0.35-128/singlestream/performance/tmp_power/ranging'
client 2023-07-11 17:17:05,263 [INFO] Running workload in testing mode
client 2023-07-11 17:17:05,263 [INFO] Synchronizing with the server and with time.google.com...
client 2023-07-11 17:17:05,574 [INFO] NTP:offset = -0.000 s, delay = 0.016 s 
client 2023-07-11 17:17:05,574 [INFO] Sending command to the server: 'time'
client 2023-07-11 17:17:05,577 [INFO] Got response: '1689092225.492008'
client 2023-07-11 17:17:05,577 [INFO] The time difference between the client and the server is within range 82.527 ms..85.557 ms
client 2023-07-11 17:17:05,577 [INFO] Sending command to the server: 'session,2023-07-11_17-11-23,start,testing'
client 2023-07-11 17:17:18,615 [INFO] Got response: 'OK'
client 2023-07-11 17:17:18,616 [INFO] Sending command to the server: 'time'
client 2023-07-11 17:17:18,620 [INFO] Got response: '1689092238.5276155'
client 2023-07-11 17:17:18,621 [INFO] The time difference between the client and the server is within range 88.600 ms..93.444 ms
client 2023-07-11 17:17:18,621 [INFO] Running the workload 'CM_MLPERF_RUN_COUNT=$(cat ${CM_RUN_DIR}/count.txt); echo ${CM_MLPERF_RUN_COUNT}; CM_MLPERF_RUN_COUNT=$((CM_MLPERF_RUN_COUNT+1)); echo ${CM_MLPERF_RUN_COUNT} > ${CM_RUN_DIR}/count.txt && if [ ${CM_MLPERF_RUN_COUNT} -eq "1" ]; then export CM_MLPERF_USER_CONF=${CM_MLPERF_RANGING_USER_CONF}; else export CM_MLPERF_USER_CONF=${CM_MLPERF_TESTING_USER_CONF}; fi && /home/arjun/run.out'
client 2023-07-11 17:27:21,559 [INFO] Sending command to the server: 'time'
client 2023-07-11 17:27:21,563 [INFO] Got response: '1689092841.468435'
client 2023-07-11 17:27:21,563 [INFO] The time difference between the client and the server is within range 90.977 ms..95.414 ms
client 2023-07-11 17:27:21,564 [INFO] Sending command to the server: 'session,2023-07-11_17-11-23,stop,testing'
client 2023-07-11 17:27:31,813 [INFO] Got response: 'OK'
client 2023-07-11 17:27:31,814 [INFO] Sending command to the server: 'time'
client 2023-07-11 17:27:31,830 [INFO] Got response: '1689092851.7374434'
client 2023-07-11 17:27:31,830 [INFO] The time difference between the client and the server is within range 76.612 ms..93.342 ms
client 2023-07-11 17:27:31,835 [INFO] Copying loadgen logs from '/home/arjun/mobilenet_results/valid_results/orin-tflite_armnn_cpp-cpu-armnn_tflite-v22.11-using_neon/mobilenet-v2-precision_uint8-0.35-128/singlestream/performance/run_1' to '/home/arjun/mobilenet_results/valid_results/orin-tflite_armnn_cpp-cpu-armnn_tflite-v22.11-using_neon/mobilenet-v2-precision_uint8-0.35-128/singlestream/performance/tmp_power/run_1'
client 2023-07-11 17:27:31,837 [INFO] Done runs
