client 2023-07-11 21:51:25,034 [INFO] Creating output directory '/home/arjun/mobilenet_results/valid_results/orin-tflite_armnn_cpp-cpu-armnn_tflite-v22.11-using_neon/efficientnet-int8-lite4/singlestream/performance/tmp_power'
client 2023-07-11 21:51:25,037 [INFO] Sending command to the server: 'mlcommons/power client v3'
client 2023-07-11 21:51:25,040 [INFO] Got response: 'mlcommons/power server v3'
client 2023-07-11 21:51:25,040 [INFO] Synchronizing with the server and with time.google.com...
client 2023-07-11 21:51:25,059 [INFO] NTP:offset = -0.001 s, delay = 0.014 s 
client 2023-07-11 21:51:25,059 [INFO] Sending command to the server: 'time'
client 2023-07-11 21:51:25,061 [INFO] Got response: '1689108684.9752269'
client 2023-07-11 21:51:25,061 [INFO] The time difference between the client and the server is within range 83.974 ms..86.238 ms
client 2023-07-11 21:51:25,061 [INFO] Sending command to the server: 'new,,977e0614-a427-45ea-9eae-11bbb56202fb'
client 2023-07-11 21:51:25,066 [INFO] Got response: 'OK 2023-07-11_21-51-24,b8afde60-422d-4144-84e2-b52575a968b9'
client 2023-07-11 21:51:25,066 [INFO] Session id is '2023-07-11_21-51-24'
client 2023-07-11 21:51:25,066 [INFO] Sources: {"sources": {"__init__.py": "da39a3ee5e6b4b0d3255bfef95601890afd80709", "client.py": "33ca4f26368777ac06e01f9567b714a4b8063886", "lib/__init__.py": "da39a3ee5e6b4b0d3255bfef95601890afd80709", "lib/client.py": "ac2aa093c8e8bbc9569b9e2a3471bc64e58a2258", "lib/common.py": "611d8b29633d331eb19c9455ea3b5fa3284ed6df", "lib/external/__init__.py": "da39a3ee5e6b4b0d3255bfef95601890afd80709", "lib/external/ntplib.py": "4da8f970656505a40483206ef2b5d3dd5e81711d", "lib/server.py": "c7af63c31bb2fbedea4345f571f6e3507d268ada", "lib/source_hashes.py": "60a2e02193209e8d392803326208d5466342da18", "lib/summary.py": "aa92f0a3f975eecd44d3c0cd0236342ccc9f941d", "lib/time_sync.py": "122eba67a9abc85635223e054def53be1367ade2", "server.py": "c3f90f2f7eeb4db30727556d0c815ebc89b3d28b", "tests/unit/__init__.py": "da39a3ee5e6b4b0d3255bfef95601890afd80709", "tests/unit/test_server.py": "948c1995d4008bc2aa6c4046a34ffa3858d6d671", "tests/unit/test_source_hashes.py": "00468a2907583c593e6574a1f6b404e4651c221a"}, "modules": {"ptd_client_server.lib.client": "lib/client.py", "ptd_client_server.lib.common": "lib/common.py", "ptd_client_server.lib.external.ntplib": "lib/external/ntplib.py", "ptd_client_server.lib.source_hashes": "lib/source_hashes.py", "ptd_client_server.lib.summary": "lib/summary.py", "ptd_client_server.lib.time_sync": "lib/time_sync.py"}}
client 2023-07-11 21:51:25,066 [INFO] Running workload in ranging mode
client 2023-07-11 21:51:25,066 [INFO] Synchronizing with the server and with time.google.com...
client 2023-07-11 21:51:25,080 [INFO] NTP:offset = -0.003 s, delay = 0.013 s 
client 2023-07-11 21:51:25,080 [INFO] Sending command to the server: 'time'
client 2023-07-11 21:51:25,083 [INFO] Got response: '1689108685.0052395'
client 2023-07-11 21:51:25,083 [INFO] The time difference between the client and the server is within range 75.737 ms..78.585 ms
client 2023-07-11 21:51:25,083 [INFO] Sending command to the server: 'session,2023-07-11_21-51-24,start,ranging'
client 2023-07-11 21:51:54,218 [INFO] Got response: 'OK'
client 2023-07-11 21:51:54,219 [INFO] Sending command to the server: 'time'
client 2023-07-11 21:51:54,223 [INFO] Got response: '1689108714.1448386'
client 2023-07-11 21:51:54,224 [INFO] The time difference between the client and the server is within range 75.052 ms..79.305 ms
client 2023-07-11 21:51:54,224 [INFO] Running the workload 'CM_MLPERF_RUN_COUNT=$(cat ${CM_RUN_DIR}/count.txt); echo ${CM_MLPERF_RUN_COUNT}; CM_MLPERF_RUN_COUNT=$((CM_MLPERF_RUN_COUNT+1)); echo ${CM_MLPERF_RUN_COUNT} > ${CM_RUN_DIR}/count.txt && if [ ${CM_MLPERF_RUN_COUNT} -eq "1" ]; then export CM_MLPERF_USER_CONF=${CM_MLPERF_RANGING_USER_CONF}; else export CM_MLPERF_USER_CONF=${CM_MLPERF_TESTING_USER_CONF}; fi && /home/arjun/run.out'
client 2023-07-11 21:56:56,062 [INFO] Sending command to the server: 'time'
client 2023-07-11 21:56:56,065 [INFO] Got response: '1689109015.983972'
client 2023-07-11 21:56:56,065 [INFO] The time difference between the client and the server is within range 78.359 ms..81.694 ms
client 2023-07-11 21:56:56,065 [INFO] Sending command to the server: 'session,2023-07-11_21-51-24,stop,ranging'
client 2023-07-11 21:57:06,423 [INFO] Got response: 'OK'
client 2023-07-11 21:57:06,424 [INFO] Sending command to the server: 'time'
client 2023-07-11 21:57:06,428 [INFO] Got response: '1689109026.3499725'
client 2023-07-11 21:57:06,429 [INFO] The time difference between the client and the server is within range 74.785 ms..78.955 ms
client 2023-07-11 21:57:06,475 [INFO] Copying loadgen logs from '/home/arjun/mobilenet_results/valid_results/orin-tflite_armnn_cpp-cpu-armnn_tflite-v22.11-using_neon/efficientnet-int8-lite4/singlestream/performance/run_1' to '/home/arjun/mobilenet_results/valid_results/orin-tflite_armnn_cpp-cpu-armnn_tflite-v22.11-using_neon/efficientnet-int8-lite4/singlestream/performance/tmp_power/ranging'
client 2023-07-11 21:57:06,477 [INFO] Running workload in testing mode
client 2023-07-11 21:57:06,478 [INFO] Synchronizing with the server and with time.google.com...
client 2023-07-11 21:57:06,502 [INFO] NTP:offset = -0.003 s, delay = 0.019 s 
client 2023-07-11 21:57:06,502 [INFO] Sending command to the server: 'time'
client 2023-07-11 21:57:06,505 [INFO] Got response: '1689109026.42019'
client 2023-07-11 21:57:06,505 [INFO] The time difference between the client and the server is within range 82.476 ms..85.763 ms
client 2023-07-11 21:57:06,506 [INFO] Sending command to the server: 'session,2023-07-11_21-51-24,start,testing'
client 2023-07-11 21:57:19,547 [INFO] Got response: 'OK'
client 2023-07-11 21:57:19,548 [INFO] Sending command to the server: 'time'
client 2023-07-11 21:57:19,552 [INFO] Got response: '1689109039.4679384'
client 2023-07-11 21:57:19,552 [INFO] The time difference between the client and the server is within range 80.499 ms..84.588 ms
client 2023-07-11 21:57:19,552 [INFO] Running the workload 'CM_MLPERF_RUN_COUNT=$(cat ${CM_RUN_DIR}/count.txt); echo ${CM_MLPERF_RUN_COUNT}; CM_MLPERF_RUN_COUNT=$((CM_MLPERF_RUN_COUNT+1)); echo ${CM_MLPERF_RUN_COUNT} > ${CM_RUN_DIR}/count.txt && if [ ${CM_MLPERF_RUN_COUNT} -eq "1" ]; then export CM_MLPERF_USER_CONF=${CM_MLPERF_RANGING_USER_CONF}; else export CM_MLPERF_USER_CONF=${CM_MLPERF_TESTING_USER_CONF}; fi && /home/arjun/run.out'
client 2023-07-11 22:07:22,671 [INFO] Sending command to the server: 'time'
client 2023-07-11 22:07:22,674 [INFO] Got response: '1689109642.5860384'
client 2023-07-11 22:07:22,675 [INFO] The time difference between the client and the server is within range 85.028 ms..89.144 ms
client 2023-07-11 22:07:22,675 [INFO] Sending command to the server: 'session,2023-07-11_21-51-24,stop,testing'
client 2023-07-11 22:07:33,652 [INFO] Got response: 'OK'
client 2023-07-11 22:07:33,653 [INFO] Sending command to the server: 'time'
client 2023-07-11 22:07:33,658 [INFO] Got response: '1689109653.56651'
client 2023-07-11 22:07:33,658 [INFO] The time difference between the client and the server is within range 86.940 ms..92.294 ms
client 2023-07-11 22:07:33,663 [INFO] Copying loadgen logs from '/home/arjun/mobilenet_results/valid_results/orin-tflite_armnn_cpp-cpu-armnn_tflite-v22.11-using_neon/efficientnet-int8-lite4/singlestream/performance/run_1' to '/home/arjun/mobilenet_results/valid_results/orin-tflite_armnn_cpp-cpu-armnn_tflite-v22.11-using_neon/efficientnet-int8-lite4/singlestream/performance/tmp_power/run_1'
client 2023-07-11 22:07:33,665 [INFO] Done runs
