client 2023-08-06 10:49:06,505 [INFO] Creating output directory '/home/arjun/mobilenet_results/valid_results/orin-tflite_cpp-cpu-tflite-vmaster-default_config/mobilenet-v2-precision_float-0.35-224/singlestream/performance/tmp_power'
client 2023-08-06 10:49:06,508 [INFO] Sending command to the server: 'mlcommons/power client v3'
client 2023-08-06 10:49:06,512 [INFO] Got response: 'mlcommons/power server v3'
client 2023-08-06 10:49:06,512 [INFO] Synchronizing with the server and with time.google.com...
client 2023-08-06 10:49:06,534 [INFO] NTP:offset = -0.001 s, delay = 0.019 s 
client 2023-08-06 10:49:06,534 [INFO] Sending command to the server: 'time'
client 2023-08-06 10:49:06,537 [INFO] Got response: '1691315346.5218337'
client 2023-08-06 10:49:06,537 [INFO] The time difference between the client and the server is within range 12.372 ms..15.523 ms
client 2023-08-06 10:49:06,537 [INFO] Sending command to the server: 'new,,5e875fe3-626b-41c1-aebe-ba98d92061a0'
client 2023-08-06 10:49:06,540 [INFO] Got response: 'OK 2023-08-06_10-49-06,2f00d24a-0ffd-46a8-be5d-730b38aee751'
client 2023-08-06 10:49:06,540 [INFO] Session id is '2023-08-06_10-49-06'
client 2023-08-06 10:49:06,540 [INFO] Sources: {"sources": {"__init__.py": "da39a3ee5e6b4b0d3255bfef95601890afd80709", "client.py": "33ca4f26368777ac06e01f9567b714a4b8063886", "lib/__init__.py": "da39a3ee5e6b4b0d3255bfef95601890afd80709", "lib/client.py": "ac2aa093c8e8bbc9569b9e2a3471bc64e58a2258", "lib/common.py": "611d8b29633d331eb19c9455ea3b5fa3284ed6df", "lib/external/__init__.py": "da39a3ee5e6b4b0d3255bfef95601890afd80709", "lib/external/ntplib.py": "4da8f970656505a40483206ef2b5d3dd5e81711d", "lib/server.py": "c7af63c31bb2fbedea4345f571f6e3507d268ada", "lib/source_hashes.py": "60a2e02193209e8d392803326208d5466342da18", "lib/summary.py": "aa92f0a3f975eecd44d3c0cd0236342ccc9f941d", "lib/time_sync.py": "122eba67a9abc85635223e054def53be1367ade2", "server.py": "c3f90f2f7eeb4db30727556d0c815ebc89b3d28b", "tests/unit/__init__.py": "da39a3ee5e6b4b0d3255bfef95601890afd80709", "tests/unit/test_server.py": "948c1995d4008bc2aa6c4046a34ffa3858d6d671", "tests/unit/test_source_hashes.py": "00468a2907583c593e6574a1f6b404e4651c221a"}, "modules": {"ptd_client_server.lib.client": "lib/client.py", "ptd_client_server.lib.common": "lib/common.py", "ptd_client_server.lib.external.ntplib": "lib/external/ntplib.py", "ptd_client_server.lib.source_hashes": "lib/source_hashes.py", "ptd_client_server.lib.summary": "lib/summary.py", "ptd_client_server.lib.time_sync": "lib/time_sync.py"}}
client 2023-08-06 10:49:06,540 [INFO] Running workload in ranging mode
client 2023-08-06 10:49:06,540 [INFO] Synchronizing with the server and with time.google.com...
client 2023-08-06 10:49:06,556 [INFO] NTP:offset = -0.001 s, delay = 0.015 s 
client 2023-08-06 10:49:06,556 [INFO] Sending command to the server: 'time'
client 2023-08-06 10:49:06,558 [INFO] Got response: '1691315346.542891'
client 2023-08-06 10:49:06,559 [INFO] The time difference between the client and the server is within range 13.531 ms..16.125 ms
client 2023-08-06 10:49:06,559 [INFO] Sending command to the server: 'session,2023-08-06_10-49-06,start,ranging'
client 2023-08-06 10:49:35,240 [INFO] Got response: 'OK'
client 2023-08-06 10:49:35,241 [INFO] Sending command to the server: 'time'
client 2023-08-06 10:49:35,243 [INFO] Got response: '1691315375.2236829'
client 2023-08-06 10:49:35,243 [INFO] The time difference between the client and the server is within range 17.457 ms..19.736 ms
client 2023-08-06 10:49:35,243 [INFO] Running the workload 'CM_MLPERF_RUN_COUNT=$(cat ${CM_RUN_DIR}/count.txt); echo ${CM_MLPERF_RUN_COUNT}; CM_MLPERF_RUN_COUNT=$((CM_MLPERF_RUN_COUNT+1)); echo ${CM_MLPERF_RUN_COUNT} > ${CM_RUN_DIR}/count.txt && if [ ${CM_MLPERF_RUN_COUNT} -eq "1" ]; then export CM_MLPERF_USER_CONF=${CM_MLPERF_RANGING_USER_CONF}; else export CM_MLPERF_USER_CONF=${CM_MLPERF_TESTING_USER_CONF}; fi && /mount/CM/repos/ctuning@mlcommons-ck/cm-mlops/script/run-all-mlperf-models/run.out'
client 2023-08-06 10:54:36,576 [INFO] Sending command to the server: 'time'
client 2023-08-06 10:54:36,580 [INFO] Got response: '1691315676.558814'
client 2023-08-06 10:54:36,580 [INFO] The time difference between the client and the server is within range 17.466 ms..21.842 ms
client 2023-08-06 10:54:36,580 [INFO] Sending command to the server: 'session,2023-08-06_10-49-06,stop,ranging'
client 2023-08-06 10:54:47,688 [INFO] Got response: 'OK'
client 2023-08-06 10:54:47,689 [INFO] Sending command to the server: 'time'
client 2023-08-06 10:54:47,691 [INFO] Got response: '1691315687.6689484'
client 2023-08-06 10:54:47,691 [INFO] The time difference between the client and the server is within range 20.207 ms..22.620 ms
client 2023-08-06 10:54:47,695 [INFO] Copying loadgen logs from '/home/arjun/mobilenet_results/valid_results/orin-tflite_cpp-cpu-tflite-vmaster-default_config/mobilenet-v2-precision_float-0.35-224/singlestream/performance/run_1' to '/home/arjun/mobilenet_results/valid_results/orin-tflite_cpp-cpu-tflite-vmaster-default_config/mobilenet-v2-precision_float-0.35-224/singlestream/performance/tmp_power/ranging'
client 2023-08-06 10:54:47,695 [INFO] Running workload in testing mode
client 2023-08-06 10:54:47,695 [INFO] Synchronizing with the server and with time.google.com...
client 2023-08-06 10:54:47,714 [INFO] NTP:offset = 0.000 s, delay = 0.017 s 
client 2023-08-06 10:54:47,714 [INFO] Sending command to the server: 'time'
client 2023-08-06 10:54:47,716 [INFO] Got response: '1691315687.6898334'
client 2023-08-06 10:54:47,716 [INFO] The time difference between the client and the server is within range 24.428 ms..26.821 ms
client 2023-08-06 10:54:47,716 [INFO] Sending command to the server: 'session,2023-08-06_10-49-06,start,testing'
client 2023-08-06 10:55:00,759 [INFO] Got response: 'OK'
client 2023-08-06 10:55:00,760 [INFO] Sending command to the server: 'time'
client 2023-08-06 10:55:00,763 [INFO] Got response: '1691315700.7360969'
client 2023-08-06 10:55:00,763 [INFO] The time difference between the client and the server is within range 23.950 ms..27.614 ms
client 2023-08-06 10:55:00,763 [INFO] Running the workload 'CM_MLPERF_RUN_COUNT=$(cat ${CM_RUN_DIR}/count.txt); echo ${CM_MLPERF_RUN_COUNT}; CM_MLPERF_RUN_COUNT=$((CM_MLPERF_RUN_COUNT+1)); echo ${CM_MLPERF_RUN_COUNT} > ${CM_RUN_DIR}/count.txt && if [ ${CM_MLPERF_RUN_COUNT} -eq "1" ]; then export CM_MLPERF_USER_CONF=${CM_MLPERF_RANGING_USER_CONF}; else export CM_MLPERF_USER_CONF=${CM_MLPERF_TESTING_USER_CONF}; fi && /mount/CM/repos/ctuning@mlcommons-ck/cm-mlops/script/run-all-mlperf-models/run.out'
client 2023-08-06 11:05:02,955 [INFO] Sending command to the server: 'time'
client 2023-08-06 11:05:02,960 [INFO] Got response: '1691316302.9291098'
client 2023-08-06 11:05:02,960 [INFO] The time difference between the client and the server is within range 26.275 ms..31.005 ms
client 2023-08-06 11:05:02,960 [INFO] Sending command to the server: 'session,2023-08-06_10-49-06,stop,testing'
client 2023-08-06 11:05:13,846 [INFO] Got response: 'OK'
client 2023-08-06 11:05:13,846 [INFO] Sending command to the server: 'time'
client 2023-08-06 11:05:13,848 [INFO] Got response: '1691316313.8194609'
client 2023-08-06 11:05:13,848 [INFO] The time difference between the client and the server is within range 26.682 ms..28.678 ms
client 2023-08-06 11:05:13,849 [INFO] Copying loadgen logs from '/home/arjun/mobilenet_results/valid_results/orin-tflite_cpp-cpu-tflite-vmaster-default_config/mobilenet-v2-precision_float-0.35-224/singlestream/performance/run_1' to '/home/arjun/mobilenet_results/valid_results/orin-tflite_cpp-cpu-tflite-vmaster-default_config/mobilenet-v2-precision_float-0.35-224/singlestream/performance/tmp_power/run_1'
client 2023-08-06 11:05:13,849 [INFO] Done runs
