client 2023-08-05 19:33:59,867 [INFO] Creating output directory '/home/arjun/mobilenet_results/valid_results/orin-tflite_cpp-cpu-tflite-vmaster-default_config/mobilenet-v1-precision_float-1.0-224/singlestream/performance/tmp_power'
client 2023-08-05 19:33:59,873 [INFO] Sending command to the server: 'mlcommons/power client v3'
client 2023-08-05 19:33:59,878 [INFO] Got response: 'mlcommons/power server v3'
client 2023-08-05 19:33:59,878 [INFO] Synchronizing with the server and with time.google.com...
client 2023-08-05 19:33:59,928 [INFO] NTP:offset = -0.003 s, delay = 0.017 s 
client 2023-08-05 19:33:59,928 [INFO] Sending command to the server: 'time'
client 2023-08-05 19:33:59,970 [INFO] Got response: '1691260439.7574353'
client 2023-08-05 19:33:59,970 [INFO] The time difference between the client and the server is within range 170.884 ms..212.724 ms
client 2023-08-05 19:33:59,970 [WARNING] The time difference between the client and the server is more than 200 ms
client 2023-08-05 19:33:59,970 [INFO] Sending command to the server: 'set_ntp'
client 2023-08-05 19:34:01,182 [INFO] Got response: 'OK'
client 2023-08-05 19:34:01,182 [INFO] Synchronizing with time.google.com time using NTP...
client 2023-08-05 19:34:09,725 [INFO] Set system time at 2023-08-05 19:34:09.725073
client 2023-08-05 19:34:09,739 [INFO] NTP:offset = -0.001 s, delay = 0.013 s 
client 2023-08-05 19:34:09,739 [INFO] Sending command to the server: 'time'
client 2023-08-05 19:34:09,744 [INFO] Got response: '1691260449.6587777'
client 2023-08-05 19:34:09,745 [INFO] The time difference between the client and the server is within range 81.052 ms..86.257 ms
client 2023-08-05 19:34:09,745 [INFO] Sending command to the server: 'new,,3ebe34f6-714e-4eb0-a2e2-875ae1ec925b'
client 2023-08-05 19:34:09,751 [INFO] Got response: 'OK 2023-08-05_19-34-09,b2100a2c-6cd1-4eef-a6f4-d0a8560d118f'
client 2023-08-05 19:34:09,751 [INFO] Session id is '2023-08-05_19-34-09'
client 2023-08-05 19:34:09,751 [INFO] Sources: {"sources": {"__init__.py": "da39a3ee5e6b4b0d3255bfef95601890afd80709", "client.py": "33ca4f26368777ac06e01f9567b714a4b8063886", "lib/__init__.py": "da39a3ee5e6b4b0d3255bfef95601890afd80709", "lib/client.py": "ac2aa093c8e8bbc9569b9e2a3471bc64e58a2258", "lib/common.py": "611d8b29633d331eb19c9455ea3b5fa3284ed6df", "lib/external/__init__.py": "da39a3ee5e6b4b0d3255bfef95601890afd80709", "lib/external/ntplib.py": "4da8f970656505a40483206ef2b5d3dd5e81711d", "lib/server.py": "c7af63c31bb2fbedea4345f571f6e3507d268ada", "lib/source_hashes.py": "60a2e02193209e8d392803326208d5466342da18", "lib/summary.py": "aa92f0a3f975eecd44d3c0cd0236342ccc9f941d", "lib/time_sync.py": "122eba67a9abc85635223e054def53be1367ade2", "server.py": "c3f90f2f7eeb4db30727556d0c815ebc89b3d28b", "tests/unit/__init__.py": "da39a3ee5e6b4b0d3255bfef95601890afd80709", "tests/unit/test_server.py": "948c1995d4008bc2aa6c4046a34ffa3858d6d671", "tests/unit/test_source_hashes.py": "00468a2907583c593e6574a1f6b404e4651c221a"}, "modules": {"ptd_client_server.lib.client": "lib/client.py", "ptd_client_server.lib.common": "lib/common.py", "ptd_client_server.lib.external.ntplib": "lib/external/ntplib.py", "ptd_client_server.lib.source_hashes": "lib/source_hashes.py", "ptd_client_server.lib.summary": "lib/summary.py", "ptd_client_server.lib.time_sync": "lib/time_sync.py"}}
client 2023-08-05 19:34:09,751 [INFO] Running workload in ranging mode
client 2023-08-05 19:34:09,751 [INFO] Synchronizing with the server and with time.google.com...
client 2023-08-05 19:34:09,765 [INFO] NTP:offset = -0.001 s, delay = 0.013 s 
client 2023-08-05 19:34:09,765 [INFO] Sending command to the server: 'time'
client 2023-08-05 19:34:09,769 [INFO] Got response: '1691260449.6792588'
client 2023-08-05 19:34:09,769 [INFO] The time difference between the client and the server is within range 86.446 ms..90.036 ms
client 2023-08-05 19:34:09,769 [INFO] Sending command to the server: 'session,2023-08-05_19-34-09,start,ranging'
client 2023-08-05 19:34:38,949 [INFO] Got response: 'OK'
client 2023-08-05 19:34:38,949 [INFO] Sending command to the server: 'time'
client 2023-08-05 19:34:38,953 [INFO] Got response: '1691260478.8610663'
client 2023-08-05 19:34:38,953 [INFO] The time difference between the client and the server is within range 88.171 ms..92.422 ms
client 2023-08-05 19:34:38,953 [INFO] Running the workload 'CM_MLPERF_RUN_COUNT=$(cat ${CM_RUN_DIR}/count.txt); echo ${CM_MLPERF_RUN_COUNT}; CM_MLPERF_RUN_COUNT=$((CM_MLPERF_RUN_COUNT+1)); echo ${CM_MLPERF_RUN_COUNT} > ${CM_RUN_DIR}/count.txt && if [ ${CM_MLPERF_RUN_COUNT} -eq "1" ]; then export CM_MLPERF_USER_CONF=${CM_MLPERF_RANGING_USER_CONF}; else export CM_MLPERF_USER_CONF=${CM_MLPERF_TESTING_USER_CONF}; fi && /mount/CM/repos/ctuning@mlcommons-ck/cm-mlops/script/run-all-mlperf-models/run.out'
client 2023-08-05 19:39:42,543 [INFO] Sending command to the server: 'time'
client 2023-08-05 19:39:42,547 [INFO] Got response: '1691260782.458233'
client 2023-08-05 19:39:42,547 [INFO] The time difference between the client and the server is within range 84.727 ms..89.713 ms
client 2023-08-05 19:39:42,548 [INFO] Sending command to the server: 'session,2023-08-05_19-34-09,stop,ranging'
client 2023-08-05 19:39:53,361 [INFO] Got response: 'OK'
client 2023-08-05 19:39:53,362 [INFO] Sending command to the server: 'time'
client 2023-08-05 19:39:53,365 [INFO] Got response: '1691260793.274852'
client 2023-08-05 19:39:53,365 [INFO] The time difference between the client and the server is within range 87.233 ms..90.971 ms
client 2023-08-05 19:39:53,380 [INFO] Copying loadgen logs from '/home/arjun/mobilenet_results/valid_results/orin-tflite_cpp-cpu-tflite-vmaster-default_config/mobilenet-v1-precision_float-1.0-224/singlestream/performance/run_1' to '/home/arjun/mobilenet_results/valid_results/orin-tflite_cpp-cpu-tflite-vmaster-default_config/mobilenet-v1-precision_float-1.0-224/singlestream/performance/tmp_power/ranging'
client 2023-08-05 19:39:53,380 [INFO] Running workload in testing mode
client 2023-08-05 19:39:53,380 [INFO] Synchronizing with the server and with time.google.com...
client 2023-08-05 19:39:53,405 [INFO] NTP:offset = -0.000 s, delay = 0.013 s 
client 2023-08-05 19:39:53,405 [INFO] Sending command to the server: 'time'
client 2023-08-05 19:39:53,408 [INFO] Got response: '1691260793.3163223'
client 2023-08-05 19:39:53,408 [INFO] The time difference between the client and the server is within range 89.060 ms..92.293 ms
client 2023-08-05 19:39:53,408 [INFO] Sending command to the server: 'session,2023-08-05_19-34-09,start,testing'
client 2023-08-05 19:40:06,445 [INFO] Got response: 'OK'
client 2023-08-05 19:40:06,445 [INFO] Sending command to the server: 'time'
client 2023-08-05 19:40:06,450 [INFO] Got response: '1691260806.3557134'
client 2023-08-05 19:40:06,450 [INFO] The time difference between the client and the server is within range 90.111 ms..94.656 ms
client 2023-08-05 19:40:06,450 [INFO] Running the workload 'CM_MLPERF_RUN_COUNT=$(cat ${CM_RUN_DIR}/count.txt); echo ${CM_MLPERF_RUN_COUNT}; CM_MLPERF_RUN_COUNT=$((CM_MLPERF_RUN_COUNT+1)); echo ${CM_MLPERF_RUN_COUNT} > ${CM_RUN_DIR}/count.txt && if [ ${CM_MLPERF_RUN_COUNT} -eq "1" ]; then export CM_MLPERF_USER_CONF=${CM_MLPERF_RANGING_USER_CONF}; else export CM_MLPERF_USER_CONF=${CM_MLPERF_TESTING_USER_CONF}; fi && /mount/CM/repos/ctuning@mlcommons-ck/cm-mlops/script/run-all-mlperf-models/run.out'
client 2023-08-05 19:50:08,569 [INFO] Sending command to the server: 'time'
client 2023-08-05 19:50:08,574 [INFO] Got response: '1691261408.4764223'
client 2023-08-05 19:50:08,574 [INFO] The time difference between the client and the server is within range 92.574 ms..97.869 ms
client 2023-08-05 19:50:08,574 [INFO] Sending command to the server: 'session,2023-08-05_19-34-09,stop,testing'
client 2023-08-05 19:50:19,915 [INFO] Got response: 'OK'
client 2023-08-05 19:50:19,915 [INFO] Sending command to the server: 'time'
client 2023-08-05 19:50:19,918 [INFO] Got response: '1691261419.8304887'
client 2023-08-05 19:50:19,918 [INFO] The time difference between the client and the server is within range 84.981 ms..87.745 ms
client 2023-08-05 19:50:19,919 [INFO] Copying loadgen logs from '/home/arjun/mobilenet_results/valid_results/orin-tflite_cpp-cpu-tflite-vmaster-default_config/mobilenet-v1-precision_float-1.0-224/singlestream/performance/run_1' to '/home/arjun/mobilenet_results/valid_results/orin-tflite_cpp-cpu-tflite-vmaster-default_config/mobilenet-v1-precision_float-1.0-224/singlestream/performance/tmp_power/run_1'
client 2023-08-05 19:50:19,919 [INFO] Done runs
