client 2023-08-06 01:17:09,186 [INFO] Creating output directory '/home/arjun/mobilenet_results/valid_results/orin-tflite_cpp-cpu-tflite-vmaster-default_config/mobilenet-v1-precision_uint8-0.5-160/singlestream/performance/tmp_power'
client 2023-08-06 01:17:09,191 [INFO] Sending command to the server: 'mlcommons/power client v3'
client 2023-08-06 01:17:09,195 [INFO] Got response: 'mlcommons/power server v3'
client 2023-08-06 01:17:09,195 [INFO] Synchronizing with the server and with time.google.com...
client 2023-08-06 01:17:09,213 [INFO] NTP:offset = 0.001 s, delay = 0.014 s 
client 2023-08-06 01:17:09,213 [INFO] Sending command to the server: 'time'
client 2023-08-06 01:17:09,222 [INFO] Got response: '1691281029.0709243'
client 2023-08-06 01:17:09,222 [INFO] The time difference between the client and the server is within range 142.739 ms..151.203 ms
client 2023-08-06 01:17:09,222 [INFO] Sending command to the server: 'new,,80423306-d4b9-4fe0-9d70-636de5889c49'
client 2023-08-06 01:17:09,225 [INFO] Got response: 'OK 2023-08-06_01-17-09,33227a3e-e45f-4869-b710-522aa85d45a3'
client 2023-08-06 01:17:09,225 [INFO] Session id is '2023-08-06_01-17-09'
client 2023-08-06 01:17:09,225 [INFO] Sources: {"sources": {"__init__.py": "da39a3ee5e6b4b0d3255bfef95601890afd80709", "client.py": "33ca4f26368777ac06e01f9567b714a4b8063886", "lib/__init__.py": "da39a3ee5e6b4b0d3255bfef95601890afd80709", "lib/client.py": "ac2aa093c8e8bbc9569b9e2a3471bc64e58a2258", "lib/common.py": "611d8b29633d331eb19c9455ea3b5fa3284ed6df", "lib/external/__init__.py": "da39a3ee5e6b4b0d3255bfef95601890afd80709", "lib/external/ntplib.py": "4da8f970656505a40483206ef2b5d3dd5e81711d", "lib/server.py": "c7af63c31bb2fbedea4345f571f6e3507d268ada", "lib/source_hashes.py": "60a2e02193209e8d392803326208d5466342da18", "lib/summary.py": "aa92f0a3f975eecd44d3c0cd0236342ccc9f941d", "lib/time_sync.py": "122eba67a9abc85635223e054def53be1367ade2", "server.py": "c3f90f2f7eeb4db30727556d0c815ebc89b3d28b", "tests/unit/__init__.py": "da39a3ee5e6b4b0d3255bfef95601890afd80709", "tests/unit/test_server.py": "948c1995d4008bc2aa6c4046a34ffa3858d6d671", "tests/unit/test_source_hashes.py": "00468a2907583c593e6574a1f6b404e4651c221a"}, "modules": {"ptd_client_server.lib.client": "lib/client.py", "ptd_client_server.lib.common": "lib/common.py", "ptd_client_server.lib.external.ntplib": "lib/external/ntplib.py", "ptd_client_server.lib.source_hashes": "lib/source_hashes.py", "ptd_client_server.lib.summary": "lib/summary.py", "ptd_client_server.lib.time_sync": "lib/time_sync.py"}}
client 2023-08-06 01:17:09,226 [INFO] Running workload in ranging mode
client 2023-08-06 01:17:09,226 [INFO] Synchronizing with the server and with time.google.com...
client 2023-08-06 01:17:09,239 [INFO] NTP:offset = -0.001 s, delay = 0.013 s 
client 2023-08-06 01:17:09,239 [INFO] Sending command to the server: 'time'
client 2023-08-06 01:17:09,242 [INFO] Got response: '1691281029.0906346'
client 2023-08-06 01:17:09,242 [INFO] The time difference between the client and the server is within range 149.172 ms..152.123 ms
client 2023-08-06 01:17:09,242 [INFO] Sending command to the server: 'session,2023-08-06_01-17-09,start,ranging'
client 2023-08-06 01:17:37,957 [INFO] Got response: 'OK'
client 2023-08-06 01:17:37,958 [INFO] Sending command to the server: 'time'
client 2023-08-06 01:17:37,970 [INFO] Got response: '1691281057.8036084'
client 2023-08-06 01:17:37,970 [INFO] The time difference between the client and the server is within range 154.421 ms..166.713 ms
client 2023-08-06 01:17:37,970 [INFO] Running the workload 'CM_MLPERF_RUN_COUNT=$(cat ${CM_RUN_DIR}/count.txt); echo ${CM_MLPERF_RUN_COUNT}; CM_MLPERF_RUN_COUNT=$((CM_MLPERF_RUN_COUNT+1)); echo ${CM_MLPERF_RUN_COUNT} > ${CM_RUN_DIR}/count.txt && if [ ${CM_MLPERF_RUN_COUNT} -eq "1" ]; then export CM_MLPERF_USER_CONF=${CM_MLPERF_RANGING_USER_CONF}; else export CM_MLPERF_USER_CONF=${CM_MLPERF_TESTING_USER_CONF}; fi && /mount/CM/repos/ctuning@mlcommons-ck/cm-mlops/script/run-all-mlperf-models/run.out'
client 2023-08-06 01:22:39,241 [INFO] Sending command to the server: 'time'
client 2023-08-06 01:22:39,245 [INFO] Got response: '1691281359.086994'
client 2023-08-06 01:22:39,246 [INFO] The time difference between the client and the server is within range 154.016 ms..159.080 ms
client 2023-08-06 01:22:39,246 [INFO] Sending command to the server: 'session,2023-08-06_01-17-09,stop,ranging'
client 2023-08-06 01:22:50,087 [INFO] Got response: 'OK'
client 2023-08-06 01:22:50,088 [INFO] Sending command to the server: 'time'
client 2023-08-06 01:22:50,095 [INFO] Got response: '1691281369.9346137'
client 2023-08-06 01:22:50,095 [INFO] The time difference between the client and the server is within range 153.388 ms..161.134 ms
client 2023-08-06 01:22:50,099 [INFO] Copying loadgen logs from '/home/arjun/mobilenet_results/valid_results/orin-tflite_cpp-cpu-tflite-vmaster-default_config/mobilenet-v1-precision_uint8-0.5-160/singlestream/performance/run_1' to '/home/arjun/mobilenet_results/valid_results/orin-tflite_cpp-cpu-tflite-vmaster-default_config/mobilenet-v1-precision_uint8-0.5-160/singlestream/performance/tmp_power/ranging'
client 2023-08-06 01:22:50,099 [INFO] Running workload in testing mode
client 2023-08-06 01:22:50,099 [INFO] Synchronizing with the server and with time.google.com...
client 2023-08-06 01:22:50,115 [INFO] NTP:offset = 0.000 s, delay = 0.014 s 
client 2023-08-06 01:22:50,115 [INFO] Sending command to the server: 'time'
client 2023-08-06 01:22:50,118 [INFO] Got response: '1691281369.9658718'
client 2023-08-06 01:22:50,118 [INFO] The time difference between the client and the server is within range 149.465 ms..152.515 ms
client 2023-08-06 01:22:50,118 [INFO] Sending command to the server: 'session,2023-08-06_01-17-09,start,testing'
client 2023-08-06 01:23:03,168 [INFO] Got response: 'OK'
client 2023-08-06 01:23:03,168 [INFO] Sending command to the server: 'time'
client 2023-08-06 01:23:03,181 [INFO] Got response: '1691281383.0120432'
client 2023-08-06 01:23:03,182 [INFO] The time difference between the client and the server is within range 156.623 ms..169.952 ms
client 2023-08-06 01:23:03,182 [INFO] Running the workload 'CM_MLPERF_RUN_COUNT=$(cat ${CM_RUN_DIR}/count.txt); echo ${CM_MLPERF_RUN_COUNT}; CM_MLPERF_RUN_COUNT=$((CM_MLPERF_RUN_COUNT+1)); echo ${CM_MLPERF_RUN_COUNT} > ${CM_RUN_DIR}/count.txt && if [ ${CM_MLPERF_RUN_COUNT} -eq "1" ]; then export CM_MLPERF_USER_CONF=${CM_MLPERF_RANGING_USER_CONF}; else export CM_MLPERF_USER_CONF=${CM_MLPERF_TESTING_USER_CONF}; fi && /mount/CM/repos/ctuning@mlcommons-ck/cm-mlops/script/run-all-mlperf-models/run.out'
client 2023-08-06 01:33:05,440 [INFO] Sending command to the server: 'time'
client 2023-08-06 01:33:05,447 [INFO] Got response: '1691281985.2900562'
client 2023-08-06 01:33:05,447 [INFO] The time difference between the client and the server is within range 150.035 ms..157.590 ms
client 2023-08-06 01:33:05,447 [INFO] Sending command to the server: 'session,2023-08-06_01-17-09,stop,testing'
client 2023-08-06 01:33:16,241 [INFO] Got response: 'OK'
client 2023-08-06 01:33:16,242 [INFO] Sending command to the server: 'time'
client 2023-08-06 01:33:16,244 [INFO] Got response: '1691281996.0850208'
client 2023-08-06 01:33:16,244 [INFO] The time difference between the client and the server is within range 157.128 ms..159.789 ms
client 2023-08-06 01:33:16,245 [INFO] Copying loadgen logs from '/home/arjun/mobilenet_results/valid_results/orin-tflite_cpp-cpu-tflite-vmaster-default_config/mobilenet-v1-precision_uint8-0.5-160/singlestream/performance/run_1' to '/home/arjun/mobilenet_results/valid_results/orin-tflite_cpp-cpu-tflite-vmaster-default_config/mobilenet-v1-precision_uint8-0.5-160/singlestream/performance/tmp_power/run_1'
client 2023-08-06 01:33:16,246 [INFO] Done runs
