client 2023-08-05 23:06:30,518 [INFO] Creating output directory '/home/arjun/mobilenet_results/valid_results/orin-tflite_cpp-cpu-tflite-vmaster-default_config/mobilenet-v1-precision_uint8-0.75-160/singlestream/performance/tmp_power'
client 2023-08-05 23:06:30,523 [INFO] Sending command to the server: 'mlcommons/power client v3'
client 2023-08-05 23:06:30,528 [INFO] Got response: 'mlcommons/power server v3'
client 2023-08-05 23:06:30,528 [INFO] Synchronizing with the server and with time.google.com...
client 2023-08-05 23:06:30,545 [INFO] NTP:offset = -0.001 s, delay = 0.014 s 
client 2023-08-05 23:06:30,546 [INFO] Sending command to the server: 'time'
client 2023-08-05 23:06:30,555 [INFO] Got response: '1691273190.4074395'
client 2023-08-05 23:06:30,555 [INFO] The time difference between the client and the server is within range 138.596 ms..148.315 ms
client 2023-08-05 23:06:30,555 [INFO] Sending command to the server: 'new,,7a484778-8a08-4741-a952-780a8403302a'
client 2023-08-05 23:06:30,567 [INFO] Got response: 'OK 2023-08-05_23-06-30,3f1e3ef2-03a4-4ea9-beb5-7d8468b54cc9'
client 2023-08-05 23:06:30,567 [INFO] Session id is '2023-08-05_23-06-30'
client 2023-08-05 23:06:30,568 [INFO] Sources: {"sources": {"__init__.py": "da39a3ee5e6b4b0d3255bfef95601890afd80709", "client.py": "33ca4f26368777ac06e01f9567b714a4b8063886", "lib/__init__.py": "da39a3ee5e6b4b0d3255bfef95601890afd80709", "lib/client.py": "ac2aa093c8e8bbc9569b9e2a3471bc64e58a2258", "lib/common.py": "611d8b29633d331eb19c9455ea3b5fa3284ed6df", "lib/external/__init__.py": "da39a3ee5e6b4b0d3255bfef95601890afd80709", "lib/external/ntplib.py": "4da8f970656505a40483206ef2b5d3dd5e81711d", "lib/server.py": "c7af63c31bb2fbedea4345f571f6e3507d268ada", "lib/source_hashes.py": "60a2e02193209e8d392803326208d5466342da18", "lib/summary.py": "aa92f0a3f975eecd44d3c0cd0236342ccc9f941d", "lib/time_sync.py": "122eba67a9abc85635223e054def53be1367ade2", "server.py": "c3f90f2f7eeb4db30727556d0c815ebc89b3d28b", "tests/unit/__init__.py": "da39a3ee5e6b4b0d3255bfef95601890afd80709", "tests/unit/test_server.py": "948c1995d4008bc2aa6c4046a34ffa3858d6d671", "tests/unit/test_source_hashes.py": "00468a2907583c593e6574a1f6b404e4651c221a"}, "modules": {"ptd_client_server.lib.client": "lib/client.py", "ptd_client_server.lib.common": "lib/common.py", "ptd_client_server.lib.external.ntplib": "lib/external/ntplib.py", "ptd_client_server.lib.source_hashes": "lib/source_hashes.py", "ptd_client_server.lib.summary": "lib/summary.py", "ptd_client_server.lib.time_sync": "lib/time_sync.py"}}
client 2023-08-05 23:06:30,568 [INFO] Running workload in ranging mode
client 2023-08-05 23:06:30,568 [INFO] Synchronizing with the server and with time.google.com...
client 2023-08-05 23:06:30,584 [INFO] NTP:offset = 0.000 s, delay = 0.016 s 
client 2023-08-05 23:06:30,584 [INFO] Sending command to the server: 'time'
client 2023-08-05 23:06:30,594 [INFO] Got response: '1691273190.4479895'
client 2023-08-05 23:06:30,594 [INFO] The time difference between the client and the server is within range 136.952 ms..146.445 ms
client 2023-08-05 23:06:30,594 [INFO] Sending command to the server: 'session,2023-08-05_23-06-30,start,ranging'
client 2023-08-05 23:06:59,656 [INFO] Got response: 'OK'
client 2023-08-05 23:06:59,656 [INFO] Sending command to the server: 'time'
client 2023-08-05 23:06:59,675 [INFO] Got response: '1691273219.5241425'
client 2023-08-05 23:06:59,675 [INFO] The time difference between the client and the server is within range 132.589 ms..151.389 ms
client 2023-08-05 23:06:59,675 [INFO] Running the workload 'CM_MLPERF_RUN_COUNT=$(cat ${CM_RUN_DIR}/count.txt); echo ${CM_MLPERF_RUN_COUNT}; CM_MLPERF_RUN_COUNT=$((CM_MLPERF_RUN_COUNT+1)); echo ${CM_MLPERF_RUN_COUNT} > ${CM_RUN_DIR}/count.txt && if [ ${CM_MLPERF_RUN_COUNT} -eq "1" ]; then export CM_MLPERF_USER_CONF=${CM_MLPERF_RANGING_USER_CONF}; else export CM_MLPERF_USER_CONF=${CM_MLPERF_TESTING_USER_CONF}; fi && /mount/CM/repos/ctuning@mlcommons-ck/cm-mlops/script/run-all-mlperf-models/run.out'
client 2023-08-05 23:12:00,945 [INFO] Sending command to the server: 'time'
client 2023-08-05 23:12:00,950 [INFO] Got response: '1691273520.8057947'
client 2023-08-05 23:12:00,950 [INFO] The time difference between the client and the server is within range 139.444 ms..144.565 ms
client 2023-08-05 23:12:00,950 [INFO] Sending command to the server: 'session,2023-08-05_23-06-30,stop,ranging'
client 2023-08-05 23:12:11,751 [INFO] Got response: 'OK'
client 2023-08-05 23:12:11,751 [INFO] Sending command to the server: 'time'
client 2023-08-05 23:12:11,759 [INFO] Got response: '1691273531.609999'
client 2023-08-05 23:12:11,759 [INFO] The time difference between the client and the server is within range 141.766 ms..149.512 ms
client 2023-08-05 23:12:11,763 [INFO] Copying loadgen logs from '/home/arjun/mobilenet_results/valid_results/orin-tflite_cpp-cpu-tflite-vmaster-default_config/mobilenet-v1-precision_uint8-0.75-160/singlestream/performance/run_1' to '/home/arjun/mobilenet_results/valid_results/orin-tflite_cpp-cpu-tflite-vmaster-default_config/mobilenet-v1-precision_uint8-0.75-160/singlestream/performance/tmp_power/ranging'
client 2023-08-05 23:12:11,763 [INFO] Running workload in testing mode
client 2023-08-05 23:12:11,763 [INFO] Synchronizing with the server and with time.google.com...
client 2023-08-05 23:12:11,778 [INFO] NTP:offset = -0.000 s, delay = 0.013 s 
client 2023-08-05 23:12:11,778 [INFO] Sending command to the server: 'time'
client 2023-08-05 23:12:11,781 [INFO] Got response: '1691273531.6303232'
client 2023-08-05 23:12:11,781 [INFO] The time difference between the client and the server is within range 147.837 ms..151.433 ms
client 2023-08-05 23:12:11,781 [INFO] Sending command to the server: 'session,2023-08-05_23-06-30,start,testing'
client 2023-08-05 23:12:24,812 [INFO] Got response: 'OK'
client 2023-08-05 23:12:24,812 [INFO] Sending command to the server: 'time'
client 2023-08-05 23:12:24,816 [INFO] Got response: '1691273544.672231'
client 2023-08-05 23:12:24,816 [INFO] The time difference between the client and the server is within range 140.496 ms..144.443 ms
client 2023-08-05 23:12:24,816 [INFO] Running the workload 'CM_MLPERF_RUN_COUNT=$(cat ${CM_RUN_DIR}/count.txt); echo ${CM_MLPERF_RUN_COUNT}; CM_MLPERF_RUN_COUNT=$((CM_MLPERF_RUN_COUNT+1)); echo ${CM_MLPERF_RUN_COUNT} > ${CM_RUN_DIR}/count.txt && if [ ${CM_MLPERF_RUN_COUNT} -eq "1" ]; then export CM_MLPERF_USER_CONF=${CM_MLPERF_RANGING_USER_CONF}; else export CM_MLPERF_USER_CONF=${CM_MLPERF_TESTING_USER_CONF}; fi && /mount/CM/repos/ctuning@mlcommons-ck/cm-mlops/script/run-all-mlperf-models/run.out'
client 2023-08-05 23:22:26,951 [INFO] Sending command to the server: 'time'
client 2023-08-05 23:22:26,956 [INFO] Got response: '1691274146.8085697'
client 2023-08-05 23:22:26,956 [INFO] The time difference between the client and the server is within range 142.547 ms..147.779 ms
client 2023-08-05 23:22:26,956 [INFO] Sending command to the server: 'session,2023-08-05_23-06-30,stop,testing'
client 2023-08-05 23:22:38,387 [INFO] Got response: 'OK'
client 2023-08-05 23:22:38,388 [INFO] Sending command to the server: 'time'
client 2023-08-05 23:22:38,390 [INFO] Got response: '1691274158.2425385'
client 2023-08-05 23:22:38,391 [INFO] The time difference between the client and the server is within range 145.541 ms..148.487 ms
client 2023-08-05 23:22:38,391 [INFO] Copying loadgen logs from '/home/arjun/mobilenet_results/valid_results/orin-tflite_cpp-cpu-tflite-vmaster-default_config/mobilenet-v1-precision_uint8-0.75-160/singlestream/performance/run_1' to '/home/arjun/mobilenet_results/valid_results/orin-tflite_cpp-cpu-tflite-vmaster-default_config/mobilenet-v1-precision_uint8-0.75-160/singlestream/performance/tmp_power/run_1'
client 2023-08-05 23:22:38,392 [INFO] Done runs
