client 2023-07-10 03:50:29,310 [INFO] Creating output directory '/home/arjun/mobilenet_results/valid_results/orin-tflite_cpp-cpu-tflite-vmaster-default_config/mobilenet-v3-precision_float-small-224/singlestream/performance/tmp_power'
client 2023-07-10 03:50:29,312 [INFO] Sending command to the server: 'mlcommons/power client v3'
client 2023-07-10 03:50:29,314 [INFO] Got response: 'mlcommons/power server v3'
client 2023-07-10 03:50:29,314 [INFO] Synchronizing with the server and with time.google.com...
client 2023-07-10 03:50:29,343 [INFO] NTP:offset = 0.000 s, delay = 0.014 s 
client 2023-07-10 03:50:29,344 [INFO] Sending command to the server: 'time'
client 2023-07-10 03:50:29,350 [INFO] Got response: '1688957429.3446665'
client 2023-07-10 03:50:29,350 [INFO] The time difference between the client and the server is within range -0.669 ms..6.003 ms
client 2023-07-10 03:50:29,350 [INFO] Sending command to the server: 'new,,127fc282-9239-4f11-8a41-c93a6e98ba97'
client 2023-07-10 03:50:29,352 [INFO] Got response: 'OK 2023-07-10_02-50-29,a5dd2fe0-e320-4f77-a2ee-d59a78d61a92'
client 2023-07-10 03:50:29,352 [INFO] Session id is '2023-07-10_02-50-29'
client 2023-07-10 03:50:29,353 [INFO] Sources: {"sources": {"__init__.py": "da39a3ee5e6b4b0d3255bfef95601890afd80709", "client.py": "33ca4f26368777ac06e01f9567b714a4b8063886", "lib/__init__.py": "da39a3ee5e6b4b0d3255bfef95601890afd80709", "lib/client.py": "ac2aa093c8e8bbc9569b9e2a3471bc64e58a2258", "lib/common.py": "611d8b29633d331eb19c9455ea3b5fa3284ed6df", "lib/external/__init__.py": "da39a3ee5e6b4b0d3255bfef95601890afd80709", "lib/external/ntplib.py": "4da8f970656505a40483206ef2b5d3dd5e81711d", "lib/server.py": "c7af63c31bb2fbedea4345f571f6e3507d268ada", "lib/source_hashes.py": "60a2e02193209e8d392803326208d5466342da18", "lib/summary.py": "aa92f0a3f975eecd44d3c0cd0236342ccc9f941d", "lib/time_sync.py": "122eba67a9abc85635223e054def53be1367ade2", "server.py": "c3f90f2f7eeb4db30727556d0c815ebc89b3d28b", "tests/unit/__init__.py": "da39a3ee5e6b4b0d3255bfef95601890afd80709", "tests/unit/test_server.py": "948c1995d4008bc2aa6c4046a34ffa3858d6d671", "tests/unit/test_source_hashes.py": "00468a2907583c593e6574a1f6b404e4651c221a"}, "modules": {"ptd_client_server.lib.client": "lib/client.py", "ptd_client_server.lib.common": "lib/common.py", "ptd_client_server.lib.external.ntplib": "lib/external/ntplib.py", "ptd_client_server.lib.source_hashes": "lib/source_hashes.py", "ptd_client_server.lib.summary": "lib/summary.py", "ptd_client_server.lib.time_sync": "lib/time_sync.py"}}
client 2023-07-10 03:50:29,353 [INFO] Running workload in ranging mode
client 2023-07-10 03:50:29,353 [INFO] Synchronizing with the server and with time.google.com...
client 2023-07-10 03:50:29,370 [INFO] NTP:offset = -0.000 s, delay = 0.015 s 
client 2023-07-10 03:50:29,370 [INFO] Sending command to the server: 'time'
client 2023-07-10 03:50:29,371 [INFO] Got response: '1688957429.370737'
client 2023-07-10 03:50:29,371 [INFO] The time difference between the client and the server is within range -0.542 ms..1.067 ms
client 2023-07-10 03:50:29,371 [INFO] Sending command to the server: 'session,2023-07-10_02-50-29,start,ranging'
client 2023-07-10 03:50:57,453 [INFO] Got response: 'OK'
client 2023-07-10 03:50:57,454 [INFO] Sending command to the server: 'time'
client 2023-07-10 03:50:57,457 [INFO] Got response: '1688957457.4558115'
client 2023-07-10 03:50:57,457 [INFO] The time difference between the client and the server is within range -0.905 ms..1.565 ms
client 2023-07-10 03:50:57,457 [INFO] Running the workload 'CM_MLPERF_RUN_COUNT=$(cat ${CM_RUN_DIR}/count.txt); echo ${CM_MLPERF_RUN_COUNT}; CM_MLPERF_RUN_COUNT=$((CM_MLPERF_RUN_COUNT+1)); echo ${CM_MLPERF_RUN_COUNT} > ${CM_RUN_DIR}/count.txt && if [ ${CM_MLPERF_RUN_COUNT} -eq "1" ]; then export CM_MLPERF_USER_CONF=${CM_MLPERF_RANGING_USER_CONF}; else export CM_MLPERF_USER_CONF=${CM_MLPERF_TESTING_USER_CONF}; fi && /home/arjun/run.out'
client 2023-07-10 03:56:03,247 [INFO] Sending command to the server: 'time'
client 2023-07-10 03:56:03,250 [INFO] Got response: '1688957763.2487013'
client 2023-07-10 03:56:03,250 [INFO] The time difference between the client and the server is within range -1.174 ms..1.601 ms
client 2023-07-10 03:56:03,250 [INFO] Sending command to the server: 'session,2023-07-10_02-50-29,stop,ranging'
client 2023-07-10 03:56:13,558 [INFO] Got response: 'OK'
client 2023-07-10 03:56:13,559 [INFO] Sending command to the server: 'time'
client 2023-07-10 03:56:13,562 [INFO] Got response: '1688957773.5605159'
client 2023-07-10 03:56:13,563 [INFO] The time difference between the client and the server is within range -0.914 ms..2.425 ms
client 2023-07-10 03:56:13,591 [INFO] Copying loadgen logs from '/home/arjun/mobilenet_results/valid_results/orin-tflite_cpp-cpu-tflite-vmaster-default_config/mobilenet-v3-precision_float-small-224/singlestream/performance/run_1' to '/home/arjun/mobilenet_results/valid_results/orin-tflite_cpp-cpu-tflite-vmaster-default_config/mobilenet-v3-precision_float-small-224/singlestream/performance/tmp_power/ranging'
client 2023-07-10 03:56:13,593 [INFO] Running workload in testing mode
client 2023-07-10 03:56:13,594 [INFO] Synchronizing with the server and with time.google.com...
client 2023-07-10 03:56:13,615 [INFO] NTP:offset = 0.000 s, delay = 0.016 s 
client 2023-07-10 03:56:13,616 [INFO] Sending command to the server: 'time'
client 2023-07-10 03:56:13,619 [INFO] Got response: '1688957773.6177597'
client 2023-07-10 03:56:13,619 [INFO] The time difference between the client and the server is within range -1.581 ms..1.744 ms
client 2023-07-10 03:56:13,619 [INFO] Sending command to the server: 'session,2023-07-10_02-50-29,start,testing'
client 2023-07-10 03:56:26,634 [INFO] Got response: 'OK'
client 2023-07-10 03:56:26,635 [INFO] Sending command to the server: 'time'
client 2023-07-10 03:56:26,638 [INFO] Got response: '1688957786.6360905'
client 2023-07-10 03:56:26,638 [INFO] The time difference between the client and the server is within range -0.724 ms..2.761 ms
client 2023-07-10 03:56:26,639 [INFO] Running the workload 'CM_MLPERF_RUN_COUNT=$(cat ${CM_RUN_DIR}/count.txt); echo ${CM_MLPERF_RUN_COUNT}; CM_MLPERF_RUN_COUNT=$((CM_MLPERF_RUN_COUNT+1)); echo ${CM_MLPERF_RUN_COUNT} > ${CM_RUN_DIR}/count.txt && if [ ${CM_MLPERF_RUN_COUNT} -eq "1" ]; then export CM_MLPERF_USER_CONF=${CM_MLPERF_RANGING_USER_CONF}; else export CM_MLPERF_USER_CONF=${CM_MLPERF_TESTING_USER_CONF}; fi && /home/arjun/run.out'
client 2023-07-10 04:06:38,102 [INFO] Sending command to the server: 'time'
client 2023-07-10 04:06:38,194 [INFO] Got response: '1688958398.1932416'
client 2023-07-10 04:06:38,195 [INFO] The time difference between the client and the server is within range -90.721 ms..1.757 ms
client 2023-07-10 04:06:38,195 [INFO] Sending command to the server: 'session,2023-07-10_02-50-29,stop,testing'
client 2023-07-10 04:06:48,682 [INFO] Got response: 'OK'
client 2023-07-10 04:06:48,683 [INFO] Sending command to the server: 'time'
client 2023-07-10 04:06:48,686 [INFO] Got response: '1688958408.6846101'
client 2023-07-10 04:06:48,687 [INFO] The time difference between the client and the server is within range -1.490 ms..2.581 ms
client 2023-07-10 04:06:48,691 [INFO] Copying loadgen logs from '/home/arjun/mobilenet_results/valid_results/orin-tflite_cpp-cpu-tflite-vmaster-default_config/mobilenet-v3-precision_float-small-224/singlestream/performance/run_1' to '/home/arjun/mobilenet_results/valid_results/orin-tflite_cpp-cpu-tflite-vmaster-default_config/mobilenet-v3-precision_float-small-224/singlestream/performance/tmp_power/run_1'
client 2023-07-10 04:06:48,693 [INFO] Done runs
