client 2023-07-10 01:54:16,323 [INFO] Creating output directory '/home/arjun/mobilenet_results/valid_results/orin-tflite_cpp-cpu-tflite-vmaster-default_config/mobilenet-v2-precision_uint8-0.35-160/singlestream/performance/tmp_power'
client 2023-07-10 01:54:16,471 [INFO] Sending command to the server: 'mlcommons/power client v3'
client 2023-07-10 01:54:16,474 [INFO] Got response: 'mlcommons/power server v3'
client 2023-07-10 01:54:16,474 [INFO] Synchronizing with the server and with time.google.com...
client 2023-07-10 01:54:16,500 [INFO] NTP:offset = -0.001 s, delay = 0.015 s 
client 2023-07-10 01:54:16,500 [INFO] Sending command to the server: 'time'
client 2023-07-10 01:54:16,503 [INFO] Got response: '1688950456.5026379'
client 2023-07-10 01:54:16,503 [INFO] The time difference between the client and the server is within range -2.057 ms..1.218 ms
client 2023-07-10 01:54:16,504 [INFO] Sending command to the server: 'new,,ff4acc56-c71f-40cc-b1d5-45052067b614'
client 2023-07-10 01:54:16,507 [INFO] Got response: 'OK 2023-07-10_00-54-16,bd39cb05-f419-40ac-a491-b98eba03706a'
client 2023-07-10 01:54:16,507 [INFO] Session id is '2023-07-10_00-54-16'
client 2023-07-10 01:54:16,508 [INFO] Sources: {"sources": {"__init__.py": "da39a3ee5e6b4b0d3255bfef95601890afd80709", "client.py": "33ca4f26368777ac06e01f9567b714a4b8063886", "lib/__init__.py": "da39a3ee5e6b4b0d3255bfef95601890afd80709", "lib/client.py": "ac2aa093c8e8bbc9569b9e2a3471bc64e58a2258", "lib/common.py": "611d8b29633d331eb19c9455ea3b5fa3284ed6df", "lib/external/__init__.py": "da39a3ee5e6b4b0d3255bfef95601890afd80709", "lib/external/ntplib.py": "4da8f970656505a40483206ef2b5d3dd5e81711d", "lib/server.py": "c7af63c31bb2fbedea4345f571f6e3507d268ada", "lib/source_hashes.py": "60a2e02193209e8d392803326208d5466342da18", "lib/summary.py": "aa92f0a3f975eecd44d3c0cd0236342ccc9f941d", "lib/time_sync.py": "122eba67a9abc85635223e054def53be1367ade2", "server.py": "c3f90f2f7eeb4db30727556d0c815ebc89b3d28b", "tests/unit/__init__.py": "da39a3ee5e6b4b0d3255bfef95601890afd80709", "tests/unit/test_server.py": "948c1995d4008bc2aa6c4046a34ffa3858d6d671", "tests/unit/test_source_hashes.py": "00468a2907583c593e6574a1f6b404e4651c221a"}, "modules": {"ptd_client_server.lib.client": "lib/client.py", "ptd_client_server.lib.common": "lib/common.py", "ptd_client_server.lib.external.ntplib": "lib/external/ntplib.py", "ptd_client_server.lib.source_hashes": "lib/source_hashes.py", "ptd_client_server.lib.summary": "lib/summary.py", "ptd_client_server.lib.time_sync": "lib/time_sync.py"}}
client 2023-07-10 01:54:16,509 [INFO] Running workload in ranging mode
client 2023-07-10 01:54:16,509 [INFO] Synchronizing with the server and with time.google.com...
client 2023-07-10 01:54:16,640 [INFO] NTP:offset = -0.058 s, delay = 0.128 s 
client 2023-07-10 01:54:16,641 [INFO] Sending command to the server: 'time'
client 2023-07-10 01:54:16,643 [INFO] Got response: '1688950456.6429622'
client 2023-07-10 01:54:16,643 [INFO] The time difference between the client and the server is within range -1.839 ms..0.775 ms
client 2023-07-10 01:54:16,643 [INFO] Sending command to the server: 'session,2023-07-10_00-54-16,start,ranging'
client 2023-07-10 01:54:44,724 [INFO] Got response: 'OK'
client 2023-07-10 01:54:44,725 [INFO] Sending command to the server: 'time'
client 2023-07-10 01:54:44,728 [INFO] Got response: '1688950484.7270985'
client 2023-07-10 01:54:44,729 [INFO] The time difference between the client and the server is within range -1.680 ms..1.995 ms
client 2023-07-10 01:54:44,729 [INFO] Running the workload 'CM_MLPERF_RUN_COUNT=$(cat ${CM_RUN_DIR}/count.txt); echo ${CM_MLPERF_RUN_COUNT}; CM_MLPERF_RUN_COUNT=$((CM_MLPERF_RUN_COUNT+1)); echo ${CM_MLPERF_RUN_COUNT} > ${CM_RUN_DIR}/count.txt && if [ ${CM_MLPERF_RUN_COUNT} -eq "1" ]; then export CM_MLPERF_USER_CONF=${CM_MLPERF_RANGING_USER_CONF}; else export CM_MLPERF_USER_CONF=${CM_MLPERF_TESTING_USER_CONF}; fi && /home/arjun/run.out'
client 2023-07-10 01:59:50,762 [INFO] Sending command to the server: 'time'
client 2023-07-10 01:59:50,769 [INFO] Got response: '1688950790.768355'
client 2023-07-10 01:59:50,769 [INFO] The time difference between the client and the server is within range -6.071 ms..0.889 ms
client 2023-07-10 01:59:50,769 [INFO] Sending command to the server: 'session,2023-07-10_00-54-16,stop,ranging'
client 2023-07-10 02:00:01,816 [INFO] Got response: 'OK'
client 2023-07-10 02:00:01,816 [INFO] Sending command to the server: 'time'
client 2023-07-10 02:00:01,819 [INFO] Got response: '1688950801.818159'
client 2023-07-10 02:00:01,820 [INFO] The time difference between the client and the server is within range -1.518 ms..1.832 ms
client 2023-07-10 02:00:01,850 [INFO] Copying loadgen logs from '/home/arjun/mobilenet_results/valid_results/orin-tflite_cpp-cpu-tflite-vmaster-default_config/mobilenet-v2-precision_uint8-0.35-160/singlestream/performance/run_1' to '/home/arjun/mobilenet_results/valid_results/orin-tflite_cpp-cpu-tflite-vmaster-default_config/mobilenet-v2-precision_uint8-0.35-160/singlestream/performance/tmp_power/ranging'
client 2023-07-10 02:00:01,853 [INFO] Running workload in testing mode
client 2023-07-10 02:00:01,853 [INFO] Synchronizing with the server and with time.google.com...
client 2023-07-10 02:00:01,873 [INFO] NTP:offset = 0.001 s, delay = 0.016 s 
client 2023-07-10 02:00:01,873 [INFO] Sending command to the server: 'time'
client 2023-07-10 02:00:01,876 [INFO] Got response: '1688950801.8752065'
client 2023-07-10 02:00:01,876 [INFO] The time difference between the client and the server is within range -1.752 ms..1.409 ms
client 2023-07-10 02:00:01,876 [INFO] Sending command to the server: 'session,2023-07-10_00-54-16,start,testing'
client 2023-07-10 02:00:14,894 [INFO] Got response: 'OK'
client 2023-07-10 02:00:14,894 [INFO] Sending command to the server: 'time'
client 2023-07-10 02:00:14,897 [INFO] Got response: '1688950814.8965242'
client 2023-07-10 02:00:14,897 [INFO] The time difference between the client and the server is within range -1.563 ms..0.817 ms
client 2023-07-10 02:00:14,897 [INFO] Running the workload 'CM_MLPERF_RUN_COUNT=$(cat ${CM_RUN_DIR}/count.txt); echo ${CM_MLPERF_RUN_COUNT}; CM_MLPERF_RUN_COUNT=$((CM_MLPERF_RUN_COUNT+1)); echo ${CM_MLPERF_RUN_COUNT} > ${CM_RUN_DIR}/count.txt && if [ ${CM_MLPERF_RUN_COUNT} -eq "1" ]; then export CM_MLPERF_USER_CONF=${CM_MLPERF_RANGING_USER_CONF}; else export CM_MLPERF_USER_CONF=${CM_MLPERF_TESTING_USER_CONF}; fi && /home/arjun/run.out'
client 2023-07-10 02:10:26,597 [INFO] Sending command to the server: 'time'
client 2023-07-10 02:10:26,678 [INFO] Got response: '1688951426.6785142'
client 2023-07-10 02:10:26,678 [INFO] The time difference between the client and the server is within range -80.837 ms..0.370 ms
client 2023-07-10 02:10:26,679 [INFO] Sending command to the server: 'session,2023-07-10_00-54-16,stop,testing'
client 2023-07-10 02:10:36,939 [INFO] Got response: 'OK'
client 2023-07-10 02:10:36,940 [INFO] Sending command to the server: 'time'
client 2023-07-10 02:10:36,943 [INFO] Got response: '1688951436.9423199'
client 2023-07-10 02:10:36,943 [INFO] The time difference between the client and the server is within range -2.347 ms..1.314 ms
client 2023-07-10 02:10:36,948 [INFO] Copying loadgen logs from '/home/arjun/mobilenet_results/valid_results/orin-tflite_cpp-cpu-tflite-vmaster-default_config/mobilenet-v2-precision_uint8-0.35-160/singlestream/performance/run_1' to '/home/arjun/mobilenet_results/valid_results/orin-tflite_cpp-cpu-tflite-vmaster-default_config/mobilenet-v2-precision_uint8-0.35-160/singlestream/performance/tmp_power/run_1'
client 2023-07-10 02:10:36,950 [INFO] Done runs
