client 2023-07-09 18:59:20,879 [INFO] Creating output directory '/home/arjun/mobilenet_results/valid_results/orin-tflite_cpp-cpu-tflite-vmaster-default_config/mobilenet-v2-precision_float-1.0-160/singlestream/performance/tmp_power'
client 2023-07-09 18:59:21,046 [INFO] Sending command to the server: 'mlcommons/power client v3'
client 2023-07-09 18:59:21,048 [INFO] Got response: 'mlcommons/power server v3'
client 2023-07-09 18:59:21,049 [INFO] Synchronizing with the server and with time.google.com...
client 2023-07-09 18:59:21,073 [INFO] NTP:offset = 0.001 s, delay = 0.014 s 
client 2023-07-09 18:59:21,073 [INFO] Sending command to the server: 'time'
client 2023-07-09 18:59:21,077 [INFO] Got response: '1688925561.0772724'
client 2023-07-09 18:59:21,077 [INFO] The time difference between the client and the server is within range -3.573 ms..0.655 ms
client 2023-07-09 18:59:21,078 [INFO] Sending command to the server: 'new,,f930d0ce-5fa9-457d-a2d0-38e4a9998ad9'
client 2023-07-09 18:59:21,081 [INFO] Got response: 'OK 2023-07-09_17-59-21,31436330-fd5e-4b8d-ba8f-6c86ab9c6db8'
client 2023-07-09 18:59:21,081 [INFO] Session id is '2023-07-09_17-59-21'
client 2023-07-09 18:59:21,083 [INFO] Sources: {"sources": {"__init__.py": "da39a3ee5e6b4b0d3255bfef95601890afd80709", "client.py": "33ca4f26368777ac06e01f9567b714a4b8063886", "lib/__init__.py": "da39a3ee5e6b4b0d3255bfef95601890afd80709", "lib/client.py": "ac2aa093c8e8bbc9569b9e2a3471bc64e58a2258", "lib/common.py": "611d8b29633d331eb19c9455ea3b5fa3284ed6df", "lib/external/__init__.py": "da39a3ee5e6b4b0d3255bfef95601890afd80709", "lib/external/ntplib.py": "4da8f970656505a40483206ef2b5d3dd5e81711d", "lib/server.py": "c7af63c31bb2fbedea4345f571f6e3507d268ada", "lib/source_hashes.py": "60a2e02193209e8d392803326208d5466342da18", "lib/summary.py": "aa92f0a3f975eecd44d3c0cd0236342ccc9f941d", "lib/time_sync.py": "122eba67a9abc85635223e054def53be1367ade2", "server.py": "c3f90f2f7eeb4db30727556d0c815ebc89b3d28b", "tests/unit/__init__.py": "da39a3ee5e6b4b0d3255bfef95601890afd80709", "tests/unit/test_server.py": "948c1995d4008bc2aa6c4046a34ffa3858d6d671", "tests/unit/test_source_hashes.py": "00468a2907583c593e6574a1f6b404e4651c221a"}, "modules": {"ptd_client_server.lib.client": "lib/client.py", "ptd_client_server.lib.common": "lib/common.py", "ptd_client_server.lib.external.ntplib": "lib/external/ntplib.py", "ptd_client_server.lib.source_hashes": "lib/source_hashes.py", "ptd_client_server.lib.summary": "lib/summary.py", "ptd_client_server.lib.time_sync": "lib/time_sync.py"}}
client 2023-07-09 18:59:21,083 [INFO] Running workload in ranging mode
client 2023-07-09 18:59:21,084 [INFO] Synchronizing with the server and with time.google.com...
client 2023-07-09 18:59:21,100 [INFO] NTP:offset = 0.002 s, delay = 0.014 s 
client 2023-07-09 18:59:21,100 [INFO] Sending command to the server: 'time'
client 2023-07-09 18:59:21,104 [INFO] Got response: '1688925561.104016'
client 2023-07-09 18:59:21,104 [INFO] The time difference between the client and the server is within range -3.130 ms..0.226 ms
client 2023-07-09 18:59:21,104 [INFO] Sending command to the server: 'session,2023-07-09_17-59-21,start,ranging'
client 2023-07-09 18:59:49,215 [INFO] Got response: 'OK'
client 2023-07-09 18:59:49,216 [INFO] Sending command to the server: 'time'
client 2023-07-09 18:59:49,218 [INFO] Got response: '1688925589.2190006'
client 2023-07-09 18:59:49,219 [INFO] The time difference between the client and the server is within range -2.578 ms..0.164 ms
client 2023-07-09 18:59:49,219 [INFO] Running the workload 'CM_MLPERF_RUN_COUNT=$(cat ${CM_RUN_DIR}/count.txt); echo ${CM_MLPERF_RUN_COUNT}; CM_MLPERF_RUN_COUNT=$((CM_MLPERF_RUN_COUNT+1)); echo ${CM_MLPERF_RUN_COUNT} > ${CM_RUN_DIR}/count.txt && if [ ${CM_MLPERF_RUN_COUNT} -eq "1" ]; then export CM_MLPERF_USER_CONF=${CM_MLPERF_RANGING_USER_CONF}; else export CM_MLPERF_USER_CONF=${CM_MLPERF_TESTING_USER_CONF}; fi && /home/arjun/run.out'
client 2023-07-09 19:04:55,235 [INFO] Sending command to the server: 'time'
client 2023-07-09 19:04:55,281 [INFO] Got response: '1688925895.280419'
client 2023-07-09 19:04:55,281 [INFO] The time difference between the client and the server is within range -44.911 ms..1.077 ms
client 2023-07-09 19:04:55,281 [INFO] Sending command to the server: 'session,2023-07-09_17-59-21,stop,ranging'
client 2023-07-09 19:05:06,290 [INFO] Got response: 'OK'
client 2023-07-09 19:05:06,291 [INFO] Sending command to the server: 'time'
client 2023-07-09 19:05:06,295 [INFO] Got response: '1688925906.2948463'
client 2023-07-09 19:05:06,295 [INFO] The time difference between the client and the server is within range -2.911 ms..0.480 ms
client 2023-07-09 19:05:06,317 [INFO] Copying loadgen logs from '/home/arjun/mobilenet_results/valid_results/orin-tflite_cpp-cpu-tflite-vmaster-default_config/mobilenet-v2-precision_float-1.0-160/singlestream/performance/run_1' to '/home/arjun/mobilenet_results/valid_results/orin-tflite_cpp-cpu-tflite-vmaster-default_config/mobilenet-v2-precision_float-1.0-160/singlestream/performance/tmp_power/ranging'
client 2023-07-09 19:05:06,320 [INFO] Running workload in testing mode
client 2023-07-09 19:05:06,320 [INFO] Synchronizing with the server and with time.google.com...
client 2023-07-09 19:05:06,341 [INFO] NTP:offset = 0.002 s, delay = 0.017 s 
client 2023-07-09 19:05:06,341 [INFO] Sending command to the server: 'time'
client 2023-07-09 19:05:06,345 [INFO] Got response: '1688925906.3446655'
client 2023-07-09 19:05:06,345 [INFO] The time difference between the client and the server is within range -3.393 ms..0.609 ms
client 2023-07-09 19:05:06,345 [INFO] Sending command to the server: 'session,2023-07-09_17-59-21,start,testing'
client 2023-07-09 19:05:19,368 [INFO] Got response: 'OK'
client 2023-07-09 19:05:19,369 [INFO] Sending command to the server: 'time'
client 2023-07-09 19:05:19,373 [INFO] Got response: '1688925919.3717422'
client 2023-07-09 19:05:19,373 [INFO] The time difference between the client and the server is within range -2.521 ms..1.744 ms
client 2023-07-09 19:05:19,373 [INFO] Running the workload 'CM_MLPERF_RUN_COUNT=$(cat ${CM_RUN_DIR}/count.txt); echo ${CM_MLPERF_RUN_COUNT}; CM_MLPERF_RUN_COUNT=$((CM_MLPERF_RUN_COUNT+1)); echo ${CM_MLPERF_RUN_COUNT} > ${CM_RUN_DIR}/count.txt && if [ ${CM_MLPERF_RUN_COUNT} -eq "1" ]; then export CM_MLPERF_USER_CONF=${CM_MLPERF_RANGING_USER_CONF}; else export CM_MLPERF_USER_CONF=${CM_MLPERF_TESTING_USER_CONF}; fi && /home/arjun/run.out'
client 2023-07-09 19:15:30,835 [INFO] Sending command to the server: 'time'
client 2023-07-09 19:15:30,879 [INFO] Got response: '1688926530.8795707'
client 2023-07-09 19:15:30,880 [INFO] The time difference between the client and the server is within range -44.635 ms..0.515 ms
client 2023-07-09 19:15:30,880 [INFO] Sending command to the server: 'session,2023-07-09_17-59-21,stop,testing'
client 2023-07-09 19:15:41,419 [INFO] Got response: 'OK'
client 2023-07-09 19:15:41,420 [INFO] Sending command to the server: 'time'
client 2023-07-09 19:15:41,423 [INFO] Got response: '1688926541.4231226'
client 2023-07-09 19:15:41,423 [INFO] The time difference between the client and the server is within range -2.513 ms..0.626 ms
client 2023-07-09 19:15:41,428 [INFO] Copying loadgen logs from '/home/arjun/mobilenet_results/valid_results/orin-tflite_cpp-cpu-tflite-vmaster-default_config/mobilenet-v2-precision_float-1.0-160/singlestream/performance/run_1' to '/home/arjun/mobilenet_results/valid_results/orin-tflite_cpp-cpu-tflite-vmaster-default_config/mobilenet-v2-precision_float-1.0-160/singlestream/performance/tmp_power/run_1'
client 2023-07-09 19:15:41,431 [INFO] Done runs
