client 2023-08-08 01:19:17,919 [INFO] Creating output directory '/home/arjun/mobilenet_results/valid_results/orin-tflite_armnn_cpp-cpu-armnn_tflite-v23.05-using_neon/efficientnet-fp32-lite1/singlestream/performance/tmp_power'
client 2023-08-08 01:19:17,923 [INFO] Sending command to the server: 'mlcommons/power client v3'
client 2023-08-08 01:19:17,927 [INFO] Got response: 'mlcommons/power server v3'
client 2023-08-08 01:19:17,927 [INFO] Synchronizing with the server and with time.google.com...
client 2023-08-08 01:19:17,946 [INFO] NTP:offset = -0.009 s, delay = 0.016 s 
client 2023-08-08 01:19:17,946 [INFO] Sending command to the server: 'time'
client 2023-08-08 01:19:17,954 [INFO] Got response: '1691453957.8497598'
client 2023-08-08 01:19:17,954 [INFO] The time difference between the client and the server is within range 97.169 ms..105.181 ms
client 2023-08-08 01:19:17,955 [INFO] Sending command to the server: 'new,,b0bd2303-0cbf-427c-84f3-d1578b2387b5'
client 2023-08-08 01:19:17,959 [INFO] Got response: 'OK 2023-08-08_01-19-17,2746e847-dd48-4d26-b62b-d43440ec1d31'
client 2023-08-08 01:19:17,959 [INFO] Session id is '2023-08-08_01-19-17'
client 2023-08-08 01:19:17,959 [INFO] Sources: {"sources": {"__init__.py": "da39a3ee5e6b4b0d3255bfef95601890afd80709", "client.py": "33ca4f26368777ac06e01f9567b714a4b8063886", "lib/__init__.py": "da39a3ee5e6b4b0d3255bfef95601890afd80709", "lib/client.py": "ac2aa093c8e8bbc9569b9e2a3471bc64e58a2258", "lib/common.py": "611d8b29633d331eb19c9455ea3b5fa3284ed6df", "lib/external/__init__.py": "da39a3ee5e6b4b0d3255bfef95601890afd80709", "lib/external/ntplib.py": "4da8f970656505a40483206ef2b5d3dd5e81711d", "lib/server.py": "c7af63c31bb2fbedea4345f571f6e3507d268ada", "lib/source_hashes.py": "60a2e02193209e8d392803326208d5466342da18", "lib/summary.py": "aa92f0a3f975eecd44d3c0cd0236342ccc9f941d", "lib/time_sync.py": "122eba67a9abc85635223e054def53be1367ade2", "server.py": "c3f90f2f7eeb4db30727556d0c815ebc89b3d28b", "tests/unit/__init__.py": "da39a3ee5e6b4b0d3255bfef95601890afd80709", "tests/unit/test_server.py": "948c1995d4008bc2aa6c4046a34ffa3858d6d671", "tests/unit/test_source_hashes.py": "00468a2907583c593e6574a1f6b404e4651c221a"}, "modules": {"ptd_client_server.lib.client": "lib/client.py", "ptd_client_server.lib.common": "lib/common.py", "ptd_client_server.lib.external.ntplib": "lib/external/ntplib.py", "ptd_client_server.lib.source_hashes": "lib/source_hashes.py", "ptd_client_server.lib.summary": "lib/summary.py", "ptd_client_server.lib.time_sync": "lib/time_sync.py"}}
client 2023-08-08 01:19:17,960 [INFO] Running workload in ranging mode
client 2023-08-08 01:19:17,960 [INFO] Synchronizing with the server and with time.google.com...
client 2023-08-08 01:19:17,975 [INFO] NTP:offset = -0.008 s, delay = 0.014 s 
client 2023-08-08 01:19:17,975 [INFO] Sending command to the server: 'time'
client 2023-08-08 01:19:17,980 [INFO] Got response: '1691453957.8695755'
client 2023-08-08 01:19:17,980 [INFO] The time difference between the client and the server is within range 106.182 ms..111.236 ms
client 2023-08-08 01:19:17,980 [INFO] Sending command to the server: 'session,2023-08-08_01-19-17,start,ranging'
client 2023-08-08 01:19:46,743 [INFO] Got response: 'OK'
client 2023-08-08 01:19:46,744 [INFO] Sending command to the server: 'time'
client 2023-08-08 01:19:46,748 [INFO] Got response: '1691453986.6352906'
client 2023-08-08 01:19:46,748 [INFO] The time difference between the client and the server is within range 108.840 ms..113.039 ms
client 2023-08-08 01:19:46,748 [INFO] Running the workload 'CM_MLPERF_RUN_COUNT=$(cat ${CM_RUN_DIR}/count.txt); echo ${CM_MLPERF_RUN_COUNT}; CM_MLPERF_RUN_COUNT=$((CM_MLPERF_RUN_COUNT+1)); echo ${CM_MLPERF_RUN_COUNT} > ${CM_RUN_DIR}/count.txt && if [ ${CM_MLPERF_RUN_COUNT} -eq "1" ]; then export CM_MLPERF_USER_CONF=${CM_MLPERF_RANGING_USER_CONF}; else export CM_MLPERF_USER_CONF=${CM_MLPERF_TESTING_USER_CONF}; fi && /mount/CM/repos/ctuning@mlcommons-ck/cm-mlops/script/run-all-mlperf-models/run.out'
client 2023-08-08 01:24:47,991 [INFO] Sending command to the server: 'time'
client 2023-08-08 01:24:48,006 [INFO] Got response: '1691454287.8998725'
client 2023-08-08 01:24:48,006 [INFO] The time difference between the client and the server is within range 91.354 ms..106.897 ms
client 2023-08-08 01:24:48,006 [INFO] Sending command to the server: 'session,2023-08-08_01-19-17,stop,ranging'
client 2023-08-08 01:24:59,019 [INFO] Got response: 'OK'
client 2023-08-08 01:24:59,019 [INFO] Sending command to the server: 'time'
client 2023-08-08 01:24:59,022 [INFO] Got response: '1691454298.9162529'
client 2023-08-08 01:24:59,022 [INFO] The time difference between the client and the server is within range 103.386 ms..106.292 ms
client 2023-08-08 01:24:59,026 [INFO] Copying loadgen logs from '/home/arjun/mobilenet_results/valid_results/orin-tflite_armnn_cpp-cpu-armnn_tflite-v23.05-using_neon/efficientnet-fp32-lite1/singlestream/performance/run_1' to '/home/arjun/mobilenet_results/valid_results/orin-tflite_armnn_cpp-cpu-armnn_tflite-v23.05-using_neon/efficientnet-fp32-lite1/singlestream/performance/tmp_power/ranging'
client 2023-08-08 01:24:59,026 [INFO] Running workload in testing mode
client 2023-08-08 01:24:59,026 [INFO] Synchronizing with the server and with time.google.com...
client 2023-08-08 01:24:59,042 [INFO] NTP:offset = -0.009 s, delay = 0.014 s 
client 2023-08-08 01:24:59,042 [INFO] Sending command to the server: 'time'
client 2023-08-08 01:24:59,052 [INFO] Got response: '1691454298.9469366'
client 2023-08-08 01:24:59,052 [INFO] The time difference between the client and the server is within range 95.295 ms..105.126 ms
client 2023-08-08 01:24:59,052 [INFO] Sending command to the server: 'session,2023-08-08_01-19-17,start,testing'
client 2023-08-08 01:25:12,095 [INFO] Got response: 'OK'
client 2023-08-08 01:25:12,095 [INFO] Sending command to the server: 'time'
client 2023-08-08 01:25:12,099 [INFO] Got response: '1691454311.9862642'
client 2023-08-08 01:25:12,099 [INFO] The time difference between the client and the server is within range 109.085 ms..113.088 ms
client 2023-08-08 01:25:12,099 [INFO] Running the workload 'CM_MLPERF_RUN_COUNT=$(cat ${CM_RUN_DIR}/count.txt); echo ${CM_MLPERF_RUN_COUNT}; CM_MLPERF_RUN_COUNT=$((CM_MLPERF_RUN_COUNT+1)); echo ${CM_MLPERF_RUN_COUNT} > ${CM_RUN_DIR}/count.txt && if [ ${CM_MLPERF_RUN_COUNT} -eq "1" ]; then export CM_MLPERF_USER_CONF=${CM_MLPERF_RANGING_USER_CONF}; else export CM_MLPERF_USER_CONF=${CM_MLPERF_TESTING_USER_CONF}; fi && /mount/CM/repos/ctuning@mlcommons-ck/cm-mlops/script/run-all-mlperf-models/run.out'
client 2023-08-08 01:35:14,389 [INFO] Sending command to the server: 'time'
client 2023-08-08 01:35:14,398 [INFO] Got response: '1691454914.2860532'
client 2023-08-08 01:35:14,398 [INFO] The time difference between the client and the server is within range 103.040 ms..112.090 ms
client 2023-08-08 01:35:14,398 [INFO] Sending command to the server: 'session,2023-08-08_01-19-17,stop,testing'
client 2023-08-08 01:35:25,167 [INFO] Got response: 'OK'
client 2023-08-08 01:35:25,167 [INFO] Sending command to the server: 'time'
client 2023-08-08 01:35:25,172 [INFO] Got response: '1691454925.0605137'
client 2023-08-08 01:35:25,172 [INFO] The time difference between the client and the server is within range 106.843 ms..112.371 ms
client 2023-08-08 01:35:25,173 [INFO] Copying loadgen logs from '/home/arjun/mobilenet_results/valid_results/orin-tflite_armnn_cpp-cpu-armnn_tflite-v23.05-using_neon/efficientnet-fp32-lite1/singlestream/performance/run_1' to '/home/arjun/mobilenet_results/valid_results/orin-tflite_armnn_cpp-cpu-armnn_tflite-v23.05-using_neon/efficientnet-fp32-lite1/singlestream/performance/tmp_power/run_1'
client 2023-08-08 01:35:25,174 [INFO] Done runs
