client 2023-07-20 14:24:58,995 [INFO] Creating output directory '/home/arjun/mobilenet_results/valid_results/raspberrypi-tflite_armnn_cpp-cpu-armnn_tflite-v22.11-using_neon/mobilenet-v1-precision_uint8-0.75-160/singlestream/performance/tmp_power'
client 2023-07-20 14:24:59,050 [INFO] Sending command to the server: 'mlcommons/power client v3'
client 2023-07-20 14:24:59,055 [INFO] Got response: 'mlcommons/power server v3'
client 2023-07-20 14:24:59,055 [INFO] Synchronizing with the server and with time.google.com...
client 2023-07-20 14:24:59,360 [INFO] NTP:offset = -0.081 s, delay = 0.165 s 
client 2023-07-20 14:24:59,360 [INFO] Sending command to the server: 'time'
client 2023-07-20 14:24:59,366 [INFO] Got response: '1689859499.3737915'
client 2023-07-20 14:24:59,366 [INFO] The time difference between the client and the server is within range -13.158 ms..-7.071 ms
client 2023-07-20 14:24:59,367 [INFO] Sending command to the server: 'new,,dfae0591-873c-4dde-b1fb-ca27709892d4'
client 2023-07-20 14:24:59,373 [INFO] Got response: 'OK 2023-07-20_14-24-59,56f5acea-e9c0-40ef-93fa-a2e05b855c61'
client 2023-07-20 14:24:59,373 [INFO] Session id is '2023-07-20_14-24-59'
client 2023-07-20 14:24:59,374 [INFO] Sources: {"sources": {"__init__.py": "da39a3ee5e6b4b0d3255bfef95601890afd80709", "client.py": "33ca4f26368777ac06e01f9567b714a4b8063886", "lib/__init__.py": "da39a3ee5e6b4b0d3255bfef95601890afd80709", "lib/client.py": "ac2aa093c8e8bbc9569b9e2a3471bc64e58a2258", "lib/common.py": "611d8b29633d331eb19c9455ea3b5fa3284ed6df", "lib/external/__init__.py": "da39a3ee5e6b4b0d3255bfef95601890afd80709", "lib/external/ntplib.py": "4da8f970656505a40483206ef2b5d3dd5e81711d", "lib/server.py": "c7af63c31bb2fbedea4345f571f6e3507d268ada", "lib/source_hashes.py": "60a2e02193209e8d392803326208d5466342da18", "lib/summary.py": "aa92f0a3f975eecd44d3c0cd0236342ccc9f941d", "lib/time_sync.py": "122eba67a9abc85635223e054def53be1367ade2", "server.py": "c3f90f2f7eeb4db30727556d0c815ebc89b3d28b", "tests/unit/__init__.py": "da39a3ee5e6b4b0d3255bfef95601890afd80709", "tests/unit/test_server.py": "948c1995d4008bc2aa6c4046a34ffa3858d6d671", "tests/unit/test_source_hashes.py": "00468a2907583c593e6574a1f6b404e4651c221a"}, "modules": {"ptd_client_server.lib.client": "lib/client.py", "ptd_client_server.lib.common": "lib/common.py", "ptd_client_server.lib.external.ntplib": "lib/external/ntplib.py", "ptd_client_server.lib.source_hashes": "lib/source_hashes.py", "ptd_client_server.lib.summary": "lib/summary.py", "ptd_client_server.lib.time_sync": "lib/time_sync.py"}}
client 2023-07-20 14:24:59,375 [INFO] Running workload in ranging mode
client 2023-07-20 14:24:59,376 [INFO] Synchronizing with the server and with time.google.com...
client 2023-07-20 14:24:59,528 [INFO] NTP:offset = -0.066 s, delay = 0.134 s 
client 2023-07-20 14:24:59,528 [INFO] Sending command to the server: 'time'
client 2023-07-20 14:24:59,534 [INFO] Got response: '1689859499.548188'
client 2023-07-20 14:24:59,535 [INFO] The time difference between the client and the server is within range -19.408 ms..-12.890 ms
client 2023-07-20 14:24:59,535 [INFO] Sending command to the server: 'session,2023-07-20_14-24-59,start,ranging'
client 2023-07-20 14:25:28,252 [INFO] Got response: 'OK'
client 2023-07-20 14:25:28,253 [INFO] Sending command to the server: 'time'
client 2023-07-20 14:25:28,257 [INFO] Got response: '1689859528.272338'
client 2023-07-20 14:25:28,258 [INFO] The time difference between the client and the server is within range -18.966 ms..-13.597 ms
client 2023-07-20 14:25:28,259 [INFO] Running the workload 'CM_MLPERF_RUN_COUNT=$(cat ${CM_RUN_DIR}/count.txt); echo ${CM_MLPERF_RUN_COUNT}; CM_MLPERF_RUN_COUNT=$((CM_MLPERF_RUN_COUNT+1)); echo ${CM_MLPERF_RUN_COUNT} > ${CM_RUN_DIR}/count.txt && if [ ${CM_MLPERF_RUN_COUNT} -eq "1" ]; then export CM_MLPERF_USER_CONF=${CM_MLPERF_RANGING_USER_CONF}; else export CM_MLPERF_USER_CONF=${CM_MLPERF_TESTING_USER_CONF}; fi && /home/arjun/run.out'
client 2023-07-20 14:30:41,280 [INFO] Sending command to the server: 'time'
client 2023-07-20 14:30:41,284 [INFO] Got response: '1689859841.303851'
client 2023-07-20 14:30:41,284 [INFO] The time difference between the client and the server is within range -23.434 ms..-19.235 ms
client 2023-07-20 14:30:41,284 [INFO] Sending command to the server: 'session,2023-07-20_14-24-59,stop,ranging'
client 2023-07-20 14:30:52,396 [INFO] Got response: 'OK'
client 2023-07-20 14:30:52,397 [INFO] Sending command to the server: 'time'
client 2023-07-20 14:30:52,400 [INFO] Got response: '1689859852.4196415'
client 2023-07-20 14:30:52,401 [INFO] The time difference between the client and the server is within range -22.197 ms..-18.615 ms
client 2023-07-20 14:30:52,435 [INFO] Copying loadgen logs from '/home/arjun/mobilenet_results/valid_results/raspberrypi-tflite_armnn_cpp-cpu-armnn_tflite-v22.11-using_neon/mobilenet-v1-precision_uint8-0.75-160/singlestream/performance/run_1' to '/home/arjun/mobilenet_results/valid_results/raspberrypi-tflite_armnn_cpp-cpu-armnn_tflite-v22.11-using_neon/mobilenet-v1-precision_uint8-0.75-160/singlestream/performance/tmp_power/ranging'
client 2023-07-20 14:30:52,438 [INFO] Running workload in testing mode
client 2023-07-20 14:30:52,439 [INFO] Synchronizing with the server and with time.google.com...
client 2023-07-20 14:30:52,474 [INFO] NTP:offset = -0.009 s, delay = 0.018 s 
client 2023-07-20 14:30:52,475 [INFO] Sending command to the server: 'time'
client 2023-07-20 14:30:52,481 [INFO] Got response: '1689859852.492203'
client 2023-07-20 14:30:52,481 [INFO] The time difference between the client and the server is within range -17.151 ms..-10.635 ms
client 2023-07-20 14:30:52,482 [INFO] Sending command to the server: 'session,2023-07-20_14-24-59,start,testing'
client 2023-07-20 14:31:05,522 [INFO] Got response: 'OK'
client 2023-07-20 14:31:05,522 [INFO] Sending command to the server: 'time'
client 2023-07-20 14:31:05,527 [INFO] Got response: '1689859865.5408442'
client 2023-07-20 14:31:05,527 [INFO] The time difference between the client and the server is within range -18.067 ms..-12.950 ms
client 2023-07-20 14:31:05,528 [INFO] Running the workload 'CM_MLPERF_RUN_COUNT=$(cat ${CM_RUN_DIR}/count.txt); echo ${CM_MLPERF_RUN_COUNT}; CM_MLPERF_RUN_COUNT=$((CM_MLPERF_RUN_COUNT+1)); echo ${CM_MLPERF_RUN_COUNT} > ${CM_RUN_DIR}/count.txt && if [ ${CM_MLPERF_RUN_COUNT} -eq "1" ]; then export CM_MLPERF_USER_CONF=${CM_MLPERF_RANGING_USER_CONF}; else export CM_MLPERF_USER_CONF=${CM_MLPERF_TESTING_USER_CONF}; fi && /home/arjun/run.out'
client 2023-07-20 14:41:20,246 [INFO] Sending command to the server: 'time'
client 2023-07-20 14:41:20,252 [INFO] Got response: '1689860480.268074'
client 2023-07-20 14:41:20,252 [INFO] The time difference between the client and the server is within range -21.731 ms..-15.561 ms
client 2023-07-20 14:41:20,252 [INFO] Sending command to the server: 'session,2023-07-20_14-24-59,stop,testing'
client 2023-07-20 14:41:30,597 [INFO] Got response: 'OK'
client 2023-07-20 14:41:30,598 [INFO] Sending command to the server: 'time'
client 2023-07-20 14:41:30,602 [INFO] Got response: '1689860490.6221886'
client 2023-07-20 14:41:30,602 [INFO] The time difference between the client and the server is within range -23.710 ms..-19.552 ms
client 2023-07-20 14:41:30,608 [INFO] Copying loadgen logs from '/home/arjun/mobilenet_results/valid_results/raspberrypi-tflite_armnn_cpp-cpu-armnn_tflite-v22.11-using_neon/mobilenet-v1-precision_uint8-0.75-160/singlestream/performance/run_1' to '/home/arjun/mobilenet_results/valid_results/raspberrypi-tflite_armnn_cpp-cpu-armnn_tflite-v22.11-using_neon/mobilenet-v1-precision_uint8-0.75-160/singlestream/performance/tmp_power/run_1'
client 2023-07-20 14:41:30,611 [INFO] Done runs
