client 2023-07-19 15:30:05,443 [INFO] Creating output directory '/home/arjun/mobilenet_results/valid_results/raspberrypi-tflite_armnn_cpp-cpu-armnn_tflite-v22.11-using_neon/mobilenet-v1-precision_uint8-1.0-192/singlestream/performance/tmp_power'
client 2023-07-19 15:30:05,448 [INFO] Sending command to the server: 'mlcommons/power client v3'
client 2023-07-19 15:30:05,454 [INFO] Got response: 'mlcommons/power server v3'
client 2023-07-19 15:30:05,455 [INFO] Synchronizing with the server and with time.google.com...
client 2023-07-19 15:30:05,503 [INFO] NTP:offset = 0.005 s, delay = 0.016 s 
client 2023-07-19 15:30:05,504 [INFO] Sending command to the server: 'time'
client 2023-07-19 15:30:05,507 [INFO] Got response: '1689777005.4621098'
client 2023-07-19 15:30:05,508 [INFO] The time difference between the client and the server is within range 41.985 ms..45.997 ms
client 2023-07-19 15:30:05,508 [INFO] Sending command to the server: 'new,,28ce1ef8-1307-49bd-b5ad-01aa8e16cb39'
client 2023-07-19 15:30:05,512 [INFO] Got response: 'OK 2023-07-19_15-30-05,c424f652-475b-45d9-949a-f67e1f808de7'
client 2023-07-19 15:30:05,512 [INFO] Session id is '2023-07-19_15-30-05'
client 2023-07-19 15:30:05,513 [INFO] Sources: {"sources": {"__init__.py": "da39a3ee5e6b4b0d3255bfef95601890afd80709", "client.py": "33ca4f26368777ac06e01f9567b714a4b8063886", "lib/__init__.py": "da39a3ee5e6b4b0d3255bfef95601890afd80709", "lib/client.py": "ac2aa093c8e8bbc9569b9e2a3471bc64e58a2258", "lib/common.py": "611d8b29633d331eb19c9455ea3b5fa3284ed6df", "lib/external/__init__.py": "da39a3ee5e6b4b0d3255bfef95601890afd80709", "lib/external/ntplib.py": "4da8f970656505a40483206ef2b5d3dd5e81711d", "lib/server.py": "c7af63c31bb2fbedea4345f571f6e3507d268ada", "lib/source_hashes.py": "60a2e02193209e8d392803326208d5466342da18", "lib/summary.py": "aa92f0a3f975eecd44d3c0cd0236342ccc9f941d", "lib/time_sync.py": "122eba67a9abc85635223e054def53be1367ade2", "server.py": "c3f90f2f7eeb4db30727556d0c815ebc89b3d28b", "tests/unit/__init__.py": "da39a3ee5e6b4b0d3255bfef95601890afd80709", "tests/unit/test_server.py": "948c1995d4008bc2aa6c4046a34ffa3858d6d671", "tests/unit/test_source_hashes.py": "00468a2907583c593e6574a1f6b404e4651c221a"}, "modules": {"ptd_client_server.lib.client": "lib/client.py", "ptd_client_server.lib.common": "lib/common.py", "ptd_client_server.lib.external.ntplib": "lib/external/ntplib.py", "ptd_client_server.lib.source_hashes": "lib/source_hashes.py", "ptd_client_server.lib.summary": "lib/summary.py", "ptd_client_server.lib.time_sync": "lib/time_sync.py"}}
client 2023-07-19 15:30:05,514 [INFO] Running workload in ranging mode
client 2023-07-19 15:30:05,514 [INFO] Synchronizing with the server and with time.google.com...
client 2023-07-19 15:30:05,550 [INFO] NTP:offset = 0.005 s, delay = 0.018 s 
client 2023-07-19 15:30:05,550 [INFO] Sending command to the server: 'time'
client 2023-07-19 15:30:05,554 [INFO] Got response: '1689777005.5027502'
client 2023-07-19 15:30:05,555 [INFO] The time difference between the client and the server is within range 47.820 ms..52.168 ms
client 2023-07-19 15:30:05,555 [INFO] Sending command to the server: 'session,2023-07-19_15-30-05,start,ranging'
client 2023-07-19 15:30:34,252 [INFO] Got response: 'OK'
client 2023-07-19 15:30:34,253 [INFO] Sending command to the server: 'time'
client 2023-07-19 15:30:34,257 [INFO] Got response: '1689777034.2140598'
client 2023-07-19 15:30:34,258 [INFO] The time difference between the client and the server is within range 39.010 ms..44.207 ms
client 2023-07-19 15:30:34,258 [INFO] Running the workload 'CM_MLPERF_RUN_COUNT=$(cat ${CM_RUN_DIR}/count.txt); echo ${CM_MLPERF_RUN_COUNT}; CM_MLPERF_RUN_COUNT=$((CM_MLPERF_RUN_COUNT+1)); echo ${CM_MLPERF_RUN_COUNT} > ${CM_RUN_DIR}/count.txt && if [ ${CM_MLPERF_RUN_COUNT} -eq "1" ]; then export CM_MLPERF_USER_CONF=${CM_MLPERF_RANGING_USER_CONF}; else export CM_MLPERF_USER_CONF=${CM_MLPERF_TESTING_USER_CONF}; fi && /home/arjun/CM/repos/ctuning@mlcommons-ck/cm-mlops/script/get-lib-armnn/run.out'
client 2023-07-19 15:35:46,201 [INFO] Sending command to the server: 'time'
client 2023-07-19 15:35:46,206 [INFO] Got response: '1689777346.1589334'
client 2023-07-19 15:35:46,207 [INFO] The time difference between the client and the server is within range 42.201 ms..48.125 ms
client 2023-07-19 15:35:46,207 [INFO] Sending command to the server: 'session,2023-07-19_15-30-05,stop,ranging'
client 2023-07-19 15:35:56,388 [INFO] Got response: 'OK'
client 2023-07-19 15:35:56,389 [INFO] Sending command to the server: 'time'
client 2023-07-19 15:35:56,392 [INFO] Got response: '1689777356.3428023'
client 2023-07-19 15:35:56,393 [INFO] The time difference between the client and the server is within range 46.282 ms..50.320 ms
client 2023-07-19 15:35:56,428 [INFO] Copying loadgen logs from '/home/arjun/mobilenet_results/valid_results/raspberrypi-tflite_armnn_cpp-cpu-armnn_tflite-v22.11-using_neon/mobilenet-v1-precision_uint8-1.0-192/singlestream/performance/run_1' to '/home/arjun/mobilenet_results/valid_results/raspberrypi-tflite_armnn_cpp-cpu-armnn_tflite-v22.11-using_neon/mobilenet-v1-precision_uint8-1.0-192/singlestream/performance/tmp_power/ranging'
client 2023-07-19 15:35:56,431 [INFO] Running workload in testing mode
client 2023-07-19 15:35:56,432 [INFO] Synchronizing with the server and with time.google.com...
client 2023-07-19 15:35:56,672 [INFO] NTP:offset = -0.050 s, delay = 0.130 s 
client 2023-07-19 15:35:56,673 [INFO] Sending command to the server: 'time'
client 2023-07-19 15:35:56,678 [INFO] Got response: '1689777356.6284251'
client 2023-07-19 15:35:56,678 [INFO] The time difference between the client and the server is within range 44.636 ms..50.485 ms
client 2023-07-19 15:35:56,679 [INFO] Sending command to the server: 'session,2023-07-19_15-30-05,start,testing'
client 2023-07-19 15:36:09,721 [INFO] Got response: 'OK'
client 2023-07-19 15:36:09,721 [INFO] Sending command to the server: 'time'
client 2023-07-19 15:36:09,726 [INFO] Got response: '1689777369.6819186'
client 2023-07-19 15:36:09,726 [INFO] The time difference between the client and the server is within range 39.931 ms..44.814 ms
client 2023-07-19 15:36:09,727 [INFO] Running the workload 'CM_MLPERF_RUN_COUNT=$(cat ${CM_RUN_DIR}/count.txt); echo ${CM_MLPERF_RUN_COUNT}; CM_MLPERF_RUN_COUNT=$((CM_MLPERF_RUN_COUNT+1)); echo ${CM_MLPERF_RUN_COUNT} > ${CM_RUN_DIR}/count.txt && if [ ${CM_MLPERF_RUN_COUNT} -eq "1" ]; then export CM_MLPERF_USER_CONF=${CM_MLPERF_RANGING_USER_CONF}; else export CM_MLPERF_USER_CONF=${CM_MLPERF_TESTING_USER_CONF}; fi && /home/arjun/CM/repos/ctuning@mlcommons-ck/cm-mlops/script/get-lib-armnn/run.out'
client 2023-07-19 15:46:30,961 [INFO] Sending command to the server: 'time'
client 2023-07-19 15:46:30,968 [INFO] Got response: '1689777990.9143627'
client 2023-07-19 15:46:30,968 [INFO] The time difference between the client and the server is within range 46.733 ms..54.165 ms
client 2023-07-19 15:46:30,969 [INFO] Sending command to the server: 'session,2023-07-19_15-30-05,stop,testing'
client 2023-07-19 15:46:41,815 [INFO] Got response: 'OK'
client 2023-07-19 15:46:41,816 [INFO] Sending command to the server: 'time'
client 2023-07-19 15:46:41,819 [INFO] Got response: '1689778001.774855'
client 2023-07-19 15:46:41,819 [INFO] The time difference between the client and the server is within range 41.131 ms..44.499 ms
client 2023-07-19 15:46:41,824 [INFO] Copying loadgen logs from '/home/arjun/mobilenet_results/valid_results/raspberrypi-tflite_armnn_cpp-cpu-armnn_tflite-v22.11-using_neon/mobilenet-v1-precision_uint8-1.0-192/singlestream/performance/run_1' to '/home/arjun/mobilenet_results/valid_results/raspberrypi-tflite_armnn_cpp-cpu-armnn_tflite-v22.11-using_neon/mobilenet-v1-precision_uint8-1.0-192/singlestream/performance/tmp_power/run_1'
client 2023-07-19 15:46:41,828 [INFO] Done runs
