client 2023-07-23 23:38:15,173 [INFO] Creating output directory '/home/arjun/mobilenet_results/valid_results/raspberrypi-tflite_armnn_cpp-cpu-armnn_tflite-v22.11-using_neon/efficientnet-int8-lite2/singlestream/performance/tmp_power'
client 2023-07-23 23:38:15,178 [INFO] Sending command to the server: 'mlcommons/power client v3'
client 2023-07-23 23:38:15,183 [INFO] Got response: 'mlcommons/power server v3'
client 2023-07-23 23:38:15,183 [INFO] Synchronizing with the server and with time.google.com...
client 2023-07-23 23:38:15,236 [INFO] NTP:offset = 0.001 s, delay = 0.019 s 
client 2023-07-23 23:38:15,237 [INFO] Sending command to the server: 'time'
client 2023-07-23 23:38:15,316 [INFO] Got response: '1690151895.2360773'
client 2023-07-23 23:38:15,317 [INFO] The time difference between the client and the server is within range 0.906 ms..81.144 ms
client 2023-07-23 23:38:15,317 [INFO] Sending command to the server: 'new,,bb2e160f-4135-4c85-ac5a-b6a10e035b62'
client 2023-07-23 23:38:15,324 [INFO] Got response: 'OK 2023-07-23_23-38-15,c6ecb844-8053-459e-93dc-1b39ff062955'
client 2023-07-23 23:38:15,325 [INFO] Session id is '2023-07-23_23-38-15'
client 2023-07-23 23:38:15,325 [INFO] Sources: {"sources": {"__init__.py": "da39a3ee5e6b4b0d3255bfef95601890afd80709", "client.py": "33ca4f26368777ac06e01f9567b714a4b8063886", "lib/__init__.py": "da39a3ee5e6b4b0d3255bfef95601890afd80709", "lib/client.py": "ac2aa093c8e8bbc9569b9e2a3471bc64e58a2258", "lib/common.py": "611d8b29633d331eb19c9455ea3b5fa3284ed6df", "lib/external/__init__.py": "da39a3ee5e6b4b0d3255bfef95601890afd80709", "lib/external/ntplib.py": "4da8f970656505a40483206ef2b5d3dd5e81711d", "lib/server.py": "c7af63c31bb2fbedea4345f571f6e3507d268ada", "lib/source_hashes.py": "60a2e02193209e8d392803326208d5466342da18", "lib/summary.py": "aa92f0a3f975eecd44d3c0cd0236342ccc9f941d", "lib/time_sync.py": "122eba67a9abc85635223e054def53be1367ade2", "server.py": "c3f90f2f7eeb4db30727556d0c815ebc89b3d28b", "tests/unit/__init__.py": "da39a3ee5e6b4b0d3255bfef95601890afd80709", "tests/unit/test_server.py": "948c1995d4008bc2aa6c4046a34ffa3858d6d671", "tests/unit/test_source_hashes.py": "00468a2907583c593e6574a1f6b404e4651c221a"}, "modules": {"ptd_client_server.lib.client": "lib/client.py", "ptd_client_server.lib.common": "lib/common.py", "ptd_client_server.lib.external.ntplib": "lib/external/ntplib.py", "ptd_client_server.lib.source_hashes": "lib/source_hashes.py", "ptd_client_server.lib.summary": "lib/summary.py", "ptd_client_server.lib.time_sync": "lib/time_sync.py"}}
client 2023-07-23 23:38:15,326 [INFO] Running workload in ranging mode
client 2023-07-23 23:38:15,327 [INFO] Synchronizing with the server and with time.google.com...
client 2023-07-23 23:38:15,365 [INFO] NTP:offset = 0.002 s, delay = 0.019 s 
client 2023-07-23 23:38:15,365 [INFO] Sending command to the server: 'time'
client 2023-07-23 23:38:15,460 [INFO] Got response: '1690151895.3773506'
client 2023-07-23 23:38:15,460 [INFO] The time difference between the client and the server is within range -11.755 ms..83.316 ms
client 2023-07-23 23:38:15,461 [INFO] Sending command to the server: 'session,2023-07-23_23-38-15,start,ranging'
client 2023-07-23 23:38:44,183 [INFO] Got response: 'OK'
client 2023-07-23 23:38:44,184 [INFO] Sending command to the server: 'time'
client 2023-07-23 23:38:44,196 [INFO] Got response: '1690151924.1001034'
client 2023-07-23 23:38:44,197 [INFO] The time difference between the client and the server is within range 83.915 ms..97.306 ms
client 2023-07-23 23:38:44,197 [INFO] Running the workload 'CM_MLPERF_RUN_COUNT=$(cat ${CM_RUN_DIR}/count.txt); echo ${CM_MLPERF_RUN_COUNT}; CM_MLPERF_RUN_COUNT=$((CM_MLPERF_RUN_COUNT+1)); echo ${CM_MLPERF_RUN_COUNT} > ${CM_RUN_DIR}/count.txt && if [ ${CM_MLPERF_RUN_COUNT} -eq "1" ]; then export CM_MLPERF_USER_CONF=${CM_MLPERF_RANGING_USER_CONF}; else export CM_MLPERF_USER_CONF=${CM_MLPERF_TESTING_USER_CONF}; fi && /home/arjun/run.out'
client 2023-07-23 23:44:10,588 [INFO] Sending command to the server: 'time'
client 2023-07-23 23:44:10,593 [INFO] Got response: '1690152250.5061991'
client 2023-07-23 23:44:10,594 [INFO] The time difference between the client and the server is within range 81.410 ms..88.207 ms
client 2023-07-23 23:44:10,595 [INFO] Sending command to the server: 'session,2023-07-23_23-38-15,stop,ranging'
client 2023-07-23 23:44:21,342 [INFO] Got response: 'OK'
client 2023-07-23 23:44:21,342 [INFO] Sending command to the server: 'time'
client 2023-07-23 23:44:21,346 [INFO] Got response: '1690152261.26074'
client 2023-07-23 23:44:21,346 [INFO] The time difference between the client and the server is within range 82.049 ms..86.198 ms
client 2023-07-23 23:44:21,362 [INFO] Copying loadgen logs from '/home/arjun/mobilenet_results/valid_results/raspberrypi-tflite_armnn_cpp-cpu-armnn_tflite-v22.11-using_neon/efficientnet-int8-lite2/singlestream/performance/run_1' to '/home/arjun/mobilenet_results/valid_results/raspberrypi-tflite_armnn_cpp-cpu-armnn_tflite-v22.11-using_neon/efficientnet-int8-lite2/singlestream/performance/tmp_power/ranging'
client 2023-07-23 23:44:21,364 [INFO] Running workload in testing mode
client 2023-07-23 23:44:21,364 [INFO] Synchronizing with the server and with time.google.com...
client 2023-07-23 23:44:21,399 [INFO] NTP:offset = -0.001 s, delay = 0.019 s 
client 2023-07-23 23:44:21,399 [INFO] Sending command to the server: 'time'
client 2023-07-23 23:44:21,403 [INFO] Got response: '1690152261.3113158'
client 2023-07-23 23:44:21,403 [INFO] The time difference between the client and the server is within range 88.404 ms..92.544 ms
client 2023-07-23 23:44:21,404 [INFO] Sending command to the server: 'session,2023-07-23_23-38-15,start,testing'
client 2023-07-23 23:44:34,441 [INFO] Got response: 'OK'
client 2023-07-23 23:44:34,442 [INFO] Sending command to the server: 'time'
client 2023-07-23 23:44:34,447 [INFO] Got response: '1690152274.3537073'
client 2023-07-23 23:44:34,448 [INFO] The time difference between the client and the server is within range 88.572 ms..94.465 ms
client 2023-07-23 23:44:34,448 [INFO] Running the workload 'CM_MLPERF_RUN_COUNT=$(cat ${CM_RUN_DIR}/count.txt); echo ${CM_MLPERF_RUN_COUNT}; CM_MLPERF_RUN_COUNT=$((CM_MLPERF_RUN_COUNT+1)); echo ${CM_MLPERF_RUN_COUNT} > ${CM_RUN_DIR}/count.txt && if [ ${CM_MLPERF_RUN_COUNT} -eq "1" ]; then export CM_MLPERF_USER_CONF=${CM_MLPERF_RANGING_USER_CONF}; else export CM_MLPERF_USER_CONF=${CM_MLPERF_TESTING_USER_CONF}; fi && /home/arjun/run.out'
client 2023-07-23 23:54:55,850 [INFO] Sending command to the server: 'time'
client 2023-07-23 23:54:55,857 [INFO] Got response: '1690152895.761923'
client 2023-07-23 23:54:55,858 [INFO] The time difference between the client and the server is within range 88.514 ms..96.020 ms
client 2023-07-23 23:54:55,858 [INFO] Sending command to the server: 'session,2023-07-23_23-38-15,stop,testing'
client 2023-07-23 23:55:06,535 [INFO] Got response: 'OK'
client 2023-07-23 23:55:06,536 [INFO] Sending command to the server: 'time'
client 2023-07-23 23:55:06,552 [INFO] Got response: '1690152906.454606'
client 2023-07-23 23:55:06,552 [INFO] The time difference between the client and the server is within range 81.545 ms..97.699 ms
client 2023-07-23 23:55:06,556 [INFO] Copying loadgen logs from '/home/arjun/mobilenet_results/valid_results/raspberrypi-tflite_armnn_cpp-cpu-armnn_tflite-v22.11-using_neon/efficientnet-int8-lite2/singlestream/performance/run_1' to '/home/arjun/mobilenet_results/valid_results/raspberrypi-tflite_armnn_cpp-cpu-armnn_tflite-v22.11-using_neon/efficientnet-int8-lite2/singlestream/performance/tmp_power/run_1'
client 2023-07-23 23:55:06,558 [INFO] Done runs
