client 2023-08-10 14:50:40,329 [INFO] Creating output directory '/home/arjun/mobilenet_results/valid_results/orin-tflite_cpp-cpu-tflite-vmaster-with_live_preprocessing/mobilenet-v1-precision_float-1.0-192/singlestream/performance/tmp_power'
client 2023-08-10 14:50:40,332 [INFO] Sending command to the server: 'mlcommons/power client v3'
client 2023-08-10 14:50:40,334 [INFO] Got response: 'mlcommons/power server v3'
client 2023-08-10 14:50:40,334 [INFO] Synchronizing with the server and with time.google.com...
client 2023-08-10 14:50:40,352 [INFO] NTP:offset = 0.000 s, delay = 0.015 s 
client 2023-08-10 14:50:40,352 [INFO] Sending command to the server: 'time'
client 2023-08-10 14:50:40,356 [INFO] Got response: '1691675440.2549202'
client 2023-08-10 14:50:40,356 [INFO] The time difference between the client and the server is within range 98.000 ms..101.907 ms
client 2023-08-10 14:50:40,356 [INFO] Sending command to the server: 'new,,df1d3ffa-1761-4298-aaf3-0cbbd4a82f1c'
client 2023-08-10 14:50:40,362 [INFO] Got response: 'OK 2023-08-10_14-50-40,eaafae31-f538-44c9-bb01-e70555198ac6'
client 2023-08-10 14:50:40,362 [INFO] Session id is '2023-08-10_14-50-40'
client 2023-08-10 14:50:40,362 [INFO] Sources: {"sources": {"__init__.py": "da39a3ee5e6b4b0d3255bfef95601890afd80709", "client.py": "33ca4f26368777ac06e01f9567b714a4b8063886", "lib/__init__.py": "da39a3ee5e6b4b0d3255bfef95601890afd80709", "lib/client.py": "ac2aa093c8e8bbc9569b9e2a3471bc64e58a2258", "lib/common.py": "611d8b29633d331eb19c9455ea3b5fa3284ed6df", "lib/external/__init__.py": "da39a3ee5e6b4b0d3255bfef95601890afd80709", "lib/external/ntplib.py": "4da8f970656505a40483206ef2b5d3dd5e81711d", "lib/server.py": "c7af63c31bb2fbedea4345f571f6e3507d268ada", "lib/source_hashes.py": "60a2e02193209e8d392803326208d5466342da18", "lib/summary.py": "aa92f0a3f975eecd44d3c0cd0236342ccc9f941d", "lib/time_sync.py": "80894ef2389e540781ff78de94db16aa4203a14e", "server.py": "c3f90f2f7eeb4db30727556d0c815ebc89b3d28b", "tests/unit/__init__.py": "da39a3ee5e6b4b0d3255bfef95601890afd80709", "tests/unit/test_server.py": "948c1995d4008bc2aa6c4046a34ffa3858d6d671", "tests/unit/test_source_hashes.py": "00468a2907583c593e6574a1f6b404e4651c221a"}, "modules": {"ptd_client_server.lib.client": "lib/client.py", "ptd_client_server.lib.common": "lib/common.py", "ptd_client_server.lib.external.ntplib": "lib/external/ntplib.py", "ptd_client_server.lib.source_hashes": "lib/source_hashes.py", "ptd_client_server.lib.summary": "lib/summary.py", "ptd_client_server.lib.time_sync": "lib/time_sync.py"}}
client 2023-08-10 14:50:40,362 [INFO] Running workload in ranging mode
client 2023-08-10 14:50:40,362 [INFO] Synchronizing with the server and with time.google.com...
client 2023-08-10 14:50:40,377 [INFO] NTP:offset = -0.002 s, delay = 0.013 s 
client 2023-08-10 14:50:40,377 [INFO] Sending command to the server: 'time'
client 2023-08-10 14:50:40,379 [INFO] Got response: '1691675440.2749646'
client 2023-08-10 14:50:40,379 [INFO] The time difference between the client and the server is within range 102.108 ms..104.235 ms
client 2023-08-10 14:50:40,379 [INFO] Sending command to the server: 'session,2023-08-10_14-50-40,start,ranging'
client 2023-08-10 14:51:09,082 [INFO] Got response: 'OK'
client 2023-08-10 14:51:09,082 [INFO] Sending command to the server: 'time'
client 2023-08-10 14:51:09,085 [INFO] Got response: '1691675468.984627'
client 2023-08-10 14:51:09,085 [INFO] The time difference between the client and the server is within range 98.260 ms..101.103 ms
client 2023-08-10 14:51:09,085 [INFO] Running the workload 'CM_MLPERF_RUN_COUNT=$(cat ${CM_RUN_DIR}/count.txt); echo ${CM_MLPERF_RUN_COUNT}; CM_MLPERF_RUN_COUNT=$((CM_MLPERF_RUN_COUNT+1)); echo ${CM_MLPERF_RUN_COUNT} > ${CM_RUN_DIR}/count.txt && if [ ${CM_MLPERF_RUN_COUNT} -eq "1" ]; then export CM_MLPERF_USER_CONF=${CM_MLPERF_RANGING_USER_CONF}; else export CM_MLPERF_USER_CONF=${CM_MLPERF_TESTING_USER_CONF}; fi && /mount/CM/repos/ctuning@mlcommons-ck/cm-mlops/script/run-all-mlperf-models/run.out'
client 2023-08-10 14:56:13,044 [INFO] Sending command to the server: 'time'
client 2023-08-10 14:56:13,049 [INFO] Got response: '1691675772.9400384'
client 2023-08-10 14:56:13,049 [INFO] The time difference between the client and the server is within range 104.742 ms..109.223 ms
client 2023-08-10 14:56:13,049 [INFO] Sending command to the server: 'session,2023-08-10_14-50-40,stop,ranging'
client 2023-08-10 14:56:23,603 [INFO] Got response: 'OK'
client 2023-08-10 14:56:23,604 [INFO] Sending command to the server: 'time'
client 2023-08-10 14:56:23,606 [INFO] Got response: '1691675783.502091'
client 2023-08-10 14:56:23,606 [INFO] The time difference between the client and the server is within range 101.967 ms..104.116 ms
client 2023-08-10 14:56:23,609 [INFO] Copying loadgen logs from '/home/arjun/mobilenet_results/valid_results/orin-tflite_cpp-cpu-tflite-vmaster-with_live_preprocessing/mobilenet-v1-precision_float-1.0-192/singlestream/performance/run_1' to '/home/arjun/mobilenet_results/valid_results/orin-tflite_cpp-cpu-tflite-vmaster-with_live_preprocessing/mobilenet-v1-precision_float-1.0-192/singlestream/performance/tmp_power/ranging'
client 2023-08-10 14:56:23,610 [INFO] Running workload in testing mode
client 2023-08-10 14:56:23,610 [INFO] Synchronizing with the server and with time.google.com...
client 2023-08-10 14:56:23,625 [INFO] NTP:offset = 0.000 s, delay = 0.014 s 
client 2023-08-10 14:56:23,625 [INFO] Sending command to the server: 'time'
client 2023-08-10 14:56:23,628 [INFO] Got response: '1691675783.5227678'
client 2023-08-10 14:56:23,628 [INFO] The time difference between the client and the server is within range 103.178 ms..105.497 ms
client 2023-08-10 14:56:23,628 [INFO] Sending command to the server: 'session,2023-08-10_14-50-40,start,testing'
client 2023-08-10 14:56:36,674 [INFO] Got response: 'OK'
client 2023-08-10 14:56:36,674 [INFO] Sending command to the server: 'time'
client 2023-08-10 14:56:36,677 [INFO] Got response: '1691675796.5741632'
client 2023-08-10 14:56:36,677 [INFO] The time difference between the client and the server is within range 100.140 ms..103.328 ms
client 2023-08-10 14:56:36,677 [INFO] Running the workload 'CM_MLPERF_RUN_COUNT=$(cat ${CM_RUN_DIR}/count.txt); echo ${CM_MLPERF_RUN_COUNT}; CM_MLPERF_RUN_COUNT=$((CM_MLPERF_RUN_COUNT+1)); echo ${CM_MLPERF_RUN_COUNT} > ${CM_RUN_DIR}/count.txt && if [ ${CM_MLPERF_RUN_COUNT} -eq "1" ]; then export CM_MLPERF_USER_CONF=${CM_MLPERF_RANGING_USER_CONF}; else export CM_MLPERF_USER_CONF=${CM_MLPERF_TESTING_USER_CONF}; fi && /mount/CM/repos/ctuning@mlcommons-ck/cm-mlops/script/run-all-mlperf-models/run.out'
client 2023-08-10 15:06:38,905 [INFO] Sending command to the server: 'time'
client 2023-08-10 15:06:38,908 [INFO] Got response: '1691676398.7948875'
client 2023-08-10 15:06:38,908 [INFO] The time difference between the client and the server is within range 110.342 ms..113.210 ms
client 2023-08-10 15:06:38,908 [INFO] Sending command to the server: 'session,2023-08-10_14-50-40,stop,testing'
client 2023-08-10 15:06:49,743 [INFO] Got response: 'OK'
client 2023-08-10 15:06:49,743 [INFO] Sending command to the server: 'time'
client 2023-08-10 15:06:49,745 [INFO] Got response: '1691676409.6374454'
client 2023-08-10 15:06:49,745 [INFO] The time difference between the client and the server is within range 106.341 ms..108.047 ms
client 2023-08-10 15:06:49,746 [INFO] Copying loadgen logs from '/home/arjun/mobilenet_results/valid_results/orin-tflite_cpp-cpu-tflite-vmaster-with_live_preprocessing/mobilenet-v1-precision_float-1.0-192/singlestream/performance/run_1' to '/home/arjun/mobilenet_results/valid_results/orin-tflite_cpp-cpu-tflite-vmaster-with_live_preprocessing/mobilenet-v1-precision_float-1.0-192/singlestream/performance/tmp_power/run_1'
client 2023-08-10 15:06:49,747 [INFO] Done runs
