client 2023-07-19 21:14:41,363 [INFO] Creating output directory '/home/arjun/mobilenet_results/valid_results/raspberrypi-tflite_armnn_cpp-cpu-armnn_tflite-v22.11-using_neon/mobilenet-v1-precision_float-0.25-224/singlestream/performance/tmp_power'
client 2023-07-19 21:14:41,369 [INFO] Sending command to the server: 'mlcommons/power client v3'
client 2023-07-19 21:14:41,373 [INFO] Got response: 'mlcommons/power server v3'
client 2023-07-19 21:14:41,374 [INFO] Synchronizing with the server and with time.google.com...
client 2023-07-19 21:14:41,420 [INFO] NTP:offset = -0.117 s, delay = 0.014 s 
client 2023-07-19 21:14:41,422 [INFO] Sending command to the server: 'time'
client 2023-07-19 21:14:41,427 [INFO] Got response: '1689797681.267758'
client 2023-07-19 21:14:41,428 [INFO] The time difference between the client and the server is within range 154.384 ms..160.926 ms
client 2023-07-19 21:14:41,430 [INFO] Sending command to the server: 'new,,dd4d3a04-b082-4b9e-b9e2-8b342dab6670'
client 2023-07-19 21:14:41,437 [INFO] Got response: 'OK 2023-07-19_21-14-41,04762478-92cc-45a0-b054-2848d69aaa47'
client 2023-07-19 21:14:41,439 [INFO] Session id is '2023-07-19_21-14-41'
client 2023-07-19 21:14:41,440 [INFO] Sources: {"sources": {"__init__.py": "da39a3ee5e6b4b0d3255bfef95601890afd80709", "client.py": "33ca4f26368777ac06e01f9567b714a4b8063886", "lib/__init__.py": "da39a3ee5e6b4b0d3255bfef95601890afd80709", "lib/client.py": "ac2aa093c8e8bbc9569b9e2a3471bc64e58a2258", "lib/common.py": "611d8b29633d331eb19c9455ea3b5fa3284ed6df", "lib/external/__init__.py": "da39a3ee5e6b4b0d3255bfef95601890afd80709", "lib/external/ntplib.py": "4da8f970656505a40483206ef2b5d3dd5e81711d", "lib/server.py": "c7af63c31bb2fbedea4345f571f6e3507d268ada", "lib/source_hashes.py": "60a2e02193209e8d392803326208d5466342da18", "lib/summary.py": "aa92f0a3f975eecd44d3c0cd0236342ccc9f941d", "lib/time_sync.py": "122eba67a9abc85635223e054def53be1367ade2", "server.py": "c3f90f2f7eeb4db30727556d0c815ebc89b3d28b", "tests/unit/__init__.py": "da39a3ee5e6b4b0d3255bfef95601890afd80709", "tests/unit/test_server.py": "948c1995d4008bc2aa6c4046a34ffa3858d6d671", "tests/unit/test_source_hashes.py": "00468a2907583c593e6574a1f6b404e4651c221a"}, "modules": {"ptd_client_server.lib.client": "lib/client.py", "ptd_client_server.lib.common": "lib/common.py", "ptd_client_server.lib.external.ntplib": "lib/external/ntplib.py", "ptd_client_server.lib.source_hashes": "lib/source_hashes.py", "ptd_client_server.lib.summary": "lib/summary.py", "ptd_client_server.lib.time_sync": "lib/time_sync.py"}}
client 2023-07-19 21:14:41,442 [INFO] Running workload in ranging mode
client 2023-07-19 21:14:41,442 [INFO] Synchronizing with the server and with time.google.com...
client 2023-07-19 21:14:41,476 [INFO] NTP:offset = -0.115 s, delay = 0.015 s 
client 2023-07-19 21:14:41,477 [INFO] Sending command to the server: 'time'
client 2023-07-19 21:14:41,481 [INFO] Got response: '1689797681.3183324'
client 2023-07-19 21:14:41,481 [INFO] The time difference between the client and the server is within range 158.947 ms..163.074 ms
client 2023-07-19 21:14:41,481 [INFO] Sending command to the server: 'session,2023-07-19_21-14-41,start,ranging'
client 2023-07-19 21:15:10,203 [INFO] Got response: 'OK'
client 2023-07-19 21:15:10,204 [INFO] Sending command to the server: 'time'
client 2023-07-19 21:15:10,217 [INFO] Got response: '1689797710.0513942'
client 2023-07-19 21:15:10,217 [INFO] The time difference between the client and the server is within range 153.107 ms..166.456 ms
client 2023-07-19 21:15:10,218 [INFO] Running the workload 'CM_MLPERF_RUN_COUNT=$(cat ${CM_RUN_DIR}/count.txt); echo ${CM_MLPERF_RUN_COUNT}; CM_MLPERF_RUN_COUNT=$((CM_MLPERF_RUN_COUNT+1)); echo ${CM_MLPERF_RUN_COUNT} > ${CM_RUN_DIR}/count.txt && if [ ${CM_MLPERF_RUN_COUNT} -eq "1" ]; then export CM_MLPERF_USER_CONF=${CM_MLPERF_RANGING_USER_CONF}; else export CM_MLPERF_USER_CONF=${CM_MLPERF_TESTING_USER_CONF}; fi && /home/arjun/CM/repos/ctuning@mlcommons-ck/cm-mlops/script/get-lib-armnn/run.out'
client 2023-07-19 21:20:25,516 [INFO] Sending command to the server: 'time'
client 2023-07-19 21:20:25,521 [INFO] Got response: '1689798025.3532'
client 2023-07-19 21:20:25,521 [INFO] The time difference between the client and the server is within range 163.397 ms..168.491 ms
client 2023-07-19 21:20:25,521 [INFO] Sending command to the server: 'session,2023-07-19_21-14-41,stop,ranging'
client 2023-07-19 21:20:36,280 [INFO] Got response: 'OK'
client 2023-07-19 21:20:36,281 [INFO] Sending command to the server: 'time'
client 2023-07-19 21:20:36,285 [INFO] Got response: '1689798036.1186526'
client 2023-07-19 21:20:36,285 [INFO] The time difference between the client and the server is within range 162.405 ms..166.921 ms
client 2023-07-19 21:20:36,319 [INFO] Copying loadgen logs from '/home/arjun/mobilenet_results/valid_results/raspberrypi-tflite_armnn_cpp-cpu-armnn_tflite-v22.11-using_neon/mobilenet-v1-precision_float-0.25-224/singlestream/performance/run_1' to '/home/arjun/mobilenet_results/valid_results/raspberrypi-tflite_armnn_cpp-cpu-armnn_tflite-v22.11-using_neon/mobilenet-v1-precision_float-0.25-224/singlestream/performance/tmp_power/ranging'
client 2023-07-19 21:20:36,323 [INFO] Running workload in testing mode
client 2023-07-19 21:20:36,323 [INFO] Synchronizing with the server and with time.google.com...
client 2023-07-19 21:20:36,357 [INFO] NTP:offset = -0.122 s, delay = 0.014 s 
client 2023-07-19 21:20:36,357 [INFO] Sending command to the server: 'time'
client 2023-07-19 21:20:36,361 [INFO] Got response: '1689798036.1924794'
client 2023-07-19 21:20:36,362 [INFO] The time difference between the client and the server is within range 165.153 ms..169.849 ms
client 2023-07-19 21:20:36,362 [INFO] Sending command to the server: 'session,2023-07-19_21-14-41,start,testing'
client 2023-07-19 21:20:49,424 [INFO] Got response: 'OK'
client 2023-07-19 21:20:49,425 [INFO] Sending command to the server: 'time'
client 2023-07-19 21:20:49,429 [INFO] Got response: '1689798049.257924'
client 2023-07-19 21:20:49,430 [INFO] The time difference between the client and the server is within range 167.096 ms..172.259 ms
client 2023-07-19 21:20:49,430 [INFO] Running the workload 'CM_MLPERF_RUN_COUNT=$(cat ${CM_RUN_DIR}/count.txt); echo ${CM_MLPERF_RUN_COUNT}; CM_MLPERF_RUN_COUNT=$((CM_MLPERF_RUN_COUNT+1)); echo ${CM_MLPERF_RUN_COUNT} > ${CM_RUN_DIR}/count.txt && if [ ${CM_MLPERF_RUN_COUNT} -eq "1" ]; then export CM_MLPERF_USER_CONF=${CM_MLPERF_RANGING_USER_CONF}; else export CM_MLPERF_USER_CONF=${CM_MLPERF_TESTING_USER_CONF}; fi && /home/arjun/CM/repos/ctuning@mlcommons-ck/cm-mlops/script/get-lib-armnn/run.out'
client 2023-07-19 21:31:07,819 [INFO] Sending command to the server: 'time'
client 2023-07-19 21:31:07,824 [INFO] Got response: '1689798667.639352'
client 2023-07-19 21:31:07,824 [INFO] The time difference between the client and the server is within range 180.244 ms..185.598 ms
client 2023-07-19 21:31:07,825 [INFO] Sending command to the server: 'session,2023-07-19_21-14-41,stop,testing'
client 2023-07-19 21:31:18,515 [INFO] Got response: 'OK'
client 2023-07-19 21:31:18,516 [INFO] Sending command to the server: 'time'
client 2023-07-19 21:31:18,520 [INFO] Got response: '1689798678.3293483'
client 2023-07-19 21:31:18,520 [INFO] The time difference between the client and the server is within range 186.597 ms..191.390 ms
client 2023-07-19 21:31:18,526 [INFO] Copying loadgen logs from '/home/arjun/mobilenet_results/valid_results/raspberrypi-tflite_armnn_cpp-cpu-armnn_tflite-v22.11-using_neon/mobilenet-v1-precision_float-0.25-224/singlestream/performance/run_1' to '/home/arjun/mobilenet_results/valid_results/raspberrypi-tflite_armnn_cpp-cpu-armnn_tflite-v22.11-using_neon/mobilenet-v1-precision_float-0.25-224/singlestream/performance/tmp_power/run_1'
client 2023-07-19 21:31:18,529 [INFO] Done runs
