client 2023-09-02 10:11:25,564 [INFO] Creating output directory '/home/cmuser/CM/repos/mlcommons@ck/cm-mlops/script/run-all-mlperf-models/valid_results/cecdad8c31f6-nvidia_original-gpu-tensorrt-vdefault-default_config/bert-99/offline/performance/tmp_power'
client 2023-09-02 10:11:25,696 [INFO] Sending command to the server: 'mlcommons/power client v3'
client 2023-09-02 10:11:25,697 [INFO] Got response: 'mlcommons/power server v3'
client 2023-09-02 10:11:25,697 [INFO] Synchronizing with the server and with time.google.com...
client 2023-09-02 10:11:25,725 [INFO] NTP:offset = -0.000 s, delay = 0.014 s 
client 2023-09-02 10:11:25,725 [INFO] Sending command to the server: 'time'
client 2023-09-02 10:11:25,727 [INFO] Got response: '1693674685.7277815'
client 2023-09-02 10:11:25,727 [INFO] The time difference between the client and the server is within range -2.731 ms..-0.174 ms
client 2023-09-02 10:11:25,727 [INFO] Sending command to the server: 'new,,fd885831-ddc5-4609-90ec-078dcc4a0f3f'
client 2023-09-02 10:11:25,729 [INFO] Got response: 'OK 2023-09-02_17-11-25,7c6e0fe1-2236-4b8a-9e74-c8c0aab0e544'
client 2023-09-02 10:11:25,729 [INFO] Session id is '2023-09-02_17-11-25'
client 2023-09-02 10:11:25,730 [INFO] Sources: {"sources": {"__init__.py": "da39a3ee5e6b4b0d3255bfef95601890afd80709", "client.py": "33ca4f26368777ac06e01f9567b714a4b8063886", "lib/__init__.py": "da39a3ee5e6b4b0d3255bfef95601890afd80709", "lib/client.py": "ac2aa093c8e8bbc9569b9e2a3471bc64e58a2258", "lib/common.py": "611d8b29633d331eb19c9455ea3b5fa3284ed6df", "lib/external/__init__.py": "da39a3ee5e6b4b0d3255bfef95601890afd80709", "lib/external/ntplib.py": "4da8f970656505a40483206ef2b5d3dd5e81711d", "lib/server.py": "c7af63c31bb2fbedea4345f571f6e3507d268ada", "lib/source_hashes.py": "60a2e02193209e8d392803326208d5466342da18", "lib/summary.py": "aa92f0a3f975eecd44d3c0cd0236342ccc9f941d", "lib/time_sync.py": "80894ef2389e540781ff78de94db16aa4203a14e", "server.py": "c3f90f2f7eeb4db30727556d0c815ebc89b3d28b", "tests/unit/__init__.py": "da39a3ee5e6b4b0d3255bfef95601890afd80709", "tests/unit/test_server.py": "948c1995d4008bc2aa6c4046a34ffa3858d6d671", "tests/unit/test_source_hashes.py": "00468a2907583c593e6574a1f6b404e4651c221a"}, "modules": {"ptd_client_server.lib.client": "lib/client.py", "ptd_client_server.lib.common": "lib/common.py", "ptd_client_server.lib.external.ntplib": "lib/external/ntplib.py", "ptd_client_server.lib.source_hashes": "lib/source_hashes.py", "ptd_client_server.lib.summary": "lib/summary.py", "ptd_client_server.lib.time_sync": "lib/time_sync.py"}}
client 2023-09-02 10:11:25,730 [INFO] Running workload in ranging mode
client 2023-09-02 10:11:25,730 [INFO] Synchronizing with the server and with time.google.com...
client 2023-09-02 10:11:25,756 [INFO] NTP:offset = 0.001 s, delay = 0.015 s 
client 2023-09-02 10:11:25,756 [INFO] Sending command to the server: 'time'
client 2023-09-02 10:11:25,757 [INFO] Got response: '1693674685.7583337'
client 2023-09-02 10:11:25,757 [INFO] The time difference between the client and the server is within range -1.791 ms..-0.550 ms
client 2023-09-02 10:11:25,757 [INFO] Sending command to the server: 'session,2023-09-02_17-11-25,start,ranging'
client 2023-09-02 10:11:53,844 [INFO] Got response: 'OK'
client 2023-09-02 10:11:53,845 [INFO] Sending command to the server: 'time'
client 2023-09-02 10:11:53,846 [INFO] Got response: '1693674713.8471372'
client 2023-09-02 10:11:53,846 [INFO] The time difference between the client and the server is within range -2.111 ms..-0.401 ms
client 2023-09-02 10:11:53,846 [INFO] Running the workload 'CM_MLPERF_RUN_COUNT=$(cat ${CM_RUN_DIR}/count.txt); echo ${CM_MLPERF_RUN_COUNT}; CM_MLPERF_RUN_COUNT=$((CM_MLPERF_RUN_COUNT+1)); echo ${CM_MLPERF_RUN_COUNT} > ${CM_RUN_DIR}/count.txt && if [ ${CM_MLPERF_RUN_COUNT} -eq "1" ]; then export CM_MLPERF_USER_CONF=${CM_MLPERF_RANGING_USER_CONF}; else export CM_MLPERF_USER_CONF=${CM_MLPERF_TESTING_USER_CONF}; fi && make run_harness RUN_ARGS=" --benchmarks=bert --scenarios=offline --test_mode=PerformanceOnly --offline_expected_qps=4100 --single_stream_expected_latency_ns=1000000 --user_conf_path=${CM_MLPERF_USER_CONF} --mlperf_conf_path=/home/cmuser/CM/repos/local/cache/5c34903b0cf640c4/inference/mlperf.conf --gpu_batch_size=256 --no_audit_verify "'
client 2023-09-02 10:17:22,635 [INFO] Sending command to the server: 'time'
client 2023-09-02 10:17:22,715 [INFO] Got response: '1693675042.7148838'
client 2023-09-02 10:17:22,715 [INFO] The time difference between the client and the server is within range -79.824 ms..0.262 ms
client 2023-09-02 10:17:22,715 [INFO] Sending command to the server: 'session,2023-09-02_17-11-25,stop,ranging'
client 2023-09-02 10:17:32,956 [INFO] Got response: 'OK'
client 2023-09-02 10:17:32,957 [INFO] Sending command to the server: 'time'
client 2023-09-02 10:17:32,960 [INFO] Got response: '1693675052.9589021'
client 2023-09-02 10:17:32,960 [INFO] The time difference between the client and the server is within range -1.844 ms..1.281 ms
client 2023-09-02 10:17:32,961 [INFO] Copying loadgen logs from '/home/cmuser/CM/repos/mlcommons@ck/cm-mlops/script/run-all-mlperf-models/valid_results/cecdad8c31f6-nvidia_original-gpu-tensorrt-vdefault-default_config/bert-99/offline/performance/run_1' to '/home/cmuser/CM/repos/mlcommons@ck/cm-mlops/script/run-all-mlperf-models/valid_results/cecdad8c31f6-nvidia_original-gpu-tensorrt-vdefault-default_config/bert-99/offline/performance/tmp_power/ranging'
client 2023-09-02 10:17:32,962 [INFO] Running workload in testing mode
client 2023-09-02 10:17:32,962 [INFO] Synchronizing with the server and with time.google.com...
client 2023-09-02 10:17:33,008 [INFO] NTP:offset = -0.006 s, delay = 0.026 s 
client 2023-09-02 10:17:33,008 [INFO] Sending command to the server: 'time'
client 2023-09-02 10:17:33,009 [INFO] Got response: '1693675053.0100918'
client 2023-09-02 10:17:33,009 [INFO] The time difference between the client and the server is within range -1.908 ms..-0.358 ms
client 2023-09-02 10:17:33,009 [INFO] Sending command to the server: 'session,2023-09-02_17-11-25,start,testing'
client 2023-09-02 10:17:46,031 [INFO] Got response: 'OK'
client 2023-09-02 10:17:46,031 [INFO] Sending command to the server: 'time'
client 2023-09-02 10:17:46,032 [INFO] Got response: '1693675066.0329292'
client 2023-09-02 10:17:46,032 [INFO] The time difference between the client and the server is within range -1.825 ms..-0.192 ms
client 2023-09-02 10:17:46,032 [INFO] Running the workload 'CM_MLPERF_RUN_COUNT=$(cat ${CM_RUN_DIR}/count.txt); echo ${CM_MLPERF_RUN_COUNT}; CM_MLPERF_RUN_COUNT=$((CM_MLPERF_RUN_COUNT+1)); echo ${CM_MLPERF_RUN_COUNT} > ${CM_RUN_DIR}/count.txt && if [ ${CM_MLPERF_RUN_COUNT} -eq "1" ]; then export CM_MLPERF_USER_CONF=${CM_MLPERF_RANGING_USER_CONF}; else export CM_MLPERF_USER_CONF=${CM_MLPERF_TESTING_USER_CONF}; fi && make run_harness RUN_ARGS=" --benchmarks=bert --scenarios=offline --test_mode=PerformanceOnly --offline_expected_qps=4100 --single_stream_expected_latency_ns=1000000 --user_conf_path=${CM_MLPERF_USER_CONF} --mlperf_conf_path=/home/cmuser/CM/repos/local/cache/5c34903b0cf640c4/inference/mlperf.conf --gpu_batch_size=256 --no_audit_verify "'
client 2023-09-02 10:28:41,579 [INFO] Sending command to the server: 'time'
client 2023-09-02 10:28:41,581 [INFO] Got response: '1693675721.5825377'
client 2023-09-02 10:28:41,581 [INFO] The time difference between the client and the server is within range -2.659 ms..-0.672 ms
client 2023-09-02 10:28:41,581 [INFO] Sending command to the server: 'session,2023-09-02_17-11-25,stop,testing'
client 2023-09-02 10:28:52,082 [INFO] Got response: 'OK'
client 2023-09-02 10:28:52,082 [INFO] Sending command to the server: 'time'
client 2023-09-02 10:28:52,084 [INFO] Got response: '1693675732.0850036'
client 2023-09-02 10:28:52,084 [INFO] The time difference between the client and the server is within range -2.204 ms..-0.411 ms
client 2023-09-02 10:28:52,085 [INFO] Copying loadgen logs from '/home/cmuser/CM/repos/mlcommons@ck/cm-mlops/script/run-all-mlperf-models/valid_results/cecdad8c31f6-nvidia_original-gpu-tensorrt-vdefault-default_config/bert-99/offline/performance/run_1' to '/home/cmuser/CM/repos/mlcommons@ck/cm-mlops/script/run-all-mlperf-models/valid_results/cecdad8c31f6-nvidia_original-gpu-tensorrt-vdefault-default_config/bert-99/offline/performance/tmp_power/run_1'
client 2023-09-02 10:28:52,085 [INFO] Done runs
