client 2023-07-15 12:32:43,714 [INFO] Creating output directory '/home/arjun/mobilenet_results/valid_results/raspberrypi-tflite_armnn_cpp-cpu-armnn_tflite-v23.05-using_neon/mobilenet-v1-precision_uint8-1.0-192/singlestream/performance/tmp_power'
client 2023-07-15 12:32:43,723 [INFO] Sending command to the server: 'mlcommons/power client v3'
client 2023-07-15 12:32:43,727 [INFO] Got response: 'mlcommons/power server v3'
client 2023-07-15 12:32:43,727 [INFO] Synchronizing with the server and with time.google.com...
client 2023-07-15 12:32:43,778 [INFO] NTP:offset = -0.060 s, delay = 0.018 s 
client 2023-07-15 12:32:43,778 [INFO] Sending command to the server: 'time'
client 2023-07-15 12:32:43,781 [INFO] Got response: '1689420763.711788'
client 2023-07-15 12:32:43,782 [INFO] The time difference between the client and the server is within range 66.691 ms..70.474 ms
client 2023-07-15 12:32:43,782 [INFO] Sending command to the server: 'new,,2ab0a2f6-96a7-405c-8107-069d3ff3ebba'
client 2023-07-15 12:32:43,786 [INFO] Got response: 'OK 2023-07-15_12-32-43,a457718a-7348-4028-b3d1-52dbf609d144'
client 2023-07-15 12:32:43,787 [INFO] Session id is '2023-07-15_12-32-43'
client 2023-07-15 12:32:43,787 [INFO] Sources: {"sources": {"__init__.py": "da39a3ee5e6b4b0d3255bfef95601890afd80709", "client.py": "33ca4f26368777ac06e01f9567b714a4b8063886", "lib/__init__.py": "da39a3ee5e6b4b0d3255bfef95601890afd80709", "lib/client.py": "ac2aa093c8e8bbc9569b9e2a3471bc64e58a2258", "lib/common.py": "611d8b29633d331eb19c9455ea3b5fa3284ed6df", "lib/external/__init__.py": "da39a3ee5e6b4b0d3255bfef95601890afd80709", "lib/external/ntplib.py": "4da8f970656505a40483206ef2b5d3dd5e81711d", "lib/server.py": "c7af63c31bb2fbedea4345f571f6e3507d268ada", "lib/source_hashes.py": "60a2e02193209e8d392803326208d5466342da18", "lib/summary.py": "aa92f0a3f975eecd44d3c0cd0236342ccc9f941d", "lib/time_sync.py": "122eba67a9abc85635223e054def53be1367ade2", "server.py": "c3f90f2f7eeb4db30727556d0c815ebc89b3d28b", "tests/unit/__init__.py": "da39a3ee5e6b4b0d3255bfef95601890afd80709", "tests/unit/test_server.py": "948c1995d4008bc2aa6c4046a34ffa3858d6d671", "tests/unit/test_source_hashes.py": "00468a2907583c593e6574a1f6b404e4651c221a"}, "modules": {"ptd_client_server.lib.client": "lib/client.py", "ptd_client_server.lib.common": "lib/common.py", "ptd_client_server.lib.external.ntplib": "lib/external/ntplib.py", "ptd_client_server.lib.source_hashes": "lib/source_hashes.py", "ptd_client_server.lib.summary": "lib/summary.py", "ptd_client_server.lib.time_sync": "lib/time_sync.py"}}
client 2023-07-15 12:32:43,788 [INFO] Running workload in ranging mode
client 2023-07-15 12:32:43,789 [INFO] Synchronizing with the server and with time.google.com...
client 2023-07-15 12:32:43,828 [INFO] NTP:offset = -0.059 s, delay = 0.019 s 
client 2023-07-15 12:32:43,828 [INFO] Sending command to the server: 'time'
client 2023-07-15 12:32:43,831 [INFO] Got response: '1689420763.7637968'
client 2023-07-15 12:32:43,832 [INFO] The time difference between the client and the server is within range 64.920 ms..68.415 ms
client 2023-07-15 12:32:43,832 [INFO] Sending command to the server: 'session,2023-07-15_12-32-43,start,ranging'
client 2023-07-15 12:33:12,487 [INFO] Got response: 'OK'
client 2023-07-15 12:33:12,487 [INFO] Sending command to the server: 'time'
client 2023-07-15 12:33:12,492 [INFO] Got response: '1689420792.4202764'
client 2023-07-15 12:33:12,492 [INFO] The time difference between the client and the server is within range 67.447 ms..72.408 ms
client 2023-07-15 12:33:12,493 [INFO] Running the workload 'CM_MLPERF_RUN_COUNT=$(cat ${CM_RUN_DIR}/count.txt); echo ${CM_MLPERF_RUN_COUNT}; CM_MLPERF_RUN_COUNT=$((CM_MLPERF_RUN_COUNT+1)); echo ${CM_MLPERF_RUN_COUNT} > ${CM_RUN_DIR}/count.txt && if [ ${CM_MLPERF_RUN_COUNT} -eq "1" ]; then export CM_MLPERF_USER_CONF=${CM_MLPERF_RANGING_USER_CONF}; else export CM_MLPERF_USER_CONF=${CM_MLPERF_TESTING_USER_CONF}; fi && /home/arjun/run.out'
client 2023-07-15 12:38:20,834 [INFO] Sending command to the server: 'time'
client 2023-07-15 12:38:20,837 [INFO] Got response: '1689421100.7678163'
client 2023-07-15 12:38:20,837 [INFO] The time difference between the client and the server is within range 66.211 ms..69.890 ms
client 2023-07-15 12:38:20,837 [INFO] Sending command to the server: 'session,2023-07-15_12-32-43,stop,ranging'
client 2023-07-15 12:38:31,658 [INFO] Got response: 'OK'
client 2023-07-15 12:38:31,659 [INFO] Sending command to the server: 'time'
client 2023-07-15 12:38:31,662 [INFO] Got response: '1689421111.5877364'
client 2023-07-15 12:38:31,663 [INFO] The time difference between the client and the server is within range 71.677 ms..75.455 ms
client 2023-07-15 12:38:31,697 [INFO] Copying loadgen logs from '/home/arjun/mobilenet_results/valid_results/raspberrypi-tflite_armnn_cpp-cpu-armnn_tflite-v23.05-using_neon/mobilenet-v1-precision_uint8-1.0-192/singlestream/performance/run_1' to '/home/arjun/mobilenet_results/valid_results/raspberrypi-tflite_armnn_cpp-cpu-armnn_tflite-v23.05-using_neon/mobilenet-v1-precision_uint8-1.0-192/singlestream/performance/tmp_power/ranging'
client 2023-07-15 12:38:31,700 [INFO] Running workload in testing mode
client 2023-07-15 12:38:31,701 [INFO] Synchronizing with the server and with time.google.com...
client 2023-07-15 12:38:31,733 [INFO] NTP:offset = -0.058 s, delay = 0.016 s 
client 2023-07-15 12:38:31,733 [INFO] Sending command to the server: 'time'
client 2023-07-15 12:38:31,737 [INFO] Got response: '1689421111.6684604'
client 2023-07-15 12:38:31,737 [INFO] The time difference between the client and the server is within range 65.465 ms..69.325 ms
client 2023-07-15 12:38:31,738 [INFO] Sending command to the server: 'session,2023-07-15_12-32-43,start,testing'
client 2023-07-15 12:38:44,780 [INFO] Got response: 'OK'
client 2023-07-15 12:38:44,780 [INFO] Sending command to the server: 'time'
client 2023-07-15 12:38:44,785 [INFO] Got response: '1689421124.7108648'
client 2023-07-15 12:38:44,785 [INFO] The time difference between the client and the server is within range 69.882 ms..74.838 ms
client 2023-07-15 12:38:44,786 [INFO] Running the workload 'CM_MLPERF_RUN_COUNT=$(cat ${CM_RUN_DIR}/count.txt); echo ${CM_MLPERF_RUN_COUNT}; CM_MLPERF_RUN_COUNT=$((CM_MLPERF_RUN_COUNT+1)); echo ${CM_MLPERF_RUN_COUNT} > ${CM_RUN_DIR}/count.txt && if [ ${CM_MLPERF_RUN_COUNT} -eq "1" ]; then export CM_MLPERF_USER_CONF=${CM_MLPERF_RANGING_USER_CONF}; else export CM_MLPERF_USER_CONF=${CM_MLPERF_TESTING_USER_CONF}; fi && /home/arjun/run.out'
client 2023-07-15 12:48:58,695 [INFO] Sending command to the server: 'time'
client 2023-07-15 12:48:58,701 [INFO] Got response: '1689421738.6253755'
client 2023-07-15 12:48:58,701 [INFO] The time difference between the client and the server is within range 70.361 ms..76.053 ms
client 2023-07-15 12:48:58,701 [INFO] Sending command to the server: 'session,2023-07-15_12-32-43,stop,testing'
client 2023-07-15 12:49:08,935 [INFO] Got response: 'OK'
client 2023-07-15 12:49:08,936 [INFO] Sending command to the server: 'time'
client 2023-07-15 12:49:08,940 [INFO] Got response: '1689421748.8713188'
client 2023-07-15 12:49:08,940 [INFO] The time difference between the client and the server is within range 65.151 ms..69.206 ms
client 2023-07-15 12:49:08,946 [INFO] Copying loadgen logs from '/home/arjun/mobilenet_results/valid_results/raspberrypi-tflite_armnn_cpp-cpu-armnn_tflite-v23.05-using_neon/mobilenet-v1-precision_uint8-1.0-192/singlestream/performance/run_1' to '/home/arjun/mobilenet_results/valid_results/raspberrypi-tflite_armnn_cpp-cpu-armnn_tflite-v23.05-using_neon/mobilenet-v1-precision_uint8-1.0-192/singlestream/performance/tmp_power/run_1'
client 2023-07-15 12:49:08,949 [INFO] Done runs
