client 2023-08-15 05:54:58,329 [INFO] Creating output directory '/home/krai/work_collection/generated_by_power_measurement_on_run_4b0e82b3b47b4325b910589458bcb855/power_logs'
client 2023-08-15 05:54:58,330 [INFO] Sending command to the server: 'mlcommons/power client v3'
client 2023-08-15 05:54:58,331 [INFO] Got response: 'mlcommons/power server v3'
client 2023-08-15 05:54:58,331 [INFO] Synchronizing with the server and with time.google.com...
client 2023-08-15 05:54:58,432 [INFO] NTP:offset = 0.014 s, delay = 0.095 s 
client 2023-08-15 05:54:58,432 [INFO] Sending command to the server: 'time'
client 2023-08-15 05:54:58,433 [INFO] Got response: '1692096898.4458747'
client 2023-08-15 05:54:58,433 [INFO] The time difference between the client and the server is within range -13.746 ms..-12.255 ms
client 2023-08-15 05:54:58,433 [INFO] Sending command to the server: 'new,,d056faff-82ff-4445-851f-f263e34a1cf0'
client 2023-08-15 05:54:58,435 [INFO] Got response: 'OK 2023-08-15_05-54-58,ea71ac55-c725-4edf-894d-c99db6fbb674'
client 2023-08-15 05:54:58,435 [INFO] Session id is '2023-08-15_05-54-58'
client 2023-08-15 05:54:58,435 [INFO] Sources: {"sources": {"__init__.py": "da39a3ee5e6b4b0d3255bfef95601890afd80709", "client.py": "33ca4f26368777ac06e01f9567b714a4b8063886", "lib/__init__.py": "da39a3ee5e6b4b0d3255bfef95601890afd80709", "lib/client.py": "ac2aa093c8e8bbc9569b9e2a3471bc64e58a2258", "lib/common.py": "611d8b29633d331eb19c9455ea3b5fa3284ed6df", "lib/external/__init__.py": "da39a3ee5e6b4b0d3255bfef95601890afd80709", "lib/external/ntplib.py": "4da8f970656505a40483206ef2b5d3dd5e81711d", "lib/server.py": "c7af63c31bb2fbedea4345f571f6e3507d268ada", "lib/source_hashes.py": "60a2e02193209e8d392803326208d5466342da18", "lib/summary.py": "aa92f0a3f975eecd44d3c0cd0236342ccc9f941d", "lib/time_sync.py": "80894ef2389e540781ff78de94db16aa4203a14e", "server.py": "c3f90f2f7eeb4db30727556d0c815ebc89b3d28b", "tests/unit/__init__.py": "da39a3ee5e6b4b0d3255bfef95601890afd80709", "tests/unit/test_server.py": "948c1995d4008bc2aa6c4046a34ffa3858d6d671", "tests/unit/test_source_hashes.py": "00468a2907583c593e6574a1f6b404e4651c221a"}, "modules": {"ptd_client_server.lib.client": "lib/client.py", "ptd_client_server.lib.common": "lib/common.py", "ptd_client_server.lib.external.ntplib": "lib/external/ntplib.py", "ptd_client_server.lib.source_hashes": "lib/source_hashes.py", "ptd_client_server.lib.summary": "lib/summary.py", "ptd_client_server.lib.time_sync": "lib/time_sync.py"}}
client 2023-08-15 05:54:58,435 [INFO] Running workload in ranging mode
client 2023-08-15 05:54:58,435 [INFO] Synchronizing with the server and with time.google.com...
client 2023-08-15 05:54:58,555 [INFO] NTP:offset = -0.001 s, delay = 0.119 s 
client 2023-08-15 05:54:58,556 [INFO] Sending command to the server: 'time'
client 2023-08-15 05:54:58,557 [INFO] Got response: '1692096898.5697474'
client 2023-08-15 05:54:58,557 [INFO] The time difference between the client and the server is within range -13.693 ms..-12.096 ms
client 2023-08-15 05:54:58,557 [INFO] Sending command to the server: 'session,2023-08-15_05-54-58,start,ranging'
client 2023-08-15 05:55:37,787 [INFO] Got response: 'OK'
client 2023-08-15 05:55:37,787 [INFO] Sending command to the server: 'time'
client 2023-08-15 05:55:37,788 [INFO] Got response: '1692096937.7868905'
client 2023-08-15 05:55:37,788 [INFO] The time difference between the client and the server is within range 0.523 ms..1.882 ms
client 2023-08-15 05:55:37,788 [INFO] Running the workload 'axs byquery sut_name=g292_z43_q16e,loadgen_output,bert_squad,device=qaic,framework=kilt,model_name=bert-99,loadgen_scenario=Server,loadgen_mode=PerformanceOnly,loadgen_dataset_size=10833,loadgen_buffer_size=10833,_with_power+,symlink_to=/home/krai/work_collection/generated_by_power_measurement_on_run_4b0e82b3b47b4325b910589458bcb855/last_mlperf_logs,power_client_entrydic_path=/home/krai/work_collection/generated_by_power_measurement_on_run_4b0e82b3b47b4325b910589458bcb855/program_output.json'
client 2023-08-15 06:08:29,565 [INFO] Sending command to the server: 'time'
client 2023-08-15 06:08:29,567 [INFO] Got response: '1692097709.567528'
client 2023-08-15 06:08:29,567 [INFO] The time difference between the client and the server is within range -2.112 ms..-0.374 ms
client 2023-08-15 06:08:29,567 [INFO] Sending command to the server: 'session,2023-08-15_05-54-58,stop,ranging'
client 2023-08-15 06:08:39,871 [INFO] Got response: 'OK'
client 2023-08-15 06:08:39,871 [INFO] Sending command to the server: 'time'
client 2023-08-15 06:08:39,872 [INFO] Got response: '1692097719.872684'
client 2023-08-15 06:08:39,872 [INFO] The time difference between the client and the server is within range -1.105 ms..-0.533 ms
client 2023-08-15 06:08:39,878 [INFO] Copying loadgen logs from '/home/krai/work_collection/generated_by_power_measurement_on_run_4b0e82b3b47b4325b910589458bcb855/last_mlperf_logs' to '/home/krai/work_collection/generated_by_power_measurement_on_run_4b0e82b3b47b4325b910589458bcb855/power_logs/ranging'
client 2023-08-15 06:08:39,879 [INFO] Running workload in testing mode
client 2023-08-15 06:08:39,879 [INFO] Synchronizing with the server and with time.google.com...
client 2023-08-15 06:08:39,965 [INFO] NTP:offset = 0.001 s, delay = 0.085 s 
client 2023-08-15 06:08:39,966 [INFO] Sending command to the server: 'time'
client 2023-08-15 06:08:39,967 [INFO] Got response: '1692097719.9678552'
client 2023-08-15 06:08:39,967 [INFO] The time difference between the client and the server is within range -1.796 ms..-0.197 ms
client 2023-08-15 06:08:39,967 [INFO] Sending command to the server: 'session,2023-08-15_05-54-58,start,testing'
client 2023-08-15 06:09:01,586 [INFO] Got response: 'OK'
client 2023-08-15 06:09:01,586 [INFO] Sending command to the server: 'time'
client 2023-08-15 06:09:01,588 [INFO] Got response: '1692097741.5882158'
client 2023-08-15 06:09:01,588 [INFO] The time difference between the client and the server is within range -1.494 ms..-0.059 ms
client 2023-08-15 06:09:01,588 [INFO] Running the workload 'axs byquery sut_name=g292_z43_q16e,loadgen_output,bert_squad,device=qaic,framework=kilt,model_name=bert-99,loadgen_scenario=Server,loadgen_mode=PerformanceOnly,loadgen_dataset_size=10833,loadgen_buffer_size=10833,_with_power+,symlink_to=/home/krai/work_collection/generated_by_power_measurement_on_run_4b0e82b3b47b4325b910589458bcb855/last_mlperf_logs,power_client_entrydic_path=/home/krai/work_collection/generated_by_power_measurement_on_run_4b0e82b3b47b4325b910589458bcb855/program_output.json'
client 2023-08-15 06:21:52,318 [INFO] Sending command to the server: 'time'
client 2023-08-15 06:21:52,320 [INFO] Got response: '1692098512.3184881'
client 2023-08-15 06:21:52,320 [INFO] The time difference between the client and the server is within range 0.349 ms..2.259 ms
client 2023-08-15 06:21:52,320 [INFO] Sending command to the server: 'session,2023-08-15_05-54-58,stop,testing'
client 2023-08-15 06:22:02,598 [INFO] Got response: 'OK'
client 2023-08-15 06:22:02,598 [INFO] Sending command to the server: 'time'
client 2023-08-15 06:22:02,599 [INFO] Got response: '1692098522.597267'
client 2023-08-15 06:22:02,599 [INFO] The time difference between the client and the server is within range 1.220 ms..1.903 ms
client 2023-08-15 06:22:02,600 [INFO] Copying loadgen logs from '/home/krai/work_collection/generated_by_power_measurement_on_run_4b0e82b3b47b4325b910589458bcb855/last_mlperf_logs' to '/home/krai/work_collection/generated_by_power_measurement_on_run_4b0e82b3b47b4325b910589458bcb855/power_logs/run_1'
client 2023-08-15 06:22:02,601 [INFO] Done runs
