client 2023-08-14 21:00:38,539 [INFO] Sending command to the server: 'mlcommons/power client v3'
client 2023-08-14 21:00:38,540 [INFO] Got response: 'mlcommons/power server v3'
client 2023-08-14 21:00:38,540 [INFO] Sending command to the server: 'stop'
client 2023-08-14 21:00:38,542 [INFO] Got response: 'OK'
client 2023-08-14 21:00:38,542 [INFO] Synchronizing with the server and with ib-01.dc4-in.nvidia.com...
client 2023-08-14 21:00:38,775 [INFO] NTP:offset = -0.000 s, delay = 0.215 s 
client 2023-08-14 21:00:38,775 [INFO] Sending command to the server: 'time'
client 2023-08-14 21:00:38,776 [INFO] Got response: '1692046838.7759724'
client 2023-08-14 21:00:38,776 [INFO] The time difference between the client and the server is within range -0.720 ms..0.880 ms
client 2023-08-14 21:00:38,776 [INFO] Sending command to the server: 'new,,7089e6e2-35d7-4c13-9884-63dedc3b7866'
client 2023-08-14 21:00:38,778 [INFO] Got response: 'OK 2023-08-14_14-00-38,251b9057-b5e1-4c8c-b10e-817944bcc69b'
client 2023-08-14 21:00:38,778 [INFO] Session id is '2023-08-14_14-00-38'
client 2023-08-14 21:00:38,778 [INFO] Sources: {"sources": {"__init__.py": "da39a3ee5e6b4b0d3255bfef95601890afd80709", "client.py": "33ca4f26368777ac06e01f9567b714a4b8063886", "lib/__init__.py": "da39a3ee5e6b4b0d3255bfef95601890afd80709", "lib/client.py": "ac2aa093c8e8bbc9569b9e2a3471bc64e58a2258", "lib/common.py": "611d8b29633d331eb19c9455ea3b5fa3284ed6df", "lib/external/__init__.py": "da39a3ee5e6b4b0d3255bfef95601890afd80709", "lib/external/ntplib.py": "4da8f970656505a40483206ef2b5d3dd5e81711d", "lib/server.py": "c7af63c31bb2fbedea4345f571f6e3507d268ada", "lib/source_hashes.py": "60a2e02193209e8d392803326208d5466342da18", "lib/summary.py": "aa92f0a3f975eecd44d3c0cd0236342ccc9f941d", "lib/time_sync.py": "122eba67a9abc85635223e054def53be1367ade2", "server.py": "c3f90f2f7eeb4db30727556d0c815ebc89b3d28b", "tests/unit/__init__.py": "da39a3ee5e6b4b0d3255bfef95601890afd80709", "tests/unit/test_server.py": "948c1995d4008bc2aa6c4046a34ffa3858d6d671", "tests/unit/test_source_hashes.py": "00468a2907583c593e6574a1f6b404e4651c221a"}, "modules": {"ptd_client_server.lib.client": "lib/client.py", "ptd_client_server.lib.common": "lib/common.py", "ptd_client_server.lib.external.ntplib": "lib/external/ntplib.py", "ptd_client_server.lib.source_hashes": "lib/source_hashes.py", "ptd_client_server.lib.summary": "lib/summary.py", "ptd_client_server.lib.time_sync": "lib/time_sync.py"}}
client 2023-08-14 21:00:38,781 [INFO] Running workload in ranging mode
client 2023-08-14 21:00:38,781 [INFO] Synchronizing with the server and with ib-01.dc4-in.nvidia.com...
client 2023-08-14 21:00:39,013 [INFO] NTP:offset = -0.000 s, delay = 0.215 s 
client 2023-08-14 21:00:39,013 [INFO] Sending command to the server: 'time'
client 2023-08-14 21:00:39,015 [INFO] Got response: '1692046839.0145273'
client 2023-08-14 21:00:39,015 [INFO] The time difference between the client and the server is within range -0.718 ms..0.875 ms
client 2023-08-14 21:00:39,015 [INFO] Sending command to the server: 'session,2023-08-14_14-00-38,start,ranging'
client 2023-08-14 21:01:18,935 [INFO] Got response: 'OK'
client 2023-08-14 21:01:18,935 [INFO] Sending command to the server: 'time'
client 2023-08-14 21:01:18,936 [INFO] Got response: '1692046878.936161'
client 2023-08-14 21:01:18,936 [INFO] The time difference between the client and the server is within range -0.738 ms..0.718 ms
client 2023-08-14 21:01:18,936 [INFO] Running the workload 'LOG_DIR=/work/build/power_logs_temp python3.8 -m code.main --benchmarks=resnet50 --scenarios=Server --config_ver=maxq --test_mode=PerformanceOnly --action="run_harness" \\\n\t\t2>&1 | tee -a /work/build/power_logs/2023.08.14-20.59.49/stdout.txt \\\n\t\t&& if [ ! -d /work/build/power_logs/2023.08.14-20.59.49/ranging_tmp ]; \\\n\t\t\tthen mkdir /work/build/power_logs/2023.08.14-20.59.49/ranging_tmp \\\n\t\t\t\t&& mv /work/build/power_logs_temp/* /work/build/power_logs/2023.08.14-20.59.49/ranging_tmp/ \\\n\t\t\t\t&& cp -v /work/build/power_logs/2023.08.14-20.59.49/ranging_tmp/*/*/*/mlperf_log_detail.txt /work/build/power_logs_temp/ \\\n\t\t\t\t&& cp -v /work/build/power_logs/2023.08.14-20.59.49/ranging_tmp/*/*/*/mlperf_log_summary.txt /work/build/power_logs_temp/; \\\n\t\t\telse mkdir /work/build/power_logs/2023.08.14-20.59.49/testing_tmp \\\n\t\t\t\t&& mv /work/build/power_logs_temp/* /work/build/power_logs/2023.08.14-20.59.49/testing_tmp/ \\\n\t\t\t\t&& cp -v /work/build/power_logs/2023.08.14-20.59.49/testing_tmp/*/*/*/mlperf_log_detail.txt /work/build/power_logs_temp/ \\\n\t\t\t\t&& cp -v /work/build/power_logs/2023.08.14-20.59.49/testing_tmp/*/*/*/mlperf_log_summary.txt /work/build/power_logs_temp/; fi'
client 2023-08-14 21:14:30,748 [INFO] Sending command to the server: 'time'
client 2023-08-14 21:14:30,750 [INFO] Got response: '1692047670.7503474'
client 2023-08-14 21:14:30,750 [INFO] The time difference between the client and the server is within range -1.675 ms..0.386 ms
client 2023-08-14 21:14:30,750 [INFO] Sending command to the server: 'session,2023-08-14_14-00-38,stop,ranging'
client 2023-08-14 21:14:41,019 [INFO] Got response: 'OK'
client 2023-08-14 21:14:41,019 [INFO] Sending command to the server: 'time'
client 2023-08-14 21:14:41,020 [INFO] Got response: '1692047681.0206416'
client 2023-08-14 21:14:41,020 [INFO] The time difference between the client and the server is within range -1.286 ms..0.081 ms
client 2023-08-14 21:14:41,028 [INFO] Copying loadgen logs from '/work/build/power_logs_temp' to '/work/build/power_logs/2023.08.14-20.59.49/2023-08-14_14-00-38/ranging'
client 2023-08-14 21:14:41,057 [INFO] Running workload in testing mode
client 2023-08-14 21:14:41,057 [INFO] Synchronizing with the server and with ib-01.dc4-in.nvidia.com...
client 2023-08-14 21:14:41,316 [INFO] NTP:offset = -0.000 s, delay = 0.216 s 
client 2023-08-14 21:14:41,316 [INFO] Sending command to the server: 'time'
client 2023-08-14 21:14:41,318 [INFO] Got response: '1692047681.3182056'
client 2023-08-14 21:14:41,318 [INFO] The time difference between the client and the server is within range -1.345 ms..0.256 ms
client 2023-08-14 21:14:41,318 [INFO] Sending command to the server: 'session,2023-08-14_14-00-38,start,testing'
client 2023-08-14 21:15:02,943 [INFO] Got response: 'OK'
client 2023-08-14 21:15:02,943 [INFO] Sending command to the server: 'time'
client 2023-08-14 21:15:02,944 [INFO] Got response: '1692047702.944407'
client 2023-08-14 21:15:02,944 [INFO] The time difference between the client and the server is within range -1.251 ms..0.132 ms
client 2023-08-14 21:15:02,944 [INFO] Running the workload 'LOG_DIR=/work/build/power_logs_temp python3.8 -m code.main --benchmarks=resnet50 --scenarios=Server --config_ver=maxq --test_mode=PerformanceOnly --action="run_harness" \\\n\t\t2>&1 | tee -a /work/build/power_logs/2023.08.14-20.59.49/stdout.txt \\\n\t\t&& if [ ! -d /work/build/power_logs/2023.08.14-20.59.49/ranging_tmp ]; \\\n\t\t\tthen mkdir /work/build/power_logs/2023.08.14-20.59.49/ranging_tmp \\\n\t\t\t\t&& mv /work/build/power_logs_temp/* /work/build/power_logs/2023.08.14-20.59.49/ranging_tmp/ \\\n\t\t\t\t&& cp -v /work/build/power_logs/2023.08.14-20.59.49/ranging_tmp/*/*/*/mlperf_log_detail.txt /work/build/power_logs_temp/ \\\n\t\t\t\t&& cp -v /work/build/power_logs/2023.08.14-20.59.49/ranging_tmp/*/*/*/mlperf_log_summary.txt /work/build/power_logs_temp/; \\\n\t\t\telse mkdir /work/build/power_logs/2023.08.14-20.59.49/testing_tmp \\\n\t\t\t\t&& mv /work/build/power_logs_temp/* /work/build/power_logs/2023.08.14-20.59.49/testing_tmp/ \\\n\t\t\t\t&& cp -v /work/build/power_logs/2023.08.14-20.59.49/testing_tmp/*/*/*/mlperf_log_detail.txt /work/build/power_logs_temp/ \\\n\t\t\t\t&& cp -v /work/build/power_logs/2023.08.14-20.59.49/testing_tmp/*/*/*/mlperf_log_summary.txt /work/build/power_logs_temp/; fi'
client 2023-08-14 21:28:14,282 [INFO] Sending command to the server: 'time'
client 2023-08-14 21:28:14,284 [INFO] Got response: '1692048494.2845955'
client 2023-08-14 21:28:14,284 [INFO] The time difference between the client and the server is within range -1.980 ms..-0.026 ms
client 2023-08-14 21:28:14,284 [INFO] Sending command to the server: 'session,2023-08-14_14-00-38,stop,testing'
client 2023-08-14 21:28:24,994 [INFO] Got response: 'OK'
client 2023-08-14 21:28:24,994 [INFO] Sending command to the server: 'time'
client 2023-08-14 21:28:24,995 [INFO] Got response: '1692048504.9961402'
client 2023-08-14 21:28:24,995 [INFO] The time difference between the client and the server is within range -1.447 ms..-0.165 ms
client 2023-08-14 21:28:25,001 [INFO] Copying loadgen logs from '/work/build/power_logs_temp' to '/work/build/power_logs/2023.08.14-20.59.49/2023-08-14_14-00-38/run_1'
client 2023-08-14 21:28:25,014 [INFO] Done runs
