client 2023-07-16 10:35:09,522 [INFO] Creating output directory '/home/arjun/mobilenet_results/valid_results/raspberrypi-tflite_armnn_cpp-cpu-armnn_tflite-v23.05-using_neon/efficientnet-int8-lite3/singlestream/performance/tmp_power'
client 2023-07-16 10:35:09,530 [INFO] Sending command to the server: 'mlcommons/power client v3'
client 2023-07-16 10:35:09,534 [INFO] Got response: 'mlcommons/power server v3'
client 2023-07-16 10:35:09,534 [INFO] Synchronizing with the server and with time.google.com...
client 2023-07-16 10:35:09,572 [INFO] NTP:offset = -0.001 s, delay = 0.018 s 
client 2023-07-16 10:35:09,572 [INFO] Sending command to the server: 'time'
client 2023-07-16 10:35:09,575 [INFO] Got response: '1689500109.3944843'
client 2023-07-16 10:35:09,576 [INFO] The time difference between the client and the server is within range 178.169 ms..181.527 ms
client 2023-07-16 10:35:09,576 [INFO] Sending command to the server: 'new,,75a3333e-15fd-4ce1-b378-f1371412edd4'
client 2023-07-16 10:35:09,579 [INFO] Got response: 'OK 2023-07-16_10-35-09,e1a3357b-6b77-4f1d-8249-f42ab7f7f48b'
client 2023-07-16 10:35:09,580 [INFO] Session id is '2023-07-16_10-35-09'
client 2023-07-16 10:35:09,580 [INFO] Sources: {"sources": {"__init__.py": "da39a3ee5e6b4b0d3255bfef95601890afd80709", "client.py": "33ca4f26368777ac06e01f9567b714a4b8063886", "lib/__init__.py": "da39a3ee5e6b4b0d3255bfef95601890afd80709", "lib/client.py": "ac2aa093c8e8bbc9569b9e2a3471bc64e58a2258", "lib/common.py": "611d8b29633d331eb19c9455ea3b5fa3284ed6df", "lib/external/__init__.py": "da39a3ee5e6b4b0d3255bfef95601890afd80709", "lib/external/ntplib.py": "4da8f970656505a40483206ef2b5d3dd5e81711d", "lib/server.py": "c7af63c31bb2fbedea4345f571f6e3507d268ada", "lib/source_hashes.py": "60a2e02193209e8d392803326208d5466342da18", "lib/summary.py": "aa92f0a3f975eecd44d3c0cd0236342ccc9f941d", "lib/time_sync.py": "122eba67a9abc85635223e054def53be1367ade2", "server.py": "c3f90f2f7eeb4db30727556d0c815ebc89b3d28b", "tests/unit/__init__.py": "da39a3ee5e6b4b0d3255bfef95601890afd80709", "tests/unit/test_server.py": "948c1995d4008bc2aa6c4046a34ffa3858d6d671", "tests/unit/test_source_hashes.py": "00468a2907583c593e6574a1f6b404e4651c221a"}, "modules": {"ptd_client_server.lib.client": "lib/client.py", "ptd_client_server.lib.common": "lib/common.py", "ptd_client_server.lib.external.ntplib": "lib/external/ntplib.py", "ptd_client_server.lib.source_hashes": "lib/source_hashes.py", "ptd_client_server.lib.summary": "lib/summary.py", "ptd_client_server.lib.time_sync": "lib/time_sync.py"}}
client 2023-07-16 10:35:09,581 [INFO] Running workload in ranging mode
client 2023-07-16 10:35:09,581 [INFO] Synchronizing with the server and with time.google.com...
client 2023-07-16 10:35:09,614 [INFO] NTP:offset = -0.002 s, delay = 0.020 s 
client 2023-07-16 10:35:09,615 [INFO] Sending command to the server: 'time'
client 2023-07-16 10:35:09,618 [INFO] Got response: '1689500109.4349847'
client 2023-07-16 10:35:09,619 [INFO] The time difference between the client and the server is within range 180.373 ms..184.154 ms
client 2023-07-16 10:35:09,619 [INFO] Sending command to the server: 'session,2023-07-16_10-35-09,start,ranging'
client 2023-07-16 10:35:38,329 [INFO] Got response: 'OK'
client 2023-07-16 10:35:38,330 [INFO] Sending command to the server: 'time'
client 2023-07-16 10:35:38,335 [INFO] Got response: '1689500138.1552544'
client 2023-07-16 10:35:38,335 [INFO] The time difference between the client and the server is within range 174.821 ms..180.322 ms
client 2023-07-16 10:35:38,335 [INFO] Running the workload 'CM_MLPERF_RUN_COUNT=$(cat ${CM_RUN_DIR}/count.txt); echo ${CM_MLPERF_RUN_COUNT}; CM_MLPERF_RUN_COUNT=$((CM_MLPERF_RUN_COUNT+1)); echo ${CM_MLPERF_RUN_COUNT} > ${CM_RUN_DIR}/count.txt && if [ ${CM_MLPERF_RUN_COUNT} -eq "1" ]; then export CM_MLPERF_USER_CONF=${CM_MLPERF_RANGING_USER_CONF}; else export CM_MLPERF_USER_CONF=${CM_MLPERF_TESTING_USER_CONF}; fi && /home/arjun/run.out'
client 2023-07-16 10:40:46,067 [INFO] Sending command to the server: 'time'
client 2023-07-16 10:40:46,073 [INFO] Got response: '1689500445.89133'
client 2023-07-16 10:40:46,074 [INFO] The time difference between the client and the server is within range 175.281 ms..182.561 ms
client 2023-07-16 10:40:46,074 [INFO] Sending command to the server: 'session,2023-07-16_10-35-09,stop,ranging'
client 2023-07-16 10:40:56,587 [INFO] Got response: 'OK'
client 2023-07-16 10:40:56,587 [INFO] Sending command to the server: 'time'
client 2023-07-16 10:40:56,590 [INFO] Got response: '1689500456.4072576'
client 2023-07-16 10:40:56,591 [INFO] The time difference between the client and the server is within range 180.386 ms..183.978 ms
client 2023-07-16 10:40:56,621 [INFO] Copying loadgen logs from '/home/arjun/mobilenet_results/valid_results/raspberrypi-tflite_armnn_cpp-cpu-armnn_tflite-v23.05-using_neon/efficientnet-int8-lite3/singlestream/performance/run_1' to '/home/arjun/mobilenet_results/valid_results/raspberrypi-tflite_armnn_cpp-cpu-armnn_tflite-v23.05-using_neon/efficientnet-int8-lite3/singlestream/performance/tmp_power/ranging'
client 2023-07-16 10:40:56,624 [INFO] Running workload in testing mode
client 2023-07-16 10:40:56,625 [INFO] Synchronizing with the server and with time.google.com...
client 2023-07-16 10:40:56,733 [INFO] NTP:offset = -0.035 s, delay = 0.090 s 
client 2023-07-16 10:40:56,733 [INFO] Sending command to the server: 'time'
client 2023-07-16 10:40:56,737 [INFO] Got response: '1689500456.559195'
client 2023-07-16 10:40:56,738 [INFO] The time difference between the client and the server is within range 174.315 ms..178.803 ms
client 2023-07-16 10:40:56,738 [INFO] Sending command to the server: 'session,2023-07-16_10-35-09,start,testing'
client 2023-07-16 10:41:09,789 [INFO] Got response: 'OK'
client 2023-07-16 10:41:09,790 [INFO] Sending command to the server: 'time'
client 2023-07-16 10:41:09,794 [INFO] Got response: '1689500469.607795'
client 2023-07-16 10:41:09,795 [INFO] The time difference between the client and the server is within range 182.428 ms..187.669 ms
client 2023-07-16 10:41:09,796 [INFO] Running the workload 'CM_MLPERF_RUN_COUNT=$(cat ${CM_RUN_DIR}/count.txt); echo ${CM_MLPERF_RUN_COUNT}; CM_MLPERF_RUN_COUNT=$((CM_MLPERF_RUN_COUNT+1)); echo ${CM_MLPERF_RUN_COUNT} > ${CM_RUN_DIR}/count.txt && if [ ${CM_MLPERF_RUN_COUNT} -eq "1" ]; then export CM_MLPERF_USER_CONF=${CM_MLPERF_RANGING_USER_CONF}; else export CM_MLPERF_USER_CONF=${CM_MLPERF_TESTING_USER_CONF}; fi && /home/arjun/run.out'
client 2023-07-16 10:51:22,749 [INFO] Sending command to the server: 'time'
client 2023-07-16 10:51:22,754 [INFO] Got response: '1689501082.5742505'
client 2023-07-16 10:51:22,754 [INFO] The time difference between the client and the server is within range 175.039 ms..180.478 ms
client 2023-07-16 10:51:22,754 [INFO] Sending command to the server: 'session,2023-07-16_10-35-09,stop,testing'
client 2023-07-16 10:51:33,017 [INFO] Got response: 'OK'
client 2023-07-16 10:51:33,018 [INFO] Sending command to the server: 'time'
client 2023-07-16 10:51:33,032 [INFO] Got response: '1689501092.857137'
client 2023-07-16 10:51:33,033 [INFO] The time difference between the client and the server is within range 160.955 ms..176.075 ms
client 2023-07-16 10:51:33,038 [INFO] Copying loadgen logs from '/home/arjun/mobilenet_results/valid_results/raspberrypi-tflite_armnn_cpp-cpu-armnn_tflite-v23.05-using_neon/efficientnet-int8-lite3/singlestream/performance/run_1' to '/home/arjun/mobilenet_results/valid_results/raspberrypi-tflite_armnn_cpp-cpu-armnn_tflite-v23.05-using_neon/efficientnet-int8-lite3/singlestream/performance/tmp_power/run_1'
client 2023-07-16 10:51:33,042 [INFO] Done runs
