client 2023-08-03 02:13:07,719 [INFO] Sending command to the server: 'mlcommons/power client v3'
client 2023-08-03 02:13:07,721 [INFO] Got response: 'mlcommons/power server v3'
client 2023-08-03 02:13:07,721 [INFO] Sending command to the server: 'stop'
client 2023-08-03 02:13:07,722 [INFO] Got response: 'OK'
client 2023-08-03 02:13:07,722 [INFO] Synchronizing with the server and with ib-01.dc4-in.nvidia.com...
client 2023-08-03 02:13:08,117 [INFO] NTP:offset = -0.006 s, delay = 0.213 s 
client 2023-08-03 02:13:08,117 [INFO] Sending command to the server: 'time'
client 2023-08-03 02:13:08,121 [INFO] Got response: '1691028788.1201606'
client 2023-08-03 02:13:08,121 [INFO] The time difference between the client and the server is within range -2.475 ms..1.007 ms
client 2023-08-03 02:13:08,121 [INFO] Sending command to the server: 'new,,d8194431-52e8-4032-94ea-00158ba7f6b4'
client 2023-08-03 02:13:08,123 [INFO] Got response: 'OK 2023-08-02_19-13-08,e8bc0166-6319-49e0-a873-b2c0496b56ec'
client 2023-08-03 02:13:08,123 [INFO] Session id is '2023-08-02_19-13-08'
client 2023-08-03 02:13:08,123 [INFO] Sources: {"sources": {"__init__.py": "da39a3ee5e6b4b0d3255bfef95601890afd80709", "client.py": "33ca4f26368777ac06e01f9567b714a4b8063886", "lib/__init__.py": "da39a3ee5e6b4b0d3255bfef95601890afd80709", "lib/client.py": "ac2aa093c8e8bbc9569b9e2a3471bc64e58a2258", "lib/common.py": "611d8b29633d331eb19c9455ea3b5fa3284ed6df", "lib/external/__init__.py": "da39a3ee5e6b4b0d3255bfef95601890afd80709", "lib/external/ntplib.py": "4da8f970656505a40483206ef2b5d3dd5e81711d", "lib/server.py": "c7af63c31bb2fbedea4345f571f6e3507d268ada", "lib/source_hashes.py": "60a2e02193209e8d392803326208d5466342da18", "lib/summary.py": "aa92f0a3f975eecd44d3c0cd0236342ccc9f941d", "lib/time_sync.py": "122eba67a9abc85635223e054def53be1367ade2", "server.py": "c3f90f2f7eeb4db30727556d0c815ebc89b3d28b", "tests/unit/__init__.py": "da39a3ee5e6b4b0d3255bfef95601890afd80709", "tests/unit/test_server.py": "948c1995d4008bc2aa6c4046a34ffa3858d6d671", "tests/unit/test_source_hashes.py": "00468a2907583c593e6574a1f6b404e4651c221a"}, "modules": {"ptd_client_server.lib.client": "lib/client.py", "ptd_client_server.lib.common": "lib/common.py", "ptd_client_server.lib.external.ntplib": "lib/external/ntplib.py", "ptd_client_server.lib.source_hashes": "lib/source_hashes.py", "ptd_client_server.lib.summary": "lib/summary.py", "ptd_client_server.lib.time_sync": "lib/time_sync.py"}}
client 2023-08-03 02:13:08,126 [INFO] Running workload in ranging mode
client 2023-08-03 02:13:08,126 [INFO] Synchronizing with the server and with ib-01.dc4-in.nvidia.com...
client 2023-08-03 02:13:08,349 [INFO] NTP:offset = -0.006 s, delay = 0.213 s 
client 2023-08-03 02:13:08,349 [INFO] Sending command to the server: 'time'
client 2023-08-03 02:13:08,350 [INFO] Got response: '1691028788.3515162'
client 2023-08-03 02:13:08,350 [INFO] The time difference between the client and the server is within range -2.447 ms..-0.868 ms
client 2023-08-03 02:13:08,350 [INFO] Sending command to the server: 'session,2023-08-02_19-13-08,start,ranging'
client 2023-08-03 02:13:48,273 [INFO] Got response: 'OK'
client 2023-08-03 02:13:48,273 [INFO] Sending command to the server: 'time'
client 2023-08-03 02:13:48,274 [INFO] Got response: '1691028828.275632'
client 2023-08-03 02:13:48,274 [INFO] The time difference between the client and the server is within range -2.417 ms..-0.988 ms
client 2023-08-03 02:13:48,274 [INFO] Running the workload 'LOG_DIR=/work/build/power_logs_temp python3.8 -m code.main --benchmarks=bert --scenarios=Server --test_mode=PerformanceOnly --config_ver=maxq_high_accuracy --action="run_harness" \\\n\t\t2>&1 | tee -a /work/build/power_logs/2023.08.03-02.12.17/stdout.txt \\\n\t\t&& if [ ! -d /work/build/power_logs/2023.08.03-02.12.17/ranging_tmp ]; \\\n\t\t\tthen mkdir /work/build/power_logs/2023.08.03-02.12.17/ranging_tmp \\\n\t\t\t\t&& mv /work/build/power_logs_temp/* /work/build/power_logs/2023.08.03-02.12.17/ranging_tmp/ \\\n\t\t\t\t&& cp -v /work/build/power_logs/2023.08.03-02.12.17/ranging_tmp/*/*/*/mlperf_log_detail.txt /work/build/power_logs_temp/ \\\n\t\t\t\t&& cp -v /work/build/power_logs/2023.08.03-02.12.17/ranging_tmp/*/*/*/mlperf_log_summary.txt /work/build/power_logs_temp/; \\\n\t\t\telse mkdir /work/build/power_logs/2023.08.03-02.12.17/testing_tmp \\\n\t\t\t\t&& mv /work/build/power_logs_temp/* /work/build/power_logs/2023.08.03-02.12.17/testing_tmp/ \\\n\t\t\t\t&& cp -v /work/build/power_logs/2023.08.03-02.12.17/testing_tmp/*/*/*/mlperf_log_detail.txt /work/build/power_logs_temp/ \\\n\t\t\t\t&& cp -v /work/build/power_logs/2023.08.03-02.12.17/testing_tmp/*/*/*/mlperf_log_summary.txt /work/build/power_logs_temp/; fi'
client 2023-08-03 02:25:00,248 [INFO] Sending command to the server: 'time'
client 2023-08-03 02:25:00,250 [INFO] Got response: '1691029500.2513576'
client 2023-08-03 02:25:00,250 [INFO] The time difference between the client and the server is within range -2.736 ms..-0.725 ms
client 2023-08-03 02:25:00,250 [INFO] Sending command to the server: 'session,2023-08-02_19-13-08,stop,ranging'
client 2023-08-03 02:25:10,347 [INFO] Got response: 'OK'
client 2023-08-03 02:25:10,347 [INFO] Sending command to the server: 'time'
client 2023-08-03 02:25:10,348 [INFO] Got response: '1691029510.3497791'
client 2023-08-03 02:25:10,348 [INFO] The time difference between the client and the server is within range -2.335 ms..-0.939 ms
client 2023-08-03 02:25:10,365 [INFO] Copying loadgen logs from '/work/build/power_logs_temp' to '/work/build/power_logs/2023.08.03-02.12.17/2023-08-02_19-13-08/ranging'
client 2023-08-03 02:25:10,384 [INFO] Running workload in testing mode
client 2023-08-03 02:25:10,384 [INFO] Synchronizing with the server and with ib-01.dc4-in.nvidia.com...
client 2023-08-03 02:25:10,768 [INFO] NTP:offset = -0.006 s, delay = 0.213 s 
client 2023-08-03 02:25:10,768 [INFO] Sending command to the server: 'time'
client 2023-08-03 02:25:10,772 [INFO] Got response: '1691029510.7712245'
client 2023-08-03 02:25:10,772 [INFO] The time difference between the client and the server is within range -2.399 ms..1.115 ms
client 2023-08-03 02:25:10,772 [INFO] Sending command to the server: 'session,2023-08-02_19-13-08,start,testing'
client 2023-08-03 02:25:32,399 [INFO] Got response: 'OK'
client 2023-08-03 02:25:32,399 [INFO] Sending command to the server: 'time'
client 2023-08-03 02:25:32,400 [INFO] Got response: '1691029532.401723'
client 2023-08-03 02:25:32,400 [INFO] The time difference between the client and the server is within range -2.391 ms..-0.904 ms
client 2023-08-03 02:25:32,400 [INFO] Running the workload 'LOG_DIR=/work/build/power_logs_temp python3.8 -m code.main --benchmarks=bert --scenarios=Server --test_mode=PerformanceOnly --config_ver=maxq_high_accuracy --action="run_harness" \\\n\t\t2>&1 | tee -a /work/build/power_logs/2023.08.03-02.12.17/stdout.txt \\\n\t\t&& if [ ! -d /work/build/power_logs/2023.08.03-02.12.17/ranging_tmp ]; \\\n\t\t\tthen mkdir /work/build/power_logs/2023.08.03-02.12.17/ranging_tmp \\\n\t\t\t\t&& mv /work/build/power_logs_temp/* /work/build/power_logs/2023.08.03-02.12.17/ranging_tmp/ \\\n\t\t\t\t&& cp -v /work/build/power_logs/2023.08.03-02.12.17/ranging_tmp/*/*/*/mlperf_log_detail.txt /work/build/power_logs_temp/ \\\n\t\t\t\t&& cp -v /work/build/power_logs/2023.08.03-02.12.17/ranging_tmp/*/*/*/mlperf_log_summary.txt /work/build/power_logs_temp/; \\\n\t\t\telse mkdir /work/build/power_logs/2023.08.03-02.12.17/testing_tmp \\\n\t\t\t\t&& mv /work/build/power_logs_temp/* /work/build/power_logs/2023.08.03-02.12.17/testing_tmp/ \\\n\t\t\t\t&& cp -v /work/build/power_logs/2023.08.03-02.12.17/testing_tmp/*/*/*/mlperf_log_detail.txt /work/build/power_logs_temp/ \\\n\t\t\t\t&& cp -v /work/build/power_logs/2023.08.03-02.12.17/testing_tmp/*/*/*/mlperf_log_summary.txt /work/build/power_logs_temp/; fi'
client 2023-08-03 02:36:44,356 [INFO] Sending command to the server: 'time'
client 2023-08-03 02:36:44,358 [INFO] Got response: '1691030204.3591995'
client 2023-08-03 02:36:44,358 [INFO] The time difference between the client and the server is within range -2.795 ms..-0.827 ms
client 2023-08-03 02:36:44,358 [INFO] Sending command to the server: 'session,2023-08-02_19-13-08,stop,testing'
client 2023-08-03 02:36:54,450 [INFO] Got response: 'OK'
client 2023-08-03 02:36:54,450 [INFO] Sending command to the server: 'time'
client 2023-08-03 02:36:54,451 [INFO] Got response: '1691030214.452607'
client 2023-08-03 02:36:54,451 [INFO] The time difference between the client and the server is within range -2.414 ms..-0.931 ms
client 2023-08-03 02:36:54,458 [INFO] Copying loadgen logs from '/work/build/power_logs_temp' to '/work/build/power_logs/2023.08.03-02.12.17/2023-08-02_19-13-08/run_1'
client 2023-08-03 02:36:54,478 [INFO] Done runs
