client 2023-07-26 16:10:36,212 [INFO] Creating output directory '/home/arjun/results_dir/valid_results/orin-nvidia_original-gpu-tensorrt-vdefault-default_config/retinanet/multistream/performance/tmp_power'
client 2023-07-26 16:10:36,256 [INFO] Sending command to the server: 'mlcommons/power client v3'
client 2023-07-26 16:10:36,260 [INFO] Got response: 'mlcommons/power server v3'
client 2023-07-26 16:10:36,260 [INFO] Synchronizing with the server and with time.google.com...
client 2023-07-26 16:10:36,321 [INFO] NTP:offset = 0.004 s, delay = 0.023 s 
client 2023-07-26 16:10:36,321 [INFO] Sending command to the server: 'time'
client 2023-07-26 16:10:36,325 [INFO] Got response: '1690384236.2263622'
client 2023-07-26 16:10:36,325 [INFO] The time difference between the client and the server is within range 95.145 ms..98.985 ms
client 2023-07-26 16:10:36,325 [INFO] Sending command to the server: 'new,,7ec3ec85-6ece-4106-8c35-aa551b92d973'
client 2023-07-26 16:10:36,329 [INFO] Got response: 'OK 2023-07-26_16-10-36,72e1476b-af69-4741-836c-53e3f4691959'
client 2023-07-26 16:10:36,329 [INFO] Session id is '2023-07-26_16-10-36'
client 2023-07-26 16:10:36,329 [INFO] Sources: {"sources": {"__init__.py": "da39a3ee5e6b4b0d3255bfef95601890afd80709", "client.py": "33ca4f26368777ac06e01f9567b714a4b8063886", "lib/__init__.py": "da39a3ee5e6b4b0d3255bfef95601890afd80709", "lib/client.py": "ac2aa093c8e8bbc9569b9e2a3471bc64e58a2258", "lib/common.py": "611d8b29633d331eb19c9455ea3b5fa3284ed6df", "lib/external/__init__.py": "da39a3ee5e6b4b0d3255bfef95601890afd80709", "lib/external/ntplib.py": "4da8f970656505a40483206ef2b5d3dd5e81711d", "lib/server.py": "c7af63c31bb2fbedea4345f571f6e3507d268ada", "lib/source_hashes.py": "60a2e02193209e8d392803326208d5466342da18", "lib/summary.py": "aa92f0a3f975eecd44d3c0cd0236342ccc9f941d", "lib/time_sync.py": "122eba67a9abc85635223e054def53be1367ade2", "server.py": "c3f90f2f7eeb4db30727556d0c815ebc89b3d28b", "tests/unit/__init__.py": "da39a3ee5e6b4b0d3255bfef95601890afd80709", "tests/unit/test_server.py": "948c1995d4008bc2aa6c4046a34ffa3858d6d671", "tests/unit/test_source_hashes.py": "00468a2907583c593e6574a1f6b404e4651c221a"}, "modules": {"ptd_client_server.lib.client": "lib/client.py", "ptd_client_server.lib.common": "lib/common.py", "ptd_client_server.lib.external.ntplib": "lib/external/ntplib.py", "ptd_client_server.lib.source_hashes": "lib/source_hashes.py", "ptd_client_server.lib.summary": "lib/summary.py", "ptd_client_server.lib.time_sync": "lib/time_sync.py"}}
client 2023-07-26 16:10:36,330 [INFO] Running workload in ranging mode
client 2023-07-26 16:10:36,330 [INFO] Synchronizing with the server and with time.google.com...
client 2023-07-26 16:10:36,349 [INFO] NTP:offset = 0.004 s, delay = 0.016 s 
client 2023-07-26 16:10:36,349 [INFO] Sending command to the server: 'time'
client 2023-07-26 16:10:36,352 [INFO] Got response: '1690384236.2571507'
client 2023-07-26 16:10:36,353 [INFO] The time difference between the client and the server is within range 92.262 ms..95.942 ms
client 2023-07-26 16:10:36,353 [INFO] Sending command to the server: 'session,2023-07-26_16-10-36,start,ranging'
client 2023-07-26 16:11:05,113 [INFO] Got response: 'OK'
client 2023-07-26 16:11:05,113 [INFO] Sending command to the server: 'time'
client 2023-07-26 16:11:05,119 [INFO] Got response: '1690384265.0204833'
client 2023-07-26 16:11:05,119 [INFO] The time difference between the client and the server is within range 93.457 ms..99.263 ms
client 2023-07-26 16:11:05,119 [INFO] Running the workload 'CM_MLPERF_RUN_COUNT=$(cat ${CM_RUN_DIR}/count.txt); echo ${CM_MLPERF_RUN_COUNT}; CM_MLPERF_RUN_COUNT=$((CM_MLPERF_RUN_COUNT+1)); echo ${CM_MLPERF_RUN_COUNT} > ${CM_RUN_DIR}/count.txt && if [ ${CM_MLPERF_RUN_COUNT} -eq "1" ]; then export CM_MLPERF_USER_CONF=${CM_MLPERF_RANGING_USER_CONF}; else export CM_MLPERF_USER_CONF=${CM_MLPERF_TESTING_USER_CONF}; fi && make run_harness RUN_ARGS=" --benchmarks=retinanet --scenarios=multistream --test_mode=PerformanceOnly --offline_expected_qps=50 --single_stream_expected_latency_ns=13000000 --multi_stream_expected_latency_ns=100000000 --config_ver=maxq --user_conf_path=${CM_MLPERF_USER_CONF} --mlperf_conf_path=/mount/CM/repos/local/cache/cedb99c765c24b90/inference/mlperf.conf --gpu_batch_size=2 --no_audit_verify "'
client 2023-07-26 16:17:36,086 [INFO] Sending command to the server: 'time'
client 2023-07-26 16:17:36,091 [INFO] Got response: '1690384655.9914458'
client 2023-07-26 16:17:36,092 [INFO] The time difference between the client and the server is within range 94.701 ms..100.762 ms
client 2023-07-26 16:17:36,092 [INFO] Sending command to the server: 'session,2023-07-26_16-10-36,stop,ranging'
client 2023-07-26 16:17:46,300 [INFO] Got response: 'OK'
client 2023-07-26 16:17:46,301 [INFO] Sending command to the server: 'time'
client 2023-07-26 16:17:46,304 [INFO] Got response: '1690384666.2071614'
client 2023-07-26 16:17:46,304 [INFO] The time difference between the client and the server is within range 93.895 ms..97.350 ms
client 2023-07-26 16:17:46,330 [INFO] Copying loadgen logs from '/home/arjun/results_dir/valid_results/orin-nvidia_original-gpu-tensorrt-vdefault-default_config/retinanet/multistream/performance/run_1' to '/home/arjun/results_dir/valid_results/orin-nvidia_original-gpu-tensorrt-vdefault-default_config/retinanet/multistream/performance/tmp_power/ranging'
client 2023-07-26 16:17:46,333 [INFO] Running workload in testing mode
client 2023-07-26 16:17:46,333 [INFO] Synchronizing with the server and with time.google.com...
client 2023-07-26 16:17:46,351 [INFO] NTP:offset = 0.006 s, delay = 0.013 s 
client 2023-07-26 16:17:46,352 [INFO] Sending command to the server: 'time'
client 2023-07-26 16:17:46,356 [INFO] Got response: '1690384666.257361'
client 2023-07-26 16:17:46,356 [INFO] The time difference between the client and the server is within range 94.683 ms..99.425 ms
client 2023-07-26 16:17:46,357 [INFO] Sending command to the server: 'session,2023-07-26_16-10-36,start,testing'
client 2023-07-26 16:17:59,402 [INFO] Got response: 'OK'
client 2023-07-26 16:17:59,403 [INFO] Sending command to the server: 'time'
client 2023-07-26 16:17:59,407 [INFO] Got response: '1690384679.309087'
client 2023-07-26 16:17:59,408 [INFO] The time difference between the client and the server is within range 94.125 ms..99.098 ms
client 2023-07-26 16:17:59,408 [INFO] Running the workload 'CM_MLPERF_RUN_COUNT=$(cat ${CM_RUN_DIR}/count.txt); echo ${CM_MLPERF_RUN_COUNT}; CM_MLPERF_RUN_COUNT=$((CM_MLPERF_RUN_COUNT+1)); echo ${CM_MLPERF_RUN_COUNT} > ${CM_RUN_DIR}/count.txt && if [ ${CM_MLPERF_RUN_COUNT} -eq "1" ]; then export CM_MLPERF_USER_CONF=${CM_MLPERF_RANGING_USER_CONF}; else export CM_MLPERF_USER_CONF=${CM_MLPERF_TESTING_USER_CONF}; fi && make run_harness RUN_ARGS=" --benchmarks=retinanet --scenarios=multistream --test_mode=PerformanceOnly --offline_expected_qps=50 --single_stream_expected_latency_ns=13000000 --multi_stream_expected_latency_ns=100000000 --config_ver=maxq --user_conf_path=${CM_MLPERF_USER_CONF} --mlperf_conf_path=/mount/CM/repos/local/cache/cedb99c765c24b90/inference/mlperf.conf --gpu_batch_size=2 --no_audit_verify "'
client 2023-07-26 16:29:15,744 [INFO] Sending command to the server: 'time'
client 2023-07-26 16:29:15,751 [INFO] Got response: '1690385355.652747'
client 2023-07-26 16:29:15,751 [INFO] The time difference between the client and the server is within range 92.021 ms..98.936 ms
client 2023-07-26 16:29:15,752 [INFO] Sending command to the server: 'session,2023-07-26_16-10-36,stop,testing'
client 2023-07-26 16:29:26,457 [INFO] Got response: 'OK'
client 2023-07-26 16:29:26,458 [INFO] Sending command to the server: 'time'
client 2023-07-26 16:29:26,462 [INFO] Got response: '1690385366.3559144'
client 2023-07-26 16:29:26,462 [INFO] The time difference between the client and the server is within range 102.799 ms..106.405 ms
client 2023-07-26 16:29:26,466 [INFO] Copying loadgen logs from '/home/arjun/results_dir/valid_results/orin-nvidia_original-gpu-tensorrt-vdefault-default_config/retinanet/multistream/performance/run_1' to '/home/arjun/results_dir/valid_results/orin-nvidia_original-gpu-tensorrt-vdefault-default_config/retinanet/multistream/performance/tmp_power/run_1'
client 2023-07-26 16:29:26,468 [INFO] Done runs
