client 2023-07-20 04:34:40,079 [INFO] Creating output directory '/home/arjun/mobilenet_results/valid_results/raspberrypi-tflite_armnn_cpp-cpu-armnn_tflite-v22.11-using_neon/mobilenet-v2-precision_float-0.5-192/singlestream/performance/tmp_power'
client 2023-07-20 04:34:40,084 [INFO] Sending command to the server: 'mlcommons/power client v3'
client 2023-07-20 04:34:40,088 [INFO] Got response: 'mlcommons/power server v3'
client 2023-07-20 04:34:40,089 [INFO] Synchronizing with the server and with time.google.com...
client 2023-07-20 04:34:40,149 [INFO] NTP:offset = 0.009 s, delay = 0.018 s 
client 2023-07-20 04:34:40,150 [INFO] Sending command to the server: 'time'
client 2023-07-20 04:34:40,154 [INFO] Got response: '1689824080.1324031'
client 2023-07-20 04:34:40,154 [INFO] The time difference between the client and the server is within range 17.718 ms..22.188 ms
client 2023-07-20 04:34:40,155 [INFO] Sending command to the server: 'new,,104e9aca-aff0-49d2-8aeb-2a36725cec6f'
client 2023-07-20 04:34:40,159 [INFO] Got response: 'OK 2023-07-20_04-34-40,1ab6bca0-c5a0-4074-ad72-1205757fb201'
client 2023-07-20 04:34:40,159 [INFO] Session id is '2023-07-20_04-34-40'
client 2023-07-20 04:34:40,160 [INFO] Sources: {"sources": {"__init__.py": "da39a3ee5e6b4b0d3255bfef95601890afd80709", "client.py": "33ca4f26368777ac06e01f9567b714a4b8063886", "lib/__init__.py": "da39a3ee5e6b4b0d3255bfef95601890afd80709", "lib/client.py": "ac2aa093c8e8bbc9569b9e2a3471bc64e58a2258", "lib/common.py": "611d8b29633d331eb19c9455ea3b5fa3284ed6df", "lib/external/__init__.py": "da39a3ee5e6b4b0d3255bfef95601890afd80709", "lib/external/ntplib.py": "4da8f970656505a40483206ef2b5d3dd5e81711d", "lib/server.py": "c7af63c31bb2fbedea4345f571f6e3507d268ada", "lib/source_hashes.py": "60a2e02193209e8d392803326208d5466342da18", "lib/summary.py": "aa92f0a3f975eecd44d3c0cd0236342ccc9f941d", "lib/time_sync.py": "122eba67a9abc85635223e054def53be1367ade2", "server.py": "c3f90f2f7eeb4db30727556d0c815ebc89b3d28b", "tests/unit/__init__.py": "da39a3ee5e6b4b0d3255bfef95601890afd80709", "tests/unit/test_server.py": "948c1995d4008bc2aa6c4046a34ffa3858d6d671", "tests/unit/test_source_hashes.py": "00468a2907583c593e6574a1f6b404e4651c221a"}, "modules": {"ptd_client_server.lib.client": "lib/client.py", "ptd_client_server.lib.common": "lib/common.py", "ptd_client_server.lib.external.ntplib": "lib/external/ntplib.py", "ptd_client_server.lib.source_hashes": "lib/source_hashes.py", "ptd_client_server.lib.summary": "lib/summary.py", "ptd_client_server.lib.time_sync": "lib/time_sync.py"}}
client 2023-07-20 04:34:40,162 [INFO] Running workload in ranging mode
client 2023-07-20 04:34:40,162 [INFO] Synchronizing with the server and with time.google.com...
client 2023-07-20 04:34:40,195 [INFO] NTP:offset = 0.008 s, delay = 0.014 s 
client 2023-07-20 04:34:40,195 [INFO] Sending command to the server: 'time'
client 2023-07-20 04:34:40,199 [INFO] Got response: '1689824080.1829076'
client 2023-07-20 04:34:40,199 [INFO] The time difference between the client and the server is within range 12.844 ms..16.628 ms
client 2023-07-20 04:34:40,200 [INFO] Sending command to the server: 'session,2023-07-20_04-34-40,start,ranging'
client 2023-07-20 04:35:08,914 [INFO] Got response: 'OK'
client 2023-07-20 04:35:08,915 [INFO] Sending command to the server: 'time'
client 2023-07-20 04:35:08,919 [INFO] Got response: '1689824108.8971956'
client 2023-07-20 04:35:08,919 [INFO] The time difference between the client and the server is within range 17.771 ms..22.167 ms
client 2023-07-20 04:35:08,919 [INFO] Running the workload 'CM_MLPERF_RUN_COUNT=$(cat ${CM_RUN_DIR}/count.txt); echo ${CM_MLPERF_RUN_COUNT}; CM_MLPERF_RUN_COUNT=$((CM_MLPERF_RUN_COUNT+1)); echo ${CM_MLPERF_RUN_COUNT} > ${CM_RUN_DIR}/count.txt && if [ ${CM_MLPERF_RUN_COUNT} -eq "1" ]; then export CM_MLPERF_USER_CONF=${CM_MLPERF_RANGING_USER_CONF}; else export CM_MLPERF_USER_CONF=${CM_MLPERF_TESTING_USER_CONF}; fi && /home/arjun/CM/repos/ctuning@mlcommons-ck/cm-mlops/script/get-lib-armnn/run.out'
client 2023-07-20 04:40:22,914 [INFO] Sending command to the server: 'time'
client 2023-07-20 04:40:22,919 [INFO] Got response: '1689824422.901312'
client 2023-07-20 04:40:22,919 [INFO] The time difference between the client and the server is within range 12.655 ms..17.952 ms
client 2023-07-20 04:40:22,919 [INFO] Sending command to the server: 'session,2023-07-20_04-34-40,stop,ranging'
client 2023-07-20 04:40:34,225 [INFO] Got response: 'OK'
client 2023-07-20 04:40:34,225 [INFO] Sending command to the server: 'time'
client 2023-07-20 04:40:34,229 [INFO] Got response: '1689824434.2067125'
client 2023-07-20 04:40:34,229 [INFO] The time difference between the client and the server is within range 19.049 ms..22.811 ms
client 2023-07-20 04:40:34,267 [INFO] Copying loadgen logs from '/home/arjun/mobilenet_results/valid_results/raspberrypi-tflite_armnn_cpp-cpu-armnn_tflite-v22.11-using_neon/mobilenet-v2-precision_float-0.5-192/singlestream/performance/run_1' to '/home/arjun/mobilenet_results/valid_results/raspberrypi-tflite_armnn_cpp-cpu-armnn_tflite-v22.11-using_neon/mobilenet-v2-precision_float-0.5-192/singlestream/performance/tmp_power/ranging'
client 2023-07-20 04:40:34,271 [INFO] Running workload in testing mode
client 2023-07-20 04:40:34,271 [INFO] Synchronizing with the server and with time.google.com...
client 2023-07-20 04:40:34,303 [INFO] NTP:offset = 0.006 s, delay = 0.014 s 
client 2023-07-20 04:40:34,303 [INFO] Sending command to the server: 'time'
client 2023-07-20 04:40:34,308 [INFO] Got response: '1689824434.2876916'
client 2023-07-20 04:40:34,308 [INFO] The time difference between the client and the server is within range 16.270 ms..20.848 ms
client 2023-07-20 04:40:34,308 [INFO] Sending command to the server: 'session,2023-07-20_04-34-40,start,testing'
client 2023-07-20 04:40:47,352 [INFO] Got response: 'OK'
client 2023-07-20 04:40:47,352 [INFO] Sending command to the server: 'time'
client 2023-07-20 04:40:47,364 [INFO] Got response: '1689824447.3382006'
client 2023-07-20 04:40:47,364 [INFO] The time difference between the client and the server is within range 14.522 ms..26.535 ms
client 2023-07-20 04:40:47,365 [INFO] Running the workload 'CM_MLPERF_RUN_COUNT=$(cat ${CM_RUN_DIR}/count.txt); echo ${CM_MLPERF_RUN_COUNT}; CM_MLPERF_RUN_COUNT=$((CM_MLPERF_RUN_COUNT+1)); echo ${CM_MLPERF_RUN_COUNT} > ${CM_RUN_DIR}/count.txt && if [ ${CM_MLPERF_RUN_COUNT} -eq "1" ]; then export CM_MLPERF_USER_CONF=${CM_MLPERF_RANGING_USER_CONF}; else export CM_MLPERF_USER_CONF=${CM_MLPERF_TESTING_USER_CONF}; fi && /home/arjun/CM/repos/ctuning@mlcommons-ck/cm-mlops/script/get-lib-armnn/run.out'
client 2023-07-20 04:51:02,450 [INFO] Sending command to the server: 'time'
client 2023-07-20 04:51:02,455 [INFO] Got response: '1689825062.426011'
client 2023-07-20 04:51:02,456 [INFO] The time difference between the client and the server is within range 24.786 ms..30.163 ms
client 2023-07-20 04:51:02,456 [INFO] Sending command to the server: 'session,2023-07-20_04-34-40,stop,testing'
client 2023-07-20 04:51:13,406 [INFO] Got response: 'OK'
client 2023-07-20 04:51:13,407 [INFO] Sending command to the server: 'time'
client 2023-07-20 04:51:13,422 [INFO] Got response: '1689825073.3971891'
client 2023-07-20 04:51:13,422 [INFO] The time difference between the client and the server is within range 10.321 ms..25.429 ms
client 2023-07-20 04:51:13,428 [INFO] Copying loadgen logs from '/home/arjun/mobilenet_results/valid_results/raspberrypi-tflite_armnn_cpp-cpu-armnn_tflite-v22.11-using_neon/mobilenet-v2-precision_float-0.5-192/singlestream/performance/run_1' to '/home/arjun/mobilenet_results/valid_results/raspberrypi-tflite_armnn_cpp-cpu-armnn_tflite-v22.11-using_neon/mobilenet-v2-precision_float-0.5-192/singlestream/performance/tmp_power/run_1'
client 2023-07-20 04:51:13,431 [INFO] Done runs
