client 2023-08-08 01:02:32,921 [INFO] Creating output directory '/home/arjun/mobilenet_results/valid_results/orin-tflite_armnn_cpp-cpu-armnn_tflite-v23.05-using_neon/mobilenet-v2-precision_uint8-0.35-128/singlestream/performance/tmp_power'
client 2023-08-08 01:02:32,925 [INFO] Sending command to the server: 'mlcommons/power client v3'
client 2023-08-08 01:02:32,929 [INFO] Got response: 'mlcommons/power server v3'
client 2023-08-08 01:02:32,929 [INFO] Synchronizing with the server and with time.google.com...
client 2023-08-08 01:02:32,955 [INFO] NTP:offset = -0.001 s, delay = 0.016 s 
client 2023-08-08 01:02:32,955 [INFO] Sending command to the server: 'time'
client 2023-08-08 01:02:32,969 [INFO] Got response: '1691452952.8570435'
client 2023-08-08 01:02:32,969 [INFO] The time difference between the client and the server is within range 98.334 ms..112.026 ms
client 2023-08-08 01:02:32,969 [INFO] Sending command to the server: 'new,,744bea20-76c6-4aec-ace8-3e6a92b3c833'
client 2023-08-08 01:02:32,982 [INFO] Got response: 'OK 2023-08-08_01-02-32,75ec7bdf-cd58-4549-84da-1d4eec1d8b6f'
client 2023-08-08 01:02:32,983 [INFO] Session id is '2023-08-08_01-02-32'
client 2023-08-08 01:02:32,983 [INFO] Sources: {"sources": {"__init__.py": "da39a3ee5e6b4b0d3255bfef95601890afd80709", "client.py": "33ca4f26368777ac06e01f9567b714a4b8063886", "lib/__init__.py": "da39a3ee5e6b4b0d3255bfef95601890afd80709", "lib/client.py": "ac2aa093c8e8bbc9569b9e2a3471bc64e58a2258", "lib/common.py": "611d8b29633d331eb19c9455ea3b5fa3284ed6df", "lib/external/__init__.py": "da39a3ee5e6b4b0d3255bfef95601890afd80709", "lib/external/ntplib.py": "4da8f970656505a40483206ef2b5d3dd5e81711d", "lib/server.py": "c7af63c31bb2fbedea4345f571f6e3507d268ada", "lib/source_hashes.py": "60a2e02193209e8d392803326208d5466342da18", "lib/summary.py": "aa92f0a3f975eecd44d3c0cd0236342ccc9f941d", "lib/time_sync.py": "122eba67a9abc85635223e054def53be1367ade2", "server.py": "c3f90f2f7eeb4db30727556d0c815ebc89b3d28b", "tests/unit/__init__.py": "da39a3ee5e6b4b0d3255bfef95601890afd80709", "tests/unit/test_server.py": "948c1995d4008bc2aa6c4046a34ffa3858d6d671", "tests/unit/test_source_hashes.py": "00468a2907583c593e6574a1f6b404e4651c221a"}, "modules": {"ptd_client_server.lib.client": "lib/client.py", "ptd_client_server.lib.common": "lib/common.py", "ptd_client_server.lib.external.ntplib": "lib/external/ntplib.py", "ptd_client_server.lib.source_hashes": "lib/source_hashes.py", "ptd_client_server.lib.summary": "lib/summary.py", "ptd_client_server.lib.time_sync": "lib/time_sync.py"}}
client 2023-08-08 01:02:32,983 [INFO] Running workload in ranging mode
client 2023-08-08 01:02:32,983 [INFO] Synchronizing with the server and with time.google.com...
client 2023-08-08 01:02:33,000 [INFO] NTP:offset = -0.001 s, delay = 0.016 s 
client 2023-08-08 01:02:33,001 [INFO] Sending command to the server: 'time'
client 2023-08-08 01:02:33,005 [INFO] Got response: '1691452952.8977404'
client 2023-08-08 01:02:33,006 [INFO] The time difference between the client and the server is within range 103.308 ms..108.262 ms
client 2023-08-08 01:02:33,006 [INFO] Sending command to the server: 'session,2023-08-08_01-02-32,start,ranging'
client 2023-08-08 01:03:02,101 [INFO] Got response: 'OK'
client 2023-08-08 01:03:02,101 [INFO] Sending command to the server: 'time'
client 2023-08-08 01:03:02,105 [INFO] Got response: '1691452981.9980016'
client 2023-08-08 01:03:02,105 [INFO] The time difference between the client and the server is within range 103.522 ms..107.434 ms
client 2023-08-08 01:03:02,105 [INFO] Running the workload 'CM_MLPERF_RUN_COUNT=$(cat ${CM_RUN_DIR}/count.txt); echo ${CM_MLPERF_RUN_COUNT}; CM_MLPERF_RUN_COUNT=$((CM_MLPERF_RUN_COUNT+1)); echo ${CM_MLPERF_RUN_COUNT} > ${CM_RUN_DIR}/count.txt && if [ ${CM_MLPERF_RUN_COUNT} -eq "1" ]; then export CM_MLPERF_USER_CONF=${CM_MLPERF_RANGING_USER_CONF}; else export CM_MLPERF_USER_CONF=${CM_MLPERF_TESTING_USER_CONF}; fi && /mount/CM/repos/ctuning@mlcommons-ck/cm-mlops/script/run-all-mlperf-models/run.out'
client 2023-08-08 01:08:03,308 [INFO] Sending command to the server: 'time'
client 2023-08-08 01:08:03,313 [INFO] Got response: '1691453283.2012968'
client 2023-08-08 01:08:03,313 [INFO] The time difference between the client and the server is within range 107.004 ms..112.114 ms
client 2023-08-08 01:08:03,313 [INFO] Sending command to the server: 'session,2023-08-08_01-02-32,stop,ranging'
client 2023-08-08 01:08:14,387 [INFO] Got response: 'OK'
client 2023-08-08 01:08:14,388 [INFO] Sending command to the server: 'time'
client 2023-08-08 01:08:14,390 [INFO] Got response: '1691453294.2881122'
client 2023-08-08 01:08:14,390 [INFO] The time difference between the client and the server is within range 100.015 ms..102.730 ms
client 2023-08-08 01:08:14,394 [INFO] Copying loadgen logs from '/home/arjun/mobilenet_results/valid_results/orin-tflite_armnn_cpp-cpu-armnn_tflite-v23.05-using_neon/mobilenet-v2-precision_uint8-0.35-128/singlestream/performance/run_1' to '/home/arjun/mobilenet_results/valid_results/orin-tflite_armnn_cpp-cpu-armnn_tflite-v23.05-using_neon/mobilenet-v2-precision_uint8-0.35-128/singlestream/performance/tmp_power/ranging'
client 2023-08-08 01:08:14,395 [INFO] Running workload in testing mode
client 2023-08-08 01:08:14,395 [INFO] Synchronizing with the server and with time.google.com...
client 2023-08-08 01:08:14,411 [INFO] NTP:offset = -0.006 s, delay = 0.015 s 
client 2023-08-08 01:08:14,411 [INFO] Sending command to the server: 'time'
client 2023-08-08 01:08:14,414 [INFO] Got response: '1691453294.3084812'
client 2023-08-08 01:08:14,414 [INFO] The time difference between the client and the server is within range 102.963 ms..106.102 ms
client 2023-08-08 01:08:14,414 [INFO] Sending command to the server: 'session,2023-08-08_01-02-32,start,testing'
client 2023-08-08 01:08:27,457 [INFO] Got response: 'OK'
client 2023-08-08 01:08:27,457 [INFO] Sending command to the server: 'time'
client 2023-08-08 01:08:27,462 [INFO] Got response: '1691453307.3575208'
client 2023-08-08 01:08:27,462 [INFO] The time difference between the client and the server is within range 100.357 ms..104.702 ms
client 2023-08-08 01:08:27,462 [INFO] Running the workload 'CM_MLPERF_RUN_COUNT=$(cat ${CM_RUN_DIR}/count.txt); echo ${CM_MLPERF_RUN_COUNT}; CM_MLPERF_RUN_COUNT=$((CM_MLPERF_RUN_COUNT+1)); echo ${CM_MLPERF_RUN_COUNT} > ${CM_RUN_DIR}/count.txt && if [ ${CM_MLPERF_RUN_COUNT} -eq "1" ]; then export CM_MLPERF_USER_CONF=${CM_MLPERF_RANGING_USER_CONF}; else export CM_MLPERF_USER_CONF=${CM_MLPERF_TESTING_USER_CONF}; fi && /mount/CM/repos/ctuning@mlcommons-ck/cm-mlops/script/run-all-mlperf-models/run.out'
client 2023-08-08 01:18:29,762 [INFO] Sending command to the server: 'time'
client 2023-08-08 01:18:29,768 [INFO] Got response: '1691453909.655937'
client 2023-08-08 01:18:29,768 [INFO] The time difference between the client and the server is within range 106.719 ms..112.376 ms
client 2023-08-08 01:18:29,768 [INFO] Sending command to the server: 'session,2023-08-08_01-02-32,stop,testing'
client 2023-08-08 01:18:40,516 [INFO] Got response: 'OK'
client 2023-08-08 01:18:40,516 [INFO] Sending command to the server: 'time'
client 2023-08-08 01:18:40,518 [INFO] Got response: '1691453920.4075868'
client 2023-08-08 01:18:40,518 [INFO] The time difference between the client and the server is within range 108.631 ms..111.197 ms
client 2023-08-08 01:18:40,519 [INFO] Copying loadgen logs from '/home/arjun/mobilenet_results/valid_results/orin-tflite_armnn_cpp-cpu-armnn_tflite-v23.05-using_neon/mobilenet-v2-precision_uint8-0.35-128/singlestream/performance/run_1' to '/home/arjun/mobilenet_results/valid_results/orin-tflite_armnn_cpp-cpu-armnn_tflite-v23.05-using_neon/mobilenet-v2-precision_uint8-0.35-128/singlestream/performance/tmp_power/run_1'
client 2023-08-08 01:18:40,520 [INFO] Done runs
