client 2023-07-09 10:58:14,261 [INFO] Creating output directory '/home/arjun/mobilenet_results/valid_results/orin-tflite_cpp-cpu-tflite-vmaster-default_config/mobilenet-v1-precision_uint8-1.0-128/singlestream/performance/tmp_power'
client 2023-07-09 10:58:14,264 [INFO] Sending command to the server: 'mlcommons/power client v3'
client 2023-07-09 10:58:14,268 [INFO] Got response: 'mlcommons/power server v3'
client 2023-07-09 10:58:14,268 [INFO] Synchronizing with the server and with time.google.com...
client 2023-07-09 10:58:14,287 [INFO] NTP:offset = 0.001 s, delay = 0.014 s 
client 2023-07-09 10:58:14,287 [INFO] Sending command to the server: 'time'
client 2023-07-09 10:58:14,289 [INFO] Got response: '1688896694.2909713'
client 2023-07-09 10:58:14,289 [INFO] The time difference between the client and the server is within range -3.816 ms..-1.257 ms
client 2023-07-09 10:58:14,289 [INFO] Sending command to the server: 'new,,e8f16a22-6e45-4b35-b15e-e2fa0d1420cb'
client 2023-07-09 10:58:14,292 [INFO] Got response: 'OK 2023-07-09_09-58-14,f808eeff-575b-4d79-a943-d24aca91dd8d'
client 2023-07-09 10:58:14,292 [INFO] Session id is '2023-07-09_09-58-14'
client 2023-07-09 10:58:14,293 [INFO] Sources: {"sources": {"__init__.py": "da39a3ee5e6b4b0d3255bfef95601890afd80709", "client.py": "33ca4f26368777ac06e01f9567b714a4b8063886", "lib/__init__.py": "da39a3ee5e6b4b0d3255bfef95601890afd80709", "lib/client.py": "ac2aa093c8e8bbc9569b9e2a3471bc64e58a2258", "lib/common.py": "611d8b29633d331eb19c9455ea3b5fa3284ed6df", "lib/external/__init__.py": "da39a3ee5e6b4b0d3255bfef95601890afd80709", "lib/external/ntplib.py": "4da8f970656505a40483206ef2b5d3dd5e81711d", "lib/server.py": "c7af63c31bb2fbedea4345f571f6e3507d268ada", "lib/source_hashes.py": "60a2e02193209e8d392803326208d5466342da18", "lib/summary.py": "aa92f0a3f975eecd44d3c0cd0236342ccc9f941d", "lib/time_sync.py": "122eba67a9abc85635223e054def53be1367ade2", "server.py": "c3f90f2f7eeb4db30727556d0c815ebc89b3d28b", "tests/unit/__init__.py": "da39a3ee5e6b4b0d3255bfef95601890afd80709", "tests/unit/test_server.py": "948c1995d4008bc2aa6c4046a34ffa3858d6d671", "tests/unit/test_source_hashes.py": "00468a2907583c593e6574a1f6b404e4651c221a"}, "modules": {"ptd_client_server.lib.client": "lib/client.py", "ptd_client_server.lib.common": "lib/common.py", "ptd_client_server.lib.external.ntplib": "lib/external/ntplib.py", "ptd_client_server.lib.source_hashes": "lib/source_hashes.py", "ptd_client_server.lib.summary": "lib/summary.py", "ptd_client_server.lib.time_sync": "lib/time_sync.py"}}
client 2023-07-09 10:58:14,293 [INFO] Running workload in ranging mode
client 2023-07-09 10:58:14,293 [INFO] Synchronizing with the server and with time.google.com...
client 2023-07-09 10:58:14,308 [INFO] NTP:offset = 0.003 s, delay = 0.014 s 
client 2023-07-09 10:58:14,308 [INFO] Sending command to the server: 'time'
client 2023-07-09 10:58:14,311 [INFO] Got response: '1688896694.3126976'
client 2023-07-09 10:58:14,311 [INFO] The time difference between the client and the server is within range -4.318 ms..-0.902 ms
client 2023-07-09 10:58:14,311 [INFO] Sending command to the server: 'session,2023-07-09_09-58-14,start,ranging'
client 2023-07-09 10:58:42,422 [INFO] Got response: 'OK'
client 2023-07-09 10:58:42,423 [INFO] Sending command to the server: 'time'
client 2023-07-09 10:58:42,427 [INFO] Got response: '1688896722.4272547'
client 2023-07-09 10:58:42,428 [INFO] The time difference between the client and the server is within range -3.856 ms..0.840 ms
client 2023-07-09 10:58:42,428 [INFO] Running the workload 'CM_MLPERF_RUN_COUNT=$(cat ${CM_RUN_DIR}/count.txt); echo ${CM_MLPERF_RUN_COUNT}; CM_MLPERF_RUN_COUNT=$((CM_MLPERF_RUN_COUNT+1)); echo ${CM_MLPERF_RUN_COUNT} > ${CM_RUN_DIR}/count.txt && if [ ${CM_MLPERF_RUN_COUNT} -eq "1" ]; then export CM_MLPERF_USER_CONF=${CM_MLPERF_RANGING_USER_CONF}; else export CM_MLPERF_USER_CONF=${CM_MLPERF_TESTING_USER_CONF}; fi && /home/arjun/run.out'
client 2023-07-09 11:03:48,386 [INFO] Sending command to the server: 'time'
client 2023-07-09 11:03:48,414 [INFO] Got response: '1688897028.4158194'
client 2023-07-09 11:03:48,415 [INFO] The time difference between the client and the server is within range -29.134 ms..-0.887 ms
client 2023-07-09 11:03:48,415 [INFO] Sending command to the server: 'session,2023-07-09_09-58-14,stop,ranging'
client 2023-07-09 11:03:59,481 [INFO] Got response: 'OK'
client 2023-07-09 11:03:59,481 [INFO] Sending command to the server: 'time'
client 2023-07-09 11:03:59,485 [INFO] Got response: '1688897039.4854033'
client 2023-07-09 11:03:59,485 [INFO] The time difference between the client and the server is within range -3.757 ms..-0.061 ms
client 2023-07-09 11:03:59,512 [INFO] Copying loadgen logs from '/home/arjun/mobilenet_results/valid_results/orin-tflite_cpp-cpu-tflite-vmaster-default_config/mobilenet-v1-precision_uint8-1.0-128/singlestream/performance/run_1' to '/home/arjun/mobilenet_results/valid_results/orin-tflite_cpp-cpu-tflite-vmaster-default_config/mobilenet-v1-precision_uint8-1.0-128/singlestream/performance/tmp_power/ranging'
client 2023-07-09 11:03:59,530 [INFO] Running workload in testing mode
client 2023-07-09 11:03:59,531 [INFO] Synchronizing with the server and with time.google.com...
client 2023-07-09 11:03:59,552 [INFO] NTP:offset = 0.003 s, delay = 0.016 s 
client 2023-07-09 11:03:59,552 [INFO] Sending command to the server: 'time'
client 2023-07-09 11:03:59,556 [INFO] Got response: '1688897039.5567403'
client 2023-07-09 11:03:59,556 [INFO] The time difference between the client and the server is within range -4.476 ms..-0.482 ms
client 2023-07-09 11:03:59,556 [INFO] Sending command to the server: 'session,2023-07-09_09-58-14,start,testing'
client 2023-07-09 11:04:12,579 [INFO] Got response: 'OK'
client 2023-07-09 11:04:12,579 [INFO] Sending command to the server: 'time'
client 2023-07-09 11:04:12,583 [INFO] Got response: '1688897052.583747'
client 2023-07-09 11:04:12,583 [INFO] The time difference between the client and the server is within range -3.963 ms..0.099 ms
client 2023-07-09 11:04:12,584 [INFO] Running the workload 'CM_MLPERF_RUN_COUNT=$(cat ${CM_RUN_DIR}/count.txt); echo ${CM_MLPERF_RUN_COUNT}; CM_MLPERF_RUN_COUNT=$((CM_MLPERF_RUN_COUNT+1)); echo ${CM_MLPERF_RUN_COUNT} > ${CM_RUN_DIR}/count.txt && if [ ${CM_MLPERF_RUN_COUNT} -eq "1" ]; then export CM_MLPERF_USER_CONF=${CM_MLPERF_RANGING_USER_CONF}; else export CM_MLPERF_USER_CONF=${CM_MLPERF_TESTING_USER_CONF}; fi && /home/arjun/run.out'
client 2023-07-09 11:14:24,198 [INFO] Sending command to the server: 'time'
client 2023-07-09 11:14:24,222 [INFO] Got response: '1688897664.222674'
client 2023-07-09 11:14:24,222 [INFO] The time difference between the client and the server is within range -24.594 ms..-0.007 ms
client 2023-07-09 11:14:24,222 [INFO] Sending command to the server: 'session,2023-07-09_09-58-14,stop,testing'
client 2023-07-09 11:14:34,633 [INFO] Got response: 'OK'
client 2023-07-09 11:14:34,634 [INFO] Sending command to the server: 'time'
client 2023-07-09 11:14:34,638 [INFO] Got response: '1688897674.6380389'
client 2023-07-09 11:14:34,638 [INFO] The time difference between the client and the server is within range -3.843 ms..0.552 ms
client 2023-07-09 11:14:34,643 [INFO] Copying loadgen logs from '/home/arjun/mobilenet_results/valid_results/orin-tflite_cpp-cpu-tflite-vmaster-default_config/mobilenet-v1-precision_uint8-1.0-128/singlestream/performance/run_1' to '/home/arjun/mobilenet_results/valid_results/orin-tflite_cpp-cpu-tflite-vmaster-default_config/mobilenet-v1-precision_uint8-1.0-128/singlestream/performance/tmp_power/run_1'
client 2023-07-09 11:14:34,645 [INFO] Done runs
