client 2023-08-10 15:56:17,126 [INFO] Creating output directory '/home/arjun/mobilenet_results/valid_results/orin-tflite_cpp-cpu-tflite-vmaster-with_live_preprocessing/mobilenet-v1-precision_float-0.75-192/singlestream/performance/tmp_power'
client 2023-08-10 15:56:17,128 [INFO] Sending command to the server: 'mlcommons/power client v3'
client 2023-08-10 15:56:17,132 [INFO] Got response: 'mlcommons/power server v3'
client 2023-08-10 15:56:17,132 [INFO] Synchronizing with the server and with time.google.com...
client 2023-08-10 15:56:17,152 [INFO] NTP:offset = -0.004 s, delay = 0.017 s 
client 2023-08-10 15:56:17,152 [INFO] Sending command to the server: 'time'
client 2023-08-10 15:56:17,155 [INFO] Got response: '1691679377.1275272'
client 2023-08-10 15:56:17,155 [INFO] The time difference between the client and the server is within range 25.368 ms..28.370 ms
client 2023-08-10 15:56:17,155 [INFO] Sending command to the server: 'new,,f800aa19-6bfe-48a4-ba8b-4da4500fc23b'
client 2023-08-10 15:56:17,160 [INFO] Got response: 'OK 2023-08-10_15-56-17,d8edf3f5-d8dc-40b3-b807-a2f42c438b89'
client 2023-08-10 15:56:17,160 [INFO] Session id is '2023-08-10_15-56-17'
client 2023-08-10 15:56:17,160 [INFO] Sources: {"sources": {"__init__.py": "da39a3ee5e6b4b0d3255bfef95601890afd80709", "client.py": "33ca4f26368777ac06e01f9567b714a4b8063886", "lib/__init__.py": "da39a3ee5e6b4b0d3255bfef95601890afd80709", "lib/client.py": "ac2aa093c8e8bbc9569b9e2a3471bc64e58a2258", "lib/common.py": "611d8b29633d331eb19c9455ea3b5fa3284ed6df", "lib/external/__init__.py": "da39a3ee5e6b4b0d3255bfef95601890afd80709", "lib/external/ntplib.py": "4da8f970656505a40483206ef2b5d3dd5e81711d", "lib/server.py": "c7af63c31bb2fbedea4345f571f6e3507d268ada", "lib/source_hashes.py": "60a2e02193209e8d392803326208d5466342da18", "lib/summary.py": "aa92f0a3f975eecd44d3c0cd0236342ccc9f941d", "lib/time_sync.py": "80894ef2389e540781ff78de94db16aa4203a14e", "server.py": "c3f90f2f7eeb4db30727556d0c815ebc89b3d28b", "tests/unit/__init__.py": "da39a3ee5e6b4b0d3255bfef95601890afd80709", "tests/unit/test_server.py": "948c1995d4008bc2aa6c4046a34ffa3858d6d671", "tests/unit/test_source_hashes.py": "00468a2907583c593e6574a1f6b404e4651c221a"}, "modules": {"ptd_client_server.lib.client": "lib/client.py", "ptd_client_server.lib.common": "lib/common.py", "ptd_client_server.lib.external.ntplib": "lib/external/ntplib.py", "ptd_client_server.lib.source_hashes": "lib/source_hashes.py", "ptd_client_server.lib.summary": "lib/summary.py", "ptd_client_server.lib.time_sync": "lib/time_sync.py"}}
client 2023-08-10 15:56:17,160 [INFO] Running workload in ranging mode
client 2023-08-10 15:56:17,160 [INFO] Synchronizing with the server and with time.google.com...
client 2023-08-10 15:56:17,175 [INFO] NTP:offset = -0.004 s, delay = 0.014 s 
client 2023-08-10 15:56:17,175 [INFO] Sending command to the server: 'time'
client 2023-08-10 15:56:17,178 [INFO] Got response: '1691679377.1577754'
client 2023-08-10 15:56:17,178 [INFO] The time difference between the client and the server is within range 18.102 ms..20.473 ms
client 2023-08-10 15:56:17,178 [INFO] Sending command to the server: 'session,2023-08-10_15-56-17,start,ranging'
client 2023-08-10 15:56:45,880 [INFO] Got response: 'OK'
client 2023-08-10 15:56:45,880 [INFO] Sending command to the server: 'time'
client 2023-08-10 15:56:45,883 [INFO] Got response: '1691679405.8564165'
client 2023-08-10 15:56:45,883 [INFO] The time difference between the client and the server is within range 24.142 ms..27.553 ms
client 2023-08-10 15:56:45,884 [INFO] Running the workload 'CM_MLPERF_RUN_COUNT=$(cat ${CM_RUN_DIR}/count.txt); echo ${CM_MLPERF_RUN_COUNT}; CM_MLPERF_RUN_COUNT=$((CM_MLPERF_RUN_COUNT+1)); echo ${CM_MLPERF_RUN_COUNT} > ${CM_RUN_DIR}/count.txt && if [ ${CM_MLPERF_RUN_COUNT} -eq "1" ]; then export CM_MLPERF_USER_CONF=${CM_MLPERF_RANGING_USER_CONF}; else export CM_MLPERF_USER_CONF=${CM_MLPERF_TESTING_USER_CONF}; fi && /mount/CM/repos/ctuning@mlcommons-ck/cm-mlops/script/run-all-mlperf-models/run.out'
client 2023-08-10 16:01:47,244 [INFO] Sending command to the server: 'time'
client 2023-08-10 16:01:47,247 [INFO] Got response: '1691679707.218408'
client 2023-08-10 16:01:47,247 [INFO] The time difference between the client and the server is within range 25.682 ms..29.265 ms
client 2023-08-10 16:01:47,247 [INFO] Sending command to the server: 'session,2023-08-10_15-56-17,stop,ranging'
client 2023-08-10 16:01:58,330 [INFO] Got response: 'OK'
client 2023-08-10 16:01:58,330 [INFO] Sending command to the server: 'time'
client 2023-08-10 16:01:58,332 [INFO] Got response: '1691679718.3065946'
client 2023-08-10 16:01:58,332 [INFO] The time difference between the client and the server is within range 23.829 ms..26.071 ms
client 2023-08-10 16:01:58,336 [INFO] Copying loadgen logs from '/home/arjun/mobilenet_results/valid_results/orin-tflite_cpp-cpu-tflite-vmaster-with_live_preprocessing/mobilenet-v1-precision_float-0.75-192/singlestream/performance/run_1' to '/home/arjun/mobilenet_results/valid_results/orin-tflite_cpp-cpu-tflite-vmaster-with_live_preprocessing/mobilenet-v1-precision_float-0.75-192/singlestream/performance/tmp_power/ranging'
client 2023-08-10 16:01:58,337 [INFO] Running workload in testing mode
client 2023-08-10 16:01:58,337 [INFO] Synchronizing with the server and with time.google.com...
client 2023-08-10 16:01:58,352 [INFO] NTP:offset = -0.005 s, delay = 0.014 s 
client 2023-08-10 16:01:58,352 [INFO] Sending command to the server: 'time'
client 2023-08-10 16:01:58,354 [INFO] Got response: '1691679718.3272357'
client 2023-08-10 16:01:58,354 [INFO] The time difference between the client and the server is within range 25.645 ms..27.729 ms
client 2023-08-10 16:01:58,355 [INFO] Sending command to the server: 'session,2023-08-10_15-56-17,start,testing'
client 2023-08-10 16:02:11,398 [INFO] Got response: 'OK'
client 2023-08-10 16:02:11,398 [INFO] Sending command to the server: 'time'
client 2023-08-10 16:02:11,401 [INFO] Got response: '1691679731.37624'
client 2023-08-10 16:02:11,401 [INFO] The time difference between the client and the server is within range 22.276 ms..25.482 ms
client 2023-08-10 16:02:11,401 [INFO] Running the workload 'CM_MLPERF_RUN_COUNT=$(cat ${CM_RUN_DIR}/count.txt); echo ${CM_MLPERF_RUN_COUNT}; CM_MLPERF_RUN_COUNT=$((CM_MLPERF_RUN_COUNT+1)); echo ${CM_MLPERF_RUN_COUNT} > ${CM_RUN_DIR}/count.txt && if [ ${CM_MLPERF_RUN_COUNT} -eq "1" ]; then export CM_MLPERF_USER_CONF=${CM_MLPERF_RANGING_USER_CONF}; else export CM_MLPERF_USER_CONF=${CM_MLPERF_TESTING_USER_CONF}; fi && /mount/CM/repos/ctuning@mlcommons-ck/cm-mlops/script/run-all-mlperf-models/run.out'
client 2023-08-10 16:12:13,599 [INFO] Sending command to the server: 'time'
client 2023-08-10 16:12:13,603 [INFO] Got response: '1691680333.5640743'
client 2023-08-10 16:12:13,603 [INFO] The time difference between the client and the server is within range 35.148 ms..39.767 ms
client 2023-08-10 16:12:13,603 [INFO] Sending command to the server: 'session,2023-08-10_15-56-17,stop,testing'
client 2023-08-10 16:12:24,460 [INFO] Got response: 'OK'
client 2023-08-10 16:12:24,460 [INFO] Sending command to the server: 'time'
client 2023-08-10 16:12:24,462 [INFO] Got response: '1691680344.4214883'
client 2023-08-10 16:12:24,462 [INFO] The time difference between the client and the server is within range 39.251 ms..41.001 ms
client 2023-08-10 16:12:24,463 [INFO] Copying loadgen logs from '/home/arjun/mobilenet_results/valid_results/orin-tflite_cpp-cpu-tflite-vmaster-with_live_preprocessing/mobilenet-v1-precision_float-0.75-192/singlestream/performance/run_1' to '/home/arjun/mobilenet_results/valid_results/orin-tflite_cpp-cpu-tflite-vmaster-with_live_preprocessing/mobilenet-v1-precision_float-0.75-192/singlestream/performance/tmp_power/run_1'
client 2023-08-10 16:12:24,464 [INFO] Done runs
