client 2023-07-12 00:19:30,570 [INFO] Creating output directory '/home/arjun/mobilenet_results/valid_results/orin-tflite_armnn_cpp-cpu-armnn_tflite-v22.11-using_neon/mobilenet-v2-precision_float-0.5-224/singlestream/performance/tmp_power'
client 2023-07-12 00:19:30,572 [INFO] Sending command to the server: 'mlcommons/power client v3'
client 2023-07-12 00:19:30,576 [INFO] Got response: 'mlcommons/power server v3'
client 2023-07-12 00:19:30,576 [INFO] Synchronizing with the server and with time.google.com...
client 2023-07-12 00:19:30,611 [INFO] NTP:offset = -0.008 s, delay = 0.013 s 
client 2023-07-12 00:19:30,611 [INFO] Sending command to the server: 'time'
client 2023-07-12 00:19:30,614 [INFO] Got response: '1689117570.5131721'
client 2023-07-12 00:19:30,614 [INFO] The time difference between the client and the server is within range 97.988 ms..101.617 ms
client 2023-07-12 00:19:30,614 [INFO] Sending command to the server: 'new,,4c1f5d55-74ab-4b21-ac9f-5a0587a2dd78'
client 2023-07-12 00:19:30,619 [INFO] Got response: 'OK 2023-07-12_00-19-30,17204989-fdd2-4bdf-96f5-cde156a83303'
client 2023-07-12 00:19:30,619 [INFO] Session id is '2023-07-12_00-19-30'
client 2023-07-12 00:19:30,619 [INFO] Sources: {"sources": {"__init__.py": "da39a3ee5e6b4b0d3255bfef95601890afd80709", "client.py": "33ca4f26368777ac06e01f9567b714a4b8063886", "lib/__init__.py": "da39a3ee5e6b4b0d3255bfef95601890afd80709", "lib/client.py": "ac2aa093c8e8bbc9569b9e2a3471bc64e58a2258", "lib/common.py": "611d8b29633d331eb19c9455ea3b5fa3284ed6df", "lib/external/__init__.py": "da39a3ee5e6b4b0d3255bfef95601890afd80709", "lib/external/ntplib.py": "4da8f970656505a40483206ef2b5d3dd5e81711d", "lib/server.py": "c7af63c31bb2fbedea4345f571f6e3507d268ada", "lib/source_hashes.py": "60a2e02193209e8d392803326208d5466342da18", "lib/summary.py": "aa92f0a3f975eecd44d3c0cd0236342ccc9f941d", "lib/time_sync.py": "122eba67a9abc85635223e054def53be1367ade2", "server.py": "c3f90f2f7eeb4db30727556d0c815ebc89b3d28b", "tests/unit/__init__.py": "da39a3ee5e6b4b0d3255bfef95601890afd80709", "tests/unit/test_server.py": "948c1995d4008bc2aa6c4046a34ffa3858d6d671", "tests/unit/test_source_hashes.py": "00468a2907583c593e6574a1f6b404e4651c221a"}, "modules": {"ptd_client_server.lib.client": "lib/client.py", "ptd_client_server.lib.common": "lib/common.py", "ptd_client_server.lib.external.ntplib": "lib/external/ntplib.py", "ptd_client_server.lib.source_hashes": "lib/source_hashes.py", "ptd_client_server.lib.summary": "lib/summary.py", "ptd_client_server.lib.time_sync": "lib/time_sync.py"}}
client 2023-07-12 00:19:30,619 [INFO] Running workload in ranging mode
client 2023-07-12 00:19:30,619 [INFO] Synchronizing with the server and with time.google.com...
client 2023-07-12 00:19:30,636 [INFO] NTP:offset = -0.008 s, delay = 0.016 s 
client 2023-07-12 00:19:30,636 [INFO] Sending command to the server: 'time'
client 2023-07-12 00:19:30,639 [INFO] Got response: '1689117570.5431414'
client 2023-07-12 00:19:30,640 [INFO] The time difference between the client and the server is within range 93.541 ms..96.893 ms
client 2023-07-12 00:19:30,640 [INFO] Sending command to the server: 'session,2023-07-12_00-19-30,start,ranging'
client 2023-07-12 00:19:59,250 [INFO] Got response: 'OK'
client 2023-07-12 00:19:59,251 [INFO] Sending command to the server: 'time'
client 2023-07-12 00:19:59,255 [INFO] Got response: '1689117599.1539438'
client 2023-07-12 00:19:59,255 [INFO] The time difference between the client and the server is within range 97.696 ms..101.846 ms
client 2023-07-12 00:19:59,256 [INFO] Running the workload 'CM_MLPERF_RUN_COUNT=$(cat ${CM_RUN_DIR}/count.txt); echo ${CM_MLPERF_RUN_COUNT}; CM_MLPERF_RUN_COUNT=$((CM_MLPERF_RUN_COUNT+1)); echo ${CM_MLPERF_RUN_COUNT} > ${CM_RUN_DIR}/count.txt && if [ ${CM_MLPERF_RUN_COUNT} -eq "1" ]; then export CM_MLPERF_USER_CONF=${CM_MLPERF_RANGING_USER_CONF}; else export CM_MLPERF_USER_CONF=${CM_MLPERF_TESTING_USER_CONF}; fi && /home/arjun/run.out'
client 2023-07-12 00:25:00,909 [INFO] Sending command to the server: 'time'
client 2023-07-12 00:25:00,912 [INFO] Got response: '1689117900.8174412'
client 2023-07-12 00:25:00,913 [INFO] The time difference between the client and the server is within range 91.909 ms..95.546 ms
client 2023-07-12 00:25:00,913 [INFO] Sending command to the server: 'session,2023-07-12_00-19-30,stop,ranging'
client 2023-07-12 00:25:11,467 [INFO] Got response: 'OK'
client 2023-07-12 00:25:11,468 [INFO] Sending command to the server: 'time'
client 2023-07-12 00:25:11,471 [INFO] Got response: '1689117911.374523'
client 2023-07-12 00:25:11,471 [INFO] The time difference between the client and the server is within range 93.517 ms..97.179 ms
client 2023-07-12 00:25:11,491 [INFO] Copying loadgen logs from '/home/arjun/mobilenet_results/valid_results/orin-tflite_armnn_cpp-cpu-armnn_tflite-v22.11-using_neon/mobilenet-v2-precision_float-0.5-224/singlestream/performance/run_1' to '/home/arjun/mobilenet_results/valid_results/orin-tflite_armnn_cpp-cpu-armnn_tflite-v22.11-using_neon/mobilenet-v2-precision_float-0.5-224/singlestream/performance/tmp_power/ranging'
client 2023-07-12 00:25:11,493 [INFO] Running workload in testing mode
client 2023-07-12 00:25:11,494 [INFO] Synchronizing with the server and with time.google.com...
client 2023-07-12 00:25:11,516 [INFO] NTP:offset = -0.008 s, delay = 0.017 s 
client 2023-07-12 00:25:11,516 [INFO] Sending command to the server: 'time'
client 2023-07-12 00:25:11,520 [INFO] Got response: '1689117911.4246173'
client 2023-07-12 00:25:11,520 [INFO] The time difference between the client and the server is within range 92.247 ms..95.600 ms
client 2023-07-12 00:25:11,520 [INFO] Sending command to the server: 'session,2023-07-12_00-19-30,start,testing'
client 2023-07-12 00:25:24,563 [INFO] Got response: 'OK'
client 2023-07-12 00:25:24,564 [INFO] Sending command to the server: 'time'
client 2023-07-12 00:25:24,567 [INFO] Got response: '1689117924.479899'
client 2023-07-12 00:25:24,567 [INFO] The time difference between the client and the server is within range 84.112 ms..87.797 ms
client 2023-07-12 00:25:24,567 [INFO] Running the workload 'CM_MLPERF_RUN_COUNT=$(cat ${CM_RUN_DIR}/count.txt); echo ${CM_MLPERF_RUN_COUNT}; CM_MLPERF_RUN_COUNT=$((CM_MLPERF_RUN_COUNT+1)); echo ${CM_MLPERF_RUN_COUNT} > ${CM_RUN_DIR}/count.txt && if [ ${CM_MLPERF_RUN_COUNT} -eq "1" ]; then export CM_MLPERF_USER_CONF=${CM_MLPERF_RANGING_USER_CONF}; else export CM_MLPERF_USER_CONF=${CM_MLPERF_TESTING_USER_CONF}; fi && /home/arjun/run.out'
client 2023-07-12 00:35:27,530 [INFO] Sending command to the server: 'time'
client 2023-07-12 00:35:27,533 [INFO] Got response: '1689118527.458931'
client 2023-07-12 00:35:27,533 [INFO] The time difference between the client and the server is within range 71.580 ms..74.956 ms
client 2023-07-12 00:35:27,533 [INFO] Sending command to the server: 'session,2023-07-12_00-19-30,stop,testing'
client 2023-07-12 00:35:37,654 [INFO] Got response: 'OK'
client 2023-07-12 00:35:37,655 [INFO] Sending command to the server: 'time'
client 2023-07-12 00:35:37,659 [INFO] Got response: '1689118537.5764372'
client 2023-07-12 00:35:37,659 [INFO] The time difference between the client and the server is within range 79.056 ms..82.906 ms
client 2023-07-12 00:35:37,663 [INFO] Copying loadgen logs from '/home/arjun/mobilenet_results/valid_results/orin-tflite_armnn_cpp-cpu-armnn_tflite-v22.11-using_neon/mobilenet-v2-precision_float-0.5-224/singlestream/performance/run_1' to '/home/arjun/mobilenet_results/valid_results/orin-tflite_armnn_cpp-cpu-armnn_tflite-v22.11-using_neon/mobilenet-v2-precision_float-0.5-224/singlestream/performance/tmp_power/run_1'
client 2023-07-12 00:35:37,665 [INFO] Done runs
