client 2023-08-11 17:14:29,768 [INFO] Sending command to the server: 'mlcommons/power client v3'
client 2023-08-11 17:14:29,769 [INFO] Got response: 'mlcommons/power server v3'
client 2023-08-11 17:14:29,770 [INFO] Sending command to the server: 'stop'
client 2023-08-11 17:14:29,770 [INFO] Got response: 'OK'
client 2023-08-11 17:14:29,770 [INFO] Synchronizing with the server and with ib-01.dc4-in.nvidia.com...
client 2023-08-11 17:14:29,996 [INFO] NTP:offset = -0.000 s, delay = 0.215 s 
client 2023-08-11 17:14:29,996 [INFO] Sending command to the server: 'time'
client 2023-08-11 17:14:29,997 [INFO] Got response: '1691774069.9973454'
client 2023-08-11 17:14:29,997 [INFO] The time difference between the client and the server is within range -0.948 ms..0.310 ms
client 2023-08-11 17:14:29,997 [INFO] Sending command to the server: 'new,,793c02d5-994e-4082-b63d-047dc1aa520c'
client 2023-08-11 17:14:29,999 [INFO] Got response: 'OK 2023-08-11_10-14-29,1a2dab8d-8d88-4f5c-a949-dfa8112a49c8'
client 2023-08-11 17:14:29,999 [INFO] Session id is '2023-08-11_10-14-29'
client 2023-08-11 17:14:29,999 [INFO] Sources: {"sources": {"__init__.py": "da39a3ee5e6b4b0d3255bfef95601890afd80709", "client.py": "33ca4f26368777ac06e01f9567b714a4b8063886", "lib/__init__.py": "da39a3ee5e6b4b0d3255bfef95601890afd80709", "lib/client.py": "ac2aa093c8e8bbc9569b9e2a3471bc64e58a2258", "lib/common.py": "611d8b29633d331eb19c9455ea3b5fa3284ed6df", "lib/external/__init__.py": "da39a3ee5e6b4b0d3255bfef95601890afd80709", "lib/external/ntplib.py": "4da8f970656505a40483206ef2b5d3dd5e81711d", "lib/server.py": "c7af63c31bb2fbedea4345f571f6e3507d268ada", "lib/source_hashes.py": "60a2e02193209e8d392803326208d5466342da18", "lib/summary.py": "aa92f0a3f975eecd44d3c0cd0236342ccc9f941d", "lib/time_sync.py": "122eba67a9abc85635223e054def53be1367ade2", "server.py": "c3f90f2f7eeb4db30727556d0c815ebc89b3d28b", "tests/unit/__init__.py": "da39a3ee5e6b4b0d3255bfef95601890afd80709", "tests/unit/test_server.py": "948c1995d4008bc2aa6c4046a34ffa3858d6d671", "tests/unit/test_source_hashes.py": "00468a2907583c593e6574a1f6b404e4651c221a"}, "modules": {"ptd_client_server.lib.client": "lib/client.py", "ptd_client_server.lib.common": "lib/common.py", "ptd_client_server.lib.external.ntplib": "lib/external/ntplib.py", "ptd_client_server.lib.source_hashes": "lib/source_hashes.py", "ptd_client_server.lib.summary": "lib/summary.py", "ptd_client_server.lib.time_sync": "lib/time_sync.py"}}
client 2023-08-11 17:14:30,001 [INFO] Running workload in ranging mode
client 2023-08-11 17:14:30,001 [INFO] Synchronizing with the server and with ib-01.dc4-in.nvidia.com...
client 2023-08-11 17:14:30,221 [INFO] NTP:offset = -0.000 s, delay = 0.215 s 
client 2023-08-11 17:14:30,221 [INFO] Sending command to the server: 'time'
client 2023-08-11 17:14:30,223 [INFO] Got response: '1691774070.2228289'
client 2023-08-11 17:14:30,223 [INFO] The time difference between the client and the server is within range -0.925 ms..0.271 ms
client 2023-08-11 17:14:30,223 [INFO] Sending command to the server: 'session,2023-08-11_10-14-29,start,ranging'
client 2023-08-11 17:15:10,145 [INFO] Got response: 'OK'
client 2023-08-11 17:15:10,145 [INFO] Sending command to the server: 'time'
client 2023-08-11 17:15:10,146 [INFO] Got response: '1691774110.1462653'
client 2023-08-11 17:15:10,146 [INFO] The time difference between the client and the server is within range -1.046 ms..0.077 ms
client 2023-08-11 17:15:10,146 [INFO] Running the workload 'LOG_DIR=/work/build/power_logs_temp python3.8 -m code.main --benchmarks=dlrmv2 --scenarios=Server --config_ver=high_accuracy_maxq --test_mode=PerformanceOnly --action="run_harness" \\\n\t\t2>&1 | tee -a /work/build/power_logs/2023.08.11-17.13.40/stdout.txt \\\n\t\t&& if [ ! -d /work/build/power_logs/2023.08.11-17.13.40/ranging_tmp ]; \\\n\t\t\tthen mkdir /work/build/power_logs/2023.08.11-17.13.40/ranging_tmp \\\n\t\t\t\t&& mv /work/build/power_logs_temp/* /work/build/power_logs/2023.08.11-17.13.40/ranging_tmp/ \\\n\t\t\t\t&& cp -v /work/build/power_logs/2023.08.11-17.13.40/ranging_tmp/*/*/*/mlperf_log_detail.txt /work/build/power_logs_temp/ \\\n\t\t\t\t&& cp -v /work/build/power_logs/2023.08.11-17.13.40/ranging_tmp/*/*/*/mlperf_log_summary.txt /work/build/power_logs_temp/; \\\n\t\t\telse mkdir /work/build/power_logs/2023.08.11-17.13.40/testing_tmp \\\n\t\t\t\t&& mv /work/build/power_logs_temp/* /work/build/power_logs/2023.08.11-17.13.40/testing_tmp/ \\\n\t\t\t\t&& cp -v /work/build/power_logs/2023.08.11-17.13.40/testing_tmp/*/*/*/mlperf_log_detail.txt /work/build/power_logs_temp/ \\\n\t\t\t\t&& cp -v /work/build/power_logs/2023.08.11-17.13.40/testing_tmp/*/*/*/mlperf_log_summary.txt /work/build/power_logs_temp/; fi'
client 2023-08-11 17:35:16,312 [INFO] Sending command to the server: 'time'
client 2023-08-11 17:35:16,313 [INFO] Got response: '1691775316.3148375'
client 2023-08-11 17:35:16,313 [INFO] The time difference between the client and the server is within range -2.706 ms..-0.994 ms
client 2023-08-11 17:35:16,313 [INFO] Sending command to the server: 'session,2023-08-11_10-14-29,stop,ranging'
client 2023-08-11 17:35:27,235 [INFO] Got response: 'OK'
client 2023-08-11 17:35:27,235 [INFO] Sending command to the server: 'time'
client 2023-08-11 17:35:27,236 [INFO] Got response: '1691775327.2379568'
client 2023-08-11 17:35:27,236 [INFO] The time difference between the client and the server is within range -2.144 ms..-1.243 ms
client 2023-08-11 17:35:27,292 [INFO] Copying loadgen logs from '/work/build/power_logs_temp' to '/work/build/power_logs/2023.08.11-17.13.40/2023-08-11_10-14-29/ranging'
client 2023-08-11 17:35:27,303 [INFO] Running workload in testing mode
client 2023-08-11 17:35:27,303 [INFO] Synchronizing with the server and with ib-01.dc4-in.nvidia.com...
client 2023-08-11 17:35:27,527 [INFO] NTP:offset = 0.000 s, delay = 0.216 s 
client 2023-08-11 17:35:27,527 [INFO] Sending command to the server: 'time'
client 2023-08-11 17:35:27,528 [INFO] Got response: '1691775327.529607'
client 2023-08-11 17:35:27,528 [INFO] The time difference between the client and the server is within range -2.313 ms..-1.086 ms
client 2023-08-11 17:35:27,528 [INFO] Sending command to the server: 'session,2023-08-11_10-14-29,start,testing'
client 2023-08-11 17:35:49,154 [INFO] Got response: 'OK'
client 2023-08-11 17:35:49,154 [INFO] Sending command to the server: 'time'
client 2023-08-11 17:35:49,155 [INFO] Got response: '1691775349.1569116'
client 2023-08-11 17:35:49,155 [INFO] The time difference between the client and the server is within range -2.348 ms..-1.161 ms
client 2023-08-11 17:35:49,155 [INFO] Running the workload 'LOG_DIR=/work/build/power_logs_temp python3.8 -m code.main --benchmarks=dlrmv2 --scenarios=Server --config_ver=high_accuracy_maxq --test_mode=PerformanceOnly --action="run_harness" \\\n\t\t2>&1 | tee -a /work/build/power_logs/2023.08.11-17.13.40/stdout.txt \\\n\t\t&& if [ ! -d /work/build/power_logs/2023.08.11-17.13.40/ranging_tmp ]; \\\n\t\t\tthen mkdir /work/build/power_logs/2023.08.11-17.13.40/ranging_tmp \\\n\t\t\t\t&& mv /work/build/power_logs_temp/* /work/build/power_logs/2023.08.11-17.13.40/ranging_tmp/ \\\n\t\t\t\t&& cp -v /work/build/power_logs/2023.08.11-17.13.40/ranging_tmp/*/*/*/mlperf_log_detail.txt /work/build/power_logs_temp/ \\\n\t\t\t\t&& cp -v /work/build/power_logs/2023.08.11-17.13.40/ranging_tmp/*/*/*/mlperf_log_summary.txt /work/build/power_logs_temp/; \\\n\t\t\telse mkdir /work/build/power_logs/2023.08.11-17.13.40/testing_tmp \\\n\t\t\t\t&& mv /work/build/power_logs_temp/* /work/build/power_logs/2023.08.11-17.13.40/testing_tmp/ \\\n\t\t\t\t&& cp -v /work/build/power_logs/2023.08.11-17.13.40/testing_tmp/*/*/*/mlperf_log_detail.txt /work/build/power_logs_temp/ \\\n\t\t\t\t&& cp -v /work/build/power_logs/2023.08.11-17.13.40/testing_tmp/*/*/*/mlperf_log_summary.txt /work/build/power_logs_temp/; fi'
client 2023-08-11 17:55:55,880 [INFO] Sending command to the server: 'time'
client 2023-08-11 17:55:55,881 [INFO] Got response: '1691776555.88185'
client 2023-08-11 17:55:55,881 [INFO] The time difference between the client and the server is within range -1.693 ms..-0.010 ms
client 2023-08-11 17:55:55,881 [INFO] Sending command to the server: 'session,2023-08-11_10-14-29,stop,testing'
client 2023-08-11 17:56:06,212 [INFO] Got response: 'OK'
client 2023-08-11 17:56:06,212 [INFO] Sending command to the server: 'time'
client 2023-08-11 17:56:06,213 [INFO] Got response: '1691776566.2133198'
client 2023-08-11 17:56:06,213 [INFO] The time difference between the client and the server is within range -1.145 ms..-0.245 ms
client 2023-08-11 17:56:06,254 [INFO] Copying loadgen logs from '/work/build/power_logs_temp' to '/work/build/power_logs/2023.08.11-17.13.40/2023-08-11_10-14-29/run_1'
client 2023-08-11 17:56:06,266 [INFO] Done runs
