client 2023-08-11 00:45:33,791 [INFO] Creating output directory '/home/arjun/mobilenet_results/valid_results/orin-tflite_cpp-cpu-tflite-vmaster-with_live_preprocessing/mobilenet-v3-precision_float-small-minimalistic-224/singlestream/performance/tmp_power'
client 2023-08-11 00:45:33,793 [INFO] Sending command to the server: 'mlcommons/power client v3'
client 2023-08-11 00:45:33,795 [INFO] Got response: 'mlcommons/power server v3'
client 2023-08-11 00:45:33,795 [INFO] Synchronizing with the server and with time.google.com...
client 2023-08-11 00:45:33,815 [INFO] NTP:offset = 0.001 s, delay = 0.017 s 
client 2023-08-11 00:45:33,815 [INFO] Sending command to the server: 'time'
client 2023-08-11 00:45:33,818 [INFO] Got response: '1691711133.7015696'
client 2023-08-11 00:45:33,818 [INFO] The time difference between the client and the server is within range 114.152 ms..117.184 ms
client 2023-08-11 00:45:33,818 [INFO] Sending command to the server: 'new,,de1c2b3f-f9c7-431c-b215-61ce5daaaf65'
client 2023-08-11 00:45:33,822 [INFO] Got response: 'OK 2023-08-11_00-45-33,aa286bd3-c701-4ec2-9681-04056ff7a476'
client 2023-08-11 00:45:33,822 [INFO] Session id is '2023-08-11_00-45-33'
client 2023-08-11 00:45:33,822 [INFO] Sources: {"sources": {"__init__.py": "da39a3ee5e6b4b0d3255bfef95601890afd80709", "client.py": "33ca4f26368777ac06e01f9567b714a4b8063886", "lib/__init__.py": "da39a3ee5e6b4b0d3255bfef95601890afd80709", "lib/client.py": "ac2aa093c8e8bbc9569b9e2a3471bc64e58a2258", "lib/common.py": "611d8b29633d331eb19c9455ea3b5fa3284ed6df", "lib/external/__init__.py": "da39a3ee5e6b4b0d3255bfef95601890afd80709", "lib/external/ntplib.py": "4da8f970656505a40483206ef2b5d3dd5e81711d", "lib/server.py": "c7af63c31bb2fbedea4345f571f6e3507d268ada", "lib/source_hashes.py": "60a2e02193209e8d392803326208d5466342da18", "lib/summary.py": "aa92f0a3f975eecd44d3c0cd0236342ccc9f941d", "lib/time_sync.py": "80894ef2389e540781ff78de94db16aa4203a14e", "server.py": "c3f90f2f7eeb4db30727556d0c815ebc89b3d28b", "tests/unit/__init__.py": "da39a3ee5e6b4b0d3255bfef95601890afd80709", "tests/unit/test_server.py": "948c1995d4008bc2aa6c4046a34ffa3858d6d671", "tests/unit/test_source_hashes.py": "00468a2907583c593e6574a1f6b404e4651c221a"}, "modules": {"ptd_client_server.lib.client": "lib/client.py", "ptd_client_server.lib.common": "lib/common.py", "ptd_client_server.lib.external.ntplib": "lib/external/ntplib.py", "ptd_client_server.lib.source_hashes": "lib/source_hashes.py", "ptd_client_server.lib.summary": "lib/summary.py", "ptd_client_server.lib.time_sync": "lib/time_sync.py"}}
client 2023-08-11 00:45:33,823 [INFO] Running workload in ranging mode
client 2023-08-11 00:45:33,823 [INFO] Synchronizing with the server and with time.google.com...
client 2023-08-11 00:45:33,839 [INFO] NTP:offset = -0.000 s, delay = 0.016 s 
client 2023-08-11 00:45:33,839 [INFO] Sending command to the server: 'time'
client 2023-08-11 00:45:33,842 [INFO] Got response: '1691711133.7217128'
client 2023-08-11 00:45:33,843 [INFO] The time difference between the client and the server is within range 118.184 ms..121.283 ms
client 2023-08-11 00:45:33,843 [INFO] Sending command to the server: 'session,2023-08-11_00-45-33,start,ranging'
client 2023-08-11 00:46:02,521 [INFO] Got response: 'OK'
client 2023-08-11 00:46:02,521 [INFO] Sending command to the server: 'time'
client 2023-08-11 00:46:02,525 [INFO] Got response: '1691711162.406261'
client 2023-08-11 00:46:02,525 [INFO] The time difference between the client and the server is within range 115.052 ms..119.567 ms
client 2023-08-11 00:46:02,525 [INFO] Running the workload 'CM_MLPERF_RUN_COUNT=$(cat ${CM_RUN_DIR}/count.txt); echo ${CM_MLPERF_RUN_COUNT}; CM_MLPERF_RUN_COUNT=$((CM_MLPERF_RUN_COUNT+1)); echo ${CM_MLPERF_RUN_COUNT} > ${CM_RUN_DIR}/count.txt && if [ ${CM_MLPERF_RUN_COUNT} -eq "1" ]; then export CM_MLPERF_USER_CONF=${CM_MLPERF_RANGING_USER_CONF}; else export CM_MLPERF_USER_CONF=${CM_MLPERF_TESTING_USER_CONF}; fi && /mount/CM/repos/ctuning@mlcommons-ck/cm-mlops/script/run-all-mlperf-models/run.out'
client 2023-08-11 00:51:03,866 [INFO] Sending command to the server: 'time'
client 2023-08-11 00:51:03,873 [INFO] Got response: '1691711463.749894'
client 2023-08-11 00:51:03,873 [INFO] The time difference between the client and the server is within range 116.961 ms..123.349 ms
client 2023-08-11 00:51:03,873 [INFO] Sending command to the server: 'session,2023-08-11_00-45-33,stop,ranging'
client 2023-08-11 00:51:14,638 [INFO] Got response: 'OK'
client 2023-08-11 00:51:14,638 [INFO] Sending command to the server: 'time'
client 2023-08-11 00:51:14,640 [INFO] Got response: '1691711474.5228672'
client 2023-08-11 00:51:14,640 [INFO] The time difference between the client and the server is within range 115.667 ms..117.955 ms
client 2023-08-11 00:51:14,644 [INFO] Copying loadgen logs from '/home/arjun/mobilenet_results/valid_results/orin-tflite_cpp-cpu-tflite-vmaster-with_live_preprocessing/mobilenet-v3-precision_float-small-minimalistic-224/singlestream/performance/run_1' to '/home/arjun/mobilenet_results/valid_results/orin-tflite_cpp-cpu-tflite-vmaster-with_live_preprocessing/mobilenet-v3-precision_float-small-minimalistic-224/singlestream/performance/tmp_power/ranging'
client 2023-08-11 00:51:14,645 [INFO] Running workload in testing mode
client 2023-08-11 00:51:14,645 [INFO] Synchronizing with the server and with time.google.com...
client 2023-08-11 00:51:14,660 [INFO] NTP:offset = 0.001 s, delay = 0.014 s 
client 2023-08-11 00:51:14,660 [INFO] Sending command to the server: 'time'
client 2023-08-11 00:51:14,662 [INFO] Got response: '1691711474.5435488'
client 2023-08-11 00:51:14,663 [INFO] The time difference between the client and the server is within range 116.997 ms..119.458 ms
client 2023-08-11 00:51:14,663 [INFO] Sending command to the server: 'session,2023-08-11_00-45-33,start,testing'
client 2023-08-11 00:51:27,708 [INFO] Got response: 'OK'
client 2023-08-11 00:51:27,709 [INFO] Sending command to the server: 'time'
client 2023-08-11 00:51:27,721 [INFO] Got response: '1691711487.5960104'
client 2023-08-11 00:51:27,722 [INFO] The time difference between the client and the server is within range 113.067 ms..126.003 ms
client 2023-08-11 00:51:27,722 [INFO] Running the workload 'CM_MLPERF_RUN_COUNT=$(cat ${CM_RUN_DIR}/count.txt); echo ${CM_MLPERF_RUN_COUNT}; CM_MLPERF_RUN_COUNT=$((CM_MLPERF_RUN_COUNT+1)); echo ${CM_MLPERF_RUN_COUNT} > ${CM_RUN_DIR}/count.txt && if [ ${CM_MLPERF_RUN_COUNT} -eq "1" ]; then export CM_MLPERF_USER_CONF=${CM_MLPERF_RANGING_USER_CONF}; else export CM_MLPERF_USER_CONF=${CM_MLPERF_TESTING_USER_CONF}; fi && /mount/CM/repos/ctuning@mlcommons-ck/cm-mlops/script/run-all-mlperf-models/run.out'
client 2023-08-11 01:01:29,911 [INFO] Sending command to the server: 'time'
client 2023-08-11 01:01:29,915 [INFO] Got response: '1691712089.7882202'
client 2023-08-11 01:01:29,915 [INFO] The time difference between the client and the server is within range 122.972 ms..127.040 ms
client 2023-08-11 01:01:29,915 [INFO] Sending command to the server: 'session,2023-08-11_00-45-33,stop,testing'
client 2023-08-11 01:01:40,785 [INFO] Got response: 'OK'
client 2023-08-11 01:01:40,785 [INFO] Sending command to the server: 'time'
client 2023-08-11 01:01:40,787 [INFO] Got response: '1691712100.6587434'
client 2023-08-11 01:01:40,788 [INFO] The time difference between the client and the server is within range 126.886 ms..129.265 ms
client 2023-08-11 01:01:40,788 [INFO] Copying loadgen logs from '/home/arjun/mobilenet_results/valid_results/orin-tflite_cpp-cpu-tflite-vmaster-with_live_preprocessing/mobilenet-v3-precision_float-small-minimalistic-224/singlestream/performance/run_1' to '/home/arjun/mobilenet_results/valid_results/orin-tflite_cpp-cpu-tflite-vmaster-with_live_preprocessing/mobilenet-v3-precision_float-small-minimalistic-224/singlestream/performance/tmp_power/run_1'
client 2023-08-11 01:01:40,789 [INFO] Done runs
