client 2023-07-11 21:01:52,518 [INFO] Creating output directory '/home/arjun/mobilenet_results/valid_results/orin-tflite_armnn_cpp-cpu-armnn_tflite-v22.11-using_neon/efficientnet-fp32-lite3/singlestream/performance/tmp_power'
client 2023-07-11 21:01:52,538 [INFO] Sending command to the server: 'mlcommons/power client v3'
client 2023-07-11 21:01:52,540 [INFO] Got response: 'mlcommons/power server v3'
client 2023-07-11 21:01:52,540 [INFO] Synchronizing with the server and with time.google.com...
client 2023-07-11 21:01:52,568 [INFO] NTP:offset = -0.006 s, delay = 0.012 s 
client 2023-07-11 21:01:52,568 [INFO] Sending command to the server: 'time'
client 2023-07-11 21:01:52,572 [INFO] Got response: '1689105712.4673784'
client 2023-07-11 21:01:52,572 [INFO] The time difference between the client and the server is within range 101.085 ms..105.086 ms
client 2023-07-11 21:01:52,572 [INFO] Sending command to the server: 'new,,e306df9f-ba8c-443a-8c48-6d948c648a71'
client 2023-07-11 21:01:52,574 [INFO] Got response: 'OK 2023-07-11_21-01-52,5f3c1922-9d2b-4dd1-95dc-2e166f3bdc25'
client 2023-07-11 21:01:52,575 [INFO] Session id is '2023-07-11_21-01-52'
client 2023-07-11 21:01:52,575 [INFO] Sources: {"sources": {"__init__.py": "da39a3ee5e6b4b0d3255bfef95601890afd80709", "client.py": "33ca4f26368777ac06e01f9567b714a4b8063886", "lib/__init__.py": "da39a3ee5e6b4b0d3255bfef95601890afd80709", "lib/client.py": "ac2aa093c8e8bbc9569b9e2a3471bc64e58a2258", "lib/common.py": "611d8b29633d331eb19c9455ea3b5fa3284ed6df", "lib/external/__init__.py": "da39a3ee5e6b4b0d3255bfef95601890afd80709", "lib/external/ntplib.py": "4da8f970656505a40483206ef2b5d3dd5e81711d", "lib/server.py": "c7af63c31bb2fbedea4345f571f6e3507d268ada", "lib/source_hashes.py": "60a2e02193209e8d392803326208d5466342da18", "lib/summary.py": "aa92f0a3f975eecd44d3c0cd0236342ccc9f941d", "lib/time_sync.py": "122eba67a9abc85635223e054def53be1367ade2", "server.py": "c3f90f2f7eeb4db30727556d0c815ebc89b3d28b", "tests/unit/__init__.py": "da39a3ee5e6b4b0d3255bfef95601890afd80709", "tests/unit/test_server.py": "948c1995d4008bc2aa6c4046a34ffa3858d6d671", "tests/unit/test_source_hashes.py": "00468a2907583c593e6574a1f6b404e4651c221a"}, "modules": {"ptd_client_server.lib.client": "lib/client.py", "ptd_client_server.lib.common": "lib/common.py", "ptd_client_server.lib.external.ntplib": "lib/external/ntplib.py", "ptd_client_server.lib.source_hashes": "lib/source_hashes.py", "ptd_client_server.lib.summary": "lib/summary.py", "ptd_client_server.lib.time_sync": "lib/time_sync.py"}}
client 2023-07-11 21:01:52,575 [INFO] Running workload in ranging mode
client 2023-07-11 21:01:52,575 [INFO] Synchronizing with the server and with time.google.com...
client 2023-07-11 21:01:52,592 [INFO] NTP:offset = -0.006 s, delay = 0.016 s 
client 2023-07-11 21:01:52,592 [INFO] Sending command to the server: 'time'
client 2023-07-11 21:01:52,595 [INFO] Got response: '1689105712.4849079'
client 2023-07-11 21:01:52,595 [INFO] The time difference between the client and the server is within range 108.002 ms..110.786 ms
client 2023-07-11 21:01:52,595 [INFO] Sending command to the server: 'session,2023-07-11_21-01-52,start,ranging'
client 2023-07-11 21:02:21,216 [INFO] Got response: 'OK'
client 2023-07-11 21:02:21,217 [INFO] Sending command to the server: 'time'
client 2023-07-11 21:02:21,221 [INFO] Got response: '1689105741.1138794'
client 2023-07-11 21:02:21,221 [INFO] The time difference between the client and the server is within range 103.814 ms..107.773 ms
client 2023-07-11 21:02:21,221 [INFO] Running the workload 'CM_MLPERF_RUN_COUNT=$(cat ${CM_RUN_DIR}/count.txt); echo ${CM_MLPERF_RUN_COUNT}; CM_MLPERF_RUN_COUNT=$((CM_MLPERF_RUN_COUNT+1)); echo ${CM_MLPERF_RUN_COUNT} > ${CM_RUN_DIR}/count.txt && if [ ${CM_MLPERF_RUN_COUNT} -eq "1" ]; then export CM_MLPERF_USER_CONF=${CM_MLPERF_RANGING_USER_CONF}; else export CM_MLPERF_USER_CONF=${CM_MLPERF_TESTING_USER_CONF}; fi && /home/arjun/run.out'
client 2023-07-11 21:07:27,040 [INFO] Sending command to the server: 'time'
client 2023-07-11 21:07:27,043 [INFO] Got response: '1689106046.9415722'
client 2023-07-11 21:07:27,043 [INFO] The time difference between the client and the server is within range 98.653 ms..102.005 ms
client 2023-07-11 21:07:27,043 [INFO] Sending command to the server: 'session,2023-07-11_21-01-52,stop,ranging'
client 2023-07-11 21:07:37,405 [INFO] Got response: 'OK'
client 2023-07-11 21:07:37,405 [INFO] Sending command to the server: 'time'
client 2023-07-11 21:07:37,408 [INFO] Got response: '1689106057.2991452'
client 2023-07-11 21:07:37,409 [INFO] The time difference between the client and the server is within range 106.738 ms..109.928 ms
client 2023-07-11 21:07:37,427 [INFO] Copying loadgen logs from '/home/arjun/mobilenet_results/valid_results/orin-tflite_armnn_cpp-cpu-armnn_tflite-v22.11-using_neon/efficientnet-fp32-lite3/singlestream/performance/run_1' to '/home/arjun/mobilenet_results/valid_results/orin-tflite_armnn_cpp-cpu-armnn_tflite-v22.11-using_neon/efficientnet-fp32-lite3/singlestream/performance/tmp_power/ranging'
client 2023-07-11 21:07:37,430 [INFO] Running workload in testing mode
client 2023-07-11 21:07:37,430 [INFO] Synchronizing with the server and with time.google.com...
client 2023-07-11 21:07:37,452 [INFO] NTP:offset = -0.006 s, delay = 0.017 s 
client 2023-07-11 21:07:37,452 [INFO] Sending command to the server: 'time'
client 2023-07-11 21:07:37,456 [INFO] Got response: '1689106057.3493452'
client 2023-07-11 21:07:37,456 [INFO] The time difference between the client and the server is within range 103.512 ms..107.071 ms
client 2023-07-11 21:07:37,456 [INFO] Sending command to the server: 'session,2023-07-11_21-01-52,start,testing'
client 2023-07-11 21:07:50,500 [INFO] Got response: 'OK'
client 2023-07-11 21:07:50,500 [INFO] Sending command to the server: 'time'
client 2023-07-11 21:07:50,504 [INFO] Got response: '1689106070.3957865'
client 2023-07-11 21:07:50,504 [INFO] The time difference between the client and the server is within range 104.797 ms..108.771 ms
client 2023-07-11 21:07:50,504 [INFO] Running the workload 'CM_MLPERF_RUN_COUNT=$(cat ${CM_RUN_DIR}/count.txt); echo ${CM_MLPERF_RUN_COUNT}; CM_MLPERF_RUN_COUNT=$((CM_MLPERF_RUN_COUNT+1)); echo ${CM_MLPERF_RUN_COUNT} > ${CM_RUN_DIR}/count.txt && if [ ${CM_MLPERF_RUN_COUNT} -eq "1" ]; then export CM_MLPERF_USER_CONF=${CM_MLPERF_RANGING_USER_CONF}; else export CM_MLPERF_USER_CONF=${CM_MLPERF_TESTING_USER_CONF}; fi && /home/arjun/run.out'
client 2023-07-11 21:17:53,649 [INFO] Sending command to the server: 'time'
client 2023-07-11 21:17:53,652 [INFO] Got response: '1689106673.556287'
client 2023-07-11 21:17:53,652 [INFO] The time difference between the client and the server is within range 93.247 ms..96.661 ms
client 2023-07-11 21:17:53,653 [INFO] Sending command to the server: 'session,2023-07-11_21-01-52,stop,testing'
client 2023-07-11 21:18:04,759 [INFO] Got response: 'OK'
client 2023-07-11 21:18:04,759 [INFO] Sending command to the server: 'time'
client 2023-07-11 21:18:04,763 [INFO] Got response: '1689106684.6623476'
client 2023-07-11 21:18:04,763 [INFO] The time difference between the client and the server is within range 97.531 ms..101.283 ms
client 2023-07-11 21:18:04,768 [INFO] Copying loadgen logs from '/home/arjun/mobilenet_results/valid_results/orin-tflite_armnn_cpp-cpu-armnn_tflite-v22.11-using_neon/efficientnet-fp32-lite3/singlestream/performance/run_1' to '/home/arjun/mobilenet_results/valid_results/orin-tflite_armnn_cpp-cpu-armnn_tflite-v22.11-using_neon/efficientnet-fp32-lite3/singlestream/performance/tmp_power/run_1'
client 2023-07-11 21:18:04,770 [INFO] Done runs
