client 2023-08-07 08:34:23,828 [INFO] Creating output directory '/home/arjun/mobilenet_results/valid_results/orin-tflite_armnn_cpp-cpu-armnn_tflite-v23.05-using_neon/mobilenet-v2-precision_uint8-1.0-224/singlestream/performance/tmp_power'
client 2023-08-07 08:34:23,831 [INFO] Sending command to the server: 'mlcommons/power client v3'
client 2023-08-07 08:34:23,834 [INFO] Got response: 'mlcommons/power server v3'
client 2023-08-07 08:34:23,834 [INFO] Synchronizing with the server and with time.google.com...
client 2023-08-07 08:34:23,857 [INFO] NTP:offset = -0.001 s, delay = 0.019 s 
client 2023-08-07 08:34:23,857 [INFO] Sending command to the server: 'time'
client 2023-08-07 08:34:23,859 [INFO] Got response: '1691393663.7879384'
client 2023-08-07 08:34:23,859 [INFO] The time difference between the client and the server is within range 69.254 ms..71.599 ms
client 2023-08-07 08:34:23,859 [INFO] Sending command to the server: 'new,,0afd4060-25f1-486e-84c7-f20b154f035f'
client 2023-08-07 08:34:23,863 [INFO] Got response: 'OK 2023-08-07_08-34-23,d63ad682-c056-482c-b6f6-0db277363496'
client 2023-08-07 08:34:23,863 [INFO] Session id is '2023-08-07_08-34-23'
client 2023-08-07 08:34:23,863 [INFO] Sources: {"sources": {"__init__.py": "da39a3ee5e6b4b0d3255bfef95601890afd80709", "client.py": "33ca4f26368777ac06e01f9567b714a4b8063886", "lib/__init__.py": "da39a3ee5e6b4b0d3255bfef95601890afd80709", "lib/client.py": "ac2aa093c8e8bbc9569b9e2a3471bc64e58a2258", "lib/common.py": "611d8b29633d331eb19c9455ea3b5fa3284ed6df", "lib/external/__init__.py": "da39a3ee5e6b4b0d3255bfef95601890afd80709", "lib/external/ntplib.py": "4da8f970656505a40483206ef2b5d3dd5e81711d", "lib/server.py": "c7af63c31bb2fbedea4345f571f6e3507d268ada", "lib/source_hashes.py": "60a2e02193209e8d392803326208d5466342da18", "lib/summary.py": "aa92f0a3f975eecd44d3c0cd0236342ccc9f941d", "lib/time_sync.py": "122eba67a9abc85635223e054def53be1367ade2", "server.py": "c3f90f2f7eeb4db30727556d0c815ebc89b3d28b", "tests/unit/__init__.py": "da39a3ee5e6b4b0d3255bfef95601890afd80709", "tests/unit/test_server.py": "948c1995d4008bc2aa6c4046a34ffa3858d6d671", "tests/unit/test_source_hashes.py": "00468a2907583c593e6574a1f6b404e4651c221a"}, "modules": {"ptd_client_server.lib.client": "lib/client.py", "ptd_client_server.lib.common": "lib/common.py", "ptd_client_server.lib.external.ntplib": "lib/external/ntplib.py", "ptd_client_server.lib.source_hashes": "lib/source_hashes.py", "ptd_client_server.lib.summary": "lib/summary.py", "ptd_client_server.lib.time_sync": "lib/time_sync.py"}}
client 2023-08-07 08:34:23,863 [INFO] Running workload in ranging mode
client 2023-08-07 08:34:23,863 [INFO] Synchronizing with the server and with time.google.com...
client 2023-08-07 08:34:23,883 [INFO] NTP:offset = -0.002 s, delay = 0.018 s 
client 2023-08-07 08:34:23,883 [INFO] Sending command to the server: 'time'
client 2023-08-07 08:34:23,885 [INFO] Got response: '1691393663.8186626'
client 2023-08-07 08:34:23,886 [INFO] The time difference between the client and the server is within range 64.731 ms..67.351 ms
client 2023-08-07 08:34:23,886 [INFO] Sending command to the server: 'session,2023-08-07_08-34-23,start,ranging'
client 2023-08-07 08:34:52,609 [INFO] Got response: 'OK'
client 2023-08-07 08:34:52,609 [INFO] Sending command to the server: 'time'
client 2023-08-07 08:34:52,613 [INFO] Got response: '1691393692.539603'
client 2023-08-07 08:34:52,613 [INFO] The time difference between the client and the server is within range 70.091 ms..73.505 ms
client 2023-08-07 08:34:52,613 [INFO] Running the workload 'CM_MLPERF_RUN_COUNT=$(cat ${CM_RUN_DIR}/count.txt); echo ${CM_MLPERF_RUN_COUNT}; CM_MLPERF_RUN_COUNT=$((CM_MLPERF_RUN_COUNT+1)); echo ${CM_MLPERF_RUN_COUNT} > ${CM_RUN_DIR}/count.txt && if [ ${CM_MLPERF_RUN_COUNT} -eq "1" ]; then export CM_MLPERF_USER_CONF=${CM_MLPERF_RANGING_USER_CONF}; else export CM_MLPERF_USER_CONF=${CM_MLPERF_TESTING_USER_CONF}; fi && /mount/CM/repos/ctuning@mlcommons-ck/cm-mlops/script/run-all-mlperf-models/run.out'
client 2023-08-07 08:39:53,924 [INFO] Sending command to the server: 'time'
client 2023-08-07 08:39:53,927 [INFO] Got response: '1691393993.8537874'
client 2023-08-07 08:39:53,927 [INFO] The time difference between the client and the server is within range 71.061 ms..73.974 ms
client 2023-08-07 08:39:53,927 [INFO] Sending command to the server: 'session,2023-08-07_08-34-23,stop,ranging'
client 2023-08-07 08:40:04,855 [INFO] Got response: 'OK'
client 2023-08-07 08:40:04,855 [INFO] Sending command to the server: 'time'
client 2023-08-07 08:40:04,857 [INFO] Got response: '1691394004.7827413'
client 2023-08-07 08:40:04,857 [INFO] The time difference between the client and the server is within range 72.736 ms..75.173 ms
client 2023-08-07 08:40:04,861 [INFO] Copying loadgen logs from '/home/arjun/mobilenet_results/valid_results/orin-tflite_armnn_cpp-cpu-armnn_tflite-v23.05-using_neon/mobilenet-v2-precision_uint8-1.0-224/singlestream/performance/run_1' to '/home/arjun/mobilenet_results/valid_results/orin-tflite_armnn_cpp-cpu-armnn_tflite-v23.05-using_neon/mobilenet-v2-precision_uint8-1.0-224/singlestream/performance/tmp_power/ranging'
client 2023-08-07 08:40:04,862 [INFO] Running workload in testing mode
client 2023-08-07 08:40:04,862 [INFO] Synchronizing with the server and with time.google.com...
client 2023-08-07 08:40:04,881 [INFO] NTP:offset = -0.000 s, delay = 0.018 s 
client 2023-08-07 08:40:04,881 [INFO] Sending command to the server: 'time'
client 2023-08-07 08:40:04,883 [INFO] Got response: '1691394004.8134453'
client 2023-08-07 08:40:04,883 [INFO] The time difference between the client and the server is within range 67.890 ms..70.206 ms
client 2023-08-07 08:40:04,883 [INFO] Sending command to the server: 'session,2023-08-07_08-34-23,start,testing'
client 2023-08-07 08:40:17,928 [INFO] Got response: 'OK'
client 2023-08-07 08:40:17,928 [INFO] Sending command to the server: 'time'
client 2023-08-07 08:40:17,932 [INFO] Got response: '1691394017.8645144'
client 2023-08-07 08:40:17,932 [INFO] The time difference between the client and the server is within range 64.186 ms..67.727 ms
client 2023-08-07 08:40:17,932 [INFO] Running the workload 'CM_MLPERF_RUN_COUNT=$(cat ${CM_RUN_DIR}/count.txt); echo ${CM_MLPERF_RUN_COUNT}; CM_MLPERF_RUN_COUNT=$((CM_MLPERF_RUN_COUNT+1)); echo ${CM_MLPERF_RUN_COUNT} > ${CM_RUN_DIR}/count.txt && if [ ${CM_MLPERF_RUN_COUNT} -eq "1" ]; then export CM_MLPERF_USER_CONF=${CM_MLPERF_RANGING_USER_CONF}; else export CM_MLPERF_USER_CONF=${CM_MLPERF_TESTING_USER_CONF}; fi && /mount/CM/repos/ctuning@mlcommons-ck/cm-mlops/script/run-all-mlperf-models/run.out'
client 2023-08-07 08:50:20,166 [INFO] Sending command to the server: 'time'
client 2023-08-07 08:50:20,178 [INFO] Got response: '1691394620.0923135'
client 2023-08-07 08:50:20,178 [INFO] The time difference between the client and the server is within range 74.025 ms..86.445 ms
client 2023-08-07 08:50:20,178 [INFO] Sending command to the server: 'session,2023-08-07_08-34-23,stop,testing'
client 2023-08-07 08:50:31,245 [INFO] Got response: 'OK'
client 2023-08-07 08:50:31,245 [INFO] Sending command to the server: 'time'
client 2023-08-07 08:50:31,247 [INFO] Got response: '1691394631.1705356'
client 2023-08-07 08:50:31,247 [INFO] The time difference between the client and the server is within range 74.911 ms..76.692 ms
client 2023-08-07 08:50:31,248 [INFO] Copying loadgen logs from '/home/arjun/mobilenet_results/valid_results/orin-tflite_armnn_cpp-cpu-armnn_tflite-v23.05-using_neon/mobilenet-v2-precision_uint8-1.0-224/singlestream/performance/run_1' to '/home/arjun/mobilenet_results/valid_results/orin-tflite_armnn_cpp-cpu-armnn_tflite-v23.05-using_neon/mobilenet-v2-precision_uint8-1.0-224/singlestream/performance/tmp_power/run_1'
client 2023-08-07 08:50:31,248 [INFO] Done runs
