client 2023-07-20 15:40:11,925 [INFO] Creating output directory '/home/arjun/mobilenet_results/valid_results/raspberrypi-tflite_armnn_cpp-cpu-armnn_tflite-v22.11-using_neon/mobilenet-v2-precision_uint8-0.75-128/singlestream/performance/tmp_power'
client 2023-07-20 15:40:11,930 [INFO] Sending command to the server: 'mlcommons/power client v3'
client 2023-07-20 15:40:11,934 [INFO] Got response: 'mlcommons/power server v3'
client 2023-07-20 15:40:11,935 [INFO] Synchronizing with the server and with time.google.com...
client 2023-07-20 15:40:11,994 [INFO] NTP:offset = 0.002 s, delay = 0.016 s 
client 2023-07-20 15:40:11,995 [INFO] Sending command to the server: 'time'
client 2023-07-20 15:40:11,999 [INFO] Got response: '1689864012.0454113'
client 2023-07-20 15:40:11,999 [INFO] The time difference between the client and the server is within range -50.181 ms..-45.678 ms
client 2023-07-20 15:40:12,000 [INFO] Sending command to the server: 'new,,32d37fe4-535d-4d8f-9fa5-762a3f33e0ee'
client 2023-07-20 15:40:12,005 [INFO] Got response: 'OK 2023-07-20_15-40-12,83598814-819f-45d0-9a05-aa6fb049bcd9'
client 2023-07-20 15:40:12,006 [INFO] Session id is '2023-07-20_15-40-12'
client 2023-07-20 15:40:12,006 [INFO] Sources: {"sources": {"__init__.py": "da39a3ee5e6b4b0d3255bfef95601890afd80709", "client.py": "33ca4f26368777ac06e01f9567b714a4b8063886", "lib/__init__.py": "da39a3ee5e6b4b0d3255bfef95601890afd80709", "lib/client.py": "ac2aa093c8e8bbc9569b9e2a3471bc64e58a2258", "lib/common.py": "611d8b29633d331eb19c9455ea3b5fa3284ed6df", "lib/external/__init__.py": "da39a3ee5e6b4b0d3255bfef95601890afd80709", "lib/external/ntplib.py": "4da8f970656505a40483206ef2b5d3dd5e81711d", "lib/server.py": "c7af63c31bb2fbedea4345f571f6e3507d268ada", "lib/source_hashes.py": "60a2e02193209e8d392803326208d5466342da18", "lib/summary.py": "aa92f0a3f975eecd44d3c0cd0236342ccc9f941d", "lib/time_sync.py": "122eba67a9abc85635223e054def53be1367ade2", "server.py": "c3f90f2f7eeb4db30727556d0c815ebc89b3d28b", "tests/unit/__init__.py": "da39a3ee5e6b4b0d3255bfef95601890afd80709", "tests/unit/test_server.py": "948c1995d4008bc2aa6c4046a34ffa3858d6d671", "tests/unit/test_source_hashes.py": "00468a2907583c593e6574a1f6b404e4651c221a"}, "modules": {"ptd_client_server.lib.client": "lib/client.py", "ptd_client_server.lib.common": "lib/common.py", "ptd_client_server.lib.external.ntplib": "lib/external/ntplib.py", "ptd_client_server.lib.source_hashes": "lib/source_hashes.py", "ptd_client_server.lib.summary": "lib/summary.py", "ptd_client_server.lib.time_sync": "lib/time_sync.py"}}
client 2023-07-20 15:40:12,007 [INFO] Running workload in ranging mode
client 2023-07-20 15:40:12,008 [INFO] Synchronizing with the server and with time.google.com...
client 2023-07-20 15:40:12,044 [INFO] NTP:offset = 0.003 s, delay = 0.016 s 
client 2023-07-20 15:40:12,044 [INFO] Sending command to the server: 'time'
client 2023-07-20 15:40:12,049 [INFO] Got response: '1689864012.0963297'
client 2023-07-20 15:40:12,050 [INFO] The time difference between the client and the server is within range -51.716 ms..-46.390 ms
client 2023-07-20 15:40:12,050 [INFO] Sending command to the server: 'session,2023-07-20_15-40-12,start,ranging'
client 2023-07-20 15:40:40,726 [INFO] Got response: 'OK'
client 2023-07-20 15:40:40,727 [INFO] Sending command to the server: 'time'
client 2023-07-20 15:40:40,732 [INFO] Got response: '1689864040.7774744'
client 2023-07-20 15:40:40,732 [INFO] The time difference between the client and the server is within range -50.275 ms..-44.904 ms
client 2023-07-20 15:40:40,732 [INFO] Running the workload 'CM_MLPERF_RUN_COUNT=$(cat ${CM_RUN_DIR}/count.txt); echo ${CM_MLPERF_RUN_COUNT}; CM_MLPERF_RUN_COUNT=$((CM_MLPERF_RUN_COUNT+1)); echo ${CM_MLPERF_RUN_COUNT} > ${CM_RUN_DIR}/count.txt && if [ ${CM_MLPERF_RUN_COUNT} -eq "1" ]; then export CM_MLPERF_USER_CONF=${CM_MLPERF_RANGING_USER_CONF}; else export CM_MLPERF_USER_CONF=${CM_MLPERF_TESTING_USER_CONF}; fi && /home/arjun/run.out'
client 2023-07-20 15:45:49,096 [INFO] Sending command to the server: 'time'
client 2023-07-20 15:45:49,100 [INFO] Got response: '1689864349.142404'
client 2023-07-20 15:45:49,100 [INFO] The time difference between the client and the server is within range -46.398 ms..-42.065 ms
client 2023-07-20 15:45:49,100 [INFO] Sending command to the server: 'session,2023-07-20_15-40-12,stop,ranging'
client 2023-07-20 15:46:00,082 [INFO] Got response: 'OK'
client 2023-07-20 15:46:00,083 [INFO] Sending command to the server: 'time'
client 2023-07-20 15:46:00,087 [INFO] Got response: '1689864360.1310487'
client 2023-07-20 15:46:00,087 [INFO] The time difference between the client and the server is within range -47.909 ms..-43.588 ms
client 2023-07-20 15:46:00,117 [INFO] Copying loadgen logs from '/home/arjun/mobilenet_results/valid_results/raspberrypi-tflite_armnn_cpp-cpu-armnn_tflite-v22.11-using_neon/mobilenet-v2-precision_uint8-0.75-128/singlestream/performance/run_1' to '/home/arjun/mobilenet_results/valid_results/raspberrypi-tflite_armnn_cpp-cpu-armnn_tflite-v22.11-using_neon/mobilenet-v2-precision_uint8-0.75-128/singlestream/performance/tmp_power/ranging'
client 2023-07-20 15:46:00,120 [INFO] Running workload in testing mode
client 2023-07-20 15:46:00,121 [INFO] Synchronizing with the server and with time.google.com...
client 2023-07-20 15:46:00,267 [INFO] NTP:offset = 0.003 s, delay = 0.014 s 
client 2023-07-20 15:46:00,268 [INFO] Sending command to the server: 'time'
client 2023-07-20 15:46:00,273 [INFO] Got response: '1689864360.3157763'
client 2023-07-20 15:46:00,274 [INFO] The time difference between the client and the server is within range -47.628 ms..-41.761 ms
client 2023-07-20 15:46:00,274 [INFO] Sending command to the server: 'session,2023-07-20_15-40-12,start,testing'
client 2023-07-20 15:46:13,332 [INFO] Got response: 'OK'
client 2023-07-20 15:46:13,332 [INFO] Sending command to the server: 'time'
client 2023-07-20 15:46:13,337 [INFO] Got response: '1689864373.3818316'
client 2023-07-20 15:46:13,338 [INFO] The time difference between the client and the server is within range -49.214 ms..-43.805 ms
client 2023-07-20 15:46:13,338 [INFO] Running the workload 'CM_MLPERF_RUN_COUNT=$(cat ${CM_RUN_DIR}/count.txt); echo ${CM_MLPERF_RUN_COUNT}; CM_MLPERF_RUN_COUNT=$((CM_MLPERF_RUN_COUNT+1)); echo ${CM_MLPERF_RUN_COUNT} > ${CM_RUN_DIR}/count.txt && if [ ${CM_MLPERF_RUN_COUNT} -eq "1" ]; then export CM_MLPERF_USER_CONF=${CM_MLPERF_RANGING_USER_CONF}; else export CM_MLPERF_USER_CONF=${CM_MLPERF_TESTING_USER_CONF}; fi && /home/arjun/run.out'
client 2023-07-20 15:56:30,145 [INFO] Sending command to the server: 'time'
client 2023-07-20 15:56:30,150 [INFO] Got response: '1689864990.1932905'
client 2023-07-20 15:56:30,150 [INFO] The time difference between the client and the server is within range -48.214 ms..-42.644 ms
client 2023-07-20 15:56:30,150 [INFO] Sending command to the server: 'session,2023-07-20_15-40-12,stop,testing'
client 2023-07-20 15:56:40,407 [INFO] Got response: 'OK'
client 2023-07-20 15:56:40,408 [INFO] Sending command to the server: 'time'
client 2023-07-20 15:56:40,426 [INFO] Got response: '1689865000.4652572'
client 2023-07-20 15:56:40,426 [INFO] The time difference between the client and the server is within range -56.869 ms..-38.637 ms
client 2023-07-20 15:56:40,432 [INFO] Copying loadgen logs from '/home/arjun/mobilenet_results/valid_results/raspberrypi-tflite_armnn_cpp-cpu-armnn_tflite-v22.11-using_neon/mobilenet-v2-precision_uint8-0.75-128/singlestream/performance/run_1' to '/home/arjun/mobilenet_results/valid_results/raspberrypi-tflite_armnn_cpp-cpu-armnn_tflite-v22.11-using_neon/mobilenet-v2-precision_uint8-0.75-128/singlestream/performance/tmp_power/run_1'
client 2023-07-20 15:56:40,435 [INFO] Done runs
