client 2023-07-09 20:38:56,814 [INFO] Creating output directory '/home/arjun/mobilenet_results/valid_results/orin-tflite_cpp-cpu-tflite-vmaster-default_config/mobilenet-v2-precision_float-0.75-192/singlestream/performance/tmp_power'
client 2023-07-09 20:38:57,035 [INFO] Sending command to the server: 'mlcommons/power client v3'
client 2023-07-09 20:38:57,039 [INFO] Got response: 'mlcommons/power server v3'
client 2023-07-09 20:38:57,039 [INFO] Synchronizing with the server and with time.google.com...
client 2023-07-09 20:38:57,071 [INFO] NTP:offset = 0.002 s, delay = 0.017 s 
client 2023-07-09 20:38:57,071 [INFO] Sending command to the server: 'time'
client 2023-07-09 20:38:57,075 [INFO] Got response: '1688931537.0751526'
client 2023-07-09 20:38:57,075 [INFO] The time difference between the client and the server is within range -3.277 ms..0.470 ms
client 2023-07-09 20:38:57,076 [INFO] Sending command to the server: 'new,,7da7e131-342b-461f-9232-21822f3500fb'
client 2023-07-09 20:38:57,079 [INFO] Got response: 'OK 2023-07-09_19-38-57,6ebe6793-7228-4232-a3bc-0f328f6fa116'
client 2023-07-09 20:38:57,080 [INFO] Session id is '2023-07-09_19-38-57'
client 2023-07-09 20:38:57,081 [INFO] Sources: {"sources": {"__init__.py": "da39a3ee5e6b4b0d3255bfef95601890afd80709", "client.py": "33ca4f26368777ac06e01f9567b714a4b8063886", "lib/__init__.py": "da39a3ee5e6b4b0d3255bfef95601890afd80709", "lib/client.py": "ac2aa093c8e8bbc9569b9e2a3471bc64e58a2258", "lib/common.py": "611d8b29633d331eb19c9455ea3b5fa3284ed6df", "lib/external/__init__.py": "da39a3ee5e6b4b0d3255bfef95601890afd80709", "lib/external/ntplib.py": "4da8f970656505a40483206ef2b5d3dd5e81711d", "lib/server.py": "c7af63c31bb2fbedea4345f571f6e3507d268ada", "lib/source_hashes.py": "60a2e02193209e8d392803326208d5466342da18", "lib/summary.py": "aa92f0a3f975eecd44d3c0cd0236342ccc9f941d", "lib/time_sync.py": "122eba67a9abc85635223e054def53be1367ade2", "server.py": "c3f90f2f7eeb4db30727556d0c815ebc89b3d28b", "tests/unit/__init__.py": "da39a3ee5e6b4b0d3255bfef95601890afd80709", "tests/unit/test_server.py": "948c1995d4008bc2aa6c4046a34ffa3858d6d671", "tests/unit/test_source_hashes.py": "00468a2907583c593e6574a1f6b404e4651c221a"}, "modules": {"ptd_client_server.lib.client": "lib/client.py", "ptd_client_server.lib.common": "lib/common.py", "ptd_client_server.lib.external.ntplib": "lib/external/ntplib.py", "ptd_client_server.lib.source_hashes": "lib/source_hashes.py", "ptd_client_server.lib.summary": "lib/summary.py", "ptd_client_server.lib.time_sync": "lib/time_sync.py"}}
client 2023-07-09 20:38:57,082 [INFO] Running workload in ranging mode
client 2023-07-09 20:38:57,082 [INFO] Synchronizing with the server and with time.google.com...
client 2023-07-09 20:38:57,102 [INFO] NTP:offset = 0.001 s, delay = 0.016 s 
client 2023-07-09 20:38:57,102 [INFO] Sending command to the server: 'time'
client 2023-07-09 20:38:57,105 [INFO] Got response: '1688931537.1052778'
client 2023-07-09 20:38:57,105 [INFO] The time difference between the client and the server is within range -2.945 ms..0.182 ms
client 2023-07-09 20:38:57,105 [INFO] Sending command to the server: 'session,2023-07-09_19-38-57,start,ranging'
client 2023-07-09 20:39:25,213 [INFO] Got response: 'OK'
client 2023-07-09 20:39:25,214 [INFO] Sending command to the server: 'time'
client 2023-07-09 20:39:25,216 [INFO] Got response: '1688931565.2166328'
client 2023-07-09 20:39:25,216 [INFO] The time difference between the client and the server is within range -2.341 ms..0.159 ms
client 2023-07-09 20:39:25,217 [INFO] Running the workload 'CM_MLPERF_RUN_COUNT=$(cat ${CM_RUN_DIR}/count.txt); echo ${CM_MLPERF_RUN_COUNT}; CM_MLPERF_RUN_COUNT=$((CM_MLPERF_RUN_COUNT+1)); echo ${CM_MLPERF_RUN_COUNT} > ${CM_RUN_DIR}/count.txt && if [ ${CM_MLPERF_RUN_COUNT} -eq "1" ]; then export CM_MLPERF_USER_CONF=${CM_MLPERF_RANGING_USER_CONF}; else export CM_MLPERF_USER_CONF=${CM_MLPERF_TESTING_USER_CONF}; fi && /home/arjun/run.out'
client 2023-07-09 20:44:31,323 [INFO] Sending command to the server: 'time'
client 2023-07-09 20:44:31,372 [INFO] Got response: '1688931871.366388'
client 2023-07-09 20:44:31,372 [INFO] The time difference between the client and the server is within range -43.025 ms..6.065 ms
client 2023-07-09 20:44:31,372 [INFO] Sending command to the server: 'session,2023-07-09_19-38-57,stop,ranging'
client 2023-07-09 20:44:42,292 [INFO] Got response: 'OK'
client 2023-07-09 20:44:42,292 [INFO] Sending command to the server: 'time'
client 2023-07-09 20:44:42,296 [INFO] Got response: '1688931882.2952073'
client 2023-07-09 20:44:42,297 [INFO] The time difference between the client and the server is within range -2.332 ms..1.756 ms
client 2023-07-09 20:44:42,325 [INFO] Copying loadgen logs from '/home/arjun/mobilenet_results/valid_results/orin-tflite_cpp-cpu-tflite-vmaster-default_config/mobilenet-v2-precision_float-0.75-192/singlestream/performance/run_1' to '/home/arjun/mobilenet_results/valid_results/orin-tflite_cpp-cpu-tflite-vmaster-default_config/mobilenet-v2-precision_float-0.75-192/singlestream/performance/tmp_power/ranging'
client 2023-07-09 20:44:42,328 [INFO] Running workload in testing mode
client 2023-07-09 20:44:42,329 [INFO] Synchronizing with the server and with time.google.com...
client 2023-07-09 20:44:42,352 [INFO] NTP:offset = 0.001 s, delay = 0.019 s 
client 2023-07-09 20:44:42,352 [INFO] Sending command to the server: 'time'
client 2023-07-09 20:44:42,357 [INFO] Got response: '1688931882.3569615'
client 2023-07-09 20:44:42,357 [INFO] The time difference between the client and the server is within range -4.016 ms..0.811 ms
client 2023-07-09 20:44:42,358 [INFO] Sending command to the server: 'session,2023-07-09_19-38-57,start,testing'
client 2023-07-09 20:44:55,381 [INFO] Got response: 'OK'
client 2023-07-09 20:44:55,381 [INFO] Sending command to the server: 'time'
client 2023-07-09 20:44:55,385 [INFO] Got response: '1688931895.3844068'
client 2023-07-09 20:44:55,386 [INFO] The time difference between the client and the server is within range -2.483 ms..1.543 ms
client 2023-07-09 20:44:55,386 [INFO] Running the workload 'CM_MLPERF_RUN_COUNT=$(cat ${CM_RUN_DIR}/count.txt); echo ${CM_MLPERF_RUN_COUNT}; CM_MLPERF_RUN_COUNT=$((CM_MLPERF_RUN_COUNT+1)); echo ${CM_MLPERF_RUN_COUNT} > ${CM_RUN_DIR}/count.txt && if [ ${CM_MLPERF_RUN_COUNT} -eq "1" ]; then export CM_MLPERF_USER_CONF=${CM_MLPERF_RANGING_USER_CONF}; else export CM_MLPERF_USER_CONF=${CM_MLPERF_TESTING_USER_CONF}; fi && /home/arjun/run.out'
client 2023-07-09 20:55:06,940 [INFO] Sending command to the server: 'time'
client 2023-07-09 20:55:06,965 [INFO] Got response: '1688932506.965164'
client 2023-07-09 20:55:06,965 [INFO] The time difference between the client and the server is within range -25.044 ms..0.503 ms
client 2023-07-09 20:55:06,965 [INFO] Sending command to the server: 'session,2023-07-09_19-38-57,stop,testing'
client 2023-07-09 20:55:17,436 [INFO] Got response: 'OK'
client 2023-07-09 20:55:17,437 [INFO] Sending command to the server: 'time'
client 2023-07-09 20:55:17,440 [INFO] Got response: '1688932517.439911'
client 2023-07-09 20:55:17,441 [INFO] The time difference between the client and the server is within range -2.454 ms..1.331 ms
client 2023-07-09 20:55:17,445 [INFO] Copying loadgen logs from '/home/arjun/mobilenet_results/valid_results/orin-tflite_cpp-cpu-tflite-vmaster-default_config/mobilenet-v2-precision_float-0.75-192/singlestream/performance/run_1' to '/home/arjun/mobilenet_results/valid_results/orin-tflite_cpp-cpu-tflite-vmaster-default_config/mobilenet-v2-precision_float-0.75-192/singlestream/performance/tmp_power/run_1'
client 2023-07-09 20:55:17,448 [INFO] Done runs
