client 2023-07-30 19:30:02,182 [INFO] Sending command to the server: 'mlcommons/power client v3'
client 2023-07-30 19:30:02,183 [INFO] Got response: 'mlcommons/power server v3'
client 2023-07-30 19:30:02,183 [INFO] Sending command to the server: 'stop'
client 2023-07-30 19:30:02,183 [INFO] Got response: 'OK'
client 2023-07-30 19:30:02,183 [INFO] Synchronizing with the server and with 192.168.123.123...
client 2023-07-30 19:30:02,185 [INFO] NTP:offset = 0.000 s, delay = 0.000 s 
client 2023-07-30 19:30:02,185 [INFO] Sending command to the server: 'time'
client 2023-07-30 19:30:02,185 [INFO] Got response: '1690745402.1857173'
client 2023-07-30 19:30:02,185 [INFO] The time difference between the client and the server is within range -0.190 ms..0.144 ms
client 2023-07-30 19:30:02,185 [INFO] Sending command to the server: 'new,,06cb0d85-61c5-4326-80f1-6e47826fe121'
client 2023-07-30 19:30:02,186 [INFO] Got response: 'OK 2023-07-30_19-30-02,aa10f19e-7a9b-4fc8-98ed-92dcd44f8aa7'
client 2023-07-30 19:30:02,186 [INFO] Session id is '2023-07-30_19-30-02'
client 2023-07-30 19:30:02,186 [INFO] Sources: {"sources": {"__init__.py": "da39a3ee5e6b4b0d3255bfef95601890afd80709", "client.py": "33ca4f26368777ac06e01f9567b714a4b8063886", "lib/__init__.py": "da39a3ee5e6b4b0d3255bfef95601890afd80709", "lib/client.py": "ac2aa093c8e8bbc9569b9e2a3471bc64e58a2258", "lib/common.py": "611d8b29633d331eb19c9455ea3b5fa3284ed6df", "lib/external/__init__.py": "da39a3ee5e6b4b0d3255bfef95601890afd80709", "lib/external/ntplib.py": "4da8f970656505a40483206ef2b5d3dd5e81711d", "lib/server.py": "c7af63c31bb2fbedea4345f571f6e3507d268ada", "lib/source_hashes.py": "60a2e02193209e8d392803326208d5466342da18", "lib/summary.py": "aa92f0a3f975eecd44d3c0cd0236342ccc9f941d", "lib/time_sync.py": "122eba67a9abc85635223e054def53be1367ade2", "server.py": "c3f90f2f7eeb4db30727556d0c815ebc89b3d28b", "tests/unit/__init__.py": "da39a3ee5e6b4b0d3255bfef95601890afd80709", "tests/unit/test_server.py": "948c1995d4008bc2aa6c4046a34ffa3858d6d671", "tests/unit/test_source_hashes.py": "00468a2907583c593e6574a1f6b404e4651c221a"}, "modules": {"ptd_client_server.lib.client": "lib/client.py", "ptd_client_server.lib.common": "lib/common.py", "ptd_client_server.lib.external.ntplib": "lib/external/ntplib.py", "ptd_client_server.lib.source_hashes": "lib/source_hashes.py", "ptd_client_server.lib.summary": "lib/summary.py", "ptd_client_server.lib.time_sync": "lib/time_sync.py"}}
client 2023-07-30 19:30:02,187 [INFO] Running workload in ranging mode
client 2023-07-30 19:30:02,187 [INFO] Synchronizing with the server and with 192.168.123.123...
client 2023-07-30 19:30:02,188 [INFO] NTP:offset = -0.000 s, delay = 0.000 s 
client 2023-07-30 19:30:02,188 [INFO] Sending command to the server: 'time'
client 2023-07-30 19:30:02,188 [INFO] Got response: '1690745402.1882112'
client 2023-07-30 19:30:02,188 [INFO] The time difference between the client and the server is within range -0.174 ms..0.137 ms
client 2023-07-30 19:30:02,188 [INFO] Sending command to the server: 'session,2023-07-30_19-30-02,start,ranging'
client 2023-07-30 19:30:40,842 [INFO] Got response: 'OK'
client 2023-07-30 19:30:40,842 [INFO] Sending command to the server: 'time'
client 2023-07-30 19:30:40,843 [INFO] Got response: '1690745440.8430579'
client 2023-07-30 19:30:40,843 [INFO] The time difference between the client and the server is within range -0.204 ms..0.137 ms
client 2023-07-30 19:30:40,843 [INFO] Running the workload 'LOG_DIR=/work/build/power_logs_temp python3.8 -m code.main --benchmarks=rnnt --scenarios=Offline --config_ver=maxq_default --test_mode=PerformanceOnly --action="run_harness" \\\n\t\t2>&1 | tee -a /work/build/power_logs/2023.07.30-19.29.18/stdout.txt \\\n\t\t&& if [ ! -d /work/build/power_logs/2023.07.30-19.29.18/ranging_tmp ]; \\\n\t\t\tthen mkdir /work/build/power_logs/2023.07.30-19.29.18/ranging_tmp \\\n\t\t\t\t&& mv /work/build/power_logs_temp/* /work/build/power_logs/2023.07.30-19.29.18/ranging_tmp/ \\\n\t\t\t\t&& cp -v /work/build/power_logs/2023.07.30-19.29.18/ranging_tmp/*/*/*/mlperf_log_detail.txt /work/build/power_logs_temp/ \\\n\t\t\t\t&& cp -v /work/build/power_logs/2023.07.30-19.29.18/ranging_tmp/*/*/*/mlperf_log_summary.txt /work/build/power_logs_temp/; \\\n\t\t\telse mkdir /work/build/power_logs/2023.07.30-19.29.18/testing_tmp \\\n\t\t\t\t&& mv /work/build/power_logs_temp/* /work/build/power_logs/2023.07.30-19.29.18/testing_tmp/ \\\n\t\t\t\t&& cp -v /work/build/power_logs/2023.07.30-19.29.18/testing_tmp/*/*/*/mlperf_log_detail.txt /work/build/power_logs_temp/ \\\n\t\t\t\t&& cp -v /work/build/power_logs/2023.07.30-19.29.18/testing_tmp/*/*/*/mlperf_log_summary.txt /work/build/power_logs_temp/; fi'
client 2023-07-30 19:41:41,602 [INFO] Sending command to the server: 'time'
client 2023-07-30 19:41:41,603 [INFO] Got response: '1690746101.6031575'
client 2023-07-30 19:41:41,603 [INFO] The time difference between the client and the server is within range -0.403 ms..0.406 ms
client 2023-07-30 19:41:41,603 [INFO] Sending command to the server: 'session,2023-07-30_19-30-02,stop,ranging'
client 2023-07-30 19:41:51,899 [INFO] Got response: 'OK'
client 2023-07-30 19:41:51,899 [INFO] Sending command to the server: 'time'
client 2023-07-30 19:41:51,899 [INFO] Got response: '1690746111.8990564'
client 2023-07-30 19:41:51,899 [INFO] The time difference between the client and the server is within range 0.035 ms..0.263 ms
client 2023-07-30 19:41:51,903 [INFO] Copying loadgen logs from '/work/build/power_logs_temp' to '/work/build/power_logs/2023.07.30-19.29.18/2023-07-30_19-30-02/ranging'
client 2023-07-30 19:41:51,906 [INFO] Running workload in testing mode
client 2023-07-30 19:41:51,906 [INFO] Synchronizing with the server and with 192.168.123.123...
client 2023-07-30 19:41:51,906 [INFO] NTP:offset = -0.000 s, delay = 0.000 s 
client 2023-07-30 19:41:51,906 [INFO] Sending command to the server: 'time'
client 2023-07-30 19:41:51,907 [INFO] Got response: '1690746111.9067447'
client 2023-07-30 19:41:51,907 [INFO] The time difference between the client and the server is within range -0.023 ms..0.294 ms
client 2023-07-30 19:41:51,907 [INFO] Sending command to the server: 'session,2023-07-30_19-30-02,start,testing'
client 2023-07-30 19:42:13,520 [INFO] Got response: 'OK'
client 2023-07-30 19:42:13,520 [INFO] Sending command to the server: 'time'
client 2023-07-30 19:42:13,520 [INFO] Got response: '1690746133.5203905'
client 2023-07-30 19:42:13,520 [INFO] The time difference between the client and the server is within range -0.077 ms..0.288 ms
client 2023-07-30 19:42:13,520 [INFO] Running the workload 'LOG_DIR=/work/build/power_logs_temp python3.8 -m code.main --benchmarks=rnnt --scenarios=Offline --config_ver=maxq_default --test_mode=PerformanceOnly --action="run_harness" \\\n\t\t2>&1 | tee -a /work/build/power_logs/2023.07.30-19.29.18/stdout.txt \\\n\t\t&& if [ ! -d /work/build/power_logs/2023.07.30-19.29.18/ranging_tmp ]; \\\n\t\t\tthen mkdir /work/build/power_logs/2023.07.30-19.29.18/ranging_tmp \\\n\t\t\t\t&& mv /work/build/power_logs_temp/* /work/build/power_logs/2023.07.30-19.29.18/ranging_tmp/ \\\n\t\t\t\t&& cp -v /work/build/power_logs/2023.07.30-19.29.18/ranging_tmp/*/*/*/mlperf_log_detail.txt /work/build/power_logs_temp/ \\\n\t\t\t\t&& cp -v /work/build/power_logs/2023.07.30-19.29.18/ranging_tmp/*/*/*/mlperf_log_summary.txt /work/build/power_logs_temp/; \\\n\t\t\telse mkdir /work/build/power_logs/2023.07.30-19.29.18/testing_tmp \\\n\t\t\t\t&& mv /work/build/power_logs_temp/* /work/build/power_logs/2023.07.30-19.29.18/testing_tmp/ \\\n\t\t\t\t&& cp -v /work/build/power_logs/2023.07.30-19.29.18/testing_tmp/*/*/*/mlperf_log_detail.txt /work/build/power_logs_temp/ \\\n\t\t\t\t&& cp -v /work/build/power_logs/2023.07.30-19.29.18/testing_tmp/*/*/*/mlperf_log_summary.txt /work/build/power_logs_temp/; fi'
client 2023-07-30 19:53:15,110 [INFO] Sending command to the server: 'time'
client 2023-07-30 19:53:15,110 [INFO] Got response: '1690746795.1108303'
client 2023-07-30 19:53:15,111 [INFO] The time difference between the client and the server is within range -0.646 ms..0.195 ms
client 2023-07-30 19:53:15,111 [INFO] Sending command to the server: 'session,2023-07-30_19-30-02,stop,testing'
client 2023-07-30 19:53:25,564 [INFO] Got response: 'OK'
client 2023-07-30 19:53:25,564 [INFO] Sending command to the server: 'time'
client 2023-07-30 19:53:25,564 [INFO] Got response: '1690746805.5647316'
client 2023-07-30 19:53:25,564 [INFO] The time difference between the client and the server is within range -0.174 ms..0.072 ms
client 2023-07-30 19:53:25,566 [INFO] Copying loadgen logs from '/work/build/power_logs_temp' to '/work/build/power_logs/2023.07.30-19.29.18/2023-07-30_19-30-02/run_1'
client 2023-07-30 19:53:25,569 [INFO] Done runs
