client 2023-07-13 17:31:35,291 [INFO] Creating output directory '/home/arjun/mobilenet_results/valid_results/orin-tflite_armnn_cpp-cpu-armnn_tflite-v23.05-using_neon/mobilenet-v2-precision_float-0.35-192/singlestream/performance/tmp_power'
client 2023-07-13 17:31:35,294 [INFO] Sending command to the server: 'mlcommons/power client v3'
client 2023-07-13 17:31:35,298 [INFO] Got response: 'mlcommons/power server v3'
client 2023-07-13 17:31:35,298 [INFO] Synchronizing with the server and with time.google.com...
client 2023-07-13 17:31:35,319 [INFO] NTP:offset = 0.009 s, delay = 0.016 s 
client 2023-07-13 17:31:35,319 [INFO] Sending command to the server: 'time'
client 2023-07-13 17:31:35,323 [INFO] Got response: '1689265895.212675'
client 2023-07-13 17:31:35,323 [INFO] The time difference between the client and the server is within range 107.213 ms..110.652 ms
client 2023-07-13 17:31:35,323 [INFO] Sending command to the server: 'new,,6586204e-5eb7-47e4-b9ac-e562a0daa8c5'
client 2023-07-13 17:31:35,326 [INFO] Got response: 'OK 2023-07-13_17-31-35,5da6a0bf-e522-4560-a9d2-5eccc777f44f'
client 2023-07-13 17:31:35,326 [INFO] Session id is '2023-07-13_17-31-35'
client 2023-07-13 17:31:35,327 [INFO] Sources: {"sources": {"__init__.py": "da39a3ee5e6b4b0d3255bfef95601890afd80709", "client.py": "33ca4f26368777ac06e01f9567b714a4b8063886", "lib/__init__.py": "da39a3ee5e6b4b0d3255bfef95601890afd80709", "lib/client.py": "ac2aa093c8e8bbc9569b9e2a3471bc64e58a2258", "lib/common.py": "611d8b29633d331eb19c9455ea3b5fa3284ed6df", "lib/external/__init__.py": "da39a3ee5e6b4b0d3255bfef95601890afd80709", "lib/external/ntplib.py": "4da8f970656505a40483206ef2b5d3dd5e81711d", "lib/server.py": "c7af63c31bb2fbedea4345f571f6e3507d268ada", "lib/source_hashes.py": "60a2e02193209e8d392803326208d5466342da18", "lib/summary.py": "aa92f0a3f975eecd44d3c0cd0236342ccc9f941d", "lib/time_sync.py": "122eba67a9abc85635223e054def53be1367ade2", "server.py": "c3f90f2f7eeb4db30727556d0c815ebc89b3d28b", "tests/unit/__init__.py": "da39a3ee5e6b4b0d3255bfef95601890afd80709", "tests/unit/test_server.py": "948c1995d4008bc2aa6c4046a34ffa3858d6d671", "tests/unit/test_source_hashes.py": "00468a2907583c593e6574a1f6b404e4651c221a"}, "modules": {"ptd_client_server.lib.client": "lib/client.py", "ptd_client_server.lib.common": "lib/common.py", "ptd_client_server.lib.external.ntplib": "lib/external/ntplib.py", "ptd_client_server.lib.source_hashes": "lib/source_hashes.py", "ptd_client_server.lib.summary": "lib/summary.py", "ptd_client_server.lib.time_sync": "lib/time_sync.py"}}
client 2023-07-13 17:31:35,327 [INFO] Running workload in ranging mode
client 2023-07-13 17:31:35,327 [INFO] Synchronizing with the server and with time.google.com...
client 2023-07-13 17:31:35,344 [INFO] NTP:offset = 0.009 s, delay = 0.017 s 
client 2023-07-13 17:31:35,345 [INFO] Sending command to the server: 'time'
client 2023-07-13 17:31:35,348 [INFO] Got response: '1689265895.2432678'
client 2023-07-13 17:31:35,348 [INFO] The time difference between the client and the server is within range 101.792 ms..104.888 ms
client 2023-07-13 17:31:35,348 [INFO] Sending command to the server: 'session,2023-07-13_17-31-35,start,ranging'
client 2023-07-13 17:32:04,074 [INFO] Got response: 'OK'
client 2023-07-13 17:32:04,076 [INFO] Sending command to the server: 'time'
client 2023-07-13 17:32:04,082 [INFO] Got response: '1689265923.971207'
client 2023-07-13 17:32:04,082 [INFO] The time difference between the client and the server is within range 104.980 ms..111.282 ms
client 2023-07-13 17:32:04,082 [INFO] Running the workload 'CM_MLPERF_RUN_COUNT=$(cat ${CM_RUN_DIR}/count.txt); echo ${CM_MLPERF_RUN_COUNT}; CM_MLPERF_RUN_COUNT=$((CM_MLPERF_RUN_COUNT+1)); echo ${CM_MLPERF_RUN_COUNT} > ${CM_RUN_DIR}/count.txt && if [ ${CM_MLPERF_RUN_COUNT} -eq "1" ]; then export CM_MLPERF_USER_CONF=${CM_MLPERF_RANGING_USER_CONF}; else export CM_MLPERF_USER_CONF=${CM_MLPERF_TESTING_USER_CONF}; fi && /home/arjun/run.out'
client 2023-07-13 17:37:06,016 [INFO] Sending command to the server: 'time'
client 2023-07-13 17:37:06,021 [INFO] Got response: '1689266225.9178548'
client 2023-07-13 17:37:06,021 [INFO] The time difference between the client and the server is within range 98.759 ms..104.089 ms
client 2023-07-13 17:37:06,022 [INFO] Sending command to the server: 'session,2023-07-13_17-31-35,stop,ranging'
client 2023-07-13 17:37:16,213 [INFO] Got response: 'OK'
client 2023-07-13 17:37:16,214 [INFO] Sending command to the server: 'time'
client 2023-07-13 17:37:16,219 [INFO] Got response: '1689266236.1076646'
client 2023-07-13 17:37:16,219 [INFO] The time difference between the client and the server is within range 106.676 ms..111.965 ms
client 2023-07-13 17:37:16,248 [INFO] Copying loadgen logs from '/home/arjun/mobilenet_results/valid_results/orin-tflite_armnn_cpp-cpu-armnn_tflite-v23.05-using_neon/mobilenet-v2-precision_float-0.35-192/singlestream/performance/run_1' to '/home/arjun/mobilenet_results/valid_results/orin-tflite_armnn_cpp-cpu-armnn_tflite-v23.05-using_neon/mobilenet-v2-precision_float-0.35-192/singlestream/performance/tmp_power/ranging'
client 2023-07-13 17:37:16,250 [INFO] Running workload in testing mode
client 2023-07-13 17:37:16,251 [INFO] Synchronizing with the server and with time.google.com...
client 2023-07-13 17:37:16,289 [INFO] NTP:offset = 0.009 s, delay = 0.018 s 
client 2023-07-13 17:37:16,289 [INFO] Sending command to the server: 'time'
client 2023-07-13 17:37:16,293 [INFO] Got response: '1689266236.189543'
client 2023-07-13 17:37:16,294 [INFO] The time difference between the client and the server is within range 100.064 ms..104.425 ms
client 2023-07-13 17:37:16,294 [INFO] Sending command to the server: 'session,2023-07-13_17-31-35,start,testing'
client 2023-07-13 17:37:29,342 [INFO] Got response: 'OK'
client 2023-07-13 17:37:29,343 [INFO] Sending command to the server: 'time'
client 2023-07-13 17:37:29,347 [INFO] Got response: '1689266249.2439973'
client 2023-07-13 17:37:29,347 [INFO] The time difference between the client and the server is within range 99.431 ms..103.893 ms
client 2023-07-13 17:37:29,348 [INFO] Running the workload 'CM_MLPERF_RUN_COUNT=$(cat ${CM_RUN_DIR}/count.txt); echo ${CM_MLPERF_RUN_COUNT}; CM_MLPERF_RUN_COUNT=$((CM_MLPERF_RUN_COUNT+1)); echo ${CM_MLPERF_RUN_COUNT} > ${CM_RUN_DIR}/count.txt && if [ ${CM_MLPERF_RUN_COUNT} -eq "1" ]; then export CM_MLPERF_USER_CONF=${CM_MLPERF_RANGING_USER_CONF}; else export CM_MLPERF_USER_CONF=${CM_MLPERF_TESTING_USER_CONF}; fi && /home/arjun/run.out'
client 2023-07-13 17:47:32,647 [INFO] Sending command to the server: 'time'
client 2023-07-13 17:47:32,651 [INFO] Got response: '1689266852.5437994'
client 2023-07-13 17:47:32,652 [INFO] The time difference between the client and the server is within range 103.464 ms..108.284 ms
client 2023-07-13 17:47:32,652 [INFO] Sending command to the server: 'session,2023-07-13_17-31-35,stop,testing'
client 2023-07-13 17:47:43,548 [INFO] Got response: 'OK'
client 2023-07-13 17:47:43,550 [INFO] Sending command to the server: 'time'
client 2023-07-13 17:47:43,553 [INFO] Got response: '1689266863.4365392'
client 2023-07-13 17:47:43,554 [INFO] The time difference between the client and the server is within range 113.581 ms..117.827 ms
client 2023-07-13 17:47:43,559 [INFO] Copying loadgen logs from '/home/arjun/mobilenet_results/valid_results/orin-tflite_armnn_cpp-cpu-armnn_tflite-v23.05-using_neon/mobilenet-v2-precision_float-0.35-192/singlestream/performance/run_1' to '/home/arjun/mobilenet_results/valid_results/orin-tflite_armnn_cpp-cpu-armnn_tflite-v23.05-using_neon/mobilenet-v2-precision_float-0.35-192/singlestream/performance/tmp_power/run_1'
client 2023-07-13 17:47:43,561 [INFO] Done runs
