client 2023-07-10 06:03:24,926 [INFO] Creating output directory '/home/arjun/mobilenet_results/valid_results/orin-tflite_cpp-cpu-tflite-vmaster-default_config/efficientnet-int8-lite2/singlestream/performance/tmp_power'
client 2023-07-10 06:03:24,935 [INFO] Sending command to the server: 'mlcommons/power client v3'
client 2023-07-10 06:03:24,938 [INFO] Got response: 'mlcommons/power server v3'
client 2023-07-10 06:03:24,938 [INFO] Synchronizing with the server and with time.google.com...
client 2023-07-10 06:03:24,958 [INFO] NTP:offset = 0.001 s, delay = 0.016 s 
client 2023-07-10 06:03:24,958 [INFO] Sending command to the server: 'time'
client 2023-07-10 06:03:24,961 [INFO] Got response: '1688965404.9622688'
client 2023-07-10 06:03:24,961 [INFO] The time difference between the client and the server is within range -3.496 ms..-0.548 ms
client 2023-07-10 06:03:24,961 [INFO] Sending command to the server: 'new,,38176c83-fbf2-497b-b8e1-894bc4638eae'
client 2023-07-10 06:03:24,965 [INFO] Got response: 'OK 2023-07-10_05-03-24,1b264419-9e29-4158-9341-09410de074bf'
client 2023-07-10 06:03:24,965 [INFO] Session id is '2023-07-10_05-03-24'
client 2023-07-10 06:03:24,965 [INFO] Sources: {"sources": {"__init__.py": "da39a3ee5e6b4b0d3255bfef95601890afd80709", "client.py": "33ca4f26368777ac06e01f9567b714a4b8063886", "lib/__init__.py": "da39a3ee5e6b4b0d3255bfef95601890afd80709", "lib/client.py": "ac2aa093c8e8bbc9569b9e2a3471bc64e58a2258", "lib/common.py": "611d8b29633d331eb19c9455ea3b5fa3284ed6df", "lib/external/__init__.py": "da39a3ee5e6b4b0d3255bfef95601890afd80709", "lib/external/ntplib.py": "4da8f970656505a40483206ef2b5d3dd5e81711d", "lib/server.py": "c7af63c31bb2fbedea4345f571f6e3507d268ada", "lib/source_hashes.py": "60a2e02193209e8d392803326208d5466342da18", "lib/summary.py": "aa92f0a3f975eecd44d3c0cd0236342ccc9f941d", "lib/time_sync.py": "122eba67a9abc85635223e054def53be1367ade2", "server.py": "c3f90f2f7eeb4db30727556d0c815ebc89b3d28b", "tests/unit/__init__.py": "da39a3ee5e6b4b0d3255bfef95601890afd80709", "tests/unit/test_server.py": "948c1995d4008bc2aa6c4046a34ffa3858d6d671", "tests/unit/test_source_hashes.py": "00468a2907583c593e6574a1f6b404e4651c221a"}, "modules": {"ptd_client_server.lib.client": "lib/client.py", "ptd_client_server.lib.common": "lib/common.py", "ptd_client_server.lib.external.ntplib": "lib/external/ntplib.py", "ptd_client_server.lib.source_hashes": "lib/source_hashes.py", "ptd_client_server.lib.summary": "lib/summary.py", "ptd_client_server.lib.time_sync": "lib/time_sync.py"}}
client 2023-07-10 06:03:24,965 [INFO] Running workload in ranging mode
client 2023-07-10 06:03:24,965 [INFO] Synchronizing with the server and with time.google.com...
client 2023-07-10 06:03:24,980 [INFO] NTP:offset = 0.002 s, delay = 0.014 s 
client 2023-07-10 06:03:24,980 [INFO] Sending command to the server: 'time'
client 2023-07-10 06:03:24,983 [INFO] Got response: '1688965404.9840753'
client 2023-07-10 06:03:24,983 [INFO] The time difference between the client and the server is within range -3.470 ms..-0.379 ms
client 2023-07-10 06:03:24,983 [INFO] Sending command to the server: 'session,2023-07-10_05-03-24,start,ranging'
client 2023-07-10 06:03:53,097 [INFO] Got response: 'OK'
client 2023-07-10 06:03:53,098 [INFO] Sending command to the server: 'time'
client 2023-07-10 06:03:53,102 [INFO] Got response: '1688965433.1026685'
client 2023-07-10 06:03:53,103 [INFO] The time difference between the client and the server is within range -4.023 ms..0.414 ms
client 2023-07-10 06:03:53,103 [INFO] Running the workload 'CM_MLPERF_RUN_COUNT=$(cat ${CM_RUN_DIR}/count.txt); echo ${CM_MLPERF_RUN_COUNT}; CM_MLPERF_RUN_COUNT=$((CM_MLPERF_RUN_COUNT+1)); echo ${CM_MLPERF_RUN_COUNT} > ${CM_RUN_DIR}/count.txt && if [ ${CM_MLPERF_RUN_COUNT} -eq "1" ]; then export CM_MLPERF_USER_CONF=${CM_MLPERF_RANGING_USER_CONF}; else export CM_MLPERF_USER_CONF=${CM_MLPERF_TESTING_USER_CONF}; fi && /home/arjun/run.out'
client 2023-07-10 06:08:59,163 [INFO] Sending command to the server: 'time'
client 2023-07-10 06:08:59,176 [INFO] Got response: '1688965739.177386'
client 2023-07-10 06:08:59,177 [INFO] The time difference between the client and the server is within range -13.972 ms..0.073 ms
client 2023-07-10 06:08:59,177 [INFO] Sending command to the server: 'session,2023-07-10_05-03-24,stop,ranging'
client 2023-07-10 06:09:10,200 [INFO] Got response: 'OK'
client 2023-07-10 06:09:10,201 [INFO] Sending command to the server: 'time'
client 2023-07-10 06:09:10,203 [INFO] Got response: '1688965750.2045345'
client 2023-07-10 06:09:10,204 [INFO] The time difference between the client and the server is within range -3.016 ms..-0.365 ms
client 2023-07-10 06:09:10,234 [INFO] Copying loadgen logs from '/home/arjun/mobilenet_results/valid_results/orin-tflite_cpp-cpu-tflite-vmaster-default_config/efficientnet-int8-lite2/singlestream/performance/run_1' to '/home/arjun/mobilenet_results/valid_results/orin-tflite_cpp-cpu-tflite-vmaster-default_config/efficientnet-int8-lite2/singlestream/performance/tmp_power/ranging'
client 2023-07-10 06:09:10,236 [INFO] Running workload in testing mode
client 2023-07-10 06:09:10,237 [INFO] Synchronizing with the server and with time.google.com...
client 2023-07-10 06:09:10,256 [INFO] NTP:offset = 0.001 s, delay = 0.014 s 
client 2023-07-10 06:09:10,256 [INFO] Sending command to the server: 'time'
client 2023-07-10 06:09:10,259 [INFO] Got response: '1688965750.2597618'
client 2023-07-10 06:09:10,259 [INFO] The time difference between the client and the server is within range -3.274 ms..-0.126 ms
client 2023-07-10 06:09:10,259 [INFO] Sending command to the server: 'session,2023-07-10_05-03-24,start,testing'
client 2023-07-10 06:09:23,277 [INFO] Got response: 'OK'
client 2023-07-10 06:09:23,277 [INFO] Sending command to the server: 'time'
client 2023-07-10 06:09:23,280 [INFO] Got response: '1688965763.2808912'
client 2023-07-10 06:09:23,280 [INFO] The time difference between the client and the server is within range -2.979 ms..-0.352 ms
client 2023-07-10 06:09:23,280 [INFO] Running the workload 'CM_MLPERF_RUN_COUNT=$(cat ${CM_RUN_DIR}/count.txt); echo ${CM_MLPERF_RUN_COUNT}; CM_MLPERF_RUN_COUNT=$((CM_MLPERF_RUN_COUNT+1)); echo ${CM_MLPERF_RUN_COUNT} > ${CM_RUN_DIR}/count.txt && if [ ${CM_MLPERF_RUN_COUNT} -eq "1" ]; then export CM_MLPERF_USER_CONF=${CM_MLPERF_RANGING_USER_CONF}; else export CM_MLPERF_USER_CONF=${CM_MLPERF_TESTING_USER_CONF}; fi && /home/arjun/run.out'
client 2023-07-10 06:19:34,933 [INFO] Sending command to the server: 'time'
client 2023-07-10 06:19:34,935 [INFO] Got response: '1688966374.9366915'
client 2023-07-10 06:19:34,935 [INFO] The time difference between the client and the server is within range -3.824 ms..-0.758 ms
client 2023-07-10 06:19:34,936 [INFO] Sending command to the server: 'session,2023-07-10_05-03-24,stop,testing'
client 2023-07-10 06:19:45,323 [INFO] Got response: 'OK'
client 2023-07-10 06:19:45,324 [INFO] Sending command to the server: 'time'
client 2023-07-10 06:19:45,327 [INFO] Got response: '1688966385.327631'
client 2023-07-10 06:19:45,328 [INFO] The time difference between the client and the server is within range -3.419 ms..0.331 ms
client 2023-07-10 06:19:45,331 [INFO] Copying loadgen logs from '/home/arjun/mobilenet_results/valid_results/orin-tflite_cpp-cpu-tflite-vmaster-default_config/efficientnet-int8-lite2/singlestream/performance/run_1' to '/home/arjun/mobilenet_results/valid_results/orin-tflite_cpp-cpu-tflite-vmaster-default_config/efficientnet-int8-lite2/singlestream/performance/tmp_power/run_1'
client 2023-07-10 06:19:45,333 [INFO] Done runs
