client 2023-07-11 11:58:39,520 [INFO] Creating output directory '/home/arjun/mobilenet_results/valid_results/orin-tflite_armnn_cpp-cpu-armnn_tflite-v22.11-using_neon/mobilenet-v2-precision_uint8-0.75-192/singlestream/performance/tmp_power'
client 2023-07-11 11:58:39,522 [INFO] Sending command to the server: 'mlcommons/power client v3'
client 2023-07-11 11:58:39,525 [INFO] Got response: 'mlcommons/power server v3'
client 2023-07-11 11:58:39,525 [INFO] Synchronizing with the server and with time.google.com...
client 2023-07-11 11:58:39,546 [INFO] NTP:offset = -0.010 s, delay = 0.016 s 
client 2023-07-11 11:58:39,546 [INFO] Sending command to the server: 'time'
client 2023-07-11 11:58:39,548 [INFO] Got response: '1689073119.4574063'
client 2023-07-11 11:58:39,549 [INFO] The time difference between the client and the server is within range 88.996 ms..91.611 ms
client 2023-07-11 11:58:39,549 [INFO] Sending command to the server: 'new,,e9ca20dd-b883-4716-825a-ca7573af61db'
client 2023-07-11 11:58:39,555 [INFO] Got response: 'OK 2023-07-11_11-58-39,170e5a2b-09dd-41d6-9da4-fd4b2f27cf61'
client 2023-07-11 11:58:39,555 [INFO] Session id is '2023-07-11_11-58-39'
client 2023-07-11 11:58:39,555 [INFO] Sources: {"sources": {"__init__.py": "da39a3ee5e6b4b0d3255bfef95601890afd80709", "client.py": "33ca4f26368777ac06e01f9567b714a4b8063886", "lib/__init__.py": "da39a3ee5e6b4b0d3255bfef95601890afd80709", "lib/client.py": "ac2aa093c8e8bbc9569b9e2a3471bc64e58a2258", "lib/common.py": "611d8b29633d331eb19c9455ea3b5fa3284ed6df", "lib/external/__init__.py": "da39a3ee5e6b4b0d3255bfef95601890afd80709", "lib/external/ntplib.py": "4da8f970656505a40483206ef2b5d3dd5e81711d", "lib/server.py": "c7af63c31bb2fbedea4345f571f6e3507d268ada", "lib/source_hashes.py": "60a2e02193209e8d392803326208d5466342da18", "lib/summary.py": "aa92f0a3f975eecd44d3c0cd0236342ccc9f941d", "lib/time_sync.py": "122eba67a9abc85635223e054def53be1367ade2", "server.py": "c3f90f2f7eeb4db30727556d0c815ebc89b3d28b", "tests/unit/__init__.py": "da39a3ee5e6b4b0d3255bfef95601890afd80709", "tests/unit/test_server.py": "948c1995d4008bc2aa6c4046a34ffa3858d6d671", "tests/unit/test_source_hashes.py": "00468a2907583c593e6574a1f6b404e4651c221a"}, "modules": {"ptd_client_server.lib.client": "lib/client.py", "ptd_client_server.lib.common": "lib/common.py", "ptd_client_server.lib.external.ntplib": "lib/external/ntplib.py", "ptd_client_server.lib.source_hashes": "lib/source_hashes.py", "ptd_client_server.lib.summary": "lib/summary.py", "ptd_client_server.lib.time_sync": "lib/time_sync.py"}}
client 2023-07-11 11:58:39,556 [INFO] Running workload in ranging mode
client 2023-07-11 11:58:39,556 [INFO] Synchronizing with the server and with time.google.com...
client 2023-07-11 11:58:39,571 [INFO] NTP:offset = -0.009 s, delay = 0.015 s 
client 2023-07-11 11:58:39,571 [INFO] Sending command to the server: 'time'
client 2023-07-11 11:58:39,575 [INFO] Got response: '1689073119.4823465'
client 2023-07-11 11:58:39,575 [INFO] The time difference between the client and the server is within range 89.554 ms..92.832 ms
client 2023-07-11 11:58:39,575 [INFO] Sending command to the server: 'session,2023-07-11_11-58-39,start,ranging'
client 2023-07-11 11:59:08,249 [INFO] Got response: 'OK'
client 2023-07-11 11:59:08,250 [INFO] Sending command to the server: 'time'
client 2023-07-11 11:59:08,253 [INFO] Got response: '1689073148.1611965'
client 2023-07-11 11:59:08,254 [INFO] The time difference between the client and the server is within range 89.214 ms..92.729 ms
client 2023-07-11 11:59:08,254 [INFO] Running the workload 'CM_MLPERF_RUN_COUNT=$(cat ${CM_RUN_DIR}/count.txt); echo ${CM_MLPERF_RUN_COUNT}; CM_MLPERF_RUN_COUNT=$((CM_MLPERF_RUN_COUNT+1)); echo ${CM_MLPERF_RUN_COUNT} > ${CM_RUN_DIR}/count.txt && if [ ${CM_MLPERF_RUN_COUNT} -eq "1" ]; then export CM_MLPERF_USER_CONF=${CM_MLPERF_RANGING_USER_CONF}; else export CM_MLPERF_USER_CONF=${CM_MLPERF_TESTING_USER_CONF}; fi && /home/arjun/run.out'
client 2023-07-11 12:04:09,914 [INFO] Sending command to the server: 'time'
client 2023-07-11 12:04:09,917 [INFO] Got response: '1689073449.8234804'
client 2023-07-11 12:04:09,917 [INFO] The time difference between the client and the server is within range 90.515 ms..94.363 ms
client 2023-07-11 12:04:09,918 [INFO] Sending command to the server: 'session,2023-07-11_11-58-39,stop,ranging'
client 2023-07-11 12:04:20,607 [INFO] Got response: 'OK'
client 2023-07-11 12:04:20,608 [INFO] Sending command to the server: 'time'
client 2023-07-11 12:04:20,612 [INFO] Got response: '1689073460.5174782'
client 2023-07-11 12:04:20,612 [INFO] The time difference between the client and the server is within range 90.825 ms..95.225 ms
client 2023-07-11 12:04:20,638 [INFO] Copying loadgen logs from '/home/arjun/mobilenet_results/valid_results/orin-tflite_armnn_cpp-cpu-armnn_tflite-v22.11-using_neon/mobilenet-v2-precision_uint8-0.75-192/singlestream/performance/run_1' to '/home/arjun/mobilenet_results/valid_results/orin-tflite_armnn_cpp-cpu-armnn_tflite-v22.11-using_neon/mobilenet-v2-precision_uint8-0.75-192/singlestream/performance/tmp_power/ranging'
client 2023-07-11 12:04:20,641 [INFO] Running workload in testing mode
client 2023-07-11 12:04:20,641 [INFO] Synchronizing with the server and with time.google.com...
client 2023-07-11 12:04:20,673 [INFO] NTP:offset = -0.009 s, delay = 0.015 s 
client 2023-07-11 12:04:20,674 [INFO] Sending command to the server: 'time'
client 2023-07-11 12:04:20,676 [INFO] Got response: '1689073460.5828884'
client 2023-07-11 12:04:20,676 [INFO] The time difference between the client and the server is within range 91.273 ms..93.937 ms
client 2023-07-11 12:04:20,677 [INFO] Sending command to the server: 'session,2023-07-11_11-58-39,start,testing'
client 2023-07-11 12:04:33,717 [INFO] Got response: 'OK'
client 2023-07-11 12:04:33,717 [INFO] Sending command to the server: 'time'
client 2023-07-11 12:04:33,721 [INFO] Got response: '1689073473.625803'
client 2023-07-11 12:04:33,721 [INFO] The time difference between the client and the server is within range 91.902 ms..95.678 ms
client 2023-07-11 12:04:33,721 [INFO] Running the workload 'CM_MLPERF_RUN_COUNT=$(cat ${CM_RUN_DIR}/count.txt); echo ${CM_MLPERF_RUN_COUNT}; CM_MLPERF_RUN_COUNT=$((CM_MLPERF_RUN_COUNT+1)); echo ${CM_MLPERF_RUN_COUNT} > ${CM_RUN_DIR}/count.txt && if [ ${CM_MLPERF_RUN_COUNT} -eq "1" ]; then export CM_MLPERF_USER_CONF=${CM_MLPERF_RANGING_USER_CONF}; else export CM_MLPERF_USER_CONF=${CM_MLPERF_TESTING_USER_CONF}; fi && /home/arjun/run.out'
client 2023-07-11 12:14:36,690 [INFO] Sending command to the server: 'time'
client 2023-07-11 12:14:36,694 [INFO] Got response: '1689074076.5950892'
client 2023-07-11 12:14:36,694 [INFO] The time difference between the client and the server is within range 95.393 ms..99.538 ms
client 2023-07-11 12:14:36,694 [INFO] Sending command to the server: 'session,2023-07-11_11-58-39,stop,testing'
client 2023-07-11 12:14:47,278 [INFO] Got response: 'OK'
client 2023-07-11 12:14:47,279 [INFO] Sending command to the server: 'time'
client 2023-07-11 12:14:47,300 [INFO] Got response: '1689074087.2002518'
client 2023-07-11 12:14:47,301 [INFO] The time difference between the client and the server is within range 79.460 ms..100.801 ms
client 2023-07-11 12:14:47,305 [INFO] Copying loadgen logs from '/home/arjun/mobilenet_results/valid_results/orin-tflite_armnn_cpp-cpu-armnn_tflite-v22.11-using_neon/mobilenet-v2-precision_uint8-0.75-192/singlestream/performance/run_1' to '/home/arjun/mobilenet_results/valid_results/orin-tflite_armnn_cpp-cpu-armnn_tflite-v22.11-using_neon/mobilenet-v2-precision_uint8-0.75-192/singlestream/performance/tmp_power/run_1'
client 2023-07-11 12:14:47,308 [INFO] Done runs
