client 2023-08-11 01:18:14,227 [INFO] Creating output directory '/home/arjun/mobilenet_results/valid_results/orin-tflite_cpp-cpu-tflite-vmaster-with_live_preprocessing/efficientnet-fp32-lite1/singlestream/performance/tmp_power'
client 2023-08-11 01:18:14,230 [INFO] Sending command to the server: 'mlcommons/power client v3'
client 2023-08-11 01:18:14,234 [INFO] Got response: 'mlcommons/power server v3'
client 2023-08-11 01:18:14,234 [INFO] Synchronizing with the server and with time.google.com...
client 2023-08-11 01:18:14,256 [INFO] NTP:offset = -0.001 s, delay = 0.019 s 
client 2023-08-11 01:18:14,256 [INFO] Sending command to the server: 'time'
client 2023-08-11 01:18:14,258 [INFO] Got response: '1691713094.1247625'
client 2023-08-11 01:18:14,258 [INFO] The time difference between the client and the server is within range 131.457 ms..133.869 ms
client 2023-08-11 01:18:14,258 [INFO] Sending command to the server: 'new,,bab46d8a-d284-49e9-9753-d21d236c39ce'
client 2023-08-11 01:18:14,262 [INFO] Got response: 'OK 2023-08-11_01-18-14,11572745-dde6-4d73-bc49-259ceee445fd'
client 2023-08-11 01:18:14,262 [INFO] Session id is '2023-08-11_01-18-14'
client 2023-08-11 01:18:14,262 [INFO] Sources: {"sources": {"__init__.py": "da39a3ee5e6b4b0d3255bfef95601890afd80709", "client.py": "33ca4f26368777ac06e01f9567b714a4b8063886", "lib/__init__.py": "da39a3ee5e6b4b0d3255bfef95601890afd80709", "lib/client.py": "ac2aa093c8e8bbc9569b9e2a3471bc64e58a2258", "lib/common.py": "611d8b29633d331eb19c9455ea3b5fa3284ed6df", "lib/external/__init__.py": "da39a3ee5e6b4b0d3255bfef95601890afd80709", "lib/external/ntplib.py": "4da8f970656505a40483206ef2b5d3dd5e81711d", "lib/server.py": "c7af63c31bb2fbedea4345f571f6e3507d268ada", "lib/source_hashes.py": "60a2e02193209e8d392803326208d5466342da18", "lib/summary.py": "aa92f0a3f975eecd44d3c0cd0236342ccc9f941d", "lib/time_sync.py": "80894ef2389e540781ff78de94db16aa4203a14e", "server.py": "c3f90f2f7eeb4db30727556d0c815ebc89b3d28b", "tests/unit/__init__.py": "da39a3ee5e6b4b0d3255bfef95601890afd80709", "tests/unit/test_server.py": "948c1995d4008bc2aa6c4046a34ffa3858d6d671", "tests/unit/test_source_hashes.py": "00468a2907583c593e6574a1f6b404e4651c221a"}, "modules": {"ptd_client_server.lib.client": "lib/client.py", "ptd_client_server.lib.common": "lib/common.py", "ptd_client_server.lib.external.ntplib": "lib/external/ntplib.py", "ptd_client_server.lib.source_hashes": "lib/source_hashes.py", "ptd_client_server.lib.summary": "lib/summary.py", "ptd_client_server.lib.time_sync": "lib/time_sync.py"}}
client 2023-08-11 01:18:14,262 [INFO] Running workload in ranging mode
client 2023-08-11 01:18:14,262 [INFO] Synchronizing with the server and with time.google.com...
client 2023-08-11 01:18:14,280 [INFO] NTP:offset = -0.001 s, delay = 0.017 s 
client 2023-08-11 01:18:14,281 [INFO] Sending command to the server: 'time'
client 2023-08-11 01:18:14,283 [INFO] Got response: '1691713094.1443512'
client 2023-08-11 01:18:14,283 [INFO] The time difference between the client and the server is within range 136.692 ms..139.340 ms
client 2023-08-11 01:18:14,283 [INFO] Sending command to the server: 'session,2023-08-11_01-18-14,start,ranging'
client 2023-08-11 01:18:43,003 [INFO] Got response: 'OK'
client 2023-08-11 01:18:43,003 [INFO] Sending command to the server: 'time'
client 2023-08-11 01:18:43,007 [INFO] Got response: '1691713122.8661685'
client 2023-08-11 01:18:43,007 [INFO] The time difference between the client and the server is within range 137.472 ms..141.122 ms
client 2023-08-11 01:18:43,007 [INFO] Running the workload 'CM_MLPERF_RUN_COUNT=$(cat ${CM_RUN_DIR}/count.txt); echo ${CM_MLPERF_RUN_COUNT}; CM_MLPERF_RUN_COUNT=$((CM_MLPERF_RUN_COUNT+1)); echo ${CM_MLPERF_RUN_COUNT} > ${CM_RUN_DIR}/count.txt && if [ ${CM_MLPERF_RUN_COUNT} -eq "1" ]; then export CM_MLPERF_USER_CONF=${CM_MLPERF_RANGING_USER_CONF}; else export CM_MLPERF_USER_CONF=${CM_MLPERF_TESTING_USER_CONF}; fi && /mount/CM/repos/ctuning@mlcommons-ck/cm-mlops/script/run-all-mlperf-models/run.out'
client 2023-08-11 01:23:47,711 [INFO] Sending command to the server: 'time'
client 2023-08-11 01:23:47,716 [INFO] Got response: '1691713427.5734625'
client 2023-08-11 01:23:47,716 [INFO] The time difference between the client and the server is within range 138.126 ms..143.058 ms
client 2023-08-11 01:23:47,716 [INFO] Sending command to the server: 'session,2023-08-11_01-18-14,stop,ranging'
client 2023-08-11 01:23:58,528 [INFO] Got response: 'OK'
client 2023-08-11 01:23:58,528 [INFO] Sending command to the server: 'time'
client 2023-08-11 01:23:58,622 [INFO] Got response: '1691713438.4788964'
client 2023-08-11 01:23:58,622 [INFO] The time difference between the client and the server is within range 49.216 ms..143.832 ms
client 2023-08-11 01:23:58,626 [INFO] Copying loadgen logs from '/home/arjun/mobilenet_results/valid_results/orin-tflite_cpp-cpu-tflite-vmaster-with_live_preprocessing/efficientnet-fp32-lite1/singlestream/performance/run_1' to '/home/arjun/mobilenet_results/valid_results/orin-tflite_cpp-cpu-tflite-vmaster-with_live_preprocessing/efficientnet-fp32-lite1/singlestream/performance/tmp_power/ranging'
client 2023-08-11 01:23:58,627 [INFO] Running workload in testing mode
client 2023-08-11 01:23:58,627 [INFO] Synchronizing with the server and with time.google.com...
client 2023-08-11 01:23:58,645 [INFO] NTP:offset = 0.000 s, delay = 0.017 s 
client 2023-08-11 01:23:58,645 [INFO] Sending command to the server: 'time'
client 2023-08-11 01:23:58,648 [INFO] Got response: '1691713438.510034'
client 2023-08-11 01:23:58,648 [INFO] The time difference between the client and the server is within range 135.478 ms..138.578 ms
client 2023-08-11 01:23:58,648 [INFO] Sending command to the server: 'session,2023-08-11_01-18-14,start,testing'
client 2023-08-11 01:24:11,687 [INFO] Got response: 'OK'
client 2023-08-11 01:24:11,687 [INFO] Sending command to the server: 'time'
client 2023-08-11 01:24:11,690 [INFO] Got response: '1691713451.5475001'
client 2023-08-11 01:24:11,690 [INFO] The time difference between the client and the server is within range 140.300 ms..142.714 ms
client 2023-08-11 01:24:11,690 [INFO] Running the workload 'CM_MLPERF_RUN_COUNT=$(cat ${CM_RUN_DIR}/count.txt); echo ${CM_MLPERF_RUN_COUNT}; CM_MLPERF_RUN_COUNT=$((CM_MLPERF_RUN_COUNT+1)); echo ${CM_MLPERF_RUN_COUNT} > ${CM_RUN_DIR}/count.txt && if [ ${CM_MLPERF_RUN_COUNT} -eq "1" ]; then export CM_MLPERF_USER_CONF=${CM_MLPERF_RANGING_USER_CONF}; else export CM_MLPERF_USER_CONF=${CM_MLPERF_TESTING_USER_CONF}; fi && /mount/CM/repos/ctuning@mlcommons-ck/cm-mlops/script/run-all-mlperf-models/run.out'
client 2023-08-11 01:34:13,923 [INFO] Sending command to the server: 'time'
client 2023-08-11 01:34:13,927 [INFO] Got response: '1691714053.7787318'
client 2023-08-11 01:34:13,928 [INFO] The time difference between the client and the server is within range 145.024 ms..149.253 ms
client 2023-08-11 01:34:13,928 [INFO] Sending command to the server: 'session,2023-08-11_01-18-14,stop,testing'
client 2023-08-11 01:34:24,917 [INFO] Got response: 'OK'
client 2023-08-11 01:34:24,918 [INFO] Sending command to the server: 'time'
client 2023-08-11 01:34:24,928 [INFO] Got response: '1691714064.776695'
client 2023-08-11 01:34:24,928 [INFO] The time difference between the client and the server is within range 141.358 ms..151.780 ms
client 2023-08-11 01:34:24,929 [INFO] Copying loadgen logs from '/home/arjun/mobilenet_results/valid_results/orin-tflite_cpp-cpu-tflite-vmaster-with_live_preprocessing/efficientnet-fp32-lite1/singlestream/performance/run_1' to '/home/arjun/mobilenet_results/valid_results/orin-tflite_cpp-cpu-tflite-vmaster-with_live_preprocessing/efficientnet-fp32-lite1/singlestream/performance/tmp_power/run_1'
client 2023-08-11 01:34:24,929 [INFO] Done runs
