client 2023-07-13 07:35:20,536 [INFO] Creating output directory '/home/arjun/mobilenet_results/valid_results/orin-tflite_armnn_cpp-cpu-armnn_tflite-v23.05-using_neon/efficientnet-int8-lite1/singlestream/performance/tmp_power'
client 2023-07-13 07:35:20,540 [INFO] Sending command to the server: 'mlcommons/power client v3'
client 2023-07-13 07:35:20,543 [INFO] Got response: 'mlcommons/power server v3'
client 2023-07-13 07:35:20,543 [INFO] Synchronizing with the server and with time.google.com...
client 2023-07-13 07:35:20,562 [INFO] NTP:offset = -0.003 s, delay = 0.015 s 
client 2023-07-13 07:35:20,562 [INFO] Sending command to the server: 'time'
client 2023-07-13 07:35:20,566 [INFO] Got response: '1689230120.4861734'
client 2023-07-13 07:35:20,566 [INFO] The time difference between the client and the server is within range 76.611 ms..80.113 ms
client 2023-07-13 07:35:20,566 [INFO] Sending command to the server: 'new,,ce0bf1dd-7132-4c45-bcd0-07d68c82aa97'
client 2023-07-13 07:35:20,571 [INFO] Got response: 'OK 2023-07-13_07-35-20,fcdd9f89-510a-4ee3-b3d4-159313ddd634'
client 2023-07-13 07:35:20,571 [INFO] Session id is '2023-07-13_07-35-20'
client 2023-07-13 07:35:20,571 [INFO] Sources: {"sources": {"__init__.py": "da39a3ee5e6b4b0d3255bfef95601890afd80709", "client.py": "33ca4f26368777ac06e01f9567b714a4b8063886", "lib/__init__.py": "da39a3ee5e6b4b0d3255bfef95601890afd80709", "lib/client.py": "ac2aa093c8e8bbc9569b9e2a3471bc64e58a2258", "lib/common.py": "611d8b29633d331eb19c9455ea3b5fa3284ed6df", "lib/external/__init__.py": "da39a3ee5e6b4b0d3255bfef95601890afd80709", "lib/external/ntplib.py": "4da8f970656505a40483206ef2b5d3dd5e81711d", "lib/server.py": "c7af63c31bb2fbedea4345f571f6e3507d268ada", "lib/source_hashes.py": "60a2e02193209e8d392803326208d5466342da18", "lib/summary.py": "aa92f0a3f975eecd44d3c0cd0236342ccc9f941d", "lib/time_sync.py": "122eba67a9abc85635223e054def53be1367ade2", "server.py": "c3f90f2f7eeb4db30727556d0c815ebc89b3d28b", "tests/unit/__init__.py": "da39a3ee5e6b4b0d3255bfef95601890afd80709", "tests/unit/test_server.py": "948c1995d4008bc2aa6c4046a34ffa3858d6d671", "tests/unit/test_source_hashes.py": "00468a2907583c593e6574a1f6b404e4651c221a"}, "modules": {"ptd_client_server.lib.client": "lib/client.py", "ptd_client_server.lib.common": "lib/common.py", "ptd_client_server.lib.external.ntplib": "lib/external/ntplib.py", "ptd_client_server.lib.source_hashes": "lib/source_hashes.py", "ptd_client_server.lib.summary": "lib/summary.py", "ptd_client_server.lib.time_sync": "lib/time_sync.py"}}
client 2023-07-13 07:35:20,571 [INFO] Running workload in ranging mode
client 2023-07-13 07:35:20,571 [INFO] Synchronizing with the server and with time.google.com...
client 2023-07-13 07:35:20,586 [INFO] NTP:offset = -0.004 s, delay = 0.014 s 
client 2023-07-13 07:35:20,586 [INFO] Sending command to the server: 'time'
client 2023-07-13 07:35:20,590 [INFO] Got response: '1689230120.516418'
client 2023-07-13 07:35:20,590 [INFO] The time difference between the client and the server is within range 69.883 ms..73.931 ms
client 2023-07-13 07:35:20,590 [INFO] Sending command to the server: 'session,2023-07-13_07-35-20,start,ranging'
client 2023-07-13 07:35:49,242 [INFO] Got response: 'OK'
client 2023-07-13 07:35:49,244 [INFO] Sending command to the server: 'time'
client 2023-07-13 07:35:49,249 [INFO] Got response: '1689230149.168216'
client 2023-07-13 07:35:49,250 [INFO] The time difference between the client and the server is within range 75.921 ms..81.924 ms
client 2023-07-13 07:35:49,250 [INFO] Running the workload 'CM_MLPERF_RUN_COUNT=$(cat ${CM_RUN_DIR}/count.txt); echo ${CM_MLPERF_RUN_COUNT}; CM_MLPERF_RUN_COUNT=$((CM_MLPERF_RUN_COUNT+1)); echo ${CM_MLPERF_RUN_COUNT} > ${CM_RUN_DIR}/count.txt && if [ ${CM_MLPERF_RUN_COUNT} -eq "1" ]; then export CM_MLPERF_USER_CONF=${CM_MLPERF_RANGING_USER_CONF}; else export CM_MLPERF_USER_CONF=${CM_MLPERF_TESTING_USER_CONF}; fi && /home/arjun/run.out'
client 2023-07-13 07:40:51,180 [INFO] Sending command to the server: 'time'
client 2023-07-13 07:40:51,185 [INFO] Got response: '1689230451.1003633'
client 2023-07-13 07:40:51,186 [INFO] The time difference between the client and the server is within range 80.270 ms..85.598 ms
client 2023-07-13 07:40:51,186 [INFO] Sending command to the server: 'session,2023-07-13_07-35-20,stop,ranging'
client 2023-07-13 07:41:01,351 [INFO] Got response: 'OK'
client 2023-07-13 07:41:01,352 [INFO] Sending command to the server: 'time'
client 2023-07-13 07:41:01,357 [INFO] Got response: '1689230461.2786503'
client 2023-07-13 07:41:01,357 [INFO] The time difference between the client and the server is within range 74.232 ms..78.757 ms
client 2023-07-13 07:41:01,387 [INFO] Copying loadgen logs from '/home/arjun/mobilenet_results/valid_results/orin-tflite_armnn_cpp-cpu-armnn_tflite-v23.05-using_neon/efficientnet-int8-lite1/singlestream/performance/run_1' to '/home/arjun/mobilenet_results/valid_results/orin-tflite_armnn_cpp-cpu-armnn_tflite-v23.05-using_neon/efficientnet-int8-lite1/singlestream/performance/tmp_power/ranging'
client 2023-07-13 07:41:01,389 [INFO] Running workload in testing mode
client 2023-07-13 07:41:01,390 [INFO] Synchronizing with the server and with time.google.com...
client 2023-07-13 07:41:01,411 [INFO] NTP:offset = -0.003 s, delay = 0.016 s 
client 2023-07-13 07:41:01,412 [INFO] Sending command to the server: 'time'
client 2023-07-13 07:41:01,415 [INFO] Got response: '1689230461.3330786'
client 2023-07-13 07:41:01,416 [INFO] The time difference between the client and the server is within range 79.134 ms..83.029 ms
client 2023-07-13 07:41:01,416 [INFO] Sending command to the server: 'session,2023-07-13_07-35-20,start,testing'
client 2023-07-13 07:41:14,459 [INFO] Got response: 'OK'
client 2023-07-13 07:41:14,459 [INFO] Sending command to the server: 'time'
client 2023-07-13 07:41:14,464 [INFO] Got response: '1689230474.3786755'
client 2023-07-13 07:41:14,464 [INFO] The time difference between the client and the server is within range 80.870 ms..85.650 ms
client 2023-07-13 07:41:14,464 [INFO] Running the workload 'CM_MLPERF_RUN_COUNT=$(cat ${CM_RUN_DIR}/count.txt); echo ${CM_MLPERF_RUN_COUNT}; CM_MLPERF_RUN_COUNT=$((CM_MLPERF_RUN_COUNT+1)); echo ${CM_MLPERF_RUN_COUNT} > ${CM_RUN_DIR}/count.txt && if [ ${CM_MLPERF_RUN_COUNT} -eq "1" ]; then export CM_MLPERF_USER_CONF=${CM_MLPERF_RANGING_USER_CONF}; else export CM_MLPERF_USER_CONF=${CM_MLPERF_TESTING_USER_CONF}; fi && /home/arjun/run.out'
client 2023-07-13 07:51:17,760 [INFO] Sending command to the server: 'time'
client 2023-07-13 07:51:17,777 [INFO] Got response: '1689231077.697632'
client 2023-07-13 07:51:17,777 [INFO] The time difference between the client and the server is within range 62.848 ms..79.909 ms
client 2023-07-13 07:51:17,777 [INFO] Sending command to the server: 'session,2023-07-13_07-35-20,stop,testing'
client 2023-07-13 07:51:28,542 [INFO] Got response: 'OK'
client 2023-07-13 07:51:28,543 [INFO] Sending command to the server: 'time'
client 2023-07-13 07:51:28,547 [INFO] Got response: '1689231088.464588'
client 2023-07-13 07:51:28,547 [INFO] The time difference between the client and the server is within range 78.995 ms..82.885 ms
client 2023-07-13 07:51:28,552 [INFO] Copying loadgen logs from '/home/arjun/mobilenet_results/valid_results/orin-tflite_armnn_cpp-cpu-armnn_tflite-v23.05-using_neon/efficientnet-int8-lite1/singlestream/performance/run_1' to '/home/arjun/mobilenet_results/valid_results/orin-tflite_armnn_cpp-cpu-armnn_tflite-v23.05-using_neon/efficientnet-int8-lite1/singlestream/performance/tmp_power/run_1'
client 2023-07-13 07:51:28,554 [INFO] Done runs
