client 2023-07-27 14:51:02,250 [INFO] Creating output directory '/home/arjun/results_dir/valid_results/orin-nvidia_original-gpu-tensorrt-vdefault-default_config/rnnt/singlestream/performance/tmp_power'
client 2023-07-27 14:51:02,304 [INFO] Sending command to the server: 'mlcommons/power client v3'
client 2023-07-27 14:51:02,308 [INFO] Got response: 'mlcommons/power server v3'
client 2023-07-27 14:51:02,308 [INFO] Synchronizing with the server and with time.google.com...
client 2023-07-27 14:51:02,350 [INFO] NTP:offset = 0.005 s, delay = 0.023 s 
client 2023-07-27 14:51:02,350 [INFO] Sending command to the server: 'time'
client 2023-07-27 14:51:02,354 [INFO] Got response: '1690465862.1887395'
client 2023-07-27 14:51:02,354 [INFO] The time difference between the client and the server is within range 162.206 ms..165.978 ms
client 2023-07-27 14:51:02,355 [INFO] Sending command to the server: 'new,,53a14ee1-6c0b-47b3-9418-99c4e1350424'
client 2023-07-27 14:51:02,358 [INFO] Got response: 'OK 2023-07-27_14-51-02,0a083967-b0ed-47e8-87b0-eb4fbfef5197'
client 2023-07-27 14:51:02,358 [INFO] Session id is '2023-07-27_14-51-02'
client 2023-07-27 14:51:02,359 [INFO] Sources: {"sources": {"__init__.py": "da39a3ee5e6b4b0d3255bfef95601890afd80709", "client.py": "33ca4f26368777ac06e01f9567b714a4b8063886", "lib/__init__.py": "da39a3ee5e6b4b0d3255bfef95601890afd80709", "lib/client.py": "ac2aa093c8e8bbc9569b9e2a3471bc64e58a2258", "lib/common.py": "611d8b29633d331eb19c9455ea3b5fa3284ed6df", "lib/external/__init__.py": "da39a3ee5e6b4b0d3255bfef95601890afd80709", "lib/external/ntplib.py": "4da8f970656505a40483206ef2b5d3dd5e81711d", "lib/server.py": "c7af63c31bb2fbedea4345f571f6e3507d268ada", "lib/source_hashes.py": "60a2e02193209e8d392803326208d5466342da18", "lib/summary.py": "aa92f0a3f975eecd44d3c0cd0236342ccc9f941d", "lib/time_sync.py": "122eba67a9abc85635223e054def53be1367ade2", "server.py": "c3f90f2f7eeb4db30727556d0c815ebc89b3d28b", "tests/unit/__init__.py": "da39a3ee5e6b4b0d3255bfef95601890afd80709", "tests/unit/test_server.py": "948c1995d4008bc2aa6c4046a34ffa3858d6d671", "tests/unit/test_source_hashes.py": "00468a2907583c593e6574a1f6b404e4651c221a"}, "modules": {"ptd_client_server.lib.client": "lib/client.py", "ptd_client_server.lib.common": "lib/common.py", "ptd_client_server.lib.external.ntplib": "lib/external/ntplib.py", "ptd_client_server.lib.source_hashes": "lib/source_hashes.py", "ptd_client_server.lib.summary": "lib/summary.py", "ptd_client_server.lib.time_sync": "lib/time_sync.py"}}
client 2023-07-27 14:51:02,360 [INFO] Running workload in ranging mode
client 2023-07-27 14:51:02,360 [INFO] Synchronizing with the server and with time.google.com...
client 2023-07-27 14:51:02,376 [INFO] NTP:offset = 0.004 s, delay = 0.015 s 
client 2023-07-27 14:51:02,377 [INFO] Sending command to the server: 'time'
client 2023-07-27 14:51:02,380 [INFO] Got response: '1690465862.2195418'
client 2023-07-27 14:51:02,380 [INFO] The time difference between the client and the server is within range 157.655 ms..161.292 ms
client 2023-07-27 14:51:02,381 [INFO] Sending command to the server: 'session,2023-07-27_14-51-02,start,ranging'
client 2023-07-27 14:51:31,101 [INFO] Got response: 'OK'
client 2023-07-27 14:51:31,103 [INFO] Sending command to the server: 'time'
client 2023-07-27 14:51:31,108 [INFO] Got response: '1690465890.9491448'
client 2023-07-27 14:51:31,108 [INFO] The time difference between the client and the server is within range 154.068 ms..159.718 ms
client 2023-07-27 14:51:31,109 [INFO] Running the workload 'CM_MLPERF_RUN_COUNT=$(cat ${CM_RUN_DIR}/count.txt); echo ${CM_MLPERF_RUN_COUNT}; CM_MLPERF_RUN_COUNT=$((CM_MLPERF_RUN_COUNT+1)); echo ${CM_MLPERF_RUN_COUNT} > ${CM_RUN_DIR}/count.txt && if [ ${CM_MLPERF_RUN_COUNT} -eq "1" ]; then export CM_MLPERF_USER_CONF=${CM_MLPERF_RANGING_USER_CONF}; else export CM_MLPERF_USER_CONF=${CM_MLPERF_TESTING_USER_CONF}; fi && make run_harness RUN_ARGS=" --benchmarks=rnnt --scenarios=singlestream --test_mode=PerformanceOnly --offline_expected_qps=780 --single_stream_expected_latency_ns=100000000 --config_ver=maxq --user_conf_path=${CM_MLPERF_USER_CONF} --mlperf_conf_path=/mount/CM/repos/local/cache/cedb99c765c24b90/inference/mlperf.conf --gpu_batch_size=1 --no_audit_verify "'
client 2023-07-27 14:57:38,432 [INFO] Sending command to the server: 'time'
client 2023-07-27 14:57:38,439 [INFO] Got response: '1690466258.2788641'
client 2023-07-27 14:57:38,441 [INFO] The time difference between the client and the server is within range 153.040 ms..161.728 ms
client 2023-07-27 14:57:38,441 [INFO] Sending command to the server: 'session,2023-07-27_14-51-02,stop,ranging'
client 2023-07-27 14:57:49,308 [INFO] Got response: 'OK'
client 2023-07-27 14:57:49,309 [INFO] Sending command to the server: 'time'
client 2023-07-27 14:57:49,313 [INFO] Got response: '1690466269.1511674'
client 2023-07-27 14:57:49,313 [INFO] The time difference between the client and the server is within range 158.175 ms..162.033 ms
client 2023-07-27 14:57:49,327 [INFO] Copying loadgen logs from '/home/arjun/results_dir/valid_results/orin-nvidia_original-gpu-tensorrt-vdefault-default_config/rnnt/singlestream/performance/run_1' to '/home/arjun/results_dir/valid_results/orin-nvidia_original-gpu-tensorrt-vdefault-default_config/rnnt/singlestream/performance/tmp_power/ranging'
client 2023-07-27 14:57:49,330 [INFO] Running workload in testing mode
client 2023-07-27 14:57:49,330 [INFO] Synchronizing with the server and with time.google.com...
client 2023-07-27 14:57:49,350 [INFO] NTP:offset = 0.006 s, delay = 0.016 s 
client 2023-07-27 14:57:49,350 [INFO] Sending command to the server: 'time'
client 2023-07-27 14:57:49,354 [INFO] Got response: '1690466269.1919184'
client 2023-07-27 14:57:49,354 [INFO] The time difference between the client and the server is within range 158.784 ms..162.962 ms
client 2023-07-27 14:57:49,355 [INFO] Sending command to the server: 'session,2023-07-27_14-51-02,start,testing'
client 2023-07-27 14:58:02,401 [INFO] Got response: 'OK'
client 2023-07-27 14:58:02,402 [INFO] Sending command to the server: 'time'
client 2023-07-27 14:58:02,407 [INFO] Got response: '1690466282.245779'
client 2023-07-27 14:58:02,407 [INFO] The time difference between the client and the server is within range 156.518 ms..161.928 ms
client 2023-07-27 14:58:02,407 [INFO] Running the workload 'CM_MLPERF_RUN_COUNT=$(cat ${CM_RUN_DIR}/count.txt); echo ${CM_MLPERF_RUN_COUNT}; CM_MLPERF_RUN_COUNT=$((CM_MLPERF_RUN_COUNT+1)); echo ${CM_MLPERF_RUN_COUNT} > ${CM_RUN_DIR}/count.txt && if [ ${CM_MLPERF_RUN_COUNT} -eq "1" ]; then export CM_MLPERF_USER_CONF=${CM_MLPERF_RANGING_USER_CONF}; else export CM_MLPERF_USER_CONF=${CM_MLPERF_TESTING_USER_CONF}; fi && make run_harness RUN_ARGS=" --benchmarks=rnnt --scenarios=singlestream --test_mode=PerformanceOnly --offline_expected_qps=780 --single_stream_expected_latency_ns=100000000 --config_ver=maxq --user_conf_path=${CM_MLPERF_USER_CONF} --mlperf_conf_path=/mount/CM/repos/local/cache/cedb99c765c24b90/inference/mlperf.conf --gpu_batch_size=1 --no_audit_verify "'
client 2023-07-27 15:09:18,662 [INFO] Sending command to the server: 'time'
client 2023-07-27 15:09:18,667 [INFO] Got response: '1690466958.5076091'
client 2023-07-27 15:09:18,667 [INFO] The time difference between the client and the server is within range 155.155 ms..160.262 ms
client 2023-07-27 15:09:18,668 [INFO] Sending command to the server: 'session,2023-07-27_14-51-02,stop,testing'
client 2023-07-27 15:09:29,638 [INFO] Got response: 'OK'
client 2023-07-27 15:09:29,640 [INFO] Sending command to the server: 'time'
client 2023-07-27 15:09:29,643 [INFO] Got response: '1690466969.4783885'
client 2023-07-27 15:09:29,644 [INFO] The time difference between the client and the server is within range 161.747 ms..165.644 ms
client 2023-07-27 15:09:29,647 [INFO] Copying loadgen logs from '/home/arjun/results_dir/valid_results/orin-nvidia_original-gpu-tensorrt-vdefault-default_config/rnnt/singlestream/performance/run_1' to '/home/arjun/results_dir/valid_results/orin-nvidia_original-gpu-tensorrt-vdefault-default_config/rnnt/singlestream/performance/tmp_power/run_1'
client 2023-07-27 15:09:29,650 [INFO] Done runs
