client 2023-07-16 00:54:58,334 [INFO] Creating output directory '/home/arjun/mobilenet_results/valid_results/raspberrypi-tflite_armnn_cpp-cpu-armnn_tflite-v23.05-using_neon/mobilenet-v2-precision_uint8-0.75-192/singlestream/performance/tmp_power'
client 2023-07-16 00:54:58,337 [INFO] Sending command to the server: 'mlcommons/power client v3'
client 2023-07-16 00:54:58,341 [INFO] Got response: 'mlcommons/power server v3'
client 2023-07-16 00:54:58,341 [INFO] Synchronizing with the server and with time.google.com...
client 2023-07-16 00:54:58,374 [INFO] NTP:offset = -0.003 s, delay = 0.013 s 
client 2023-07-16 00:54:58,374 [INFO] Sending command to the server: 'time'
client 2023-07-16 00:54:58,377 [INFO] Got response: '1689465298.2687635'
client 2023-07-16 00:54:58,377 [INFO] The time difference between the client and the server is within range 105.842 ms..108.513 ms
client 2023-07-16 00:54:58,377 [INFO] Sending command to the server: 'new,,046c13ad-9f56-420c-8616-cd1efea69cb0'
client 2023-07-16 00:54:58,384 [INFO] Got response: 'OK 2023-07-16_00-54-58,4370d56a-7ed9-420d-9e10-8eded184110c'
client 2023-07-16 00:54:58,384 [INFO] Session id is '2023-07-16_00-54-58'
client 2023-07-16 00:54:58,384 [INFO] Sources: {"sources": {"__init__.py": "da39a3ee5e6b4b0d3255bfef95601890afd80709", "client.py": "33ca4f26368777ac06e01f9567b714a4b8063886", "lib/__init__.py": "da39a3ee5e6b4b0d3255bfef95601890afd80709", "lib/client.py": "ac2aa093c8e8bbc9569b9e2a3471bc64e58a2258", "lib/common.py": "611d8b29633d331eb19c9455ea3b5fa3284ed6df", "lib/external/__init__.py": "da39a3ee5e6b4b0d3255bfef95601890afd80709", "lib/external/ntplib.py": "4da8f970656505a40483206ef2b5d3dd5e81711d", "lib/server.py": "c7af63c31bb2fbedea4345f571f6e3507d268ada", "lib/source_hashes.py": "60a2e02193209e8d392803326208d5466342da18", "lib/summary.py": "aa92f0a3f975eecd44d3c0cd0236342ccc9f941d", "lib/time_sync.py": "122eba67a9abc85635223e054def53be1367ade2", "server.py": "c3f90f2f7eeb4db30727556d0c815ebc89b3d28b", "tests/unit/__init__.py": "da39a3ee5e6b4b0d3255bfef95601890afd80709", "tests/unit/test_server.py": "948c1995d4008bc2aa6c4046a34ffa3858d6d671", "tests/unit/test_source_hashes.py": "00468a2907583c593e6574a1f6b404e4651c221a"}, "modules": {"ptd_client_server.lib.client": "lib/client.py", "ptd_client_server.lib.common": "lib/common.py", "ptd_client_server.lib.external.ntplib": "lib/external/ntplib.py", "ptd_client_server.lib.source_hashes": "lib/source_hashes.py", "ptd_client_server.lib.summary": "lib/summary.py", "ptd_client_server.lib.time_sync": "lib/time_sync.py"}}
client 2023-07-16 00:54:58,385 [INFO] Running workload in ranging mode
client 2023-07-16 00:54:58,385 [INFO] Synchronizing with the server and with time.google.com...
client 2023-07-16 00:54:58,412 [INFO] NTP:offset = -0.003 s, delay = 0.014 s 
client 2023-07-16 00:54:58,412 [INFO] Sending command to the server: 'time'
client 2023-07-16 00:54:58,415 [INFO] Got response: '1689465298.3087611'
client 2023-07-16 00:54:58,415 [INFO] The time difference between the client and the server is within range 104.015 ms..107.067 ms
client 2023-07-16 00:54:58,415 [INFO] Sending command to the server: 'session,2023-07-16_00-54-58,start,ranging'
client 2023-07-16 00:55:27,117 [INFO] Got response: 'OK'
client 2023-07-16 00:55:27,117 [INFO] Sending command to the server: 'time'
client 2023-07-16 00:55:27,122 [INFO] Got response: '1689465327.0200062'
client 2023-07-16 00:55:27,122 [INFO] The time difference between the client and the server is within range 97.896 ms..102.715 ms
client 2023-07-16 00:55:27,123 [INFO] Running the workload 'CM_MLPERF_RUN_COUNT=$(cat ${CM_RUN_DIR}/count.txt); echo ${CM_MLPERF_RUN_COUNT}; CM_MLPERF_RUN_COUNT=$((CM_MLPERF_RUN_COUNT+1)); echo ${CM_MLPERF_RUN_COUNT} > ${CM_RUN_DIR}/count.txt && if [ ${CM_MLPERF_RUN_COUNT} -eq "1" ]; then export CM_MLPERF_USER_CONF=${CM_MLPERF_RANGING_USER_CONF}; else export CM_MLPERF_USER_CONF=${CM_MLPERF_TESTING_USER_CONF}; fi && /home/arjun/run.out'
client 2023-07-16 01:00:34,107 [INFO] Sending command to the server: 'time'
client 2023-07-16 01:00:34,112 [INFO] Got response: '1689465633.9981227'
client 2023-07-16 01:00:34,113 [INFO] The time difference between the client and the server is within range 109.651 ms..115.049 ms
client 2023-07-16 01:00:34,113 [INFO] Sending command to the server: 'session,2023-07-16_00-54-58,stop,ranging'
client 2023-07-16 01:00:44,616 [INFO] Got response: 'OK'
client 2023-07-16 01:00:44,616 [INFO] Sending command to the server: 'time'
client 2023-07-16 01:00:44,620 [INFO] Got response: '1689465644.507272'
client 2023-07-16 01:00:44,620 [INFO] The time difference between the client and the server is within range 109.413 ms..113.632 ms
client 2023-07-16 01:00:44,655 [INFO] Copying loadgen logs from '/home/arjun/mobilenet_results/valid_results/raspberrypi-tflite_armnn_cpp-cpu-armnn_tflite-v23.05-using_neon/mobilenet-v2-precision_uint8-0.75-192/singlestream/performance/run_1' to '/home/arjun/mobilenet_results/valid_results/raspberrypi-tflite_armnn_cpp-cpu-armnn_tflite-v23.05-using_neon/mobilenet-v2-precision_uint8-0.75-192/singlestream/performance/tmp_power/ranging'
client 2023-07-16 01:00:44,658 [INFO] Running workload in testing mode
client 2023-07-16 01:00:44,659 [INFO] Synchronizing with the server and with time.google.com...
client 2023-07-16 01:00:44,693 [INFO] NTP:offset = -0.002 s, delay = 0.016 s 
client 2023-07-16 01:00:44,694 [INFO] Sending command to the server: 'time'
client 2023-07-16 01:00:44,699 [INFO] Got response: '1689465644.589394'
client 2023-07-16 01:00:44,699 [INFO] The time difference between the client and the server is within range 104.811 ms..110.144 ms
client 2023-07-16 01:00:44,699 [INFO] Sending command to the server: 'session,2023-07-16_00-54-58,start,testing'
client 2023-07-16 01:00:57,743 [INFO] Got response: 'OK'
client 2023-07-16 01:00:57,743 [INFO] Sending command to the server: 'time'
client 2023-07-16 01:00:57,757 [INFO] Got response: '1689465657.641383'
client 2023-07-16 01:00:57,757 [INFO] The time difference between the client and the server is within range 102.551 ms..116.029 ms
client 2023-07-16 01:00:57,757 [INFO] Running the workload 'CM_MLPERF_RUN_COUNT=$(cat ${CM_RUN_DIR}/count.txt); echo ${CM_MLPERF_RUN_COUNT}; CM_MLPERF_RUN_COUNT=$((CM_MLPERF_RUN_COUNT+1)); echo ${CM_MLPERF_RUN_COUNT} > ${CM_RUN_DIR}/count.txt && if [ ${CM_MLPERF_RUN_COUNT} -eq "1" ]; then export CM_MLPERF_USER_CONF=${CM_MLPERF_RANGING_USER_CONF}; else export CM_MLPERF_USER_CONF=${CM_MLPERF_TESTING_USER_CONF}; fi && /home/arjun/run.out'
client 2023-07-16 01:11:10,607 [INFO] Sending command to the server: 'time'
client 2023-07-16 01:11:10,612 [INFO] Got response: '1689466270.489206'
client 2023-07-16 01:11:10,612 [INFO] The time difference between the client and the server is within range 117.754 ms..123.313 ms
client 2023-07-16 01:11:10,612 [INFO] Sending command to the server: 'session,2023-07-16_00-54-58,stop,testing'
client 2023-07-16 01:11:20,820 [INFO] Got response: 'OK'
client 2023-07-16 01:11:20,820 [INFO] Sending command to the server: 'time'
client 2023-07-16 01:11:20,823 [INFO] Got response: '1689466280.7044404'
client 2023-07-16 01:11:20,824 [INFO] The time difference between the client and the server is within range 116.492 ms..119.674 ms
client 2023-07-16 01:11:20,829 [INFO] Copying loadgen logs from '/home/arjun/mobilenet_results/valid_results/raspberrypi-tflite_armnn_cpp-cpu-armnn_tflite-v23.05-using_neon/mobilenet-v2-precision_uint8-0.75-192/singlestream/performance/run_1' to '/home/arjun/mobilenet_results/valid_results/raspberrypi-tflite_armnn_cpp-cpu-armnn_tflite-v23.05-using_neon/mobilenet-v2-precision_uint8-0.75-192/singlestream/performance/tmp_power/run_1'
client 2023-07-16 01:11:20,832 [INFO] Done runs
