client 2023-07-15 19:48:41,772 [INFO] Creating output directory '/home/arjun/mobilenet_results/valid_results/raspberrypi-tflite_armnn_cpp-cpu-armnn_tflite-v23.05-using_neon/mobilenet-v1-precision_uint8-0.25-224/singlestream/performance/tmp_power'
client 2023-07-15 19:48:41,777 [INFO] Sending command to the server: 'mlcommons/power client v3'
client 2023-07-15 19:48:41,782 [INFO] Got response: 'mlcommons/power server v3'
client 2023-07-15 19:48:41,782 [INFO] Synchronizing with the server and with time.google.com...
client 2023-07-15 19:48:41,829 [INFO] NTP:offset = 0.005 s, delay = 0.014 s 
client 2023-07-15 19:48:41,829 [INFO] Sending command to the server: 'time'
client 2023-07-15 19:48:41,834 [INFO] Got response: '1689446921.8220747'
client 2023-07-15 19:48:41,835 [INFO] The time difference between the client and the server is within range 7.836 ms..12.894 ms
client 2023-07-15 19:48:41,835 [INFO] Sending command to the server: 'new,,ef260f91-ac5a-49a0-8d62-4922375d879f'
client 2023-07-15 19:48:41,840 [INFO] Got response: 'OK 2023-07-15_19-48-41,bfac7a99-1460-4186-8fdd-cd188eddbef5'
client 2023-07-15 19:48:41,840 [INFO] Session id is '2023-07-15_19-48-41'
client 2023-07-15 19:48:41,841 [INFO] Sources: {"sources": {"__init__.py": "da39a3ee5e6b4b0d3255bfef95601890afd80709", "client.py": "33ca4f26368777ac06e01f9567b714a4b8063886", "lib/__init__.py": "da39a3ee5e6b4b0d3255bfef95601890afd80709", "lib/client.py": "ac2aa093c8e8bbc9569b9e2a3471bc64e58a2258", "lib/common.py": "611d8b29633d331eb19c9455ea3b5fa3284ed6df", "lib/external/__init__.py": "da39a3ee5e6b4b0d3255bfef95601890afd80709", "lib/external/ntplib.py": "4da8f970656505a40483206ef2b5d3dd5e81711d", "lib/server.py": "c7af63c31bb2fbedea4345f571f6e3507d268ada", "lib/source_hashes.py": "60a2e02193209e8d392803326208d5466342da18", "lib/summary.py": "aa92f0a3f975eecd44d3c0cd0236342ccc9f941d", "lib/time_sync.py": "122eba67a9abc85635223e054def53be1367ade2", "server.py": "c3f90f2f7eeb4db30727556d0c815ebc89b3d28b", "tests/unit/__init__.py": "da39a3ee5e6b4b0d3255bfef95601890afd80709", "tests/unit/test_server.py": "948c1995d4008bc2aa6c4046a34ffa3858d6d671", "tests/unit/test_source_hashes.py": "00468a2907583c593e6574a1f6b404e4651c221a"}, "modules": {"ptd_client_server.lib.client": "lib/client.py", "ptd_client_server.lib.common": "lib/common.py", "ptd_client_server.lib.external.ntplib": "lib/external/ntplib.py", "ptd_client_server.lib.source_hashes": "lib/source_hashes.py", "ptd_client_server.lib.summary": "lib/summary.py", "ptd_client_server.lib.time_sync": "lib/time_sync.py"}}
client 2023-07-15 19:48:41,842 [INFO] Running workload in ranging mode
client 2023-07-15 19:48:41,842 [INFO] Synchronizing with the server and with time.google.com...
client 2023-07-15 19:48:41,876 [INFO] NTP:offset = 0.004 s, delay = 0.014 s 
client 2023-07-15 19:48:41,876 [INFO] Sending command to the server: 'time'
client 2023-07-15 19:48:41,881 [INFO] Got response: '1689446921.8619647'
client 2023-07-15 19:48:41,882 [INFO] The time difference between the client and the server is within range 14.786 ms..20.214 ms
client 2023-07-15 19:48:41,882 [INFO] Sending command to the server: 'session,2023-07-15_19-48-41,start,ranging'
client 2023-07-15 19:49:10,581 [INFO] Got response: 'OK'
client 2023-07-15 19:49:10,581 [INFO] Sending command to the server: 'time'
client 2023-07-15 19:49:10,586 [INFO] Got response: '1689446950.5682747'
client 2023-07-15 19:49:10,586 [INFO] The time difference between the client and the server is within range 13.428 ms..18.535 ms
client 2023-07-15 19:49:10,587 [INFO] Running the workload 'CM_MLPERF_RUN_COUNT=$(cat ${CM_RUN_DIR}/count.txt); echo ${CM_MLPERF_RUN_COUNT}; CM_MLPERF_RUN_COUNT=$((CM_MLPERF_RUN_COUNT+1)); echo ${CM_MLPERF_RUN_COUNT} > ${CM_RUN_DIR}/count.txt && if [ ${CM_MLPERF_RUN_COUNT} -eq "1" ]; then export CM_MLPERF_USER_CONF=${CM_MLPERF_RANGING_USER_CONF}; else export CM_MLPERF_USER_CONF=${CM_MLPERF_TESTING_USER_CONF}; fi && /home/arjun/run.out'
client 2023-07-15 19:54:17,649 [INFO] Sending command to the server: 'time'
client 2023-07-15 19:54:17,655 [INFO] Got response: '1689447257.635557'
client 2023-07-15 19:54:17,655 [INFO] The time difference between the client and the server is within range 13.982 ms..20.185 ms
client 2023-07-15 19:54:17,656 [INFO] Sending command to the server: 'session,2023-07-15_19-48-41,stop,ranging'
client 2023-07-15 19:54:28,797 [INFO] Got response: 'OK'
client 2023-07-15 19:54:28,798 [INFO] Sending command to the server: 'time'
client 2023-07-15 19:54:28,801 [INFO] Got response: '1689447268.7782125'
client 2023-07-15 19:54:28,802 [INFO] The time difference between the client and the server is within range 20.296 ms..23.796 ms
client 2023-07-15 19:54:28,837 [INFO] Copying loadgen logs from '/home/arjun/mobilenet_results/valid_results/raspberrypi-tflite_armnn_cpp-cpu-armnn_tflite-v23.05-using_neon/mobilenet-v1-precision_uint8-0.25-224/singlestream/performance/run_1' to '/home/arjun/mobilenet_results/valid_results/raspberrypi-tflite_armnn_cpp-cpu-armnn_tflite-v23.05-using_neon/mobilenet-v1-precision_uint8-0.25-224/singlestream/performance/tmp_power/ranging'
client 2023-07-15 19:54:28,841 [INFO] Running workload in testing mode
client 2023-07-15 19:54:28,842 [INFO] Synchronizing with the server and with time.google.com...
client 2023-07-15 19:54:28,914 [INFO] NTP:offset = -0.014 s, delay = 0.051 s 
client 2023-07-15 19:54:28,914 [INFO] Sending command to the server: 'time'
client 2023-07-15 19:54:28,920 [INFO] Got response: '1689447268.8989568'
client 2023-07-15 19:54:28,920 [INFO] The time difference between the client and the server is within range 15.848 ms..21.345 ms
client 2023-07-15 19:54:28,920 [INFO] Sending command to the server: 'session,2023-07-15_19-48-41,start,testing'
client 2023-07-15 19:54:41,976 [INFO] Got response: 'OK'
client 2023-07-15 19:54:41,977 [INFO] Sending command to the server: 'time'
client 2023-07-15 19:54:41,992 [INFO] Got response: '1689447281.9545135'
client 2023-07-15 19:54:41,992 [INFO] The time difference between the client and the server is within range 22.754 ms..38.184 ms
client 2023-07-15 19:54:41,993 [INFO] Running the workload 'CM_MLPERF_RUN_COUNT=$(cat ${CM_RUN_DIR}/count.txt); echo ${CM_MLPERF_RUN_COUNT}; CM_MLPERF_RUN_COUNT=$((CM_MLPERF_RUN_COUNT+1)); echo ${CM_MLPERF_RUN_COUNT} > ${CM_RUN_DIR}/count.txt && if [ ${CM_MLPERF_RUN_COUNT} -eq "1" ]; then export CM_MLPERF_USER_CONF=${CM_MLPERF_RANGING_USER_CONF}; else export CM_MLPERF_USER_CONF=${CM_MLPERF_TESTING_USER_CONF}; fi && /home/arjun/run.out'
client 2023-07-15 20:04:53,863 [INFO] Sending command to the server: 'time'
client 2023-07-15 20:04:53,869 [INFO] Got response: '1689447893.8436644'
client 2023-07-15 20:04:53,870 [INFO] The time difference between the client and the server is within range 19.289 ms..26.512 ms
client 2023-07-15 20:04:53,870 [INFO] Sending command to the server: 'session,2023-07-15_19-48-41,stop,testing'
client 2023-07-15 20:05:04,273 [INFO] Got response: 'OK'
client 2023-07-15 20:05:04,274 [INFO] Sending command to the server: 'time'
client 2023-07-15 20:05:04,278 [INFO] Got response: '1689447904.2520995'
client 2023-07-15 20:05:04,279 [INFO] The time difference between the client and the server is within range 22.391 ms..27.009 ms
client 2023-07-15 20:05:04,284 [INFO] Copying loadgen logs from '/home/arjun/mobilenet_results/valid_results/raspberrypi-tflite_armnn_cpp-cpu-armnn_tflite-v23.05-using_neon/mobilenet-v1-precision_uint8-0.25-224/singlestream/performance/run_1' to '/home/arjun/mobilenet_results/valid_results/raspberrypi-tflite_armnn_cpp-cpu-armnn_tflite-v23.05-using_neon/mobilenet-v1-precision_uint8-0.25-224/singlestream/performance/tmp_power/run_1'
client 2023-07-15 20:05:04,288 [INFO] Done runs
