client 2023-08-03 15:54:58,805 [INFO] Sending command to the server: 'mlcommons/power client v3'
client 2023-08-03 15:54:58,806 [INFO] Got response: 'mlcommons/power server v3'
client 2023-08-03 15:54:58,806 [INFO] Sending command to the server: 'stop'
client 2023-08-03 15:54:58,807 [INFO] Got response: 'OK'
client 2023-08-03 15:54:58,807 [INFO] Synchronizing with the server and with ib-01.dc4-in.nvidia.com...
client 2023-08-03 15:54:59,087 [INFO] NTP:offset = 0.000 s, delay = 0.213 s 
client 2023-08-03 15:54:59,088 [INFO] Sending command to the server: 'time'
client 2023-08-03 15:54:59,089 [INFO] Got response: '1691078099.0883021'
client 2023-08-03 15:54:59,089 [INFO] The time difference between the client and the server is within range -0.305 ms..0.913 ms
client 2023-08-03 15:54:59,089 [INFO] Sending command to the server: 'new,,e1793025-ef09-4009-b561-8b8d6ff51c76'
client 2023-08-03 15:54:59,090 [INFO] Got response: 'OK 2023-08-03_08-54-59,ce8fd774-4fc1-4191-94cd-1b9fa8fefed6'
client 2023-08-03 15:54:59,090 [INFO] Session id is '2023-08-03_08-54-59'
client 2023-08-03 15:54:59,090 [INFO] Sources: {"sources": {"__init__.py": "da39a3ee5e6b4b0d3255bfef95601890afd80709", "client.py": "33ca4f26368777ac06e01f9567b714a4b8063886", "lib/__init__.py": "da39a3ee5e6b4b0d3255bfef95601890afd80709", "lib/client.py": "ac2aa093c8e8bbc9569b9e2a3471bc64e58a2258", "lib/common.py": "611d8b29633d331eb19c9455ea3b5fa3284ed6df", "lib/external/__init__.py": "da39a3ee5e6b4b0d3255bfef95601890afd80709", "lib/external/ntplib.py": "4da8f970656505a40483206ef2b5d3dd5e81711d", "lib/server.py": "c7af63c31bb2fbedea4345f571f6e3507d268ada", "lib/source_hashes.py": "60a2e02193209e8d392803326208d5466342da18", "lib/summary.py": "aa92f0a3f975eecd44d3c0cd0236342ccc9f941d", "lib/time_sync.py": "122eba67a9abc85635223e054def53be1367ade2", "server.py": "c3f90f2f7eeb4db30727556d0c815ebc89b3d28b", "tests/unit/__init__.py": "da39a3ee5e6b4b0d3255bfef95601890afd80709", "tests/unit/test_server.py": "948c1995d4008bc2aa6c4046a34ffa3858d6d671", "tests/unit/test_source_hashes.py": "00468a2907583c593e6574a1f6b404e4651c221a"}, "modules": {"ptd_client_server.lib.client": "lib/client.py", "ptd_client_server.lib.common": "lib/common.py", "ptd_client_server.lib.external.ntplib": "lib/external/ntplib.py", "ptd_client_server.lib.source_hashes": "lib/source_hashes.py", "ptd_client_server.lib.summary": "lib/summary.py", "ptd_client_server.lib.time_sync": "lib/time_sync.py"}}
client 2023-08-03 15:54:59,093 [INFO] Running workload in ranging mode
client 2023-08-03 15:54:59,093 [INFO] Synchronizing with the server and with ib-01.dc4-in.nvidia.com...
client 2023-08-03 15:54:59,328 [INFO] NTP:offset = 0.003 s, delay = 0.221 s 
client 2023-08-03 15:54:59,328 [INFO] Sending command to the server: 'time'
client 2023-08-03 15:54:59,330 [INFO] Got response: '1691078099.3292146'
client 2023-08-03 15:54:59,330 [INFO] The time difference between the client and the server is within range -0.331 ms..0.906 ms
client 2023-08-03 15:54:59,330 [INFO] Sending command to the server: 'session,2023-08-03_08-54-59,start,ranging'
client 2023-08-03 15:55:39,250 [INFO] Got response: 'OK'
client 2023-08-03 15:55:39,250 [INFO] Sending command to the server: 'time'
client 2023-08-03 15:55:39,251 [INFO] Got response: '1691078139.2507515'
client 2023-08-03 15:55:39,251 [INFO] The time difference between the client and the server is within range -0.486 ms..0.565 ms
client 2023-08-03 15:55:39,251 [INFO] Running the workload 'LOG_DIR=/work/build/power_logs_temp python3.8 -m code.main --benchmarks=dlrmv2 --scenarios=Offline --config_ver=high_accuracy_maxq --test_mode=PerformanceOnly --action="run_harness" \\\n\t\t2>&1 | tee -a /work/build/power_logs/2023.08.03-15.54.09/stdout.txt \\\n\t\t&& if [ ! -d /work/build/power_logs/2023.08.03-15.54.09/ranging_tmp ]; \\\n\t\t\tthen mkdir /work/build/power_logs/2023.08.03-15.54.09/ranging_tmp \\\n\t\t\t\t&& mv /work/build/power_logs_temp/* /work/build/power_logs/2023.08.03-15.54.09/ranging_tmp/ \\\n\t\t\t\t&& cp -v /work/build/power_logs/2023.08.03-15.54.09/ranging_tmp/*/*/*/mlperf_log_detail.txt /work/build/power_logs_temp/ \\\n\t\t\t\t&& cp -v /work/build/power_logs/2023.08.03-15.54.09/ranging_tmp/*/*/*/mlperf_log_summary.txt /work/build/power_logs_temp/; \\\n\t\t\telse mkdir /work/build/power_logs/2023.08.03-15.54.09/testing_tmp \\\n\t\t\t\t&& mv /work/build/power_logs_temp/* /work/build/power_logs/2023.08.03-15.54.09/testing_tmp/ \\\n\t\t\t\t&& cp -v /work/build/power_logs/2023.08.03-15.54.09/testing_tmp/*/*/*/mlperf_log_detail.txt /work/build/power_logs_temp/ \\\n\t\t\t\t&& cp -v /work/build/power_logs/2023.08.03-15.54.09/testing_tmp/*/*/*/mlperf_log_summary.txt /work/build/power_logs_temp/; fi'
client 2023-08-03 16:11:11,956 [INFO] Sending command to the server: 'time'
client 2023-08-03 16:11:11,958 [INFO] Got response: '1691079071.9578514'
client 2023-08-03 16:11:11,958 [INFO] The time difference between the client and the server is within range -1.424 ms..0.315 ms
client 2023-08-03 16:11:11,958 [INFO] Sending command to the server: 'session,2023-08-03_08-54-59,stop,ranging'
client 2023-08-03 16:11:22,336 [INFO] Got response: 'OK'
client 2023-08-03 16:11:22,336 [INFO] Sending command to the server: 'time'
client 2023-08-03 16:11:22,337 [INFO] Got response: '1691079082.3376038'
client 2023-08-03 16:11:22,337 [INFO] The time difference between the client and the server is within range -0.838 ms..0.028 ms
client 2023-08-03 16:11:22,399 [INFO] Copying loadgen logs from '/work/build/power_logs_temp' to '/work/build/power_logs/2023.08.03-15.54.09/2023-08-03_08-54-59/ranging'
client 2023-08-03 16:11:22,422 [INFO] Running workload in testing mode
client 2023-08-03 16:11:22,422 [INFO] Synchronizing with the server and with ib-01.dc4-in.nvidia.com...
client 2023-08-03 16:11:22,640 [INFO] NTP:offset = -0.000 s, delay = 0.212 s 
client 2023-08-03 16:11:22,640 [INFO] Sending command to the server: 'time'
client 2023-08-03 16:11:22,641 [INFO] Got response: '1691079082.6414511'
client 2023-08-03 16:11:22,641 [INFO] The time difference between the client and the server is within range -0.997 ms..0.221 ms
client 2023-08-03 16:11:22,641 [INFO] Sending command to the server: 'session,2023-08-03_08-54-59,start,testing'
client 2023-08-03 16:11:44,265 [INFO] Got response: 'OK'
client 2023-08-03 16:11:44,265 [INFO] Sending command to the server: 'time'
client 2023-08-03 16:11:44,266 [INFO] Got response: '1691079104.2665608'
client 2023-08-03 16:11:44,266 [INFO] The time difference between the client and the server is within range -1.070 ms..0.120 ms
client 2023-08-03 16:11:44,266 [INFO] Running the workload 'LOG_DIR=/work/build/power_logs_temp python3.8 -m code.main --benchmarks=dlrmv2 --scenarios=Offline --config_ver=high_accuracy_maxq --test_mode=PerformanceOnly --action="run_harness" \\\n\t\t2>&1 | tee -a /work/build/power_logs/2023.08.03-15.54.09/stdout.txt \\\n\t\t&& if [ ! -d /work/build/power_logs/2023.08.03-15.54.09/ranging_tmp ]; \\\n\t\t\tthen mkdir /work/build/power_logs/2023.08.03-15.54.09/ranging_tmp \\\n\t\t\t\t&& mv /work/build/power_logs_temp/* /work/build/power_logs/2023.08.03-15.54.09/ranging_tmp/ \\\n\t\t\t\t&& cp -v /work/build/power_logs/2023.08.03-15.54.09/ranging_tmp/*/*/*/mlperf_log_detail.txt /work/build/power_logs_temp/ \\\n\t\t\t\t&& cp -v /work/build/power_logs/2023.08.03-15.54.09/ranging_tmp/*/*/*/mlperf_log_summary.txt /work/build/power_logs_temp/; \\\n\t\t\telse mkdir /work/build/power_logs/2023.08.03-15.54.09/testing_tmp \\\n\t\t\t\t&& mv /work/build/power_logs_temp/* /work/build/power_logs/2023.08.03-15.54.09/testing_tmp/ \\\n\t\t\t\t&& cp -v /work/build/power_logs/2023.08.03-15.54.09/testing_tmp/*/*/*/mlperf_log_detail.txt /work/build/power_logs_temp/ \\\n\t\t\t\t&& cp -v /work/build/power_logs/2023.08.03-15.54.09/testing_tmp/*/*/*/mlperf_log_summary.txt /work/build/power_logs_temp/; fi'
client 2023-08-03 16:27:12,465 [INFO] Sending command to the server: 'time'
client 2023-08-03 16:27:12,466 [INFO] Got response: '1691080032.4658532'
client 2023-08-03 16:27:12,467 [INFO] The time difference between the client and the server is within range -0.517 ms..1.147 ms
client 2023-08-03 16:27:12,467 [INFO] Sending command to the server: 'session,2023-08-03_08-54-59,stop,testing'
client 2023-08-03 16:27:23,324 [INFO] Got response: 'OK'
client 2023-08-03 16:27:23,324 [INFO] Sending command to the server: 'time'
client 2023-08-03 16:27:23,326 [INFO] Got response: '1691080043.325119'
client 2023-08-03 16:27:23,326 [INFO] The time difference between the client and the server is within range -0.148 ms..0.939 ms
client 2023-08-03 16:27:23,392 [INFO] Copying loadgen logs from '/work/build/power_logs_temp' to '/work/build/power_logs/2023.08.03-15.54.09/2023-08-03_08-54-59/run_1'
client 2023-08-03 16:27:23,420 [INFO] Done runs
