client 2023-08-05 22:33:51,210 [INFO] Creating output directory '/home/arjun/mobilenet_results/valid_results/orin-tflite_cpp-cpu-tflite-vmaster-default_config/mobilenet-v1-precision_uint8-0.75-192/singlestream/performance/tmp_power'
client 2023-08-05 22:33:51,215 [INFO] Sending command to the server: 'mlcommons/power client v3'
client 2023-08-05 22:33:51,220 [INFO] Got response: 'mlcommons/power server v3'
client 2023-08-05 22:33:51,220 [INFO] Synchronizing with the server and with time.google.com...
client 2023-08-05 22:33:51,238 [INFO] NTP:offset = 0.000 s, delay = 0.015 s 
client 2023-08-05 22:33:51,238 [INFO] Sending command to the server: 'time'
client 2023-08-05 22:33:51,247 [INFO] Got response: '1691271231.0972772'
client 2023-08-05 22:33:51,247 [INFO] The time difference between the client and the server is within range 141.577 ms..149.990 ms
client 2023-08-05 22:33:51,247 [INFO] Sending command to the server: 'new,,8020e8c6-c0ba-4f59-bba9-18f20932b142'
client 2023-08-05 22:33:51,251 [INFO] Got response: 'OK 2023-08-05_22-33-51,3e32b1b7-4364-4d72-8ad5-9721ab8f7d13'
client 2023-08-05 22:33:51,251 [INFO] Session id is '2023-08-05_22-33-51'
client 2023-08-05 22:33:51,251 [INFO] Sources: {"sources": {"__init__.py": "da39a3ee5e6b4b0d3255bfef95601890afd80709", "client.py": "33ca4f26368777ac06e01f9567b714a4b8063886", "lib/__init__.py": "da39a3ee5e6b4b0d3255bfef95601890afd80709", "lib/client.py": "ac2aa093c8e8bbc9569b9e2a3471bc64e58a2258", "lib/common.py": "611d8b29633d331eb19c9455ea3b5fa3284ed6df", "lib/external/__init__.py": "da39a3ee5e6b4b0d3255bfef95601890afd80709", "lib/external/ntplib.py": "4da8f970656505a40483206ef2b5d3dd5e81711d", "lib/server.py": "c7af63c31bb2fbedea4345f571f6e3507d268ada", "lib/source_hashes.py": "60a2e02193209e8d392803326208d5466342da18", "lib/summary.py": "aa92f0a3f975eecd44d3c0cd0236342ccc9f941d", "lib/time_sync.py": "122eba67a9abc85635223e054def53be1367ade2", "server.py": "c3f90f2f7eeb4db30727556d0c815ebc89b3d28b", "tests/unit/__init__.py": "da39a3ee5e6b4b0d3255bfef95601890afd80709", "tests/unit/test_server.py": "948c1995d4008bc2aa6c4046a34ffa3858d6d671", "tests/unit/test_source_hashes.py": "00468a2907583c593e6574a1f6b404e4651c221a"}, "modules": {"ptd_client_server.lib.client": "lib/client.py", "ptd_client_server.lib.common": "lib/common.py", "ptd_client_server.lib.external.ntplib": "lib/external/ntplib.py", "ptd_client_server.lib.source_hashes": "lib/source_hashes.py", "ptd_client_server.lib.summary": "lib/summary.py", "ptd_client_server.lib.time_sync": "lib/time_sync.py"}}
client 2023-08-05 22:33:51,251 [INFO] Running workload in ranging mode
client 2023-08-05 22:33:51,251 [INFO] Synchronizing with the server and with time.google.com...
client 2023-08-05 22:33:51,267 [INFO] NTP:offset = 0.000 s, delay = 0.015 s 
client 2023-08-05 22:33:51,267 [INFO] Sending command to the server: 'time'
client 2023-08-05 22:33:51,270 [INFO] Got response: '1691271231.117862'
client 2023-08-05 22:33:51,270 [INFO] The time difference between the client and the server is within range 150.090 ms..153.102 ms
client 2023-08-05 22:33:51,271 [INFO] Sending command to the server: 'session,2023-08-05_22-33-51,start,ranging'
client 2023-08-05 22:34:20,467 [INFO] Got response: 'OK'
client 2023-08-05 22:34:20,467 [INFO] Sending command to the server: 'time'
client 2023-08-05 22:34:20,477 [INFO] Got response: '1691271260.3244898'
client 2023-08-05 22:34:20,477 [INFO] The time difference between the client and the server is within range 143.197 ms..153.028 ms
client 2023-08-05 22:34:20,477 [INFO] Running the workload 'CM_MLPERF_RUN_COUNT=$(cat ${CM_RUN_DIR}/count.txt); echo ${CM_MLPERF_RUN_COUNT}; CM_MLPERF_RUN_COUNT=$((CM_MLPERF_RUN_COUNT+1)); echo ${CM_MLPERF_RUN_COUNT} > ${CM_RUN_DIR}/count.txt && if [ ${CM_MLPERF_RUN_COUNT} -eq "1" ]; then export CM_MLPERF_USER_CONF=${CM_MLPERF_RANGING_USER_CONF}; else export CM_MLPERF_USER_CONF=${CM_MLPERF_TESTING_USER_CONF}; fi && /mount/CM/repos/ctuning@mlcommons-ck/cm-mlops/script/run-all-mlperf-models/run.out'
client 2023-08-05 22:39:21,767 [INFO] Sending command to the server: 'time'
client 2023-08-05 22:39:21,772 [INFO] Got response: '1691271561.6187088'
client 2023-08-05 22:39:21,772 [INFO] The time difference between the client and the server is within range 148.865 ms..153.645 ms
client 2023-08-05 22:39:21,772 [INFO] Sending command to the server: 'session,2023-08-05_22-33-51,stop,ranging'
client 2023-08-05 22:39:32,714 [INFO] Got response: 'OK'
client 2023-08-05 22:39:32,714 [INFO] Sending command to the server: 'time'
client 2023-08-05 22:39:32,721 [INFO] Got response: '1691271572.5641637'
client 2023-08-05 22:39:32,721 [INFO] The time difference between the client and the server is within range 150.004 ms..156.951 ms
client 2023-08-05 22:39:32,724 [INFO] Copying loadgen logs from '/home/arjun/mobilenet_results/valid_results/orin-tflite_cpp-cpu-tflite-vmaster-default_config/mobilenet-v1-precision_uint8-0.75-192/singlestream/performance/run_1' to '/home/arjun/mobilenet_results/valid_results/orin-tflite_cpp-cpu-tflite-vmaster-default_config/mobilenet-v1-precision_uint8-0.75-192/singlestream/performance/tmp_power/ranging'
client 2023-08-05 22:39:32,725 [INFO] Running workload in testing mode
client 2023-08-05 22:39:32,725 [INFO] Synchronizing with the server and with time.google.com...
client 2023-08-05 22:39:32,741 [INFO] NTP:offset = -0.001 s, delay = 0.015 s 
client 2023-08-05 22:39:32,741 [INFO] Sending command to the server: 'time'
client 2023-08-05 22:39:32,756 [INFO] Got response: '1691271572.604075'
client 2023-08-05 22:39:32,756 [INFO] The time difference between the client and the server is within range 137.589 ms..152.603 ms
client 2023-08-05 22:39:32,756 [INFO] Sending command to the server: 'session,2023-08-05_22-33-51,start,testing'
client 2023-08-05 22:39:45,785 [INFO] Got response: 'OK'
client 2023-08-05 22:39:45,785 [INFO] Sending command to the server: 'time'
client 2023-08-05 22:39:45,795 [INFO] Got response: '1691271585.6458626'
client 2023-08-05 22:39:45,795 [INFO] The time difference between the client and the server is within range 140.049 ms..149.914 ms
client 2023-08-05 22:39:45,795 [INFO] Running the workload 'CM_MLPERF_RUN_COUNT=$(cat ${CM_RUN_DIR}/count.txt); echo ${CM_MLPERF_RUN_COUNT}; CM_MLPERF_RUN_COUNT=$((CM_MLPERF_RUN_COUNT+1)); echo ${CM_MLPERF_RUN_COUNT} > ${CM_RUN_DIR}/count.txt && if [ ${CM_MLPERF_RUN_COUNT} -eq "1" ]; then export CM_MLPERF_USER_CONF=${CM_MLPERF_RANGING_USER_CONF}; else export CM_MLPERF_USER_CONF=${CM_MLPERF_TESTING_USER_CONF}; fi && /mount/CM/repos/ctuning@mlcommons-ck/cm-mlops/script/run-all-mlperf-models/run.out'
client 2023-08-05 22:49:47,959 [INFO] Sending command to the server: 'time'
client 2023-08-05 22:49:47,968 [INFO] Got response: '1691272187.8116364'
client 2023-08-05 22:49:47,968 [INFO] The time difference between the client and the server is within range 148.080 ms..157.024 ms
client 2023-08-05 22:49:47,968 [INFO] Sending command to the server: 'session,2023-08-05_22-33-51,stop,testing'
client 2023-08-05 22:49:58,958 [INFO] Got response: 'OK'
client 2023-08-05 22:49:58,958 [INFO] Sending command to the server: 'time'
client 2023-08-05 22:49:58,974 [INFO] Got response: '1691272198.8229947'
client 2023-08-05 22:49:58,974 [INFO] The time difference between the client and the server is within range 135.625 ms..151.948 ms
client 2023-08-05 22:49:58,975 [INFO] Copying loadgen logs from '/home/arjun/mobilenet_results/valid_results/orin-tflite_cpp-cpu-tflite-vmaster-default_config/mobilenet-v1-precision_uint8-0.75-192/singlestream/performance/run_1' to '/home/arjun/mobilenet_results/valid_results/orin-tflite_cpp-cpu-tflite-vmaster-default_config/mobilenet-v1-precision_uint8-0.75-192/singlestream/performance/tmp_power/run_1'
client 2023-08-05 22:49:58,976 [INFO] Done runs
