client 2023-08-11 02:42:15,062 [INFO] Creating output directory '/home/arjun/mobilenet_results/valid_results/orin-tflite_cpp-cpu-tflite-vmaster-with_live_preprocessing/mobilenet-v2-precision_float-0.75-224/singlestream/performance/tmp_power'
client 2023-08-11 02:42:15,065 [INFO] Sending command to the server: 'mlcommons/power client v3'
client 2023-08-11 02:42:15,069 [INFO] Got response: 'mlcommons/power server v3'
client 2023-08-11 02:42:15,069 [INFO] Synchronizing with the server and with time.google.com...
client 2023-08-11 02:42:15,089 [INFO] NTP:offset = -0.002 s, delay = 0.017 s 
client 2023-08-11 02:42:15,090 [INFO] Sending command to the server: 'time'
client 2023-08-11 02:42:15,092 [INFO] Got response: '1691718134.9021325'
client 2023-08-11 02:42:15,092 [INFO] The time difference between the client and the server is within range 187.938 ms..190.353 ms
client 2023-08-11 02:42:15,092 [INFO] Sending command to the server: 'new,,e0417883-38e3-4474-a3ff-ae17da107de8'
client 2023-08-11 02:42:15,096 [INFO] Got response: 'OK 2023-08-11_02-42-14,eca28567-5d73-450b-babf-b3a42d30bf1d'
client 2023-08-11 02:42:15,096 [INFO] Session id is '2023-08-11_02-42-14'
client 2023-08-11 02:42:15,096 [INFO] Sources: {"sources": {"__init__.py": "da39a3ee5e6b4b0d3255bfef95601890afd80709", "client.py": "33ca4f26368777ac06e01f9567b714a4b8063886", "lib/__init__.py": "da39a3ee5e6b4b0d3255bfef95601890afd80709", "lib/client.py": "ac2aa093c8e8bbc9569b9e2a3471bc64e58a2258", "lib/common.py": "611d8b29633d331eb19c9455ea3b5fa3284ed6df", "lib/external/__init__.py": "da39a3ee5e6b4b0d3255bfef95601890afd80709", "lib/external/ntplib.py": "4da8f970656505a40483206ef2b5d3dd5e81711d", "lib/server.py": "c7af63c31bb2fbedea4345f571f6e3507d268ada", "lib/source_hashes.py": "60a2e02193209e8d392803326208d5466342da18", "lib/summary.py": "aa92f0a3f975eecd44d3c0cd0236342ccc9f941d", "lib/time_sync.py": "80894ef2389e540781ff78de94db16aa4203a14e", "server.py": "c3f90f2f7eeb4db30727556d0c815ebc89b3d28b", "tests/unit/__init__.py": "da39a3ee5e6b4b0d3255bfef95601890afd80709", "tests/unit/test_server.py": "948c1995d4008bc2aa6c4046a34ffa3858d6d671", "tests/unit/test_source_hashes.py": "00468a2907583c593e6574a1f6b404e4651c221a"}, "modules": {"ptd_client_server.lib.client": "lib/client.py", "ptd_client_server.lib.common": "lib/common.py", "ptd_client_server.lib.external.ntplib": "lib/external/ntplib.py", "ptd_client_server.lib.source_hashes": "lib/source_hashes.py", "ptd_client_server.lib.summary": "lib/summary.py", "ptd_client_server.lib.time_sync": "lib/time_sync.py"}}
client 2023-08-11 02:42:15,096 [INFO] Running workload in ranging mode
client 2023-08-11 02:42:15,096 [INFO] Synchronizing with the server and with time.google.com...
client 2023-08-11 02:42:15,114 [INFO] NTP:offset = -0.002 s, delay = 0.017 s 
client 2023-08-11 02:42:15,114 [INFO] Sending command to the server: 'time'
client 2023-08-11 02:42:15,117 [INFO] Got response: '1691718134.9234736'
client 2023-08-11 02:42:15,117 [INFO] The time difference between the client and the server is within range 190.736 ms..193.851 ms
client 2023-08-11 02:42:15,117 [INFO] Sending command to the server: 'session,2023-08-11_02-42-14,start,ranging'
client 2023-08-11 02:42:43,852 [INFO] Got response: 'OK'
client 2023-08-11 02:42:43,852 [INFO] Sending command to the server: 'time'
client 2023-08-11 02:42:43,856 [INFO] Got response: '1691718163.6579099'
client 2023-08-11 02:42:43,856 [INFO] The time difference between the client and the server is within range 194.648 ms..198.269 ms
client 2023-08-11 02:42:43,856 [INFO] Running the workload 'CM_MLPERF_RUN_COUNT=$(cat ${CM_RUN_DIR}/count.txt); echo ${CM_MLPERF_RUN_COUNT}; CM_MLPERF_RUN_COUNT=$((CM_MLPERF_RUN_COUNT+1)); echo ${CM_MLPERF_RUN_COUNT} > ${CM_RUN_DIR}/count.txt && if [ ${CM_MLPERF_RUN_COUNT} -eq "1" ]; then export CM_MLPERF_USER_CONF=${CM_MLPERF_RANGING_USER_CONF}; else export CM_MLPERF_USER_CONF=${CM_MLPERF_TESTING_USER_CONF}; fi && /mount/CM/repos/ctuning@mlcommons-ck/cm-mlops/script/run-all-mlperf-models/run.out'
client 2023-08-11 02:47:44,044 [INFO] Sending command to the server: 'time'
client 2023-08-11 02:47:44,048 [INFO] Got response: '1691718463.8488314'
client 2023-08-11 02:47:44,048 [INFO] The time difference between the client and the server is within range 195.254 ms..199.474 ms
client 2023-08-11 02:47:44,048 [INFO] Sending command to the server: 'session,2023-08-11_02-42-14,stop,ranging'
client 2023-08-11 02:47:55,142 [INFO] Got response: 'OK'
client 2023-08-11 02:47:55,143 [INFO] Sending command to the server: 'time'
client 2023-08-11 02:47:55,144 [INFO] Got response: '1691718474.948614'
client 2023-08-11 02:47:55,145 [INFO] The time difference between the client and the server is within range 194.432 ms..196.426 ms
client 2023-08-11 02:47:55,148 [INFO] Copying loadgen logs from '/home/arjun/mobilenet_results/valid_results/orin-tflite_cpp-cpu-tflite-vmaster-with_live_preprocessing/mobilenet-v2-precision_float-0.75-224/singlestream/performance/run_1' to '/home/arjun/mobilenet_results/valid_results/orin-tflite_cpp-cpu-tflite-vmaster-with_live_preprocessing/mobilenet-v2-precision_float-0.75-224/singlestream/performance/tmp_power/ranging'
client 2023-08-11 02:47:55,149 [INFO] Running workload in testing mode
client 2023-08-11 02:47:55,149 [INFO] Synchronizing with the server and with time.google.com...
client 2023-08-11 02:47:55,170 [INFO] NTP:offset = -0.000 s, delay = 0.019 s 
client 2023-08-11 02:47:55,170 [INFO] Sending command to the server: 'time'
client 2023-08-11 02:47:55,173 [INFO] Got response: '1691718474.9789321'
client 2023-08-11 02:47:55,173 [INFO] The time difference between the client and the server is within range 191.262 ms..194.392 ms
client 2023-08-11 02:47:55,173 [INFO] Sending command to the server: 'session,2023-08-11_02-42-14,start,testing'
client 2023-08-11 02:48:08,214 [INFO] Got response: 'OK'
client 2023-08-11 02:48:08,214 [INFO] Sending command to the server: 'time'
client 2023-08-11 02:48:08,219 [INFO] Got response: '1691718488.0178566'
client 2023-08-11 02:48:08,219 [INFO] The time difference between the client and the server is within range 196.842 ms..201.246 ms
client 2023-08-11 02:48:08,219 [INFO] Running the workload 'CM_MLPERF_RUN_COUNT=$(cat ${CM_RUN_DIR}/count.txt); echo ${CM_MLPERF_RUN_COUNT}; CM_MLPERF_RUN_COUNT=$((CM_MLPERF_RUN_COUNT+1)); echo ${CM_MLPERF_RUN_COUNT} > ${CM_RUN_DIR}/count.txt && if [ ${CM_MLPERF_RUN_COUNT} -eq "1" ]; then export CM_MLPERF_USER_CONF=${CM_MLPERF_RANGING_USER_CONF}; else export CM_MLPERF_USER_CONF=${CM_MLPERF_TESTING_USER_CONF}; fi && /mount/CM/repos/ctuning@mlcommons-ck/cm-mlops/script/run-all-mlperf-models/run.out'
client 2023-08-11 02:58:08,490 [INFO] Sending command to the server: 'time'
client 2023-08-11 02:58:08,494 [INFO] Got response: '1691719088.2871308'
client 2023-08-11 02:58:08,495 [INFO] The time difference between the client and the server is within range 203.779 ms..207.866 ms
client 2023-08-11 02:58:08,495 [INFO] Sending command to the server: 'session,2023-08-11_02-42-14,stop,testing'
client 2023-08-11 02:58:19,299 [INFO] Got response: 'OK'
client 2023-08-11 02:58:19,299 [INFO] Sending command to the server: 'time'
client 2023-08-11 02:58:19,302 [INFO] Got response: '1691719099.0948453'
client 2023-08-11 02:58:19,302 [INFO] The time difference between the client and the server is within range 205.015 ms..207.791 ms
client 2023-08-11 02:58:19,303 [INFO] Copying loadgen logs from '/home/arjun/mobilenet_results/valid_results/orin-tflite_cpp-cpu-tflite-vmaster-with_live_preprocessing/mobilenet-v2-precision_float-0.75-224/singlestream/performance/run_1' to '/home/arjun/mobilenet_results/valid_results/orin-tflite_cpp-cpu-tflite-vmaster-with_live_preprocessing/mobilenet-v2-precision_float-0.75-224/singlestream/performance/tmp_power/run_1'
client 2023-08-11 02:58:19,304 [INFO] Done runs
