client 2023-07-06 04:14:50,415 [INFO] Sending command to the server: 'mlcommons/power client v3'
client 2023-07-06 04:14:50,416 [INFO] Got response: 'mlcommons/power server v3'
client 2023-07-06 04:14:50,416 [INFO] Synchronizing with the server and with time.google.com...
client 2023-07-06 04:14:50,498 [INFO] NTP:offset = 0.001 s, delay = 0.072 s 
client 2023-07-06 04:14:50,498 [INFO] Sending command to the server: 'time'
client 2023-07-06 04:14:50,499 [INFO] Got response: '1688634890.4997346'
client 2023-07-06 04:14:50,499 [INFO] The time difference between the client and the server is within range -1.359 ms..-0.030 ms
client 2023-07-06 04:14:50,499 [INFO] Sending command to the server: 'new,,8ffbb998-4a2a-4e87-8e2c-9b10f74010b4'
client 2023-07-06 04:14:50,501 [INFO] Got response: 'OK 2023-07-06_04-14-50,1320b879-ccc5-44d8-8b1f-2e1707947517'
client 2023-07-06 04:14:50,501 [INFO] Session id is '2023-07-06_04-14-50'
client 2023-07-06 04:14:50,501 [INFO] Sources: {"sources": {"__init__.py": "da39a3ee5e6b4b0d3255bfef95601890afd80709", "client.py": "33ca4f26368777ac06e01f9567b714a4b8063886", "lib/__init__.py": "da39a3ee5e6b4b0d3255bfef95601890afd80709", "lib/client.py": "ac2aa093c8e8bbc9569b9e2a3471bc64e58a2258", "lib/common.py": "611d8b29633d331eb19c9455ea3b5fa3284ed6df", "lib/external/__init__.py": "da39a3ee5e6b4b0d3255bfef95601890afd80709", "lib/external/ntplib.py": "4da8f970656505a40483206ef2b5d3dd5e81711d", "lib/server.py": "c7af63c31bb2fbedea4345f571f6e3507d268ada", "lib/source_hashes.py": "60a2e02193209e8d392803326208d5466342da18", "lib/summary.py": "aa92f0a3f975eecd44d3c0cd0236342ccc9f941d", "lib/time_sync.py": "122eba67a9abc85635223e054def53be1367ade2", "server.py": "c3f90f2f7eeb4db30727556d0c815ebc89b3d28b", "tests/unit/__init__.py": "da39a3ee5e6b4b0d3255bfef95601890afd80709", "tests/unit/test_server.py": "948c1995d4008bc2aa6c4046a34ffa3858d6d671", "tests/unit/test_source_hashes.py": "00468a2907583c593e6574a1f6b404e4651c221a"}, "modules": {"ptd_client_server.lib.client": "lib/client.py", "ptd_client_server.lib.common": "lib/common.py", "ptd_client_server.lib.external.ntplib": "lib/external/ntplib.py", "ptd_client_server.lib.source_hashes": "lib/source_hashes.py", "ptd_client_server.lib.summary": "lib/summary.py", "ptd_client_server.lib.time_sync": "lib/time_sync.py"}}
client 2023-07-06 04:14:50,501 [INFO] Running workload in ranging mode
client 2023-07-06 04:14:50,501 [INFO] Synchronizing with the server and with time.google.com...
client 2023-07-06 04:14:50,575 [INFO] NTP:offset = -0.000 s, delay = 0.073 s 
client 2023-07-06 04:14:50,575 [INFO] Sending command to the server: 'time'
client 2023-07-06 04:14:50,576 [INFO] Got response: '1688634890.5769641'
client 2023-07-06 04:14:50,576 [INFO] The time difference between the client and the server is within range -1.321 ms..-0.026 ms
client 2023-07-06 04:14:50,576 [INFO] Sending command to the server: 'session,2023-07-06_04-14-50,start,ranging'
client 2023-07-06 04:15:18,668 [INFO] Got response: 'OK'
client 2023-07-06 04:15:18,669 [INFO] Sending command to the server: 'time'
client 2023-07-06 04:15:18,670 [INFO] Got response: '1688634918.6709852'
client 2023-07-06 04:15:18,671 [INFO] The time difference between the client and the server is within range -1.932 ms..0.153 ms
client 2023-07-06 04:15:18,671 [INFO] Running the workload 'echo 1 | sudo tee $(sudo find /sys/devices -name soc_reset | grep a100); sleep 120;  ck benchmark program:object-detection-qaic-loadgen --env.CK_SILENT_MODE=YES --skip_print_timers --dep_add_tags.lib-qaic-api=master --dep_add_tags.compiler=gcc --dep_add_tags.python=v3 --dep_add_tags.weights=retinanet.aedk_highend.multistream,retinanet  --dep_add_tags.dataset=dataset,preprocessed,openimages,for.retinanet.onnx.preprocessed.quantized,full --cmd_key=openimages --env.ML_MODEL_MODEL_NAME=retinanet --env.CK_LOADGEN_DATASET_SIZE=24781 --env.CK_LOADGEN_BUFFER_SIZE=64 --env.CK_ENV_NUM_SETUP_THREADS=2 --env.CK_ENV_QAIC_INPUT_SELECT=0 --env.CK_ENV_QAIC_DEVICE_IDS=0 --env.CK_ENV_QAIC_QUEUE_LENGTH=4 --env.CK_ENV_QAIC_THREADS_PER_QUEUE=2 --env.CK_ENV_QAIC_ACTIVATION_COUNT=7 --env.CK_ENV_QAIC_MODEL_BATCH_SIZE=1 --env.QAIC_BYPASS_PPP=enable --env.CK_VERBOSE=0 --env.KILT_SCHEDULER_YIELD_TIME=1000000 --env.KILT_DISPATCH_YIELD_TIME=10 --env.KILT_DEVICE_QAIC_SAMPLES_QUEUE_DEPTH=128  --env.CK_EXTRA_COMPILER_DEPS0=-DMODEL_RX50 --env.ML_MODEL_HAS_BACKGROUND_CLASS=YES --env.ML_MODEL_OUT_BUFFER_IDX=1 --env.CK_ENV_QAIC_MODEL_MAX_DETECTIONS=600 --env.CK_ENV_QAIC_OUTPUT_COUNT=15 --env.CK_ENV_QAIC_SKIP_STAGE=convert --env.CK_LOADGEN_SCENARIO=MultiStream --env.CK_LOADGEN_TARGET_LATENCY=105  --env.CK_LOADGEN_MAX_QUERY_COUNT=6304 --env.CK_LOADGEN_MIN_QUERY_COUNT=6304 --env.CK_LOADGEN_MODE=PerformanceOnly --speed --skip_stat_analysis --process_multi_keys --repetitions=1 --record --record_repo=local --record_uoa=mlperf_v3.1-closed-gloria_highend-qaic-v1.9.1.25-aic100-retinanet-multistream-performance-target_latency.105-power.workload --tags=mlperf,round.v3.1,division.closed,platform.gloria_highend,inference_engine.qaic,inference_engine_version.v1.9.1.25,inference_engine_backend.aic100,scenario.multistream,mode.performance,buffer_size.64,workload.retinanet,preprocessed_using.opencv,input_select.0,queue_length.4,task.object-detection,threads_per_queue.2,power.workload "@@@{\'meta\': {\'ck_benchmark_program\': \'echo 1 | sudo tee $(sudo find /sys/devices -name soc_reset | grep a100); sleep 120;  ck benchmark program:object-detection-qaic-loadgen --env.CK_SILENT_MODE=YES --skip_print_timers --dep_add_tags.lib-qaic-api=master --dep_add_tags.compiler=gcc --dep_add_tags.python=v3 --dep_add_tags.weights=retinanet.aedk_highend.multistream,retinanet  --dep_add_tags.dataset=dataset,preprocessed,openimages,for.retinanet.onnx.preprocessed.quantized,full --cmd_key=openimages --env.ML_MODEL_MODEL_NAME=retinanet --env.CK_LOADGEN_DATASET_SIZE=24781 --env.CK_LOADGEN_BUFFER_SIZE=64 --env.CK_ENV_NUM_SETUP_THREADS=2 --env.CK_ENV_QAIC_INPUT_SELECT=0 --env.CK_ENV_QAIC_DEVICE_IDS=0 --env.CK_ENV_QAIC_QUEUE_LENGTH=4 --env.CK_ENV_QAIC_THREADS_PER_QUEUE=2 --env.CK_ENV_QAIC_ACTIVATION_COUNT=7 --env.CK_ENV_QAIC_MODEL_BATCH_SIZE=1 --env.QAIC_BYPASS_PPP=enable --env.CK_VERBOSE=0 --env.KILT_SCHEDULER_YIELD_TIME=1000000 --env.KILT_DISPATCH_YIELD_TIME=10 --env.KILT_DEVICE_QAIC_SAMPLES_QUEUE_DEPTH=128  --env.CK_EXTRA_COMPILER_DEPS0=-DMODEL_RX50 --env.ML_MODEL_HAS_BACKGROUND_CLASS=YES --env.ML_MODEL_OUT_BUFFER_IDX=1 --env.CK_ENV_QAIC_MODEL_MAX_DETECTIONS=600 --env.CK_ENV_QAIC_OUTPUT_COUNT=15 --env.CK_ENV_QAIC_SKIP_STAGE=convert --env.CK_LOADGEN_SCENARIO=MultiStream --env.CK_LOADGEN_TARGET_LATENCY=105  --env.CK_LOADGEN_MAX_QUERY_COUNT=6304 --env.CK_LOADGEN_MIN_QUERY_COUNT=6304 --env.CK_LOADGEN_MODE=PerformanceOnly --speed --skip_stat_analysis --process_multi_keys --repetitions=1 --record --record_repo=local --record_uoa=mlperf_v3.1-closed-gloria_highend-qaic-v1.9.1.25-aic100-retinanet-multistream-performance-target_latency.105-power.workload --tags=mlperf,round.v3.1,division.closed,platform.gloria_highend,inference_engine.qaic,inference_engine_version.v1.9.1.25,inference_engine_backend.aic100,scenario.multistream,mode.performance,buffer_size.64,workload.retinanet,preprocessed_using.opencv,input_select.0,queue_length.4,task.object-detection,threads_per_queue.2,power.workload\'}}" && cat `ck find program:object-detection-qaic-loadgen`/tmp/mlperf_log_summary.txt && mkdir -p "$CK_MLPERF_POWER_CLIENT_LOADGEN_LOGS" && cp "$CK_MLPERF_POWER_CLIENT_LOADGEN_LOGS"/../mlperf_log_* "$CK_MLPERF_POWER_CLIENT_LOADGEN_LOGS"/'
client 2023-07-06 04:28:17,479 [INFO] Sending command to the server: 'time'
client 2023-07-06 04:28:17,481 [INFO] Got response: '1688635697.4810827'
client 2023-07-06 04:28:17,481 [INFO] The time difference between the client and the server is within range -1.920 ms..0.345 ms
client 2023-07-06 04:28:17,481 [INFO] Sending command to the server: 'session,2023-07-06_04-14-50,stop,ranging'
client 2023-07-06 04:28:27,694 [INFO] Got response: 'OK'
client 2023-07-06 04:28:27,696 [INFO] Sending command to the server: 'time'
client 2023-07-06 04:28:27,698 [INFO] Got response: '1688635707.6981506'
client 2023-07-06 04:28:27,699 [INFO] The time difference between the client and the server is within range -2.076 ms..1.333 ms
client 2023-07-06 04:28:27,721 [INFO] Copying loadgen logs from '/home/krai/CK/ck-qaic-dev-krai/program/object-detection-qaic-loadgen/tmp/loadgen_logs' to '/home/krai/CK/ck-mlperf/program/mlperf-power-client/tmp/2023-07-06_04-14-50/ranging'
client 2023-07-06 04:28:27,722 [INFO] Running workload in testing mode
client 2023-07-06 04:28:27,722 [INFO] Synchronizing with the server and with time.google.com...
client 2023-07-06 04:28:27,819 [INFO] NTP:offset = 0.002 s, delay = 0.095 s 
client 2023-07-06 04:28:27,819 [INFO] Sending command to the server: 'time'
client 2023-07-06 04:28:27,821 [INFO] Got response: '1688635707.8211772'
client 2023-07-06 04:28:27,821 [INFO] The time difference between the client and the server is within range -1.245 ms..0.159 ms
client 2023-07-06 04:28:27,821 [INFO] Sending command to the server: 'session,2023-07-06_04-14-50,start,testing'
client 2023-07-06 04:28:40,837 [INFO] Got response: 'OK'
client 2023-07-06 04:28:40,839 [INFO] Sending command to the server: 'time'
client 2023-07-06 04:28:40,841 [INFO] Got response: '1688635720.841389'
client 2023-07-06 04:28:40,842 [INFO] The time difference between the client and the server is within range -2.482 ms..1.213 ms
client 2023-07-06 04:28:40,844 [INFO] Running the workload 'echo 1 | sudo tee $(sudo find /sys/devices -name soc_reset | grep a100); sleep 120;  ck benchmark program:object-detection-qaic-loadgen --env.CK_SILENT_MODE=YES --skip_print_timers --dep_add_tags.lib-qaic-api=master --dep_add_tags.compiler=gcc --dep_add_tags.python=v3 --dep_add_tags.weights=retinanet.aedk_highend.multistream,retinanet  --dep_add_tags.dataset=dataset,preprocessed,openimages,for.retinanet.onnx.preprocessed.quantized,full --cmd_key=openimages --env.ML_MODEL_MODEL_NAME=retinanet --env.CK_LOADGEN_DATASET_SIZE=24781 --env.CK_LOADGEN_BUFFER_SIZE=64 --env.CK_ENV_NUM_SETUP_THREADS=2 --env.CK_ENV_QAIC_INPUT_SELECT=0 --env.CK_ENV_QAIC_DEVICE_IDS=0 --env.CK_ENV_QAIC_QUEUE_LENGTH=4 --env.CK_ENV_QAIC_THREADS_PER_QUEUE=2 --env.CK_ENV_QAIC_ACTIVATION_COUNT=7 --env.CK_ENV_QAIC_MODEL_BATCH_SIZE=1 --env.QAIC_BYPASS_PPP=enable --env.CK_VERBOSE=0 --env.KILT_SCHEDULER_YIELD_TIME=1000000 --env.KILT_DISPATCH_YIELD_TIME=10 --env.KILT_DEVICE_QAIC_SAMPLES_QUEUE_DEPTH=128  --env.CK_EXTRA_COMPILER_DEPS0=-DMODEL_RX50 --env.ML_MODEL_HAS_BACKGROUND_CLASS=YES --env.ML_MODEL_OUT_BUFFER_IDX=1 --env.CK_ENV_QAIC_MODEL_MAX_DETECTIONS=600 --env.CK_ENV_QAIC_OUTPUT_COUNT=15 --env.CK_ENV_QAIC_SKIP_STAGE=convert --env.CK_LOADGEN_SCENARIO=MultiStream --env.CK_LOADGEN_TARGET_LATENCY=105  --env.CK_LOADGEN_MAX_QUERY_COUNT=6304 --env.CK_LOADGEN_MIN_QUERY_COUNT=6304 --env.CK_LOADGEN_MODE=PerformanceOnly --speed --skip_stat_analysis --process_multi_keys --repetitions=1 --record --record_repo=local --record_uoa=mlperf_v3.1-closed-gloria_highend-qaic-v1.9.1.25-aic100-retinanet-multistream-performance-target_latency.105-power.workload --tags=mlperf,round.v3.1,division.closed,platform.gloria_highend,inference_engine.qaic,inference_engine_version.v1.9.1.25,inference_engine_backend.aic100,scenario.multistream,mode.performance,buffer_size.64,workload.retinanet,preprocessed_using.opencv,input_select.0,queue_length.4,task.object-detection,threads_per_queue.2,power.workload "@@@{\'meta\': {\'ck_benchmark_program\': \'echo 1 | sudo tee $(sudo find /sys/devices -name soc_reset | grep a100); sleep 120;  ck benchmark program:object-detection-qaic-loadgen --env.CK_SILENT_MODE=YES --skip_print_timers --dep_add_tags.lib-qaic-api=master --dep_add_tags.compiler=gcc --dep_add_tags.python=v3 --dep_add_tags.weights=retinanet.aedk_highend.multistream,retinanet  --dep_add_tags.dataset=dataset,preprocessed,openimages,for.retinanet.onnx.preprocessed.quantized,full --cmd_key=openimages --env.ML_MODEL_MODEL_NAME=retinanet --env.CK_LOADGEN_DATASET_SIZE=24781 --env.CK_LOADGEN_BUFFER_SIZE=64 --env.CK_ENV_NUM_SETUP_THREADS=2 --env.CK_ENV_QAIC_INPUT_SELECT=0 --env.CK_ENV_QAIC_DEVICE_IDS=0 --env.CK_ENV_QAIC_QUEUE_LENGTH=4 --env.CK_ENV_QAIC_THREADS_PER_QUEUE=2 --env.CK_ENV_QAIC_ACTIVATION_COUNT=7 --env.CK_ENV_QAIC_MODEL_BATCH_SIZE=1 --env.QAIC_BYPASS_PPP=enable --env.CK_VERBOSE=0 --env.KILT_SCHEDULER_YIELD_TIME=1000000 --env.KILT_DISPATCH_YIELD_TIME=10 --env.KILT_DEVICE_QAIC_SAMPLES_QUEUE_DEPTH=128  --env.CK_EXTRA_COMPILER_DEPS0=-DMODEL_RX50 --env.ML_MODEL_HAS_BACKGROUND_CLASS=YES --env.ML_MODEL_OUT_BUFFER_IDX=1 --env.CK_ENV_QAIC_MODEL_MAX_DETECTIONS=600 --env.CK_ENV_QAIC_OUTPUT_COUNT=15 --env.CK_ENV_QAIC_SKIP_STAGE=convert --env.CK_LOADGEN_SCENARIO=MultiStream --env.CK_LOADGEN_TARGET_LATENCY=105  --env.CK_LOADGEN_MAX_QUERY_COUNT=6304 --env.CK_LOADGEN_MIN_QUERY_COUNT=6304 --env.CK_LOADGEN_MODE=PerformanceOnly --speed --skip_stat_analysis --process_multi_keys --repetitions=1 --record --record_repo=local --record_uoa=mlperf_v3.1-closed-gloria_highend-qaic-v1.9.1.25-aic100-retinanet-multistream-performance-target_latency.105-power.workload --tags=mlperf,round.v3.1,division.closed,platform.gloria_highend,inference_engine.qaic,inference_engine_version.v1.9.1.25,inference_engine_backend.aic100,scenario.multistream,mode.performance,buffer_size.64,workload.retinanet,preprocessed_using.opencv,input_select.0,queue_length.4,task.object-detection,threads_per_queue.2,power.workload\'}}" && cat `ck find program:object-detection-qaic-loadgen`/tmp/mlperf_log_summary.txt && mkdir -p "$CK_MLPERF_POWER_CLIENT_LOADGEN_LOGS" && cp "$CK_MLPERF_POWER_CLIENT_LOADGEN_LOGS"/../mlperf_log_* "$CK_MLPERF_POWER_CLIENT_LOADGEN_LOGS"/'
client 2023-07-06 04:41:40,042 [INFO] Sending command to the server: 'time'
client 2023-07-06 04:41:40,046 [INFO] Got response: '1688636500.0452678'
client 2023-07-06 04:41:40,047 [INFO] The time difference between the client and the server is within range -3.900 ms..1.710 ms
client 2023-07-06 04:41:40,048 [INFO] Sending command to the server: 'session,2023-07-06_04-14-50,stop,testing'
client 2023-07-06 04:41:50,847 [INFO] Got response: 'OK'
client 2023-07-06 04:41:50,848 [INFO] Sending command to the server: 'time'
client 2023-07-06 04:41:50,850 [INFO] Got response: '1688636510.8504312'
client 2023-07-06 04:41:50,851 [INFO] The time difference between the client and the server is within range -2.022 ms..1.295 ms
client 2023-07-06 04:41:50,865 [INFO] Copying loadgen logs from '/home/krai/CK/ck-qaic-dev-krai/program/object-detection-qaic-loadgen/tmp/loadgen_logs' to '/home/krai/CK/ck-mlperf/program/mlperf-power-client/tmp/2023-07-06_04-14-50/run_1'
client 2023-07-06 04:41:50,866 [INFO] Done runs
