client 2023-07-20 02:15:59,975 [INFO] Creating output directory '/home/arjun/mobilenet_results/valid_results/raspberrypi-tflite_armnn_cpp-cpu-armnn_tflite-v22.11-using_neon/mobilenet-v2-precision_float-0.75-192/singlestream/performance/tmp_power'
client 2023-07-20 02:15:59,981 [INFO] Sending command to the server: 'mlcommons/power client v3'
client 2023-07-20 02:15:59,984 [INFO] Got response: 'mlcommons/power server v3'
client 2023-07-20 02:15:59,985 [INFO] Synchronizing with the server and with time.google.com...
client 2023-07-20 02:16:00,046 [INFO] NTP:offset = -0.001 s, delay = 0.013 s 
client 2023-07-20 02:16:00,047 [INFO] Sending command to the server: 'time'
client 2023-07-20 02:16:00,051 [INFO] Got response: '1689815759.8965092'
client 2023-07-20 02:16:00,052 [INFO] The time difference between the client and the server is within range 151.072 ms..155.958 ms
client 2023-07-20 02:16:00,053 [INFO] Sending command to the server: 'new,,5df02be4-3900-49a4-99a9-14808ddc7b44'
client 2023-07-20 02:16:00,058 [INFO] Got response: 'OK 2023-07-20_02-15-59,a1d42d3b-4be1-4389-9227-e60f43a61e4d'
client 2023-07-20 02:16:00,058 [INFO] Session id is '2023-07-20_02-15-59'
client 2023-07-20 02:16:00,059 [INFO] Sources: {"sources": {"__init__.py": "da39a3ee5e6b4b0d3255bfef95601890afd80709", "client.py": "33ca4f26368777ac06e01f9567b714a4b8063886", "lib/__init__.py": "da39a3ee5e6b4b0d3255bfef95601890afd80709", "lib/client.py": "ac2aa093c8e8bbc9569b9e2a3471bc64e58a2258", "lib/common.py": "611d8b29633d331eb19c9455ea3b5fa3284ed6df", "lib/external/__init__.py": "da39a3ee5e6b4b0d3255bfef95601890afd80709", "lib/external/ntplib.py": "4da8f970656505a40483206ef2b5d3dd5e81711d", "lib/server.py": "c7af63c31bb2fbedea4345f571f6e3507d268ada", "lib/source_hashes.py": "60a2e02193209e8d392803326208d5466342da18", "lib/summary.py": "aa92f0a3f975eecd44d3c0cd0236342ccc9f941d", "lib/time_sync.py": "122eba67a9abc85635223e054def53be1367ade2", "server.py": "c3f90f2f7eeb4db30727556d0c815ebc89b3d28b", "tests/unit/__init__.py": "da39a3ee5e6b4b0d3255bfef95601890afd80709", "tests/unit/test_server.py": "948c1995d4008bc2aa6c4046a34ffa3858d6d671", "tests/unit/test_source_hashes.py": "00468a2907583c593e6574a1f6b404e4651c221a"}, "modules": {"ptd_client_server.lib.client": "lib/client.py", "ptd_client_server.lib.common": "lib/common.py", "ptd_client_server.lib.external.ntplib": "lib/external/ntplib.py", "ptd_client_server.lib.source_hashes": "lib/source_hashes.py", "ptd_client_server.lib.summary": "lib/summary.py", "ptd_client_server.lib.time_sync": "lib/time_sync.py"}}
client 2023-07-20 02:16:00,060 [INFO] Running workload in ranging mode
client 2023-07-20 02:16:00,061 [INFO] Synchronizing with the server and with time.google.com...
client 2023-07-20 02:16:00,099 [INFO] NTP:offset = -0.001 s, delay = 0.016 s 
client 2023-07-20 02:16:00,100 [INFO] Sending command to the server: 'time'
client 2023-07-20 02:16:00,105 [INFO] Got response: '1689815759.946869'
client 2023-07-20 02:16:00,105 [INFO] The time difference between the client and the server is within range 153.764 ms..158.919 ms
client 2023-07-20 02:16:00,106 [INFO] Sending command to the server: 'session,2023-07-20_02-15-59,start,ranging'
client 2023-07-20 02:16:28,775 [INFO] Got response: 'OK'
client 2023-07-20 02:16:28,776 [INFO] Sending command to the server: 'time'
client 2023-07-20 02:16:28,780 [INFO] Got response: '1689815788.6267414'
client 2023-07-20 02:16:28,781 [INFO] The time difference between the client and the server is within range 149.633 ms..154.441 ms
client 2023-07-20 02:16:28,781 [INFO] Running the workload 'CM_MLPERF_RUN_COUNT=$(cat ${CM_RUN_DIR}/count.txt); echo ${CM_MLPERF_RUN_COUNT}; CM_MLPERF_RUN_COUNT=$((CM_MLPERF_RUN_COUNT+1)); echo ${CM_MLPERF_RUN_COUNT} > ${CM_RUN_DIR}/count.txt && if [ ${CM_MLPERF_RUN_COUNT} -eq "1" ]; then export CM_MLPERF_USER_CONF=${CM_MLPERF_RANGING_USER_CONF}; else export CM_MLPERF_USER_CONF=${CM_MLPERF_TESTING_USER_CONF}; fi && /home/arjun/CM/repos/ctuning@mlcommons-ck/cm-mlops/script/get-lib-armnn/run.out'
client 2023-07-20 02:21:43,003 [INFO] Sending command to the server: 'time'
client 2023-07-20 02:21:43,007 [INFO] Got response: '1689816102.8569252'
client 2023-07-20 02:21:43,007 [INFO] The time difference between the client and the server is within range 145.926 ms..150.501 ms
client 2023-07-20 02:21:43,007 [INFO] Sending command to the server: 'session,2023-07-20_02-15-59,stop,ranging'
client 2023-07-20 02:21:53,881 [INFO] Got response: 'OK'
client 2023-07-20 02:21:53,881 [INFO] Sending command to the server: 'time'
client 2023-07-20 02:21:53,885 [INFO] Got response: '1689816113.7345097'
client 2023-07-20 02:21:53,885 [INFO] The time difference between the client and the server is within range 147.102 ms..151.106 ms
client 2023-07-20 02:21:53,919 [INFO] Copying loadgen logs from '/home/arjun/mobilenet_results/valid_results/raspberrypi-tflite_armnn_cpp-cpu-armnn_tflite-v22.11-using_neon/mobilenet-v2-precision_float-0.75-192/singlestream/performance/run_1' to '/home/arjun/mobilenet_results/valid_results/raspberrypi-tflite_armnn_cpp-cpu-armnn_tflite-v22.11-using_neon/mobilenet-v2-precision_float-0.75-192/singlestream/performance/tmp_power/ranging'
client 2023-07-20 02:21:53,922 [INFO] Running workload in testing mode
client 2023-07-20 02:21:53,923 [INFO] Synchronizing with the server and with time.google.com...
client 2023-07-20 02:21:53,954 [INFO] NTP:offset = -0.000 s, delay = 0.013 s 
client 2023-07-20 02:21:53,955 [INFO] Sending command to the server: 'time'
client 2023-07-20 02:21:53,958 [INFO] Got response: '1689816113.806801'
client 2023-07-20 02:21:53,959 [INFO] The time difference between the client and the server is within range 148.334 ms..152.131 ms
client 2023-07-20 02:21:53,959 [INFO] Sending command to the server: 'session,2023-07-20_02-15-59,start,testing'
client 2023-07-20 02:22:07,002 [INFO] Got response: 'OK'
client 2023-07-20 02:22:07,002 [INFO] Sending command to the server: 'time'
client 2023-07-20 02:22:07,006 [INFO] Got response: '1689816126.8490677'
client 2023-07-20 02:22:07,007 [INFO] The time difference between the client and the server is within range 153.506 ms..158.165 ms
client 2023-07-20 02:22:07,007 [INFO] Running the workload 'CM_MLPERF_RUN_COUNT=$(cat ${CM_RUN_DIR}/count.txt); echo ${CM_MLPERF_RUN_COUNT}; CM_MLPERF_RUN_COUNT=$((CM_MLPERF_RUN_COUNT+1)); echo ${CM_MLPERF_RUN_COUNT} > ${CM_RUN_DIR}/count.txt && if [ ${CM_MLPERF_RUN_COUNT} -eq "1" ]; then export CM_MLPERF_USER_CONF=${CM_MLPERF_RANGING_USER_CONF}; else export CM_MLPERF_USER_CONF=${CM_MLPERF_TESTING_USER_CONF}; fi && /home/arjun/CM/repos/ctuning@mlcommons-ck/cm-mlops/script/get-lib-armnn/run.out'
client 2023-07-20 02:32:24,189 [INFO] Sending command to the server: 'time'
client 2023-07-20 02:32:24,194 [INFO] Got response: '1689816744.0306833'
client 2023-07-20 02:32:24,194 [INFO] The time difference between the client and the server is within range 158.633 ms..164.262 ms
client 2023-07-20 02:32:24,195 [INFO] Sending command to the server: 'session,2023-07-20_02-15-59,stop,testing'
client 2023-07-20 02:32:35,085 [INFO] Got response: 'OK'
client 2023-07-20 02:32:35,085 [INFO] Sending command to the server: 'time'
client 2023-07-20 02:32:35,088 [INFO] Got response: '1689816754.9308834'
client 2023-07-20 02:32:35,088 [INFO] The time difference between the client and the server is within range 154.921 ms..157.960 ms
client 2023-07-20 02:32:35,095 [INFO] Copying loadgen logs from '/home/arjun/mobilenet_results/valid_results/raspberrypi-tflite_armnn_cpp-cpu-armnn_tflite-v22.11-using_neon/mobilenet-v2-precision_float-0.75-192/singlestream/performance/run_1' to '/home/arjun/mobilenet_results/valid_results/raspberrypi-tflite_armnn_cpp-cpu-armnn_tflite-v22.11-using_neon/mobilenet-v2-precision_float-0.75-192/singlestream/performance/tmp_power/run_1'
client 2023-07-20 02:32:35,099 [INFO] Done runs
