client 2023-08-10 21:29:31,683 [INFO] Creating output directory '/home/arjun/mobilenet_results/valid_results/orin-tflite_cpp-cpu-tflite-vmaster-with_live_preprocessing/mobilenet-v2-precision_float-0.75-128/singlestream/performance/tmp_power'
client 2023-08-10 21:29:31,687 [INFO] Sending command to the server: 'mlcommons/power client v3'
client 2023-08-10 21:29:31,690 [INFO] Got response: 'mlcommons/power server v3'
client 2023-08-10 21:29:31,690 [INFO] Synchronizing with the server and with time.google.com...
client 2023-08-10 21:29:31,712 [INFO] NTP:offset = 0.002 s, delay = 0.018 s 
client 2023-08-10 21:29:31,712 [INFO] Sending command to the server: 'time'
client 2023-08-10 21:29:31,714 [INFO] Got response: '1691699371.566574'
client 2023-08-10 21:29:31,714 [INFO] The time difference between the client and the server is within range 145.683 ms..147.989 ms
client 2023-08-10 21:29:31,714 [INFO] Sending command to the server: 'new,,885e8330-bd28-4d28-9c43-3cbcfe7491b4'
client 2023-08-10 21:29:31,717 [INFO] Got response: 'OK 2023-08-10_21-29-31,a1e34b15-cbf5-4c8e-8a84-23ac907f1a7e'
client 2023-08-10 21:29:31,717 [INFO] Session id is '2023-08-10_21-29-31'
client 2023-08-10 21:29:31,718 [INFO] Sources: {"sources": {"__init__.py": "da39a3ee5e6b4b0d3255bfef95601890afd80709", "client.py": "33ca4f26368777ac06e01f9567b714a4b8063886", "lib/__init__.py": "da39a3ee5e6b4b0d3255bfef95601890afd80709", "lib/client.py": "ac2aa093c8e8bbc9569b9e2a3471bc64e58a2258", "lib/common.py": "611d8b29633d331eb19c9455ea3b5fa3284ed6df", "lib/external/__init__.py": "da39a3ee5e6b4b0d3255bfef95601890afd80709", "lib/external/ntplib.py": "4da8f970656505a40483206ef2b5d3dd5e81711d", "lib/server.py": "c7af63c31bb2fbedea4345f571f6e3507d268ada", "lib/source_hashes.py": "60a2e02193209e8d392803326208d5466342da18", "lib/summary.py": "aa92f0a3f975eecd44d3c0cd0236342ccc9f941d", "lib/time_sync.py": "80894ef2389e540781ff78de94db16aa4203a14e", "server.py": "c3f90f2f7eeb4db30727556d0c815ebc89b3d28b", "tests/unit/__init__.py": "da39a3ee5e6b4b0d3255bfef95601890afd80709", "tests/unit/test_server.py": "948c1995d4008bc2aa6c4046a34ffa3858d6d671", "tests/unit/test_source_hashes.py": "00468a2907583c593e6574a1f6b404e4651c221a"}, "modules": {"ptd_client_server.lib.client": "lib/client.py", "ptd_client_server.lib.common": "lib/common.py", "ptd_client_server.lib.external.ntplib": "lib/external/ntplib.py", "ptd_client_server.lib.source_hashes": "lib/source_hashes.py", "ptd_client_server.lib.summary": "lib/summary.py", "ptd_client_server.lib.time_sync": "lib/time_sync.py"}}
client 2023-08-10 21:29:31,718 [INFO] Running workload in ranging mode
client 2023-08-10 21:29:31,718 [INFO] Synchronizing with the server and with time.google.com...
client 2023-08-10 21:29:31,735 [INFO] NTP:offset = 0.001 s, delay = 0.016 s 
client 2023-08-10 21:29:31,735 [INFO] Sending command to the server: 'time'
client 2023-08-10 21:29:31,738 [INFO] Got response: '1691699371.5970712'
client 2023-08-10 21:29:31,739 [INFO] The time difference between the client and the server is within range 138.778 ms..141.939 ms
client 2023-08-10 21:29:31,739 [INFO] Sending command to the server: 'session,2023-08-10_21-29-31,start,ranging'
client 2023-08-10 21:30:00,454 [INFO] Got response: 'OK'
client 2023-08-10 21:30:00,455 [INFO] Sending command to the server: 'time'
client 2023-08-10 21:30:00,457 [INFO] Got response: '1691699400.3143342'
client 2023-08-10 21:30:00,457 [INFO] The time difference between the client and the server is within range 140.784 ms..143.373 ms
client 2023-08-10 21:30:00,457 [INFO] Running the workload 'CM_MLPERF_RUN_COUNT=$(cat ${CM_RUN_DIR}/count.txt); echo ${CM_MLPERF_RUN_COUNT}; CM_MLPERF_RUN_COUNT=$((CM_MLPERF_RUN_COUNT+1)); echo ${CM_MLPERF_RUN_COUNT} > ${CM_RUN_DIR}/count.txt && if [ ${CM_MLPERF_RUN_COUNT} -eq "1" ]; then export CM_MLPERF_USER_CONF=${CM_MLPERF_RANGING_USER_CONF}; else export CM_MLPERF_USER_CONF=${CM_MLPERF_TESTING_USER_CONF}; fi && /mount/CM/repos/ctuning@mlcommons-ck/cm-mlops/script/run-all-mlperf-models/run.out'
client 2023-08-10 21:35:01,787 [INFO] Sending command to the server: 'time'
client 2023-08-10 21:35:01,792 [INFO] Got response: '1691699701.6478934'
client 2023-08-10 21:35:01,792 [INFO] The time difference between the client and the server is within range 139.151 ms..144.877 ms
client 2023-08-10 21:35:01,792 [INFO] Sending command to the server: 'session,2023-08-10_21-29-31,stop,ranging'
client 2023-08-10 21:35:12,846 [INFO] Got response: 'OK'
client 2023-08-10 21:35:12,846 [INFO] Sending command to the server: 'time'
client 2023-08-10 21:35:12,849 [INFO] Got response: '1691699712.7034209'
client 2023-08-10 21:35:12,849 [INFO] The time difference between the client and the server is within range 143.425 ms..146.466 ms
client 2023-08-10 21:35:12,853 [INFO] Copying loadgen logs from '/home/arjun/mobilenet_results/valid_results/orin-tflite_cpp-cpu-tflite-vmaster-with_live_preprocessing/mobilenet-v2-precision_float-0.75-128/singlestream/performance/run_1' to '/home/arjun/mobilenet_results/valid_results/orin-tflite_cpp-cpu-tflite-vmaster-with_live_preprocessing/mobilenet-v2-precision_float-0.75-128/singlestream/performance/tmp_power/ranging'
client 2023-08-10 21:35:12,854 [INFO] Running workload in testing mode
client 2023-08-10 21:35:12,854 [INFO] Synchronizing with the server and with time.google.com...
client 2023-08-10 21:35:12,885 [INFO] NTP:offset = -0.001 s, delay = 0.018 s 
client 2023-08-10 21:35:12,885 [INFO] Sending command to the server: 'time'
client 2023-08-10 21:35:12,892 [INFO] Got response: '1691699712.7457426'
client 2023-08-10 21:35:12,892 [INFO] The time difference between the client and the server is within range 139.868 ms..146.614 ms
client 2023-08-10 21:35:12,892 [INFO] Sending command to the server: 'session,2023-08-10_21-29-31,start,testing'
client 2023-08-10 21:35:25,933 [INFO] Got response: 'OK'
client 2023-08-10 21:35:25,933 [INFO] Sending command to the server: 'time'
client 2023-08-10 21:35:25,937 [INFO] Got response: '1691699725.7883592'
client 2023-08-10 21:35:25,937 [INFO] The time difference between the client and the server is within range 144.951 ms..148.797 ms
client 2023-08-10 21:35:25,937 [INFO] Running the workload 'CM_MLPERF_RUN_COUNT=$(cat ${CM_RUN_DIR}/count.txt); echo ${CM_MLPERF_RUN_COUNT}; CM_MLPERF_RUN_COUNT=$((CM_MLPERF_RUN_COUNT+1)); echo ${CM_MLPERF_RUN_COUNT} > ${CM_RUN_DIR}/count.txt && if [ ${CM_MLPERF_RUN_COUNT} -eq "1" ]; then export CM_MLPERF_USER_CONF=${CM_MLPERF_RANGING_USER_CONF}; else export CM_MLPERF_USER_CONF=${CM_MLPERF_TESTING_USER_CONF}; fi && /mount/CM/repos/ctuning@mlcommons-ck/cm-mlops/script/run-all-mlperf-models/run.out'
client 2023-08-10 21:45:28,054 [INFO] Sending command to the server: 'time'
client 2023-08-10 21:45:28,058 [INFO] Got response: '1691700327.919781'
client 2023-08-10 21:45:28,058 [INFO] The time difference between the client and the server is within range 134.376 ms..138.555 ms
client 2023-08-10 21:45:28,058 [INFO] Sending command to the server: 'session,2023-08-10_21-29-31,stop,testing'
client 2023-08-10 21:45:38,999 [INFO] Got response: 'OK'
client 2023-08-10 21:45:38,999 [INFO] Sending command to the server: 'time'
client 2023-08-10 21:45:39,002 [INFO] Got response: '1691700338.8647773'
client 2023-08-10 21:45:39,002 [INFO] The time difference between the client and the server is within range 135.032 ms..137.885 ms
client 2023-08-10 21:45:39,003 [INFO] Copying loadgen logs from '/home/arjun/mobilenet_results/valid_results/orin-tflite_cpp-cpu-tflite-vmaster-with_live_preprocessing/mobilenet-v2-precision_float-0.75-128/singlestream/performance/run_1' to '/home/arjun/mobilenet_results/valid_results/orin-tflite_cpp-cpu-tflite-vmaster-with_live_preprocessing/mobilenet-v2-precision_float-0.75-128/singlestream/performance/tmp_power/run_1'
client 2023-08-10 21:45:39,004 [INFO] Done runs
