client 2023-07-15 20:22:44,003 [INFO] Creating output directory '/home/arjun/mobilenet_results/valid_results/raspberrypi-tflite_armnn_cpp-cpu-armnn_tflite-v23.05-using_neon/mobilenet-v1-precision_uint8-0.25-192/singlestream/performance/tmp_power'
client 2023-07-15 20:22:44,009 [INFO] Sending command to the server: 'mlcommons/power client v3'
client 2023-07-15 20:22:44,013 [INFO] Got response: 'mlcommons/power server v3'
client 2023-07-15 20:22:44,014 [INFO] Synchronizing with the server and with time.google.com...
client 2023-07-15 20:22:44,066 [INFO] NTP:offset = 0.012 s, delay = 0.015 s 
client 2023-07-15 20:22:44,067 [INFO] Sending command to the server: 'time'
client 2023-07-15 20:22:44,073 [INFO] Got response: '1689448964.033441'
client 2023-07-15 20:22:44,075 [INFO] The time difference between the client and the server is within range 34.174 ms..41.429 ms
client 2023-07-15 20:22:44,075 [INFO] Sending command to the server: 'new,,326ba714-7433-420f-b1cb-68e4fe35b0d1'
client 2023-07-15 20:22:44,080 [INFO] Got response: 'OK 2023-07-15_20-22-44,450a196e-7228-44a2-b2c4-a17532e0a314'
client 2023-07-15 20:22:44,081 [INFO] Session id is '2023-07-15_20-22-44'
client 2023-07-15 20:22:44,082 [INFO] Sources: {"sources": {"__init__.py": "da39a3ee5e6b4b0d3255bfef95601890afd80709", "client.py": "33ca4f26368777ac06e01f9567b714a4b8063886", "lib/__init__.py": "da39a3ee5e6b4b0d3255bfef95601890afd80709", "lib/client.py": "ac2aa093c8e8bbc9569b9e2a3471bc64e58a2258", "lib/common.py": "611d8b29633d331eb19c9455ea3b5fa3284ed6df", "lib/external/__init__.py": "da39a3ee5e6b4b0d3255bfef95601890afd80709", "lib/external/ntplib.py": "4da8f970656505a40483206ef2b5d3dd5e81711d", "lib/server.py": "c7af63c31bb2fbedea4345f571f6e3507d268ada", "lib/source_hashes.py": "60a2e02193209e8d392803326208d5466342da18", "lib/summary.py": "aa92f0a3f975eecd44d3c0cd0236342ccc9f941d", "lib/time_sync.py": "122eba67a9abc85635223e054def53be1367ade2", "server.py": "c3f90f2f7eeb4db30727556d0c815ebc89b3d28b", "tests/unit/__init__.py": "da39a3ee5e6b4b0d3255bfef95601890afd80709", "tests/unit/test_server.py": "948c1995d4008bc2aa6c4046a34ffa3858d6d671", "tests/unit/test_source_hashes.py": "00468a2907583c593e6574a1f6b404e4651c221a"}, "modules": {"ptd_client_server.lib.client": "lib/client.py", "ptd_client_server.lib.common": "lib/common.py", "ptd_client_server.lib.external.ntplib": "lib/external/ntplib.py", "ptd_client_server.lib.source_hashes": "lib/source_hashes.py", "ptd_client_server.lib.summary": "lib/summary.py", "ptd_client_server.lib.time_sync": "lib/time_sync.py"}}
client 2023-07-15 20:22:44,083 [INFO] Running workload in ranging mode
client 2023-07-15 20:22:44,084 [INFO] Synchronizing with the server and with time.google.com...
client 2023-07-15 20:22:44,120 [INFO] NTP:offset = 0.011 s, delay = 0.016 s 
client 2023-07-15 20:22:44,120 [INFO] Sending command to the server: 'time'
client 2023-07-15 20:22:44,126 [INFO] Got response: '1689448964.0832655'
client 2023-07-15 20:22:44,126 [INFO] The time difference between the client and the server is within range 37.632 ms..43.614 ms
client 2023-07-15 20:22:44,127 [INFO] Sending command to the server: 'session,2023-07-15_20-22-44,start,ranging'
client 2023-07-15 20:23:12,822 [INFO] Got response: 'OK'
client 2023-07-15 20:23:12,822 [INFO] Sending command to the server: 'time'
client 2023-07-15 20:23:12,827 [INFO] Got response: '1689448992.7832682'
client 2023-07-15 20:23:12,827 [INFO] The time difference between the client and the server is within range 39.248 ms..44.479 ms
client 2023-07-15 20:23:12,828 [INFO] Running the workload 'CM_MLPERF_RUN_COUNT=$(cat ${CM_RUN_DIR}/count.txt); echo ${CM_MLPERF_RUN_COUNT}; CM_MLPERF_RUN_COUNT=$((CM_MLPERF_RUN_COUNT+1)); echo ${CM_MLPERF_RUN_COUNT} > ${CM_RUN_DIR}/count.txt && if [ ${CM_MLPERF_RUN_COUNT} -eq "1" ]; then export CM_MLPERF_USER_CONF=${CM_MLPERF_RANGING_USER_CONF}; else export CM_MLPERF_USER_CONF=${CM_MLPERF_TESTING_USER_CONF}; fi && /home/arjun/run.out'
client 2023-07-15 20:28:19,831 [INFO] Sending command to the server: 'time'
client 2023-07-15 20:28:19,838 [INFO] Got response: '1689449299.798973'
client 2023-07-15 20:28:19,838 [INFO] The time difference between the client and the server is within range 32.244 ms..39.818 ms
client 2023-07-15 20:28:19,839 [INFO] Sending command to the server: 'session,2023-07-15_20-22-44,stop,ranging'
client 2023-07-15 20:28:31,210 [INFO] Got response: 'OK'
client 2023-07-15 20:28:31,210 [INFO] Sending command to the server: 'time'
client 2023-07-15 20:28:31,214 [INFO] Got response: '1689449311.1713176'
client 2023-07-15 20:28:31,214 [INFO] The time difference between the client and the server is within range 39.318 ms..43.504 ms
client 2023-07-15 20:28:31,244 [INFO] Copying loadgen logs from '/home/arjun/mobilenet_results/valid_results/raspberrypi-tflite_armnn_cpp-cpu-armnn_tflite-v23.05-using_neon/mobilenet-v1-precision_uint8-0.25-192/singlestream/performance/run_1' to '/home/arjun/mobilenet_results/valid_results/raspberrypi-tflite_armnn_cpp-cpu-armnn_tflite-v23.05-using_neon/mobilenet-v1-precision_uint8-0.25-192/singlestream/performance/tmp_power/ranging'
client 2023-07-15 20:28:31,247 [INFO] Running workload in testing mode
client 2023-07-15 20:28:31,247 [INFO] Synchronizing with the server and with time.google.com...
client 2023-07-15 20:28:31,382 [INFO] NTP:offset = -0.036 s, delay = 0.116 s 
client 2023-07-15 20:28:31,382 [INFO] Sending command to the server: 'time'
client 2023-07-15 20:28:31,388 [INFO] Got response: '1689449311.3451169'
client 2023-07-15 20:28:31,388 [INFO] The time difference between the client and the server is within range 37.543 ms..43.168 ms
client 2023-07-15 20:28:31,388 [INFO] Sending command to the server: 'session,2023-07-15_20-22-44,start,testing'
client 2023-07-15 20:28:44,436 [INFO] Got response: 'OK'
client 2023-07-15 20:28:44,436 [INFO] Sending command to the server: 'time'
client 2023-07-15 20:28:44,443 [INFO] Got response: '1689449324.3988326'
client 2023-07-15 20:28:44,443 [INFO] The time difference between the client and the server is within range 37.753 ms..44.588 ms
client 2023-07-15 20:28:44,443 [INFO] Running the workload 'CM_MLPERF_RUN_COUNT=$(cat ${CM_RUN_DIR}/count.txt); echo ${CM_MLPERF_RUN_COUNT}; CM_MLPERF_RUN_COUNT=$((CM_MLPERF_RUN_COUNT+1)); echo ${CM_MLPERF_RUN_COUNT} > ${CM_RUN_DIR}/count.txt && if [ ${CM_MLPERF_RUN_COUNT} -eq "1" ]; then export CM_MLPERF_USER_CONF=${CM_MLPERF_RANGING_USER_CONF}; else export CM_MLPERF_USER_CONF=${CM_MLPERF_TESTING_USER_CONF}; fi && /home/arjun/run.out'
client 2023-07-15 20:38:57,193 [INFO] Sending command to the server: 'time'
client 2023-07-15 20:38:57,199 [INFO] Got response: '1689449937.1467261'
client 2023-07-15 20:38:57,199 [INFO] The time difference between the client and the server is within range 46.638 ms..52.747 ms
client 2023-07-15 20:38:57,199 [INFO] Sending command to the server: 'session,2023-07-15_20-22-44,stop,testing'
client 2023-07-15 20:39:07,509 [INFO] Got response: 'OK'
client 2023-07-15 20:39:07,509 [INFO] Sending command to the server: 'time'
client 2023-07-15 20:39:07,513 [INFO] Got response: '1689449947.4654512'
client 2023-07-15 20:39:07,513 [INFO] The time difference between the client and the server is within range 44.441 ms..47.955 ms
client 2023-07-15 20:39:07,519 [INFO] Copying loadgen logs from '/home/arjun/mobilenet_results/valid_results/raspberrypi-tflite_armnn_cpp-cpu-armnn_tflite-v23.05-using_neon/mobilenet-v1-precision_uint8-0.25-192/singlestream/performance/run_1' to '/home/arjun/mobilenet_results/valid_results/raspberrypi-tflite_armnn_cpp-cpu-armnn_tflite-v23.05-using_neon/mobilenet-v1-precision_uint8-0.25-192/singlestream/performance/tmp_power/run_1'
client 2023-07-15 20:39:07,522 [INFO] Done runs
