client 2023-07-13 20:01:14,168 [INFO] Creating output directory '/home/arjun/mobilenet_results1/valid_results/orin-tflite_armnn_cpp-cpu-armnn_tflite-v23.05-using_neon/mobilenet-v2-precision_float-0.75-160/singlestream/performance/tmp_power'
client 2023-07-13 20:01:14,171 [INFO] Sending command to the server: 'mlcommons/power client v3'
client 2023-07-13 20:01:14,174 [INFO] Got response: 'mlcommons/power server v3'
client 2023-07-13 20:01:14,174 [INFO] Synchronizing with the server and with time.google.com...
client 2023-07-13 20:01:14,196 [INFO] NTP:offset = -0.006 s, delay = 0.015 s 
client 2023-07-13 20:01:14,196 [INFO] Sending command to the server: 'time'
client 2023-07-13 20:01:14,199 [INFO] Got response: '1689274874.049621'
client 2023-07-13 20:01:14,199 [INFO] The time difference between the client and the server is within range 146.517 ms..149.707 ms
client 2023-07-13 20:01:14,199 [INFO] Sending command to the server: 'new,,71906fdd-d750-454f-af7d-c97f557e4b72'
client 2023-07-13 20:01:14,202 [INFO] Got response: 'OK 2023-07-13_20-01-14,1b04fea0-76b0-4f54-9ff9-9896741b3ee2'
client 2023-07-13 20:01:14,202 [INFO] Session id is '2023-07-13_20-01-14'
client 2023-07-13 20:01:14,203 [INFO] Sources: {"sources": {"__init__.py": "da39a3ee5e6b4b0d3255bfef95601890afd80709", "client.py": "33ca4f26368777ac06e01f9567b714a4b8063886", "lib/__init__.py": "da39a3ee5e6b4b0d3255bfef95601890afd80709", "lib/client.py": "ac2aa093c8e8bbc9569b9e2a3471bc64e58a2258", "lib/common.py": "611d8b29633d331eb19c9455ea3b5fa3284ed6df", "lib/external/__init__.py": "da39a3ee5e6b4b0d3255bfef95601890afd80709", "lib/external/ntplib.py": "4da8f970656505a40483206ef2b5d3dd5e81711d", "lib/server.py": "c7af63c31bb2fbedea4345f571f6e3507d268ada", "lib/source_hashes.py": "60a2e02193209e8d392803326208d5466342da18", "lib/summary.py": "aa92f0a3f975eecd44d3c0cd0236342ccc9f941d", "lib/time_sync.py": "122eba67a9abc85635223e054def53be1367ade2", "server.py": "c3f90f2f7eeb4db30727556d0c815ebc89b3d28b", "tests/unit/__init__.py": "da39a3ee5e6b4b0d3255bfef95601890afd80709", "tests/unit/test_server.py": "948c1995d4008bc2aa6c4046a34ffa3858d6d671", "tests/unit/test_source_hashes.py": "00468a2907583c593e6574a1f6b404e4651c221a"}, "modules": {"ptd_client_server.lib.client": "lib/client.py", "ptd_client_server.lib.common": "lib/common.py", "ptd_client_server.lib.external.ntplib": "lib/external/ntplib.py", "ptd_client_server.lib.source_hashes": "lib/source_hashes.py", "ptd_client_server.lib.summary": "lib/summary.py", "ptd_client_server.lib.time_sync": "lib/time_sync.py"}}
client 2023-07-13 20:01:14,203 [INFO] Running workload in ranging mode
client 2023-07-13 20:01:14,203 [INFO] Synchronizing with the server and with time.google.com...
client 2023-07-13 20:01:14,220 [INFO] NTP:offset = -0.007 s, delay = 0.016 s 
client 2023-07-13 20:01:14,220 [INFO] Sending command to the server: 'time'
client 2023-07-13 20:01:14,230 [INFO] Got response: '1689274874.0801246'
client 2023-07-13 20:01:14,231 [INFO] The time difference between the client and the server is within range 140.665 ms..150.871 ms
client 2023-07-13 20:01:14,231 [INFO] Sending command to the server: 'session,2023-07-13_20-01-14,start,ranging'
client 2023-07-13 20:01:42,879 [INFO] Got response: 'OK'
client 2023-07-13 20:01:42,879 [INFO] Sending command to the server: 'time'
client 2023-07-13 20:01:42,885 [INFO] Got response: '1689274902.733361'
client 2023-07-13 20:01:42,885 [INFO] The time difference between the client and the server is within range 146.394 ms..152.352 ms
client 2023-07-13 20:01:42,885 [INFO] Running the workload 'CM_MLPERF_RUN_COUNT=$(cat ${CM_RUN_DIR}/count.txt); echo ${CM_MLPERF_RUN_COUNT}; CM_MLPERF_RUN_COUNT=$((CM_MLPERF_RUN_COUNT+1)); echo ${CM_MLPERF_RUN_COUNT} > ${CM_RUN_DIR}/count.txt && if [ ${CM_MLPERF_RUN_COUNT} -eq "1" ]; then export CM_MLPERF_USER_CONF=${CM_MLPERF_RANGING_USER_CONF}; else export CM_MLPERF_USER_CONF=${CM_MLPERF_TESTING_USER_CONF}; fi && /mount/CM/repos/ctuning@mlcommons-ck/cm-mlops/script/run-mlperf-inference-mobilenet-models/run.out'
client 2023-07-13 20:06:44,497 [INFO] Sending command to the server: 'time'
client 2023-07-13 20:06:44,502 [INFO] Got response: '1689275204.3434064'
client 2023-07-13 20:06:44,502 [INFO] The time difference between the client and the server is within range 153.941 ms..159.543 ms
client 2023-07-13 20:06:44,503 [INFO] Sending command to the server: 'session,2023-07-13_20-01-14,stop,ranging'
client 2023-07-13 20:06:55,047 [INFO] Got response: 'OK'
client 2023-07-13 20:06:55,048 [INFO] Sending command to the server: 'time'
client 2023-07-13 20:06:55,053 [INFO] Got response: '1689275214.8921206'
client 2023-07-13 20:06:55,053 [INFO] The time difference between the client and the server is within range 155.977 ms..161.764 ms
client 2023-07-13 20:06:55,083 [INFO] Copying loadgen logs from '/home/arjun/mobilenet_results1/valid_results/orin-tflite_armnn_cpp-cpu-armnn_tflite-v23.05-using_neon/mobilenet-v2-precision_float-0.75-160/singlestream/performance/run_1' to '/home/arjun/mobilenet_results1/valid_results/orin-tflite_armnn_cpp-cpu-armnn_tflite-v23.05-using_neon/mobilenet-v2-precision_float-0.75-160/singlestream/performance/tmp_power/ranging'
client 2023-07-13 20:06:55,086 [INFO] Running workload in testing mode
client 2023-07-13 20:06:55,086 [INFO] Synchronizing with the server and with time.google.com...
client 2023-07-13 20:06:55,109 [INFO] NTP:offset = -0.007 s, delay = 0.017 s 
client 2023-07-13 20:06:55,109 [INFO] Sending command to the server: 'time'
client 2023-07-13 20:06:55,231 [INFO] Got response: '1689275215.0692706'
client 2023-07-13 20:06:55,231 [INFO] The time difference between the client and the server is within range 40.073 ms..162.363 ms
client 2023-07-13 20:06:55,231 [INFO] Sending command to the server: 'session,2023-07-13_20-01-14,start,testing'
client 2023-07-13 20:07:08,282 [INFO] Got response: 'OK'
client 2023-07-13 20:07:08,282 [INFO] Sending command to the server: 'time'
client 2023-07-13 20:07:08,289 [INFO] Got response: '1689275228.1324654'
client 2023-07-13 20:07:08,289 [INFO] The time difference between the client and the server is within range 150.401 ms..157.324 ms
client 2023-07-13 20:07:08,290 [INFO] Running the workload 'CM_MLPERF_RUN_COUNT=$(cat ${CM_RUN_DIR}/count.txt); echo ${CM_MLPERF_RUN_COUNT}; CM_MLPERF_RUN_COUNT=$((CM_MLPERF_RUN_COUNT+1)); echo ${CM_MLPERF_RUN_COUNT} > ${CM_RUN_DIR}/count.txt && if [ ${CM_MLPERF_RUN_COUNT} -eq "1" ]; then export CM_MLPERF_USER_CONF=${CM_MLPERF_RANGING_USER_CONF}; else export CM_MLPERF_USER_CONF=${CM_MLPERF_TESTING_USER_CONF}; fi && /mount/CM/repos/ctuning@mlcommons-ck/cm-mlops/script/run-mlperf-inference-mobilenet-models/run.out'
client 2023-07-13 20:17:11,249 [INFO] Sending command to the server: 'time'
client 2023-07-13 20:17:11,254 [INFO] Got response: '1689275831.087874'
client 2023-07-13 20:17:11,254 [INFO] The time difference between the client and the server is within range 161.581 ms..166.776 ms
client 2023-07-13 20:17:11,254 [INFO] Sending command to the server: 'session,2023-07-13_20-01-14,stop,testing'
client 2023-07-13 20:17:21,352 [INFO] Got response: 'OK'
client 2023-07-13 20:17:21,353 [INFO] Sending command to the server: 'time'
client 2023-07-13 20:17:21,356 [INFO] Got response: '1689275841.190912'
client 2023-07-13 20:17:21,357 [INFO] The time difference between the client and the server is within range 162.284 ms..166.100 ms
client 2023-07-13 20:17:21,361 [INFO] Copying loadgen logs from '/home/arjun/mobilenet_results1/valid_results/orin-tflite_armnn_cpp-cpu-armnn_tflite-v23.05-using_neon/mobilenet-v2-precision_float-0.75-160/singlestream/performance/run_1' to '/home/arjun/mobilenet_results1/valid_results/orin-tflite_armnn_cpp-cpu-armnn_tflite-v23.05-using_neon/mobilenet-v2-precision_float-0.75-160/singlestream/performance/tmp_power/run_1'
client 2023-07-13 20:17:21,364 [INFO] Done runs
