client 2023-07-20 09:30:51,127 [INFO] Creating output directory '/home/arjun/mobilenet_results/valid_results/raspberrypi-tflite_armnn_cpp-cpu-armnn_tflite-v22.11-using_neon/mobilenet-v3-precision_uint8-large-minimalistic-224/singlestream/performance/tmp_power'
client 2023-07-20 09:30:51,131 [INFO] Sending command to the server: 'mlcommons/power client v3'
client 2023-07-20 09:30:51,136 [INFO] Got response: 'mlcommons/power server v3'
client 2023-07-20 09:30:51,136 [INFO] Synchronizing with the server and with time.google.com...
client 2023-07-20 09:30:51,188 [INFO] NTP:offset = 0.001 s, delay = 0.017 s 
client 2023-07-20 09:30:51,189 [INFO] Sending command to the server: 'time'
client 2023-07-20 09:30:51,194 [INFO] Got response: '1689841851.1529753'
client 2023-07-20 09:30:51,194 [INFO] The time difference between the client and the server is within range 36.007 ms..41.624 ms
client 2023-07-20 09:30:51,195 [INFO] Sending command to the server: 'new,,6bb04faf-424b-41e4-a462-4dd1a9b1476e'
client 2023-07-20 09:30:51,201 [INFO] Got response: 'OK 2023-07-20_09-30-51,b10ca69d-161a-49c7-b8dd-22424764b4ca'
client 2023-07-20 09:30:51,202 [INFO] Session id is '2023-07-20_09-30-51'
client 2023-07-20 09:30:51,202 [INFO] Sources: {"sources": {"__init__.py": "da39a3ee5e6b4b0d3255bfef95601890afd80709", "client.py": "33ca4f26368777ac06e01f9567b714a4b8063886", "lib/__init__.py": "da39a3ee5e6b4b0d3255bfef95601890afd80709", "lib/client.py": "ac2aa093c8e8bbc9569b9e2a3471bc64e58a2258", "lib/common.py": "611d8b29633d331eb19c9455ea3b5fa3284ed6df", "lib/external/__init__.py": "da39a3ee5e6b4b0d3255bfef95601890afd80709", "lib/external/ntplib.py": "4da8f970656505a40483206ef2b5d3dd5e81711d", "lib/server.py": "c7af63c31bb2fbedea4345f571f6e3507d268ada", "lib/source_hashes.py": "60a2e02193209e8d392803326208d5466342da18", "lib/summary.py": "aa92f0a3f975eecd44d3c0cd0236342ccc9f941d", "lib/time_sync.py": "122eba67a9abc85635223e054def53be1367ade2", "server.py": "c3f90f2f7eeb4db30727556d0c815ebc89b3d28b", "tests/unit/__init__.py": "da39a3ee5e6b4b0d3255bfef95601890afd80709", "tests/unit/test_server.py": "948c1995d4008bc2aa6c4046a34ffa3858d6d671", "tests/unit/test_source_hashes.py": "00468a2907583c593e6574a1f6b404e4651c221a"}, "modules": {"ptd_client_server.lib.client": "lib/client.py", "ptd_client_server.lib.common": "lib/common.py", "ptd_client_server.lib.external.ntplib": "lib/external/ntplib.py", "ptd_client_server.lib.source_hashes": "lib/source_hashes.py", "ptd_client_server.lib.summary": "lib/summary.py", "ptd_client_server.lib.time_sync": "lib/time_sync.py"}}
client 2023-07-20 09:30:51,203 [INFO] Running workload in ranging mode
client 2023-07-20 09:30:51,204 [INFO] Synchronizing with the server and with time.google.com...
client 2023-07-20 09:30:51,240 [INFO] NTP:offset = 0.002 s, delay = 0.016 s 
client 2023-07-20 09:30:51,241 [INFO] Sending command to the server: 'time'
client 2023-07-20 09:30:51,245 [INFO] Got response: '1689841851.205057'
client 2023-07-20 09:30:51,245 [INFO] The time difference between the client and the server is within range 35.979 ms..40.695 ms
client 2023-07-20 09:30:51,246 [INFO] Sending command to the server: 'session,2023-07-20_09-30-51,start,ranging'
client 2023-07-20 09:31:19,971 [INFO] Got response: 'OK'
client 2023-07-20 09:31:19,972 [INFO] Sending command to the server: 'time'
client 2023-07-20 09:31:19,975 [INFO] Got response: '1689841879.93285'
client 2023-07-20 09:31:19,976 [INFO] The time difference between the client and the server is within range 39.233 ms..43.109 ms
client 2023-07-20 09:31:19,976 [INFO] Running the workload 'CM_MLPERF_RUN_COUNT=$(cat ${CM_RUN_DIR}/count.txt); echo ${CM_MLPERF_RUN_COUNT}; CM_MLPERF_RUN_COUNT=$((CM_MLPERF_RUN_COUNT+1)); echo ${CM_MLPERF_RUN_COUNT} > ${CM_RUN_DIR}/count.txt && if [ ${CM_MLPERF_RUN_COUNT} -eq "1" ]; then export CM_MLPERF_USER_CONF=${CM_MLPERF_RANGING_USER_CONF}; else export CM_MLPERF_USER_CONF=${CM_MLPERF_TESTING_USER_CONF}; fi && /home/arjun/CM/repos/ctuning@mlcommons-ck/cm-mlops/script/get-lib-armnn/run.out'
client 2023-07-20 09:36:29,041 [INFO] Sending command to the server: 'time'
client 2023-07-20 09:36:29,045 [INFO] Got response: '1689842189.000326'
client 2023-07-20 09:36:29,045 [INFO] The time difference between the client and the server is within range 41.177 ms..45.215 ms
client 2023-07-20 09:36:29,045 [INFO] Sending command to the server: 'session,2023-07-20_09-30-51,stop,ranging'
client 2023-07-20 09:36:40,125 [INFO] Got response: 'OK'
client 2023-07-20 09:36:40,126 [INFO] Sending command to the server: 'time'
client 2023-07-20 09:36:40,129 [INFO] Got response: '1689842200.0838547'
client 2023-07-20 09:36:40,130 [INFO] The time difference between the client and the server is within range 42.404 ms..46.276 ms
client 2023-07-20 09:36:40,163 [INFO] Copying loadgen logs from '/home/arjun/mobilenet_results/valid_results/raspberrypi-tflite_armnn_cpp-cpu-armnn_tflite-v22.11-using_neon/mobilenet-v3-precision_uint8-large-minimalistic-224/singlestream/performance/run_1' to '/home/arjun/mobilenet_results/valid_results/raspberrypi-tflite_armnn_cpp-cpu-armnn_tflite-v22.11-using_neon/mobilenet-v3-precision_uint8-large-minimalistic-224/singlestream/performance/tmp_power/ranging'
client 2023-07-20 09:36:40,166 [INFO] Running workload in testing mode
client 2023-07-20 09:36:40,166 [INFO] Synchronizing with the server and with time.google.com...
client 2023-07-20 09:36:40,207 [INFO] NTP:offset = 0.003 s, delay = 0.019 s 
client 2023-07-20 09:36:40,208 [INFO] Sending command to the server: 'time'
client 2023-07-20 09:36:40,212 [INFO] Got response: '1689842200.165952'
client 2023-07-20 09:36:40,212 [INFO] The time difference between the client and the server is within range 42.098 ms..46.854 ms
client 2023-07-20 09:36:40,213 [INFO] Sending command to the server: 'session,2023-07-20_09-30-51,start,testing'
client 2023-07-20 09:36:53,261 [INFO] Got response: 'OK'
client 2023-07-20 09:36:53,262 [INFO] Sending command to the server: 'time'
client 2023-07-20 09:36:53,266 [INFO] Got response: '1689842213.2258997'
client 2023-07-20 09:36:53,267 [INFO] The time difference between the client and the server is within range 36.176 ms..41.421 ms
client 2023-07-20 09:36:53,267 [INFO] Running the workload 'CM_MLPERF_RUN_COUNT=$(cat ${CM_RUN_DIR}/count.txt); echo ${CM_MLPERF_RUN_COUNT}; CM_MLPERF_RUN_COUNT=$((CM_MLPERF_RUN_COUNT+1)); echo ${CM_MLPERF_RUN_COUNT} > ${CM_RUN_DIR}/count.txt && if [ ${CM_MLPERF_RUN_COUNT} -eq "1" ]; then export CM_MLPERF_USER_CONF=${CM_MLPERF_RANGING_USER_CONF}; else export CM_MLPERF_USER_CONF=${CM_MLPERF_TESTING_USER_CONF}; fi && /home/arjun/CM/repos/ctuning@mlcommons-ck/cm-mlops/script/get-lib-armnn/run.out'
client 2023-07-20 09:47:10,760 [INFO] Sending command to the server: 'time'
client 2023-07-20 09:47:10,766 [INFO] Got response: '1689842830.7160933'
client 2023-07-20 09:47:10,767 [INFO] The time difference between the client and the server is within range 44.605 ms..50.992 ms
client 2023-07-20 09:47:10,767 [INFO] Sending command to the server: 'session,2023-07-20_09-30-51,stop,testing'
client 2023-07-20 09:47:21,328 [INFO] Got response: 'OK'
client 2023-07-20 09:47:21,328 [INFO] Sending command to the server: 'time'
client 2023-07-20 09:47:21,347 [INFO] Got response: '1689842841.2882404'
client 2023-07-20 09:47:21,348 [INFO] The time difference between the client and the server is within range 40.617 ms..59.829 ms
client 2023-07-20 09:47:21,354 [INFO] Copying loadgen logs from '/home/arjun/mobilenet_results/valid_results/raspberrypi-tflite_armnn_cpp-cpu-armnn_tflite-v22.11-using_neon/mobilenet-v3-precision_uint8-large-minimalistic-224/singlestream/performance/run_1' to '/home/arjun/mobilenet_results/valid_results/raspberrypi-tflite_armnn_cpp-cpu-armnn_tflite-v22.11-using_neon/mobilenet-v3-precision_uint8-large-minimalistic-224/singlestream/performance/tmp_power/run_1'
client 2023-07-20 09:47:21,357 [INFO] Done runs
