client 2023-08-07 02:02:09,405 [INFO] Creating output directory '/home/arjun/mobilenet_results/valid_results/orin-tflite_armnn_cpp-cpu-armnn_tflite-v23.05-using_neon/mobilenet-v1-precision_uint8-0.75-224/singlestream/performance/tmp_power'
client 2023-08-07 02:02:09,414 [INFO] Sending command to the server: 'mlcommons/power client v3'
client 2023-08-07 02:02:09,417 [INFO] Got response: 'mlcommons/power server v3'
client 2023-08-07 02:02:09,417 [INFO] Synchronizing with the server and with time.google.com...
client 2023-08-07 02:02:09,433 [INFO] NTP:offset = 0.001 s, delay = 0.013 s 
client 2023-08-07 02:02:09,433 [INFO] Sending command to the server: 'time'
client 2023-08-07 02:02:09,436 [INFO] Got response: '1691370129.5063045'
client 2023-08-07 02:02:09,436 [INFO] The time difference between the client and the server is within range -72.452 ms..-69.602 ms
client 2023-08-07 02:02:09,436 [INFO] Sending command to the server: 'new,,749d63e6-c00e-4d0c-b97f-6d70f4930f7b'
client 2023-08-07 02:02:09,440 [INFO] Got response: 'OK 2023-08-07_02-02-09,8b4f77ae-911b-43ad-951d-1870f6dfe012'
client 2023-08-07 02:02:09,440 [INFO] Session id is '2023-08-07_02-02-09'
client 2023-08-07 02:02:09,440 [INFO] Sources: {"sources": {"__init__.py": "da39a3ee5e6b4b0d3255bfef95601890afd80709", "client.py": "33ca4f26368777ac06e01f9567b714a4b8063886", "lib/__init__.py": "da39a3ee5e6b4b0d3255bfef95601890afd80709", "lib/client.py": "ac2aa093c8e8bbc9569b9e2a3471bc64e58a2258", "lib/common.py": "611d8b29633d331eb19c9455ea3b5fa3284ed6df", "lib/external/__init__.py": "da39a3ee5e6b4b0d3255bfef95601890afd80709", "lib/external/ntplib.py": "4da8f970656505a40483206ef2b5d3dd5e81711d", "lib/server.py": "c7af63c31bb2fbedea4345f571f6e3507d268ada", "lib/source_hashes.py": "60a2e02193209e8d392803326208d5466342da18", "lib/summary.py": "aa92f0a3f975eecd44d3c0cd0236342ccc9f941d", "lib/time_sync.py": "122eba67a9abc85635223e054def53be1367ade2", "server.py": "c3f90f2f7eeb4db30727556d0c815ebc89b3d28b", "tests/unit/__init__.py": "da39a3ee5e6b4b0d3255bfef95601890afd80709", "tests/unit/test_server.py": "948c1995d4008bc2aa6c4046a34ffa3858d6d671", "tests/unit/test_source_hashes.py": "00468a2907583c593e6574a1f6b404e4651c221a"}, "modules": {"ptd_client_server.lib.client": "lib/client.py", "ptd_client_server.lib.common": "lib/common.py", "ptd_client_server.lib.external.ntplib": "lib/external/ntplib.py", "ptd_client_server.lib.source_hashes": "lib/source_hashes.py", "ptd_client_server.lib.summary": "lib/summary.py", "ptd_client_server.lib.time_sync": "lib/time_sync.py"}}
client 2023-08-07 02:02:09,440 [INFO] Running workload in ranging mode
client 2023-08-07 02:02:09,440 [INFO] Synchronizing with the server and with time.google.com...
client 2023-08-07 02:02:09,454 [INFO] NTP:offset = -0.000 s, delay = 0.013 s 
client 2023-08-07 02:02:09,454 [INFO] Sending command to the server: 'time'
client 2023-08-07 02:02:09,457 [INFO] Got response: '1691370129.5261664'
client 2023-08-07 02:02:09,457 [INFO] The time difference between the client and the server is within range -71.687 ms..-68.720 ms
client 2023-08-07 02:02:09,457 [INFO] Sending command to the server: 'session,2023-08-07_02-02-09,start,ranging'
client 2023-08-07 02:02:38,171 [INFO] Got response: 'OK'
client 2023-08-07 02:02:38,171 [INFO] Sending command to the server: 'time'
client 2023-08-07 02:02:38,178 [INFO] Got response: '1691370158.2473037'
client 2023-08-07 02:02:38,178 [INFO] The time difference between the client and the server is within range -75.716 ms..-68.630 ms
client 2023-08-07 02:02:38,178 [INFO] Running the workload 'CM_MLPERF_RUN_COUNT=$(cat ${CM_RUN_DIR}/count.txt); echo ${CM_MLPERF_RUN_COUNT}; CM_MLPERF_RUN_COUNT=$((CM_MLPERF_RUN_COUNT+1)); echo ${CM_MLPERF_RUN_COUNT} > ${CM_RUN_DIR}/count.txt && if [ ${CM_MLPERF_RUN_COUNT} -eq "1" ]; then export CM_MLPERF_USER_CONF=${CM_MLPERF_RANGING_USER_CONF}; else export CM_MLPERF_USER_CONF=${CM_MLPERF_TESTING_USER_CONF}; fi && /mount/CM/repos/ctuning@mlcommons-ck/cm-mlops/script/run-all-mlperf-models/run.out'
client 2023-08-07 02:07:39,531 [INFO] Sending command to the server: 'time'
client 2023-08-07 02:07:39,535 [INFO] Got response: '1691370459.5962083'
client 2023-08-07 02:07:39,535 [INFO] The time difference between the client and the server is within range -64.422 ms..-60.486 ms
client 2023-08-07 02:07:39,535 [INFO] Sending command to the server: 'session,2023-08-07_02-02-09,stop,ranging'
client 2023-08-07 02:07:50,367 [INFO] Got response: 'OK'
client 2023-08-07 02:07:50,367 [INFO] Sending command to the server: 'time'
client 2023-08-07 02:07:50,373 [INFO] Got response: '1691370470.4408052'
client 2023-08-07 02:07:50,373 [INFO] The time difference between the client and the server is within range -72.996 ms..-67.155 ms
client 2023-08-07 02:07:50,377 [INFO] Copying loadgen logs from '/home/arjun/mobilenet_results/valid_results/orin-tflite_armnn_cpp-cpu-armnn_tflite-v23.05-using_neon/mobilenet-v1-precision_uint8-0.75-224/singlestream/performance/run_1' to '/home/arjun/mobilenet_results/valid_results/orin-tflite_armnn_cpp-cpu-armnn_tflite-v23.05-using_neon/mobilenet-v1-precision_uint8-0.75-224/singlestream/performance/tmp_power/ranging'
client 2023-08-07 02:07:50,377 [INFO] Running workload in testing mode
client 2023-08-07 02:07:50,377 [INFO] Synchronizing with the server and with time.google.com...
client 2023-08-07 02:07:50,393 [INFO] NTP:offset = 0.001 s, delay = 0.015 s 
client 2023-08-07 02:07:50,393 [INFO] Sending command to the server: 'time'
client 2023-08-07 02:07:50,398 [INFO] Got response: '1691370470.4616196'
client 2023-08-07 02:07:50,398 [INFO] The time difference between the client and the server is within range -67.661 ms..-62.986 ms
client 2023-08-07 02:07:50,398 [INFO] Sending command to the server: 'session,2023-08-07_02-02-09,start,testing'
client 2023-08-07 02:08:03,444 [INFO] Got response: 'OK'
client 2023-08-07 02:08:03,444 [INFO] Sending command to the server: 'time'
client 2023-08-07 02:08:03,447 [INFO] Got response: '1691370483.512228'
client 2023-08-07 02:08:03,447 [INFO] The time difference between the client and the server is within range -67.562 ms..-64.405 ms
client 2023-08-07 02:08:03,447 [INFO] Running the workload 'CM_MLPERF_RUN_COUNT=$(cat ${CM_RUN_DIR}/count.txt); echo ${CM_MLPERF_RUN_COUNT}; CM_MLPERF_RUN_COUNT=$((CM_MLPERF_RUN_COUNT+1)); echo ${CM_MLPERF_RUN_COUNT} > ${CM_RUN_DIR}/count.txt && if [ ${CM_MLPERF_RUN_COUNT} -eq "1" ]; then export CM_MLPERF_USER_CONF=${CM_MLPERF_RANGING_USER_CONF}; else export CM_MLPERF_USER_CONF=${CM_MLPERF_TESTING_USER_CONF}; fi && /mount/CM/repos/ctuning@mlcommons-ck/cm-mlops/script/run-all-mlperf-models/run.out'
client 2023-08-07 02:18:05,777 [INFO] Sending command to the server: 'time'
client 2023-08-07 02:18:05,781 [INFO] Got response: '1691371085.8423223'
client 2023-08-07 02:18:05,781 [INFO] The time difference between the client and the server is within range -65.291 ms..-60.414 ms
client 2023-08-07 02:18:05,781 [INFO] Sending command to the server: 'session,2023-08-07_02-02-09,stop,testing'
client 2023-08-07 02:18:16,542 [INFO] Got response: 'OK'
client 2023-08-07 02:18:16,542 [INFO] Sending command to the server: 'time'
client 2023-08-07 02:18:16,572 [INFO] Got response: '1691371096.6393027'
client 2023-08-07 02:18:16,572 [INFO] The time difference between the client and the server is within range -96.679 ms..-67.004 ms
client 2023-08-07 02:18:16,573 [INFO] Copying loadgen logs from '/home/arjun/mobilenet_results/valid_results/orin-tflite_armnn_cpp-cpu-armnn_tflite-v23.05-using_neon/mobilenet-v1-precision_uint8-0.75-224/singlestream/performance/run_1' to '/home/arjun/mobilenet_results/valid_results/orin-tflite_armnn_cpp-cpu-armnn_tflite-v23.05-using_neon/mobilenet-v1-precision_uint8-0.75-224/singlestream/performance/tmp_power/run_1'
client 2023-08-07 02:18:16,573 [INFO] Done runs
