client 2023-08-06 04:16:55,341 [INFO] Creating output directory '/home/arjun/mobilenet_results/valid_results/orin-tflite_cpp-cpu-tflite-vmaster-default_config/mobilenet-v2-precision_float-1.0-224/singlestream/performance/tmp_power'
client 2023-08-06 04:16:55,345 [INFO] Sending command to the server: 'mlcommons/power client v3'
client 2023-08-06 04:16:55,349 [INFO] Got response: 'mlcommons/power server v3'
client 2023-08-06 04:16:55,349 [INFO] Synchronizing with the server and with time.google.com...
client 2023-08-06 04:16:55,365 [INFO] NTP:offset = -0.019 s, delay = 0.014 s 
client 2023-08-06 04:16:55,366 [INFO] Sending command to the server: 'time'
client 2023-08-06 04:16:55,369 [INFO] Got response: '1691291815.3183722'
client 2023-08-06 04:16:55,369 [INFO] The time difference between the client and the server is within range 47.659 ms..51.234 ms
client 2023-08-06 04:16:55,369 [INFO] Sending command to the server: 'new,,e55a49a7-0938-414d-9a71-be59f89e96d0'
client 2023-08-06 04:16:55,373 [INFO] Got response: 'OK 2023-08-06_04-16-55,6bf35327-13db-45bd-be25-2274bfa099d6'
client 2023-08-06 04:16:55,373 [INFO] Session id is '2023-08-06_04-16-55'
client 2023-08-06 04:16:55,373 [INFO] Sources: {"sources": {"__init__.py": "da39a3ee5e6b4b0d3255bfef95601890afd80709", "client.py": "33ca4f26368777ac06e01f9567b714a4b8063886", "lib/__init__.py": "da39a3ee5e6b4b0d3255bfef95601890afd80709", "lib/client.py": "ac2aa093c8e8bbc9569b9e2a3471bc64e58a2258", "lib/common.py": "611d8b29633d331eb19c9455ea3b5fa3284ed6df", "lib/external/__init__.py": "da39a3ee5e6b4b0d3255bfef95601890afd80709", "lib/external/ntplib.py": "4da8f970656505a40483206ef2b5d3dd5e81711d", "lib/server.py": "c7af63c31bb2fbedea4345f571f6e3507d268ada", "lib/source_hashes.py": "60a2e02193209e8d392803326208d5466342da18", "lib/summary.py": "aa92f0a3f975eecd44d3c0cd0236342ccc9f941d", "lib/time_sync.py": "122eba67a9abc85635223e054def53be1367ade2", "server.py": "c3f90f2f7eeb4db30727556d0c815ebc89b3d28b", "tests/unit/__init__.py": "da39a3ee5e6b4b0d3255bfef95601890afd80709", "tests/unit/test_server.py": "948c1995d4008bc2aa6c4046a34ffa3858d6d671", "tests/unit/test_source_hashes.py": "00468a2907583c593e6574a1f6b404e4651c221a"}, "modules": {"ptd_client_server.lib.client": "lib/client.py", "ptd_client_server.lib.common": "lib/common.py", "ptd_client_server.lib.external.ntplib": "lib/external/ntplib.py", "ptd_client_server.lib.source_hashes": "lib/source_hashes.py", "ptd_client_server.lib.summary": "lib/summary.py", "ptd_client_server.lib.time_sync": "lib/time_sync.py"}}
client 2023-08-06 04:16:55,373 [INFO] Running workload in ranging mode
client 2023-08-06 04:16:55,374 [INFO] Synchronizing with the server and with time.google.com...
client 2023-08-06 04:16:55,390 [INFO] NTP:offset = -0.017 s, delay = 0.015 s 
client 2023-08-06 04:16:55,390 [INFO] Sending command to the server: 'time'
client 2023-08-06 04:16:55,407 [INFO] Got response: '1691291815.358092'
client 2023-08-06 04:16:55,407 [INFO] The time difference between the client and the server is within range 32.358 ms..49.335 ms
client 2023-08-06 04:16:55,407 [INFO] Sending command to the server: 'session,2023-08-06_04-16-55,start,ranging'
client 2023-08-06 04:17:24,096 [INFO] Got response: 'OK'
client 2023-08-06 04:17:24,096 [INFO] Sending command to the server: 'time'
client 2023-08-06 04:17:24,100 [INFO] Got response: '1691291844.0458815'
client 2023-08-06 04:17:24,100 [INFO] The time difference between the client and the server is within range 50.900 ms..54.340 ms
client 2023-08-06 04:17:24,100 [INFO] Running the workload 'CM_MLPERF_RUN_COUNT=$(cat ${CM_RUN_DIR}/count.txt); echo ${CM_MLPERF_RUN_COUNT}; CM_MLPERF_RUN_COUNT=$((CM_MLPERF_RUN_COUNT+1)); echo ${CM_MLPERF_RUN_COUNT} > ${CM_RUN_DIR}/count.txt && if [ ${CM_MLPERF_RUN_COUNT} -eq "1" ]; then export CM_MLPERF_USER_CONF=${CM_MLPERF_RANGING_USER_CONF}; else export CM_MLPERF_USER_CONF=${CM_MLPERF_TESTING_USER_CONF}; fi && /mount/CM/repos/ctuning@mlcommons-ck/cm-mlops/script/run-all-mlperf-models/run.out'
client 2023-08-06 04:22:25,559 [INFO] Sending command to the server: 'time'
client 2023-08-06 04:22:25,563 [INFO] Got response: '1691292145.512988'
client 2023-08-06 04:22:25,563 [INFO] The time difference between the client and the server is within range 46.127 ms..50.386 ms
client 2023-08-06 04:22:25,563 [INFO] Sending command to the server: 'session,2023-08-06_04-16-55,stop,ranging'
client 2023-08-06 04:22:36,217 [INFO] Got response: 'OK'
client 2023-08-06 04:22:36,217 [INFO] Sending command to the server: 'time'
client 2023-08-06 04:22:36,219 [INFO] Got response: '1691292156.1714675'
client 2023-08-06 04:22:36,219 [INFO] The time difference between the client and the server is within range 45.709 ms..48.358 ms
client 2023-08-06 04:22:36,223 [INFO] Copying loadgen logs from '/home/arjun/mobilenet_results/valid_results/orin-tflite_cpp-cpu-tflite-vmaster-default_config/mobilenet-v2-precision_float-1.0-224/singlestream/performance/run_1' to '/home/arjun/mobilenet_results/valid_results/orin-tflite_cpp-cpu-tflite-vmaster-default_config/mobilenet-v2-precision_float-1.0-224/singlestream/performance/tmp_power/ranging'
client 2023-08-06 04:22:36,224 [INFO] Running workload in testing mode
client 2023-08-06 04:22:36,224 [INFO] Synchronizing with the server and with time.google.com...
client 2023-08-06 04:22:36,240 [INFO] NTP:offset = -0.015 s, delay = 0.015 s 
client 2023-08-06 04:22:36,240 [INFO] Sending command to the server: 'time'
client 2023-08-06 04:22:36,243 [INFO] Got response: '1691292156.1918068'
client 2023-08-06 04:22:36,243 [INFO] The time difference between the client and the server is within range 48.618 ms..51.372 ms
client 2023-08-06 04:22:36,243 [INFO] Sending command to the server: 'session,2023-08-06_04-16-55,start,testing'
client 2023-08-06 04:22:49,270 [INFO] Got response: 'OK'
client 2023-08-06 04:22:49,270 [INFO] Sending command to the server: 'time'
client 2023-08-06 04:22:49,273 [INFO] Got response: '1691292169.2199492'
client 2023-08-06 04:22:49,273 [INFO] The time difference between the client and the server is within range 50.231 ms..53.947 ms
client 2023-08-06 04:22:49,273 [INFO] Running the workload 'CM_MLPERF_RUN_COUNT=$(cat ${CM_RUN_DIR}/count.txt); echo ${CM_MLPERF_RUN_COUNT}; CM_MLPERF_RUN_COUNT=$((CM_MLPERF_RUN_COUNT+1)); echo ${CM_MLPERF_RUN_COUNT} > ${CM_RUN_DIR}/count.txt && if [ ${CM_MLPERF_RUN_COUNT} -eq "1" ]; then export CM_MLPERF_USER_CONF=${CM_MLPERF_RANGING_USER_CONF}; else export CM_MLPERF_USER_CONF=${CM_MLPERF_TESTING_USER_CONF}; fi && /mount/CM/repos/ctuning@mlcommons-ck/cm-mlops/script/run-all-mlperf-models/run.out'
client 2023-08-06 04:32:51,471 [INFO] Sending command to the server: 'time'
client 2023-08-06 04:32:51,475 [INFO] Got response: '1691292771.4261122'
client 2023-08-06 04:32:51,475 [INFO] The time difference between the client and the server is within range 45.156 ms..49.320 ms
client 2023-08-06 04:32:51,475 [INFO] Sending command to the server: 'session,2023-08-06_04-16-55,stop,testing'
client 2023-08-06 04:33:02,361 [INFO] Got response: 'OK'
client 2023-08-06 04:33:02,361 [INFO] Sending command to the server: 'time'
client 2023-08-06 04:33:02,364 [INFO] Got response: '1691292782.3149776'
client 2023-08-06 04:33:02,364 [INFO] The time difference between the client and the server is within range 46.197 ms..49.212 ms
client 2023-08-06 04:33:02,365 [INFO] Copying loadgen logs from '/home/arjun/mobilenet_results/valid_results/orin-tflite_cpp-cpu-tflite-vmaster-default_config/mobilenet-v2-precision_float-1.0-224/singlestream/performance/run_1' to '/home/arjun/mobilenet_results/valid_results/orin-tflite_cpp-cpu-tflite-vmaster-default_config/mobilenet-v2-precision_float-1.0-224/singlestream/performance/tmp_power/run_1'
client 2023-08-06 04:33:02,365 [INFO] Done runs
