client 2023-07-11 06:13:12,649 [INFO] Creating output directory '/home/arjun/mobilenet_results/valid_results/orin-tflite_armnn_cpp-cpu-armnn_tflite-v22.11-using_neon/mobilenet-v1-precision_float-0.5-128/singlestream/performance/tmp_power'
client 2023-07-11 06:13:12,651 [INFO] Sending command to the server: 'mlcommons/power client v3'
client 2023-07-11 06:13:12,653 [INFO] Got response: 'mlcommons/power server v3'
client 2023-07-11 06:13:12,653 [INFO] Synchronizing with the server and with time.google.com...
client 2023-07-11 06:13:12,677 [INFO] NTP:offset = -0.008 s, delay = 0.019 s 
client 2023-07-11 06:13:12,677 [INFO] Sending command to the server: 'time'
client 2023-07-11 06:13:12,679 [INFO] Got response: '1689052392.587673'
client 2023-07-11 06:13:12,679 [INFO] The time difference between the client and the server is within range 89.886 ms..92.111 ms
client 2023-07-11 06:13:12,679 [INFO] Sending command to the server: 'new,,b9cf5c1b-8583-4280-a14f-b72438b38c83'
client 2023-07-11 06:13:12,682 [INFO] Got response: 'OK 2023-07-11_06-13-12,ad16e70c-094a-4f77-a40c-c101e9238a45'
client 2023-07-11 06:13:12,682 [INFO] Session id is '2023-07-11_06-13-12'
client 2023-07-11 06:13:12,682 [INFO] Sources: {"sources": {"__init__.py": "da39a3ee5e6b4b0d3255bfef95601890afd80709", "client.py": "33ca4f26368777ac06e01f9567b714a4b8063886", "lib/__init__.py": "da39a3ee5e6b4b0d3255bfef95601890afd80709", "lib/client.py": "ac2aa093c8e8bbc9569b9e2a3471bc64e58a2258", "lib/common.py": "611d8b29633d331eb19c9455ea3b5fa3284ed6df", "lib/external/__init__.py": "da39a3ee5e6b4b0d3255bfef95601890afd80709", "lib/external/ntplib.py": "4da8f970656505a40483206ef2b5d3dd5e81711d", "lib/server.py": "c7af63c31bb2fbedea4345f571f6e3507d268ada", "lib/source_hashes.py": "60a2e02193209e8d392803326208d5466342da18", "lib/summary.py": "aa92f0a3f975eecd44d3c0cd0236342ccc9f941d", "lib/time_sync.py": "122eba67a9abc85635223e054def53be1367ade2", "server.py": "c3f90f2f7eeb4db30727556d0c815ebc89b3d28b", "tests/unit/__init__.py": "da39a3ee5e6b4b0d3255bfef95601890afd80709", "tests/unit/test_server.py": "948c1995d4008bc2aa6c4046a34ffa3858d6d671", "tests/unit/test_source_hashes.py": "00468a2907583c593e6574a1f6b404e4651c221a"}, "modules": {"ptd_client_server.lib.client": "lib/client.py", "ptd_client_server.lib.common": "lib/common.py", "ptd_client_server.lib.external.ntplib": "lib/external/ntplib.py", "ptd_client_server.lib.source_hashes": "lib/source_hashes.py", "ptd_client_server.lib.summary": "lib/summary.py", "ptd_client_server.lib.time_sync": "lib/time_sync.py"}}
client 2023-07-11 06:13:12,682 [INFO] Running workload in ranging mode
client 2023-07-11 06:13:12,682 [INFO] Synchronizing with the server and with time.google.com...
client 2023-07-11 06:13:12,701 [INFO] NTP:offset = -0.008 s, delay = 0.018 s 
client 2023-07-11 06:13:12,701 [INFO] Sending command to the server: 'time'
client 2023-07-11 06:13:12,729 [INFO] Got response: '1689052392.6378245'
client 2023-07-11 06:13:12,729 [INFO] The time difference between the client and the server is within range 64.027 ms..91.974 ms
client 2023-07-11 06:13:12,729 [INFO] Sending command to the server: 'session,2023-07-11_06-13-12,start,ranging'
client 2023-07-11 06:13:41,368 [INFO] Got response: 'OK'
client 2023-07-11 06:13:41,369 [INFO] Sending command to the server: 'time'
client 2023-07-11 06:13:41,372 [INFO] Got response: '1689052421.2790747'
client 2023-07-11 06:13:41,373 [INFO] The time difference between the client and the server is within range 90.118 ms..93.925 ms
client 2023-07-11 06:13:41,373 [INFO] Running the workload 'CM_MLPERF_RUN_COUNT=$(cat ${CM_RUN_DIR}/count.txt); echo ${CM_MLPERF_RUN_COUNT}; CM_MLPERF_RUN_COUNT=$((CM_MLPERF_RUN_COUNT+1)); echo ${CM_MLPERF_RUN_COUNT} > ${CM_RUN_DIR}/count.txt && if [ ${CM_MLPERF_RUN_COUNT} -eq "1" ]; then export CM_MLPERF_USER_CONF=${CM_MLPERF_RANGING_USER_CONF}; else export CM_MLPERF_USER_CONF=${CM_MLPERF_TESTING_USER_CONF}; fi && /home/arjun/run.out'
client 2023-07-11 06:18:43,091 [INFO] Sending command to the server: 'time'
client 2023-07-11 06:18:43,095 [INFO] Got response: '1689052722.9988518'
client 2023-07-11 06:18:43,095 [INFO] The time difference between the client and the server is within range 92.310 ms..96.634 ms
client 2023-07-11 06:18:43,095 [INFO] Sending command to the server: 'session,2023-07-11_06-13-12,stop,ranging'
client 2023-07-11 06:18:53,451 [INFO] Got response: 'OK'
client 2023-07-11 06:18:53,451 [INFO] Sending command to the server: 'time'
client 2023-07-11 06:18:53,454 [INFO] Got response: '1689052733.3675008'
client 2023-07-11 06:18:53,454 [INFO] The time difference between the client and the server is within range 84.365 ms..87.306 ms
client 2023-07-11 06:18:53,476 [INFO] Copying loadgen logs from '/home/arjun/mobilenet_results/valid_results/orin-tflite_armnn_cpp-cpu-armnn_tflite-v22.11-using_neon/mobilenet-v1-precision_float-0.5-128/singlestream/performance/run_1' to '/home/arjun/mobilenet_results/valid_results/orin-tflite_armnn_cpp-cpu-armnn_tflite-v22.11-using_neon/mobilenet-v1-precision_float-0.5-128/singlestream/performance/tmp_power/ranging'
client 2023-07-11 06:18:53,479 [INFO] Running workload in testing mode
client 2023-07-11 06:18:53,479 [INFO] Synchronizing with the server and with time.google.com...
client 2023-07-11 06:18:53,517 [INFO] NTP:offset = -0.007 s, delay = 0.018 s 
client 2023-07-11 06:18:53,517 [INFO] Sending command to the server: 'time'
client 2023-07-11 06:18:53,520 [INFO] Got response: '1689052733.4275572'
client 2023-07-11 06:18:53,520 [INFO] The time difference between the client and the server is within range 89.967 ms..92.903 ms
client 2023-07-11 06:18:53,520 [INFO] Sending command to the server: 'session,2023-07-11_06-13-12,start,testing'
client 2023-07-11 06:19:06,535 [INFO] Got response: 'OK'
client 2023-07-11 06:19:06,535 [INFO] Sending command to the server: 'time'
client 2023-07-11 06:19:06,539 [INFO] Got response: '1689052746.4455578'
client 2023-07-11 06:19:06,539 [INFO] The time difference between the client and the server is within range 90.122 ms..94.092 ms
client 2023-07-11 06:19:06,539 [INFO] Running the workload 'CM_MLPERF_RUN_COUNT=$(cat ${CM_RUN_DIR}/count.txt); echo ${CM_MLPERF_RUN_COUNT}; CM_MLPERF_RUN_COUNT=$((CM_MLPERF_RUN_COUNT+1)); echo ${CM_MLPERF_RUN_COUNT} > ${CM_RUN_DIR}/count.txt && if [ ${CM_MLPERF_RUN_COUNT} -eq "1" ]; then export CM_MLPERF_USER_CONF=${CM_MLPERF_RANGING_USER_CONF}; else export CM_MLPERF_USER_CONF=${CM_MLPERF_TESTING_USER_CONF}; fi && /home/arjun/run.out'
client 2023-07-11 06:29:09,496 [INFO] Sending command to the server: 'time'
client 2023-07-11 06:29:09,499 [INFO] Got response: '1689053349.4122148'
client 2023-07-11 06:29:09,499 [INFO] The time difference between the client and the server is within range 84.274 ms..87.557 ms
client 2023-07-11 06:29:09,499 [INFO] Sending command to the server: 'session,2023-07-11_06-13-12,stop,testing'
client 2023-07-11 06:29:19,602 [INFO] Got response: 'OK'
client 2023-07-11 06:29:19,602 [INFO] Sending command to the server: 'time'
client 2023-07-11 06:29:19,622 [INFO] Got response: '1689053359.5288439'
client 2023-07-11 06:29:19,622 [INFO] The time difference between the client and the server is within range 73.608 ms..93.883 ms
client 2023-07-11 06:29:19,627 [INFO] Copying loadgen logs from '/home/arjun/mobilenet_results/valid_results/orin-tflite_armnn_cpp-cpu-armnn_tflite-v22.11-using_neon/mobilenet-v1-precision_float-0.5-128/singlestream/performance/run_1' to '/home/arjun/mobilenet_results/valid_results/orin-tflite_armnn_cpp-cpu-armnn_tflite-v22.11-using_neon/mobilenet-v1-precision_float-0.5-128/singlestream/performance/tmp_power/run_1'
client 2023-07-11 06:29:19,629 [INFO] Done runs
