client 2023-07-15 17:49:24,672 [INFO] Creating output directory '/home/arjun/mobilenet_results/valid_results/raspberrypi-tflite_armnn_cpp-cpu-armnn_tflite-v23.05-using_neon/mobilenet-v1-precision_float-0.5-192/singlestream/performance/tmp_power'
client 2023-07-15 17:49:24,680 [INFO] Sending command to the server: 'mlcommons/power client v3'
client 2023-07-15 17:49:24,684 [INFO] Got response: 'mlcommons/power server v3'
client 2023-07-15 17:49:24,684 [INFO] Synchronizing with the server and with time.google.com...
client 2023-07-15 17:49:24,722 [INFO] NTP:offset = 0.003 s, delay = 0.019 s 
client 2023-07-15 17:49:24,722 [INFO] Sending command to the server: 'time'
client 2023-07-15 17:49:24,725 [INFO] Got response: '1689439764.6236997'
client 2023-07-15 17:49:24,725 [INFO] The time difference between the client and the server is within range 98.581 ms..101.476 ms
client 2023-07-15 17:49:24,725 [INFO] Sending command to the server: 'new,,63bd133f-f199-464d-ac23-531fd6885a03'
client 2023-07-15 17:49:24,728 [INFO] Got response: 'OK 2023-07-15_17-49-24,eb3d203a-c8f4-4892-916d-b217e3e028e7'
client 2023-07-15 17:49:24,729 [INFO] Session id is '2023-07-15_17-49-24'
client 2023-07-15 17:49:24,729 [INFO] Sources: {"sources": {"__init__.py": "da39a3ee5e6b4b0d3255bfef95601890afd80709", "client.py": "33ca4f26368777ac06e01f9567b714a4b8063886", "lib/__init__.py": "da39a3ee5e6b4b0d3255bfef95601890afd80709", "lib/client.py": "ac2aa093c8e8bbc9569b9e2a3471bc64e58a2258", "lib/common.py": "611d8b29633d331eb19c9455ea3b5fa3284ed6df", "lib/external/__init__.py": "da39a3ee5e6b4b0d3255bfef95601890afd80709", "lib/external/ntplib.py": "4da8f970656505a40483206ef2b5d3dd5e81711d", "lib/server.py": "c7af63c31bb2fbedea4345f571f6e3507d268ada", "lib/source_hashes.py": "60a2e02193209e8d392803326208d5466342da18", "lib/summary.py": "aa92f0a3f975eecd44d3c0cd0236342ccc9f941d", "lib/time_sync.py": "122eba67a9abc85635223e054def53be1367ade2", "server.py": "c3f90f2f7eeb4db30727556d0c815ebc89b3d28b", "tests/unit/__init__.py": "da39a3ee5e6b4b0d3255bfef95601890afd80709", "tests/unit/test_server.py": "948c1995d4008bc2aa6c4046a34ffa3858d6d671", "tests/unit/test_source_hashes.py": "00468a2907583c593e6574a1f6b404e4651c221a"}, "modules": {"ptd_client_server.lib.client": "lib/client.py", "ptd_client_server.lib.common": "lib/common.py", "ptd_client_server.lib.external.ntplib": "lib/external/ntplib.py", "ptd_client_server.lib.source_hashes": "lib/source_hashes.py", "ptd_client_server.lib.summary": "lib/summary.py", "ptd_client_server.lib.time_sync": "lib/time_sync.py"}}
client 2023-07-15 17:49:24,729 [INFO] Running workload in ranging mode
client 2023-07-15 17:49:24,729 [INFO] Synchronizing with the server and with time.google.com...
client 2023-07-15 17:49:24,763 [INFO] NTP:offset = 0.000 s, delay = 0.017 s 
client 2023-07-15 17:49:24,763 [INFO] Sending command to the server: 'time'
client 2023-07-15 17:49:24,766 [INFO] Got response: '1689439764.6646867'
client 2023-07-15 17:49:24,766 [INFO] The time difference between the client and the server is within range 98.969 ms..101.985 ms
client 2023-07-15 17:49:24,766 [INFO] Sending command to the server: 'session,2023-07-15_17-49-24,start,ranging'
client 2023-07-15 17:49:53,487 [INFO] Got response: 'OK'
client 2023-07-15 17:49:53,487 [INFO] Sending command to the server: 'time'
client 2023-07-15 17:49:53,493 [INFO] Got response: '1689439793.3879304'
client 2023-07-15 17:49:53,493 [INFO] The time difference between the client and the server is within range 99.872 ms..105.505 ms
client 2023-07-15 17:49:53,493 [INFO] Running the workload 'CM_MLPERF_RUN_COUNT=$(cat ${CM_RUN_DIR}/count.txt); echo ${CM_MLPERF_RUN_COUNT}; CM_MLPERF_RUN_COUNT=$((CM_MLPERF_RUN_COUNT+1)); echo ${CM_MLPERF_RUN_COUNT} > ${CM_RUN_DIR}/count.txt && if [ ${CM_MLPERF_RUN_COUNT} -eq "1" ]; then export CM_MLPERF_USER_CONF=${CM_MLPERF_RANGING_USER_CONF}; else export CM_MLPERF_USER_CONF=${CM_MLPERF_TESTING_USER_CONF}; fi && /home/arjun/run.out'
client 2023-07-15 17:54:59,854 [INFO] Sending command to the server: 'time'
client 2023-07-15 17:54:59,859 [INFO] Got response: '1689440099.748886'
client 2023-07-15 17:54:59,859 [INFO] The time difference between the client and the server is within range 105.654 ms..110.491 ms
client 2023-07-15 17:54:59,859 [INFO] Sending command to the server: 'session,2023-07-15_17-49-24,stop,ranging'
client 2023-07-15 17:55:10,680 [INFO] Got response: 'OK'
client 2023-07-15 17:55:10,681 [INFO] Sending command to the server: 'time'
client 2023-07-15 17:55:10,685 [INFO] Got response: '1689440110.5721972'
client 2023-07-15 17:55:10,685 [INFO] The time difference between the client and the server is within range 109.035 ms..113.652 ms
client 2023-07-15 17:55:10,719 [INFO] Copying loadgen logs from '/home/arjun/mobilenet_results/valid_results/raspberrypi-tflite_armnn_cpp-cpu-armnn_tflite-v23.05-using_neon/mobilenet-v1-precision_float-0.5-192/singlestream/performance/run_1' to '/home/arjun/mobilenet_results/valid_results/raspberrypi-tflite_armnn_cpp-cpu-armnn_tflite-v23.05-using_neon/mobilenet-v1-precision_float-0.5-192/singlestream/performance/tmp_power/ranging'
client 2023-07-15 17:55:10,722 [INFO] Running workload in testing mode
client 2023-07-15 17:55:10,723 [INFO] Synchronizing with the server and with time.google.com...
client 2023-07-15 17:55:10,754 [INFO] NTP:offset = -0.002 s, delay = 0.014 s 
client 2023-07-15 17:55:10,755 [INFO] Sending command to the server: 'time'
client 2023-07-15 17:55:10,758 [INFO] Got response: '1689440110.6433523'
client 2023-07-15 17:55:10,758 [INFO] The time difference between the client and the server is within range 111.614 ms..115.563 ms
client 2023-07-15 17:55:10,759 [INFO] Sending command to the server: 'session,2023-07-15_17-49-24,start,testing'
client 2023-07-15 17:55:23,802 [INFO] Got response: 'OK'
client 2023-07-15 17:55:23,803 [INFO] Sending command to the server: 'time'
client 2023-07-15 17:55:23,807 [INFO] Got response: '1689440123.6983528'
client 2023-07-15 17:55:23,808 [INFO] The time difference between the client and the server is within range 104.946 ms..109.746 ms
client 2023-07-15 17:55:23,808 [INFO] Running the workload 'CM_MLPERF_RUN_COUNT=$(cat ${CM_RUN_DIR}/count.txt); echo ${CM_MLPERF_RUN_COUNT}; CM_MLPERF_RUN_COUNT=$((CM_MLPERF_RUN_COUNT+1)); echo ${CM_MLPERF_RUN_COUNT} > ${CM_RUN_DIR}/count.txt && if [ ${CM_MLPERF_RUN_COUNT} -eq "1" ]; then export CM_MLPERF_USER_CONF=${CM_MLPERF_RANGING_USER_CONF}; else export CM_MLPERF_USER_CONF=${CM_MLPERF_TESTING_USER_CONF}; fi && /home/arjun/run.out'
client 2023-07-15 18:05:36,863 [INFO] Sending command to the server: 'time'
client 2023-07-15 18:05:36,868 [INFO] Got response: '1689440736.7489245'
client 2023-07-15 18:05:36,868 [INFO] The time difference between the client and the server is within range 114.730 ms..119.891 ms
client 2023-07-15 18:05:36,869 [INFO] Sending command to the server: 'session,2023-07-15_17-49-24,stop,testing'
client 2023-07-15 18:05:47,877 [INFO] Got response: 'OK'
client 2023-07-15 18:05:47,878 [INFO] Sending command to the server: 'time'
client 2023-07-15 18:05:47,881 [INFO] Got response: '1689440747.758532'
client 2023-07-15 18:05:47,881 [INFO] The time difference between the client and the server is within range 119.890 ms..122.967 ms
client 2023-07-15 18:05:47,887 [INFO] Copying loadgen logs from '/home/arjun/mobilenet_results/valid_results/raspberrypi-tflite_armnn_cpp-cpu-armnn_tflite-v23.05-using_neon/mobilenet-v1-precision_float-0.5-192/singlestream/performance/run_1' to '/home/arjun/mobilenet_results/valid_results/raspberrypi-tflite_armnn_cpp-cpu-armnn_tflite-v23.05-using_neon/mobilenet-v1-precision_float-0.5-192/singlestream/performance/tmp_power/run_1'
client 2023-07-15 18:05:47,890 [INFO] Done runs
