client 2023-08-06 11:54:26,900 [INFO] Creating output directory '/home/arjun/mobilenet_results/valid_results/orin-tflite_cpp-cpu-tflite-vmaster-default_config/mobilenet-v2-precision_float-0.35-160/singlestream/performance/tmp_power'
client 2023-08-06 11:54:26,903 [INFO] Sending command to the server: 'mlcommons/power client v3'
client 2023-08-06 11:54:26,906 [INFO] Got response: 'mlcommons/power server v3'
client 2023-08-06 11:54:26,906 [INFO] Synchronizing with the server and with time.google.com...
client 2023-08-06 11:54:26,926 [INFO] NTP:offset = -0.001 s, delay = 0.017 s 
client 2023-08-06 11:54:26,926 [INFO] Sending command to the server: 'time'
client 2023-08-06 11:54:26,929 [INFO] Got response: '1691319266.871214'
client 2023-08-06 11:54:26,929 [INFO] The time difference between the client and the server is within range 55.563 ms..58.067 ms
client 2023-08-06 11:54:26,929 [INFO] Sending command to the server: 'new,,d4110210-5523-4779-a1cc-4cf18e26e338'
client 2023-08-06 11:54:26,932 [INFO] Got response: 'OK 2023-08-06_11-54-26,eb5e4e0a-7496-45f9-a9ec-d7f233bb3091'
client 2023-08-06 11:54:26,932 [INFO] Session id is '2023-08-06_11-54-26'
client 2023-08-06 11:54:26,932 [INFO] Sources: {"sources": {"__init__.py": "da39a3ee5e6b4b0d3255bfef95601890afd80709", "client.py": "33ca4f26368777ac06e01f9567b714a4b8063886", "lib/__init__.py": "da39a3ee5e6b4b0d3255bfef95601890afd80709", "lib/client.py": "ac2aa093c8e8bbc9569b9e2a3471bc64e58a2258", "lib/common.py": "611d8b29633d331eb19c9455ea3b5fa3284ed6df", "lib/external/__init__.py": "da39a3ee5e6b4b0d3255bfef95601890afd80709", "lib/external/ntplib.py": "4da8f970656505a40483206ef2b5d3dd5e81711d", "lib/server.py": "c7af63c31bb2fbedea4345f571f6e3507d268ada", "lib/source_hashes.py": "60a2e02193209e8d392803326208d5466342da18", "lib/summary.py": "aa92f0a3f975eecd44d3c0cd0236342ccc9f941d", "lib/time_sync.py": "122eba67a9abc85635223e054def53be1367ade2", "server.py": "c3f90f2f7eeb4db30727556d0c815ebc89b3d28b", "tests/unit/__init__.py": "da39a3ee5e6b4b0d3255bfef95601890afd80709", "tests/unit/test_server.py": "948c1995d4008bc2aa6c4046a34ffa3858d6d671", "tests/unit/test_source_hashes.py": "00468a2907583c593e6574a1f6b404e4651c221a"}, "modules": {"ptd_client_server.lib.client": "lib/client.py", "ptd_client_server.lib.common": "lib/common.py", "ptd_client_server.lib.external.ntplib": "lib/external/ntplib.py", "ptd_client_server.lib.source_hashes": "lib/source_hashes.py", "ptd_client_server.lib.summary": "lib/summary.py", "ptd_client_server.lib.time_sync": "lib/time_sync.py"}}
client 2023-08-06 11:54:26,933 [INFO] Running workload in ranging mode
client 2023-08-06 11:54:26,933 [INFO] Synchronizing with the server and with time.google.com...
client 2023-08-06 11:54:26,951 [INFO] NTP:offset = -0.001 s, delay = 0.017 s 
client 2023-08-06 11:54:26,951 [INFO] Sending command to the server: 'time'
client 2023-08-06 11:54:26,954 [INFO] Got response: '1691319266.9017942'
client 2023-08-06 11:54:26,954 [INFO] The time difference between the client and the server is within range 49.927 ms..52.731 ms
client 2023-08-06 11:54:26,954 [INFO] Sending command to the server: 'session,2023-08-06_11-54-26,start,ranging'
client 2023-08-06 11:54:55,651 [INFO] Got response: 'OK'
client 2023-08-06 11:54:55,651 [INFO] Sending command to the server: 'time'
client 2023-08-06 11:54:55,655 [INFO] Got response: '1691319295.5999105'
client 2023-08-06 11:54:55,655 [INFO] The time difference between the client and the server is within range 51.757 ms..55.187 ms
client 2023-08-06 11:54:55,655 [INFO] Running the workload 'CM_MLPERF_RUN_COUNT=$(cat ${CM_RUN_DIR}/count.txt); echo ${CM_MLPERF_RUN_COUNT}; CM_MLPERF_RUN_COUNT=$((CM_MLPERF_RUN_COUNT+1)); echo ${CM_MLPERF_RUN_COUNT} > ${CM_RUN_DIR}/count.txt && if [ ${CM_MLPERF_RUN_COUNT} -eq "1" ]; then export CM_MLPERF_USER_CONF=${CM_MLPERF_RANGING_USER_CONF}; else export CM_MLPERF_USER_CONF=${CM_MLPERF_TESTING_USER_CONF}; fi && /mount/CM/repos/ctuning@mlcommons-ck/cm-mlops/script/run-all-mlperf-models/run.out'
client 2023-08-06 11:59:56,978 [INFO] Sending command to the server: 'time'
client 2023-08-06 11:59:56,984 [INFO] Got response: '1691319596.9251904'
client 2023-08-06 11:59:56,984 [INFO] The time difference between the client and the server is within range 53.309 ms..59.434 ms
client 2023-08-06 11:59:56,984 [INFO] Sending command to the server: 'session,2023-08-06_11-54-26,stop,ranging'
client 2023-08-06 12:00:07,806 [INFO] Got response: 'OK'
client 2023-08-06 12:00:07,806 [INFO] Sending command to the server: 'time'
client 2023-08-06 12:00:07,808 [INFO] Got response: '1691319607.7453852'
client 2023-08-06 12:00:07,808 [INFO] The time difference between the client and the server is within range 60.891 ms..63.433 ms
client 2023-08-06 12:00:07,812 [INFO] Copying loadgen logs from '/home/arjun/mobilenet_results/valid_results/orin-tflite_cpp-cpu-tflite-vmaster-default_config/mobilenet-v2-precision_float-0.35-160/singlestream/performance/run_1' to '/home/arjun/mobilenet_results/valid_results/orin-tflite_cpp-cpu-tflite-vmaster-default_config/mobilenet-v2-precision_float-0.35-160/singlestream/performance/tmp_power/ranging'
client 2023-08-06 12:00:07,813 [INFO] Running workload in testing mode
client 2023-08-06 12:00:07,813 [INFO] Synchronizing with the server and with time.google.com...
client 2023-08-06 12:00:07,829 [INFO] NTP:offset = -0.000 s, delay = 0.015 s 
client 2023-08-06 12:00:07,829 [INFO] Sending command to the server: 'time'
client 2023-08-06 12:00:07,834 [INFO] Got response: '1691319607.7757337'
client 2023-08-06 12:00:07,834 [INFO] The time difference between the client and the server is within range 53.888 ms..58.329 ms
client 2023-08-06 12:00:07,834 [INFO] Sending command to the server: 'session,2023-08-06_11-54-26,start,testing'
client 2023-08-06 12:00:20,878 [INFO] Got response: 'OK'
client 2023-08-06 12:00:20,878 [INFO] Sending command to the server: 'time'
client 2023-08-06 12:00:20,882 [INFO] Got response: '1691319620.8191688'
client 2023-08-06 12:00:20,882 [INFO] The time difference between the client and the server is within range 59.693 ms..63.417 ms
client 2023-08-06 12:00:20,882 [INFO] Running the workload 'CM_MLPERF_RUN_COUNT=$(cat ${CM_RUN_DIR}/count.txt); echo ${CM_MLPERF_RUN_COUNT}; CM_MLPERF_RUN_COUNT=$((CM_MLPERF_RUN_COUNT+1)); echo ${CM_MLPERF_RUN_COUNT} > ${CM_RUN_DIR}/count.txt && if [ ${CM_MLPERF_RUN_COUNT} -eq "1" ]; then export CM_MLPERF_USER_CONF=${CM_MLPERF_RANGING_USER_CONF}; else export CM_MLPERF_USER_CONF=${CM_MLPERF_TESTING_USER_CONF}; fi && /mount/CM/repos/ctuning@mlcommons-ck/cm-mlops/script/run-all-mlperf-models/run.out'
client 2023-08-06 12:10:23,083 [INFO] Sending command to the server: 'time'
client 2023-08-06 12:10:23,088 [INFO] Got response: '1691320223.0276773'
client 2023-08-06 12:10:23,088 [INFO] The time difference between the client and the server is within range 55.803 ms..60.906 ms
client 2023-08-06 12:10:23,088 [INFO] Sending command to the server: 'session,2023-08-06_11-54-26,stop,testing'
client 2023-08-06 12:10:33,951 [INFO] Got response: 'OK'
client 2023-08-06 12:10:33,951 [INFO] Sending command to the server: 'time'
client 2023-08-06 12:10:33,953 [INFO] Got response: '1691320233.8858304'
client 2023-08-06 12:10:33,953 [INFO] The time difference between the client and the server is within range 65.964 ms..68.066 ms
client 2023-08-06 12:10:33,954 [INFO] Copying loadgen logs from '/home/arjun/mobilenet_results/valid_results/orin-tflite_cpp-cpu-tflite-vmaster-default_config/mobilenet-v2-precision_float-0.35-160/singlestream/performance/run_1' to '/home/arjun/mobilenet_results/valid_results/orin-tflite_cpp-cpu-tflite-vmaster-default_config/mobilenet-v2-precision_float-0.35-160/singlestream/performance/tmp_power/run_1'
client 2023-08-06 12:10:33,955 [INFO] Done runs
