client 2023-08-07 21:25:02,881 [INFO] Creating output directory '/home/arjun/mobilenet_results/valid_results/orin-tflite_armnn_cpp-cpu-armnn_tflite-v23.05-using_neon/mobilenet-v2-precision_uint8-0.5-160/singlestream/performance/tmp_power'
client 2023-08-07 21:25:02,908 [INFO] Sending command to the server: 'mlcommons/power client v3'
client 2023-08-07 21:25:02,914 [INFO] Got response: 'mlcommons/power server v3'
client 2023-08-07 21:25:02,914 [INFO] Synchronizing with the server and with time.google.com...
client 2023-08-07 21:25:02,933 [INFO] NTP:offset = 0.001 s, delay = 0.016 s 
client 2023-08-07 21:25:02,933 [INFO] Sending command to the server: 'time'
client 2023-08-07 21:25:03,061 [INFO] Got response: '1691439902.9058418'
client 2023-08-07 21:25:03,061 [INFO] The time difference between the client and the server is within range 27.839 ms..155.370 ms
client 2023-08-07 21:25:03,061 [INFO] Sending command to the server: 'new,,ca510b5f-1be0-4566-bb3f-470f428cd3df'
client 2023-08-07 21:25:03,070 [INFO] Got response: 'OK 2023-08-07_21-25-03,5b33bd93-676f-4ab9-803a-27ec642bc2a1'
client 2023-08-07 21:25:03,070 [INFO] Session id is '2023-08-07_21-25-03'
client 2023-08-07 21:25:03,070 [INFO] Sources: {"sources": {"__init__.py": "da39a3ee5e6b4b0d3255bfef95601890afd80709", "client.py": "33ca4f26368777ac06e01f9567b714a4b8063886", "lib/__init__.py": "da39a3ee5e6b4b0d3255bfef95601890afd80709", "lib/client.py": "ac2aa093c8e8bbc9569b9e2a3471bc64e58a2258", "lib/common.py": "611d8b29633d331eb19c9455ea3b5fa3284ed6df", "lib/external/__init__.py": "da39a3ee5e6b4b0d3255bfef95601890afd80709", "lib/external/ntplib.py": "4da8f970656505a40483206ef2b5d3dd5e81711d", "lib/server.py": "c7af63c31bb2fbedea4345f571f6e3507d268ada", "lib/source_hashes.py": "60a2e02193209e8d392803326208d5466342da18", "lib/summary.py": "aa92f0a3f975eecd44d3c0cd0236342ccc9f941d", "lib/time_sync.py": "122eba67a9abc85635223e054def53be1367ade2", "server.py": "c3f90f2f7eeb4db30727556d0c815ebc89b3d28b", "tests/unit/__init__.py": "da39a3ee5e6b4b0d3255bfef95601890afd80709", "tests/unit/test_server.py": "948c1995d4008bc2aa6c4046a34ffa3858d6d671", "tests/unit/test_source_hashes.py": "00468a2907583c593e6574a1f6b404e4651c221a"}, "modules": {"ptd_client_server.lib.client": "lib/client.py", "ptd_client_server.lib.common": "lib/common.py", "ptd_client_server.lib.external.ntplib": "lib/external/ntplib.py", "ptd_client_server.lib.source_hashes": "lib/source_hashes.py", "ptd_client_server.lib.summary": "lib/summary.py", "ptd_client_server.lib.time_sync": "lib/time_sync.py"}}
client 2023-08-07 21:25:03,071 [INFO] Running workload in ranging mode
client 2023-08-07 21:25:03,071 [INFO] Synchronizing with the server and with time.google.com...
client 2023-08-07 21:25:03,087 [INFO] NTP:offset = 0.001 s, delay = 0.015 s 
client 2023-08-07 21:25:03,087 [INFO] Sending command to the server: 'time'
client 2023-08-07 21:25:03,097 [INFO] Got response: '1691439903.0575924'
client 2023-08-07 21:25:03,097 [INFO] The time difference between the client and the server is within range 29.892 ms..40.301 ms
client 2023-08-07 21:25:03,097 [INFO] Sending command to the server: 'session,2023-08-07_21-25-03,start,ranging'
client 2023-08-07 21:25:31,799 [INFO] Got response: 'OK'
client 2023-08-07 21:25:31,799 [INFO] Sending command to the server: 'time'
client 2023-08-07 21:25:31,808 [INFO] Got response: '1691439931.7666674'
client 2023-08-07 21:25:31,808 [INFO] The time difference between the client and the server is within range 32.558 ms..41.563 ms
client 2023-08-07 21:25:31,808 [INFO] Running the workload 'CM_MLPERF_RUN_COUNT=$(cat ${CM_RUN_DIR}/count.txt); echo ${CM_MLPERF_RUN_COUNT}; CM_MLPERF_RUN_COUNT=$((CM_MLPERF_RUN_COUNT+1)); echo ${CM_MLPERF_RUN_COUNT} > ${CM_RUN_DIR}/count.txt && if [ ${CM_MLPERF_RUN_COUNT} -eq "1" ]; then export CM_MLPERF_USER_CONF=${CM_MLPERF_RANGING_USER_CONF}; else export CM_MLPERF_USER_CONF=${CM_MLPERF_TESTING_USER_CONF}; fi && /mount/CM/repos/ctuning@mlcommons-ck/cm-mlops/script/run-all-mlperf-models/run.out'
client 2023-08-07 21:30:32,980 [INFO] Sending command to the server: 'time'
client 2023-08-07 21:30:32,985 [INFO] Got response: '1691440232.9406009'
client 2023-08-07 21:30:32,985 [INFO] The time difference between the client and the server is within range 39.623 ms..45.132 ms
client 2023-08-07 21:30:32,985 [INFO] Sending command to the server: 'session,2023-08-07_21-25-03,stop,ranging'
client 2023-08-07 21:30:44,039 [INFO] Got response: 'OK'
client 2023-08-07 21:30:44,040 [INFO] Sending command to the server: 'time'
client 2023-08-07 21:30:44,046 [INFO] Got response: '1691440243.9990282'
client 2023-08-07 21:30:44,046 [INFO] The time difference between the client and the server is within range 41.111 ms..47.544 ms
client 2023-08-07 21:30:44,050 [INFO] Copying loadgen logs from '/home/arjun/mobilenet_results/valid_results/orin-tflite_armnn_cpp-cpu-armnn_tflite-v23.05-using_neon/mobilenet-v2-precision_uint8-0.5-160/singlestream/performance/run_1' to '/home/arjun/mobilenet_results/valid_results/orin-tflite_armnn_cpp-cpu-armnn_tflite-v23.05-using_neon/mobilenet-v2-precision_uint8-0.5-160/singlestream/performance/tmp_power/ranging'
client 2023-08-07 21:30:44,050 [INFO] Running workload in testing mode
client 2023-08-07 21:30:44,051 [INFO] Synchronizing with the server and with time.google.com...
client 2023-08-07 21:30:44,068 [INFO] NTP:offset = 0.002 s, delay = 0.016 s 
client 2023-08-07 21:30:44,068 [INFO] Sending command to the server: 'time'
client 2023-08-07 21:30:44,072 [INFO] Got response: '1691440244.029589'
client 2023-08-07 21:30:44,072 [INFO] The time difference between the client and the server is within range 38.932 ms..43.355 ms
client 2023-08-07 21:30:44,073 [INFO] Sending command to the server: 'session,2023-08-07_21-25-03,start,testing'
client 2023-08-07 21:30:57,133 [INFO] Got response: 'OK'
client 2023-08-07 21:30:57,133 [INFO] Sending command to the server: 'time'
client 2023-08-07 21:30:57,137 [INFO] Got response: '1691440257.0937495'
client 2023-08-07 21:30:57,137 [INFO] The time difference between the client and the server is within range 39.627 ms..44.014 ms
client 2023-08-07 21:30:57,137 [INFO] Running the workload 'CM_MLPERF_RUN_COUNT=$(cat ${CM_RUN_DIR}/count.txt); echo ${CM_MLPERF_RUN_COUNT}; CM_MLPERF_RUN_COUNT=$((CM_MLPERF_RUN_COUNT+1)); echo ${CM_MLPERF_RUN_COUNT} > ${CM_RUN_DIR}/count.txt && if [ ${CM_MLPERF_RUN_COUNT} -eq "1" ]; then export CM_MLPERF_USER_CONF=${CM_MLPERF_RANGING_USER_CONF}; else export CM_MLPERF_USER_CONF=${CM_MLPERF_TESTING_USER_CONF}; fi && /mount/CM/repos/ctuning@mlcommons-ck/cm-mlops/script/run-all-mlperf-models/run.out'
client 2023-08-07 21:40:59,404 [INFO] Sending command to the server: 'time'
client 2023-08-07 21:40:59,428 [INFO] Got response: '1691440859.378511'
client 2023-08-07 21:40:59,428 [INFO] The time difference between the client and the server is within range 26.170 ms..50.418 ms
client 2023-08-07 21:40:59,429 [INFO] Sending command to the server: 'session,2023-08-07_21-25-03,stop,testing'
client 2023-08-07 21:41:10,212 [INFO] Got response: 'OK'
client 2023-08-07 21:41:10,213 [INFO] Sending command to the server: 'time'
client 2023-08-07 21:41:10,228 [INFO] Got response: '1691440870.1779215'
client 2023-08-07 21:41:10,228 [INFO] The time difference between the client and the server is within range 35.114 ms..50.225 ms
client 2023-08-07 21:41:10,229 [INFO] Copying loadgen logs from '/home/arjun/mobilenet_results/valid_results/orin-tflite_armnn_cpp-cpu-armnn_tflite-v23.05-using_neon/mobilenet-v2-precision_uint8-0.5-160/singlestream/performance/run_1' to '/home/arjun/mobilenet_results/valid_results/orin-tflite_armnn_cpp-cpu-armnn_tflite-v23.05-using_neon/mobilenet-v2-precision_uint8-0.5-160/singlestream/performance/tmp_power/run_1'
client 2023-08-07 21:41:10,229 [INFO] Done runs
