client 2023-08-07 15:28:49,034 [INFO] Creating output directory '/home/arjun/mobilenet_results/valid_results/orin-tflite_armnn_cpp-cpu-armnn_tflite-v23.05-using_neon/mobilenet-v2-precision_uint8-0.35-192/singlestream/performance/tmp_power'
client 2023-08-07 15:28:49,037 [INFO] Sending command to the server: 'mlcommons/power client v3'
client 2023-08-07 15:28:49,041 [INFO] Got response: 'mlcommons/power server v3'
client 2023-08-07 15:28:49,041 [INFO] Synchronizing with the server and with time.google.com...
client 2023-08-07 15:28:49,062 [INFO] NTP:offset = -0.002 s, delay = 0.018 s 
client 2023-08-07 15:28:49,062 [INFO] Sending command to the server: 'time'
client 2023-08-07 15:28:49,066 [INFO] Got response: '1691418529.0439842'
client 2023-08-07 15:28:49,066 [INFO] The time difference between the client and the server is within range 18.780 ms..22.370 ms
client 2023-08-07 15:28:49,066 [INFO] Sending command to the server: 'new,,a3e36910-35e6-44aa-9ff0-06b91ac28046'
client 2023-08-07 15:28:49,069 [INFO] Got response: 'OK 2023-08-07_15-28-49,79206b36-24b7-4537-b661-f193107e445f'
client 2023-08-07 15:28:49,069 [INFO] Session id is '2023-08-07_15-28-49'
client 2023-08-07 15:28:49,070 [INFO] Sources: {"sources": {"__init__.py": "da39a3ee5e6b4b0d3255bfef95601890afd80709", "client.py": "33ca4f26368777ac06e01f9567b714a4b8063886", "lib/__init__.py": "da39a3ee5e6b4b0d3255bfef95601890afd80709", "lib/client.py": "ac2aa093c8e8bbc9569b9e2a3471bc64e58a2258", "lib/common.py": "611d8b29633d331eb19c9455ea3b5fa3284ed6df", "lib/external/__init__.py": "da39a3ee5e6b4b0d3255bfef95601890afd80709", "lib/external/ntplib.py": "4da8f970656505a40483206ef2b5d3dd5e81711d", "lib/server.py": "c7af63c31bb2fbedea4345f571f6e3507d268ada", "lib/source_hashes.py": "60a2e02193209e8d392803326208d5466342da18", "lib/summary.py": "aa92f0a3f975eecd44d3c0cd0236342ccc9f941d", "lib/time_sync.py": "122eba67a9abc85635223e054def53be1367ade2", "server.py": "c3f90f2f7eeb4db30727556d0c815ebc89b3d28b", "tests/unit/__init__.py": "da39a3ee5e6b4b0d3255bfef95601890afd80709", "tests/unit/test_server.py": "948c1995d4008bc2aa6c4046a34ffa3858d6d671", "tests/unit/test_source_hashes.py": "00468a2907583c593e6574a1f6b404e4651c221a"}, "modules": {"ptd_client_server.lib.client": "lib/client.py", "ptd_client_server.lib.common": "lib/common.py", "ptd_client_server.lib.external.ntplib": "lib/external/ntplib.py", "ptd_client_server.lib.source_hashes": "lib/source_hashes.py", "ptd_client_server.lib.summary": "lib/summary.py", "ptd_client_server.lib.time_sync": "lib/time_sync.py"}}
client 2023-08-07 15:28:49,070 [INFO] Running workload in ranging mode
client 2023-08-07 15:28:49,070 [INFO] Synchronizing with the server and with time.google.com...
client 2023-08-07 15:28:49,087 [INFO] NTP:offset = -0.004 s, delay = 0.016 s 
client 2023-08-07 15:28:49,087 [INFO] Sending command to the server: 'time'
client 2023-08-07 15:28:49,090 [INFO] Got response: '1691418529.0640316'
client 2023-08-07 15:28:49,090 [INFO] The time difference between the client and the server is within range 23.614 ms..26.574 ms
client 2023-08-07 15:28:49,090 [INFO] Sending command to the server: 'session,2023-08-07_15-28-49,start,ranging'
client 2023-08-07 15:29:17,803 [INFO] Got response: 'OK'
client 2023-08-07 15:29:17,803 [INFO] Sending command to the server: 'time'
client 2023-08-07 15:29:17,807 [INFO] Got response: '1691418557.7786114'
client 2023-08-07 15:29:17,807 [INFO] The time difference between the client and the server is within range 24.638 ms..28.747 ms
client 2023-08-07 15:29:17,807 [INFO] Running the workload 'CM_MLPERF_RUN_COUNT=$(cat ${CM_RUN_DIR}/count.txt); echo ${CM_MLPERF_RUN_COUNT}; CM_MLPERF_RUN_COUNT=$((CM_MLPERF_RUN_COUNT+1)); echo ${CM_MLPERF_RUN_COUNT} > ${CM_RUN_DIR}/count.txt && if [ ${CM_MLPERF_RUN_COUNT} -eq "1" ]; then export CM_MLPERF_USER_CONF=${CM_MLPERF_RANGING_USER_CONF}; else export CM_MLPERF_USER_CONF=${CM_MLPERF_TESTING_USER_CONF}; fi && /mount/CM/repos/ctuning@mlcommons-ck/cm-mlops/script/run-all-mlperf-models/run.out'
client 2023-08-07 15:34:19,135 [INFO] Sending command to the server: 'time'
client 2023-08-07 15:34:19,139 [INFO] Got response: '1691418859.1090724'
client 2023-08-07 15:34:19,139 [INFO] The time difference between the client and the server is within range 26.209 ms..30.178 ms
client 2023-08-07 15:34:19,139 [INFO] Sending command to the server: 'session,2023-08-07_15-28-49,stop,ranging'
client 2023-08-07 15:34:30,389 [INFO] Got response: 'OK'
client 2023-08-07 15:34:30,389 [INFO] Sending command to the server: 'time'
client 2023-08-07 15:34:30,392 [INFO] Got response: '1691418870.3673787'
client 2023-08-07 15:34:30,392 [INFO] The time difference between the client and the server is within range 21.821 ms..25.362 ms
client 2023-08-07 15:34:30,396 [INFO] Copying loadgen logs from '/home/arjun/mobilenet_results/valid_results/orin-tflite_armnn_cpp-cpu-armnn_tflite-v23.05-using_neon/mobilenet-v2-precision_uint8-0.35-192/singlestream/performance/run_1' to '/home/arjun/mobilenet_results/valid_results/orin-tflite_armnn_cpp-cpu-armnn_tflite-v23.05-using_neon/mobilenet-v2-precision_uint8-0.35-192/singlestream/performance/tmp_power/ranging'
client 2023-08-07 15:34:30,397 [INFO] Running workload in testing mode
client 2023-08-07 15:34:30,397 [INFO] Synchronizing with the server and with time.google.com...
client 2023-08-07 15:34:30,416 [INFO] NTP:offset = -0.002 s, delay = 0.018 s 
client 2023-08-07 15:34:30,416 [INFO] Sending command to the server: 'time'
client 2023-08-07 15:34:30,423 [INFO] Got response: '1691418870.3972082'
client 2023-08-07 15:34:30,423 [INFO] The time difference between the client and the server is within range 18.960 ms..26.699 ms
client 2023-08-07 15:34:30,423 [INFO] Sending command to the server: 'session,2023-08-07_15-28-49,start,testing'
client 2023-08-07 15:34:43,475 [INFO] Got response: 'OK'
client 2023-08-07 15:34:43,475 [INFO] Sending command to the server: 'time'
client 2023-08-07 15:34:43,480 [INFO] Got response: '1691418883.4495482'
client 2023-08-07 15:34:43,480 [INFO] The time difference between the client and the server is within range 26.047 ms..30.559 ms
client 2023-08-07 15:34:43,480 [INFO] Running the workload 'CM_MLPERF_RUN_COUNT=$(cat ${CM_RUN_DIR}/count.txt); echo ${CM_MLPERF_RUN_COUNT}; CM_MLPERF_RUN_COUNT=$((CM_MLPERF_RUN_COUNT+1)); echo ${CM_MLPERF_RUN_COUNT} > ${CM_RUN_DIR}/count.txt && if [ ${CM_MLPERF_RUN_COUNT} -eq "1" ]; then export CM_MLPERF_USER_CONF=${CM_MLPERF_RANGING_USER_CONF}; else export CM_MLPERF_USER_CONF=${CM_MLPERF_TESTING_USER_CONF}; fi && /mount/CM/repos/ctuning@mlcommons-ck/cm-mlops/script/run-all-mlperf-models/run.out'
client 2023-08-07 15:44:45,779 [INFO] Sending command to the server: 'time'
client 2023-08-07 15:44:45,785 [INFO] Got response: '1691419485.7560215'
client 2023-08-07 15:44:45,785 [INFO] The time difference between the client and the server is within range 22.939 ms..29.741 ms
client 2023-08-07 15:44:45,785 [INFO] Sending command to the server: 'session,2023-08-07_15-28-49,stop,testing'
client 2023-08-07 15:44:56,683 [INFO] Got response: 'OK'
client 2023-08-07 15:44:56,683 [INFO] Sending command to the server: 'time'
client 2023-08-07 15:44:56,687 [INFO] Got response: '1691419496.6551712'
client 2023-08-07 15:44:56,687 [INFO] The time difference between the client and the server is within range 28.335 ms..32.730 ms
client 2023-08-07 15:44:56,688 [INFO] Copying loadgen logs from '/home/arjun/mobilenet_results/valid_results/orin-tflite_armnn_cpp-cpu-armnn_tflite-v23.05-using_neon/mobilenet-v2-precision_uint8-0.35-192/singlestream/performance/run_1' to '/home/arjun/mobilenet_results/valid_results/orin-tflite_armnn_cpp-cpu-armnn_tflite-v23.05-using_neon/mobilenet-v2-precision_uint8-0.35-192/singlestream/performance/tmp_power/run_1'
client 2023-08-07 15:44:56,689 [INFO] Done runs
