client 2023-08-02 23:03:49,124 [INFO] Sending command to the server: 'mlcommons/power client v3'
client 2023-08-02 23:03:49,126 [INFO] Got response: 'mlcommons/power server v3'
client 2023-08-02 23:03:49,126 [INFO] Sending command to the server: 'stop'
client 2023-08-02 23:03:49,127 [INFO] Got response: 'OK'
client 2023-08-02 23:03:49,127 [INFO] Synchronizing with the server and with ib-01.dc4-in.nvidia.com...
client 2023-08-02 23:03:49,343 [INFO] NTP:offset = -0.007 s, delay = 0.211 s 
client 2023-08-02 23:03:49,343 [INFO] Sending command to the server: 'time'
client 2023-08-02 23:03:49,344 [INFO] Got response: '1691017429.3442607'
client 2023-08-02 23:03:49,344 [INFO] The time difference between the client and the server is within range -1.097 ms..0.438 ms
client 2023-08-02 23:03:49,344 [INFO] Sending command to the server: 'new,,f99869d1-4e3e-433c-a804-1a1c61271b2f'
client 2023-08-02 23:03:49,346 [INFO] Got response: 'OK 2023-08-02_16-03-49,7d3f7560-f9c7-411e-91b0-327de03f0df6'
client 2023-08-02 23:03:49,346 [INFO] Session id is '2023-08-02_16-03-49'
client 2023-08-02 23:03:49,346 [INFO] Sources: {"sources": {"__init__.py": "da39a3ee5e6b4b0d3255bfef95601890afd80709", "client.py": "33ca4f26368777ac06e01f9567b714a4b8063886", "lib/__init__.py": "da39a3ee5e6b4b0d3255bfef95601890afd80709", "lib/client.py": "ac2aa093c8e8bbc9569b9e2a3471bc64e58a2258", "lib/common.py": "611d8b29633d331eb19c9455ea3b5fa3284ed6df", "lib/external/__init__.py": "da39a3ee5e6b4b0d3255bfef95601890afd80709", "lib/external/ntplib.py": "4da8f970656505a40483206ef2b5d3dd5e81711d", "lib/server.py": "c7af63c31bb2fbedea4345f571f6e3507d268ada", "lib/source_hashes.py": "60a2e02193209e8d392803326208d5466342da18", "lib/summary.py": "aa92f0a3f975eecd44d3c0cd0236342ccc9f941d", "lib/time_sync.py": "122eba67a9abc85635223e054def53be1367ade2", "server.py": "c3f90f2f7eeb4db30727556d0c815ebc89b3d28b", "tests/unit/__init__.py": "da39a3ee5e6b4b0d3255bfef95601890afd80709", "tests/unit/test_server.py": "948c1995d4008bc2aa6c4046a34ffa3858d6d671", "tests/unit/test_source_hashes.py": "00468a2907583c593e6574a1f6b404e4651c221a"}, "modules": {"ptd_client_server.lib.client": "lib/client.py", "ptd_client_server.lib.common": "lib/common.py", "ptd_client_server.lib.external.ntplib": "lib/external/ntplib.py", "ptd_client_server.lib.source_hashes": "lib/source_hashes.py", "ptd_client_server.lib.summary": "lib/summary.py", "ptd_client_server.lib.time_sync": "lib/time_sync.py"}}
client 2023-08-02 23:03:49,349 [INFO] Running workload in ranging mode
client 2023-08-02 23:03:49,349 [INFO] Synchronizing with the server and with ib-01.dc4-in.nvidia.com...
client 2023-08-02 23:03:49,562 [INFO] NTP:offset = -0.007 s, delay = 0.211 s 
client 2023-08-02 23:03:49,562 [INFO] Sending command to the server: 'time'
client 2023-08-02 23:03:49,563 [INFO] Got response: '1691017429.5636497'
client 2023-08-02 23:03:49,564 [INFO] The time difference between the client and the server is within range -1.096 ms..0.430 ms
client 2023-08-02 23:03:49,564 [INFO] Sending command to the server: 'session,2023-08-02_16-03-49,start,ranging'
client 2023-08-02 23:04:29,484 [INFO] Got response: 'OK'
client 2023-08-02 23:04:29,484 [INFO] Sending command to the server: 'time'
client 2023-08-02 23:04:29,486 [INFO] Got response: '1691017469.485738'
client 2023-08-02 23:04:29,486 [INFO] The time difference between the client and the server is within range -1.183 ms..0.422 ms
client 2023-08-02 23:04:29,486 [INFO] Running the workload 'LOG_DIR=/work/build/power_logs_temp python3.8 -m code.main --benchmarks=bert --scenarios=Offline --test_mode=PerformanceOnly --config_ver=maxq --action="run_harness" \\\n\t\t2>&1 | tee -a /work/build/power_logs/2023.08.02-23.03.00/stdout.txt \\\n\t\t&& if [ ! -d /work/build/power_logs/2023.08.02-23.03.00/ranging_tmp ]; \\\n\t\t\tthen mkdir /work/build/power_logs/2023.08.02-23.03.00/ranging_tmp \\\n\t\t\t\t&& mv /work/build/power_logs_temp/* /work/build/power_logs/2023.08.02-23.03.00/ranging_tmp/ \\\n\t\t\t\t&& cp -v /work/build/power_logs/2023.08.02-23.03.00/ranging_tmp/*/*/*/mlperf_log_detail.txt /work/build/power_logs_temp/ \\\n\t\t\t\t&& cp -v /work/build/power_logs/2023.08.02-23.03.00/ranging_tmp/*/*/*/mlperf_log_summary.txt /work/build/power_logs_temp/; \\\n\t\t\telse mkdir /work/build/power_logs/2023.08.02-23.03.00/testing_tmp \\\n\t\t\t\t&& mv /work/build/power_logs_temp/* /work/build/power_logs/2023.08.02-23.03.00/testing_tmp/ \\\n\t\t\t\t&& cp -v /work/build/power_logs/2023.08.02-23.03.00/testing_tmp/*/*/*/mlperf_log_detail.txt /work/build/power_logs_temp/ \\\n\t\t\t\t&& cp -v /work/build/power_logs/2023.08.02-23.03.00/testing_tmp/*/*/*/mlperf_log_summary.txt /work/build/power_logs_temp/; fi'
client 2023-08-02 23:16:05,578 [INFO] Sending command to the server: 'time'
client 2023-08-02 23:16:05,580 [INFO] Got response: '1691018165.5799768'
client 2023-08-02 23:16:05,580 [INFO] The time difference between the client and the server is within range -1.323 ms..0.467 ms
client 2023-08-02 23:16:05,580 [INFO] Sending command to the server: 'session,2023-08-02_16-03-49,stop,ranging'
client 2023-08-02 23:16:16,563 [INFO] Got response: 'OK'
client 2023-08-02 23:16:16,563 [INFO] Sending command to the server: 'time'
client 2023-08-02 23:16:16,564 [INFO] Got response: '1691018176.5640583'
client 2023-08-02 23:16:16,564 [INFO] The time difference between the client and the server is within range -0.894 ms..0.598 ms
client 2023-08-02 23:16:16,610 [INFO] Copying loadgen logs from '/work/build/power_logs_temp' to '/work/build/power_logs/2023.08.02-23.03.00/2023-08-02_16-03-49/ranging'
client 2023-08-02 23:16:16,625 [INFO] Running workload in testing mode
client 2023-08-02 23:16:16,625 [INFO] Synchronizing with the server and with ib-01.dc4-in.nvidia.com...
client 2023-08-02 23:16:16,838 [INFO] NTP:offset = -0.007 s, delay = 0.211 s 
client 2023-08-02 23:16:16,838 [INFO] Sending command to the server: 'time'
client 2023-08-02 23:16:16,840 [INFO] Got response: '1691018176.8397176'
client 2023-08-02 23:16:16,840 [INFO] The time difference between the client and the server is within range -0.882 ms..0.614 ms
client 2023-08-02 23:16:16,840 [INFO] Sending command to the server: 'session,2023-08-02_16-03-49,start,testing'
client 2023-08-02 23:16:38,468 [INFO] Got response: 'OK'
client 2023-08-02 23:16:38,468 [INFO] Sending command to the server: 'time'
client 2023-08-02 23:16:38,470 [INFO] Got response: '1691018198.4693866'
client 2023-08-02 23:16:38,470 [INFO] The time difference between the client and the server is within range -0.858 ms..0.702 ms
client 2023-08-02 23:16:38,470 [INFO] Running the workload 'LOG_DIR=/work/build/power_logs_temp python3.8 -m code.main --benchmarks=bert --scenarios=Offline --test_mode=PerformanceOnly --config_ver=maxq --action="run_harness" \\\n\t\t2>&1 | tee -a /work/build/power_logs/2023.08.02-23.03.00/stdout.txt \\\n\t\t&& if [ ! -d /work/build/power_logs/2023.08.02-23.03.00/ranging_tmp ]; \\\n\t\t\tthen mkdir /work/build/power_logs/2023.08.02-23.03.00/ranging_tmp \\\n\t\t\t\t&& mv /work/build/power_logs_temp/* /work/build/power_logs/2023.08.02-23.03.00/ranging_tmp/ \\\n\t\t\t\t&& cp -v /work/build/power_logs/2023.08.02-23.03.00/ranging_tmp/*/*/*/mlperf_log_detail.txt /work/build/power_logs_temp/ \\\n\t\t\t\t&& cp -v /work/build/power_logs/2023.08.02-23.03.00/ranging_tmp/*/*/*/mlperf_log_summary.txt /work/build/power_logs_temp/; \\\n\t\t\telse mkdir /work/build/power_logs/2023.08.02-23.03.00/testing_tmp \\\n\t\t\t\t&& mv /work/build/power_logs_temp/* /work/build/power_logs/2023.08.02-23.03.00/testing_tmp/ \\\n\t\t\t\t&& cp -v /work/build/power_logs/2023.08.02-23.03.00/testing_tmp/*/*/*/mlperf_log_detail.txt /work/build/power_logs_temp/ \\\n\t\t\t\t&& cp -v /work/build/power_logs/2023.08.02-23.03.00/testing_tmp/*/*/*/mlperf_log_summary.txt /work/build/power_logs_temp/; fi'
client 2023-08-02 23:28:15,346 [INFO] Sending command to the server: 'time'
client 2023-08-02 23:28:15,348 [INFO] Got response: '1691018895.3467484'
client 2023-08-02 23:28:15,348 [INFO] The time difference between the client and the server is within range -0.167 ms..1.626 ms
client 2023-08-02 23:28:15,348 [INFO] Sending command to the server: 'session,2023-08-02_16-03-49,stop,testing'
client 2023-08-02 23:28:25,520 [INFO] Got response: 'OK'
client 2023-08-02 23:28:25,520 [INFO] Sending command to the server: 'time'
client 2023-08-02 23:28:25,522 [INFO] Got response: '1691018905.5207095'
client 2023-08-02 23:28:25,522 [INFO] The time difference between the client and the server is within range 0.243 ms..1.583 ms
client 2023-08-02 23:28:25,527 [INFO] Copying loadgen logs from '/work/build/power_logs_temp' to '/work/build/power_logs/2023.08.02-23.03.00/2023-08-02_16-03-49/run_1'
client 2023-08-02 23:28:25,540 [INFO] Done runs
