client 2023-08-05 20:39:31,003 [INFO] Creating output directory '/home/arjun/mobilenet_results/valid_results/orin-tflite_cpp-cpu-tflite-vmaster-default_config/mobilenet-v1-precision_float-1.0-160/singlestream/performance/tmp_power'
client 2023-08-05 20:39:31,006 [INFO] Sending command to the server: 'mlcommons/power client v3'
client 2023-08-05 20:39:31,010 [INFO] Got response: 'mlcommons/power server v3'
client 2023-08-05 20:39:31,010 [INFO] Synchronizing with the server and with time.google.com...
client 2023-08-05 20:39:31,029 [INFO] NTP:offset = 0.003 s, delay = 0.015 s 
client 2023-08-05 20:39:31,029 [INFO] Sending command to the server: 'time'
client 2023-08-05 20:39:31,033 [INFO] Got response: '1691264370.932295'
client 2023-08-05 20:39:31,033 [INFO] The time difference between the client and the server is within range 97.106 ms..101.593 ms
client 2023-08-05 20:39:31,033 [INFO] Sending command to the server: 'new,,a309b943-42a0-405f-860e-3c3b3d1162ac'
client 2023-08-05 20:39:31,045 [INFO] Got response: 'OK 2023-08-05_20-39-30,f10dfddc-bfd3-43e8-9770-71d6b3e4dc5c'
client 2023-08-05 20:39:31,045 [INFO] Session id is '2023-08-05_20-39-30'
client 2023-08-05 20:39:31,045 [INFO] Sources: {"sources": {"__init__.py": "da39a3ee5e6b4b0d3255bfef95601890afd80709", "client.py": "33ca4f26368777ac06e01f9567b714a4b8063886", "lib/__init__.py": "da39a3ee5e6b4b0d3255bfef95601890afd80709", "lib/client.py": "ac2aa093c8e8bbc9569b9e2a3471bc64e58a2258", "lib/common.py": "611d8b29633d331eb19c9455ea3b5fa3284ed6df", "lib/external/__init__.py": "da39a3ee5e6b4b0d3255bfef95601890afd80709", "lib/external/ntplib.py": "4da8f970656505a40483206ef2b5d3dd5e81711d", "lib/server.py": "c7af63c31bb2fbedea4345f571f6e3507d268ada", "lib/source_hashes.py": "60a2e02193209e8d392803326208d5466342da18", "lib/summary.py": "aa92f0a3f975eecd44d3c0cd0236342ccc9f941d", "lib/time_sync.py": "122eba67a9abc85635223e054def53be1367ade2", "server.py": "c3f90f2f7eeb4db30727556d0c815ebc89b3d28b", "tests/unit/__init__.py": "da39a3ee5e6b4b0d3255bfef95601890afd80709", "tests/unit/test_server.py": "948c1995d4008bc2aa6c4046a34ffa3858d6d671", "tests/unit/test_source_hashes.py": "00468a2907583c593e6574a1f6b404e4651c221a"}, "modules": {"ptd_client_server.lib.client": "lib/client.py", "ptd_client_server.lib.common": "lib/common.py", "ptd_client_server.lib.external.ntplib": "lib/external/ntplib.py", "ptd_client_server.lib.source_hashes": "lib/source_hashes.py", "ptd_client_server.lib.summary": "lib/summary.py", "ptd_client_server.lib.time_sync": "lib/time_sync.py"}}
client 2023-08-05 20:39:31,045 [INFO] Running workload in ranging mode
client 2023-08-05 20:39:31,045 [INFO] Synchronizing with the server and with time.google.com...
client 2023-08-05 20:39:31,060 [INFO] NTP:offset = 0.002 s, delay = 0.014 s 
client 2023-08-05 20:39:31,060 [INFO] Sending command to the server: 'time'
client 2023-08-05 20:39:31,063 [INFO] Got response: '1691264370.9629047'
client 2023-08-05 20:39:31,063 [INFO] The time difference between the client and the server is within range 97.414 ms..100.186 ms
client 2023-08-05 20:39:31,063 [INFO] Sending command to the server: 'session,2023-08-05_20-39-30,start,ranging'
client 2023-08-05 20:39:59,761 [INFO] Got response: 'OK'
client 2023-08-05 20:39:59,761 [INFO] Sending command to the server: 'time'
client 2023-08-05 20:39:59,766 [INFO] Got response: '1691264399.6628416'
client 2023-08-05 20:39:59,766 [INFO] The time difference between the client and the server is within range 99.084 ms..103.674 ms
client 2023-08-05 20:39:59,766 [INFO] Running the workload 'CM_MLPERF_RUN_COUNT=$(cat ${CM_RUN_DIR}/count.txt); echo ${CM_MLPERF_RUN_COUNT}; CM_MLPERF_RUN_COUNT=$((CM_MLPERF_RUN_COUNT+1)); echo ${CM_MLPERF_RUN_COUNT} > ${CM_RUN_DIR}/count.txt && if [ ${CM_MLPERF_RUN_COUNT} -eq "1" ]; then export CM_MLPERF_USER_CONF=${CM_MLPERF_RANGING_USER_CONF}; else export CM_MLPERF_USER_CONF=${CM_MLPERF_TESTING_USER_CONF}; fi && /mount/CM/repos/ctuning@mlcommons-ck/cm-mlops/script/run-all-mlperf-models/run.out'
client 2023-08-05 20:45:02,436 [INFO] Sending command to the server: 'time'
client 2023-08-05 20:45:02,443 [INFO] Got response: '1691264702.337665'
client 2023-08-05 20:45:02,443 [INFO] The time difference between the client and the server is within range 98.565 ms..105.768 ms
client 2023-08-05 20:45:02,443 [INFO] Sending command to the server: 'session,2023-08-05_20-39-30,stop,ranging'
client 2023-08-05 20:45:13,195 [INFO] Got response: 'OK'
client 2023-08-05 20:45:13,195 [INFO] Sending command to the server: 'time'
client 2023-08-05 20:45:13,197 [INFO] Got response: '1691264713.0947428'
client 2023-08-05 20:45:13,198 [INFO] The time difference between the client and the server is within range 100.563 ms..103.308 ms
client 2023-08-05 20:45:13,201 [INFO] Copying loadgen logs from '/home/arjun/mobilenet_results/valid_results/orin-tflite_cpp-cpu-tflite-vmaster-default_config/mobilenet-v1-precision_float-1.0-160/singlestream/performance/run_1' to '/home/arjun/mobilenet_results/valid_results/orin-tflite_cpp-cpu-tflite-vmaster-default_config/mobilenet-v1-precision_float-1.0-160/singlestream/performance/tmp_power/ranging'
client 2023-08-05 20:45:13,202 [INFO] Running workload in testing mode
client 2023-08-05 20:45:13,202 [INFO] Synchronizing with the server and with time.google.com...
client 2023-08-05 20:45:13,217 [INFO] NTP:offset = 0.001 s, delay = 0.014 s 
client 2023-08-05 20:45:13,217 [INFO] Sending command to the server: 'time'
client 2023-08-05 20:45:13,221 [INFO] Got response: '1691264713.1150765'
client 2023-08-05 20:45:13,221 [INFO] The time difference between the client and the server is within range 102.640 ms..106.098 ms
client 2023-08-05 20:45:13,221 [INFO] Sending command to the server: 'session,2023-08-05_20-39-30,start,testing'
client 2023-08-05 20:45:26,267 [INFO] Got response: 'OK'
client 2023-08-05 20:45:26,267 [INFO] Sending command to the server: 'time'
client 2023-08-05 20:45:26,271 [INFO] Got response: '1691264726.1699414'
client 2023-08-05 20:45:26,271 [INFO] The time difference between the client and the server is within range 97.655 ms..101.946 ms
client 2023-08-05 20:45:26,271 [INFO] Running the workload 'CM_MLPERF_RUN_COUNT=$(cat ${CM_RUN_DIR}/count.txt); echo ${CM_MLPERF_RUN_COUNT}; CM_MLPERF_RUN_COUNT=$((CM_MLPERF_RUN_COUNT+1)); echo ${CM_MLPERF_RUN_COUNT} > ${CM_RUN_DIR}/count.txt && if [ ${CM_MLPERF_RUN_COUNT} -eq "1" ]; then export CM_MLPERF_USER_CONF=${CM_MLPERF_RANGING_USER_CONF}; else export CM_MLPERF_USER_CONF=${CM_MLPERF_TESTING_USER_CONF}; fi && /mount/CM/repos/ctuning@mlcommons-ck/cm-mlops/script/run-all-mlperf-models/run.out'
client 2023-08-05 20:55:28,370 [INFO] Sending command to the server: 'time'
client 2023-08-05 20:55:28,375 [INFO] Got response: '1691265328.264271'
client 2023-08-05 20:55:28,375 [INFO] The time difference between the client and the server is within range 106.020 ms..111.128 ms
client 2023-08-05 20:55:28,375 [INFO] Sending command to the server: 'session,2023-08-05_20-39-30,stop,testing'
client 2023-08-05 20:55:39,445 [INFO] Got response: 'OK'
client 2023-08-05 20:55:39,445 [INFO] Sending command to the server: 'time'
client 2023-08-05 20:55:39,448 [INFO] Got response: '1691265339.337557'
client 2023-08-05 20:55:39,448 [INFO] The time difference between the client and the server is within range 107.864 ms..110.564 ms
client 2023-08-05 20:55:39,449 [INFO] Copying loadgen logs from '/home/arjun/mobilenet_results/valid_results/orin-tflite_cpp-cpu-tflite-vmaster-default_config/mobilenet-v1-precision_float-1.0-160/singlestream/performance/run_1' to '/home/arjun/mobilenet_results/valid_results/orin-tflite_cpp-cpu-tflite-vmaster-default_config/mobilenet-v1-precision_float-1.0-160/singlestream/performance/tmp_power/run_1'
client 2023-08-05 20:55:39,449 [INFO] Done runs
