client 2023-07-30 06:44:37,277 [INFO] Sending command to the server: 'mlcommons/power client v3'
client 2023-07-30 06:44:37,277 [INFO] Got response: 'mlcommons/power server v3'
client 2023-07-30 06:44:37,277 [INFO] Sending command to the server: 'stop'
client 2023-07-30 06:44:37,278 [INFO] Got response: 'OK'
client 2023-07-30 06:44:37,278 [INFO] Synchronizing with the server and with 192.168.123.123...
client 2023-07-30 06:44:37,280 [INFO] NTP:offset = 0.000 s, delay = 0.000 s 
client 2023-07-30 06:44:37,280 [INFO] Sending command to the server: 'time'
client 2023-07-30 06:44:37,280 [INFO] Got response: '1690699477.2806275'
client 2023-07-30 06:44:37,280 [INFO] The time difference between the client and the server is within range -0.174 ms..0.132 ms
client 2023-07-30 06:44:37,280 [INFO] Sending command to the server: 'new,,de18be56-e5cb-44bf-92bb-dc74c5ebf07b'
client 2023-07-30 06:44:37,281 [INFO] Got response: 'OK 2023-07-30_06-44-37,03807332-1ba1-4e3d-b444-5987118e5fb5'
client 2023-07-30 06:44:37,281 [INFO] Session id is '2023-07-30_06-44-37'
client 2023-07-30 06:44:37,281 [INFO] Sources: {"sources": {"__init__.py": "da39a3ee5e6b4b0d3255bfef95601890afd80709", "client.py": "33ca4f26368777ac06e01f9567b714a4b8063886", "lib/__init__.py": "da39a3ee5e6b4b0d3255bfef95601890afd80709", "lib/client.py": "ac2aa093c8e8bbc9569b9e2a3471bc64e58a2258", "lib/common.py": "611d8b29633d331eb19c9455ea3b5fa3284ed6df", "lib/external/__init__.py": "da39a3ee5e6b4b0d3255bfef95601890afd80709", "lib/external/ntplib.py": "4da8f970656505a40483206ef2b5d3dd5e81711d", "lib/server.py": "c7af63c31bb2fbedea4345f571f6e3507d268ada", "lib/source_hashes.py": "60a2e02193209e8d392803326208d5466342da18", "lib/summary.py": "aa92f0a3f975eecd44d3c0cd0236342ccc9f941d", "lib/time_sync.py": "122eba67a9abc85635223e054def53be1367ade2", "server.py": "c3f90f2f7eeb4db30727556d0c815ebc89b3d28b", "tests/unit/__init__.py": "da39a3ee5e6b4b0d3255bfef95601890afd80709", "tests/unit/test_server.py": "948c1995d4008bc2aa6c4046a34ffa3858d6d671", "tests/unit/test_source_hashes.py": "00468a2907583c593e6574a1f6b404e4651c221a"}, "modules": {"ptd_client_server.lib.client": "lib/client.py", "ptd_client_server.lib.common": "lib/common.py", "ptd_client_server.lib.external.ntplib": "lib/external/ntplib.py", "ptd_client_server.lib.source_hashes": "lib/source_hashes.py", "ptd_client_server.lib.summary": "lib/summary.py", "ptd_client_server.lib.time_sync": "lib/time_sync.py"}}
client 2023-07-30 06:44:37,282 [INFO] Running workload in ranging mode
client 2023-07-30 06:44:37,282 [INFO] Synchronizing with the server and with 192.168.123.123...
client 2023-07-30 06:44:37,282 [INFO] NTP:offset = 0.000 s, delay = 0.000 s 
client 2023-07-30 06:44:37,282 [INFO] Sending command to the server: 'time'
client 2023-07-30 06:44:37,283 [INFO] Got response: '1690699477.2830298'
client 2023-07-30 06:44:37,283 [INFO] The time difference between the client and the server is within range -0.135 ms..0.105 ms
client 2023-07-30 06:44:37,283 [INFO] Sending command to the server: 'session,2023-07-30_06-44-37,start,ranging'
client 2023-07-30 06:45:15,936 [INFO] Got response: 'OK'
client 2023-07-30 06:45:15,936 [INFO] Sending command to the server: 'time'
client 2023-07-30 06:45:15,936 [INFO] Got response: '1690699515.9367678'
client 2023-07-30 06:45:15,936 [INFO] The time difference between the client and the server is within range -0.171 ms..0.128 ms
client 2023-07-30 06:45:15,936 [INFO] Running the workload 'LOG_DIR=/work/build/power_logs_temp python3.8 -m code.main --benchmarks=resnet50 --scenarios=Offline --config_ver=maxq_default --test_mode=PerformanceOnly --action="run_harness" \\\n\t\t2>&1 | tee -a /work/build/power_logs/2023.07.30-06.43.55/stdout.txt \\\n\t\t&& if [ ! -d /work/build/power_logs/2023.07.30-06.43.55/ranging_tmp ]; \\\n\t\t\tthen mkdir /work/build/power_logs/2023.07.30-06.43.55/ranging_tmp \\\n\t\t\t\t&& mv /work/build/power_logs_temp/* /work/build/power_logs/2023.07.30-06.43.55/ranging_tmp/ \\\n\t\t\t\t&& cp -v /work/build/power_logs/2023.07.30-06.43.55/ranging_tmp/*/*/*/mlperf_log_detail.txt /work/build/power_logs_temp/ \\\n\t\t\t\t&& cp -v /work/build/power_logs/2023.07.30-06.43.55/ranging_tmp/*/*/*/mlperf_log_summary.txt /work/build/power_logs_temp/; \\\n\t\t\telse mkdir /work/build/power_logs/2023.07.30-06.43.55/testing_tmp \\\n\t\t\t\t&& mv /work/build/power_logs_temp/* /work/build/power_logs/2023.07.30-06.43.55/testing_tmp/ \\\n\t\t\t\t&& cp -v /work/build/power_logs/2023.07.30-06.43.55/testing_tmp/*/*/*/mlperf_log_detail.txt /work/build/power_logs_temp/ \\\n\t\t\t\t&& cp -v /work/build/power_logs/2023.07.30-06.43.55/testing_tmp/*/*/*/mlperf_log_summary.txt /work/build/power_logs_temp/; fi'
client 2023-07-30 06:56:55,193 [INFO] Sending command to the server: 'time'
client 2023-07-30 06:56:55,193 [INFO] Got response: '1690700215.1936047'
client 2023-07-30 06:56:55,193 [INFO] The time difference between the client and the server is within range -0.623 ms..0.202 ms
client 2023-07-30 06:56:55,193 [INFO] Sending command to the server: 'session,2023-07-30_06-44-37,stop,ranging'
client 2023-07-30 06:57:05,993 [INFO] Got response: 'OK'
client 2023-07-30 06:57:05,994 [INFO] Sending command to the server: 'time'
client 2023-07-30 06:57:05,994 [INFO] Got response: '1690700225.99416'
client 2023-07-30 06:57:05,994 [INFO] The time difference between the client and the server is within range -0.154 ms..0.103 ms
client 2023-07-30 06:57:05,998 [INFO] Copying loadgen logs from '/work/build/power_logs_temp' to '/work/build/power_logs/2023.07.30-06.43.55/2023-07-30_06-44-37/ranging'
client 2023-07-30 06:57:06,001 [INFO] Running workload in testing mode
client 2023-07-30 06:57:06,001 [INFO] Synchronizing with the server and with 192.168.123.123...
client 2023-07-30 06:57:06,001 [INFO] NTP:offset = 0.000 s, delay = 0.000 s 
client 2023-07-30 06:57:06,001 [INFO] Sending command to the server: 'time'
client 2023-07-30 06:57:06,002 [INFO] Got response: '1690700226.0019932'
client 2023-07-30 06:57:06,002 [INFO] The time difference between the client and the server is within range -0.176 ms..0.125 ms
client 2023-07-30 06:57:06,002 [INFO] Sending command to the server: 'session,2023-07-30_06-44-37,start,testing'
client 2023-07-30 06:57:27,615 [INFO] Got response: 'OK'
client 2023-07-30 06:57:27,615 [INFO] Sending command to the server: 'time'
client 2023-07-30 06:57:27,615 [INFO] Got response: '1690700247.6154814'
client 2023-07-30 06:57:27,615 [INFO] The time difference between the client and the server is within range -0.174 ms..0.123 ms
client 2023-07-30 06:57:27,615 [INFO] Running the workload 'LOG_DIR=/work/build/power_logs_temp python3.8 -m code.main --benchmarks=resnet50 --scenarios=Offline --config_ver=maxq_default --test_mode=PerformanceOnly --action="run_harness" \\\n\t\t2>&1 | tee -a /work/build/power_logs/2023.07.30-06.43.55/stdout.txt \\\n\t\t&& if [ ! -d /work/build/power_logs/2023.07.30-06.43.55/ranging_tmp ]; \\\n\t\t\tthen mkdir /work/build/power_logs/2023.07.30-06.43.55/ranging_tmp \\\n\t\t\t\t&& mv /work/build/power_logs_temp/* /work/build/power_logs/2023.07.30-06.43.55/ranging_tmp/ \\\n\t\t\t\t&& cp -v /work/build/power_logs/2023.07.30-06.43.55/ranging_tmp/*/*/*/mlperf_log_detail.txt /work/build/power_logs_temp/ \\\n\t\t\t\t&& cp -v /work/build/power_logs/2023.07.30-06.43.55/ranging_tmp/*/*/*/mlperf_log_summary.txt /work/build/power_logs_temp/; \\\n\t\t\telse mkdir /work/build/power_logs/2023.07.30-06.43.55/testing_tmp \\\n\t\t\t\t&& mv /work/build/power_logs_temp/* /work/build/power_logs/2023.07.30-06.43.55/testing_tmp/ \\\n\t\t\t\t&& cp -v /work/build/power_logs/2023.07.30-06.43.55/testing_tmp/*/*/*/mlperf_log_detail.txt /work/build/power_logs_temp/ \\\n\t\t\t\t&& cp -v /work/build/power_logs/2023.07.30-06.43.55/testing_tmp/*/*/*/mlperf_log_summary.txt /work/build/power_logs_temp/; fi'
client 2023-07-30 07:09:05,897 [INFO] Sending command to the server: 'time'
client 2023-07-30 07:09:05,898 [INFO] Got response: '1690700945.8982697'
client 2023-07-30 07:09:05,898 [INFO] The time difference between the client and the server is within range -0.632 ms..0.226 ms
client 2023-07-30 07:09:05,898 [INFO] Sending command to the server: 'session,2023-07-30_06-44-37,stop,testing'
client 2023-07-30 07:09:16,659 [INFO] Got response: 'OK'
client 2023-07-30 07:09:16,659 [INFO] Sending command to the server: 'time'
client 2023-07-30 07:09:16,659 [INFO] Got response: '1690700956.6597984'
client 2023-07-30 07:09:16,659 [INFO] The time difference between the client and the server is within range -0.125 ms..0.108 ms
client 2023-07-30 07:09:16,661 [INFO] Copying loadgen logs from '/work/build/power_logs_temp' to '/work/build/power_logs/2023.07.30-06.43.55/2023-07-30_06-44-37/run_1'
client 2023-07-30 07:09:16,664 [INFO] Done runs
