client 2023-08-02 23:06:54,236 [INFO] Sending command to the server: 'mlcommons/power client v3'
client 2023-08-02 23:06:54,237 [INFO] Got response: 'mlcommons/power server v3'
client 2023-08-02 23:06:54,237 [INFO] Sending command to the server: 'stop'
client 2023-08-02 23:06:54,238 [INFO] Got response: 'OK'
client 2023-08-02 23:06:54,238 [INFO] Synchronizing with the server and with ib-01.dc4-in.nvidia.com...
client 2023-08-02 23:06:54,462 [INFO] NTP:offset = -0.007 s, delay = 0.212 s 
client 2023-08-02 23:06:54,462 [INFO] Sending command to the server: 'time'
client 2023-08-02 23:06:54,463 [INFO] Got response: '1691017614.4635894'
client 2023-08-02 23:06:54,463 [INFO] The time difference between the client and the server is within range -1.061 ms..0.175 ms
client 2023-08-02 23:06:54,463 [INFO] Sending command to the server: 'new,,ad87e6ca-1e4b-4353-b6de-1e336100c17a'
client 2023-08-02 23:06:54,465 [INFO] Got response: 'OK 2023-08-02_16-06-54,fbc1a856-e531-4fbb-bb79-58cc78c6a8c0'
client 2023-08-02 23:06:54,465 [INFO] Session id is '2023-08-02_16-06-54'
client 2023-08-02 23:06:54,465 [INFO] Sources: {"sources": {"__init__.py": "da39a3ee5e6b4b0d3255bfef95601890afd80709", "client.py": "33ca4f26368777ac06e01f9567b714a4b8063886", "lib/__init__.py": "da39a3ee5e6b4b0d3255bfef95601890afd80709", "lib/client.py": "ac2aa093c8e8bbc9569b9e2a3471bc64e58a2258", "lib/common.py": "611d8b29633d331eb19c9455ea3b5fa3284ed6df", "lib/external/__init__.py": "da39a3ee5e6b4b0d3255bfef95601890afd80709", "lib/external/ntplib.py": "4da8f970656505a40483206ef2b5d3dd5e81711d", "lib/server.py": "c7af63c31bb2fbedea4345f571f6e3507d268ada", "lib/source_hashes.py": "60a2e02193209e8d392803326208d5466342da18", "lib/summary.py": "aa92f0a3f975eecd44d3c0cd0236342ccc9f941d", "lib/time_sync.py": "122eba67a9abc85635223e054def53be1367ade2", "server.py": "c3f90f2f7eeb4db30727556d0c815ebc89b3d28b", "tests/unit/__init__.py": "da39a3ee5e6b4b0d3255bfef95601890afd80709", "tests/unit/test_server.py": "948c1995d4008bc2aa6c4046a34ffa3858d6d671", "tests/unit/test_source_hashes.py": "00468a2907583c593e6574a1f6b404e4651c221a"}, "modules": {"ptd_client_server.lib.client": "lib/client.py", "ptd_client_server.lib.common": "lib/common.py", "ptd_client_server.lib.external.ntplib": "lib/external/ntplib.py", "ptd_client_server.lib.source_hashes": "lib/source_hashes.py", "ptd_client_server.lib.summary": "lib/summary.py", "ptd_client_server.lib.time_sync": "lib/time_sync.py"}}
client 2023-08-02 23:06:54,469 [INFO] Running workload in ranging mode
client 2023-08-02 23:06:54,469 [INFO] Synchronizing with the server and with ib-01.dc4-in.nvidia.com...
client 2023-08-02 23:06:54,687 [INFO] NTP:offset = -0.007 s, delay = 0.212 s 
client 2023-08-02 23:06:54,687 [INFO] Sending command to the server: 'time'
client 2023-08-02 23:06:54,688 [INFO] Got response: '1691017614.6888044'
client 2023-08-02 23:06:54,688 [INFO] The time difference between the client and the server is within range -1.033 ms..0.191 ms
client 2023-08-02 23:06:54,689 [INFO] Sending command to the server: 'session,2023-08-02_16-06-54,start,ranging'
client 2023-08-02 23:07:34,612 [INFO] Got response: 'OK'
client 2023-08-02 23:07:34,612 [INFO] Sending command to the server: 'time'
client 2023-08-02 23:07:34,613 [INFO] Got response: '1691017654.6132329'
client 2023-08-02 23:07:34,613 [INFO] The time difference between the client and the server is within range -1.087 ms..0.052 ms
client 2023-08-02 23:07:34,613 [INFO] Running the workload 'LOG_DIR=/work/build/power_logs_temp python3.8 -m code.main --benchmarks=rnnt --scenarios=Server --test_mode=PerformanceOnly --config_ver=maxq --action="run_harness" \\\n\t\t2>&1 | tee -a /work/build/power_logs/2023.08.02-23.06.05/stdout.txt \\\n\t\t&& if [ ! -d /work/build/power_logs/2023.08.02-23.06.05/ranging_tmp ]; \\\n\t\t\tthen mkdir /work/build/power_logs/2023.08.02-23.06.05/ranging_tmp \\\n\t\t\t\t&& mv /work/build/power_logs_temp/* /work/build/power_logs/2023.08.02-23.06.05/ranging_tmp/ \\\n\t\t\t\t&& cp -v /work/build/power_logs/2023.08.02-23.06.05/ranging_tmp/*/*/*/mlperf_log_detail.txt /work/build/power_logs_temp/ \\\n\t\t\t\t&& cp -v /work/build/power_logs/2023.08.02-23.06.05/ranging_tmp/*/*/*/mlperf_log_summary.txt /work/build/power_logs_temp/; \\\n\t\t\telse mkdir /work/build/power_logs/2023.08.02-23.06.05/testing_tmp \\\n\t\t\t\t&& mv /work/build/power_logs_temp/* /work/build/power_logs/2023.08.02-23.06.05/testing_tmp/ \\\n\t\t\t\t&& cp -v /work/build/power_logs/2023.08.02-23.06.05/testing_tmp/*/*/*/mlperf_log_detail.txt /work/build/power_logs_temp/ \\\n\t\t\t\t&& cp -v /work/build/power_logs/2023.08.02-23.06.05/testing_tmp/*/*/*/mlperf_log_summary.txt /work/build/power_logs_temp/; fi'
client 2023-08-02 23:19:56,128 [INFO] Sending command to the server: 'time'
client 2023-08-02 23:19:56,130 [INFO] Got response: '1691018396.1285963'
client 2023-08-02 23:19:56,130 [INFO] The time difference between the client and the server is within range -0.147 ms..1.495 ms
client 2023-08-02 23:19:56,130 [INFO] Sending command to the server: 'session,2023-08-02_16-06-54,stop,ranging'
client 2023-08-02 23:20:06,692 [INFO] Got response: 'OK'
client 2023-08-02 23:20:06,692 [INFO] Sending command to the server: 'time'
client 2023-08-02 23:20:06,693 [INFO] Got response: '1691018406.6924098'
client 2023-08-02 23:20:06,693 [INFO] The time difference between the client and the server is within range 0.276 ms..1.335 ms
client 2023-08-02 23:20:06,705 [INFO] Copying loadgen logs from '/work/build/power_logs_temp' to '/work/build/power_logs/2023.08.02-23.06.05/2023-08-02_16-06-54/ranging'
client 2023-08-02 23:20:06,727 [INFO] Running workload in testing mode
client 2023-08-02 23:20:06,727 [INFO] Synchronizing with the server and with ib-01.dc4-in.nvidia.com...
client 2023-08-02 23:20:06,993 [INFO] NTP:offset = -0.007 s, delay = 0.212 s 
client 2023-08-02 23:20:06,993 [INFO] Sending command to the server: 'time'
client 2023-08-02 23:20:06,995 [INFO] Got response: '1691018406.9935982'
client 2023-08-02 23:20:06,995 [INFO] The time difference between the client and the server is within range 0.146 ms..1.463 ms
client 2023-08-02 23:20:06,995 [INFO] Sending command to the server: 'session,2023-08-02_16-06-54,start,testing'
client 2023-08-02 23:20:28,621 [INFO] Got response: 'OK'
client 2023-08-02 23:20:28,621 [INFO] Sending command to the server: 'time'
client 2023-08-02 23:20:28,622 [INFO] Got response: '1691018428.6209073'
client 2023-08-02 23:20:28,622 [INFO] The time difference between the client and the server is within range 0.292 ms..1.368 ms
client 2023-08-02 23:20:28,622 [INFO] Running the workload 'LOG_DIR=/work/build/power_logs_temp python3.8 -m code.main --benchmarks=rnnt --scenarios=Server --test_mode=PerformanceOnly --config_ver=maxq --action="run_harness" \\\n\t\t2>&1 | tee -a /work/build/power_logs/2023.08.02-23.06.05/stdout.txt \\\n\t\t&& if [ ! -d /work/build/power_logs/2023.08.02-23.06.05/ranging_tmp ]; \\\n\t\t\tthen mkdir /work/build/power_logs/2023.08.02-23.06.05/ranging_tmp \\\n\t\t\t\t&& mv /work/build/power_logs_temp/* /work/build/power_logs/2023.08.02-23.06.05/ranging_tmp/ \\\n\t\t\t\t&& cp -v /work/build/power_logs/2023.08.02-23.06.05/ranging_tmp/*/*/*/mlperf_log_detail.txt /work/build/power_logs_temp/ \\\n\t\t\t\t&& cp -v /work/build/power_logs/2023.08.02-23.06.05/ranging_tmp/*/*/*/mlperf_log_summary.txt /work/build/power_logs_temp/; \\\n\t\t\telse mkdir /work/build/power_logs/2023.08.02-23.06.05/testing_tmp \\\n\t\t\t\t&& mv /work/build/power_logs_temp/* /work/build/power_logs/2023.08.02-23.06.05/testing_tmp/ \\\n\t\t\t\t&& cp -v /work/build/power_logs/2023.08.02-23.06.05/testing_tmp/*/*/*/mlperf_log_detail.txt /work/build/power_logs_temp/ \\\n\t\t\t\t&& cp -v /work/build/power_logs/2023.08.02-23.06.05/testing_tmp/*/*/*/mlperf_log_summary.txt /work/build/power_logs_temp/; fi'
client 2023-08-02 23:32:52,699 [INFO] Sending command to the server: 'time'
client 2023-08-02 23:32:52,700 [INFO] Got response: '1691019172.698446'
client 2023-08-02 23:32:52,701 [INFO] The time difference between the client and the server is within range 0.902 ms..2.546 ms
client 2023-08-02 23:32:52,701 [INFO] Sending command to the server: 'session,2023-08-02_16-06-54,stop,testing'
client 2023-08-02 23:33:03,672 [INFO] Got response: 'OK'
client 2023-08-02 23:33:03,673 [INFO] Sending command to the server: 'time'
client 2023-08-02 23:33:03,673 [INFO] Got response: '1691019183.6716115'
client 2023-08-02 23:33:03,673 [INFO] The time difference between the client and the server is within range 1.420 ms..2.342 ms
client 2023-08-02 23:33:03,681 [INFO] Copying loadgen logs from '/work/build/power_logs_temp' to '/work/build/power_logs/2023.08.02-23.06.05/2023-08-02_16-06-54/run_1'
client 2023-08-02 23:33:03,716 [INFO] Done runs
