client 2023-07-09 21:28:45,242 [INFO] Creating output directory '/home/arjun/mobilenet_results/valid_results/orin-tflite_cpp-cpu-tflite-vmaster-default_config/mobilenet-v2-precision_uint8-0.75-160/singlestream/performance/tmp_power'
client 2023-07-09 21:28:45,277 [INFO] Sending command to the server: 'mlcommons/power client v3'
client 2023-07-09 21:28:45,280 [INFO] Got response: 'mlcommons/power server v3'
client 2023-07-09 21:28:45,280 [INFO] Synchronizing with the server and with time.google.com...
client 2023-07-09 21:28:45,323 [INFO] NTP:offset = -0.000 s, delay = 0.023 s 
client 2023-07-09 21:28:45,323 [INFO] Sending command to the server: 'time'
client 2023-07-09 21:28:45,327 [INFO] Got response: '1688934525.3275828'
client 2023-07-09 21:28:45,327 [INFO] The time difference between the client and the server is within range -3.773 ms..0.261 ms
client 2023-07-09 21:28:45,328 [INFO] Sending command to the server: 'new,,1fa2a0d6-6071-40aa-ada3-bb421402ddea'
client 2023-07-09 21:28:45,332 [INFO] Got response: 'OK 2023-07-09_20-28-45,67ccf4b9-86e6-424c-85ac-ea83f66013cc'
client 2023-07-09 21:28:45,332 [INFO] Session id is '2023-07-09_20-28-45'
client 2023-07-09 21:28:45,333 [INFO] Sources: {"sources": {"__init__.py": "da39a3ee5e6b4b0d3255bfef95601890afd80709", "client.py": "33ca4f26368777ac06e01f9567b714a4b8063886", "lib/__init__.py": "da39a3ee5e6b4b0d3255bfef95601890afd80709", "lib/client.py": "ac2aa093c8e8bbc9569b9e2a3471bc64e58a2258", "lib/common.py": "611d8b29633d331eb19c9455ea3b5fa3284ed6df", "lib/external/__init__.py": "da39a3ee5e6b4b0d3255bfef95601890afd80709", "lib/external/ntplib.py": "4da8f970656505a40483206ef2b5d3dd5e81711d", "lib/server.py": "c7af63c31bb2fbedea4345f571f6e3507d268ada", "lib/source_hashes.py": "60a2e02193209e8d392803326208d5466342da18", "lib/summary.py": "aa92f0a3f975eecd44d3c0cd0236342ccc9f941d", "lib/time_sync.py": "122eba67a9abc85635223e054def53be1367ade2", "server.py": "c3f90f2f7eeb4db30727556d0c815ebc89b3d28b", "tests/unit/__init__.py": "da39a3ee5e6b4b0d3255bfef95601890afd80709", "tests/unit/test_server.py": "948c1995d4008bc2aa6c4046a34ffa3858d6d671", "tests/unit/test_source_hashes.py": "00468a2907583c593e6574a1f6b404e4651c221a"}, "modules": {"ptd_client_server.lib.client": "lib/client.py", "ptd_client_server.lib.common": "lib/common.py", "ptd_client_server.lib.external.ntplib": "lib/external/ntplib.py", "ptd_client_server.lib.source_hashes": "lib/source_hashes.py", "ptd_client_server.lib.summary": "lib/summary.py", "ptd_client_server.lib.time_sync": "lib/time_sync.py"}}
client 2023-07-09 21:28:45,333 [INFO] Running workload in ranging mode
client 2023-07-09 21:28:45,333 [INFO] Synchronizing with the server and with time.google.com...
client 2023-07-09 21:28:45,351 [INFO] NTP:offset = 0.001 s, delay = 0.016 s 
client 2023-07-09 21:28:45,351 [INFO] Sending command to the server: 'time'
client 2023-07-09 21:28:45,354 [INFO] Got response: '1688934525.3548408'
client 2023-07-09 21:28:45,354 [INFO] The time difference between the client and the server is within range -3.224 ms..-0.033 ms
client 2023-07-09 21:28:45,354 [INFO] Sending command to the server: 'session,2023-07-09_20-28-45,start,ranging'
client 2023-07-09 21:29:13,465 [INFO] Got response: 'OK'
client 2023-07-09 21:29:13,467 [INFO] Sending command to the server: 'time'
client 2023-07-09 21:29:13,469 [INFO] Got response: '1688934553.4700854'
client 2023-07-09 21:29:13,470 [INFO] The time difference between the client and the server is within range -2.967 ms..0.036 ms
client 2023-07-09 21:29:13,470 [INFO] Running the workload 'CM_MLPERF_RUN_COUNT=$(cat ${CM_RUN_DIR}/count.txt); echo ${CM_MLPERF_RUN_COUNT}; CM_MLPERF_RUN_COUNT=$((CM_MLPERF_RUN_COUNT+1)); echo ${CM_MLPERF_RUN_COUNT} > ${CM_RUN_DIR}/count.txt && if [ ${CM_MLPERF_RUN_COUNT} -eq "1" ]; then export CM_MLPERF_USER_CONF=${CM_MLPERF_RANGING_USER_CONF}; else export CM_MLPERF_USER_CONF=${CM_MLPERF_TESTING_USER_CONF}; fi && /home/arjun/run.out'
client 2023-07-09 21:34:19,321 [INFO] Sending command to the server: 'time'
client 2023-07-09 21:34:19,411 [INFO] Got response: '1688934859.4107113'
client 2023-07-09 21:34:19,411 [INFO] The time difference between the client and the server is within range -89.223 ms..0.899 ms
client 2023-07-09 21:34:19,411 [INFO] Sending command to the server: 'session,2023-07-09_20-28-45,stop,ranging'
client 2023-07-09 21:34:29,541 [INFO] Got response: 'OK'
client 2023-07-09 21:34:29,542 [INFO] Sending command to the server: 'time'
client 2023-07-09 21:34:29,546 [INFO] Got response: '1688934869.5455675'
client 2023-07-09 21:34:29,546 [INFO] The time difference between the client and the server is within range -3.191 ms..0.997 ms
client 2023-07-09 21:34:29,567 [INFO] Copying loadgen logs from '/home/arjun/mobilenet_results/valid_results/orin-tflite_cpp-cpu-tflite-vmaster-default_config/mobilenet-v2-precision_uint8-0.75-160/singlestream/performance/run_1' to '/home/arjun/mobilenet_results/valid_results/orin-tflite_cpp-cpu-tflite-vmaster-default_config/mobilenet-v2-precision_uint8-0.75-160/singlestream/performance/tmp_power/ranging'
client 2023-07-09 21:34:29,569 [INFO] Running workload in testing mode
client 2023-07-09 21:34:29,569 [INFO] Synchronizing with the server and with time.google.com...
client 2023-07-09 21:34:29,591 [INFO] NTP:offset = 0.001 s, delay = 0.016 s 
client 2023-07-09 21:34:29,591 [INFO] Sending command to the server: 'time'
client 2023-07-09 21:34:29,594 [INFO] Got response: '1688934869.5949788'
client 2023-07-09 21:34:29,595 [INFO] The time difference between the client and the server is within range -3.314 ms..0.190 ms
client 2023-07-09 21:34:29,595 [INFO] Sending command to the server: 'session,2023-07-09_20-28-45,start,testing'
client 2023-07-09 21:34:42,619 [INFO] Got response: 'OK'
client 2023-07-09 21:34:42,620 [INFO] Sending command to the server: 'time'
client 2023-07-09 21:34:42,623 [INFO] Got response: '1688934882.6231718'
client 2023-07-09 21:34:42,623 [INFO] The time difference between the client and the server is within range -3.172 ms..0.383 ms
client 2023-07-09 21:34:42,623 [INFO] Running the workload 'CM_MLPERF_RUN_COUNT=$(cat ${CM_RUN_DIR}/count.txt); echo ${CM_MLPERF_RUN_COUNT}; CM_MLPERF_RUN_COUNT=$((CM_MLPERF_RUN_COUNT+1)); echo ${CM_MLPERF_RUN_COUNT} > ${CM_RUN_DIR}/count.txt && if [ ${CM_MLPERF_RUN_COUNT} -eq "1" ]; then export CM_MLPERF_USER_CONF=${CM_MLPERF_RANGING_USER_CONF}; else export CM_MLPERF_USER_CONF=${CM_MLPERF_TESTING_USER_CONF}; fi && /home/arjun/run.out'
client 2023-07-09 21:44:53,860 [INFO] Sending command to the server: 'time'
client 2023-07-09 21:44:53,864 [INFO] Got response: '1688935493.8643925'
client 2023-07-09 21:44:53,864 [INFO] The time difference between the client and the server is within range -3.757 ms..-0.000 ms
client 2023-07-09 21:44:53,864 [INFO] Sending command to the server: 'session,2023-07-09_20-28-45,stop,testing'
client 2023-07-09 21:45:04,671 [INFO] Got response: 'OK'
client 2023-07-09 21:45:04,671 [INFO] Sending command to the server: 'time'
client 2023-07-09 21:45:04,674 [INFO] Got response: '1688935504.6753104'
client 2023-07-09 21:45:04,675 [INFO] The time difference between the client and the server is within range -3.401 ms..-0.131 ms
client 2023-07-09 21:45:04,679 [INFO] Copying loadgen logs from '/home/arjun/mobilenet_results/valid_results/orin-tflite_cpp-cpu-tflite-vmaster-default_config/mobilenet-v2-precision_uint8-0.75-160/singlestream/performance/run_1' to '/home/arjun/mobilenet_results/valid_results/orin-tflite_cpp-cpu-tflite-vmaster-default_config/mobilenet-v2-precision_uint8-0.75-160/singlestream/performance/tmp_power/run_1'
client 2023-07-09 21:45:04,682 [INFO] Done runs
