client 2023-07-16 03:45:08,283 [INFO] Creating output directory '/home/arjun/mobilenet_results/valid_results/raspberrypi-tflite_armnn_cpp-cpu-armnn_tflite-v23.05-using_neon/mobilenet-v2-precision_uint8-0.5-160/singlestream/performance/tmp_power'
client 2023-07-16 03:45:08,290 [INFO] Sending command to the server: 'mlcommons/power client v3'
client 2023-07-16 03:45:08,294 [INFO] Got response: 'mlcommons/power server v3'
client 2023-07-16 03:45:08,294 [INFO] Synchronizing with the server and with time.google.com...
client 2023-07-16 03:45:08,329 [INFO] NTP:offset = -0.002 s, delay = 0.013 s 
client 2023-07-16 03:45:08,329 [INFO] Sending command to the server: 'time'
client 2023-07-16 03:45:08,332 [INFO] Got response: '1689475508.2752285'
client 2023-07-16 03:45:08,332 [INFO] The time difference between the client and the server is within range 54.430 ms..57.521 ms
client 2023-07-16 03:45:08,332 [INFO] Sending command to the server: 'new,,002aab88-e994-41bf-b248-b8b150c7a245'
client 2023-07-16 03:45:08,336 [INFO] Got response: 'OK 2023-07-16_03-45-08,5f285f5b-7015-483a-8a9e-d93df7e2214b'
client 2023-07-16 03:45:08,336 [INFO] Session id is '2023-07-16_03-45-08'
client 2023-07-16 03:45:08,336 [INFO] Sources: {"sources": {"__init__.py": "da39a3ee5e6b4b0d3255bfef95601890afd80709", "client.py": "33ca4f26368777ac06e01f9567b714a4b8063886", "lib/__init__.py": "da39a3ee5e6b4b0d3255bfef95601890afd80709", "lib/client.py": "ac2aa093c8e8bbc9569b9e2a3471bc64e58a2258", "lib/common.py": "611d8b29633d331eb19c9455ea3b5fa3284ed6df", "lib/external/__init__.py": "da39a3ee5e6b4b0d3255bfef95601890afd80709", "lib/external/ntplib.py": "4da8f970656505a40483206ef2b5d3dd5e81711d", "lib/server.py": "c7af63c31bb2fbedea4345f571f6e3507d268ada", "lib/source_hashes.py": "60a2e02193209e8d392803326208d5466342da18", "lib/summary.py": "aa92f0a3f975eecd44d3c0cd0236342ccc9f941d", "lib/time_sync.py": "122eba67a9abc85635223e054def53be1367ade2", "server.py": "c3f90f2f7eeb4db30727556d0c815ebc89b3d28b", "tests/unit/__init__.py": "da39a3ee5e6b4b0d3255bfef95601890afd80709", "tests/unit/test_server.py": "948c1995d4008bc2aa6c4046a34ffa3858d6d671", "tests/unit/test_source_hashes.py": "00468a2907583c593e6574a1f6b404e4651c221a"}, "modules": {"ptd_client_server.lib.client": "lib/client.py", "ptd_client_server.lib.common": "lib/common.py", "ptd_client_server.lib.external.ntplib": "lib/external/ntplib.py", "ptd_client_server.lib.source_hashes": "lib/source_hashes.py", "ptd_client_server.lib.summary": "lib/summary.py", "ptd_client_server.lib.time_sync": "lib/time_sync.py"}}
client 2023-07-16 03:45:08,337 [INFO] Running workload in ranging mode
client 2023-07-16 03:45:08,337 [INFO] Synchronizing with the server and with time.google.com...
client 2023-07-16 03:45:08,366 [INFO] NTP:offset = -0.002 s, delay = 0.016 s 
client 2023-07-16 03:45:08,366 [INFO] Sending command to the server: 'time'
client 2023-07-16 03:45:08,369 [INFO] Got response: '1689475508.316864'
client 2023-07-16 03:45:08,369 [INFO] The time difference between the client and the server is within range 49.627 ms..52.923 ms
client 2023-07-16 03:45:08,369 [INFO] Sending command to the server: 'session,2023-07-16_03-45-08,start,ranging'
client 2023-07-16 03:45:37,089 [INFO] Got response: 'OK'
client 2023-07-16 03:45:37,090 [INFO] Sending command to the server: 'time'
client 2023-07-16 03:45:37,094 [INFO] Got response: '1689475537.0409377'
client 2023-07-16 03:45:37,094 [INFO] The time difference between the client and the server is within range 49.025 ms..53.434 ms
client 2023-07-16 03:45:37,094 [INFO] Running the workload 'CM_MLPERF_RUN_COUNT=$(cat ${CM_RUN_DIR}/count.txt); echo ${CM_MLPERF_RUN_COUNT}; CM_MLPERF_RUN_COUNT=$((CM_MLPERF_RUN_COUNT+1)); echo ${CM_MLPERF_RUN_COUNT} > ${CM_RUN_DIR}/count.txt && if [ ${CM_MLPERF_RUN_COUNT} -eq "1" ]; then export CM_MLPERF_USER_CONF=${CM_MLPERF_RANGING_USER_CONF}; else export CM_MLPERF_USER_CONF=${CM_MLPERF_TESTING_USER_CONF}; fi && /home/arjun/run.out'
client 2023-07-16 03:50:44,006 [INFO] Sending command to the server: 'time'
client 2023-07-16 03:50:44,012 [INFO] Got response: '1689475843.9485714'
client 2023-07-16 03:50:44,013 [INFO] The time difference between the client and the server is within range 57.604 ms..64.669 ms
client 2023-07-16 03:50:44,013 [INFO] Sending command to the server: 'session,2023-07-16_03-45-08,stop,ranging'
client 2023-07-16 03:50:54,324 [INFO] Got response: 'OK'
client 2023-07-16 03:50:54,325 [INFO] Sending command to the server: 'time'
client 2023-07-16 03:50:54,328 [INFO] Got response: '1689475854.2659981'
client 2023-07-16 03:50:54,329 [INFO] The time difference between the client and the server is within range 59.335 ms..63.099 ms
client 2023-07-16 03:50:54,363 [INFO] Copying loadgen logs from '/home/arjun/mobilenet_results/valid_results/raspberrypi-tflite_armnn_cpp-cpu-armnn_tflite-v23.05-using_neon/mobilenet-v2-precision_uint8-0.5-160/singlestream/performance/run_1' to '/home/arjun/mobilenet_results/valid_results/raspberrypi-tflite_armnn_cpp-cpu-armnn_tflite-v23.05-using_neon/mobilenet-v2-precision_uint8-0.5-160/singlestream/performance/tmp_power/ranging'
client 2023-07-16 03:50:54,366 [INFO] Running workload in testing mode
client 2023-07-16 03:50:54,366 [INFO] Synchronizing with the server and with time.google.com...
client 2023-07-16 03:50:54,399 [INFO] NTP:offset = -0.003 s, delay = 0.014 s 
client 2023-07-16 03:50:54,400 [INFO] Sending command to the server: 'time'
client 2023-07-16 03:50:54,404 [INFO] Got response: '1689475854.34725'
client 2023-07-16 03:50:54,404 [INFO] The time difference between the client and the server is within range 52.945 ms..57.611 ms
client 2023-07-16 03:50:54,405 [INFO] Sending command to the server: 'session,2023-07-16_03-45-08,start,testing'
client 2023-07-16 03:51:07,453 [INFO] Got response: 'OK'
client 2023-07-16 03:51:07,454 [INFO] Sending command to the server: 'time'
client 2023-07-16 03:51:07,460 [INFO] Got response: '1689475867.3977852'
client 2023-07-16 03:51:07,460 [INFO] The time difference between the client and the server is within range 56.514 ms..62.705 ms
client 2023-07-16 03:51:07,460 [INFO] Running the workload 'CM_MLPERF_RUN_COUNT=$(cat ${CM_RUN_DIR}/count.txt); echo ${CM_MLPERF_RUN_COUNT}; CM_MLPERF_RUN_COUNT=$((CM_MLPERF_RUN_COUNT+1)); echo ${CM_MLPERF_RUN_COUNT} > ${CM_RUN_DIR}/count.txt && if [ ${CM_MLPERF_RUN_COUNT} -eq "1" ]; then export CM_MLPERF_USER_CONF=${CM_MLPERF_RANGING_USER_CONF}; else export CM_MLPERF_USER_CONF=${CM_MLPERF_TESTING_USER_CONF}; fi && /home/arjun/run.out'
client 2023-07-16 04:01:20,108 [INFO] Sending command to the server: 'time'
client 2023-07-16 04:01:20,113 [INFO] Got response: '1689476480.043062'
client 2023-07-16 04:01:20,113 [INFO] The time difference between the client and the server is within range 65.195 ms..70.732 ms
client 2023-07-16 04:01:20,113 [INFO] Sending command to the server: 'session,2023-07-16_03-45-08,stop,testing'
client 2023-07-16 04:01:30,724 [INFO] Got response: 'OK'
client 2023-07-16 04:01:30,724 [INFO] Sending command to the server: 'time'
client 2023-07-16 04:01:30,727 [INFO] Got response: '1689476490.6626358'
client 2023-07-16 04:01:30,727 [INFO] The time difference between the client and the server is within range 61.942 ms..65.150 ms
client 2023-07-16 04:01:30,733 [INFO] Copying loadgen logs from '/home/arjun/mobilenet_results/valid_results/raspberrypi-tflite_armnn_cpp-cpu-armnn_tflite-v23.05-using_neon/mobilenet-v2-precision_uint8-0.5-160/singlestream/performance/run_1' to '/home/arjun/mobilenet_results/valid_results/raspberrypi-tflite_armnn_cpp-cpu-armnn_tflite-v23.05-using_neon/mobilenet-v2-precision_uint8-0.5-160/singlestream/performance/tmp_power/run_1'
client 2023-07-16 04:01:30,736 [INFO] Done runs
