client 2023-07-14 16:52:35,291 [INFO] Creating output directory '/home/arjun/results_dir/valid_results/orin-reference-cpu-onnxruntime-v1.15.1-default_config/resnet50/offline/performance/tmp_power'
client 2023-07-14 16:52:35,294 [INFO] Sending command to the server: 'mlcommons/power client v3'
client 2023-07-14 16:52:35,298 [INFO] Got response: 'mlcommons/power server v3'
client 2023-07-14 16:52:35,298 [INFO] Synchronizing with the server and with time.google.com...
client 2023-07-14 16:52:35,327 [INFO] NTP:offset = -0.006 s, delay = 0.019 s 
client 2023-07-14 16:52:35,328 [INFO] Sending command to the server: 'time'
client 2023-07-14 16:52:35,331 [INFO] Got response: '1689349955.184832'
client 2023-07-14 16:52:35,331 [INFO] The time difference between the client and the server is within range 143.243 ms..147.120 ms
client 2023-07-14 16:52:35,332 [INFO] Sending command to the server: 'new,,419f2c7a-aff6-4960-9f7d-833809137d81'
client 2023-07-14 16:52:35,336 [INFO] Got response: 'OK 2023-07-14_16-52-35,402a1e8b-1278-4100-aaec-b764fed14b68'
client 2023-07-14 16:52:35,336 [INFO] Session id is '2023-07-14_16-52-35'
client 2023-07-14 16:52:35,336 [INFO] Sources: {"sources": {"__init__.py": "da39a3ee5e6b4b0d3255bfef95601890afd80709", "client.py": "33ca4f26368777ac06e01f9567b714a4b8063886", "lib/__init__.py": "da39a3ee5e6b4b0d3255bfef95601890afd80709", "lib/client.py": "ac2aa093c8e8bbc9569b9e2a3471bc64e58a2258", "lib/common.py": "611d8b29633d331eb19c9455ea3b5fa3284ed6df", "lib/external/__init__.py": "da39a3ee5e6b4b0d3255bfef95601890afd80709", "lib/external/ntplib.py": "4da8f970656505a40483206ef2b5d3dd5e81711d", "lib/server.py": "c7af63c31bb2fbedea4345f571f6e3507d268ada", "lib/source_hashes.py": "60a2e02193209e8d392803326208d5466342da18", "lib/summary.py": "aa92f0a3f975eecd44d3c0cd0236342ccc9f941d", "lib/time_sync.py": "122eba67a9abc85635223e054def53be1367ade2", "server.py": "c3f90f2f7eeb4db30727556d0c815ebc89b3d28b", "tests/unit/__init__.py": "da39a3ee5e6b4b0d3255bfef95601890afd80709", "tests/unit/test_server.py": "948c1995d4008bc2aa6c4046a34ffa3858d6d671", "tests/unit/test_source_hashes.py": "00468a2907583c593e6574a1f6b404e4651c221a"}, "modules": {"ptd_client_server.lib.client": "lib/client.py", "ptd_client_server.lib.common": "lib/common.py", "ptd_client_server.lib.external.ntplib": "lib/external/ntplib.py", "ptd_client_server.lib.source_hashes": "lib/source_hashes.py", "ptd_client_server.lib.summary": "lib/summary.py", "ptd_client_server.lib.time_sync": "lib/time_sync.py"}}
client 2023-07-14 16:52:35,337 [INFO] Running workload in ranging mode
client 2023-07-14 16:52:35,337 [INFO] Synchronizing with the server and with time.google.com...
client 2023-07-14 16:52:35,357 [INFO] NTP:offset = -0.006 s, delay = 0.018 s 
client 2023-07-14 16:52:35,357 [INFO] Sending command to the server: 'time'
client 2023-07-14 16:52:35,360 [INFO] Got response: '1689349955.205552'
client 2023-07-14 16:52:35,360 [INFO] The time difference between the client and the server is within range 151.744 ms..154.865 ms
client 2023-07-14 16:52:35,360 [INFO] Sending command to the server: 'session,2023-07-14_16-52-35,start,ranging'
client 2023-07-14 16:53:04,986 [INFO] Got response: 'OK'
client 2023-07-14 16:53:04,987 [INFO] Sending command to the server: 'time'
client 2023-07-14 16:53:04,992 [INFO] Got response: '1689349984.8381135'
client 2023-07-14 16:53:04,992 [INFO] The time difference between the client and the server is within range 149.341 ms..154.509 ms
client 2023-07-14 16:53:04,992 [INFO] Running the workload 'CM_MLPERF_RUN_COUNT=$(cat ${CM_RUN_DIR}/count.txt); echo ${CM_MLPERF_RUN_COUNT}; CM_MLPERF_RUN_COUNT=$((CM_MLPERF_RUN_COUNT+1)); echo ${CM_MLPERF_RUN_COUNT} > ${CM_RUN_DIR}/count.txt && if [ ${CM_MLPERF_RUN_COUNT} -eq "1" ]; then export CM_MLPERF_USER_CONF=${CM_MLPERF_RANGING_USER_CONF}; else export CM_MLPERF_USER_CONF=${CM_MLPERF_TESTING_USER_CONF}; fi && cd "/mount/CM/repos/local/cache/03e1d4f7714141e5/inference/vision/classification_and_detection" && OUTPUT_DIR="/home/arjun/results_dir/valid_results/orin-reference-cpu-onnxruntime-v1.15.1-default_config/resnet50/offline/performance/run_1" ./run_local.sh onnxruntime resnet50 cpu --scenario Offline --mlperf_conf "/mount/CM/repos/local/cache/03e1d4f7714141e5/inference/mlperf.conf" --threads 12 --user_conf "/mount/CM/repos/ctuning@mlcommons-ck/cm-mlops/script/generate-mlperf-inference-user-conf/tmp/5b374e3e88914697a4e86089d73307e3.conf" --use_preprocessed_dataset --cache_dir /mount/CM/repos/local/cache/78bc3ea4fc1e4695 --dataset-list /mount/CM/repos/local/cache/04807db3d19648d3/data/val.txt'
client 2023-07-14 17:07:21,838 [INFO] Sending command to the server: 'time'
client 2023-07-14 17:07:21,842 [INFO] Got response: '1689350841.6901577'
client 2023-07-14 17:07:21,842 [INFO] The time difference between the client and the server is within range 147.763 ms..152.611 ms
client 2023-07-14 17:07:21,842 [INFO] Sending command to the server: 'session,2023-07-14_16-52-35,stop,ranging'
client 2023-07-14 17:07:32,646 [INFO] Got response: 'OK'
client 2023-07-14 17:07:32,647 [INFO] Sending command to the server: 'time'
client 2023-07-14 17:07:32,651 [INFO] Got response: '1689350852.4994733'
client 2023-07-14 17:07:32,651 [INFO] The time difference between the client and the server is within range 147.495 ms..152.401 ms
client 2023-07-14 17:07:32,675 [INFO] Copying loadgen logs from '/home/arjun/results_dir/valid_results/orin-reference-cpu-onnxruntime-v1.15.1-default_config/resnet50/offline/performance/run_1' to '/home/arjun/results_dir/valid_results/orin-reference-cpu-onnxruntime-v1.15.1-default_config/resnet50/offline/performance/tmp_power/ranging'
client 2023-07-14 17:07:32,678 [INFO] Running workload in testing mode
client 2023-07-14 17:07:32,678 [INFO] Synchronizing with the server and with time.google.com...
client 2023-07-14 17:07:32,704 [INFO] NTP:offset = -0.006 s, delay = 0.021 s 
client 2023-07-14 17:07:32,704 [INFO] Sending command to the server: 'time'
client 2023-07-14 17:07:32,708 [INFO] Got response: '1689350852.560319'
client 2023-07-14 17:07:32,708 [INFO] The time difference between the client and the server is within range 143.906 ms..148.287 ms
client 2023-07-14 17:07:32,708 [INFO] Sending command to the server: 'session,2023-07-14_16-52-35,start,testing'
client 2023-07-14 17:07:45,746 [INFO] Got response: 'OK'
client 2023-07-14 17:07:45,748 [INFO] Sending command to the server: 'time'
client 2023-07-14 17:07:45,769 [INFO] Got response: '1689350865.6205766'
client 2023-07-14 17:07:45,769 [INFO] The time difference between the client and the server is within range 127.374 ms..149.054 ms
client 2023-07-14 17:07:45,769 [INFO] Running the workload 'CM_MLPERF_RUN_COUNT=$(cat ${CM_RUN_DIR}/count.txt); echo ${CM_MLPERF_RUN_COUNT}; CM_MLPERF_RUN_COUNT=$((CM_MLPERF_RUN_COUNT+1)); echo ${CM_MLPERF_RUN_COUNT} > ${CM_RUN_DIR}/count.txt && if [ ${CM_MLPERF_RUN_COUNT} -eq "1" ]; then export CM_MLPERF_USER_CONF=${CM_MLPERF_RANGING_USER_CONF}; else export CM_MLPERF_USER_CONF=${CM_MLPERF_TESTING_USER_CONF}; fi && cd "/mount/CM/repos/local/cache/03e1d4f7714141e5/inference/vision/classification_and_detection" && OUTPUT_DIR="/home/arjun/results_dir/valid_results/orin-reference-cpu-onnxruntime-v1.15.1-default_config/resnet50/offline/performance/run_1" ./run_local.sh onnxruntime resnet50 cpu --scenario Offline --mlperf_conf "/mount/CM/repos/local/cache/03e1d4f7714141e5/inference/mlperf.conf" --threads 12 --user_conf "/mount/CM/repos/ctuning@mlcommons-ck/cm-mlops/script/generate-mlperf-inference-user-conf/tmp/5b374e3e88914697a4e86089d73307e3.conf" --use_preprocessed_dataset --cache_dir /mount/CM/repos/local/cache/78bc3ea4fc1e4695 --dataset-list /mount/CM/repos/local/cache/04807db3d19648d3/data/val.txt'
client 2023-07-14 17:21:57,753 [INFO] Sending command to the server: 'time'
client 2023-07-14 17:21:57,763 [INFO] Got response: '1689351717.6152818'
client 2023-07-14 17:21:57,763 [INFO] The time difference between the client and the server is within range 138.170 ms..148.392 ms
client 2023-07-14 17:21:57,763 [INFO] Sending command to the server: 'session,2023-07-14_16-52-35,stop,testing'
client 2023-07-14 17:22:08,842 [INFO] Got response: 'OK'
client 2023-07-14 17:22:08,843 [INFO] Sending command to the server: 'time'
client 2023-07-14 17:22:08,859 [INFO] Got response: '1689351728.7097664'
client 2023-07-14 17:22:08,860 [INFO] The time difference between the client and the server is within range 133.280 ms..150.293 ms
client 2023-07-14 17:22:08,864 [INFO] Copying loadgen logs from '/home/arjun/results_dir/valid_results/orin-reference-cpu-onnxruntime-v1.15.1-default_config/resnet50/offline/performance/run_1' to '/home/arjun/results_dir/valid_results/orin-reference-cpu-onnxruntime-v1.15.1-default_config/resnet50/offline/performance/tmp_power/run_1'
client 2023-07-14 17:22:08,866 [INFO] Done runs
