client 2023-08-11 01:34:37,752 [INFO] Creating output directory '/home/arjun/mobilenet_results/valid_results/orin-tflite_cpp-cpu-tflite-vmaster-with_live_preprocessing/efficientnet-fp32-lite2/singlestream/performance/tmp_power'
client 2023-08-11 01:34:37,755 [INFO] Sending command to the server: 'mlcommons/power client v3'
client 2023-08-11 01:34:37,758 [INFO] Got response: 'mlcommons/power server v3'
client 2023-08-11 01:34:37,758 [INFO] Synchronizing with the server and with time.google.com...
client 2023-08-11 01:34:37,791 [INFO] NTP:offset = -0.001 s, delay = 0.018 s 
client 2023-08-11 01:34:37,791 [INFO] Sending command to the server: 'time'
client 2023-08-11 01:34:37,797 [INFO] Got response: '1691714077.651131'
client 2023-08-11 01:34:37,797 [INFO] The time difference between the client and the server is within range 140.509 ms..146.011 ms
client 2023-08-11 01:34:37,797 [INFO] Sending command to the server: 'new,,feab5e50-dc37-4496-807f-1f2aa9aeb67f'
client 2023-08-11 01:34:37,800 [INFO] Got response: 'OK 2023-08-11_01-34-37,bfac8aa0-bbe4-4c4d-af4a-2186998d25de'
client 2023-08-11 01:34:37,800 [INFO] Session id is '2023-08-11_01-34-37'
client 2023-08-11 01:34:37,800 [INFO] Sources: {"sources": {"__init__.py": "da39a3ee5e6b4b0d3255bfef95601890afd80709", "client.py": "33ca4f26368777ac06e01f9567b714a4b8063886", "lib/__init__.py": "da39a3ee5e6b4b0d3255bfef95601890afd80709", "lib/client.py": "ac2aa093c8e8bbc9569b9e2a3471bc64e58a2258", "lib/common.py": "611d8b29633d331eb19c9455ea3b5fa3284ed6df", "lib/external/__init__.py": "da39a3ee5e6b4b0d3255bfef95601890afd80709", "lib/external/ntplib.py": "4da8f970656505a40483206ef2b5d3dd5e81711d", "lib/server.py": "c7af63c31bb2fbedea4345f571f6e3507d268ada", "lib/source_hashes.py": "60a2e02193209e8d392803326208d5466342da18", "lib/summary.py": "aa92f0a3f975eecd44d3c0cd0236342ccc9f941d", "lib/time_sync.py": "80894ef2389e540781ff78de94db16aa4203a14e", "server.py": "c3f90f2f7eeb4db30727556d0c815ebc89b3d28b", "tests/unit/__init__.py": "da39a3ee5e6b4b0d3255bfef95601890afd80709", "tests/unit/test_server.py": "948c1995d4008bc2aa6c4046a34ffa3858d6d671", "tests/unit/test_source_hashes.py": "00468a2907583c593e6574a1f6b404e4651c221a"}, "modules": {"ptd_client_server.lib.client": "lib/client.py", "ptd_client_server.lib.common": "lib/common.py", "ptd_client_server.lib.external.ntplib": "lib/external/ntplib.py", "ptd_client_server.lib.source_hashes": "lib/source_hashes.py", "ptd_client_server.lib.summary": "lib/summary.py", "ptd_client_server.lib.time_sync": "lib/time_sync.py"}}
client 2023-08-11 01:34:37,800 [INFO] Running workload in ranging mode
client 2023-08-11 01:34:37,800 [INFO] Synchronizing with the server and with time.google.com...
client 2023-08-11 01:34:37,819 [INFO] NTP:offset = -0.001 s, delay = 0.018 s 
client 2023-08-11 01:34:37,819 [INFO] Sending command to the server: 'time'
client 2023-08-11 01:34:37,821 [INFO] Got response: '1691714077.6711876'
client 2023-08-11 01:34:37,821 [INFO] The time difference between the client and the server is within range 148.296 ms..150.661 ms
client 2023-08-11 01:34:37,821 [INFO] Sending command to the server: 'session,2023-08-11_01-34-37,start,ranging'
client 2023-08-11 01:35:06,563 [INFO] Got response: 'OK'
client 2023-08-11 01:35:06,563 [INFO] Sending command to the server: 'time'
client 2023-08-11 01:35:06,566 [INFO] Got response: '1691714106.4154372'
client 2023-08-11 01:35:06,566 [INFO] The time difference between the client and the server is within range 148.113 ms..150.663 ms
client 2023-08-11 01:35:06,566 [INFO] Running the workload 'CM_MLPERF_RUN_COUNT=$(cat ${CM_RUN_DIR}/count.txt); echo ${CM_MLPERF_RUN_COUNT}; CM_MLPERF_RUN_COUNT=$((CM_MLPERF_RUN_COUNT+1)); echo ${CM_MLPERF_RUN_COUNT} > ${CM_RUN_DIR}/count.txt && if [ ${CM_MLPERF_RUN_COUNT} -eq "1" ]; then export CM_MLPERF_USER_CONF=${CM_MLPERF_RANGING_USER_CONF}; else export CM_MLPERF_USER_CONF=${CM_MLPERF_TESTING_USER_CONF}; fi && /mount/CM/repos/ctuning@mlcommons-ck/cm-mlops/script/run-all-mlperf-models/run.out'
client 2023-08-11 01:40:11,013 [INFO] Sending command to the server: 'time'
client 2023-08-11 01:40:11,017 [INFO] Got response: '1691714410.8675416'
client 2023-08-11 01:40:11,017 [INFO] The time difference between the client and the server is within range 146.154 ms..150.211 ms
client 2023-08-11 01:40:11,017 [INFO] Sending command to the server: 'session,2023-08-11_01-34-37,stop,ranging'
client 2023-08-11 01:40:21,680 [INFO] Got response: 'OK'
client 2023-08-11 01:40:21,680 [INFO] Sending command to the server: 'time'
client 2023-08-11 01:40:21,683 [INFO] Got response: '1691714421.5359588'
client 2023-08-11 01:40:21,683 [INFO] The time difference between the client and the server is within range 144.670 ms..147.526 ms
client 2023-08-11 01:40:21,687 [INFO] Copying loadgen logs from '/home/arjun/mobilenet_results/valid_results/orin-tflite_cpp-cpu-tflite-vmaster-with_live_preprocessing/efficientnet-fp32-lite2/singlestream/performance/run_1' to '/home/arjun/mobilenet_results/valid_results/orin-tflite_cpp-cpu-tflite-vmaster-with_live_preprocessing/efficientnet-fp32-lite2/singlestream/performance/tmp_power/ranging'
client 2023-08-11 01:40:21,687 [INFO] Running workload in testing mode
client 2023-08-11 01:40:21,687 [INFO] Synchronizing with the server and with time.google.com...
client 2023-08-11 01:40:21,707 [INFO] NTP:offset = -0.000 s, delay = 0.019 s 
client 2023-08-11 01:40:21,707 [INFO] Sending command to the server: 'time'
client 2023-08-11 01:40:21,710 [INFO] Got response: '1691714421.556513'
client 2023-08-11 01:40:21,710 [INFO] The time difference between the client and the server is within range 151.445 ms..154.439 ms
client 2023-08-11 01:40:21,711 [INFO] Sending command to the server: 'session,2023-08-11_01-34-37,start,testing'
client 2023-08-11 01:40:34,750 [INFO] Got response: 'OK'
client 2023-08-11 01:40:34,750 [INFO] Sending command to the server: 'time'
client 2023-08-11 01:40:34,753 [INFO] Got response: '1691714434.6033251'
client 2023-08-11 01:40:34,753 [INFO] The time difference between the client and the server is within range 146.904 ms..149.999 ms
client 2023-08-11 01:40:34,753 [INFO] Running the workload 'CM_MLPERF_RUN_COUNT=$(cat ${CM_RUN_DIR}/count.txt); echo ${CM_MLPERF_RUN_COUNT}; CM_MLPERF_RUN_COUNT=$((CM_MLPERF_RUN_COUNT+1)); echo ${CM_MLPERF_RUN_COUNT} > ${CM_RUN_DIR}/count.txt && if [ ${CM_MLPERF_RUN_COUNT} -eq "1" ]; then export CM_MLPERF_USER_CONF=${CM_MLPERF_RANGING_USER_CONF}; else export CM_MLPERF_USER_CONF=${CM_MLPERF_TESTING_USER_CONF}; fi && /mount/CM/repos/ctuning@mlcommons-ck/cm-mlops/script/run-all-mlperf-models/run.out'
client 2023-08-11 01:50:37,015 [INFO] Sending command to the server: 'time'
client 2023-08-11 01:50:37,019 [INFO] Got response: '1691715036.8611643'
client 2023-08-11 01:50:37,020 [INFO] The time difference between the client and the server is within range 154.653 ms..158.824 ms
client 2023-08-11 01:50:37,020 [INFO] Sending command to the server: 'session,2023-08-11_01-34-37,stop,testing'
client 2023-08-11 01:50:47,835 [INFO] Got response: 'OK'
client 2023-08-11 01:50:47,835 [INFO] Sending command to the server: 'time'
client 2023-08-11 01:50:47,837 [INFO] Got response: '1691715047.6789784'
client 2023-08-11 01:50:47,837 [INFO] The time difference between the client and the server is within range 156.921 ms..158.760 ms
client 2023-08-11 01:50:47,838 [INFO] Copying loadgen logs from '/home/arjun/mobilenet_results/valid_results/orin-tflite_cpp-cpu-tflite-vmaster-with_live_preprocessing/efficientnet-fp32-lite2/singlestream/performance/run_1' to '/home/arjun/mobilenet_results/valid_results/orin-tflite_cpp-cpu-tflite-vmaster-with_live_preprocessing/efficientnet-fp32-lite2/singlestream/performance/tmp_power/run_1'
client 2023-08-11 01:50:47,974 [INFO] Done runs
