client 2023-08-16 11:39:39,550 [INFO] Creating output directory '/home/krai/work_collection/generated_by_power_measurement_on_run_52dc201dac8a45e09551c217301fafd2/power_logs'
client 2023-08-16 11:39:39,551 [INFO] Sending command to the server: 'mlcommons/power client v3'
client 2023-08-16 11:39:39,552 [INFO] Got response: 'mlcommons/power server v3'
client 2023-08-16 11:39:39,552 [INFO] Synchronizing with the server and with time.google.com...
client 2023-08-16 11:39:39,656 [INFO] NTP:offset = 0.014 s, delay = 0.099 s 
client 2023-08-16 11:39:39,656 [INFO] Sending command to the server: 'time'
client 2023-08-16 11:39:39,658 [INFO] Got response: '1692203979.68167'
client 2023-08-16 11:39:39,658 [INFO] The time difference between the client and the server is within range -24.779 ms..-23.318 ms
client 2023-08-16 11:39:39,658 [INFO] Sending command to the server: 'new,,3ffcc6e4-9102-41b2-9bba-402fce67b3b2'
client 2023-08-16 11:39:39,660 [INFO] Got response: 'OK 2023-08-16_11-39-39,3f11711f-15c8-4a98-88fc-1270addbc928'
client 2023-08-16 11:39:39,660 [INFO] Session id is '2023-08-16_11-39-39'
client 2023-08-16 11:39:39,660 [INFO] Sources: {"sources": {"__init__.py": "da39a3ee5e6b4b0d3255bfef95601890afd80709", "client.py": "33ca4f26368777ac06e01f9567b714a4b8063886", "lib/__init__.py": "da39a3ee5e6b4b0d3255bfef95601890afd80709", "lib/client.py": "ac2aa093c8e8bbc9569b9e2a3471bc64e58a2258", "lib/common.py": "611d8b29633d331eb19c9455ea3b5fa3284ed6df", "lib/external/__init__.py": "da39a3ee5e6b4b0d3255bfef95601890afd80709", "lib/external/ntplib.py": "4da8f970656505a40483206ef2b5d3dd5e81711d", "lib/server.py": "c7af63c31bb2fbedea4345f571f6e3507d268ada", "lib/source_hashes.py": "60a2e02193209e8d392803326208d5466342da18", "lib/summary.py": "aa92f0a3f975eecd44d3c0cd0236342ccc9f941d", "lib/time_sync.py": "80894ef2389e540781ff78de94db16aa4203a14e", "server.py": "c3f90f2f7eeb4db30727556d0c815ebc89b3d28b", "tests/unit/__init__.py": "da39a3ee5e6b4b0d3255bfef95601890afd80709", "tests/unit/test_server.py": "948c1995d4008bc2aa6c4046a34ffa3858d6d671", "tests/unit/test_source_hashes.py": "00468a2907583c593e6574a1f6b404e4651c221a"}, "modules": {"ptd_client_server.lib.client": "lib/client.py", "ptd_client_server.lib.common": "lib/common.py", "ptd_client_server.lib.external.ntplib": "lib/external/ntplib.py", "ptd_client_server.lib.source_hashes": "lib/source_hashes.py", "ptd_client_server.lib.summary": "lib/summary.py", "ptd_client_server.lib.time_sync": "lib/time_sync.py"}}
client 2023-08-16 11:39:39,660 [INFO] Running workload in ranging mode
client 2023-08-16 11:39:39,660 [INFO] Synchronizing with the server and with time.google.com...
client 2023-08-16 11:39:39,759 [INFO] NTP:offset = 0.013 s, delay = 0.098 s 
client 2023-08-16 11:39:39,759 [INFO] Sending command to the server: 'time'
client 2023-08-16 11:39:39,760 [INFO] Got response: '1692203979.7842095'
client 2023-08-16 11:39:39,760 [INFO] The time difference between the client and the server is within range -24.795 ms..-23.338 ms
client 2023-08-16 11:39:39,760 [INFO] Sending command to the server: 'session,2023-08-16_11-39-39,start,ranging'
client 2023-08-16 11:40:18,941 [INFO] Got response: 'OK'
client 2023-08-16 11:40:18,941 [INFO] Sending command to the server: 'time'
client 2023-08-16 11:40:18,943 [INFO] Got response: '1692204018.9692829'
client 2023-08-16 11:40:18,943 [INFO] The time difference between the client and the server is within range -27.428 ms..-26.095 ms
client 2023-08-16 11:40:18,943 [INFO] Running the workload 'axs byquery loadgen_output,bert_squad,sut_name=g292_z43_q16e,model_name=bert-99.9,framework=kilt,loadgen_dataset_size=10833,loadgen_buffer_size=10833,device=qaic,loadgen_mode=PerformanceOnly,loadgen_compliance_test-,loadgen_scenario=Offline,_with_power+,symlink_to=/home/krai/work_collection/generated_by_power_measurement_on_run_52dc201dac8a45e09551c217301fafd2/last_mlperf_logs,power_client_entrydic_path=/home/krai/work_collection/generated_by_power_measurement_on_run_52dc201dac8a45e09551c217301fafd2/program_output.json'
client 2023-08-16 11:53:16,708 [INFO] Sending command to the server: 'time'
client 2023-08-16 11:53:16,709 [INFO] Got response: '1692204796.7023785'
client 2023-08-16 11:53:16,709 [INFO] The time difference between the client and the server is within range 5.614 ms..7.348 ms
client 2023-08-16 11:53:16,709 [INFO] Sending command to the server: 'session,2023-08-16_11-39-39,stop,ranging'
client 2023-08-16 11:53:27,079 [INFO] Got response: 'OK'
client 2023-08-16 11:53:27,079 [INFO] Sending command to the server: 'time'
client 2023-08-16 11:53:27,080 [INFO] Got response: '1692204807.072816'
client 2023-08-16 11:53:27,080 [INFO] The time difference between the client and the server is within range 6.399 ms..7.489 ms
client 2023-08-16 11:53:27,085 [INFO] Copying loadgen logs from '/home/krai/work_collection/generated_by_power_measurement_on_run_52dc201dac8a45e09551c217301fafd2/last_mlperf_logs' to '/home/krai/work_collection/generated_by_power_measurement_on_run_52dc201dac8a45e09551c217301fafd2/power_logs/ranging'
client 2023-08-16 11:53:27,086 [INFO] Running workload in testing mode
client 2023-08-16 11:53:27,086 [INFO] Synchronizing with the server and with time.google.com...
client 2023-08-16 11:53:27,274 [INFO] NTP:offset = -0.016 s, delay = 0.097 s 
client 2023-08-16 11:53:27,274 [INFO] Sending command to the server: 'time'
client 2023-08-16 11:53:27,275 [INFO] Got response: '1692204807.268085'
client 2023-08-16 11:53:27,275 [INFO] The time difference between the client and the server is within range 6.119 ms..7.531 ms
client 2023-08-16 11:53:27,275 [INFO] Sending command to the server: 'session,2023-08-16_11-39-39,start,testing'
client 2023-08-16 11:53:48,887 [INFO] Got response: 'OK'
client 2023-08-16 11:53:48,887 [INFO] Sending command to the server: 'time'
client 2023-08-16 11:53:48,889 [INFO] Got response: '1692204828.8812375'
client 2023-08-16 11:53:48,889 [INFO] The time difference between the client and the server is within range 6.618 ms..7.911 ms
client 2023-08-16 11:53:48,889 [INFO] Running the workload 'axs byquery loadgen_output,bert_squad,sut_name=g292_z43_q16e,model_name=bert-99.9,framework=kilt,loadgen_dataset_size=10833,loadgen_buffer_size=10833,device=qaic,loadgen_mode=PerformanceOnly,loadgen_compliance_test-,loadgen_scenario=Offline,_with_power+,symlink_to=/home/krai/work_collection/generated_by_power_measurement_on_run_52dc201dac8a45e09551c217301fafd2/last_mlperf_logs,power_client_entrydic_path=/home/krai/work_collection/generated_by_power_measurement_on_run_52dc201dac8a45e09551c217301fafd2/program_output.json'
client 2023-08-16 12:06:46,761 [INFO] Sending command to the server: 'time'
client 2023-08-16 12:06:46,762 [INFO] Got response: '1692205606.7642345'
client 2023-08-16 12:06:46,762 [INFO] The time difference between the client and the server is within range -3.107 ms..-1.365 ms
client 2023-08-16 12:06:46,762 [INFO] Sending command to the server: 'session,2023-08-16_11-39-39,stop,testing'
client 2023-08-16 12:06:56,887 [INFO] Got response: 'OK'
client 2023-08-16 12:06:56,887 [INFO] Sending command to the server: 'time'
client 2023-08-16 12:06:56,888 [INFO] Got response: '1692205616.8899481'
client 2023-08-16 12:06:56,888 [INFO] The time difference between the client and the server is within range -2.313 ms..-1.653 ms
client 2023-08-16 12:06:56,889 [INFO] Copying loadgen logs from '/home/krai/work_collection/generated_by_power_measurement_on_run_52dc201dac8a45e09551c217301fafd2/last_mlperf_logs' to '/home/krai/work_collection/generated_by_power_measurement_on_run_52dc201dac8a45e09551c217301fafd2/power_logs/run_1'
client 2023-08-16 12:06:56,890 [INFO] Done runs
