client 2023-07-16 01:11:56,205 [INFO] Creating output directory '/home/arjun/mobilenet_results/valid_results/raspberrypi-tflite_armnn_cpp-cpu-armnn_tflite-v23.05-using_neon/mobilenet-v2-precision_float-0.75-160/singlestream/performance/tmp_power'
client 2023-07-16 01:11:56,216 [INFO] Sending command to the server: 'mlcommons/power client v3'
client 2023-07-16 01:11:56,220 [INFO] Got response: 'mlcommons/power server v3'
client 2023-07-16 01:11:56,220 [INFO] Synchronizing with the server and with time.google.com...
client 2023-07-16 01:11:56,255 [INFO] NTP:offset = -0.003 s, delay = 0.016 s 
client 2023-07-16 01:11:56,255 [INFO] Sending command to the server: 'time'
client 2023-07-16 01:11:56,258 [INFO] Got response: '1689466316.1413906'
client 2023-07-16 01:11:56,258 [INFO] The time difference between the client and the server is within range 113.879 ms..117.116 ms
client 2023-07-16 01:11:56,258 [INFO] Sending command to the server: 'new,,99a10cd4-d3fc-4c6b-9688-33ee9339c5d8'
client 2023-07-16 01:11:56,262 [INFO] Got response: 'OK 2023-07-16_01-11-56,1420355b-231d-42b0-8f1b-7cc062e189b1'
client 2023-07-16 01:11:56,262 [INFO] Session id is '2023-07-16_01-11-56'
client 2023-07-16 01:11:56,262 [INFO] Sources: {"sources": {"__init__.py": "da39a3ee5e6b4b0d3255bfef95601890afd80709", "client.py": "33ca4f26368777ac06e01f9567b714a4b8063886", "lib/__init__.py": "da39a3ee5e6b4b0d3255bfef95601890afd80709", "lib/client.py": "ac2aa093c8e8bbc9569b9e2a3471bc64e58a2258", "lib/common.py": "611d8b29633d331eb19c9455ea3b5fa3284ed6df", "lib/external/__init__.py": "da39a3ee5e6b4b0d3255bfef95601890afd80709", "lib/external/ntplib.py": "4da8f970656505a40483206ef2b5d3dd5e81711d", "lib/server.py": "c7af63c31bb2fbedea4345f571f6e3507d268ada", "lib/source_hashes.py": "60a2e02193209e8d392803326208d5466342da18", "lib/summary.py": "aa92f0a3f975eecd44d3c0cd0236342ccc9f941d", "lib/time_sync.py": "122eba67a9abc85635223e054def53be1367ade2", "server.py": "c3f90f2f7eeb4db30727556d0c815ebc89b3d28b", "tests/unit/__init__.py": "da39a3ee5e6b4b0d3255bfef95601890afd80709", "tests/unit/test_server.py": "948c1995d4008bc2aa6c4046a34ffa3858d6d671", "tests/unit/test_source_hashes.py": "00468a2907583c593e6574a1f6b404e4651c221a"}, "modules": {"ptd_client_server.lib.client": "lib/client.py", "ptd_client_server.lib.common": "lib/common.py", "ptd_client_server.lib.external.ntplib": "lib/external/ntplib.py", "ptd_client_server.lib.source_hashes": "lib/source_hashes.py", "ptd_client_server.lib.summary": "lib/summary.py", "ptd_client_server.lib.time_sync": "lib/time_sync.py"}}
client 2023-07-16 01:11:56,263 [INFO] Running workload in ranging mode
client 2023-07-16 01:11:56,263 [INFO] Synchronizing with the server and with time.google.com...
client 2023-07-16 01:11:56,294 [INFO] NTP:offset = -0.003 s, delay = 0.017 s 
client 2023-07-16 01:11:56,294 [INFO] Sending command to the server: 'time'
client 2023-07-16 01:11:56,298 [INFO] Got response: '1689466316.1813295'
client 2023-07-16 01:11:56,298 [INFO] The time difference between the client and the server is within range 113.334 ms..117.356 ms
client 2023-07-16 01:11:56,298 [INFO] Sending command to the server: 'session,2023-07-16_01-11-56,start,ranging'
client 2023-07-16 01:12:25,008 [INFO] Got response: 'OK'
client 2023-07-16 01:12:25,009 [INFO] Sending command to the server: 'time'
client 2023-07-16 01:12:25,013 [INFO] Got response: '1689466344.8879876'
client 2023-07-16 01:12:25,014 [INFO] The time difference between the client and the server is within range 121.334 ms..126.333 ms
client 2023-07-16 01:12:25,014 [INFO] Running the workload 'CM_MLPERF_RUN_COUNT=$(cat ${CM_RUN_DIR}/count.txt); echo ${CM_MLPERF_RUN_COUNT}; CM_MLPERF_RUN_COUNT=$((CM_MLPERF_RUN_COUNT+1)); echo ${CM_MLPERF_RUN_COUNT} > ${CM_RUN_DIR}/count.txt && if [ ${CM_MLPERF_RUN_COUNT} -eq "1" ]; then export CM_MLPERF_USER_CONF=${CM_MLPERF_RANGING_USER_CONF}; else export CM_MLPERF_USER_CONF=${CM_MLPERF_TESTING_USER_CONF}; fi && /home/arjun/run.out'
client 2023-07-16 01:17:32,312 [INFO] Sending command to the server: 'time'
client 2023-07-16 01:17:32,317 [INFO] Got response: '1689466652.1895015'
client 2023-07-16 01:17:32,317 [INFO] The time difference between the client and the server is within range 122.656 ms..128.394 ms
client 2023-07-16 01:17:32,318 [INFO] Sending command to the server: 'session,2023-07-16_01-11-56,stop,ranging'
client 2023-07-16 01:17:43,244 [INFO] Got response: 'OK'
client 2023-07-16 01:17:43,245 [INFO] Sending command to the server: 'time'
client 2023-07-16 01:17:43,249 [INFO] Got response: '1689466663.131026'
client 2023-07-16 01:17:43,249 [INFO] The time difference between the client and the server is within range 114.509 ms..118.878 ms
client 2023-07-16 01:17:43,283 [INFO] Copying loadgen logs from '/home/arjun/mobilenet_results/valid_results/raspberrypi-tflite_armnn_cpp-cpu-armnn_tflite-v23.05-using_neon/mobilenet-v2-precision_float-0.75-160/singlestream/performance/run_1' to '/home/arjun/mobilenet_results/valid_results/raspberrypi-tflite_armnn_cpp-cpu-armnn_tflite-v23.05-using_neon/mobilenet-v2-precision_float-0.75-160/singlestream/performance/tmp_power/ranging'
client 2023-07-16 01:17:43,287 [INFO] Running workload in testing mode
client 2023-07-16 01:17:43,287 [INFO] Synchronizing with the server and with time.google.com...
client 2023-07-16 01:17:43,322 [INFO] NTP:offset = -0.001 s, delay = 0.017 s 
client 2023-07-16 01:17:43,323 [INFO] Sending command to the server: 'time'
client 2023-07-16 01:17:43,328 [INFO] Got response: '1689466663.2020247'
client 2023-07-16 01:17:43,329 [INFO] The time difference between the client and the server is within range 121.358 ms..127.176 ms
client 2023-07-16 01:17:43,329 [INFO] Sending command to the server: 'session,2023-07-16_01-11-56,start,testing'
client 2023-07-16 01:17:56,365 [INFO] Got response: 'OK'
client 2023-07-16 01:17:56,366 [INFO] Sending command to the server: 'time'
client 2023-07-16 01:17:56,369 [INFO] Got response: '1689466676.2452216'
client 2023-07-16 01:17:56,370 [INFO] The time difference between the client and the server is within range 120.830 ms..124.702 ms
client 2023-07-16 01:17:56,370 [INFO] Running the workload 'CM_MLPERF_RUN_COUNT=$(cat ${CM_RUN_DIR}/count.txt); echo ${CM_MLPERF_RUN_COUNT}; CM_MLPERF_RUN_COUNT=$((CM_MLPERF_RUN_COUNT+1)); echo ${CM_MLPERF_RUN_COUNT} > ${CM_RUN_DIR}/count.txt && if [ ${CM_MLPERF_RUN_COUNT} -eq "1" ]; then export CM_MLPERF_USER_CONF=${CM_MLPERF_RANGING_USER_CONF}; else export CM_MLPERF_USER_CONF=${CM_MLPERF_TESTING_USER_CONF}; fi && /home/arjun/run.out'
client 2023-07-16 01:28:08,102 [INFO] Sending command to the server: 'time'
client 2023-07-16 01:28:08,108 [INFO] Got response: '1689467287.9894228'
client 2023-07-16 01:28:08,108 [INFO] The time difference between the client and the server is within range 113.265 ms..118.928 ms
client 2023-07-16 01:28:08,108 [INFO] Sending command to the server: 'session,2023-07-16_01-11-56,stop,testing'
client 2023-07-16 01:28:18,417 [INFO] Got response: 'OK'
client 2023-07-16 01:28:18,417 [INFO] Sending command to the server: 'time'
client 2023-07-16 01:28:18,431 [INFO] Got response: '1689467298.3108666'
client 2023-07-16 01:28:18,431 [INFO] The time difference between the client and the server is within range 106.851 ms..120.717 ms
client 2023-07-16 01:28:18,437 [INFO] Copying loadgen logs from '/home/arjun/mobilenet_results/valid_results/raspberrypi-tflite_armnn_cpp-cpu-armnn_tflite-v23.05-using_neon/mobilenet-v2-precision_float-0.75-160/singlestream/performance/run_1' to '/home/arjun/mobilenet_results/valid_results/raspberrypi-tflite_armnn_cpp-cpu-armnn_tflite-v23.05-using_neon/mobilenet-v2-precision_float-0.75-160/singlestream/performance/tmp_power/run_1'
client 2023-07-16 01:28:18,440 [INFO] Done runs
