client 2023-08-07 19:40:05,462 [INFO] Creating output directory '/home/arjun/mobilenet_results/valid_results/orin-tflite_armnn_cpp-cpu-armnn_tflite-v23.05-using_neon/efficientnet-fp32-lite2/singlestream/performance/tmp_power'
client 2023-08-07 19:40:05,465 [INFO] Sending command to the server: 'mlcommons/power client v3'
client 2023-08-07 19:40:05,474 [INFO] Got response: 'mlcommons/power server v3'
client 2023-08-07 19:40:05,474 [INFO] Synchronizing with the server and with time.google.com...
client 2023-08-07 19:40:05,492 [INFO] NTP:offset = -0.000 s, delay = 0.015 s 
client 2023-08-07 19:40:05,492 [INFO] Sending command to the server: 'time'
client 2023-08-07 19:40:05,495 [INFO] Got response: '1691433605.3905861'
client 2023-08-07 19:40:05,495 [INFO] The time difference between the client and the server is within range 101.597 ms..105.201 ms
client 2023-08-07 19:40:05,495 [INFO] Sending command to the server: 'new,,c7b57776-c519-42ff-9184-5e8206dbc2cb'
client 2023-08-07 19:40:05,504 [INFO] Got response: 'OK 2023-08-07_19-40-05,5b2e22ba-2946-4302-84e1-c2e027b7526d'
client 2023-08-07 19:40:05,504 [INFO] Session id is '2023-08-07_19-40-05'
client 2023-08-07 19:40:05,505 [INFO] Sources: {"sources": {"__init__.py": "da39a3ee5e6b4b0d3255bfef95601890afd80709", "client.py": "33ca4f26368777ac06e01f9567b714a4b8063886", "lib/__init__.py": "da39a3ee5e6b4b0d3255bfef95601890afd80709", "lib/client.py": "ac2aa093c8e8bbc9569b9e2a3471bc64e58a2258", "lib/common.py": "611d8b29633d331eb19c9455ea3b5fa3284ed6df", "lib/external/__init__.py": "da39a3ee5e6b4b0d3255bfef95601890afd80709", "lib/external/ntplib.py": "4da8f970656505a40483206ef2b5d3dd5e81711d", "lib/server.py": "c7af63c31bb2fbedea4345f571f6e3507d268ada", "lib/source_hashes.py": "60a2e02193209e8d392803326208d5466342da18", "lib/summary.py": "aa92f0a3f975eecd44d3c0cd0236342ccc9f941d", "lib/time_sync.py": "122eba67a9abc85635223e054def53be1367ade2", "server.py": "c3f90f2f7eeb4db30727556d0c815ebc89b3d28b", "tests/unit/__init__.py": "da39a3ee5e6b4b0d3255bfef95601890afd80709", "tests/unit/test_server.py": "948c1995d4008bc2aa6c4046a34ffa3858d6d671", "tests/unit/test_source_hashes.py": "00468a2907583c593e6574a1f6b404e4651c221a"}, "modules": {"ptd_client_server.lib.client": "lib/client.py", "ptd_client_server.lib.common": "lib/common.py", "ptd_client_server.lib.external.ntplib": "lib/external/ntplib.py", "ptd_client_server.lib.source_hashes": "lib/source_hashes.py", "ptd_client_server.lib.summary": "lib/summary.py", "ptd_client_server.lib.time_sync": "lib/time_sync.py"}}
client 2023-08-07 19:40:05,505 [INFO] Running workload in ranging mode
client 2023-08-07 19:40:05,505 [INFO] Synchronizing with the server and with time.google.com...
client 2023-08-07 19:40:05,517 [INFO] NTP:offset = 0.001 s, delay = 0.011 s 
client 2023-08-07 19:40:05,517 [INFO] Sending command to the server: 'time'
client 2023-08-07 19:40:05,531 [INFO] Got response: '1691433605.4216697'
client 2023-08-07 19:40:05,531 [INFO] The time difference between the client and the server is within range 96.085 ms..110.284 ms
client 2023-08-07 19:40:05,532 [INFO] Sending command to the server: 'session,2023-08-07_19-40-05,start,ranging'
client 2023-08-07 19:40:34,236 [INFO] Got response: 'OK'
client 2023-08-07 19:40:34,236 [INFO] Sending command to the server: 'time'
client 2023-08-07 19:40:34,247 [INFO] Got response: '1691433634.1390584'
client 2023-08-07 19:40:34,247 [INFO] The time difference between the client and the server is within range 97.176 ms..108.472 ms
client 2023-08-07 19:40:34,247 [INFO] Running the workload 'CM_MLPERF_RUN_COUNT=$(cat ${CM_RUN_DIR}/count.txt); echo ${CM_MLPERF_RUN_COUNT}; CM_MLPERF_RUN_COUNT=$((CM_MLPERF_RUN_COUNT+1)); echo ${CM_MLPERF_RUN_COUNT} > ${CM_RUN_DIR}/count.txt && if [ ${CM_MLPERF_RUN_COUNT} -eq "1" ]; then export CM_MLPERF_USER_CONF=${CM_MLPERF_RANGING_USER_CONF}; else export CM_MLPERF_USER_CONF=${CM_MLPERF_TESTING_USER_CONF}; fi && /mount/CM/repos/ctuning@mlcommons-ck/cm-mlops/script/run-all-mlperf-models/run.out'
client 2023-08-07 19:45:39,514 [INFO] Sending command to the server: 'time'
client 2023-08-07 19:45:39,517 [INFO] Got response: '1691433939.409402'
client 2023-08-07 19:45:39,517 [INFO] The time difference between the client and the server is within range 104.558 ms..108.346 ms
client 2023-08-07 19:45:39,517 [INFO] Sending command to the server: 'session,2023-08-07_19-40-05,stop,ranging'
client 2023-08-07 19:45:50,526 [INFO] Got response: 'OK'
client 2023-08-07 19:45:50,526 [INFO] Sending command to the server: 'time'
client 2023-08-07 19:45:50,529 [INFO] Got response: '1691433950.4238558'
client 2023-08-07 19:45:50,529 [INFO] The time difference between the client and the server is within range 102.719 ms..105.619 ms
client 2023-08-07 19:45:50,532 [INFO] Copying loadgen logs from '/home/arjun/mobilenet_results/valid_results/orin-tflite_armnn_cpp-cpu-armnn_tflite-v23.05-using_neon/efficientnet-fp32-lite2/singlestream/performance/run_1' to '/home/arjun/mobilenet_results/valid_results/orin-tflite_armnn_cpp-cpu-armnn_tflite-v23.05-using_neon/efficientnet-fp32-lite2/singlestream/performance/tmp_power/ranging'
client 2023-08-07 19:45:50,533 [INFO] Running workload in testing mode
client 2023-08-07 19:45:50,533 [INFO] Synchronizing with the server and with time.google.com...
client 2023-08-07 19:45:50,549 [INFO] NTP:offset = 0.001 s, delay = 0.014 s 
client 2023-08-07 19:45:50,549 [INFO] Sending command to the server: 'time'
client 2023-08-07 19:45:50,572 [INFO] Got response: '1691433950.4537716'
client 2023-08-07 19:45:50,572 [INFO] The time difference between the client and the server is within range 95.370 ms..118.637 ms
client 2023-08-07 19:45:50,572 [INFO] Sending command to the server: 'session,2023-08-07_19-40-05,start,testing'
client 2023-08-07 19:46:03,623 [INFO] Got response: 'OK'
client 2023-08-07 19:46:03,624 [INFO] Sending command to the server: 'time'
client 2023-08-07 19:46:03,629 [INFO] Got response: '1691433963.5182364'
client 2023-08-07 19:46:03,630 [INFO] The time difference between the client and the server is within range 105.837 ms..111.758 ms
client 2023-08-07 19:46:03,630 [INFO] Running the workload 'CM_MLPERF_RUN_COUNT=$(cat ${CM_RUN_DIR}/count.txt); echo ${CM_MLPERF_RUN_COUNT}; CM_MLPERF_RUN_COUNT=$((CM_MLPERF_RUN_COUNT+1)); echo ${CM_MLPERF_RUN_COUNT} > ${CM_RUN_DIR}/count.txt && if [ ${CM_MLPERF_RUN_COUNT} -eq "1" ]; then export CM_MLPERF_USER_CONF=${CM_MLPERF_RANGING_USER_CONF}; else export CM_MLPERF_USER_CONF=${CM_MLPERF_TESTING_USER_CONF}; fi && /mount/CM/repos/ctuning@mlcommons-ck/cm-mlops/script/run-all-mlperf-models/run.out'
client 2023-08-07 19:56:05,965 [INFO] Sending command to the server: 'time'
client 2023-08-07 19:56:05,970 [INFO] Got response: '1691434565.8630786'
client 2023-08-07 19:56:05,970 [INFO] The time difference between the client and the server is within range 102.830 ms..107.752 ms
client 2023-08-07 19:56:05,970 [INFO] Sending command to the server: 'session,2023-08-07_19-40-05,stop,testing'
client 2023-08-07 19:56:16,987 [INFO] Got response: 'OK'
client 2023-08-07 19:56:16,987 [INFO] Sending command to the server: 'time'
client 2023-08-07 19:56:16,990 [INFO] Got response: '1691434576.8747032'
client 2023-08-07 19:56:16,990 [INFO] The time difference between the client and the server is within range 113.119 ms..115.969 ms
client 2023-08-07 19:56:16,991 [INFO] Copying loadgen logs from '/home/arjun/mobilenet_results/valid_results/orin-tflite_armnn_cpp-cpu-armnn_tflite-v23.05-using_neon/efficientnet-fp32-lite2/singlestream/performance/run_1' to '/home/arjun/mobilenet_results/valid_results/orin-tflite_armnn_cpp-cpu-armnn_tflite-v23.05-using_neon/efficientnet-fp32-lite2/singlestream/performance/tmp_power/run_1'
client 2023-08-07 19:56:16,992 [INFO] Done runs
