client 2023-08-07 12:06:57,664 [INFO] Creating output directory '/home/arjun/mobilenet_results/valid_results/orin-tflite_armnn_cpp-cpu-armnn_tflite-v23.05-using_neon/mobilenet-v2-precision_float-0.75-128/singlestream/performance/tmp_power'
client 2023-08-07 12:06:57,668 [INFO] Sending command to the server: 'mlcommons/power client v3'
client 2023-08-07 12:06:57,671 [INFO] Got response: 'mlcommons/power server v3'
client 2023-08-07 12:06:57,671 [INFO] Synchronizing with the server and with time.google.com...
client 2023-08-07 12:06:57,690 [INFO] NTP:offset = -0.002 s, delay = 0.016 s 
client 2023-08-07 12:06:57,690 [INFO] Sending command to the server: 'time'
client 2023-08-07 12:06:57,693 [INFO] Got response: '1691406417.5729344'
client 2023-08-07 12:06:57,693 [INFO] The time difference between the client and the server is within range 117.765 ms..120.304 ms
client 2023-08-07 12:06:57,693 [INFO] Sending command to the server: 'new,,be3a0997-ceaa-48c9-bac7-3eadde9ae93c'
client 2023-08-07 12:06:57,696 [INFO] Got response: 'OK 2023-08-07_12-06-57,79340b61-bf12-4170-b44f-3550bd93cd59'
client 2023-08-07 12:06:57,696 [INFO] Session id is '2023-08-07_12-06-57'
client 2023-08-07 12:06:57,696 [INFO] Sources: {"sources": {"__init__.py": "da39a3ee5e6b4b0d3255bfef95601890afd80709", "client.py": "33ca4f26368777ac06e01f9567b714a4b8063886", "lib/__init__.py": "da39a3ee5e6b4b0d3255bfef95601890afd80709", "lib/client.py": "ac2aa093c8e8bbc9569b9e2a3471bc64e58a2258", "lib/common.py": "611d8b29633d331eb19c9455ea3b5fa3284ed6df", "lib/external/__init__.py": "da39a3ee5e6b4b0d3255bfef95601890afd80709", "lib/external/ntplib.py": "4da8f970656505a40483206ef2b5d3dd5e81711d", "lib/server.py": "c7af63c31bb2fbedea4345f571f6e3507d268ada", "lib/source_hashes.py": "60a2e02193209e8d392803326208d5466342da18", "lib/summary.py": "aa92f0a3f975eecd44d3c0cd0236342ccc9f941d", "lib/time_sync.py": "122eba67a9abc85635223e054def53be1367ade2", "server.py": "c3f90f2f7eeb4db30727556d0c815ebc89b3d28b", "tests/unit/__init__.py": "da39a3ee5e6b4b0d3255bfef95601890afd80709", "tests/unit/test_server.py": "948c1995d4008bc2aa6c4046a34ffa3858d6d671", "tests/unit/test_source_hashes.py": "00468a2907583c593e6574a1f6b404e4651c221a"}, "modules": {"ptd_client_server.lib.client": "lib/client.py", "ptd_client_server.lib.common": "lib/common.py", "ptd_client_server.lib.external.ntplib": "lib/external/ntplib.py", "ptd_client_server.lib.source_hashes": "lib/source_hashes.py", "ptd_client_server.lib.summary": "lib/summary.py", "ptd_client_server.lib.time_sync": "lib/time_sync.py"}}
client 2023-08-07 12:06:57,696 [INFO] Running workload in ranging mode
client 2023-08-07 12:06:57,696 [INFO] Synchronizing with the server and with time.google.com...
client 2023-08-07 12:06:57,712 [INFO] NTP:offset = -0.003 s, delay = 0.014 s 
client 2023-08-07 12:06:57,712 [INFO] Sending command to the server: 'time'
client 2023-08-07 12:06:57,714 [INFO] Got response: '1691406417.5940704'
client 2023-08-07 12:06:57,714 [INFO] The time difference between the client and the server is within range 118.012 ms..120.759 ms
client 2023-08-07 12:06:57,714 [INFO] Sending command to the server: 'session,2023-08-07_12-06-57,start,ranging'
client 2023-08-07 12:07:26,408 [INFO] Got response: 'OK'
client 2023-08-07 12:07:26,408 [INFO] Sending command to the server: 'time'
client 2023-08-07 12:07:26,411 [INFO] Got response: '1691406446.2909548'
client 2023-08-07 12:07:26,411 [INFO] The time difference between the client and the server is within range 117.420 ms..121.016 ms
client 2023-08-07 12:07:26,412 [INFO] Running the workload 'CM_MLPERF_RUN_COUNT=$(cat ${CM_RUN_DIR}/count.txt); echo ${CM_MLPERF_RUN_COUNT}; CM_MLPERF_RUN_COUNT=$((CM_MLPERF_RUN_COUNT+1)); echo ${CM_MLPERF_RUN_COUNT} > ${CM_RUN_DIR}/count.txt && if [ ${CM_MLPERF_RUN_COUNT} -eq "1" ]; then export CM_MLPERF_USER_CONF=${CM_MLPERF_RANGING_USER_CONF}; else export CM_MLPERF_USER_CONF=${CM_MLPERF_TESTING_USER_CONF}; fi && /mount/CM/repos/ctuning@mlcommons-ck/cm-mlops/script/run-all-mlperf-models/run.out'
client 2023-08-07 12:12:27,792 [INFO] Sending command to the server: 'time'
client 2023-08-07 12:12:27,796 [INFO] Got response: '1691406747.6722023'
client 2023-08-07 12:12:27,796 [INFO] The time difference between the client and the server is within range 120.632 ms..124.280 ms
client 2023-08-07 12:12:27,796 [INFO] Sending command to the server: 'session,2023-08-07_12-06-57,stop,ranging'
client 2023-08-07 12:12:38,635 [INFO] Got response: 'OK'
client 2023-08-07 12:12:38,635 [INFO] Sending command to the server: 'time'
client 2023-08-07 12:12:38,638 [INFO] Got response: '1691406758.511183'
client 2023-08-07 12:12:38,638 [INFO] The time difference between the client and the server is within range 124.798 ms..126.915 ms
client 2023-08-07 12:12:38,641 [INFO] Copying loadgen logs from '/home/arjun/mobilenet_results/valid_results/orin-tflite_armnn_cpp-cpu-armnn_tflite-v23.05-using_neon/mobilenet-v2-precision_float-0.75-128/singlestream/performance/run_1' to '/home/arjun/mobilenet_results/valid_results/orin-tflite_armnn_cpp-cpu-armnn_tflite-v23.05-using_neon/mobilenet-v2-precision_float-0.75-128/singlestream/performance/tmp_power/ranging'
client 2023-08-07 12:12:38,642 [INFO] Running workload in testing mode
client 2023-08-07 12:12:38,642 [INFO] Synchronizing with the server and with time.google.com...
client 2023-08-07 12:12:38,658 [INFO] NTP:offset = -0.002 s, delay = 0.014 s 
client 2023-08-07 12:12:38,658 [INFO] Sending command to the server: 'time'
client 2023-08-07 12:12:38,662 [INFO] Got response: '1691406758.5413876'
client 2023-08-07 12:12:38,662 [INFO] The time difference between the client and the server is within range 116.822 ms..121.319 ms
client 2023-08-07 12:12:38,662 [INFO] Sending command to the server: 'session,2023-08-07_12-06-57,start,testing'
client 2023-08-07 12:12:51,702 [INFO] Got response: 'OK'
client 2023-08-07 12:12:51,702 [INFO] Sending command to the server: 'time'
client 2023-08-07 12:12:51,706 [INFO] Got response: '1691406771.578821'
client 2023-08-07 12:12:51,706 [INFO] The time difference between the client and the server is within range 123.756 ms..127.397 ms
client 2023-08-07 12:12:51,706 [INFO] Running the workload 'CM_MLPERF_RUN_COUNT=$(cat ${CM_RUN_DIR}/count.txt); echo ${CM_MLPERF_RUN_COUNT}; CM_MLPERF_RUN_COUNT=$((CM_MLPERF_RUN_COUNT+1)); echo ${CM_MLPERF_RUN_COUNT} > ${CM_RUN_DIR}/count.txt && if [ ${CM_MLPERF_RUN_COUNT} -eq "1" ]; then export CM_MLPERF_USER_CONF=${CM_MLPERF_RANGING_USER_CONF}; else export CM_MLPERF_USER_CONF=${CM_MLPERF_TESTING_USER_CONF}; fi && /mount/CM/repos/ctuning@mlcommons-ck/cm-mlops/script/run-all-mlperf-models/run.out'
client 2023-08-07 12:22:53,993 [INFO] Sending command to the server: 'time'
client 2023-08-07 12:22:53,997 [INFO] Got response: '1691407373.8728435'
client 2023-08-07 12:22:53,997 [INFO] The time difference between the client and the server is within range 120.442 ms..125.066 ms
client 2023-08-07 12:22:53,998 [INFO] Sending command to the server: 'session,2023-08-07_12-06-57,stop,testing'
client 2023-08-07 12:23:04,769 [INFO] Got response: 'OK'
client 2023-08-07 12:23:04,769 [INFO] Sending command to the server: 'time'
client 2023-08-07 12:23:04,771 [INFO] Got response: '1691407384.6416366'
client 2023-08-07 12:23:04,771 [INFO] The time difference between the client and the server is within range 128.227 ms..129.964 ms
client 2023-08-07 12:23:04,772 [INFO] Copying loadgen logs from '/home/arjun/mobilenet_results/valid_results/orin-tflite_armnn_cpp-cpu-armnn_tflite-v23.05-using_neon/mobilenet-v2-precision_float-0.75-128/singlestream/performance/run_1' to '/home/arjun/mobilenet_results/valid_results/orin-tflite_armnn_cpp-cpu-armnn_tflite-v23.05-using_neon/mobilenet-v2-precision_float-0.75-128/singlestream/performance/tmp_power/run_1'
client 2023-08-07 12:23:04,773 [INFO] Done runs
