client 2023-07-20 06:01:43,340 [INFO] Creating output directory '/home/arjun/mobilenet_results/valid_results/raspberrypi-tflite_armnn_cpp-cpu-armnn_tflite-v22.11-using_neon/mobilenet-v2-precision_uint8-0.5-128/singlestream/performance/tmp_power'
client 2023-07-20 06:01:43,344 [INFO] Sending command to the server: 'mlcommons/power client v3'
client 2023-07-20 06:01:43,347 [INFO] Got response: 'mlcommons/power server v3'
client 2023-07-20 06:01:43,347 [INFO] Synchronizing with the server and with time.google.com...
client 2023-07-20 06:01:43,395 [INFO] NTP:offset = 0.003 s, delay = 0.017 s 
client 2023-07-20 06:01:43,395 [INFO] Sending command to the server: 'time'
client 2023-07-20 06:01:43,398 [INFO] Got response: '1689829303.3169'
client 2023-07-20 06:01:43,399 [INFO] The time difference between the client and the server is within range 78.575 ms..82.139 ms
client 2023-07-20 06:01:43,399 [INFO] Sending command to the server: 'new,,59709460-7360-4b04-bffc-2806ee8c903c'
client 2023-07-20 06:01:43,404 [INFO] Got response: 'OK 2023-07-20_06-01-43,8c5ab89d-8d95-4bef-867c-39a243c08531'
client 2023-07-20 06:01:43,404 [INFO] Session id is '2023-07-20_06-01-43'
client 2023-07-20 06:01:43,404 [INFO] Sources: {"sources": {"__init__.py": "da39a3ee5e6b4b0d3255bfef95601890afd80709", "client.py": "33ca4f26368777ac06e01f9567b714a4b8063886", "lib/__init__.py": "da39a3ee5e6b4b0d3255bfef95601890afd80709", "lib/client.py": "ac2aa093c8e8bbc9569b9e2a3471bc64e58a2258", "lib/common.py": "611d8b29633d331eb19c9455ea3b5fa3284ed6df", "lib/external/__init__.py": "da39a3ee5e6b4b0d3255bfef95601890afd80709", "lib/external/ntplib.py": "4da8f970656505a40483206ef2b5d3dd5e81711d", "lib/server.py": "c7af63c31bb2fbedea4345f571f6e3507d268ada", "lib/source_hashes.py": "60a2e02193209e8d392803326208d5466342da18", "lib/summary.py": "aa92f0a3f975eecd44d3c0cd0236342ccc9f941d", "lib/time_sync.py": "122eba67a9abc85635223e054def53be1367ade2", "server.py": "c3f90f2f7eeb4db30727556d0c815ebc89b3d28b", "tests/unit/__init__.py": "da39a3ee5e6b4b0d3255bfef95601890afd80709", "tests/unit/test_server.py": "948c1995d4008bc2aa6c4046a34ffa3858d6d671", "tests/unit/test_source_hashes.py": "00468a2907583c593e6574a1f6b404e4651c221a"}, "modules": {"ptd_client_server.lib.client": "lib/client.py", "ptd_client_server.lib.common": "lib/common.py", "ptd_client_server.lib.external.ntplib": "lib/external/ntplib.py", "ptd_client_server.lib.source_hashes": "lib/source_hashes.py", "ptd_client_server.lib.summary": "lib/summary.py", "ptd_client_server.lib.time_sync": "lib/time_sync.py"}}
client 2023-07-20 06:01:43,404 [INFO] Running workload in ranging mode
client 2023-07-20 06:01:43,404 [INFO] Synchronizing with the server and with time.google.com...
client 2023-07-20 06:01:43,433 [INFO] NTP:offset = 0.002 s, delay = 0.014 s 
client 2023-07-20 06:01:43,433 [INFO] Sending command to the server: 'time'
client 2023-07-20 06:01:43,437 [INFO] Got response: '1689829303.3571997'
client 2023-07-20 06:01:43,437 [INFO] The time difference between the client and the server is within range 76.587 ms..80.122 ms
client 2023-07-20 06:01:43,437 [INFO] Sending command to the server: 'session,2023-07-20_06-01-43,start,ranging'
client 2023-07-20 06:02:12,109 [INFO] Got response: 'OK'
client 2023-07-20 06:02:12,110 [INFO] Sending command to the server: 'time'
client 2023-07-20 06:02:12,114 [INFO] Got response: '1689829332.0372798'
client 2023-07-20 06:02:12,114 [INFO] The time difference between the client and the server is within range 72.887 ms..77.559 ms
client 2023-07-20 06:02:12,115 [INFO] Running the workload 'CM_MLPERF_RUN_COUNT=$(cat ${CM_RUN_DIR}/count.txt); echo ${CM_MLPERF_RUN_COUNT}; CM_MLPERF_RUN_COUNT=$((CM_MLPERF_RUN_COUNT+1)); echo ${CM_MLPERF_RUN_COUNT} > ${CM_RUN_DIR}/count.txt && if [ ${CM_MLPERF_RUN_COUNT} -eq "1" ]; then export CM_MLPERF_USER_CONF=${CM_MLPERF_RANGING_USER_CONF}; else export CM_MLPERF_USER_CONF=${CM_MLPERF_TESTING_USER_CONF}; fi && /home/arjun/CM/repos/ctuning@mlcommons-ck/cm-mlops/script/get-lib-armnn/run.out'
client 2023-07-20 06:07:22,317 [INFO] Sending command to the server: 'time'
client 2023-07-20 06:07:22,322 [INFO] Got response: '1689829642.2335467'
client 2023-07-20 06:07:22,323 [INFO] The time difference between the client and the server is within range 83.159 ms..89.467 ms
client 2023-07-20 06:07:22,323 [INFO] Sending command to the server: 'session,2023-07-20_06-01-43,stop,ranging'
client 2023-07-20 06:07:33,467 [INFO] Got response: 'OK'
client 2023-07-20 06:07:33,468 [INFO] Sending command to the server: 'time'
client 2023-07-20 06:07:33,471 [INFO] Got response: '1689829653.3864982'
client 2023-07-20 06:07:33,472 [INFO] The time difference between the client and the server is within range 81.712 ms..85.556 ms
client 2023-07-20 06:07:33,510 [INFO] Copying loadgen logs from '/home/arjun/mobilenet_results/valid_results/raspberrypi-tflite_armnn_cpp-cpu-armnn_tflite-v22.11-using_neon/mobilenet-v2-precision_uint8-0.5-128/singlestream/performance/run_1' to '/home/arjun/mobilenet_results/valid_results/raspberrypi-tflite_armnn_cpp-cpu-armnn_tflite-v22.11-using_neon/mobilenet-v2-precision_uint8-0.5-128/singlestream/performance/tmp_power/ranging'
client 2023-07-20 06:07:33,514 [INFO] Running workload in testing mode
client 2023-07-20 06:07:33,514 [INFO] Synchronizing with the server and with time.google.com...
client 2023-07-20 06:07:33,548 [INFO] NTP:offset = 0.002 s, delay = 0.014 s 
client 2023-07-20 06:07:33,548 [INFO] Sending command to the server: 'time'
client 2023-07-20 06:07:33,552 [INFO] Got response: '1689829653.468422'
client 2023-07-20 06:07:33,552 [INFO] The time difference between the client and the server is within range 79.999 ms..84.202 ms
client 2023-07-20 06:07:33,552 [INFO] Sending command to the server: 'session,2023-07-20_06-01-43,start,testing'
client 2023-07-20 06:07:46,591 [INFO] Got response: 'OK'
client 2023-07-20 06:07:46,592 [INFO] Sending command to the server: 'time'
client 2023-07-20 06:07:46,595 [INFO] Got response: '1689829666.5155945'
client 2023-07-20 06:07:46,596 [INFO] The time difference between the client and the server is within range 76.627 ms..80.623 ms
client 2023-07-20 06:07:46,596 [INFO] Running the workload 'CM_MLPERF_RUN_COUNT=$(cat ${CM_RUN_DIR}/count.txt); echo ${CM_MLPERF_RUN_COUNT}; CM_MLPERF_RUN_COUNT=$((CM_MLPERF_RUN_COUNT+1)); echo ${CM_MLPERF_RUN_COUNT} > ${CM_RUN_DIR}/count.txt && if [ ${CM_MLPERF_RUN_COUNT} -eq "1" ]; then export CM_MLPERF_USER_CONF=${CM_MLPERF_RANGING_USER_CONF}; else export CM_MLPERF_USER_CONF=${CM_MLPERF_TESTING_USER_CONF}; fi && /home/arjun/CM/repos/ctuning@mlcommons-ck/cm-mlops/script/get-lib-armnn/run.out'
client 2023-07-20 06:18:04,509 [INFO] Sending command to the server: 'time'
client 2023-07-20 06:18:04,514 [INFO] Got response: '1689830284.4208384'
client 2023-07-20 06:18:04,515 [INFO] The time difference between the client and the server is within range 88.601 ms..94.312 ms
client 2023-07-20 06:18:04,515 [INFO] Sending command to the server: 'session,2023-07-20_06-01-43,stop,testing'
client 2023-07-20 06:18:14,690 [INFO] Got response: 'OK'
client 2023-07-20 06:18:14,691 [INFO] Sending command to the server: 'time'
client 2023-07-20 06:18:14,703 [INFO] Got response: '1689830294.6134107'
client 2023-07-20 06:18:14,704 [INFO] The time difference between the client and the server is within range 78.059 ms..90.696 ms
client 2023-07-20 06:18:14,711 [INFO] Copying loadgen logs from '/home/arjun/mobilenet_results/valid_results/raspberrypi-tflite_armnn_cpp-cpu-armnn_tflite-v22.11-using_neon/mobilenet-v2-precision_uint8-0.5-128/singlestream/performance/run_1' to '/home/arjun/mobilenet_results/valid_results/raspberrypi-tflite_armnn_cpp-cpu-armnn_tflite-v22.11-using_neon/mobilenet-v2-precision_uint8-0.5-128/singlestream/performance/tmp_power/run_1'
client 2023-07-20 06:18:14,714 [INFO] Done runs
