client 2023-07-19 22:41:23,787 [INFO] Creating output directory '/home/arjun/mobilenet_results/valid_results/raspberrypi-tflite_armnn_cpp-cpu-armnn_tflite-v22.11-using_neon/mobilenet-v1-precision_uint8-0.25-160/singlestream/performance/tmp_power'
client 2023-07-19 22:41:23,793 [INFO] Sending command to the server: 'mlcommons/power client v3'
client 2023-07-19 22:41:23,797 [INFO] Got response: 'mlcommons/power server v3'
client 2023-07-19 22:41:23,798 [INFO] Synchronizing with the server and with time.google.com...
client 2023-07-19 22:41:23,849 [INFO] NTP:offset = -0.061 s, delay = 0.015 s 
client 2023-07-19 22:41:23,851 [INFO] Sending command to the server: 'time'
client 2023-07-19 22:41:23,855 [INFO] Got response: '1689802883.6930826'
client 2023-07-19 22:41:23,856 [INFO] The time difference between the client and the server is within range 158.140 ms..163.382 ms
client 2023-07-19 22:41:23,857 [INFO] Sending command to the server: 'new,,ca96225a-7d38-403c-a257-bf5c03faa8bb'
client 2023-07-19 22:41:23,863 [INFO] Got response: 'OK 2023-07-19_22-41-23,6e54507a-07bd-48b3-a7be-88011385b312'
client 2023-07-19 22:41:23,863 [INFO] Session id is '2023-07-19_22-41-23'
client 2023-07-19 22:41:23,864 [INFO] Sources: {"sources": {"__init__.py": "da39a3ee5e6b4b0d3255bfef95601890afd80709", "client.py": "33ca4f26368777ac06e01f9567b714a4b8063886", "lib/__init__.py": "da39a3ee5e6b4b0d3255bfef95601890afd80709", "lib/client.py": "ac2aa093c8e8bbc9569b9e2a3471bc64e58a2258", "lib/common.py": "611d8b29633d331eb19c9455ea3b5fa3284ed6df", "lib/external/__init__.py": "da39a3ee5e6b4b0d3255bfef95601890afd80709", "lib/external/ntplib.py": "4da8f970656505a40483206ef2b5d3dd5e81711d", "lib/server.py": "c7af63c31bb2fbedea4345f571f6e3507d268ada", "lib/source_hashes.py": "60a2e02193209e8d392803326208d5466342da18", "lib/summary.py": "aa92f0a3f975eecd44d3c0cd0236342ccc9f941d", "lib/time_sync.py": "122eba67a9abc85635223e054def53be1367ade2", "server.py": "c3f90f2f7eeb4db30727556d0c815ebc89b3d28b", "tests/unit/__init__.py": "da39a3ee5e6b4b0d3255bfef95601890afd80709", "tests/unit/test_server.py": "948c1995d4008bc2aa6c4046a34ffa3858d6d671", "tests/unit/test_source_hashes.py": "00468a2907583c593e6574a1f6b404e4651c221a"}, "modules": {"ptd_client_server.lib.client": "lib/client.py", "ptd_client_server.lib.common": "lib/common.py", "ptd_client_server.lib.external.ntplib": "lib/external/ntplib.py", "ptd_client_server.lib.source_hashes": "lib/source_hashes.py", "ptd_client_server.lib.summary": "lib/summary.py", "ptd_client_server.lib.time_sync": "lib/time_sync.py"}}
client 2023-07-19 22:41:23,865 [INFO] Running workload in ranging mode
client 2023-07-19 22:41:23,865 [INFO] Synchronizing with the server and with time.google.com...
client 2023-07-19 22:41:23,899 [INFO] NTP:offset = -0.060 s, delay = 0.015 s 
client 2023-07-19 22:41:23,900 [INFO] Sending command to the server: 'time'
client 2023-07-19 22:41:23,904 [INFO] Got response: '1689802883.743282'
client 2023-07-19 22:41:23,904 [INFO] The time difference between the client and the server is within range 156.982 ms..161.545 ms
client 2023-07-19 22:41:23,905 [INFO] Sending command to the server: 'session,2023-07-19_22-41-23,start,ranging'
client 2023-07-19 22:41:52,588 [INFO] Got response: 'OK'
client 2023-07-19 22:41:52,589 [INFO] Sending command to the server: 'time'
client 2023-07-19 22:41:52,592 [INFO] Got response: '1689802912.426942'
client 2023-07-19 22:41:52,593 [INFO] The time difference between the client and the server is within range 162.169 ms..166.015 ms
client 2023-07-19 22:41:52,593 [INFO] Running the workload 'CM_MLPERF_RUN_COUNT=$(cat ${CM_RUN_DIR}/count.txt); echo ${CM_MLPERF_RUN_COUNT}; CM_MLPERF_RUN_COUNT=$((CM_MLPERF_RUN_COUNT+1)); echo ${CM_MLPERF_RUN_COUNT} > ${CM_RUN_DIR}/count.txt && if [ ${CM_MLPERF_RUN_COUNT} -eq "1" ]; then export CM_MLPERF_USER_CONF=${CM_MLPERF_RANGING_USER_CONF}; else export CM_MLPERF_USER_CONF=${CM_MLPERF_TESTING_USER_CONF}; fi && /home/arjun/CM/repos/ctuning@mlcommons-ck/cm-mlops/script/get-lib-armnn/run.out'
client 2023-07-19 22:47:02,681 [INFO] Sending command to the server: 'time'
client 2023-07-19 22:47:02,686 [INFO] Got response: '1689803222.5500424'
client 2023-07-19 22:47:02,686 [INFO] The time difference between the client and the server is within range 131.110 ms..136.782 ms
client 2023-07-19 22:47:02,687 [INFO] Sending command to the server: 'session,2023-07-19_22-41-23,stop,ranging'
client 2023-07-19 22:47:13,679 [INFO] Got response: 'OK'
client 2023-07-19 22:47:13,679 [INFO] Sending command to the server: 'time'
client 2023-07-19 22:47:13,683 [INFO] Got response: '1689803233.5480177'
client 2023-07-19 22:47:13,683 [INFO] The time difference between the client and the server is within range 131.679 ms..135.602 ms
client 2023-07-19 22:47:13,713 [INFO] Copying loadgen logs from '/home/arjun/mobilenet_results/valid_results/raspberrypi-tflite_armnn_cpp-cpu-armnn_tflite-v22.11-using_neon/mobilenet-v1-precision_uint8-0.25-160/singlestream/performance/run_1' to '/home/arjun/mobilenet_results/valid_results/raspberrypi-tflite_armnn_cpp-cpu-armnn_tflite-v22.11-using_neon/mobilenet-v1-precision_uint8-0.25-160/singlestream/performance/tmp_power/ranging'
client 2023-07-19 22:47:13,716 [INFO] Running workload in testing mode
client 2023-07-19 22:47:13,717 [INFO] Synchronizing with the server and with time.google.com...
client 2023-07-19 22:47:13,752 [INFO] NTP:offset = -0.032 s, delay = 0.015 s 
client 2023-07-19 22:47:13,752 [INFO] Sending command to the server: 'time'
client 2023-07-19 22:47:13,756 [INFO] Got response: '1689803233.618343'
client 2023-07-19 22:47:13,757 [INFO] The time difference between the client and the server is within range 134.088 ms..138.917 ms
client 2023-07-19 22:47:13,757 [INFO] Sending command to the server: 'session,2023-07-19_22-41-23,start,testing'
client 2023-07-19 22:47:26,788 [INFO] Got response: 'OK'
client 2023-07-19 22:47:26,789 [INFO] Sending command to the server: 'time'
client 2023-07-19 22:47:26,792 [INFO] Got response: '1689803246.6598697'
client 2023-07-19 22:47:26,793 [INFO] The time difference between the client and the server is within range 129.391 ms..133.430 ms
client 2023-07-19 22:47:26,793 [INFO] Running the workload 'CM_MLPERF_RUN_COUNT=$(cat ${CM_RUN_DIR}/count.txt); echo ${CM_MLPERF_RUN_COUNT}; CM_MLPERF_RUN_COUNT=$((CM_MLPERF_RUN_COUNT+1)); echo ${CM_MLPERF_RUN_COUNT} > ${CM_RUN_DIR}/count.txt && if [ ${CM_MLPERF_RUN_COUNT} -eq "1" ]; then export CM_MLPERF_USER_CONF=${CM_MLPERF_RANGING_USER_CONF}; else export CM_MLPERF_USER_CONF=${CM_MLPERF_TESTING_USER_CONF}; fi && /home/arjun/CM/repos/ctuning@mlcommons-ck/cm-mlops/script/get-lib-armnn/run.out'
client 2023-07-19 22:57:41,837 [INFO] Sending command to the server: 'time'
client 2023-07-19 22:57:41,842 [INFO] Got response: '1689803861.7346203'
client 2023-07-19 22:57:41,842 [INFO] The time difference between the client and the server is within range 102.496 ms..107.863 ms
client 2023-07-19 22:57:41,842 [INFO] Sending command to the server: 'session,2023-07-19_22-41-23,stop,testing'
client 2023-07-19 22:57:52,831 [INFO] Got response: 'OK'
client 2023-07-19 22:57:52,832 [INFO] Sending command to the server: 'time'
client 2023-07-19 22:57:52,835 [INFO] Got response: '1689803872.7311678'
client 2023-07-19 22:57:52,835 [INFO] The time difference between the client and the server is within range 101.314 ms..104.447 ms
client 2023-07-19 22:57:52,841 [INFO] Copying loadgen logs from '/home/arjun/mobilenet_results/valid_results/raspberrypi-tflite_armnn_cpp-cpu-armnn_tflite-v22.11-using_neon/mobilenet-v1-precision_uint8-0.25-160/singlestream/performance/run_1' to '/home/arjun/mobilenet_results/valid_results/raspberrypi-tflite_armnn_cpp-cpu-armnn_tflite-v22.11-using_neon/mobilenet-v1-precision_uint8-0.25-160/singlestream/performance/tmp_power/run_1'
client 2023-07-19 22:57:52,844 [INFO] Done runs
