client 2023-09-02 00:53:15,762 [INFO] Creating output directory '/home/arjun/results_dir/valid_results/phoenix_Amd_Am5-reference-cpu-deepsparse-vdefault-default_config/bert-large-pruned80_quant-none-vnni-bert-99/singlestream/performance/tmp_power'
client 2023-09-02 00:53:15,763 [INFO] Sending command to the server: 'mlcommons/power client v3'
client 2023-09-02 00:53:15,765 [INFO] Got response: 'mlcommons/power server v3'
client 2023-09-02 00:53:15,765 [INFO] Synchronizing with the server and with time.google.com...
client 2023-09-02 00:53:15,782 [INFO] NTP:offset = -0.002 s, delay = 0.016 s 
client 2023-09-02 00:53:15,782 [INFO] Sending command to the server: 'time'
client 2023-09-02 00:53:15,785 [INFO] Got response: '1693612395.783523'
client 2023-09-02 00:53:15,785 [INFO] The time difference between the client and the server is within range -0.647 ms..2.381 ms
client 2023-09-02 00:53:15,785 [INFO] Sending command to the server: 'new,,7287390d-07a3-4341-8de8-69b1bdab78a4'
client 2023-09-02 00:53:15,788 [INFO] Got response: 'OK 2023-09-01_23-53-15,d77c5324-c561-4bce-8663-d660ebaef694'
client 2023-09-02 00:53:15,788 [INFO] Session id is '2023-09-01_23-53-15'
client 2023-09-02 00:53:15,788 [INFO] Sources: {"sources": {"__init__.py": "da39a3ee5e6b4b0d3255bfef95601890afd80709", "client.py": "33ca4f26368777ac06e01f9567b714a4b8063886", "lib/__init__.py": "da39a3ee5e6b4b0d3255bfef95601890afd80709", "lib/client.py": "ac2aa093c8e8bbc9569b9e2a3471bc64e58a2258", "lib/common.py": "611d8b29633d331eb19c9455ea3b5fa3284ed6df", "lib/external/__init__.py": "da39a3ee5e6b4b0d3255bfef95601890afd80709", "lib/external/ntplib.py": "4da8f970656505a40483206ef2b5d3dd5e81711d", "lib/server.py": "c7af63c31bb2fbedea4345f571f6e3507d268ada", "lib/source_hashes.py": "60a2e02193209e8d392803326208d5466342da18", "lib/summary.py": "aa92f0a3f975eecd44d3c0cd0236342ccc9f941d", "lib/time_sync.py": "122eba67a9abc85635223e054def53be1367ade2", "server.py": "c3f90f2f7eeb4db30727556d0c815ebc89b3d28b", "tests/unit/__init__.py": "da39a3ee5e6b4b0d3255bfef95601890afd80709", "tests/unit/test_server.py": "948c1995d4008bc2aa6c4046a34ffa3858d6d671", "tests/unit/test_source_hashes.py": "00468a2907583c593e6574a1f6b404e4651c221a"}, "modules": {"ptd_client_server.lib.client": "lib/client.py", "ptd_client_server.lib.common": "lib/common.py", "ptd_client_server.lib.external.ntplib": "lib/external/ntplib.py", "ptd_client_server.lib.source_hashes": "lib/source_hashes.py", "ptd_client_server.lib.summary": "lib/summary.py", "ptd_client_server.lib.time_sync": "lib/time_sync.py"}}
client 2023-09-02 00:53:15,788 [INFO] Running workload in ranging mode
client 2023-09-02 00:53:15,788 [INFO] Synchronizing with the server and with time.google.com...
client 2023-09-02 00:53:15,806 [INFO] NTP:offset = -0.002 s, delay = 0.017 s 
client 2023-09-02 00:53:15,806 [INFO] Sending command to the server: 'time'
client 2023-09-02 00:53:15,807 [INFO] Got response: '1693612395.8059843'
client 2023-09-02 00:53:15,807 [INFO] The time difference between the client and the server is within range 0.311 ms..1.862 ms
client 2023-09-02 00:53:15,807 [INFO] Sending command to the server: 'session,2023-09-01_23-53-15,start,ranging'
client 2023-09-02 00:53:43,889 [INFO] Got response: 'OK'
client 2023-09-02 00:53:43,889 [INFO] Sending command to the server: 'time'
client 2023-09-02 00:53:43,890 [INFO] Got response: '1693612423.8884823'
client 2023-09-02 00:53:43,890 [INFO] The time difference between the client and the server is within range 0.770 ms..1.903 ms
client 2023-09-02 00:53:43,890 [INFO] Running the workload 'CM_MLPERF_RUN_COUNT=$(cat ${CM_RUN_DIR}/count.txt); echo ${CM_MLPERF_RUN_COUNT}; CM_MLPERF_RUN_COUNT=$((CM_MLPERF_RUN_COUNT+1)); echo ${CM_MLPERF_RUN_COUNT} > ${CM_RUN_DIR}/count.txt && if [ ${CM_MLPERF_RUN_COUNT} -eq "1" ]; then export CM_MLPERF_USER_CONF=${CM_MLPERF_RANGING_USER_CONF}; else export CM_MLPERF_USER_CONF=${CM_MLPERF_TESTING_USER_CONF}; fi && /usr/bin/python3 run.py --backend=deepsparse --scenario=SingleStream --mlperf_conf "/home/arjun/CM/repos/local/cache/c90a1dd626e44096/inference/mlperf.conf" --user_conf "${CM_MLPERF_USER_CONF}" --quantized --batch_size=1 --model_path=/home/arjun/.cache/sparsezoo/fac19d9e-b489-450b-b077-f1d6a2a68735/model.onnx'
client 2023-09-02 00:59:36,245 [INFO] Sending command to the server: 'time'
client 2023-09-02 00:59:36,368 [INFO] Got response: '1693612776.3665514'
client 2023-09-02 00:59:36,368 [INFO] The time difference between the client and the server is within range -120.897 ms..2.189 ms
client 2023-09-02 00:59:36,368 [INFO] Sending command to the server: 'session,2023-09-01_23-53-15,stop,ranging'
client 2023-09-02 00:59:47,001 [INFO] Got response: 'OK'
client 2023-09-02 00:59:47,001 [INFO] Sending command to the server: 'time'
client 2023-09-02 00:59:47,003 [INFO] Got response: '1693612787.0008748'
client 2023-09-02 00:59:47,003 [INFO] The time difference between the client and the server is within range 0.814 ms..2.835 ms
client 2023-09-02 00:59:47,005 [INFO] Copying loadgen logs from '/home/arjun/results_dir/valid_results/phoenix_Amd_Am5-reference-cpu-deepsparse-vdefault-default_config/bert-large-pruned80_quant-none-vnni-bert-99/singlestream/performance/run_1' to '/home/arjun/results_dir/valid_results/phoenix_Amd_Am5-reference-cpu-deepsparse-vdefault-default_config/bert-large-pruned80_quant-none-vnni-bert-99/singlestream/performance/tmp_power/ranging'
client 2023-09-02 00:59:47,005 [INFO] Running workload in testing mode
client 2023-09-02 00:59:47,005 [INFO] Synchronizing with the server and with time.google.com...
client 2023-09-02 00:59:47,018 [INFO] NTP:offset = -0.002 s, delay = 0.012 s 
client 2023-09-02 00:59:47,018 [INFO] Sending command to the server: 'time'
client 2023-09-02 00:59:47,020 [INFO] Got response: '1693612787.0187328'
client 2023-09-02 00:59:47,020 [INFO] The time difference between the client and the server is within range 0.200 ms..1.811 ms
client 2023-09-02 00:59:47,020 [INFO] Sending command to the server: 'session,2023-09-01_23-53-15,start,testing'
client 2023-09-02 01:00:00,040 [INFO] Got response: 'OK'
client 2023-09-02 01:00:00,040 [INFO] Sending command to the server: 'time'
client 2023-09-02 01:00:00,041 [INFO] Got response: '1693612800.0398579'
client 2023-09-02 01:00:00,041 [INFO] The time difference between the client and the server is within range 0.600 ms..1.967 ms
client 2023-09-02 01:00:00,041 [INFO] Running the workload 'CM_MLPERF_RUN_COUNT=$(cat ${CM_RUN_DIR}/count.txt); echo ${CM_MLPERF_RUN_COUNT}; CM_MLPERF_RUN_COUNT=$((CM_MLPERF_RUN_COUNT+1)); echo ${CM_MLPERF_RUN_COUNT} > ${CM_RUN_DIR}/count.txt && if [ ${CM_MLPERF_RUN_COUNT} -eq "1" ]; then export CM_MLPERF_USER_CONF=${CM_MLPERF_RANGING_USER_CONF}; else export CM_MLPERF_USER_CONF=${CM_MLPERF_TESTING_USER_CONF}; fi && /usr/bin/python3 run.py --backend=deepsparse --scenario=SingleStream --mlperf_conf "/home/arjun/CM/repos/local/cache/c90a1dd626e44096/inference/mlperf.conf" --user_conf "${CM_MLPERF_USER_CONF}" --quantized --batch_size=1 --model_path=/home/arjun/.cache/sparsezoo/fac19d9e-b489-450b-b077-f1d6a2a68735/model.onnx'
client 2023-09-02 01:10:52,572 [INFO] Sending command to the server: 'time'
client 2023-09-02 01:10:52,575 [INFO] Got response: '1693613452.5731483'
client 2023-09-02 01:10:52,575 [INFO] The time difference between the client and the server is within range -0.185 ms..1.909 ms
client 2023-09-02 01:10:52,575 [INFO] Sending command to the server: 'session,2023-09-01_23-53-15,stop,testing'
client 2023-09-02 01:11:03,086 [INFO] Got response: 'OK'
client 2023-09-02 01:11:03,086 [INFO] Sending command to the server: 'time'
client 2023-09-02 01:11:03,087 [INFO] Got response: '1693613463.0858657'
client 2023-09-02 01:11:03,087 [INFO] The time difference between the client and the server is within range 0.652 ms..1.868 ms
client 2023-09-02 01:11:03,088 [INFO] Copying loadgen logs from '/home/arjun/results_dir/valid_results/phoenix_Amd_Am5-reference-cpu-deepsparse-vdefault-default_config/bert-large-pruned80_quant-none-vnni-bert-99/singlestream/performance/run_1' to '/home/arjun/results_dir/valid_results/phoenix_Amd_Am5-reference-cpu-deepsparse-vdefault-default_config/bert-large-pruned80_quant-none-vnni-bert-99/singlestream/performance/tmp_power/run_1'
client 2023-09-02 01:11:03,088 [INFO] Done runs
