client 2023-07-19 20:57:27,945 [INFO] Creating output directory '/home/arjun/mobilenet_results/valid_results/raspberrypi-tflite_armnn_cpp-cpu-armnn_tflite-v22.11-using_neon/mobilenet-v1-precision_uint8-0.5-128/singlestream/performance/tmp_power'
client 2023-07-19 20:57:27,950 [INFO] Sending command to the server: 'mlcommons/power client v3'
client 2023-07-19 20:57:27,953 [INFO] Got response: 'mlcommons/power server v3'
client 2023-07-19 20:57:27,954 [INFO] Synchronizing with the server and with time.google.com...
client 2023-07-19 20:57:28,005 [INFO] NTP:offset = -0.116 s, delay = 0.020 s 
client 2023-07-19 20:57:28,005 [INFO] Sending command to the server: 'time'
client 2023-07-19 20:57:28,009 [INFO] Got response: '1689796647.86131'
client 2023-07-19 20:57:28,010 [INFO] The time difference between the client and the server is within range 144.491 ms..148.661 ms
client 2023-07-19 20:57:28,010 [INFO] Sending command to the server: 'new,,e7dac0c3-590e-4bef-8352-90e42c75090f'
client 2023-07-19 20:57:28,015 [INFO] Got response: 'OK 2023-07-19_20-57-27,89f8e627-fe26-4a25-8fee-d40e1e9ea3bb'
client 2023-07-19 20:57:28,015 [INFO] Session id is '2023-07-19_20-57-27'
client 2023-07-19 20:57:28,016 [INFO] Sources: {"sources": {"__init__.py": "da39a3ee5e6b4b0d3255bfef95601890afd80709", "client.py": "33ca4f26368777ac06e01f9567b714a4b8063886", "lib/__init__.py": "da39a3ee5e6b4b0d3255bfef95601890afd80709", "lib/client.py": "ac2aa093c8e8bbc9569b9e2a3471bc64e58a2258", "lib/common.py": "611d8b29633d331eb19c9455ea3b5fa3284ed6df", "lib/external/__init__.py": "da39a3ee5e6b4b0d3255bfef95601890afd80709", "lib/external/ntplib.py": "4da8f970656505a40483206ef2b5d3dd5e81711d", "lib/server.py": "c7af63c31bb2fbedea4345f571f6e3507d268ada", "lib/source_hashes.py": "60a2e02193209e8d392803326208d5466342da18", "lib/summary.py": "aa92f0a3f975eecd44d3c0cd0236342ccc9f941d", "lib/time_sync.py": "122eba67a9abc85635223e054def53be1367ade2", "server.py": "c3f90f2f7eeb4db30727556d0c815ebc89b3d28b", "tests/unit/__init__.py": "da39a3ee5e6b4b0d3255bfef95601890afd80709", "tests/unit/test_server.py": "948c1995d4008bc2aa6c4046a34ffa3858d6d671", "tests/unit/test_source_hashes.py": "00468a2907583c593e6574a1f6b404e4651c221a"}, "modules": {"ptd_client_server.lib.client": "lib/client.py", "ptd_client_server.lib.common": "lib/common.py", "ptd_client_server.lib.external.ntplib": "lib/external/ntplib.py", "ptd_client_server.lib.source_hashes": "lib/source_hashes.py", "ptd_client_server.lib.summary": "lib/summary.py", "ptd_client_server.lib.time_sync": "lib/time_sync.py"}}
client 2023-07-19 20:57:28,017 [INFO] Running workload in ranging mode
client 2023-07-19 20:57:28,017 [INFO] Synchronizing with the server and with time.google.com...
client 2023-07-19 20:57:28,053 [INFO] NTP:offset = -0.117 s, delay = 0.019 s 
client 2023-07-19 20:57:28,054 [INFO] Sending command to the server: 'time'
client 2023-07-19 20:57:28,058 [INFO] Got response: '1689796647.9110866'
client 2023-07-19 20:57:28,059 [INFO] The time difference between the client and the server is within range 143.240 ms..148.115 ms
client 2023-07-19 20:57:28,059 [INFO] Sending command to the server: 'session,2023-07-19_20-57-27,start,ranging'
client 2023-07-19 20:57:56,751 [INFO] Got response: 'OK'
client 2023-07-19 20:57:56,751 [INFO] Sending command to the server: 'time'
client 2023-07-19 20:57:56,760 [INFO] Got response: '1689796676.60356'
client 2023-07-19 20:57:56,760 [INFO] The time difference between the client and the server is within range 148.206 ms..157.075 ms
client 2023-07-19 20:57:56,761 [INFO] Running the workload 'CM_MLPERF_RUN_COUNT=$(cat ${CM_RUN_DIR}/count.txt); echo ${CM_MLPERF_RUN_COUNT}; CM_MLPERF_RUN_COUNT=$((CM_MLPERF_RUN_COUNT+1)); echo ${CM_MLPERF_RUN_COUNT} > ${CM_RUN_DIR}/count.txt && if [ ${CM_MLPERF_RUN_COUNT} -eq "1" ]; then export CM_MLPERF_USER_CONF=${CM_MLPERF_RANGING_USER_CONF}; else export CM_MLPERF_USER_CONF=${CM_MLPERF_TESTING_USER_CONF}; fi && /home/arjun/CM/repos/ctuning@mlcommons-ck/cm-mlops/script/get-lib-armnn/run.out'
client 2023-07-19 21:03:08,039 [INFO] Sending command to the server: 'time'
client 2023-07-19 21:03:08,045 [INFO] Got response: '1689796987.8914113'
client 2023-07-19 21:03:08,046 [INFO] The time difference between the client and the server is within range 147.798 ms..154.937 ms
client 2023-07-19 21:03:08,046 [INFO] Sending command to the server: 'session,2023-07-19_20-57-27,stop,ranging'
client 2023-07-19 21:03:18,826 [INFO] Got response: 'OK'
client 2023-07-19 21:03:18,827 [INFO] Sending command to the server: 'time'
client 2023-07-19 21:03:18,832 [INFO] Got response: '1689796998.6808503'
client 2023-07-19 21:03:18,832 [INFO] The time difference between the client and the server is within range 146.643 ms..151.699 ms
client 2023-07-19 21:03:18,864 [INFO] Copying loadgen logs from '/home/arjun/mobilenet_results/valid_results/raspberrypi-tflite_armnn_cpp-cpu-armnn_tflite-v22.11-using_neon/mobilenet-v1-precision_uint8-0.5-128/singlestream/performance/run_1' to '/home/arjun/mobilenet_results/valid_results/raspberrypi-tflite_armnn_cpp-cpu-armnn_tflite-v22.11-using_neon/mobilenet-v1-precision_uint8-0.5-128/singlestream/performance/tmp_power/ranging'
client 2023-07-19 21:03:18,867 [INFO] Running workload in testing mode
client 2023-07-19 21:03:18,867 [INFO] Synchronizing with the server and with time.google.com...
client 2023-07-19 21:03:18,901 [INFO] NTP:offset = -0.116 s, delay = 0.015 s 
client 2023-07-19 21:03:18,901 [INFO] Sending command to the server: 'time'
client 2023-07-19 21:03:18,905 [INFO] Got response: '1689796998.7521431'
client 2023-07-19 21:03:18,906 [INFO] The time difference between the client and the server is within range 149.720 ms..154.134 ms
client 2023-07-19 21:03:18,906 [INFO] Sending command to the server: 'session,2023-07-19_20-57-27,start,testing'
client 2023-07-19 21:03:31,962 [INFO] Got response: 'OK'
client 2023-07-19 21:03:31,962 [INFO] Sending command to the server: 'time'
client 2023-07-19 21:03:31,968 [INFO] Got response: '1689797011.8100288'
client 2023-07-19 21:03:31,968 [INFO] The time difference between the client and the server is within range 152.886 ms..158.476 ms
client 2023-07-19 21:03:31,968 [INFO] Running the workload 'CM_MLPERF_RUN_COUNT=$(cat ${CM_RUN_DIR}/count.txt); echo ${CM_MLPERF_RUN_COUNT}; CM_MLPERF_RUN_COUNT=$((CM_MLPERF_RUN_COUNT+1)); echo ${CM_MLPERF_RUN_COUNT} > ${CM_RUN_DIR}/count.txt && if [ ${CM_MLPERF_RUN_COUNT} -eq "1" ]; then export CM_MLPERF_USER_CONF=${CM_MLPERF_RANGING_USER_CONF}; else export CM_MLPERF_USER_CONF=${CM_MLPERF_TESTING_USER_CONF}; fi && /home/arjun/CM/repos/ctuning@mlcommons-ck/cm-mlops/script/get-lib-armnn/run.out'
client 2023-07-19 21:13:45,418 [INFO] Sending command to the server: 'time'
client 2023-07-19 21:13:45,425 [INFO] Got response: '1689797625.2643847'
client 2023-07-19 21:13:45,426 [INFO] The time difference between the client and the server is within range 154.043 ms..161.739 ms
client 2023-07-19 21:13:45,426 [INFO] Sending command to the server: 'session,2023-07-19_20-57-27,stop,testing'
client 2023-07-19 21:13:56,078 [INFO] Got response: 'OK'
client 2023-07-19 21:13:56,079 [INFO] Sending command to the server: 'time'
client 2023-07-19 21:13:56,083 [INFO] Got response: '1689797635.9210124'
client 2023-07-19 21:13:56,084 [INFO] The time difference between the client and the server is within range 158.236 ms..162.964 ms
client 2023-07-19 21:13:56,088 [INFO] Copying loadgen logs from '/home/arjun/mobilenet_results/valid_results/raspberrypi-tflite_armnn_cpp-cpu-armnn_tflite-v22.11-using_neon/mobilenet-v1-precision_uint8-0.5-128/singlestream/performance/run_1' to '/home/arjun/mobilenet_results/valid_results/raspberrypi-tflite_armnn_cpp-cpu-armnn_tflite-v22.11-using_neon/mobilenet-v1-precision_uint8-0.5-128/singlestream/performance/tmp_power/run_1'
client 2023-07-19 21:13:56,091 [INFO] Done runs
