client 2023-08-10 22:34:51,636 [INFO] Creating output directory '/home/arjun/mobilenet_results/valid_results/orin-tflite_cpp-cpu-tflite-vmaster-with_live_preprocessing/mobilenet-v2-precision_float-0.5-128/singlestream/performance/tmp_power'
client 2023-08-10 22:34:51,639 [INFO] Sending command to the server: 'mlcommons/power client v3'
client 2023-08-10 22:34:51,642 [INFO] Got response: 'mlcommons/power server v3'
client 2023-08-10 22:34:51,642 [INFO] Synchronizing with the server and with time.google.com...
client 2023-08-10 22:34:51,661 [INFO] NTP:offset = 0.000 s, delay = 0.015 s 
client 2023-08-10 22:34:51,661 [INFO] Sending command to the server: 'time'
client 2023-08-10 22:34:51,664 [INFO] Got response: '1691703291.559157'
client 2023-08-10 22:34:51,664 [INFO] The time difference between the client and the server is within range 102.095 ms..105.071 ms
client 2023-08-10 22:34:51,664 [INFO] Sending command to the server: 'new,,7cc8f39e-0fb1-4e74-941c-a56f05775a4d'
client 2023-08-10 22:34:51,668 [INFO] Got response: 'OK 2023-08-10_22-34-51,0cf11678-1547-42f9-9fd6-466fab6f65ab'
client 2023-08-10 22:34:51,668 [INFO] Session id is '2023-08-10_22-34-51'
client 2023-08-10 22:34:51,668 [INFO] Sources: {"sources": {"__init__.py": "da39a3ee5e6b4b0d3255bfef95601890afd80709", "client.py": "33ca4f26368777ac06e01f9567b714a4b8063886", "lib/__init__.py": "da39a3ee5e6b4b0d3255bfef95601890afd80709", "lib/client.py": "ac2aa093c8e8bbc9569b9e2a3471bc64e58a2258", "lib/common.py": "611d8b29633d331eb19c9455ea3b5fa3284ed6df", "lib/external/__init__.py": "da39a3ee5e6b4b0d3255bfef95601890afd80709", "lib/external/ntplib.py": "4da8f970656505a40483206ef2b5d3dd5e81711d", "lib/server.py": "c7af63c31bb2fbedea4345f571f6e3507d268ada", "lib/source_hashes.py": "60a2e02193209e8d392803326208d5466342da18", "lib/summary.py": "aa92f0a3f975eecd44d3c0cd0236342ccc9f941d", "lib/time_sync.py": "80894ef2389e540781ff78de94db16aa4203a14e", "server.py": "c3f90f2f7eeb4db30727556d0c815ebc89b3d28b", "tests/unit/__init__.py": "da39a3ee5e6b4b0d3255bfef95601890afd80709", "tests/unit/test_server.py": "948c1995d4008bc2aa6c4046a34ffa3858d6d671", "tests/unit/test_source_hashes.py": "00468a2907583c593e6574a1f6b404e4651c221a"}, "modules": {"ptd_client_server.lib.client": "lib/client.py", "ptd_client_server.lib.common": "lib/common.py", "ptd_client_server.lib.external.ntplib": "lib/external/ntplib.py", "ptd_client_server.lib.source_hashes": "lib/source_hashes.py", "ptd_client_server.lib.summary": "lib/summary.py", "ptd_client_server.lib.time_sync": "lib/time_sync.py"}}
client 2023-08-10 22:34:51,668 [INFO] Running workload in ranging mode
client 2023-08-10 22:34:51,668 [INFO] Synchronizing with the server and with time.google.com...
client 2023-08-10 22:34:51,684 [INFO] NTP:offset = -0.001 s, delay = 0.015 s 
client 2023-08-10 22:34:51,685 [INFO] Sending command to the server: 'time'
client 2023-08-10 22:34:51,687 [INFO] Got response: '1691703291.589237'
client 2023-08-10 22:34:51,687 [INFO] The time difference between the client and the server is within range 95.794 ms..98.139 ms
client 2023-08-10 22:34:51,687 [INFO] Sending command to the server: 'session,2023-08-10_22-34-51,start,ranging'
client 2023-08-10 22:35:20,400 [INFO] Got response: 'OK'
client 2023-08-10 22:35:20,400 [INFO] Sending command to the server: 'time'
client 2023-08-10 22:35:20,403 [INFO] Got response: '1691703320.3036654'
client 2023-08-10 22:35:20,404 [INFO] The time difference between the client and the server is within range 96.646 ms..100.350 ms
client 2023-08-10 22:35:20,404 [INFO] Running the workload 'CM_MLPERF_RUN_COUNT=$(cat ${CM_RUN_DIR}/count.txt); echo ${CM_MLPERF_RUN_COUNT}; CM_MLPERF_RUN_COUNT=$((CM_MLPERF_RUN_COUNT+1)); echo ${CM_MLPERF_RUN_COUNT} > ${CM_RUN_DIR}/count.txt && if [ ${CM_MLPERF_RUN_COUNT} -eq "1" ]; then export CM_MLPERF_USER_CONF=${CM_MLPERF_RANGING_USER_CONF}; else export CM_MLPERF_USER_CONF=${CM_MLPERF_TESTING_USER_CONF}; fi && /mount/CM/repos/ctuning@mlcommons-ck/cm-mlops/script/run-all-mlperf-models/run.out'
client 2023-08-10 22:40:21,733 [INFO] Sending command to the server: 'time'
client 2023-08-10 22:40:21,740 [INFO] Got response: '1691703621.643098'
client 2023-08-10 22:40:21,740 [INFO] The time difference between the client and the server is within range 90.688 ms..97.413 ms
client 2023-08-10 22:40:21,740 [INFO] Sending command to the server: 'session,2023-08-10_22-34-51,stop,ranging'
client 2023-08-10 22:40:33,311 [INFO] Got response: 'OK'
client 2023-08-10 22:40:33,312 [INFO] Sending command to the server: 'time'
client 2023-08-10 22:40:33,314 [INFO] Got response: '1691703633.2140534'
client 2023-08-10 22:40:33,314 [INFO] The time difference between the client and the server is within range 98.099 ms..100.369 ms
client 2023-08-10 22:40:33,318 [INFO] Copying loadgen logs from '/home/arjun/mobilenet_results/valid_results/orin-tflite_cpp-cpu-tflite-vmaster-with_live_preprocessing/mobilenet-v2-precision_float-0.5-128/singlestream/performance/run_1' to '/home/arjun/mobilenet_results/valid_results/orin-tflite_cpp-cpu-tflite-vmaster-with_live_preprocessing/mobilenet-v2-precision_float-0.5-128/singlestream/performance/tmp_power/ranging'
client 2023-08-10 22:40:33,318 [INFO] Running workload in testing mode
client 2023-08-10 22:40:33,318 [INFO] Synchronizing with the server and with time.google.com...
client 2023-08-10 22:40:33,333 [INFO] NTP:offset = -0.001 s, delay = 0.013 s 
client 2023-08-10 22:40:33,333 [INFO] Sending command to the server: 'time'
client 2023-08-10 22:40:33,337 [INFO] Got response: '1691703633.234479'
client 2023-08-10 22:40:33,337 [INFO] The time difference between the client and the server is within range 98.873 ms..102.902 ms
client 2023-08-10 22:40:33,337 [INFO] Sending command to the server: 'session,2023-08-10_22-34-51,start,testing'
client 2023-08-10 22:40:46,383 [INFO] Got response: 'OK'
client 2023-08-10 22:40:46,383 [INFO] Sending command to the server: 'time'
client 2023-08-10 22:40:46,387 [INFO] Got response: '1691703646.2845554'
client 2023-08-10 22:40:46,387 [INFO] The time difference between the client and the server is within range 98.746 ms..102.519 ms
client 2023-08-10 22:40:46,387 [INFO] Running the workload 'CM_MLPERF_RUN_COUNT=$(cat ${CM_RUN_DIR}/count.txt); echo ${CM_MLPERF_RUN_COUNT}; CM_MLPERF_RUN_COUNT=$((CM_MLPERF_RUN_COUNT+1)); echo ${CM_MLPERF_RUN_COUNT} > ${CM_RUN_DIR}/count.txt && if [ ${CM_MLPERF_RUN_COUNT} -eq "1" ]; then export CM_MLPERF_USER_CONF=${CM_MLPERF_RANGING_USER_CONF}; else export CM_MLPERF_USER_CONF=${CM_MLPERF_TESTING_USER_CONF}; fi && /mount/CM/repos/ctuning@mlcommons-ck/cm-mlops/script/run-all-mlperf-models/run.out'
client 2023-08-10 22:50:48,598 [INFO] Sending command to the server: 'time'
client 2023-08-10 22:50:48,602 [INFO] Got response: '1691704248.5123086'
client 2023-08-10 22:50:48,602 [INFO] The time difference between the client and the server is within range 86.008 ms..90.447 ms
client 2023-08-10 22:50:48,602 [INFO] Sending command to the server: 'session,2023-08-10_22-34-51,stop,testing'
client 2023-08-10 22:50:59,659 [INFO] Got response: 'OK'
client 2023-08-10 22:50:59,659 [INFO] Sending command to the server: 'time'
client 2023-08-10 22:50:59,661 [INFO] Got response: '1691704259.5648293'
client 2023-08-10 22:50:59,661 [INFO] The time difference between the client and the server is within range 94.342 ms..96.809 ms
client 2023-08-10 22:50:59,662 [INFO] Copying loadgen logs from '/home/arjun/mobilenet_results/valid_results/orin-tflite_cpp-cpu-tflite-vmaster-with_live_preprocessing/mobilenet-v2-precision_float-0.5-128/singlestream/performance/run_1' to '/home/arjun/mobilenet_results/valid_results/orin-tflite_cpp-cpu-tflite-vmaster-with_live_preprocessing/mobilenet-v2-precision_float-0.5-128/singlestream/performance/tmp_power/run_1'
client 2023-08-10 22:50:59,663 [INFO] Done runs
