client 2023-09-02 03:17:31,340 [INFO] Creating output directory '/home/arjun/results_dir/valid_results/phoenix_Amd_Am5-reference-cpu-deepsparse-vdefault-default_config/mobilebert-none-base-none-bert-99/singlestream/performance/tmp_power'
client 2023-09-02 03:17:31,555 [INFO] Sending command to the server: 'mlcommons/power client v3'
client 2023-09-02 03:17:31,557 [INFO] Got response: 'mlcommons/power server v3'
client 2023-09-02 03:17:31,557 [INFO] Synchronizing with the server and with time.google.com...
client 2023-09-02 03:17:31,587 [INFO] NTP:offset = -0.001 s, delay = 0.016 s 
client 2023-09-02 03:17:31,587 [INFO] Sending command to the server: 'time'
client 2023-09-02 03:17:31,589 [INFO] Got response: '1693621051.587853'
client 2023-09-02 03:17:31,589 [INFO] The time difference between the client and the server is within range -0.649 ms..1.917 ms
client 2023-09-02 03:17:31,589 [INFO] Sending command to the server: 'new,,cf70ad28-e4c6-4499-97f6-b86ee6f0c0be'
client 2023-09-02 03:17:31,592 [INFO] Got response: 'OK 2023-09-02_02-17-31,0c146088-ac2b-4232-b0e2-267208accac0'
client 2023-09-02 03:17:31,592 [INFO] Session id is '2023-09-02_02-17-31'
client 2023-09-02 03:17:31,592 [INFO] Sources: {"sources": {"__init__.py": "da39a3ee5e6b4b0d3255bfef95601890afd80709", "client.py": "33ca4f26368777ac06e01f9567b714a4b8063886", "lib/__init__.py": "da39a3ee5e6b4b0d3255bfef95601890afd80709", "lib/client.py": "ac2aa093c8e8bbc9569b9e2a3471bc64e58a2258", "lib/common.py": "611d8b29633d331eb19c9455ea3b5fa3284ed6df", "lib/external/__init__.py": "da39a3ee5e6b4b0d3255bfef95601890afd80709", "lib/external/ntplib.py": "4da8f970656505a40483206ef2b5d3dd5e81711d", "lib/server.py": "c7af63c31bb2fbedea4345f571f6e3507d268ada", "lib/source_hashes.py": "60a2e02193209e8d392803326208d5466342da18", "lib/summary.py": "aa92f0a3f975eecd44d3c0cd0236342ccc9f941d", "lib/time_sync.py": "122eba67a9abc85635223e054def53be1367ade2", "server.py": "c3f90f2f7eeb4db30727556d0c815ebc89b3d28b", "tests/unit/__init__.py": "da39a3ee5e6b4b0d3255bfef95601890afd80709", "tests/unit/test_server.py": "948c1995d4008bc2aa6c4046a34ffa3858d6d671", "tests/unit/test_source_hashes.py": "00468a2907583c593e6574a1f6b404e4651c221a"}, "modules": {"ptd_client_server.lib.client": "lib/client.py", "ptd_client_server.lib.common": "lib/common.py", "ptd_client_server.lib.external.ntplib": "lib/external/ntplib.py", "ptd_client_server.lib.source_hashes": "lib/source_hashes.py", "ptd_client_server.lib.summary": "lib/summary.py", "ptd_client_server.lib.time_sync": "lib/time_sync.py"}}
client 2023-09-02 03:17:31,592 [INFO] Running workload in ranging mode
client 2023-09-02 03:17:31,592 [INFO] Synchronizing with the server and with time.google.com...
client 2023-09-02 03:17:31,607 [INFO] NTP:offset = -0.001 s, delay = 0.015 s 
client 2023-09-02 03:17:31,607 [INFO] Sending command to the server: 'time'
client 2023-09-02 03:17:31,610 [INFO] Got response: '1693621051.6087492'
client 2023-09-02 03:17:31,610 [INFO] The time difference between the client and the server is within range -0.922 ms..1.461 ms
client 2023-09-02 03:17:31,610 [INFO] Sending command to the server: 'session,2023-09-02_02-17-31,start,ranging'
client 2023-09-02 03:17:59,700 [INFO] Got response: 'OK'
client 2023-09-02 03:17:59,700 [INFO] Sending command to the server: 'time'
client 2023-09-02 03:17:59,702 [INFO] Got response: '1693621079.701125'
client 2023-09-02 03:17:59,702 [INFO] The time difference between the client and the server is within range -0.263 ms..1.574 ms
client 2023-09-02 03:17:59,702 [INFO] Running the workload 'CM_MLPERF_RUN_COUNT=$(cat ${CM_RUN_DIR}/count.txt); echo ${CM_MLPERF_RUN_COUNT}; CM_MLPERF_RUN_COUNT=$((CM_MLPERF_RUN_COUNT+1)); echo ${CM_MLPERF_RUN_COUNT} > ${CM_RUN_DIR}/count.txt && if [ ${CM_MLPERF_RUN_COUNT} -eq "1" ]; then export CM_MLPERF_USER_CONF=${CM_MLPERF_RANGING_USER_CONF}; else export CM_MLPERF_USER_CONF=${CM_MLPERF_TESTING_USER_CONF}; fi && /usr/bin/python3 run.py --backend=deepsparse --scenario=SingleStream --mlperf_conf "/home/arjun/CM/repos/local/cache/c90a1dd626e44096/inference/mlperf.conf" --user_conf "${CM_MLPERF_USER_CONF}" --quantized --batch_size=1 --model_path=/home/arjun/.cache/sparsezoo/12965f74-bd9e-4995-8ae8-bce8c434071e/model.onnx'
client 2023-09-02 03:24:20,303 [INFO] Sending command to the server: 'time'
client 2023-09-02 03:24:20,405 [INFO] Got response: '1693621460.4038558'
client 2023-09-02 03:24:20,405 [INFO] The time difference between the client and the server is within range -100.112 ms..1.449 ms
client 2023-09-02 03:24:20,405 [INFO] Sending command to the server: 'session,2023-09-02_02-17-31,stop,ranging'
client 2023-09-02 03:24:30,845 [INFO] Got response: 'OK'
client 2023-09-02 03:24:30,845 [INFO] Sending command to the server: 'time'
client 2023-09-02 03:24:30,847 [INFO] Got response: '1693621470.8462968'
client 2023-09-02 03:24:30,847 [INFO] The time difference between the client and the server is within range -0.787 ms..0.826 ms
client 2023-09-02 03:24:30,848 [INFO] Copying loadgen logs from '/home/arjun/results_dir/valid_results/phoenix_Amd_Am5-reference-cpu-deepsparse-vdefault-default_config/mobilebert-none-base-none-bert-99/singlestream/performance/run_1' to '/home/arjun/results_dir/valid_results/phoenix_Amd_Am5-reference-cpu-deepsparse-vdefault-default_config/mobilebert-none-base-none-bert-99/singlestream/performance/tmp_power/ranging'
client 2023-09-02 03:24:30,849 [INFO] Running workload in testing mode
client 2023-09-02 03:24:30,849 [INFO] Synchronizing with the server and with time.google.com...
client 2023-09-02 03:24:30,864 [INFO] NTP:offset = -0.001 s, delay = 0.015 s 
client 2023-09-02 03:24:30,864 [INFO] Sending command to the server: 'time'
client 2023-09-02 03:24:30,866 [INFO] Got response: '1693621470.8661718'
client 2023-09-02 03:24:30,867 [INFO] The time difference between the client and the server is within range -1.391 ms..0.830 ms
client 2023-09-02 03:24:30,867 [INFO] Sending command to the server: 'session,2023-09-02_02-17-31,start,testing'
client 2023-09-02 03:24:43,882 [INFO] Got response: 'OK'
client 2023-09-02 03:24:43,882 [INFO] Sending command to the server: 'time'
client 2023-09-02 03:24:43,883 [INFO] Got response: '1693621483.882726'
client 2023-09-02 03:24:43,883 [INFO] The time difference between the client and the server is within range -0.161 ms..0.894 ms
client 2023-09-02 03:24:43,883 [INFO] Running the workload 'CM_MLPERF_RUN_COUNT=$(cat ${CM_RUN_DIR}/count.txt); echo ${CM_MLPERF_RUN_COUNT}; CM_MLPERF_RUN_COUNT=$((CM_MLPERF_RUN_COUNT+1)); echo ${CM_MLPERF_RUN_COUNT} > ${CM_RUN_DIR}/count.txt && if [ ${CM_MLPERF_RUN_COUNT} -eq "1" ]; then export CM_MLPERF_USER_CONF=${CM_MLPERF_RANGING_USER_CONF}; else export CM_MLPERF_USER_CONF=${CM_MLPERF_TESTING_USER_CONF}; fi && /usr/bin/python3 run.py --backend=deepsparse --scenario=SingleStream --mlperf_conf "/home/arjun/CM/repos/local/cache/c90a1dd626e44096/inference/mlperf.conf" --user_conf "${CM_MLPERF_USER_CONF}" --quantized --batch_size=1 --model_path=/home/arjun/.cache/sparsezoo/12965f74-bd9e-4995-8ae8-bce8c434071e/model.onnx'
client 2023-09-02 03:36:05,142 [INFO] Sending command to the server: 'time'
client 2023-09-02 03:36:05,262 [INFO] Got response: '1693622165.2623188'
client 2023-09-02 03:36:05,263 [INFO] The time difference between the client and the server is within range -119.728 ms..0.768 ms
client 2023-09-02 03:36:05,263 [INFO] Sending command to the server: 'session,2023-09-02_02-17-31,stop,testing'
client 2023-09-02 03:36:15,937 [INFO] Got response: 'OK'
client 2023-09-02 03:36:15,938 [INFO] Sending command to the server: 'time'
client 2023-09-02 03:36:15,939 [INFO] Got response: '1693622175.9390564'
client 2023-09-02 03:36:15,939 [INFO] The time difference between the client and the server is within range -1.027 ms..0.347 ms
client 2023-09-02 03:36:15,939 [INFO] Copying loadgen logs from '/home/arjun/results_dir/valid_results/phoenix_Amd_Am5-reference-cpu-deepsparse-vdefault-default_config/mobilebert-none-base-none-bert-99/singlestream/performance/run_1' to '/home/arjun/results_dir/valid_results/phoenix_Amd_Am5-reference-cpu-deepsparse-vdefault-default_config/mobilebert-none-base-none-bert-99/singlestream/performance/tmp_power/run_1'
client 2023-09-02 03:36:15,940 [INFO] Done runs
