client 2023-08-16 10:45:58,774 [INFO] Creating output directory '/home/krai/work_collection/generated_by_power_measurement_on_run_07ca6b3b04e24f459682c102465a8ce2/power_logs'
client 2023-08-16 10:45:58,775 [INFO] Sending command to the server: 'mlcommons/power client v3'
client 2023-08-16 10:45:58,776 [INFO] Got response: 'mlcommons/power server v3'
client 2023-08-16 10:45:58,776 [INFO] Synchronizing with the server and with time.google.com...
client 2023-08-16 10:45:58,895 [INFO] NTP:offset = -0.003 s, delay = 0.116 s 
client 2023-08-16 10:45:58,895 [INFO] Sending command to the server: 'time'
client 2023-08-16 10:45:58,897 [INFO] Got response: '1692200758.905731'
client 2023-08-16 10:45:58,897 [INFO] The time difference between the client and the server is within range -10.110 ms..-8.666 ms
client 2023-08-16 10:45:58,897 [INFO] Sending command to the server: 'new,,cbd05e65-c111-4ada-9532-223ec76b9b4b'
client 2023-08-16 10:45:58,898 [INFO] Got response: 'OK 2023-08-16_10-45-58,51a938c2-9636-454d-a247-86c728048b29'
client 2023-08-16 10:45:58,898 [INFO] Session id is '2023-08-16_10-45-58'
client 2023-08-16 10:45:58,898 [INFO] Sources: {"sources": {"__init__.py": "da39a3ee5e6b4b0d3255bfef95601890afd80709", "client.py": "33ca4f26368777ac06e01f9567b714a4b8063886", "lib/__init__.py": "da39a3ee5e6b4b0d3255bfef95601890afd80709", "lib/client.py": "ac2aa093c8e8bbc9569b9e2a3471bc64e58a2258", "lib/common.py": "611d8b29633d331eb19c9455ea3b5fa3284ed6df", "lib/external/__init__.py": "da39a3ee5e6b4b0d3255bfef95601890afd80709", "lib/external/ntplib.py": "4da8f970656505a40483206ef2b5d3dd5e81711d", "lib/server.py": "c7af63c31bb2fbedea4345f571f6e3507d268ada", "lib/source_hashes.py": "60a2e02193209e8d392803326208d5466342da18", "lib/summary.py": "aa92f0a3f975eecd44d3c0cd0236342ccc9f941d", "lib/time_sync.py": "80894ef2389e540781ff78de94db16aa4203a14e", "server.py": "c3f90f2f7eeb4db30727556d0c815ebc89b3d28b", "tests/unit/__init__.py": "da39a3ee5e6b4b0d3255bfef95601890afd80709", "tests/unit/test_server.py": "948c1995d4008bc2aa6c4046a34ffa3858d6d671", "tests/unit/test_source_hashes.py": "00468a2907583c593e6574a1f6b404e4651c221a"}, "modules": {"ptd_client_server.lib.client": "lib/client.py", "ptd_client_server.lib.common": "lib/common.py", "ptd_client_server.lib.external.ntplib": "lib/external/ntplib.py", "ptd_client_server.lib.source_hashes": "lib/source_hashes.py", "ptd_client_server.lib.summary": "lib/summary.py", "ptd_client_server.lib.time_sync": "lib/time_sync.py"}}
client 2023-08-16 10:45:58,899 [INFO] Running workload in ranging mode
client 2023-08-16 10:45:58,899 [INFO] Synchronizing with the server and with time.google.com...
client 2023-08-16 10:45:58,965 [INFO] NTP:offset = 0.009 s, delay = 0.066 s 
client 2023-08-16 10:45:58,966 [INFO] Sending command to the server: 'time'
client 2023-08-16 10:45:58,967 [INFO] Got response: '1692200758.976153'
client 2023-08-16 10:45:58,967 [INFO] The time difference between the client and the server is within range -10.071 ms..-8.484 ms
client 2023-08-16 10:45:58,967 [INFO] Sending command to the server: 'session,2023-08-16_10-45-58,start,ranging'
client 2023-08-16 10:46:38,171 [INFO] Got response: 'OK'
client 2023-08-16 10:46:38,171 [INFO] Sending command to the server: 'time'
client 2023-08-16 10:46:38,172 [INFO] Got response: '1692200798.18149'
client 2023-08-16 10:46:38,172 [INFO] The time difference between the client and the server is within range -9.929 ms..-8.578 ms
client 2023-08-16 10:46:38,173 [INFO] Running the workload 'axs byquery loadgen_output,image_classifier,sut_name=g292_z43_q16e,model_name=resnet50,framework=kilt,device=qaic,loadgen_mode=PerformanceOnly,loadgen_compliance_test-,loadgen_scenario=Offline,_with_power+,symlink_to=/home/krai/work_collection/generated_by_power_measurement_on_run_07ca6b3b04e24f459682c102465a8ce2/last_mlperf_logs,power_client_entrydic_path=/home/krai/work_collection/generated_by_power_measurement_on_run_07ca6b3b04e24f459682c102465a8ce2/program_output.json'
client 2023-08-16 10:59:05,454 [INFO] Sending command to the server: 'time'
client 2023-08-16 10:59:05,456 [INFO] Got response: '1692201545.452845'
client 2023-08-16 10:59:05,456 [INFO] The time difference between the client and the server is within range 1.698 ms..3.496 ms
client 2023-08-16 10:59:05,456 [INFO] Sending command to the server: 'session,2023-08-16_10-45-58,stop,ranging'
client 2023-08-16 10:59:16,286 [INFO] Got response: 'OK'
client 2023-08-16 10:59:16,286 [INFO] Sending command to the server: 'time'
client 2023-08-16 10:59:16,286 [INFO] Got response: '1692201556.283424'
client 2023-08-16 10:59:16,286 [INFO] The time difference between the client and the server is within range 2.813 ms..3.356 ms
client 2023-08-16 10:59:16,292 [INFO] Copying loadgen logs from '/home/krai/work_collection/generated_by_power_measurement_on_run_07ca6b3b04e24f459682c102465a8ce2/last_mlperf_logs' to '/home/krai/work_collection/generated_by_power_measurement_on_run_07ca6b3b04e24f459682c102465a8ce2/power_logs/ranging'
client 2023-08-16 10:59:16,292 [INFO] Running workload in testing mode
client 2023-08-16 10:59:16,292 [INFO] Synchronizing with the server and with time.google.com...
client 2023-08-16 10:59:16,380 [INFO] NTP:offset = -0.003 s, delay = 0.086 s 
client 2023-08-16 10:59:16,380 [INFO] Sending command to the server: 'time'
client 2023-08-16 10:59:16,382 [INFO] Got response: '1692201556.3786545'
client 2023-08-16 10:59:16,382 [INFO] The time difference between the client and the server is within range 2.190 ms..3.620 ms
client 2023-08-16 10:59:16,382 [INFO] Sending command to the server: 'session,2023-08-16_10-45-58,start,testing'
client 2023-08-16 10:59:38,001 [INFO] Got response: 'OK'
client 2023-08-16 10:59:38,001 [INFO] Sending command to the server: 'time'
client 2023-08-16 10:59:38,002 [INFO] Got response: '1692201577.9991379'
client 2023-08-16 10:59:38,002 [INFO] The time difference between the client and the server is within range 2.455 ms..3.807 ms
client 2023-08-16 10:59:38,003 [INFO] Running the workload 'axs byquery loadgen_output,image_classifier,sut_name=g292_z43_q16e,model_name=resnet50,framework=kilt,device=qaic,loadgen_mode=PerformanceOnly,loadgen_compliance_test-,loadgen_scenario=Offline,_with_power+,symlink_to=/home/krai/work_collection/generated_by_power_measurement_on_run_07ca6b3b04e24f459682c102465a8ce2/last_mlperf_logs,power_client_entrydic_path=/home/krai/work_collection/generated_by_power_measurement_on_run_07ca6b3b04e24f459682c102465a8ce2/program_output.json'
client 2023-08-16 11:12:08,331 [INFO] Sending command to the server: 'time'
client 2023-08-16 11:12:08,333 [INFO] Got response: '1692202328.3280249'
client 2023-08-16 11:12:08,333 [INFO] The time difference between the client and the server is within range 3.309 ms..5.277 ms
client 2023-08-16 11:12:08,333 [INFO] Sending command to the server: 'session,2023-08-16_10-45-58,stop,testing'
client 2023-08-16 11:12:19,012 [INFO] Got response: 'OK'
client 2023-08-16 11:12:19,012 [INFO] Sending command to the server: 'time'
client 2023-08-16 11:12:19,013 [INFO] Got response: '1692202339.0087945'
client 2023-08-16 11:12:19,013 [INFO] The time difference between the client and the server is within range 4.172 ms..4.939 ms
client 2023-08-16 11:12:19,014 [INFO] Copying loadgen logs from '/home/krai/work_collection/generated_by_power_measurement_on_run_07ca6b3b04e24f459682c102465a8ce2/last_mlperf_logs' to '/home/krai/work_collection/generated_by_power_measurement_on_run_07ca6b3b04e24f459682c102465a8ce2/power_logs/run_1'
client 2023-08-16 11:12:19,015 [INFO] Done runs
