client 2023-08-06 13:48:47,385 [INFO] Creating output directory '/home/arjun/mobilenet_results/valid_results/orin-tflite_cpp-cpu-tflite-vmaster-default_config/mobilenet-v3-precision_uint8-large-minimalistic-224/singlestream/performance/tmp_power'
client 2023-08-06 13:48:47,387 [INFO] Sending command to the server: 'mlcommons/power client v3'
client 2023-08-06 13:48:47,391 [INFO] Got response: 'mlcommons/power server v3'
client 2023-08-06 13:48:47,391 [INFO] Synchronizing with the server and with time.google.com...
client 2023-08-06 13:48:47,408 [INFO] NTP:offset = -0.003 s, delay = 0.014 s 
client 2023-08-06 13:48:47,408 [INFO] Sending command to the server: 'time'
client 2023-08-06 13:48:47,411 [INFO] Got response: '1691326127.3048363'
client 2023-08-06 13:48:47,411 [INFO] The time difference between the client and the server is within range 104.086 ms..107.104 ms
client 2023-08-06 13:48:47,412 [INFO] Sending command to the server: 'new,,5c52f0d7-af82-48f7-9b9a-f74c43d78e7f'
client 2023-08-06 13:48:47,414 [INFO] Got response: 'OK 2023-08-06_13-48-47,8633553e-d6e1-4b71-9e42-6c5720109c33'
client 2023-08-06 13:48:47,414 [INFO] Session id is '2023-08-06_13-48-47'
client 2023-08-06 13:48:47,415 [INFO] Sources: {"sources": {"__init__.py": "da39a3ee5e6b4b0d3255bfef95601890afd80709", "client.py": "33ca4f26368777ac06e01f9567b714a4b8063886", "lib/__init__.py": "da39a3ee5e6b4b0d3255bfef95601890afd80709", "lib/client.py": "ac2aa093c8e8bbc9569b9e2a3471bc64e58a2258", "lib/common.py": "611d8b29633d331eb19c9455ea3b5fa3284ed6df", "lib/external/__init__.py": "da39a3ee5e6b4b0d3255bfef95601890afd80709", "lib/external/ntplib.py": "4da8f970656505a40483206ef2b5d3dd5e81711d", "lib/server.py": "c7af63c31bb2fbedea4345f571f6e3507d268ada", "lib/source_hashes.py": "60a2e02193209e8d392803326208d5466342da18", "lib/summary.py": "aa92f0a3f975eecd44d3c0cd0236342ccc9f941d", "lib/time_sync.py": "122eba67a9abc85635223e054def53be1367ade2", "server.py": "c3f90f2f7eeb4db30727556d0c815ebc89b3d28b", "tests/unit/__init__.py": "da39a3ee5e6b4b0d3255bfef95601890afd80709", "tests/unit/test_server.py": "948c1995d4008bc2aa6c4046a34ffa3858d6d671", "tests/unit/test_source_hashes.py": "00468a2907583c593e6574a1f6b404e4651c221a"}, "modules": {"ptd_client_server.lib.client": "lib/client.py", "ptd_client_server.lib.common": "lib/common.py", "ptd_client_server.lib.external.ntplib": "lib/external/ntplib.py", "ptd_client_server.lib.source_hashes": "lib/source_hashes.py", "ptd_client_server.lib.summary": "lib/summary.py", "ptd_client_server.lib.time_sync": "lib/time_sync.py"}}
client 2023-08-06 13:48:47,415 [INFO] Running workload in ranging mode
client 2023-08-06 13:48:47,415 [INFO] Synchronizing with the server and with time.google.com...
client 2023-08-06 13:48:47,428 [INFO] NTP:offset = -0.002 s, delay = 0.013 s 
client 2023-08-06 13:48:47,428 [INFO] Sending command to the server: 'time'
client 2023-08-06 13:48:47,431 [INFO] Got response: '1691326127.324812'
client 2023-08-06 13:48:47,431 [INFO] The time difference between the client and the server is within range 104.099 ms..107.034 ms
client 2023-08-06 13:48:47,431 [INFO] Sending command to the server: 'session,2023-08-06_13-48-47,start,ranging'
client 2023-08-06 13:49:16,136 [INFO] Got response: 'OK'
client 2023-08-06 13:49:16,136 [INFO] Sending command to the server: 'time'
client 2023-08-06 13:49:16,143 [INFO] Got response: '1691326156.0327857'
client 2023-08-06 13:49:16,143 [INFO] The time difference between the client and the server is within range 104.015 ms..110.599 ms
client 2023-08-06 13:49:16,143 [INFO] Running the workload 'CM_MLPERF_RUN_COUNT=$(cat ${CM_RUN_DIR}/count.txt); echo ${CM_MLPERF_RUN_COUNT}; CM_MLPERF_RUN_COUNT=$((CM_MLPERF_RUN_COUNT+1)); echo ${CM_MLPERF_RUN_COUNT} > ${CM_RUN_DIR}/count.txt && if [ ${CM_MLPERF_RUN_COUNT} -eq "1" ]; then export CM_MLPERF_USER_CONF=${CM_MLPERF_RANGING_USER_CONF}; else export CM_MLPERF_USER_CONF=${CM_MLPERF_TESTING_USER_CONF}; fi && /mount/CM/repos/ctuning@mlcommons-ck/cm-mlops/script/run-all-mlperf-models/run.out'
client 2023-08-06 13:54:17,450 [INFO] Sending command to the server: 'time'
client 2023-08-06 13:54:17,458 [INFO] Got response: '1691326457.3518186'
client 2023-08-06 13:54:17,458 [INFO] The time difference between the client and the server is within range 98.791 ms..106.265 ms
client 2023-08-06 13:54:17,458 [INFO] Sending command to the server: 'session,2023-08-06_13-48-47,stop,ranging'
client 2023-08-06 13:54:28,547 [INFO] Got response: 'OK'
client 2023-08-06 13:54:28,547 [INFO] Sending command to the server: 'time'
client 2023-08-06 13:54:28,549 [INFO] Got response: '1691326468.4419808'
client 2023-08-06 13:54:28,550 [INFO] The time difference between the client and the server is within range 105.982 ms..108.062 ms
client 2023-08-06 13:54:28,553 [INFO] Copying loadgen logs from '/home/arjun/mobilenet_results/valid_results/orin-tflite_cpp-cpu-tflite-vmaster-default_config/mobilenet-v3-precision_uint8-large-minimalistic-224/singlestream/performance/run_1' to '/home/arjun/mobilenet_results/valid_results/orin-tflite_cpp-cpu-tflite-vmaster-default_config/mobilenet-v3-precision_uint8-large-minimalistic-224/singlestream/performance/tmp_power/ranging'
client 2023-08-06 13:54:28,554 [INFO] Running workload in testing mode
client 2023-08-06 13:54:28,554 [INFO] Synchronizing with the server and with time.google.com...
client 2023-08-06 13:54:28,569 [INFO] NTP:offset = -0.002 s, delay = 0.014 s 
client 2023-08-06 13:54:28,569 [INFO] Sending command to the server: 'time'
client 2023-08-06 13:54:28,572 [INFO] Got response: '1691326468.462051'
client 2023-08-06 13:54:28,572 [INFO] The time difference between the client and the server is within range 107.825 ms..110.575 ms
client 2023-08-06 13:54:28,572 [INFO] Sending command to the server: 'session,2023-08-06_13-48-47,start,testing'
client 2023-08-06 13:54:41,607 [INFO] Got response: 'OK'
client 2023-08-06 13:54:41,607 [INFO] Sending command to the server: 'time'
client 2023-08-06 13:54:41,630 [INFO] Got response: '1691326481.4984245'
client 2023-08-06 13:54:41,630 [INFO] The time difference between the client and the server is within range 109.175 ms..131.989 ms
client 2023-08-06 13:54:41,630 [INFO] Running the workload 'CM_MLPERF_RUN_COUNT=$(cat ${CM_RUN_DIR}/count.txt); echo ${CM_MLPERF_RUN_COUNT}; CM_MLPERF_RUN_COUNT=$((CM_MLPERF_RUN_COUNT+1)); echo ${CM_MLPERF_RUN_COUNT} > ${CM_RUN_DIR}/count.txt && if [ ${CM_MLPERF_RUN_COUNT} -eq "1" ]; then export CM_MLPERF_USER_CONF=${CM_MLPERF_RANGING_USER_CONF}; else export CM_MLPERF_USER_CONF=${CM_MLPERF_TESTING_USER_CONF}; fi && /mount/CM/repos/ctuning@mlcommons-ck/cm-mlops/script/run-all-mlperf-models/run.out'
client 2023-08-06 14:04:43,702 [INFO] Sending command to the server: 'time'
client 2023-08-06 14:04:43,707 [INFO] Got response: '1691327083.597638'
client 2023-08-06 14:04:43,707 [INFO] The time difference between the client and the server is within range 105.050 ms..109.697 ms
client 2023-08-06 14:04:43,707 [INFO] Sending command to the server: 'session,2023-08-06_13-48-47,stop,testing'
client 2023-08-06 14:04:54,683 [INFO] Got response: 'OK'
client 2023-08-06 14:04:54,683 [INFO] Sending command to the server: 'time'
client 2023-08-06 14:04:54,685 [INFO] Got response: '1691327094.5797162'
client 2023-08-06 14:04:54,686 [INFO] The time difference between the client and the server is within range 104.170 ms..106.333 ms
client 2023-08-06 14:04:54,686 [INFO] Copying loadgen logs from '/home/arjun/mobilenet_results/valid_results/orin-tflite_cpp-cpu-tflite-vmaster-default_config/mobilenet-v3-precision_uint8-large-minimalistic-224/singlestream/performance/run_1' to '/home/arjun/mobilenet_results/valid_results/orin-tflite_cpp-cpu-tflite-vmaster-default_config/mobilenet-v3-precision_uint8-large-minimalistic-224/singlestream/performance/tmp_power/run_1'
client 2023-08-06 14:04:54,687 [INFO] Done runs
