client 2023-08-06 06:11:14,359 [INFO] Creating output directory '/home/arjun/mobilenet_results/valid_results/orin-tflite_cpp-cpu-tflite-vmaster-default_config/mobilenet-v2-precision_uint8-1.0-128/singlestream/performance/tmp_power'
client 2023-08-06 06:11:14,364 [INFO] Sending command to the server: 'mlcommons/power client v3'
client 2023-08-06 06:11:14,367 [INFO] Got response: 'mlcommons/power server v3'
client 2023-08-06 06:11:14,367 [INFO] Synchronizing with the server and with time.google.com...
client 2023-08-06 06:11:14,389 [INFO] NTP:offset = -0.001 s, delay = 0.018 s 
client 2023-08-06 06:11:14,389 [INFO] Sending command to the server: 'time'
client 2023-08-06 06:11:14,393 [INFO] Got response: '1691298674.3160357'
client 2023-08-06 06:11:14,393 [INFO] The time difference between the client and the server is within range 73.134 ms..77.112 ms
client 2023-08-06 06:11:14,393 [INFO] Sending command to the server: 'new,,e5bca012-5fc5-4606-b4c1-4b400c692632'
client 2023-08-06 06:11:14,396 [INFO] Got response: 'OK 2023-08-06_06-11-14,f460525a-d604-4b24-afbc-3394953e43b5'
client 2023-08-06 06:11:14,396 [INFO] Session id is '2023-08-06_06-11-14'
client 2023-08-06 06:11:14,396 [INFO] Sources: {"sources": {"__init__.py": "da39a3ee5e6b4b0d3255bfef95601890afd80709", "client.py": "33ca4f26368777ac06e01f9567b714a4b8063886", "lib/__init__.py": "da39a3ee5e6b4b0d3255bfef95601890afd80709", "lib/client.py": "ac2aa093c8e8bbc9569b9e2a3471bc64e58a2258", "lib/common.py": "611d8b29633d331eb19c9455ea3b5fa3284ed6df", "lib/external/__init__.py": "da39a3ee5e6b4b0d3255bfef95601890afd80709", "lib/external/ntplib.py": "4da8f970656505a40483206ef2b5d3dd5e81711d", "lib/server.py": "c7af63c31bb2fbedea4345f571f6e3507d268ada", "lib/source_hashes.py": "60a2e02193209e8d392803326208d5466342da18", "lib/summary.py": "aa92f0a3f975eecd44d3c0cd0236342ccc9f941d", "lib/time_sync.py": "122eba67a9abc85635223e054def53be1367ade2", "server.py": "c3f90f2f7eeb4db30727556d0c815ebc89b3d28b", "tests/unit/__init__.py": "da39a3ee5e6b4b0d3255bfef95601890afd80709", "tests/unit/test_server.py": "948c1995d4008bc2aa6c4046a34ffa3858d6d671", "tests/unit/test_source_hashes.py": "00468a2907583c593e6574a1f6b404e4651c221a"}, "modules": {"ptd_client_server.lib.client": "lib/client.py", "ptd_client_server.lib.common": "lib/common.py", "ptd_client_server.lib.external.ntplib": "lib/external/ntplib.py", "ptd_client_server.lib.source_hashes": "lib/source_hashes.py", "ptd_client_server.lib.summary": "lib/summary.py", "ptd_client_server.lib.time_sync": "lib/time_sync.py"}}
client 2023-08-06 06:11:14,397 [INFO] Running workload in ranging mode
client 2023-08-06 06:11:14,397 [INFO] Synchronizing with the server and with time.google.com...
client 2023-08-06 06:11:14,413 [INFO] NTP:offset = -0.001 s, delay = 0.015 s 
client 2023-08-06 06:11:14,413 [INFO] Sending command to the server: 'time'
client 2023-08-06 06:11:14,415 [INFO] Got response: '1691298674.3463995'
client 2023-08-06 06:11:14,415 [INFO] The time difference between the client and the server is within range 66.880 ms..69.546 ms
client 2023-08-06 06:11:14,416 [INFO] Sending command to the server: 'session,2023-08-06_06-11-14,start,ranging'
client 2023-08-06 06:11:43,106 [INFO] Got response: 'OK'
client 2023-08-06 06:11:43,107 [INFO] Sending command to the server: 'time'
client 2023-08-06 06:11:43,110 [INFO] Got response: '1691298703.034404'
client 2023-08-06 06:11:43,110 [INFO] The time difference between the client and the server is within range 72.614 ms..76.172 ms
client 2023-08-06 06:11:43,110 [INFO] Running the workload 'CM_MLPERF_RUN_COUNT=$(cat ${CM_RUN_DIR}/count.txt); echo ${CM_MLPERF_RUN_COUNT}; CM_MLPERF_RUN_COUNT=$((CM_MLPERF_RUN_COUNT+1)); echo ${CM_MLPERF_RUN_COUNT} > ${CM_RUN_DIR}/count.txt && if [ ${CM_MLPERF_RUN_COUNT} -eq "1" ]; then export CM_MLPERF_USER_CONF=${CM_MLPERF_RANGING_USER_CONF}; else export CM_MLPERF_USER_CONF=${CM_MLPERF_TESTING_USER_CONF}; fi && /mount/CM/repos/ctuning@mlcommons-ck/cm-mlops/script/run-all-mlperf-models/run.out'
client 2023-08-06 06:16:44,390 [INFO] Sending command to the server: 'time'
client 2023-08-06 06:16:44,394 [INFO] Got response: '1691299004.3173378'
client 2023-08-06 06:16:44,394 [INFO] The time difference between the client and the server is within range 73.229 ms..77.197 ms
client 2023-08-06 06:16:44,394 [INFO] Sending command to the server: 'session,2023-08-06_06-11-14,stop,ranging'
client 2023-08-06 06:16:55,454 [INFO] Got response: 'OK'
client 2023-08-06 06:16:55,454 [INFO] Sending command to the server: 'time'
client 2023-08-06 06:16:55,457 [INFO] Got response: '1691299015.3847027'
client 2023-08-06 06:16:55,457 [INFO] The time difference between the client and the server is within range 69.762 ms..72.726 ms
client 2023-08-06 06:16:55,461 [INFO] Copying loadgen logs from '/home/arjun/mobilenet_results/valid_results/orin-tflite_cpp-cpu-tflite-vmaster-default_config/mobilenet-v2-precision_uint8-1.0-128/singlestream/performance/run_1' to '/home/arjun/mobilenet_results/valid_results/orin-tflite_cpp-cpu-tflite-vmaster-default_config/mobilenet-v2-precision_uint8-1.0-128/singlestream/performance/tmp_power/ranging'
client 2023-08-06 06:16:55,461 [INFO] Running workload in testing mode
client 2023-08-06 06:16:55,461 [INFO] Synchronizing with the server and with time.google.com...
client 2023-08-06 06:16:55,482 [INFO] NTP:offset = -0.000 s, delay = 0.019 s 
client 2023-08-06 06:16:55,482 [INFO] Sending command to the server: 'time'
client 2023-08-06 06:16:55,484 [INFO] Got response: '1691299015.4039311'
client 2023-08-06 06:16:55,484 [INFO] The time difference between the client and the server is within range 78.360 ms..80.510 ms
client 2023-08-06 06:16:55,484 [INFO] Sending command to the server: 'session,2023-08-06_06-11-14,start,testing'
client 2023-08-06 06:17:08,529 [INFO] Got response: 'OK'
client 2023-08-06 06:17:08,529 [INFO] Sending command to the server: 'time'
client 2023-08-06 06:17:08,533 [INFO] Got response: '1691299028.4553041'
client 2023-08-06 06:17:08,533 [INFO] The time difference between the client and the server is within range 74.519 ms..78.061 ms
client 2023-08-06 06:17:08,533 [INFO] Running the workload 'CM_MLPERF_RUN_COUNT=$(cat ${CM_RUN_DIR}/count.txt); echo ${CM_MLPERF_RUN_COUNT}; CM_MLPERF_RUN_COUNT=$((CM_MLPERF_RUN_COUNT+1)); echo ${CM_MLPERF_RUN_COUNT} > ${CM_RUN_DIR}/count.txt && if [ ${CM_MLPERF_RUN_COUNT} -eq "1" ]; then export CM_MLPERF_USER_CONF=${CM_MLPERF_RANGING_USER_CONF}; else export CM_MLPERF_USER_CONF=${CM_MLPERF_TESTING_USER_CONF}; fi && /mount/CM/repos/ctuning@mlcommons-ck/cm-mlops/script/run-all-mlperf-models/run.out'
client 2023-08-06 06:27:10,702 [INFO] Sending command to the server: 'time'
client 2023-08-06 06:27:10,706 [INFO] Got response: '1691299630.626798'
client 2023-08-06 06:27:10,706 [INFO] The time difference between the client and the server is within range 75.452 ms..79.864 ms
client 2023-08-06 06:27:10,706 [INFO] Sending command to the server: 'session,2023-08-06_06-11-14,stop,testing'
client 2023-08-06 06:27:21,600 [INFO] Got response: 'OK'
client 2023-08-06 06:27:21,601 [INFO] Sending command to the server: 'time'
client 2023-08-06 06:27:21,603 [INFO] Got response: '1691299641.5208235'
client 2023-08-06 06:27:21,603 [INFO] The time difference between the client and the server is within range 80.259 ms..82.756 ms
client 2023-08-06 06:27:21,604 [INFO] Copying loadgen logs from '/home/arjun/mobilenet_results/valid_results/orin-tflite_cpp-cpu-tflite-vmaster-default_config/mobilenet-v2-precision_uint8-1.0-128/singlestream/performance/run_1' to '/home/arjun/mobilenet_results/valid_results/orin-tflite_cpp-cpu-tflite-vmaster-default_config/mobilenet-v2-precision_uint8-1.0-128/singlestream/performance/tmp_power/run_1'
client 2023-08-06 06:27:21,605 [INFO] Done runs
