client 2023-07-20 05:44:17,200 [INFO] Creating output directory '/home/arjun/mobilenet_results/valid_results/raspberrypi-tflite_armnn_cpp-cpu-armnn_tflite-v22.11-using_neon/mobilenet-v2-precision_float-0.5-128/singlestream/performance/tmp_power'
client 2023-07-20 05:44:17,203 [INFO] Sending command to the server: 'mlcommons/power client v3'
client 2023-07-20 05:44:17,207 [INFO] Got response: 'mlcommons/power server v3'
client 2023-07-20 05:44:17,207 [INFO] Synchronizing with the server and with time.google.com...
client 2023-07-20 05:44:17,254 [INFO] NTP:offset = 0.005 s, delay = 0.015 s 
client 2023-07-20 05:44:17,254 [INFO] Sending command to the server: 'time'
client 2023-07-20 05:44:17,258 [INFO] Got response: '1689828257.1980543'
client 2023-07-20 05:44:17,258 [INFO] The time difference between the client and the server is within range 56.842 ms..60.421 ms
client 2023-07-20 05:44:17,258 [INFO] Sending command to the server: 'new,,517b3855-ce86-4604-a6b5-31abf6b2b20e'
client 2023-07-20 05:44:17,262 [INFO] Got response: 'OK 2023-07-20_05-44-17,c14e24c2-9892-492f-8fc3-86eb58424121'
client 2023-07-20 05:44:17,262 [INFO] Session id is '2023-07-20_05-44-17'
client 2023-07-20 05:44:17,263 [INFO] Sources: {"sources": {"__init__.py": "da39a3ee5e6b4b0d3255bfef95601890afd80709", "client.py": "33ca4f26368777ac06e01f9567b714a4b8063886", "lib/__init__.py": "da39a3ee5e6b4b0d3255bfef95601890afd80709", "lib/client.py": "ac2aa093c8e8bbc9569b9e2a3471bc64e58a2258", "lib/common.py": "611d8b29633d331eb19c9455ea3b5fa3284ed6df", "lib/external/__init__.py": "da39a3ee5e6b4b0d3255bfef95601890afd80709", "lib/external/ntplib.py": "4da8f970656505a40483206ef2b5d3dd5e81711d", "lib/server.py": "c7af63c31bb2fbedea4345f571f6e3507d268ada", "lib/source_hashes.py": "60a2e02193209e8d392803326208d5466342da18", "lib/summary.py": "aa92f0a3f975eecd44d3c0cd0236342ccc9f941d", "lib/time_sync.py": "122eba67a9abc85635223e054def53be1367ade2", "server.py": "c3f90f2f7eeb4db30727556d0c815ebc89b3d28b", "tests/unit/__init__.py": "da39a3ee5e6b4b0d3255bfef95601890afd80709", "tests/unit/test_server.py": "948c1995d4008bc2aa6c4046a34ffa3858d6d671", "tests/unit/test_source_hashes.py": "00468a2907583c593e6574a1f6b404e4651c221a"}, "modules": {"ptd_client_server.lib.client": "lib/client.py", "ptd_client_server.lib.common": "lib/common.py", "ptd_client_server.lib.external.ntplib": "lib/external/ntplib.py", "ptd_client_server.lib.source_hashes": "lib/source_hashes.py", "ptd_client_server.lib.summary": "lib/summary.py", "ptd_client_server.lib.time_sync": "lib/time_sync.py"}}
client 2023-07-20 05:44:17,263 [INFO] Running workload in ranging mode
client 2023-07-20 05:44:17,263 [INFO] Synchronizing with the server and with time.google.com...
client 2023-07-20 05:44:17,292 [INFO] NTP:offset = 0.006 s, delay = 0.014 s 
client 2023-07-20 05:44:17,293 [INFO] Sending command to the server: 'time'
client 2023-07-20 05:44:17,296 [INFO] Got response: '1689828257.228153'
client 2023-07-20 05:44:17,296 [INFO] The time difference between the client and the server is within range 65.007 ms..68.702 ms
client 2023-07-20 05:44:17,297 [INFO] Sending command to the server: 'session,2023-07-20_05-44-17,start,ranging'
client 2023-07-20 05:44:46,004 [INFO] Got response: 'OK'
client 2023-07-20 05:44:46,005 [INFO] Sending command to the server: 'time'
client 2023-07-20 05:44:46,009 [INFO] Got response: '1689828285.9402146'
client 2023-07-20 05:44:46,010 [INFO] The time difference between the client and the server is within range 65.247 ms..70.078 ms
client 2023-07-20 05:44:46,010 [INFO] Running the workload 'CM_MLPERF_RUN_COUNT=$(cat ${CM_RUN_DIR}/count.txt); echo ${CM_MLPERF_RUN_COUNT}; CM_MLPERF_RUN_COUNT=$((CM_MLPERF_RUN_COUNT+1)); echo ${CM_MLPERF_RUN_COUNT} > ${CM_RUN_DIR}/count.txt && if [ ${CM_MLPERF_RUN_COUNT} -eq "1" ]; then export CM_MLPERF_USER_CONF=${CM_MLPERF_RANGING_USER_CONF}; else export CM_MLPERF_USER_CONF=${CM_MLPERF_TESTING_USER_CONF}; fi && /home/arjun/CM/repos/ctuning@mlcommons-ck/cm-mlops/script/get-lib-armnn/run.out'
client 2023-07-20 05:49:57,941 [INFO] Sending command to the server: 'time'
client 2023-07-20 05:49:58,045 [INFO] Got response: '1689828597.9768765'
client 2023-07-20 05:49:58,046 [INFO] The time difference between the client and the server is within range -35.441 ms..69.430 ms
client 2023-07-20 05:49:58,046 [INFO] Sending command to the server: 'session,2023-07-20_05-44-17,stop,ranging'
client 2023-07-20 05:50:09,147 [INFO] Got response: 'OK'
client 2023-07-20 05:50:09,148 [INFO] Sending command to the server: 'time'
client 2023-07-20 05:50:09,151 [INFO] Got response: '1689828609.0779328'
client 2023-07-20 05:50:09,151 [INFO] The time difference between the client and the server is within range 70.195 ms..73.511 ms
client 2023-07-20 05:50:09,181 [INFO] Copying loadgen logs from '/home/arjun/mobilenet_results/valid_results/raspberrypi-tflite_armnn_cpp-cpu-armnn_tflite-v22.11-using_neon/mobilenet-v2-precision_float-0.5-128/singlestream/performance/run_1' to '/home/arjun/mobilenet_results/valid_results/raspberrypi-tflite_armnn_cpp-cpu-armnn_tflite-v22.11-using_neon/mobilenet-v2-precision_float-0.5-128/singlestream/performance/tmp_power/ranging'
client 2023-07-20 05:50:09,183 [INFO] Running workload in testing mode
client 2023-07-20 05:50:09,184 [INFO] Synchronizing with the server and with time.google.com...
client 2023-07-20 05:50:09,220 [INFO] NTP:offset = 0.004 s, delay = 0.016 s 
client 2023-07-20 05:50:09,220 [INFO] Sending command to the server: 'time'
client 2023-07-20 05:50:09,223 [INFO] Got response: '1689828609.1490002'
client 2023-07-20 05:50:09,224 [INFO] The time difference between the client and the server is within range 71.395 ms..75.181 ms
client 2023-07-20 05:50:09,224 [INFO] Sending command to the server: 'session,2023-07-20_05-44-17,start,testing'
client 2023-07-20 05:50:22,276 [INFO] Got response: 'OK'
client 2023-07-20 05:50:22,276 [INFO] Sending command to the server: 'time'
client 2023-07-20 05:50:22,281 [INFO] Got response: '1689828622.2089639'
client 2023-07-20 05:50:22,281 [INFO] The time difference between the client and the server is within range 67.585 ms..72.438 ms
client 2023-07-20 05:50:22,281 [INFO] Running the workload 'CM_MLPERF_RUN_COUNT=$(cat ${CM_RUN_DIR}/count.txt); echo ${CM_MLPERF_RUN_COUNT}; CM_MLPERF_RUN_COUNT=$((CM_MLPERF_RUN_COUNT+1)); echo ${CM_MLPERF_RUN_COUNT} > ${CM_RUN_DIR}/count.txt && if [ ${CM_MLPERF_RUN_COUNT} -eq "1" ]; then export CM_MLPERF_USER_CONF=${CM_MLPERF_RANGING_USER_CONF}; else export CM_MLPERF_USER_CONF=${CM_MLPERF_TESTING_USER_CONF}; fi && /home/arjun/CM/repos/ctuning@mlcommons-ck/cm-mlops/script/get-lib-armnn/run.out'
client 2023-07-20 06:00:38,969 [INFO] Sending command to the server: 'time'
client 2023-07-20 06:00:38,973 [INFO] Got response: '1689829238.8919828'
client 2023-07-20 06:00:38,974 [INFO] The time difference between the client and the server is within range 76.970 ms..82.125 ms
client 2023-07-20 06:00:38,974 [INFO] Sending command to the server: 'session,2023-07-20_05-44-17,stop,testing'
client 2023-07-20 06:00:49,354 [INFO] Got response: 'OK'
client 2023-07-20 06:00:49,354 [INFO] Sending command to the server: 'time'
client 2023-07-20 06:00:49,356 [INFO] Got response: '1689829249.277046'
client 2023-07-20 06:00:49,356 [INFO] The time difference between the client and the server is within range 77.281 ms..79.738 ms
client 2023-07-20 06:00:49,358 [INFO] Copying loadgen logs from '/home/arjun/mobilenet_results/valid_results/raspberrypi-tflite_armnn_cpp-cpu-armnn_tflite-v22.11-using_neon/mobilenet-v2-precision_float-0.5-128/singlestream/performance/run_1' to '/home/arjun/mobilenet_results/valid_results/raspberrypi-tflite_armnn_cpp-cpu-armnn_tflite-v22.11-using_neon/mobilenet-v2-precision_float-0.5-128/singlestream/performance/tmp_power/run_1'
client 2023-07-20 06:00:49,360 [INFO] Done runs
