client 2023-08-07 03:23:50,918 [INFO] Creating output directory '/home/arjun/mobilenet_results/valid_results/orin-tflite_armnn_cpp-cpu-armnn_tflite-v23.05-using_neon/mobilenet-v1-precision_float-0.75-128/singlestream/performance/tmp_power'
client 2023-08-07 03:23:50,921 [INFO] Sending command to the server: 'mlcommons/power client v3'
client 2023-08-07 03:23:50,924 [INFO] Got response: 'mlcommons/power server v3'
client 2023-08-07 03:23:50,924 [INFO] Synchronizing with the server and with time.google.com...
client 2023-08-07 03:23:50,942 [INFO] NTP:offset = 0.001 s, delay = 0.015 s 
client 2023-08-07 03:23:50,942 [INFO] Sending command to the server: 'time'
client 2023-08-07 03:23:50,944 [INFO] Got response: '1691375031.0046673'
client 2023-08-07 03:23:50,944 [INFO] The time difference between the client and the server is within range -62.216 ms..-59.916 ms
client 2023-08-07 03:23:50,944 [INFO] Sending command to the server: 'new,,e219b3ca-ae1c-4fa7-9138-aabff0ff212a'
client 2023-08-07 03:23:50,947 [INFO] Got response: 'OK 2023-08-07_03-23-51,10b8f993-ad8f-4e5a-8354-90ecd8513b12'
client 2023-08-07 03:23:50,947 [INFO] Session id is '2023-08-07_03-23-51'
client 2023-08-07 03:23:50,947 [INFO] Sources: {"sources": {"__init__.py": "da39a3ee5e6b4b0d3255bfef95601890afd80709", "client.py": "33ca4f26368777ac06e01f9567b714a4b8063886", "lib/__init__.py": "da39a3ee5e6b4b0d3255bfef95601890afd80709", "lib/client.py": "ac2aa093c8e8bbc9569b9e2a3471bc64e58a2258", "lib/common.py": "611d8b29633d331eb19c9455ea3b5fa3284ed6df", "lib/external/__init__.py": "da39a3ee5e6b4b0d3255bfef95601890afd80709", "lib/external/ntplib.py": "4da8f970656505a40483206ef2b5d3dd5e81711d", "lib/server.py": "c7af63c31bb2fbedea4345f571f6e3507d268ada", "lib/source_hashes.py": "60a2e02193209e8d392803326208d5466342da18", "lib/summary.py": "aa92f0a3f975eecd44d3c0cd0236342ccc9f941d", "lib/time_sync.py": "122eba67a9abc85635223e054def53be1367ade2", "server.py": "c3f90f2f7eeb4db30727556d0c815ebc89b3d28b", "tests/unit/__init__.py": "da39a3ee5e6b4b0d3255bfef95601890afd80709", "tests/unit/test_server.py": "948c1995d4008bc2aa6c4046a34ffa3858d6d671", "tests/unit/test_source_hashes.py": "00468a2907583c593e6574a1f6b404e4651c221a"}, "modules": {"ptd_client_server.lib.client": "lib/client.py", "ptd_client_server.lib.common": "lib/common.py", "ptd_client_server.lib.external.ntplib": "lib/external/ntplib.py", "ptd_client_server.lib.source_hashes": "lib/source_hashes.py", "ptd_client_server.lib.summary": "lib/summary.py", "ptd_client_server.lib.time_sync": "lib/time_sync.py"}}
client 2023-08-07 03:23:50,948 [INFO] Running workload in ranging mode
client 2023-08-07 03:23:50,948 [INFO] Synchronizing with the server and with time.google.com...
client 2023-08-07 03:23:50,963 [INFO] NTP:offset = 0.001 s, delay = 0.014 s 
client 2023-08-07 03:23:50,963 [INFO] Sending command to the server: 'time'
client 2023-08-07 03:23:50,965 [INFO] Got response: '1691375031.02621'
client 2023-08-07 03:23:50,965 [INFO] The time difference between the client and the server is within range -62.756 ms..-60.635 ms
client 2023-08-07 03:23:50,965 [INFO] Sending command to the server: 'session,2023-08-07_03-23-51,start,ranging'
client 2023-08-07 03:24:19,699 [INFO] Got response: 'OK'
client 2023-08-07 03:24:19,699 [INFO] Sending command to the server: 'time'
client 2023-08-07 03:24:19,702 [INFO] Got response: '1691375059.760154'
client 2023-08-07 03:24:19,702 [INFO] The time difference between the client and the server is within range -60.318 ms..-57.923 ms
client 2023-08-07 03:24:19,702 [INFO] Running the workload 'CM_MLPERF_RUN_COUNT=$(cat ${CM_RUN_DIR}/count.txt); echo ${CM_MLPERF_RUN_COUNT}; CM_MLPERF_RUN_COUNT=$((CM_MLPERF_RUN_COUNT+1)); echo ${CM_MLPERF_RUN_COUNT} > ${CM_RUN_DIR}/count.txt && if [ ${CM_MLPERF_RUN_COUNT} -eq "1" ]; then export CM_MLPERF_USER_CONF=${CM_MLPERF_RANGING_USER_CONF}; else export CM_MLPERF_USER_CONF=${CM_MLPERF_TESTING_USER_CONF}; fi && /mount/CM/repos/ctuning@mlcommons-ck/cm-mlops/script/run-all-mlperf-models/run.out'
client 2023-08-07 03:29:21,106 [INFO] Sending command to the server: 'time'
client 2023-08-07 03:29:21,109 [INFO] Got response: '1691375361.163161'
client 2023-08-07 03:29:21,109 [INFO] The time difference between the client and the server is within range -56.469 ms..-53.407 ms
client 2023-08-07 03:29:21,109 [INFO] Sending command to the server: 'session,2023-08-07_03-23-51,stop,ranging'
client 2023-08-07 03:29:31,893 [INFO] Got response: 'OK'
client 2023-08-07 03:29:31,893 [INFO] Sending command to the server: 'time'
client 2023-08-07 03:29:31,901 [INFO] Got response: '1691375371.9601598'
client 2023-08-07 03:29:31,901 [INFO] The time difference between the client and the server is within range -66.261 ms..-59.098 ms
client 2023-08-07 03:29:31,941 [INFO] Copying loadgen logs from '/home/arjun/mobilenet_results/valid_results/orin-tflite_armnn_cpp-cpu-armnn_tflite-v23.05-using_neon/mobilenet-v1-precision_float-0.75-128/singlestream/performance/run_1' to '/home/arjun/mobilenet_results/valid_results/orin-tflite_armnn_cpp-cpu-armnn_tflite-v23.05-using_neon/mobilenet-v1-precision_float-0.75-128/singlestream/performance/tmp_power/ranging'
client 2023-08-07 03:29:31,942 [INFO] Running workload in testing mode
client 2023-08-07 03:29:31,942 [INFO] Synchronizing with the server and with time.google.com...
client 2023-08-07 03:29:31,972 [INFO] NTP:offset = 0.000 s, delay = 0.018 s 
client 2023-08-07 03:29:31,972 [INFO] Sending command to the server: 'time'
client 2023-08-07 03:29:31,976 [INFO] Got response: '1691375372.0303812'
client 2023-08-07 03:29:31,976 [INFO] The time difference between the client and the server is within range -57.655 ms..-54.056 ms
client 2023-08-07 03:29:31,976 [INFO] Sending command to the server: 'session,2023-08-07_03-23-51,start,testing'
client 2023-08-07 03:29:45,018 [INFO] Got response: 'OK'
client 2023-08-07 03:29:45,019 [INFO] Sending command to the server: 'time'
client 2023-08-07 03:29:45,022 [INFO] Got response: '1691375385.0737991'
client 2023-08-07 03:29:45,022 [INFO] The time difference between the client and the server is within range -54.711 ms..-51.585 ms
client 2023-08-07 03:29:45,022 [INFO] Running the workload 'CM_MLPERF_RUN_COUNT=$(cat ${CM_RUN_DIR}/count.txt); echo ${CM_MLPERF_RUN_COUNT}; CM_MLPERF_RUN_COUNT=$((CM_MLPERF_RUN_COUNT+1)); echo ${CM_MLPERF_RUN_COUNT} > ${CM_RUN_DIR}/count.txt && if [ ${CM_MLPERF_RUN_COUNT} -eq "1" ]; then export CM_MLPERF_USER_CONF=${CM_MLPERF_RANGING_USER_CONF}; else export CM_MLPERF_USER_CONF=${CM_MLPERF_TESTING_USER_CONF}; fi && /mount/CM/repos/ctuning@mlcommons-ck/cm-mlops/script/run-all-mlperf-models/run.out'
client 2023-08-07 03:39:47,300 [INFO] Sending command to the server: 'time'
client 2023-08-07 03:39:47,304 [INFO] Got response: '1691375987.3582747'
client 2023-08-07 03:39:47,304 [INFO] The time difference between the client and the server is within range -57.859 ms..-53.631 ms
client 2023-08-07 03:39:47,304 [INFO] Sending command to the server: 'session,2023-08-07_03-23-51,stop,testing'
client 2023-08-07 03:39:58,244 [INFO] Got response: 'OK'
client 2023-08-07 03:39:58,244 [INFO] Sending command to the server: 'time'
client 2023-08-07 03:39:58,246 [INFO] Got response: '1691375998.2987268'
client 2023-08-07 03:39:58,246 [INFO] The time difference between the client and the server is within range -54.279 ms..-52.273 ms
client 2023-08-07 03:39:58,247 [INFO] Copying loadgen logs from '/home/arjun/mobilenet_results/valid_results/orin-tflite_armnn_cpp-cpu-armnn_tflite-v23.05-using_neon/mobilenet-v1-precision_float-0.75-128/singlestream/performance/run_1' to '/home/arjun/mobilenet_results/valid_results/orin-tflite_armnn_cpp-cpu-armnn_tflite-v23.05-using_neon/mobilenet-v1-precision_float-0.75-128/singlestream/performance/tmp_power/run_1'
client 2023-08-07 03:39:58,248 [INFO] Done runs
