client 2023-08-06 15:10:28,185 [INFO] Creating output directory '/home/arjun/mobilenet_results/valid_results/orin-tflite_cpp-cpu-tflite-vmaster-default_config/efficientnet-int8-lite0/singlestream/performance/tmp_power'
client 2023-08-06 15:10:28,188 [INFO] Sending command to the server: 'mlcommons/power client v3'
client 2023-08-06 15:10:28,191 [INFO] Got response: 'mlcommons/power server v3'
client 2023-08-06 15:10:28,191 [INFO] Synchronizing with the server and with time.google.com...
client 2023-08-06 15:10:28,219 [INFO] NTP:offset = 0.006 s, delay = 0.024 s 
client 2023-08-06 15:10:28,219 [INFO] Sending command to the server: 'time'
client 2023-08-06 15:10:28,222 [INFO] Got response: '1691331028.1165109'
client 2023-08-06 15:10:28,222 [INFO] The time difference between the client and the server is within range 102.607 ms..105.583 ms
client 2023-08-06 15:10:28,222 [INFO] Sending command to the server: 'new,,3bb99ee0-148c-4d14-85c8-33c15eb6e214'
client 2023-08-06 15:10:28,225 [INFO] Got response: 'OK 2023-08-06_15-10-28,2df44ae9-aca1-4710-8662-d693a7ee89b2'
client 2023-08-06 15:10:28,225 [INFO] Session id is '2023-08-06_15-10-28'
client 2023-08-06 15:10:28,225 [INFO] Sources: {"sources": {"__init__.py": "da39a3ee5e6b4b0d3255bfef95601890afd80709", "client.py": "33ca4f26368777ac06e01f9567b714a4b8063886", "lib/__init__.py": "da39a3ee5e6b4b0d3255bfef95601890afd80709", "lib/client.py": "ac2aa093c8e8bbc9569b9e2a3471bc64e58a2258", "lib/common.py": "611d8b29633d331eb19c9455ea3b5fa3284ed6df", "lib/external/__init__.py": "da39a3ee5e6b4b0d3255bfef95601890afd80709", "lib/external/ntplib.py": "4da8f970656505a40483206ef2b5d3dd5e81711d", "lib/server.py": "c7af63c31bb2fbedea4345f571f6e3507d268ada", "lib/source_hashes.py": "60a2e02193209e8d392803326208d5466342da18", "lib/summary.py": "aa92f0a3f975eecd44d3c0cd0236342ccc9f941d", "lib/time_sync.py": "122eba67a9abc85635223e054def53be1367ade2", "server.py": "c3f90f2f7eeb4db30727556d0c815ebc89b3d28b", "tests/unit/__init__.py": "da39a3ee5e6b4b0d3255bfef95601890afd80709", "tests/unit/test_server.py": "948c1995d4008bc2aa6c4046a34ffa3858d6d671", "tests/unit/test_source_hashes.py": "00468a2907583c593e6574a1f6b404e4651c221a"}, "modules": {"ptd_client_server.lib.client": "lib/client.py", "ptd_client_server.lib.common": "lib/common.py", "ptd_client_server.lib.external.ntplib": "lib/external/ntplib.py", "ptd_client_server.lib.source_hashes": "lib/source_hashes.py", "ptd_client_server.lib.summary": "lib/summary.py", "ptd_client_server.lib.time_sync": "lib/time_sync.py"}}
client 2023-08-06 15:10:28,226 [INFO] Running workload in ranging mode
client 2023-08-06 15:10:28,226 [INFO] Synchronizing with the server and with time.google.com...
client 2023-08-06 15:10:28,241 [INFO] NTP:offset = 0.001 s, delay = 0.014 s 
client 2023-08-06 15:10:28,241 [INFO] Sending command to the server: 'time'
client 2023-08-06 15:10:28,244 [INFO] Got response: '1691331028.1364'
client 2023-08-06 15:10:28,244 [INFO] The time difference between the client and the server is within range 104.957 ms..108.074 ms
client 2023-08-06 15:10:28,244 [INFO] Sending command to the server: 'session,2023-08-06_15-10-28,start,ranging'
client 2023-08-06 15:10:56,976 [INFO] Got response: 'OK'
client 2023-08-06 15:10:56,976 [INFO] Sending command to the server: 'time'
client 2023-08-06 15:10:56,979 [INFO] Got response: '1691331056.876103'
client 2023-08-06 15:10:56,980 [INFO] The time difference between the client and the server is within range 100.154 ms..103.917 ms
client 2023-08-06 15:10:56,980 [INFO] Running the workload 'CM_MLPERF_RUN_COUNT=$(cat ${CM_RUN_DIR}/count.txt); echo ${CM_MLPERF_RUN_COUNT}; CM_MLPERF_RUN_COUNT=$((CM_MLPERF_RUN_COUNT+1)); echo ${CM_MLPERF_RUN_COUNT} > ${CM_RUN_DIR}/count.txt && if [ ${CM_MLPERF_RUN_COUNT} -eq "1" ]; then export CM_MLPERF_USER_CONF=${CM_MLPERF_RANGING_USER_CONF}; else export CM_MLPERF_USER_CONF=${CM_MLPERF_TESTING_USER_CONF}; fi && /mount/CM/repos/ctuning@mlcommons-ck/cm-mlops/script/run-all-mlperf-models/run.out'
client 2023-08-06 15:15:58,304 [INFO] Sending command to the server: 'time'
client 2023-08-06 15:15:58,308 [INFO] Got response: '1691331358.2023153'
client 2023-08-06 15:15:58,308 [INFO] The time difference between the client and the server is within range 101.903 ms..106.497 ms
client 2023-08-06 15:15:58,308 [INFO] Sending command to the server: 'session,2023-08-06_15-10-28,stop,ranging'
client 2023-08-06 15:16:09,474 [INFO] Got response: 'OK'
client 2023-08-06 15:16:09,474 [INFO] Sending command to the server: 'time'
client 2023-08-06 15:16:09,477 [INFO] Got response: '1691331369.3653693'
client 2023-08-06 15:16:09,477 [INFO] The time difference between the client and the server is within range 109.368 ms..111.739 ms
client 2023-08-06 15:16:09,480 [INFO] Copying loadgen logs from '/home/arjun/mobilenet_results/valid_results/orin-tflite_cpp-cpu-tflite-vmaster-default_config/efficientnet-int8-lite0/singlestream/performance/run_1' to '/home/arjun/mobilenet_results/valid_results/orin-tflite_cpp-cpu-tflite-vmaster-default_config/efficientnet-int8-lite0/singlestream/performance/tmp_power/ranging'
client 2023-08-06 15:16:09,481 [INFO] Running workload in testing mode
client 2023-08-06 15:16:09,481 [INFO] Synchronizing with the server and with time.google.com...
client 2023-08-06 15:16:09,498 [INFO] NTP:offset = 0.001 s, delay = 0.016 s 
client 2023-08-06 15:16:09,498 [INFO] Sending command to the server: 'time'
client 2023-08-06 15:16:09,501 [INFO] Got response: '1691331369.3974206'
client 2023-08-06 15:16:09,501 [INFO] The time difference between the client and the server is within range 101.549 ms..103.857 ms
client 2023-08-06 15:16:09,501 [INFO] Sending command to the server: 'session,2023-08-06_15-10-28,start,testing'
client 2023-08-06 15:16:22,550 [INFO] Got response: 'OK'
client 2023-08-06 15:16:22,550 [INFO] Sending command to the server: 'time'
client 2023-08-06 15:16:22,554 [INFO] Got response: '1691331382.4429991'
client 2023-08-06 15:16:22,554 [INFO] The time difference between the client and the server is within range 107.738 ms..111.487 ms
client 2023-08-06 15:16:22,554 [INFO] Running the workload 'CM_MLPERF_RUN_COUNT=$(cat ${CM_RUN_DIR}/count.txt); echo ${CM_MLPERF_RUN_COUNT}; CM_MLPERF_RUN_COUNT=$((CM_MLPERF_RUN_COUNT+1)); echo ${CM_MLPERF_RUN_COUNT} > ${CM_RUN_DIR}/count.txt && if [ ${CM_MLPERF_RUN_COUNT} -eq "1" ]; then export CM_MLPERF_USER_CONF=${CM_MLPERF_RANGING_USER_CONF}; else export CM_MLPERF_USER_CONF=${CM_MLPERF_TESTING_USER_CONF}; fi && /mount/CM/repos/ctuning@mlcommons-ck/cm-mlops/script/run-all-mlperf-models/run.out'
client 2023-08-06 15:26:24,704 [INFO] Sending command to the server: 'time'
client 2023-08-06 15:26:24,709 [INFO] Got response: '1691331984.5963342'
client 2023-08-06 15:26:24,709 [INFO] The time difference between the client and the server is within range 107.795 ms..113.454 ms
client 2023-08-06 15:26:24,709 [INFO] Sending command to the server: 'session,2023-08-06_15-10-28,stop,testing'
client 2023-08-06 15:26:35,626 [INFO] Got response: 'OK'
client 2023-08-06 15:26:35,626 [INFO] Sending command to the server: 'time'
client 2023-08-06 15:26:35,629 [INFO] Got response: '1691331995.5200212'
client 2023-08-06 15:26:35,629 [INFO] The time difference between the client and the server is within range 106.272 ms..109.447 ms
client 2023-08-06 15:26:35,630 [INFO] Copying loadgen logs from '/home/arjun/mobilenet_results/valid_results/orin-tflite_cpp-cpu-tflite-vmaster-default_config/efficientnet-int8-lite0/singlestream/performance/run_1' to '/home/arjun/mobilenet_results/valid_results/orin-tflite_cpp-cpu-tflite-vmaster-default_config/efficientnet-int8-lite0/singlestream/performance/tmp_power/run_1'
client 2023-08-06 15:26:35,630 [INFO] Done runs
