client 2023-08-07 02:18:29,647 [INFO] Creating output directory '/home/arjun/mobilenet_results/valid_results/orin-tflite_armnn_cpp-cpu-armnn_tflite-v23.05-using_neon/mobilenet-v1-precision_float-0.75-192/singlestream/performance/tmp_power'
client 2023-08-07 02:18:29,657 [INFO] Sending command to the server: 'mlcommons/power client v3'
client 2023-08-07 02:18:29,660 [INFO] Got response: 'mlcommons/power server v3'
client 2023-08-07 02:18:29,660 [INFO] Synchronizing with the server and with time.google.com...
client 2023-08-07 02:18:29,691 [INFO] NTP:offset = -0.001 s, delay = 0.015 s 
client 2023-08-07 02:18:29,691 [INFO] Sending command to the server: 'time'
client 2023-08-07 02:18:29,694 [INFO] Got response: '1691371109.7624376'
client 2023-08-07 02:18:29,694 [INFO] The time difference between the client and the server is within range -70.975 ms..-67.572 ms
client 2023-08-07 02:18:29,694 [INFO] Sending command to the server: 'new,,36700c83-a12c-4bc3-b181-e0da8b67d241'
client 2023-08-07 02:18:29,701 [INFO] Got response: 'OK 2023-08-07_02-18-29,3c86e46a-b368-4481-9670-346c814b0d1a'
client 2023-08-07 02:18:29,701 [INFO] Session id is '2023-08-07_02-18-29'
client 2023-08-07 02:18:29,701 [INFO] Sources: {"sources": {"__init__.py": "da39a3ee5e6b4b0d3255bfef95601890afd80709", "client.py": "33ca4f26368777ac06e01f9567b714a4b8063886", "lib/__init__.py": "da39a3ee5e6b4b0d3255bfef95601890afd80709", "lib/client.py": "ac2aa093c8e8bbc9569b9e2a3471bc64e58a2258", "lib/common.py": "611d8b29633d331eb19c9455ea3b5fa3284ed6df", "lib/external/__init__.py": "da39a3ee5e6b4b0d3255bfef95601890afd80709", "lib/external/ntplib.py": "4da8f970656505a40483206ef2b5d3dd5e81711d", "lib/server.py": "c7af63c31bb2fbedea4345f571f6e3507d268ada", "lib/source_hashes.py": "60a2e02193209e8d392803326208d5466342da18", "lib/summary.py": "aa92f0a3f975eecd44d3c0cd0236342ccc9f941d", "lib/time_sync.py": "122eba67a9abc85635223e054def53be1367ade2", "server.py": "c3f90f2f7eeb4db30727556d0c815ebc89b3d28b", "tests/unit/__init__.py": "da39a3ee5e6b4b0d3255bfef95601890afd80709", "tests/unit/test_server.py": "948c1995d4008bc2aa6c4046a34ffa3858d6d671", "tests/unit/test_source_hashes.py": "00468a2907583c593e6574a1f6b404e4651c221a"}, "modules": {"ptd_client_server.lib.client": "lib/client.py", "ptd_client_server.lib.common": "lib/common.py", "ptd_client_server.lib.external.ntplib": "lib/external/ntplib.py", "ptd_client_server.lib.source_hashes": "lib/source_hashes.py", "ptd_client_server.lib.summary": "lib/summary.py", "ptd_client_server.lib.time_sync": "lib/time_sync.py"}}
client 2023-08-07 02:18:29,701 [INFO] Running workload in ranging mode
client 2023-08-07 02:18:29,701 [INFO] Synchronizing with the server and with time.google.com...
client 2023-08-07 02:18:29,718 [INFO] NTP:offset = -0.001 s, delay = 0.016 s 
client 2023-08-07 02:18:29,718 [INFO] Sending command to the server: 'time'
client 2023-08-07 02:18:29,721 [INFO] Got response: '1691371109.782433'
client 2023-08-07 02:18:29,722 [INFO] The time difference between the client and the server is within range -63.957 ms..-60.392 ms
client 2023-08-07 02:18:29,722 [INFO] Sending command to the server: 'session,2023-08-07_02-18-29,start,ranging'
client 2023-08-07 02:18:58,516 [INFO] Got response: 'OK'
client 2023-08-07 02:18:58,516 [INFO] Sending command to the server: 'time'
client 2023-08-07 02:18:58,519 [INFO] Got response: '1691371138.5821023'
client 2023-08-07 02:18:58,519 [INFO] The time difference between the client and the server is within range -65.683 ms..-62.908 ms
client 2023-08-07 02:18:58,519 [INFO] Running the workload 'CM_MLPERF_RUN_COUNT=$(cat ${CM_RUN_DIR}/count.txt); echo ${CM_MLPERF_RUN_COUNT}; CM_MLPERF_RUN_COUNT=$((CM_MLPERF_RUN_COUNT+1)); echo ${CM_MLPERF_RUN_COUNT} > ${CM_RUN_DIR}/count.txt && if [ ${CM_MLPERF_RUN_COUNT} -eq "1" ]; then export CM_MLPERF_USER_CONF=${CM_MLPERF_RANGING_USER_CONF}; else export CM_MLPERF_USER_CONF=${CM_MLPERF_TESTING_USER_CONF}; fi && /mount/CM/repos/ctuning@mlcommons-ck/cm-mlops/script/run-all-mlperf-models/run.out'
client 2023-08-07 02:23:59,897 [INFO] Sending command to the server: 'time'
client 2023-08-07 02:23:59,924 [INFO] Got response: '1691371439.991506'
client 2023-08-07 02:23:59,924 [INFO] The time difference between the client and the server is within range -94.044 ms..-67.327 ms
client 2023-08-07 02:23:59,924 [INFO] Sending command to the server: 'session,2023-08-07_02-18-29,stop,ranging'
client 2023-08-07 02:24:10,843 [INFO] Got response: 'OK'
client 2023-08-07 02:24:10,843 [INFO] Sending command to the server: 'time'
client 2023-08-07 02:24:10,846 [INFO] Got response: '1691371450.9064364'
client 2023-08-07 02:24:10,846 [INFO] The time difference between the client and the server is within range -62.610 ms..-59.782 ms
client 2023-08-07 02:24:10,850 [INFO] Copying loadgen logs from '/home/arjun/mobilenet_results/valid_results/orin-tflite_armnn_cpp-cpu-armnn_tflite-v23.05-using_neon/mobilenet-v1-precision_float-0.75-192/singlestream/performance/run_1' to '/home/arjun/mobilenet_results/valid_results/orin-tflite_armnn_cpp-cpu-armnn_tflite-v23.05-using_neon/mobilenet-v1-precision_float-0.75-192/singlestream/performance/tmp_power/ranging'
client 2023-08-07 02:24:10,850 [INFO] Running workload in testing mode
client 2023-08-07 02:24:10,850 [INFO] Synchronizing with the server and with time.google.com...
client 2023-08-07 02:24:10,869 [INFO] NTP:offset = -0.001 s, delay = 0.017 s 
client 2023-08-07 02:24:10,869 [INFO] Sending command to the server: 'time'
client 2023-08-07 02:24:10,872 [INFO] Got response: '1691371450.936542'
client 2023-08-07 02:24:10,872 [INFO] The time difference between the client and the server is within range -67.322 ms..-64.012 ms
client 2023-08-07 02:24:10,872 [INFO] Sending command to the server: 'session,2023-08-07_02-18-29,start,testing'
client 2023-08-07 02:24:23,913 [INFO] Got response: 'OK'
client 2023-08-07 02:24:23,913 [INFO] Sending command to the server: 'time'
client 2023-08-07 02:24:23,916 [INFO] Got response: '1691371463.9805982'
client 2023-08-07 02:24:23,916 [INFO] The time difference between the client and the server is within range -66.763 ms..-64.027 ms
client 2023-08-07 02:24:23,916 [INFO] Running the workload 'CM_MLPERF_RUN_COUNT=$(cat ${CM_RUN_DIR}/count.txt); echo ${CM_MLPERF_RUN_COUNT}; CM_MLPERF_RUN_COUNT=$((CM_MLPERF_RUN_COUNT+1)); echo ${CM_MLPERF_RUN_COUNT} > ${CM_RUN_DIR}/count.txt && if [ ${CM_MLPERF_RUN_COUNT} -eq "1" ]; then export CM_MLPERF_USER_CONF=${CM_MLPERF_RANGING_USER_CONF}; else export CM_MLPERF_USER_CONF=${CM_MLPERF_TESTING_USER_CONF}; fi && /mount/CM/repos/ctuning@mlcommons-ck/cm-mlops/script/run-all-mlperf-models/run.out'
client 2023-08-07 02:34:26,126 [INFO] Sending command to the server: 'time'
client 2023-08-07 02:34:26,131 [INFO] Got response: '1691372066.1951635'
client 2023-08-07 02:34:26,131 [INFO] The time difference between the client and the server is within range -68.848 ms..-63.981 ms
client 2023-08-07 02:34:26,131 [INFO] Sending command to the server: 'session,2023-08-07_02-18-29,stop,testing'
client 2023-08-07 02:34:37,008 [INFO] Got response: 'OK'
client 2023-08-07 02:34:37,008 [INFO] Sending command to the server: 'time'
client 2023-08-07 02:34:37,014 [INFO] Got response: '1691372077.0746307'
client 2023-08-07 02:34:37,014 [INFO] The time difference between the client and the server is within range -65.994 ms..-60.492 ms
client 2023-08-07 02:34:37,014 [INFO] Copying loadgen logs from '/home/arjun/mobilenet_results/valid_results/orin-tflite_armnn_cpp-cpu-armnn_tflite-v23.05-using_neon/mobilenet-v1-precision_float-0.75-192/singlestream/performance/run_1' to '/home/arjun/mobilenet_results/valid_results/orin-tflite_armnn_cpp-cpu-armnn_tflite-v23.05-using_neon/mobilenet-v1-precision_float-0.75-192/singlestream/performance/tmp_power/run_1'
client 2023-08-07 02:34:37,015 [INFO] Done runs
