client 2023-07-15 23:12:49,242 [INFO] Creating output directory '/home/arjun/mobilenet_results/valid_results/raspberrypi-tflite_armnn_cpp-cpu-armnn_tflite-v23.05-using_neon/mobilenet-v2-precision_uint8-1.0-160/singlestream/performance/tmp_power'
client 2023-07-15 23:12:49,245 [INFO] Sending command to the server: 'mlcommons/power client v3'
client 2023-07-15 23:12:49,248 [INFO] Got response: 'mlcommons/power server v3'
client 2023-07-15 23:12:49,248 [INFO] Synchronizing with the server and with time.google.com...
client 2023-07-15 23:12:49,486 [INFO] NTP:offset = -0.101 s, delay = 0.219 s 
client 2023-07-15 23:12:49,486 [INFO] Sending command to the server: 'time'
client 2023-07-15 23:12:49,491 [INFO] Got response: '1689459169.290091'
client 2023-07-15 23:12:49,491 [INFO] The time difference between the client and the server is within range 196.357 ms..201.132 ms
client 2023-07-15 23:12:49,491 [WARNING] The time difference between the client and the server is more than 200 ms
client 2023-07-15 23:12:49,491 [INFO] Sending command to the server: 'set_ntp'
client 2023-07-15 23:12:50,532 [INFO] Got response: 'OK'
client 2023-07-15 23:12:50,532 [INFO] Synchronizing with time.google.com time using NTP...
client 2023-07-15 23:12:59,172 [INFO] Set system time at 2023-07-15 23:12:59.171591
client 2023-07-15 23:12:59,211 [INFO] NTP:offset = -0.000 s, delay = 0.017 s 
client 2023-07-15 23:12:59,211 [INFO] Sending command to the server: 'time'
client 2023-07-15 23:12:59,218 [INFO] Got response: '1689459179.2071912'
client 2023-07-15 23:12:59,218 [INFO] The time difference between the client and the server is within range 4.661 ms..11.554 ms
client 2023-07-15 23:12:59,219 [INFO] Sending command to the server: 'new,,1b473ffd-99ff-4863-bc71-1bb70d89432e'
client 2023-07-15 23:12:59,226 [INFO] Got response: 'OK 2023-07-15_23-12-59,b1ee71eb-aa44-4b6d-be5f-5c0697da1637'
client 2023-07-15 23:12:59,226 [INFO] Session id is '2023-07-15_23-12-59'
client 2023-07-15 23:12:59,227 [INFO] Sources: {"sources": {"__init__.py": "da39a3ee5e6b4b0d3255bfef95601890afd80709", "client.py": "33ca4f26368777ac06e01f9567b714a4b8063886", "lib/__init__.py": "da39a3ee5e6b4b0d3255bfef95601890afd80709", "lib/client.py": "ac2aa093c8e8bbc9569b9e2a3471bc64e58a2258", "lib/common.py": "611d8b29633d331eb19c9455ea3b5fa3284ed6df", "lib/external/__init__.py": "da39a3ee5e6b4b0d3255bfef95601890afd80709", "lib/external/ntplib.py": "4da8f970656505a40483206ef2b5d3dd5e81711d", "lib/server.py": "c7af63c31bb2fbedea4345f571f6e3507d268ada", "lib/source_hashes.py": "60a2e02193209e8d392803326208d5466342da18", "lib/summary.py": "aa92f0a3f975eecd44d3c0cd0236342ccc9f941d", "lib/time_sync.py": "122eba67a9abc85635223e054def53be1367ade2", "server.py": "c3f90f2f7eeb4db30727556d0c815ebc89b3d28b", "tests/unit/__init__.py": "da39a3ee5e6b4b0d3255bfef95601890afd80709", "tests/unit/test_server.py": "948c1995d4008bc2aa6c4046a34ffa3858d6d671", "tests/unit/test_source_hashes.py": "00468a2907583c593e6574a1f6b404e4651c221a"}, "modules": {"ptd_client_server.lib.client": "lib/client.py", "ptd_client_server.lib.common": "lib/common.py", "ptd_client_server.lib.external.ntplib": "lib/external/ntplib.py", "ptd_client_server.lib.source_hashes": "lib/source_hashes.py", "ptd_client_server.lib.summary": "lib/summary.py", "ptd_client_server.lib.time_sync": "lib/time_sync.py"}}
client 2023-07-15 23:12:59,228 [INFO] Running workload in ranging mode
client 2023-07-15 23:12:59,228 [INFO] Synchronizing with the server and with time.google.com...
client 2023-07-15 23:12:59,261 [INFO] NTP:offset = -0.002 s, delay = 0.015 s 
client 2023-07-15 23:12:59,262 [INFO] Sending command to the server: 'time'
client 2023-07-15 23:12:59,266 [INFO] Got response: '1689459179.2586057'
client 2023-07-15 23:12:59,266 [INFO] The time difference between the client and the server is within range 3.592 ms..8.125 ms
client 2023-07-15 23:12:59,267 [INFO] Sending command to the server: 'session,2023-07-15_23-12-59,start,ranging'
client 2023-07-15 23:13:27,997 [INFO] Got response: 'OK'
client 2023-07-15 23:13:27,997 [INFO] Sending command to the server: 'time'
client 2023-07-15 23:13:28,002 [INFO] Got response: '1689459207.9862924'
client 2023-07-15 23:13:28,002 [INFO] The time difference between the client and the server is within range 11.626 ms..16.345 ms
client 2023-07-15 23:13:28,003 [INFO] Running the workload 'CM_MLPERF_RUN_COUNT=$(cat ${CM_RUN_DIR}/count.txt); echo ${CM_MLPERF_RUN_COUNT}; CM_MLPERF_RUN_COUNT=$((CM_MLPERF_RUN_COUNT+1)); echo ${CM_MLPERF_RUN_COUNT} > ${CM_RUN_DIR}/count.txt && if [ ${CM_MLPERF_RUN_COUNT} -eq "1" ]; then export CM_MLPERF_USER_CONF=${CM_MLPERF_RANGING_USER_CONF}; else export CM_MLPERF_USER_CONF=${CM_MLPERF_TESTING_USER_CONF}; fi && /home/arjun/run.out'
client 2023-07-15 23:18:35,140 [INFO] Sending command to the server: 'time'
client 2023-07-15 23:18:35,147 [INFO] Got response: '1689459515.1256294'
client 2023-07-15 23:18:35,147 [INFO] The time difference between the client and the server is within range 14.692 ms..21.890 ms
client 2023-07-15 23:18:35,148 [INFO] Sending command to the server: 'session,2023-07-15_23-12-59,stop,ranging'
client 2023-07-15 23:18:46,271 [INFO] Got response: 'OK'
client 2023-07-15 23:18:46,272 [INFO] Sending command to the server: 'time'
client 2023-07-15 23:18:46,276 [INFO] Got response: '1689459526.2626698'
client 2023-07-15 23:18:46,276 [INFO] The time difference between the client and the server is within range 9.352 ms..14.124 ms
client 2023-07-15 23:18:46,311 [INFO] Copying loadgen logs from '/home/arjun/mobilenet_results/valid_results/raspberrypi-tflite_armnn_cpp-cpu-armnn_tflite-v23.05-using_neon/mobilenet-v2-precision_uint8-1.0-160/singlestream/performance/run_1' to '/home/arjun/mobilenet_results/valid_results/raspberrypi-tflite_armnn_cpp-cpu-armnn_tflite-v23.05-using_neon/mobilenet-v2-precision_uint8-1.0-160/singlestream/performance/tmp_power/ranging'
client 2023-07-15 23:18:46,314 [INFO] Running workload in testing mode
client 2023-07-15 23:18:46,315 [INFO] Synchronizing with the server and with time.google.com...
client 2023-07-15 23:18:46,351 [INFO] NTP:offset = -0.001 s, delay = 0.016 s 
client 2023-07-15 23:18:46,351 [INFO] Sending command to the server: 'time'
client 2023-07-15 23:18:46,356 [INFO] Got response: '1689459526.3428364'
client 2023-07-15 23:18:46,357 [INFO] The time difference between the client and the server is within range 8.955 ms..14.242 ms
client 2023-07-15 23:18:46,357 [INFO] Sending command to the server: 'session,2023-07-15_23-12-59,start,testing'
client 2023-07-15 23:18:59,411 [INFO] Got response: 'OK'
client 2023-07-15 23:18:59,411 [INFO] Sending command to the server: 'time'
client 2023-07-15 23:18:59,416 [INFO] Got response: '1689459539.3965557'
client 2023-07-15 23:18:59,416 [INFO] The time difference between the client and the server is within range 15.213 ms..20.093 ms
client 2023-07-15 23:18:59,417 [INFO] Running the workload 'CM_MLPERF_RUN_COUNT=$(cat ${CM_RUN_DIR}/count.txt); echo ${CM_MLPERF_RUN_COUNT}; CM_MLPERF_RUN_COUNT=$((CM_MLPERF_RUN_COUNT+1)); echo ${CM_MLPERF_RUN_COUNT} > ${CM_RUN_DIR}/count.txt && if [ ${CM_MLPERF_RUN_COUNT} -eq "1" ]; then export CM_MLPERF_USER_CONF=${CM_MLPERF_RANGING_USER_CONF}; else export CM_MLPERF_USER_CONF=${CM_MLPERF_TESTING_USER_CONF}; fi && /home/arjun/run.out'
client 2023-07-15 23:29:12,099 [INFO] Sending command to the server: 'time'
client 2023-07-15 23:29:12,104 [INFO] Got response: '1689460152.074998'
client 2023-07-15 23:29:12,104 [INFO] The time difference between the client and the server is within range 24.232 ms..29.562 ms
client 2023-07-15 23:29:12,104 [INFO] Sending command to the server: 'session,2023-07-15_23-12-59,stop,testing'
client 2023-07-15 23:29:22,500 [INFO] Got response: 'OK'
client 2023-07-15 23:29:22,501 [INFO] Sending command to the server: 'time'
client 2023-07-15 23:29:22,504 [INFO] Got response: '1689460162.4746466'
client 2023-07-15 23:29:22,504 [INFO] The time difference between the client and the server is within range 26.772 ms..30.001 ms
client 2023-07-15 23:29:22,510 [INFO] Copying loadgen logs from '/home/arjun/mobilenet_results/valid_results/raspberrypi-tflite_armnn_cpp-cpu-armnn_tflite-v23.05-using_neon/mobilenet-v2-precision_uint8-1.0-160/singlestream/performance/run_1' to '/home/arjun/mobilenet_results/valid_results/raspberrypi-tflite_armnn_cpp-cpu-armnn_tflite-v23.05-using_neon/mobilenet-v2-precision_uint8-1.0-160/singlestream/performance/tmp_power/run_1'
client 2023-07-15 23:29:22,513 [INFO] Done runs
