client 2023-08-06 23:51:15,605 [INFO] Creating output directory '/home/arjun/mobilenet_results/valid_results/orin-tflite_armnn_cpp-cpu-armnn_tflite-v23.05-using_neon/mobilenet-v1-precision_uint8-1.0-224/singlestream/performance/tmp_power'
client 2023-08-06 23:51:15,608 [INFO] Sending command to the server: 'mlcommons/power client v3'
client 2023-08-06 23:51:15,611 [INFO] Got response: 'mlcommons/power server v3'
client 2023-08-06 23:51:15,611 [INFO] Synchronizing with the server and with time.google.com...
client 2023-08-06 23:51:15,642 [INFO] NTP:offset = -0.000 s, delay = 0.016 s 
client 2023-08-06 23:51:15,642 [INFO] Sending command to the server: 'time'
client 2023-08-06 23:51:15,647 [INFO] Got response: '1691362275.6560705'
client 2023-08-06 23:51:15,647 [INFO] The time difference between the client and the server is within range -13.188 ms..-8.563 ms
client 2023-08-06 23:51:15,647 [INFO] Sending command to the server: 'new,,43f44b10-ce82-4397-a886-f3095edd6872'
client 2023-08-06 23:51:15,653 [INFO] Got response: 'OK 2023-08-06_23-51-15,f4e4722e-b73c-437a-85a5-0eb8356b38cc'
client 2023-08-06 23:51:15,653 [INFO] Session id is '2023-08-06_23-51-15'
client 2023-08-06 23:51:15,653 [INFO] Sources: {"sources": {"__init__.py": "da39a3ee5e6b4b0d3255bfef95601890afd80709", "client.py": "33ca4f26368777ac06e01f9567b714a4b8063886", "lib/__init__.py": "da39a3ee5e6b4b0d3255bfef95601890afd80709", "lib/client.py": "ac2aa093c8e8bbc9569b9e2a3471bc64e58a2258", "lib/common.py": "611d8b29633d331eb19c9455ea3b5fa3284ed6df", "lib/external/__init__.py": "da39a3ee5e6b4b0d3255bfef95601890afd80709", "lib/external/ntplib.py": "4da8f970656505a40483206ef2b5d3dd5e81711d", "lib/server.py": "c7af63c31bb2fbedea4345f571f6e3507d268ada", "lib/source_hashes.py": "60a2e02193209e8d392803326208d5466342da18", "lib/summary.py": "aa92f0a3f975eecd44d3c0cd0236342ccc9f941d", "lib/time_sync.py": "122eba67a9abc85635223e054def53be1367ade2", "server.py": "c3f90f2f7eeb4db30727556d0c815ebc89b3d28b", "tests/unit/__init__.py": "da39a3ee5e6b4b0d3255bfef95601890afd80709", "tests/unit/test_server.py": "948c1995d4008bc2aa6c4046a34ffa3858d6d671", "tests/unit/test_source_hashes.py": "00468a2907583c593e6574a1f6b404e4651c221a"}, "modules": {"ptd_client_server.lib.client": "lib/client.py", "ptd_client_server.lib.common": "lib/common.py", "ptd_client_server.lib.external.ntplib": "lib/external/ntplib.py", "ptd_client_server.lib.source_hashes": "lib/source_hashes.py", "ptd_client_server.lib.summary": "lib/summary.py", "ptd_client_server.lib.time_sync": "lib/time_sync.py"}}
client 2023-08-06 23:51:15,654 [INFO] Running workload in ranging mode
client 2023-08-06 23:51:15,654 [INFO] Synchronizing with the server and with time.google.com...
client 2023-08-06 23:51:15,668 [INFO] NTP:offset = -0.000 s, delay = 0.013 s 
client 2023-08-06 23:51:15,668 [INFO] Sending command to the server: 'time'
client 2023-08-06 23:51:15,671 [INFO] Got response: '1691362275.6800883'
client 2023-08-06 23:51:15,671 [INFO] The time difference between the client and the server is within range -11.899 ms..-8.470 ms
client 2023-08-06 23:51:15,671 [INFO] Sending command to the server: 'session,2023-08-06_23-51-15,start,ranging'
client 2023-08-06 23:51:44,367 [INFO] Got response: 'OK'
client 2023-08-06 23:51:44,367 [INFO] Sending command to the server: 'time'
client 2023-08-06 23:51:44,371 [INFO] Got response: '1691362304.3762221'
client 2023-08-06 23:51:44,371 [INFO] The time difference between the client and the server is within range -8.878 ms..-4.816 ms
client 2023-08-06 23:51:44,371 [INFO] Running the workload 'CM_MLPERF_RUN_COUNT=$(cat ${CM_RUN_DIR}/count.txt); echo ${CM_MLPERF_RUN_COUNT}; CM_MLPERF_RUN_COUNT=$((CM_MLPERF_RUN_COUNT+1)); echo ${CM_MLPERF_RUN_COUNT} > ${CM_RUN_DIR}/count.txt && if [ ${CM_MLPERF_RUN_COUNT} -eq "1" ]; then export CM_MLPERF_USER_CONF=${CM_MLPERF_RANGING_USER_CONF}; else export CM_MLPERF_USER_CONF=${CM_MLPERF_TESTING_USER_CONF}; fi && /mount/CM/repos/ctuning@mlcommons-ck/cm-mlops/script/run-all-mlperf-models/run.out'
client 2023-08-06 23:56:45,878 [INFO] Sending command to the server: 'time'
client 2023-08-06 23:56:45,886 [INFO] Got response: '1691362605.9046836'
client 2023-08-06 23:56:45,886 [INFO] The time difference between the client and the server is within range -26.212 ms..-17.930 ms
client 2023-08-06 23:56:45,886 [INFO] Sending command to the server: 'session,2023-08-06_23-51-15,stop,ranging'
client 2023-08-06 23:56:56,579 [INFO] Got response: 'OK'
client 2023-08-06 23:56:56,579 [INFO] Sending command to the server: 'time'
client 2023-08-06 23:56:56,582 [INFO] Got response: '1691362616.6011326'
client 2023-08-06 23:56:56,582 [INFO] The time difference between the client and the server is within range -21.941 ms..-19.002 ms
client 2023-08-06 23:56:56,585 [INFO] Copying loadgen logs from '/home/arjun/mobilenet_results/valid_results/orin-tflite_armnn_cpp-cpu-armnn_tflite-v23.05-using_neon/mobilenet-v1-precision_uint8-1.0-224/singlestream/performance/run_1' to '/home/arjun/mobilenet_results/valid_results/orin-tflite_armnn_cpp-cpu-armnn_tflite-v23.05-using_neon/mobilenet-v1-precision_uint8-1.0-224/singlestream/performance/tmp_power/ranging'
client 2023-08-06 23:56:56,586 [INFO] Running workload in testing mode
client 2023-08-06 23:56:56,586 [INFO] Synchronizing with the server and with time.google.com...
client 2023-08-06 23:56:56,603 [INFO] NTP:offset = 0.001 s, delay = 0.016 s 
client 2023-08-06 23:56:56,603 [INFO] Sending command to the server: 'time'
client 2023-08-06 23:56:56,607 [INFO] Got response: '1691362616.621364'
client 2023-08-06 23:56:56,607 [INFO] The time difference between the client and the server is within range -17.739 ms..-14.046 ms
client 2023-08-06 23:56:56,607 [INFO] Sending command to the server: 'session,2023-08-06_23-51-15,start,testing'
client 2023-08-06 23:57:09,659 [INFO] Got response: 'OK'
client 2023-08-06 23:57:09,659 [INFO] Sending command to the server: 'time'
client 2023-08-06 23:57:09,671 [INFO] Got response: '1691362629.680414'
client 2023-08-06 23:57:09,671 [INFO] The time difference between the client and the server is within range -20.649 ms..-9.029 ms
client 2023-08-06 23:57:09,671 [INFO] Running the workload 'CM_MLPERF_RUN_COUNT=$(cat ${CM_RUN_DIR}/count.txt); echo ${CM_MLPERF_RUN_COUNT}; CM_MLPERF_RUN_COUNT=$((CM_MLPERF_RUN_COUNT+1)); echo ${CM_MLPERF_RUN_COUNT} > ${CM_RUN_DIR}/count.txt && if [ ${CM_MLPERF_RUN_COUNT} -eq "1" ]; then export CM_MLPERF_USER_CONF=${CM_MLPERF_RANGING_USER_CONF}; else export CM_MLPERF_USER_CONF=${CM_MLPERF_TESTING_USER_CONF}; fi && /mount/CM/repos/ctuning@mlcommons-ck/cm-mlops/script/run-all-mlperf-models/run.out'
client 2023-08-07 00:07:11,959 [INFO] Sending command to the server: 'time'
client 2023-08-07 00:07:11,967 [INFO] Got response: '1691363231.991457'
client 2023-08-07 00:07:11,967 [INFO] The time difference between the client and the server is within range -31.907 ms..-24.200 ms
client 2023-08-07 00:07:11,967 [INFO] Sending command to the server: 'session,2023-08-06_23-51-15,stop,testing'
client 2023-08-07 00:07:22,700 [INFO] Got response: 'OK'
client 2023-08-07 00:07:22,700 [INFO] Sending command to the server: 'time'
client 2023-08-07 00:07:22,713 [INFO] Got response: '1691363242.739249'
client 2023-08-07 00:07:22,713 [INFO] The time difference between the client and the server is within range -39.001 ms..-25.742 ms
client 2023-08-07 00:07:22,714 [INFO] Copying loadgen logs from '/home/arjun/mobilenet_results/valid_results/orin-tflite_armnn_cpp-cpu-armnn_tflite-v23.05-using_neon/mobilenet-v1-precision_uint8-1.0-224/singlestream/performance/run_1' to '/home/arjun/mobilenet_results/valid_results/orin-tflite_armnn_cpp-cpu-armnn_tflite-v23.05-using_neon/mobilenet-v1-precision_uint8-1.0-224/singlestream/performance/tmp_power/run_1'
client 2023-08-07 00:07:22,715 [INFO] Done runs
