client 2023-08-10 23:40:13,518 [INFO] Creating output directory '/home/arjun/mobilenet_results/valid_results/orin-tflite_cpp-cpu-tflite-vmaster-with_live_preprocessing/mobilenet-v2-precision_float-0.35-128/singlestream/performance/tmp_power'
client 2023-08-10 23:40:13,521 [INFO] Sending command to the server: 'mlcommons/power client v3'
client 2023-08-10 23:40:13,524 [INFO] Got response: 'mlcommons/power server v3'
client 2023-08-10 23:40:13,524 [INFO] Synchronizing with the server and with time.google.com...
client 2023-08-10 23:40:13,542 [INFO] NTP:offset = 0.001 s, delay = 0.015 s 
client 2023-08-10 23:40:13,542 [INFO] Sending command to the server: 'time'
client 2023-08-10 23:40:13,545 [INFO] Got response: '1691707213.4564872'
client 2023-08-10 23:40:13,545 [INFO] The time difference between the client and the server is within range 86.350 ms..89.347 ms
client 2023-08-10 23:40:13,545 [INFO] Sending command to the server: 'new,,7c36d103-3947-476f-9b25-526315211cc1'
client 2023-08-10 23:40:13,549 [INFO] Got response: 'OK 2023-08-10_23-40-13,150bb10b-8725-4e9d-9142-21302534d033'
client 2023-08-10 23:40:13,549 [INFO] Session id is '2023-08-10_23-40-13'
client 2023-08-10 23:40:13,549 [INFO] Sources: {"sources": {"__init__.py": "da39a3ee5e6b4b0d3255bfef95601890afd80709", "client.py": "33ca4f26368777ac06e01f9567b714a4b8063886", "lib/__init__.py": "da39a3ee5e6b4b0d3255bfef95601890afd80709", "lib/client.py": "ac2aa093c8e8bbc9569b9e2a3471bc64e58a2258", "lib/common.py": "611d8b29633d331eb19c9455ea3b5fa3284ed6df", "lib/external/__init__.py": "da39a3ee5e6b4b0d3255bfef95601890afd80709", "lib/external/ntplib.py": "4da8f970656505a40483206ef2b5d3dd5e81711d", "lib/server.py": "c7af63c31bb2fbedea4345f571f6e3507d268ada", "lib/source_hashes.py": "60a2e02193209e8d392803326208d5466342da18", "lib/summary.py": "aa92f0a3f975eecd44d3c0cd0236342ccc9f941d", "lib/time_sync.py": "80894ef2389e540781ff78de94db16aa4203a14e", "server.py": "c3f90f2f7eeb4db30727556d0c815ebc89b3d28b", "tests/unit/__init__.py": "da39a3ee5e6b4b0d3255bfef95601890afd80709", "tests/unit/test_server.py": "948c1995d4008bc2aa6c4046a34ffa3858d6d671", "tests/unit/test_source_hashes.py": "00468a2907583c593e6574a1f6b404e4651c221a"}, "modules": {"ptd_client_server.lib.client": "lib/client.py", "ptd_client_server.lib.common": "lib/common.py", "ptd_client_server.lib.external.ntplib": "lib/external/ntplib.py", "ptd_client_server.lib.source_hashes": "lib/source_hashes.py", "ptd_client_server.lib.summary": "lib/summary.py", "ptd_client_server.lib.time_sync": "lib/time_sync.py"}}
client 2023-08-10 23:40:13,549 [INFO] Running workload in ranging mode
client 2023-08-10 23:40:13,549 [INFO] Synchronizing with the server and with time.google.com...
client 2023-08-10 23:40:13,565 [INFO] NTP:offset = 0.002 s, delay = 0.015 s 
client 2023-08-10 23:40:13,565 [INFO] Sending command to the server: 'time'
client 2023-08-10 23:40:13,567 [INFO] Got response: '1691707213.4769392'
client 2023-08-10 23:40:13,567 [INFO] The time difference between the client and the server is within range 88.649 ms..90.953 ms
client 2023-08-10 23:40:13,567 [INFO] Sending command to the server: 'session,2023-08-10_23-40-13,start,ranging'
client 2023-08-10 23:40:42,273 [INFO] Got response: 'OK'
client 2023-08-10 23:40:42,273 [INFO] Sending command to the server: 'time'
client 2023-08-10 23:40:42,278 [INFO] Got response: '1691707242.1885886'
client 2023-08-10 23:40:42,278 [INFO] The time difference between the client and the server is within range 85.128 ms..90.137 ms
client 2023-08-10 23:40:42,278 [INFO] Running the workload 'CM_MLPERF_RUN_COUNT=$(cat ${CM_RUN_DIR}/count.txt); echo ${CM_MLPERF_RUN_COUNT}; CM_MLPERF_RUN_COUNT=$((CM_MLPERF_RUN_COUNT+1)); echo ${CM_MLPERF_RUN_COUNT} > ${CM_RUN_DIR}/count.txt && if [ ${CM_MLPERF_RUN_COUNT} -eq "1" ]; then export CM_MLPERF_USER_CONF=${CM_MLPERF_RANGING_USER_CONF}; else export CM_MLPERF_USER_CONF=${CM_MLPERF_TESTING_USER_CONF}; fi && /mount/CM/repos/ctuning@mlcommons-ck/cm-mlops/script/run-all-mlperf-models/run.out'
client 2023-08-10 23:45:43,624 [INFO] Sending command to the server: 'time'
client 2023-08-10 23:45:43,628 [INFO] Got response: '1691707543.5310361'
client 2023-08-10 23:45:43,628 [INFO] The time difference between the client and the server is within range 93.089 ms..97.090 ms
client 2023-08-10 23:45:43,628 [INFO] Sending command to the server: 'session,2023-08-10_23-40-13,stop,ranging'
client 2023-08-10 23:45:54,505 [INFO] Got response: 'OK'
client 2023-08-10 23:45:54,505 [INFO] Sending command to the server: 'time'
client 2023-08-10 23:45:54,507 [INFO] Got response: '1691707554.4148777'
client 2023-08-10 23:45:54,507 [INFO] The time difference between the client and the server is within range 90.742 ms..92.830 ms
client 2023-08-10 23:45:54,511 [INFO] Copying loadgen logs from '/home/arjun/mobilenet_results/valid_results/orin-tflite_cpp-cpu-tflite-vmaster-with_live_preprocessing/mobilenet-v2-precision_float-0.35-128/singlestream/performance/run_1' to '/home/arjun/mobilenet_results/valid_results/orin-tflite_cpp-cpu-tflite-vmaster-with_live_preprocessing/mobilenet-v2-precision_float-0.35-128/singlestream/performance/tmp_power/ranging'
client 2023-08-10 23:45:54,511 [INFO] Running workload in testing mode
client 2023-08-10 23:45:54,512 [INFO] Synchronizing with the server and with time.google.com...
client 2023-08-10 23:45:54,530 [INFO] NTP:offset = 0.001 s, delay = 0.017 s 
client 2023-08-10 23:45:54,530 [INFO] Sending command to the server: 'time'
client 2023-08-10 23:45:54,532 [INFO] Got response: '1691707554.4355292'
client 2023-08-10 23:45:54,532 [INFO] The time difference between the client and the server is within range 94.917 ms..97.267 ms
client 2023-08-10 23:45:54,532 [INFO] Sending command to the server: 'session,2023-08-10_23-40-13,start,testing'
client 2023-08-10 23:46:07,578 [INFO] Got response: 'OK'
client 2023-08-10 23:46:07,578 [INFO] Sending command to the server: 'time'
client 2023-08-10 23:46:07,582 [INFO] Got response: '1691707567.4935048'
client 2023-08-10 23:46:07,582 [INFO] The time difference between the client and the server is within range 85.129 ms..88.784 ms
client 2023-08-10 23:46:07,582 [INFO] Running the workload 'CM_MLPERF_RUN_COUNT=$(cat ${CM_RUN_DIR}/count.txt); echo ${CM_MLPERF_RUN_COUNT}; CM_MLPERF_RUN_COUNT=$((CM_MLPERF_RUN_COUNT+1)); echo ${CM_MLPERF_RUN_COUNT} > ${CM_RUN_DIR}/count.txt && if [ ${CM_MLPERF_RUN_COUNT} -eq "1" ]; then export CM_MLPERF_USER_CONF=${CM_MLPERF_RANGING_USER_CONF}; else export CM_MLPERF_USER_CONF=${CM_MLPERF_TESTING_USER_CONF}; fi && /mount/CM/repos/ctuning@mlcommons-ck/cm-mlops/script/run-all-mlperf-models/run.out'
client 2023-08-10 23:56:09,790 [INFO] Sending command to the server: 'time'
client 2023-08-10 23:56:09,794 [INFO] Got response: '1691708169.6957905'
client 2023-08-10 23:56:09,794 [INFO] The time difference between the client and the server is within range 94.418 ms..98.781 ms
client 2023-08-10 23:56:09,794 [INFO] Sending command to the server: 'session,2023-08-10_23-40-13,stop,testing'
client 2023-08-10 23:56:20,656 [INFO] Got response: 'OK'
client 2023-08-10 23:56:20,656 [INFO] Sending command to the server: 'time'
client 2023-08-10 23:56:20,658 [INFO] Got response: '1691708180.5660963'
client 2023-08-10 23:56:20,658 [INFO] The time difference between the client and the server is within range 90.677 ms..92.784 ms
client 2023-08-10 23:56:20,659 [INFO] Copying loadgen logs from '/home/arjun/mobilenet_results/valid_results/orin-tflite_cpp-cpu-tflite-vmaster-with_live_preprocessing/mobilenet-v2-precision_float-0.35-128/singlestream/performance/run_1' to '/home/arjun/mobilenet_results/valid_results/orin-tflite_cpp-cpu-tflite-vmaster-with_live_preprocessing/mobilenet-v2-precision_float-0.35-128/singlestream/performance/tmp_power/run_1'
client 2023-08-10 23:56:20,660 [INFO] Done runs
