client 2023-07-13 14:13:17,254 [INFO] Creating output directory '/home/arjun/mobilenet_results/valid_results/orin-tflite_armnn_cpp-cpu-armnn_tflite-v23.05-using_neon/mobilenet-v2-precision_float-1.0-192/singlestream/performance/tmp_power'
client 2023-07-13 14:13:17,257 [INFO] Sending command to the server: 'mlcommons/power client v3'
client 2023-07-13 14:13:17,260 [INFO] Got response: 'mlcommons/power server v3'
client 2023-07-13 14:13:17,260 [INFO] Synchronizing with the server and with time.google.com...
client 2023-07-13 14:13:17,279 [INFO] NTP:offset = -0.002 s, delay = 0.015 s 
client 2023-07-13 14:13:17,279 [INFO] Sending command to the server: 'time'
client 2023-07-13 14:13:17,283 [INFO] Got response: '1689253997.1559782'
client 2023-07-13 14:13:17,283 [INFO] The time difference between the client and the server is within range 123.844 ms..127.128 ms
client 2023-07-13 14:13:17,283 [INFO] Sending command to the server: 'new,,2a75f8f0-3b89-46c5-aae9-31eb287eb891'
client 2023-07-13 14:13:17,287 [INFO] Got response: 'OK 2023-07-13_14-13-17,465222f0-76a9-464e-b6ec-d49725eb1835'
client 2023-07-13 14:13:17,288 [INFO] Session id is '2023-07-13_14-13-17'
client 2023-07-13 14:13:17,288 [INFO] Sources: {"sources": {"__init__.py": "da39a3ee5e6b4b0d3255bfef95601890afd80709", "client.py": "33ca4f26368777ac06e01f9567b714a4b8063886", "lib/__init__.py": "da39a3ee5e6b4b0d3255bfef95601890afd80709", "lib/client.py": "ac2aa093c8e8bbc9569b9e2a3471bc64e58a2258", "lib/common.py": "611d8b29633d331eb19c9455ea3b5fa3284ed6df", "lib/external/__init__.py": "da39a3ee5e6b4b0d3255bfef95601890afd80709", "lib/external/ntplib.py": "4da8f970656505a40483206ef2b5d3dd5e81711d", "lib/server.py": "c7af63c31bb2fbedea4345f571f6e3507d268ada", "lib/source_hashes.py": "60a2e02193209e8d392803326208d5466342da18", "lib/summary.py": "aa92f0a3f975eecd44d3c0cd0236342ccc9f941d", "lib/time_sync.py": "122eba67a9abc85635223e054def53be1367ade2", "server.py": "c3f90f2f7eeb4db30727556d0c815ebc89b3d28b", "tests/unit/__init__.py": "da39a3ee5e6b4b0d3255bfef95601890afd80709", "tests/unit/test_server.py": "948c1995d4008bc2aa6c4046a34ffa3858d6d671", "tests/unit/test_source_hashes.py": "00468a2907583c593e6574a1f6b404e4651c221a"}, "modules": {"ptd_client_server.lib.client": "lib/client.py", "ptd_client_server.lib.common": "lib/common.py", "ptd_client_server.lib.external.ntplib": "lib/external/ntplib.py", "ptd_client_server.lib.source_hashes": "lib/source_hashes.py", "ptd_client_server.lib.summary": "lib/summary.py", "ptd_client_server.lib.time_sync": "lib/time_sync.py"}}
client 2023-07-13 14:13:17,288 [INFO] Running workload in ranging mode
client 2023-07-13 14:13:17,288 [INFO] Synchronizing with the server and with time.google.com...
client 2023-07-13 14:13:17,302 [INFO] NTP:offset = -0.002 s, delay = 0.013 s 
client 2023-07-13 14:13:17,302 [INFO] Sending command to the server: 'time'
client 2023-07-13 14:13:17,305 [INFO] Got response: '1689253997.1861737'
client 2023-07-13 14:13:17,305 [INFO] The time difference between the client and the server is within range 116.029 ms..119.483 ms
client 2023-07-13 14:13:17,305 [INFO] Sending command to the server: 'session,2023-07-13_14-13-17,start,ranging'
client 2023-07-13 14:13:46,485 [INFO] Got response: 'OK'
client 2023-07-13 14:13:46,486 [INFO] Sending command to the server: 'time'
client 2023-07-13 14:13:46,491 [INFO] Got response: '1689254026.3644202'
client 2023-07-13 14:13:46,492 [INFO] The time difference between the client and the server is within range 122.216 ms..127.485 ms
client 2023-07-13 14:13:46,492 [INFO] Running the workload 'CM_MLPERF_RUN_COUNT=$(cat ${CM_RUN_DIR}/count.txt); echo ${CM_MLPERF_RUN_COUNT}; CM_MLPERF_RUN_COUNT=$((CM_MLPERF_RUN_COUNT+1)); echo ${CM_MLPERF_RUN_COUNT} > ${CM_RUN_DIR}/count.txt && if [ ${CM_MLPERF_RUN_COUNT} -eq "1" ]; then export CM_MLPERF_USER_CONF=${CM_MLPERF_RANGING_USER_CONF}; else export CM_MLPERF_USER_CONF=${CM_MLPERF_TESTING_USER_CONF}; fi && /home/arjun/run.out'
client 2023-07-13 14:18:48,304 [INFO] Sending command to the server: 'time'
client 2023-07-13 14:18:48,310 [INFO] Got response: '1689254328.180909'
client 2023-07-13 14:18:48,310 [INFO] The time difference between the client and the server is within range 123.742 ms..129.716 ms
client 2023-07-13 14:18:48,310 [INFO] Sending command to the server: 'session,2023-07-13_14-13-17,stop,ranging'
client 2023-07-13 14:18:58,612 [INFO] Got response: 'OK'
client 2023-07-13 14:18:58,613 [INFO] Sending command to the server: 'time'
client 2023-07-13 14:18:58,618 [INFO] Got response: '1689254338.4880097'
client 2023-07-13 14:18:58,618 [INFO] The time difference between the client and the server is within range 125.419 ms..130.487 ms
client 2023-07-13 14:18:58,640 [INFO] Copying loadgen logs from '/home/arjun/mobilenet_results/valid_results/orin-tflite_armnn_cpp-cpu-armnn_tflite-v23.05-using_neon/mobilenet-v2-precision_float-1.0-192/singlestream/performance/run_1' to '/home/arjun/mobilenet_results/valid_results/orin-tflite_armnn_cpp-cpu-armnn_tflite-v23.05-using_neon/mobilenet-v2-precision_float-1.0-192/singlestream/performance/tmp_power/ranging'
client 2023-07-13 14:18:58,643 [INFO] Running workload in testing mode
client 2023-07-13 14:18:58,643 [INFO] Synchronizing with the server and with time.google.com...
client 2023-07-13 14:18:58,667 [INFO] NTP:offset = -0.002 s, delay = 0.018 s 
client 2023-07-13 14:18:58,667 [INFO] Sending command to the server: 'time'
client 2023-07-13 14:18:58,671 [INFO] Got response: '1689254338.5395105'
client 2023-07-13 14:18:58,671 [INFO] The time difference between the client and the server is within range 127.991 ms..131.852 ms
client 2023-07-13 14:18:58,671 [INFO] Sending command to the server: 'session,2023-07-13_14-13-17,start,testing'
client 2023-07-13 14:19:11,713 [INFO] Got response: 'OK'
client 2023-07-13 14:19:11,713 [INFO] Sending command to the server: 'time'
client 2023-07-13 14:19:11,719 [INFO] Got response: '1689254351.5890539'
client 2023-07-13 14:19:11,719 [INFO] The time difference between the client and the server is within range 124.635 ms..130.350 ms
client 2023-07-13 14:19:11,719 [INFO] Running the workload 'CM_MLPERF_RUN_COUNT=$(cat ${CM_RUN_DIR}/count.txt); echo ${CM_MLPERF_RUN_COUNT}; CM_MLPERF_RUN_COUNT=$((CM_MLPERF_RUN_COUNT+1)); echo ${CM_MLPERF_RUN_COUNT} > ${CM_RUN_DIR}/count.txt && if [ ${CM_MLPERF_RUN_COUNT} -eq "1" ]; then export CM_MLPERF_USER_CONF=${CM_MLPERF_RANGING_USER_CONF}; else export CM_MLPERF_USER_CONF=${CM_MLPERF_TESTING_USER_CONF}; fi && /home/arjun/run.out'
client 2023-07-13 14:29:14,918 [INFO] Sending command to the server: 'time'
client 2023-07-13 14:29:14,925 [INFO] Got response: '1689254954.7800355'
client 2023-07-13 14:29:14,925 [INFO] The time difference between the client and the server is within range 138.453 ms..145.887 ms
client 2023-07-13 14:29:14,926 [INFO] Sending command to the server: 'session,2023-07-13_14-13-17,stop,testing'
client 2023-07-13 14:29:25,796 [INFO] Got response: 'OK'
client 2023-07-13 14:29:25,797 [INFO] Sending command to the server: 'time'
client 2023-07-13 14:29:25,802 [INFO] Got response: '1689254965.655282'
client 2023-07-13 14:29:25,802 [INFO] The time difference between the client and the server is within range 142.123 ms..147.282 ms
client 2023-07-13 14:29:25,807 [INFO] Copying loadgen logs from '/home/arjun/mobilenet_results/valid_results/orin-tflite_armnn_cpp-cpu-armnn_tflite-v23.05-using_neon/mobilenet-v2-precision_float-1.0-192/singlestream/performance/run_1' to '/home/arjun/mobilenet_results/valid_results/orin-tflite_armnn_cpp-cpu-armnn_tflite-v23.05-using_neon/mobilenet-v2-precision_float-1.0-192/singlestream/performance/tmp_power/run_1'
client 2023-07-13 14:29:25,809 [INFO] Done runs
