client 2023-07-11 01:33:09,098 [INFO] Creating output directory '/home/arjun/mobilenet_results/valid_results/orin-tflite_armnn_cpp-cpu-armnn_tflite-v22.11-using_neon/mobilenet-v1-precision_uint8-1.0-224/singlestream/performance/tmp_power'
client 2023-07-11 01:33:09,101 [INFO] Sending command to the server: 'mlcommons/power client v3'
client 2023-07-11 01:33:09,103 [INFO] Got response: 'mlcommons/power server v3'
client 2023-07-11 01:33:09,103 [INFO] Synchronizing with the server and with time.google.com...
client 2023-07-11 01:33:09,124 [INFO] NTP:offset = -0.004 s, delay = 0.016 s 
client 2023-07-11 01:33:09,124 [INFO] Sending command to the server: 'time'
client 2023-07-11 01:33:09,126 [INFO] Got response: '1689035589.044633'
client 2023-07-11 01:33:09,126 [INFO] The time difference between the client and the server is within range 79.669 ms..81.848 ms
client 2023-07-11 01:33:09,126 [INFO] Sending command to the server: 'new,,3747bc38-d9e7-45a5-aef0-5a69f90b4f44'
client 2023-07-11 01:33:09,129 [INFO] Got response: 'OK 2023-07-11_01-33-09,1b12c8d4-9635-4eb8-96b4-e8a3cac2bfe8'
client 2023-07-11 01:33:09,129 [INFO] Session id is '2023-07-11_01-33-09'
client 2023-07-11 01:33:09,129 [INFO] Sources: {"sources": {"__init__.py": "da39a3ee5e6b4b0d3255bfef95601890afd80709", "client.py": "33ca4f26368777ac06e01f9567b714a4b8063886", "lib/__init__.py": "da39a3ee5e6b4b0d3255bfef95601890afd80709", "lib/client.py": "ac2aa093c8e8bbc9569b9e2a3471bc64e58a2258", "lib/common.py": "611d8b29633d331eb19c9455ea3b5fa3284ed6df", "lib/external/__init__.py": "da39a3ee5e6b4b0d3255bfef95601890afd80709", "lib/external/ntplib.py": "4da8f970656505a40483206ef2b5d3dd5e81711d", "lib/server.py": "c7af63c31bb2fbedea4345f571f6e3507d268ada", "lib/source_hashes.py": "60a2e02193209e8d392803326208d5466342da18", "lib/summary.py": "aa92f0a3f975eecd44d3c0cd0236342ccc9f941d", "lib/time_sync.py": "122eba67a9abc85635223e054def53be1367ade2", "server.py": "c3f90f2f7eeb4db30727556d0c815ebc89b3d28b", "tests/unit/__init__.py": "da39a3ee5e6b4b0d3255bfef95601890afd80709", "tests/unit/test_server.py": "948c1995d4008bc2aa6c4046a34ffa3858d6d671", "tests/unit/test_source_hashes.py": "00468a2907583c593e6574a1f6b404e4651c221a"}, "modules": {"ptd_client_server.lib.client": "lib/client.py", "ptd_client_server.lib.common": "lib/common.py", "ptd_client_server.lib.external.ntplib": "lib/external/ntplib.py", "ptd_client_server.lib.source_hashes": "lib/source_hashes.py", "ptd_client_server.lib.summary": "lib/summary.py", "ptd_client_server.lib.time_sync": "lib/time_sync.py"}}
client 2023-07-11 01:33:09,129 [INFO] Running workload in ranging mode
client 2023-07-11 01:33:09,129 [INFO] Synchronizing with the server and with time.google.com...
client 2023-07-11 01:33:09,144 [INFO] NTP:offset = -0.004 s, delay = 0.014 s 
client 2023-07-11 01:33:09,144 [INFO] Sending command to the server: 'time'
client 2023-07-11 01:33:09,147 [INFO] Got response: '1689035589.0646825'
client 2023-07-11 01:33:09,147 [INFO] The time difference between the client and the server is within range 80.090 ms..83.187 ms
client 2023-07-11 01:33:09,147 [INFO] Sending command to the server: 'session,2023-07-11_01-33-09,start,ranging'
client 2023-07-11 01:33:37,749 [INFO] Got response: 'OK'
client 2023-07-11 01:33:37,750 [INFO] Sending command to the server: 'time'
client 2023-07-11 01:33:37,754 [INFO] Got response: '1689035617.6750216'
client 2023-07-11 01:33:37,754 [INFO] The time difference between the client and the server is within range 75.398 ms..79.577 ms
client 2023-07-11 01:33:37,754 [INFO] Running the workload 'CM_MLPERF_RUN_COUNT=$(cat ${CM_RUN_DIR}/count.txt); echo ${CM_MLPERF_RUN_COUNT}; CM_MLPERF_RUN_COUNT=$((CM_MLPERF_RUN_COUNT+1)); echo ${CM_MLPERF_RUN_COUNT} > ${CM_RUN_DIR}/count.txt && if [ ${CM_MLPERF_RUN_COUNT} -eq "1" ]; then export CM_MLPERF_USER_CONF=${CM_MLPERF_RANGING_USER_CONF}; else export CM_MLPERF_USER_CONF=${CM_MLPERF_TESTING_USER_CONF}; fi && /home/arjun/run.out'
client 2023-07-11 01:38:39,472 [INFO] Sending command to the server: 'time'
client 2023-07-11 01:38:39,476 [INFO] Got response: '1689035919.3959568'
client 2023-07-11 01:38:39,476 [INFO] The time difference between the client and the server is within range 76.717 ms..80.657 ms
client 2023-07-11 01:38:39,476 [INFO] Sending command to the server: 'session,2023-07-11_01-33-09,stop,ranging'
client 2023-07-11 01:38:49,818 [INFO] Got response: 'OK'
client 2023-07-11 01:38:49,818 [INFO] Sending command to the server: 'time'
client 2023-07-11 01:38:49,822 [INFO] Got response: '1689035929.7390337'
client 2023-07-11 01:38:49,823 [INFO] The time difference between the client and the server is within range 79.913 ms..84.181 ms
client 2023-07-11 01:38:49,842 [INFO] Copying loadgen logs from '/home/arjun/mobilenet_results/valid_results/orin-tflite_armnn_cpp-cpu-armnn_tflite-v22.11-using_neon/mobilenet-v1-precision_uint8-1.0-224/singlestream/performance/run_1' to '/home/arjun/mobilenet_results/valid_results/orin-tflite_armnn_cpp-cpu-armnn_tflite-v22.11-using_neon/mobilenet-v1-precision_uint8-1.0-224/singlestream/performance/tmp_power/ranging'
client 2023-07-11 01:38:49,845 [INFO] Running workload in testing mode
client 2023-07-11 01:38:49,845 [INFO] Synchronizing with the server and with time.google.com...
client 2023-07-11 01:38:49,865 [INFO] NTP:offset = -0.003 s, delay = 0.014 s 
client 2023-07-11 01:38:49,865 [INFO] Sending command to the server: 'time'
client 2023-07-11 01:38:49,869 [INFO] Got response: '1689035929.7890162'
client 2023-07-11 01:38:49,869 [INFO] The time difference between the client and the server is within range 76.281 ms..80.903 ms
client 2023-07-11 01:38:49,870 [INFO] Sending command to the server: 'session,2023-07-11_01-33-09,start,testing'
client 2023-07-11 01:39:02,909 [INFO] Got response: 'OK'
client 2023-07-11 01:39:02,910 [INFO] Sending command to the server: 'time'
client 2023-07-11 01:39:02,914 [INFO] Got response: '1689035942.8331642'
client 2023-07-11 01:39:02,914 [INFO] The time difference between the client and the server is within range 77.167 ms..81.578 ms
client 2023-07-11 01:39:02,915 [INFO] Running the workload 'CM_MLPERF_RUN_COUNT=$(cat ${CM_RUN_DIR}/count.txt); echo ${CM_MLPERF_RUN_COUNT}; CM_MLPERF_RUN_COUNT=$((CM_MLPERF_RUN_COUNT+1)); echo ${CM_MLPERF_RUN_COUNT} > ${CM_RUN_DIR}/count.txt && if [ ${CM_MLPERF_RUN_COUNT} -eq "1" ]; then export CM_MLPERF_USER_CONF=${CM_MLPERF_RANGING_USER_CONF}; else export CM_MLPERF_USER_CONF=${CM_MLPERF_TESTING_USER_CONF}; fi && /home/arjun/run.out'
client 2023-07-11 01:49:05,681 [INFO] Sending command to the server: 'time'
client 2023-07-11 01:49:05,685 [INFO] Got response: '1689036545.6031547'
client 2023-07-11 01:49:05,685 [INFO] The time difference between the client and the server is within range 78.558 ms..82.182 ms
client 2023-07-11 01:49:05,685 [INFO] Sending command to the server: 'session,2023-07-11_01-33-09,stop,testing'
client 2023-07-11 01:49:15,992 [INFO] Got response: 'OK'
client 2023-07-11 01:49:15,993 [INFO] Sending command to the server: 'time'
client 2023-07-11 01:49:15,997 [INFO] Got response: '1689036555.9100213'
client 2023-07-11 01:49:15,997 [INFO] The time difference between the client and the server is within range 83.240 ms..87.534 ms
client 2023-07-11 01:49:16,001 [INFO] Copying loadgen logs from '/home/arjun/mobilenet_results/valid_results/orin-tflite_armnn_cpp-cpu-armnn_tflite-v22.11-using_neon/mobilenet-v1-precision_uint8-1.0-224/singlestream/performance/run_1' to '/home/arjun/mobilenet_results/valid_results/orin-tflite_armnn_cpp-cpu-armnn_tflite-v22.11-using_neon/mobilenet-v1-precision_uint8-1.0-224/singlestream/performance/tmp_power/run_1'
client 2023-07-11 01:49:16,004 [INFO] Done runs
