client 2023-07-20 09:48:14,619 [INFO] Creating output directory '/home/arjun/mobilenet_results/valid_results/raspberrypi-tflite_armnn_cpp-cpu-armnn_tflite-v22.11-using_neon/mobilenet-v3-precision_float-small-224/singlestream/performance/tmp_power'
client 2023-07-20 09:48:14,624 [INFO] Sending command to the server: 'mlcommons/power client v3'
client 2023-07-20 09:48:14,628 [INFO] Got response: 'mlcommons/power server v3'
client 2023-07-20 09:48:14,628 [INFO] Synchronizing with the server and with time.google.com...
client 2023-07-20 09:48:14,693 [INFO] NTP:offset = 0.003 s, delay = 0.016 s 
client 2023-07-20 09:48:14,693 [INFO] Sending command to the server: 'time'
client 2023-07-20 09:48:14,696 [INFO] Got response: '1689842894.6506805'
client 2023-07-20 09:48:14,697 [INFO] The time difference between the client and the server is within range 42.568 ms..46.648 ms
client 2023-07-20 09:48:14,697 [INFO] Sending command to the server: 'new,,dd8ed895-4116-46ae-a114-7929a68965df'
client 2023-07-20 09:48:14,703 [INFO] Got response: 'OK 2023-07-20_09-48-14,d3782eb4-7e21-4504-9f1d-c7adf929f9fc'
client 2023-07-20 09:48:14,703 [INFO] Session id is '2023-07-20_09-48-14'
client 2023-07-20 09:48:14,704 [INFO] Sources: {"sources": {"__init__.py": "da39a3ee5e6b4b0d3255bfef95601890afd80709", "client.py": "33ca4f26368777ac06e01f9567b714a4b8063886", "lib/__init__.py": "da39a3ee5e6b4b0d3255bfef95601890afd80709", "lib/client.py": "ac2aa093c8e8bbc9569b9e2a3471bc64e58a2258", "lib/common.py": "611d8b29633d331eb19c9455ea3b5fa3284ed6df", "lib/external/__init__.py": "da39a3ee5e6b4b0d3255bfef95601890afd80709", "lib/external/ntplib.py": "4da8f970656505a40483206ef2b5d3dd5e81711d", "lib/server.py": "c7af63c31bb2fbedea4345f571f6e3507d268ada", "lib/source_hashes.py": "60a2e02193209e8d392803326208d5466342da18", "lib/summary.py": "aa92f0a3f975eecd44d3c0cd0236342ccc9f941d", "lib/time_sync.py": "122eba67a9abc85635223e054def53be1367ade2", "server.py": "c3f90f2f7eeb4db30727556d0c815ebc89b3d28b", "tests/unit/__init__.py": "da39a3ee5e6b4b0d3255bfef95601890afd80709", "tests/unit/test_server.py": "948c1995d4008bc2aa6c4046a34ffa3858d6d671", "tests/unit/test_source_hashes.py": "00468a2907583c593e6574a1f6b404e4651c221a"}, "modules": {"ptd_client_server.lib.client": "lib/client.py", "ptd_client_server.lib.common": "lib/common.py", "ptd_client_server.lib.external.ntplib": "lib/external/ntplib.py", "ptd_client_server.lib.source_hashes": "lib/source_hashes.py", "ptd_client_server.lib.summary": "lib/summary.py", "ptd_client_server.lib.time_sync": "lib/time_sync.py"}}
client 2023-07-20 09:48:14,705 [INFO] Running workload in ranging mode
client 2023-07-20 09:48:14,705 [INFO] Synchronizing with the server and with time.google.com...
client 2023-07-20 09:48:14,737 [INFO] NTP:offset = 0.001 s, delay = 0.014 s 
client 2023-07-20 09:48:14,737 [INFO] Sending command to the server: 'time'
client 2023-07-20 09:48:14,740 [INFO] Got response: '1689842894.6925561'
client 2023-07-20 09:48:14,741 [INFO] The time difference between the client and the server is within range 44.730 ms..48.416 ms
client 2023-07-20 09:48:14,741 [INFO] Sending command to the server: 'session,2023-07-20_09-48-14,start,ranging'
client 2023-07-20 09:48:43,456 [INFO] Got response: 'OK'
client 2023-07-20 09:48:43,457 [INFO] Sending command to the server: 'time'
client 2023-07-20 09:48:43,462 [INFO] Got response: '1689842923.4117098'
client 2023-07-20 09:48:43,462 [INFO] The time difference between the client and the server is within range 45.621 ms..50.709 ms
client 2023-07-20 09:48:43,462 [INFO] Running the workload 'CM_MLPERF_RUN_COUNT=$(cat ${CM_RUN_DIR}/count.txt); echo ${CM_MLPERF_RUN_COUNT}; CM_MLPERF_RUN_COUNT=$((CM_MLPERF_RUN_COUNT+1)); echo ${CM_MLPERF_RUN_COUNT} > ${CM_RUN_DIR}/count.txt && if [ ${CM_MLPERF_RUN_COUNT} -eq "1" ]; then export CM_MLPERF_USER_CONF=${CM_MLPERF_RANGING_USER_CONF}; else export CM_MLPERF_USER_CONF=${CM_MLPERF_TESTING_USER_CONF}; fi && /home/arjun/CM/repos/ctuning@mlcommons-ck/cm-mlops/script/get-lib-armnn/run.out'
client 2023-07-20 09:54:03,424 [INFO] Sending command to the server: 'time'
client 2023-07-20 09:54:03,430 [INFO] Got response: '1689843243.376856'
client 2023-07-20 09:54:03,430 [INFO] The time difference between the client and the server is within range 47.693 ms..53.466 ms
client 2023-07-20 09:54:03,430 [INFO] Sending command to the server: 'session,2023-07-20_09-48-14,stop,ranging'
client 2023-07-20 09:54:13,724 [INFO] Got response: 'OK'
client 2023-07-20 09:54:13,724 [INFO] Sending command to the server: 'time'
client 2023-07-20 09:54:13,729 [INFO] Got response: '1689843253.678255'
client 2023-07-20 09:54:13,729 [INFO] The time difference between the client and the server is within range 46.671 ms..51.333 ms
client 2023-07-20 09:54:13,767 [INFO] Copying loadgen logs from '/home/arjun/mobilenet_results/valid_results/raspberrypi-tflite_armnn_cpp-cpu-armnn_tflite-v22.11-using_neon/mobilenet-v3-precision_float-small-224/singlestream/performance/run_1' to '/home/arjun/mobilenet_results/valid_results/raspberrypi-tflite_armnn_cpp-cpu-armnn_tflite-v22.11-using_neon/mobilenet-v3-precision_float-small-224/singlestream/performance/tmp_power/ranging'
client 2023-07-20 09:54:13,772 [INFO] Running workload in testing mode
client 2023-07-20 09:54:13,772 [INFO] Synchronizing with the server and with time.google.com...
client 2023-07-20 09:54:13,811 [INFO] NTP:offset = 0.001 s, delay = 0.019 s 
client 2023-07-20 09:54:13,811 [INFO] Sending command to the server: 'time'
client 2023-07-20 09:54:13,815 [INFO] Got response: '1689843253.7604892'
client 2023-07-20 09:54:13,815 [INFO] The time difference between the client and the server is within range 51.113 ms..55.431 ms
client 2023-07-20 09:54:13,816 [INFO] Sending command to the server: 'session,2023-07-20_09-48-14,start,testing'
client 2023-07-20 09:54:26,868 [INFO] Got response: 'OK'
client 2023-07-20 09:54:26,868 [INFO] Sending command to the server: 'time'
client 2023-07-20 09:54:26,873 [INFO] Got response: '1689843266.8213906'
client 2023-07-20 09:54:26,873 [INFO] The time difference between the client and the server is within range 47.388 ms..52.195 ms
client 2023-07-20 09:54:26,873 [INFO] Running the workload 'CM_MLPERF_RUN_COUNT=$(cat ${CM_RUN_DIR}/count.txt); echo ${CM_MLPERF_RUN_COUNT}; CM_MLPERF_RUN_COUNT=$((CM_MLPERF_RUN_COUNT+1)); echo ${CM_MLPERF_RUN_COUNT} > ${CM_RUN_DIR}/count.txt && if [ ${CM_MLPERF_RUN_COUNT} -eq "1" ]; then export CM_MLPERF_USER_CONF=${CM_MLPERF_RANGING_USER_CONF}; else export CM_MLPERF_USER_CONF=${CM_MLPERF_TESTING_USER_CONF}; fi && /home/arjun/CM/repos/ctuning@mlcommons-ck/cm-mlops/script/get-lib-armnn/run.out'
client 2023-07-20 10:04:41,557 [INFO] Sending command to the server: 'time'
client 2023-07-20 10:04:41,563 [INFO] Got response: '1689843881.4996915'
client 2023-07-20 10:04:41,563 [INFO] The time difference between the client and the server is within range 57.769 ms..63.878 ms
client 2023-07-20 10:04:41,563 [INFO] Sending command to the server: 'session,2023-07-20_09-48-14,stop,testing'
client 2023-07-20 10:04:51,918 [INFO] Got response: 'OK'
client 2023-07-20 10:04:51,919 [INFO] Sending command to the server: 'time'
client 2023-07-20 10:04:51,922 [INFO] Got response: '1689843891.8650491'
client 2023-07-20 10:04:51,923 [INFO] The time difference between the client and the server is within range 54.430 ms..58.270 ms
client 2023-07-20 10:04:51,929 [INFO] Copying loadgen logs from '/home/arjun/mobilenet_results/valid_results/raspberrypi-tflite_armnn_cpp-cpu-armnn_tflite-v22.11-using_neon/mobilenet-v3-precision_float-small-224/singlestream/performance/run_1' to '/home/arjun/mobilenet_results/valid_results/raspberrypi-tflite_armnn_cpp-cpu-armnn_tflite-v22.11-using_neon/mobilenet-v3-precision_float-small-224/singlestream/performance/tmp_power/run_1'
client 2023-07-20 10:04:51,933 [INFO] Done runs
