client 2023-09-03 10:07:45,202 [INFO] Creating output directory '/home/arjun/results_dir/valid_results/phoenix_Amd_Am5-reference-cpu-onnxruntime-v1.15.1-default_config/bert-99/singlestream/performance/tmp_power'
client 2023-09-03 10:07:45,237 [INFO] Sending command to the server: 'mlcommons/power client v3'
client 2023-09-03 10:07:45,240 [INFO] Got response: 'mlcommons/power server v3'
client 2023-09-03 10:07:45,240 [INFO] Synchronizing with the server and with time.google.com...
client 2023-09-03 10:07:45,256 [INFO] NTP:offset = 0.000 s, delay = 0.015 s 
client 2023-09-03 10:07:45,256 [INFO] Sending command to the server: 'time'
client 2023-09-03 10:07:45,258 [INFO] Got response: '1693732065.2572787'
client 2023-09-03 10:07:45,258 [INFO] The time difference between the client and the server is within range -0.838 ms..1.035 ms
client 2023-09-03 10:07:45,258 [INFO] Sending command to the server: 'new,,22f4b142-d761-4620-a227-6f6bef9cf71c'
client 2023-09-03 10:07:45,261 [INFO] Got response: 'OK 2023-09-03_09-07-45,2f4170b0-ceb3-4bdb-96df-0a1b00735445'
client 2023-09-03 10:07:45,261 [INFO] Session id is '2023-09-03_09-07-45'
client 2023-09-03 10:07:45,261 [INFO] Sources: {"sources": {"__init__.py": "da39a3ee5e6b4b0d3255bfef95601890afd80709", "client.py": "33ca4f26368777ac06e01f9567b714a4b8063886", "lib/__init__.py": "da39a3ee5e6b4b0d3255bfef95601890afd80709", "lib/client.py": "ac2aa093c8e8bbc9569b9e2a3471bc64e58a2258", "lib/common.py": "611d8b29633d331eb19c9455ea3b5fa3284ed6df", "lib/external/__init__.py": "da39a3ee5e6b4b0d3255bfef95601890afd80709", "lib/external/ntplib.py": "4da8f970656505a40483206ef2b5d3dd5e81711d", "lib/server.py": "c7af63c31bb2fbedea4345f571f6e3507d268ada", "lib/source_hashes.py": "60a2e02193209e8d392803326208d5466342da18", "lib/summary.py": "aa92f0a3f975eecd44d3c0cd0236342ccc9f941d", "lib/time_sync.py": "122eba67a9abc85635223e054def53be1367ade2", "server.py": "c3f90f2f7eeb4db30727556d0c815ebc89b3d28b", "tests/unit/__init__.py": "da39a3ee5e6b4b0d3255bfef95601890afd80709", "tests/unit/test_server.py": "948c1995d4008bc2aa6c4046a34ffa3858d6d671", "tests/unit/test_source_hashes.py": "00468a2907583c593e6574a1f6b404e4651c221a"}, "modules": {"ptd_client_server.lib.client": "lib/client.py", "ptd_client_server.lib.common": "lib/common.py", "ptd_client_server.lib.external.ntplib": "lib/external/ntplib.py", "ptd_client_server.lib.source_hashes": "lib/source_hashes.py", "ptd_client_server.lib.summary": "lib/summary.py", "ptd_client_server.lib.time_sync": "lib/time_sync.py"}}
client 2023-09-03 10:07:45,261 [INFO] Running workload in ranging mode
client 2023-09-03 10:07:45,261 [INFO] Synchronizing with the server and with time.google.com...
client 2023-09-03 10:07:45,274 [INFO] NTP:offset = -0.000 s, delay = 0.012 s 
client 2023-09-03 10:07:45,274 [INFO] Sending command to the server: 'time'
client 2023-09-03 10:07:45,276 [INFO] Got response: '1693732065.2751768'
client 2023-09-03 10:07:45,276 [INFO] The time difference between the client and the server is within range -0.865 ms..0.927 ms
client 2023-09-03 10:07:45,276 [INFO] Sending command to the server: 'session,2023-09-03_09-07-45,start,ranging'
client 2023-09-03 10:08:13,358 [INFO] Got response: 'OK'
client 2023-09-03 10:08:13,358 [INFO] Sending command to the server: 'time'
client 2023-09-03 10:08:13,360 [INFO] Got response: '1693732093.359589'
client 2023-09-03 10:08:13,360 [INFO] The time difference between the client and the server is within range -0.598 ms..1.215 ms
client 2023-09-03 10:08:13,360 [INFO] Running the workload 'CM_MLPERF_RUN_COUNT=$(cat ${CM_RUN_DIR}/count.txt); echo ${CM_MLPERF_RUN_COUNT}; CM_MLPERF_RUN_COUNT=$((CM_MLPERF_RUN_COUNT+1)); echo ${CM_MLPERF_RUN_COUNT} > ${CM_RUN_DIR}/count.txt && if [ ${CM_MLPERF_RUN_COUNT} -eq "1" ]; then export CM_MLPERF_USER_CONF=${CM_MLPERF_RANGING_USER_CONF}; else export CM_MLPERF_USER_CONF=${CM_MLPERF_TESTING_USER_CONF}; fi && /usr/bin/python3 run.py --backend=onnxruntime --scenario=SingleStream --mlperf_conf "/home/arjun/CM/repos/local/cache/fbd173afb8284a45/inference/mlperf.conf" --user_conf "${CM_MLPERF_USER_CONF}"'
client 2023-09-03 10:13:45,278 [INFO] Sending command to the server: 'time'
client 2023-09-03 10:13:45,384 [INFO] Got response: '1693732425.384087'
client 2023-09-03 10:13:45,385 [INFO] The time difference between the client and the server is within range -105.613 ms..0.942 ms
client 2023-09-03 10:13:45,385 [INFO] Sending command to the server: 'session,2023-09-03_09-07-45,stop,ranging'
client 2023-09-03 10:13:56,462 [INFO] Got response: 'OK'
client 2023-09-03 10:13:56,462 [INFO] Sending command to the server: 'time'
client 2023-09-03 10:13:56,535 [INFO] Got response: '1693732436.5342302'
client 2023-09-03 10:13:56,535 [INFO] The time difference between the client and the server is within range -71.454 ms..1.300 ms
client 2023-09-03 10:13:56,537 [INFO] Copying loadgen logs from '/home/arjun/results_dir/valid_results/phoenix_Amd_Am5-reference-cpu-onnxruntime-v1.15.1-default_config/bert-99/singlestream/performance/run_1' to '/home/arjun/results_dir/valid_results/phoenix_Amd_Am5-reference-cpu-onnxruntime-v1.15.1-default_config/bert-99/singlestream/performance/tmp_power/ranging'
client 2023-09-03 10:13:56,537 [INFO] Running workload in testing mode
client 2023-09-03 10:13:56,537 [INFO] Synchronizing with the server and with time.google.com...
client 2023-09-03 10:13:56,549 [INFO] NTP:offset = -0.001 s, delay = 0.011 s 
client 2023-09-03 10:13:56,549 [INFO] Sending command to the server: 'time'
client 2023-09-03 10:13:56,552 [INFO] Got response: '1693732436.5515354'
client 2023-09-03 10:13:56,552 [INFO] The time difference between the client and the server is within range -1.550 ms..1.352 ms
client 2023-09-03 10:13:56,552 [INFO] Sending command to the server: 'session,2023-09-03_09-07-45,start,testing'
client 2023-09-03 10:14:09,575 [INFO] Got response: 'OK'
client 2023-09-03 10:14:09,575 [INFO] Sending command to the server: 'time'
client 2023-09-03 10:14:09,577 [INFO] Got response: '1693732449.576372'
client 2023-09-03 10:14:09,577 [INFO] The time difference between the client and the server is within range -1.144 ms..0.720 ms
client 2023-09-03 10:14:09,577 [INFO] Running the workload 'CM_MLPERF_RUN_COUNT=$(cat ${CM_RUN_DIR}/count.txt); echo ${CM_MLPERF_RUN_COUNT}; CM_MLPERF_RUN_COUNT=$((CM_MLPERF_RUN_COUNT+1)); echo ${CM_MLPERF_RUN_COUNT} > ${CM_RUN_DIR}/count.txt && if [ ${CM_MLPERF_RUN_COUNT} -eq "1" ]; then export CM_MLPERF_USER_CONF=${CM_MLPERF_RANGING_USER_CONF}; else export CM_MLPERF_USER_CONF=${CM_MLPERF_TESTING_USER_CONF}; fi && /usr/bin/python3 run.py --backend=onnxruntime --scenario=SingleStream --mlperf_conf "/home/arjun/CM/repos/local/cache/fbd173afb8284a45/inference/mlperf.conf" --user_conf "${CM_MLPERF_USER_CONF}"'
client 2023-09-03 10:24:14,662 [INFO] Sending command to the server: 'time'
client 2023-09-03 10:24:14,664 [INFO] Got response: '1693733054.6644626'
client 2023-09-03 10:24:14,664 [INFO] The time difference between the client and the server is within range -1.930 ms..0.213 ms
client 2023-09-03 10:24:14,664 [INFO] Sending command to the server: 'session,2023-09-03_09-07-45,stop,testing'
client 2023-09-03 10:24:25,633 [INFO] Got response: 'OK'
client 2023-09-03 10:24:25,633 [INFO] Sending command to the server: 'time'
client 2023-09-03 10:24:25,635 [INFO] Got response: '1693733065.6350865'
client 2023-09-03 10:24:25,635 [INFO] The time difference between the client and the server is within range -1.325 ms..0.431 ms
client 2023-09-03 10:24:25,635 [INFO] Copying loadgen logs from '/home/arjun/results_dir/valid_results/phoenix_Amd_Am5-reference-cpu-onnxruntime-v1.15.1-default_config/bert-99/singlestream/performance/run_1' to '/home/arjun/results_dir/valid_results/phoenix_Amd_Am5-reference-cpu-onnxruntime-v1.15.1-default_config/bert-99/singlestream/performance/tmp_power/run_1'
client 2023-09-03 10:24:25,636 [INFO] Done runs
