client 2023-08-15 12:12:05,373 [INFO] Creating output directory '/home/krai/work_collection/generated_by_power_measurement_on_run_3945c0471fd046e1a6c00796cdf8be5c/power_logs'
client 2023-08-15 12:12:05,374 [INFO] Sending command to the server: 'mlcommons/power client v3'
client 2023-08-15 12:12:05,375 [INFO] Got response: 'mlcommons/power server v3'
client 2023-08-15 12:12:05,375 [INFO] Synchronizing with the server and with time.google.com...
client 2023-08-15 12:12:05,479 [INFO] NTP:offset = 0.004 s, delay = 0.098 s 
client 2023-08-15 12:12:05,479 [INFO] Sending command to the server: 'time'
client 2023-08-15 12:12:05,480 [INFO] Got response: '1692119525.4966733'
client 2023-08-15 12:12:05,481 [INFO] The time difference between the client and the server is within range -17.153 ms..-15.490 ms
client 2023-08-15 12:12:05,481 [INFO] Sending command to the server: 'new,,28274644-1b77-4e49-bf89-2ac1935d80d8'
client 2023-08-15 12:12:05,483 [INFO] Got response: 'OK 2023-08-15_12-12-05,ed31ac12-0bd1-486a-b50e-e09c91be1b09'
client 2023-08-15 12:12:05,483 [INFO] Session id is '2023-08-15_12-12-05'
client 2023-08-15 12:12:05,483 [INFO] Sources: {"sources": {"__init__.py": "da39a3ee5e6b4b0d3255bfef95601890afd80709", "client.py": "33ca4f26368777ac06e01f9567b714a4b8063886", "lib/__init__.py": "da39a3ee5e6b4b0d3255bfef95601890afd80709", "lib/client.py": "ac2aa093c8e8bbc9569b9e2a3471bc64e58a2258", "lib/common.py": "611d8b29633d331eb19c9455ea3b5fa3284ed6df", "lib/external/__init__.py": "da39a3ee5e6b4b0d3255bfef95601890afd80709", "lib/external/ntplib.py": "4da8f970656505a40483206ef2b5d3dd5e81711d", "lib/server.py": "c7af63c31bb2fbedea4345f571f6e3507d268ada", "lib/source_hashes.py": "60a2e02193209e8d392803326208d5466342da18", "lib/summary.py": "aa92f0a3f975eecd44d3c0cd0236342ccc9f941d", "lib/time_sync.py": "80894ef2389e540781ff78de94db16aa4203a14e", "server.py": "c3f90f2f7eeb4db30727556d0c815ebc89b3d28b", "tests/unit/__init__.py": "da39a3ee5e6b4b0d3255bfef95601890afd80709", "tests/unit/test_server.py": "948c1995d4008bc2aa6c4046a34ffa3858d6d671", "tests/unit/test_source_hashes.py": "00468a2907583c593e6574a1f6b404e4651c221a"}, "modules": {"ptd_client_server.lib.client": "lib/client.py", "ptd_client_server.lib.common": "lib/common.py", "ptd_client_server.lib.external.ntplib": "lib/external/ntplib.py", "ptd_client_server.lib.source_hashes": "lib/source_hashes.py", "ptd_client_server.lib.summary": "lib/summary.py", "ptd_client_server.lib.time_sync": "lib/time_sync.py"}}
client 2023-08-15 12:12:05,483 [INFO] Running workload in ranging mode
client 2023-08-15 12:12:05,483 [INFO] Synchronizing with the server and with time.google.com...
client 2023-08-15 12:12:05,581 [INFO] NTP:offset = 0.006 s, delay = 0.096 s 
client 2023-08-15 12:12:05,582 [INFO] Sending command to the server: 'time'
client 2023-08-15 12:12:05,583 [INFO] Got response: '1692119525.599191'
client 2023-08-15 12:12:05,583 [INFO] The time difference between the client and the server is within range -17.154 ms..-15.466 ms
client 2023-08-15 12:12:05,583 [INFO] Sending command to the server: 'session,2023-08-15_12-12-05,start,ranging'
client 2023-08-15 12:12:34,641 [INFO] Got response: 'OK'
client 2023-08-15 12:12:34,642 [INFO] Sending command to the server: 'time'
client 2023-08-15 12:12:34,643 [INFO] Got response: '1692119554.659227'
client 2023-08-15 12:12:34,643 [INFO] The time difference between the client and the server is within range -17.146 ms..-15.629 ms
client 2023-08-15 12:12:34,643 [INFO] Running the workload 'axs byquery loadgen_output,bert_squad,sut_name=e920d_q4_std,model_name=bert-99,framework=kilt,loadgen_dataset_size=10833,loadgen_buffer_size=10833,device=qaic,loadgen_mode=PerformanceOnly,loadgen_compliance_test-,loadgen_scenario=SingleStream,_with_power+,symlink_to=/home/krai/work_collection/generated_by_power_measurement_on_run_3945c0471fd046e1a6c00796cdf8be5c/last_mlperf_logs,power_client_entrydic_path=/home/krai/work_collection/generated_by_power_measurement_on_run_3945c0471fd046e1a6c00796cdf8be5c/program_output.json'
client 2023-08-15 12:22:42,114 [INFO] Sending command to the server: 'time'
client 2023-08-15 12:22:42,116 [INFO] Got response: '1692120162.13407'
client 2023-08-15 12:22:42,116 [INFO] The time difference between the client and the server is within range -19.716 ms..-17.463 ms
client 2023-08-15 12:22:42,116 [INFO] Sending command to the server: 'session,2023-08-15_12-12-05,stop,ranging'
client 2023-08-15 12:22:52,671 [INFO] Got response: 'OK'
client 2023-08-15 12:22:52,671 [INFO] Sending command to the server: 'time'
client 2023-08-15 12:22:52,672 [INFO] Got response: '1692120172.6902049'
client 2023-08-15 12:22:52,672 [INFO] The time difference between the client and the server is within range -18.874 ms..-17.780 ms
client 2023-08-15 12:22:52,682 [INFO] Copying loadgen logs from '/home/krai/work_collection/generated_by_power_measurement_on_run_3945c0471fd046e1a6c00796cdf8be5c/last_mlperf_logs' to '/home/krai/work_collection/generated_by_power_measurement_on_run_3945c0471fd046e1a6c00796cdf8be5c/power_logs/ranging'
client 2023-08-15 12:22:52,683 [INFO] Running workload in testing mode
client 2023-08-15 12:22:52,683 [INFO] Synchronizing with the server and with time.google.com...
client 2023-08-15 12:22:52,808 [INFO] NTP:offset = 0.005 s, delay = 0.122 s 
client 2023-08-15 12:22:52,808 [INFO] Sending command to the server: 'time'
client 2023-08-15 12:22:52,809 [INFO] Got response: '1692120172.827369'
client 2023-08-15 12:22:52,809 [INFO] The time difference between the client and the server is within range -19.182 ms..-17.546 ms
client 2023-08-15 12:22:52,809 [INFO] Sending command to the server: 'session,2023-08-15_12-12-05,start,testing'
client 2023-08-15 12:23:05,828 [INFO] Got response: 'OK'
client 2023-08-15 12:23:05,828 [INFO] Sending command to the server: 'time'
client 2023-08-15 12:23:05,829 [INFO] Got response: '1692120185.847644'
client 2023-08-15 12:23:05,830 [INFO] The time difference between the client and the server is within range -19.080 ms..-17.575 ms
client 2023-08-15 12:23:05,830 [INFO] Running the workload 'axs byquery loadgen_output,bert_squad,sut_name=e920d_q4_std,model_name=bert-99,framework=kilt,loadgen_dataset_size=10833,loadgen_buffer_size=10833,device=qaic,loadgen_mode=PerformanceOnly,loadgen_compliance_test-,loadgen_scenario=SingleStream,_with_power+,symlink_to=/home/krai/work_collection/generated_by_power_measurement_on_run_3945c0471fd046e1a6c00796cdf8be5c/last_mlperf_logs,power_client_entrydic_path=/home/krai/work_collection/generated_by_power_measurement_on_run_3945c0471fd046e1a6c00796cdf8be5c/program_output.json'
client 2023-08-15 12:33:13,316 [INFO] Sending command to the server: 'time'
client 2023-08-15 12:33:13,318 [INFO] Got response: '1692120793.3335555'
client 2023-08-15 12:33:13,319 [INFO] The time difference between the client and the server is within range -16.830 ms..-14.567 ms
client 2023-08-15 12:33:13,319 [INFO] Sending command to the server: 'session,2023-08-15_12-12-05,stop,testing'
client 2023-08-15 12:33:23,881 [INFO] Got response: 'OK'
client 2023-08-15 12:33:23,881 [INFO] Sending command to the server: 'time'
client 2023-08-15 12:33:23,882 [INFO] Got response: '1692120803.897819'
client 2023-08-15 12:33:23,883 [INFO] The time difference between the client and the server is within range -15.872 ms..-14.695 ms
client 2023-08-15 12:33:23,885 [INFO] Copying loadgen logs from '/home/krai/work_collection/generated_by_power_measurement_on_run_3945c0471fd046e1a6c00796cdf8be5c/last_mlperf_logs' to '/home/krai/work_collection/generated_by_power_measurement_on_run_3945c0471fd046e1a6c00796cdf8be5c/power_logs/run_1'
client 2023-08-15 12:33:23,886 [INFO] Done runs
