client 2023-07-09 18:42:44,518 [INFO] Creating output directory '/home/arjun/mobilenet_results/valid_results/orin-tflite_cpp-cpu-tflite-vmaster-default_config/mobilenet-v2-precision_uint8-1.0-192/singlestream/performance/tmp_power'
client 2023-07-09 18:42:44,521 [INFO] Sending command to the server: 'mlcommons/power client v3'
client 2023-07-09 18:42:44,524 [INFO] Got response: 'mlcommons/power server v3'
client 2023-07-09 18:42:44,524 [INFO] Synchronizing with the server and with time.google.com...
client 2023-07-09 18:42:44,667 [INFO] NTP:offset = -0.060 s, delay = 0.138 s 
client 2023-07-09 18:42:44,667 [INFO] Sending command to the server: 'time'
client 2023-07-09 18:42:44,671 [INFO] Got response: '1688924564.6714332'
client 2023-07-09 18:42:44,671 [INFO] The time difference between the client and the server is within range -3.762 ms..0.498 ms
client 2023-07-09 18:42:44,672 [INFO] Sending command to the server: 'new,,4bf5c1a0-3170-4129-ae6e-84d9ae461ada'
client 2023-07-09 18:42:44,676 [INFO] Got response: 'OK 2023-07-09_17-42-44,002fd8e6-9aed-406a-9cf9-0fc5f3dd55da'
client 2023-07-09 18:42:44,676 [INFO] Session id is '2023-07-09_17-42-44'
client 2023-07-09 18:42:44,676 [INFO] Sources: {"sources": {"__init__.py": "da39a3ee5e6b4b0d3255bfef95601890afd80709", "client.py": "33ca4f26368777ac06e01f9567b714a4b8063886", "lib/__init__.py": "da39a3ee5e6b4b0d3255bfef95601890afd80709", "lib/client.py": "ac2aa093c8e8bbc9569b9e2a3471bc64e58a2258", "lib/common.py": "611d8b29633d331eb19c9455ea3b5fa3284ed6df", "lib/external/__init__.py": "da39a3ee5e6b4b0d3255bfef95601890afd80709", "lib/external/ntplib.py": "4da8f970656505a40483206ef2b5d3dd5e81711d", "lib/server.py": "c7af63c31bb2fbedea4345f571f6e3507d268ada", "lib/source_hashes.py": "60a2e02193209e8d392803326208d5466342da18", "lib/summary.py": "aa92f0a3f975eecd44d3c0cd0236342ccc9f941d", "lib/time_sync.py": "122eba67a9abc85635223e054def53be1367ade2", "server.py": "c3f90f2f7eeb4db30727556d0c815ebc89b3d28b", "tests/unit/__init__.py": "da39a3ee5e6b4b0d3255bfef95601890afd80709", "tests/unit/test_server.py": "948c1995d4008bc2aa6c4046a34ffa3858d6d671", "tests/unit/test_source_hashes.py": "00468a2907583c593e6574a1f6b404e4651c221a"}, "modules": {"ptd_client_server.lib.client": "lib/client.py", "ptd_client_server.lib.common": "lib/common.py", "ptd_client_server.lib.external.ntplib": "lib/external/ntplib.py", "ptd_client_server.lib.source_hashes": "lib/source_hashes.py", "ptd_client_server.lib.summary": "lib/summary.py", "ptd_client_server.lib.time_sync": "lib/time_sync.py"}}
client 2023-07-09 18:42:44,677 [INFO] Running workload in ranging mode
client 2023-07-09 18:42:44,677 [INFO] Synchronizing with the server and with time.google.com...
client 2023-07-09 18:42:44,695 [INFO] NTP:offset = 0.001 s, delay = 0.016 s 
client 2023-07-09 18:42:44,695 [INFO] Sending command to the server: 'time'
client 2023-07-09 18:42:44,698 [INFO] Got response: '1688924564.6993916'
client 2023-07-09 18:42:44,698 [INFO] The time difference between the client and the server is within range -3.778 ms..-0.689 ms
client 2023-07-09 18:42:44,698 [INFO] Sending command to the server: 'session,2023-07-09_17-42-44,start,ranging'
client 2023-07-09 18:43:12,803 [INFO] Got response: 'OK'
client 2023-07-09 18:43:12,805 [INFO] Sending command to the server: 'time'
client 2023-07-09 18:43:12,808 [INFO] Got response: '1688924592.8084807'
client 2023-07-09 18:43:12,808 [INFO] The time difference between the client and the server is within range -3.436 ms..-0.127 ms
client 2023-07-09 18:43:12,808 [INFO] Running the workload 'CM_MLPERF_RUN_COUNT=$(cat ${CM_RUN_DIR}/count.txt); echo ${CM_MLPERF_RUN_COUNT}; CM_MLPERF_RUN_COUNT=$((CM_MLPERF_RUN_COUNT+1)); echo ${CM_MLPERF_RUN_COUNT} > ${CM_RUN_DIR}/count.txt && if [ ${CM_MLPERF_RUN_COUNT} -eq "1" ]; then export CM_MLPERF_USER_CONF=${CM_MLPERF_RANGING_USER_CONF}; else export CM_MLPERF_USER_CONF=${CM_MLPERF_TESTING_USER_CONF}; fi && /home/arjun/run.out'
client 2023-07-09 18:48:18,722 [INFO] Sending command to the server: 'time'
client 2023-07-09 18:48:18,829 [INFO] Got response: '1688924898.8295867'
client 2023-07-09 18:48:18,830 [INFO] The time difference between the client and the server is within range -107.751 ms..0.783 ms
client 2023-07-09 18:48:18,830 [INFO] Sending command to the server: 'session,2023-07-09_17-42-44,stop,ranging'
client 2023-07-09 18:48:29,874 [INFO] Got response: 'OK'
client 2023-07-09 18:48:29,875 [INFO] Sending command to the server: 'time'
client 2023-07-09 18:48:29,880 [INFO] Got response: '1688924909.8786654'
client 2023-07-09 18:48:29,881 [INFO] The time difference between the client and the server is within range -3.029 ms..2.268 ms
client 2023-07-09 18:48:29,901 [INFO] Copying loadgen logs from '/home/arjun/mobilenet_results/valid_results/orin-tflite_cpp-cpu-tflite-vmaster-default_config/mobilenet-v2-precision_uint8-1.0-192/singlestream/performance/run_1' to '/home/arjun/mobilenet_results/valid_results/orin-tflite_cpp-cpu-tflite-vmaster-default_config/mobilenet-v2-precision_uint8-1.0-192/singlestream/performance/tmp_power/ranging'
client 2023-07-09 18:48:29,902 [INFO] Running workload in testing mode
client 2023-07-09 18:48:29,903 [INFO] Synchronizing with the server and with time.google.com...
client 2023-07-09 18:48:29,920 [INFO] NTP:offset = 0.001 s, delay = 0.013 s 
client 2023-07-09 18:48:29,920 [INFO] Sending command to the server: 'time'
client 2023-07-09 18:48:29,924 [INFO] Got response: '1688924909.923941'
client 2023-07-09 18:48:29,924 [INFO] The time difference between the client and the server is within range -3.283 ms..0.584 ms
client 2023-07-09 18:48:29,924 [INFO] Sending command to the server: 'session,2023-07-09_17-42-44,start,testing'
client 2023-07-09 18:48:42,948 [INFO] Got response: 'OK'
client 2023-07-09 18:48:42,948 [INFO] Sending command to the server: 'time'
client 2023-07-09 18:48:42,951 [INFO] Got response: '1688924922.9515333'
client 2023-07-09 18:48:42,952 [INFO] The time difference between the client and the server is within range -3.049 ms..0.659 ms
client 2023-07-09 18:48:42,952 [INFO] Running the workload 'CM_MLPERF_RUN_COUNT=$(cat ${CM_RUN_DIR}/count.txt); echo ${CM_MLPERF_RUN_COUNT}; CM_MLPERF_RUN_COUNT=$((CM_MLPERF_RUN_COUNT+1)); echo ${CM_MLPERF_RUN_COUNT} > ${CM_RUN_DIR}/count.txt && if [ ${CM_MLPERF_RUN_COUNT} -eq "1" ]; then export CM_MLPERF_USER_CONF=${CM_MLPERF_RANGING_USER_CONF}; else export CM_MLPERF_USER_CONF=${CM_MLPERF_TESTING_USER_CONF}; fi && /home/arjun/run.out'
client 2023-07-09 18:58:54,273 [INFO] Sending command to the server: 'time'
client 2023-07-09 18:58:54,277 [INFO] Got response: '1688925534.2767556'
client 2023-07-09 18:58:54,277 [INFO] The time difference between the client and the server is within range -3.532 ms..0.845 ms
client 2023-07-09 18:58:54,277 [INFO] Sending command to the server: 'session,2023-07-09_17-42-44,stop,testing'
client 2023-07-09 18:59:05,003 [INFO] Got response: 'OK'
client 2023-07-09 18:59:05,004 [INFO] Sending command to the server: 'time'
client 2023-07-09 18:59:05,008 [INFO] Got response: '1688925545.0071695'
client 2023-07-09 18:59:05,008 [INFO] The time difference between the client and the server is within range -2.586 ms..1.478 ms
client 2023-07-09 18:59:05,013 [INFO] Copying loadgen logs from '/home/arjun/mobilenet_results/valid_results/orin-tflite_cpp-cpu-tflite-vmaster-default_config/mobilenet-v2-precision_uint8-1.0-192/singlestream/performance/run_1' to '/home/arjun/mobilenet_results/valid_results/orin-tflite_cpp-cpu-tflite-vmaster-default_config/mobilenet-v2-precision_uint8-1.0-192/singlestream/performance/tmp_power/run_1'
client 2023-07-09 18:59:05,015 [INFO] Done runs
