client 2023-08-05 15:25:48,961 [INFO] Sending command to the server: 'mlcommons/power client v3'
client 2023-08-05 15:25:48,962 [INFO] Got response: 'mlcommons/power server v3'
client 2023-08-05 15:25:48,962 [INFO] Sending command to the server: 'stop'
client 2023-08-05 15:25:48,962 [INFO] Got response: 'OK'
client 2023-08-05 15:25:48,962 [INFO] Synchronizing with the server and with 192.168.123.123...
client 2023-08-05 15:25:48,964 [INFO] NTP:offset = -0.000 s, delay = 0.000 s 
client 2023-08-05 15:25:48,964 [INFO] Sending command to the server: 'time'
client 2023-08-05 15:25:48,964 [INFO] Got response: '1691249148.9645424'
client 2023-08-05 15:25:48,964 [INFO] The time difference between the client and the server is within range -0.184 ms..0.075 ms
client 2023-08-05 15:25:48,964 [INFO] Sending command to the server: 'new,,4630ab64-57eb-43d3-8ff4-a994013ca904'
client 2023-08-05 15:25:48,965 [INFO] Got response: 'OK 2023-08-05_15-25-48,ccf1c77f-7e7d-4b00-957f-e12758da2b71'
client 2023-08-05 15:25:48,965 [INFO] Session id is '2023-08-05_15-25-48'
client 2023-08-05 15:25:48,965 [INFO] Sources: {"sources": {"__init__.py": "da39a3ee5e6b4b0d3255bfef95601890afd80709", "client.py": "33ca4f26368777ac06e01f9567b714a4b8063886", "lib/__init__.py": "da39a3ee5e6b4b0d3255bfef95601890afd80709", "lib/client.py": "ac2aa093c8e8bbc9569b9e2a3471bc64e58a2258", "lib/common.py": "611d8b29633d331eb19c9455ea3b5fa3284ed6df", "lib/external/__init__.py": "da39a3ee5e6b4b0d3255bfef95601890afd80709", "lib/external/ntplib.py": "4da8f970656505a40483206ef2b5d3dd5e81711d", "lib/server.py": "c7af63c31bb2fbedea4345f571f6e3507d268ada", "lib/source_hashes.py": "60a2e02193209e8d392803326208d5466342da18", "lib/summary.py": "aa92f0a3f975eecd44d3c0cd0236342ccc9f941d", "lib/time_sync.py": "122eba67a9abc85635223e054def53be1367ade2", "server.py": "c3f90f2f7eeb4db30727556d0c815ebc89b3d28b", "tests/unit/__init__.py": "da39a3ee5e6b4b0d3255bfef95601890afd80709", "tests/unit/test_server.py": "948c1995d4008bc2aa6c4046a34ffa3858d6d671", "tests/unit/test_source_hashes.py": "00468a2907583c593e6574a1f6b404e4651c221a"}, "modules": {"ptd_client_server.lib.client": "lib/client.py", "ptd_client_server.lib.common": "lib/common.py", "ptd_client_server.lib.external.ntplib": "lib/external/ntplib.py", "ptd_client_server.lib.source_hashes": "lib/source_hashes.py", "ptd_client_server.lib.summary": "lib/summary.py", "ptd_client_server.lib.time_sync": "lib/time_sync.py"}}
client 2023-08-05 15:25:48,966 [INFO] Running workload in ranging mode
client 2023-08-05 15:25:48,966 [INFO] Synchronizing with the server and with 192.168.123.123...
client 2023-08-05 15:25:48,966 [INFO] NTP:offset = -0.000 s, delay = 0.000 s 
client 2023-08-05 15:25:48,966 [INFO] Sending command to the server: 'time'
client 2023-08-05 15:25:48,967 [INFO] Got response: '1691249148.966965'
client 2023-08-05 15:25:48,967 [INFO] The time difference between the client and the server is within range -0.180 ms..0.065 ms
client 2023-08-05 15:25:48,967 [INFO] Sending command to the server: 'session,2023-08-05_15-25-48,start,ranging'
client 2023-08-05 15:26:27,621 [INFO] Got response: 'OK'
client 2023-08-05 15:26:27,621 [INFO] Sending command to the server: 'time'
client 2023-08-05 15:26:27,621 [INFO] Got response: '1691249187.621661'
client 2023-08-05 15:26:27,621 [INFO] The time difference between the client and the server is within range -0.253 ms..0.128 ms
client 2023-08-05 15:26:27,621 [INFO] Running the workload 'LOG_DIR=/work/build/power_logs_temp python3 -m code.main --benchmarks=3d-unet --scenarios=Offline --config_ver=maxq_high_accuracy --test_mode=PerformanceOnly --action="run_harness" \\\n\t\t2>&1 | tee -a /work/build/power_logs/2023.08.05-15.25.07/stdout.txt \\\n\t\t&& if [ ! -d /work/build/power_logs/2023.08.05-15.25.07/ranging_tmp ]; \\\n\t\t\tthen mkdir /work/build/power_logs/2023.08.05-15.25.07/ranging_tmp \\\n\t\t\t\t&& mv /work/build/power_logs_temp/* /work/build/power_logs/2023.08.05-15.25.07/ranging_tmp/ \\\n\t\t\t\t&& cp -v /work/build/power_logs/2023.08.05-15.25.07/ranging_tmp/*/*/*/mlperf_log_detail.txt /work/build/power_logs_temp/ \\\n\t\t\t\t&& cp -v /work/build/power_logs/2023.08.05-15.25.07/ranging_tmp/*/*/*/mlperf_log_summary.txt /work/build/power_logs_temp/; \\\n\t\t\telse mkdir /work/build/power_logs/2023.08.05-15.25.07/testing_tmp \\\n\t\t\t\t&& mv /work/build/power_logs_temp/* /work/build/power_logs/2023.08.05-15.25.07/testing_tmp/ \\\n\t\t\t\t&& cp -v /work/build/power_logs/2023.08.05-15.25.07/testing_tmp/*/*/*/mlperf_log_detail.txt /work/build/power_logs_temp/ \\\n\t\t\t\t&& cp -v /work/build/power_logs/2023.08.05-15.25.07/testing_tmp/*/*/*/mlperf_log_summary.txt /work/build/power_logs_temp/; fi'
client 2023-08-05 21:51:39,239 [INFO] Sending command to the server: 'time'
client 2023-08-05 21:51:39,239 [INFO] Got response: '1691272299.2397203'
client 2023-08-05 21:51:39,239 [INFO] The time difference between the client and the server is within range -0.617 ms..0.173 ms
client 2023-08-05 21:51:39,239 [INFO] Sending command to the server: 'session,2023-08-05_15-25-48,stop,ranging'
client 2023-08-05 21:51:50,156 [INFO] Got response: 'OK'
client 2023-08-05 21:51:50,156 [INFO] Sending command to the server: 'time'
client 2023-08-05 21:51:50,156 [INFO] Got response: '1691272310.1565936'
client 2023-08-05 21:51:50,156 [INFO] The time difference between the client and the server is within range -0.182 ms..0.075 ms
client 2023-08-05 21:51:50,160 [INFO] Copying loadgen logs from '/work/build/power_logs_temp' to '/work/build/power_logs/2023.08.05-15.25.07/2023-08-05_15-25-48/ranging'
client 2023-08-05 21:51:50,163 [INFO] Running workload in testing mode
client 2023-08-05 21:51:50,163 [INFO] Synchronizing with the server and with 192.168.123.123...
client 2023-08-05 21:51:50,163 [INFO] NTP:offset = 0.000 s, delay = 0.000 s 
client 2023-08-05 21:51:50,163 [INFO] Sending command to the server: 'time'
client 2023-08-05 21:51:50,164 [INFO] Got response: '1691272310.164136'
client 2023-08-05 21:51:50,164 [INFO] The time difference between the client and the server is within range -0.218 ms..0.104 ms
client 2023-08-05 21:51:50,164 [INFO] Sending command to the server: 'session,2023-08-05_15-25-48,start,testing'
client 2023-08-05 21:52:11,777 [INFO] Got response: 'OK'
client 2023-08-05 21:52:11,777 [INFO] Sending command to the server: 'time'
client 2023-08-05 21:52:11,778 [INFO] Got response: '1691272331.7779784'
client 2023-08-05 21:52:11,778 [INFO] The time difference between the client and the server is within range -0.158 ms..0.105 ms
client 2023-08-05 21:52:11,778 [INFO] Running the workload 'LOG_DIR=/work/build/power_logs_temp python3 -m code.main --benchmarks=3d-unet --scenarios=Offline --config_ver=maxq_high_accuracy --test_mode=PerformanceOnly --action="run_harness" \\\n\t\t2>&1 | tee -a /work/build/power_logs/2023.08.05-15.25.07/stdout.txt \\\n\t\t&& if [ ! -d /work/build/power_logs/2023.08.05-15.25.07/ranging_tmp ]; \\\n\t\t\tthen mkdir /work/build/power_logs/2023.08.05-15.25.07/ranging_tmp \\\n\t\t\t\t&& mv /work/build/power_logs_temp/* /work/build/power_logs/2023.08.05-15.25.07/ranging_tmp/ \\\n\t\t\t\t&& cp -v /work/build/power_logs/2023.08.05-15.25.07/ranging_tmp/*/*/*/mlperf_log_detail.txt /work/build/power_logs_temp/ \\\n\t\t\t\t&& cp -v /work/build/power_logs/2023.08.05-15.25.07/ranging_tmp/*/*/*/mlperf_log_summary.txt /work/build/power_logs_temp/; \\\n\t\t\telse mkdir /work/build/power_logs/2023.08.05-15.25.07/testing_tmp \\\n\t\t\t\t&& mv /work/build/power_logs_temp/* /work/build/power_logs/2023.08.05-15.25.07/testing_tmp/ \\\n\t\t\t\t&& cp -v /work/build/power_logs/2023.08.05-15.25.07/testing_tmp/*/*/*/mlperf_log_detail.txt /work/build/power_logs_temp/ \\\n\t\t\t\t&& cp -v /work/build/power_logs/2023.08.05-15.25.07/testing_tmp/*/*/*/mlperf_log_summary.txt /work/build/power_logs_temp/; fi'
client 2023-08-06 04:17:44,323 [INFO] Sending command to the server: 'time'
client 2023-08-06 04:17:44,324 [INFO] Got response: '1691295464.324349'
client 2023-08-06 04:17:44,324 [INFO] The time difference between the client and the server is within range -0.969 ms..0.247 ms
client 2023-08-06 04:17:44,324 [INFO] Sending command to the server: 'session,2023-08-05_15-25-48,stop,testing'
client 2023-08-06 04:17:54,886 [INFO] Got response: 'OK'
client 2023-08-06 04:17:54,886 [INFO] Sending command to the server: 'time'
client 2023-08-06 04:17:54,886 [INFO] Got response: '1691295474.8867679'
client 2023-08-06 04:17:54,886 [INFO] The time difference between the client and the server is within range -0.098 ms..0.132 ms
client 2023-08-06 04:17:54,888 [INFO] Copying loadgen logs from '/work/build/power_logs_temp' to '/work/build/power_logs/2023.08.05-15.25.07/2023-08-05_15-25-48/run_1'
client 2023-08-06 04:17:54,891 [INFO] Done runs
