client 2023-07-20 08:38:30,899 [INFO] Creating output directory '/home/arjun/mobilenet_results/valid_results/raspberrypi-tflite_armnn_cpp-cpu-armnn_tflite-v22.11-using_neon/mobilenet-v3-precision_float-large-224/singlestream/performance/tmp_power'
client 2023-07-20 08:38:30,902 [INFO] Sending command to the server: 'mlcommons/power client v3'
client 2023-07-20 08:38:30,904 [INFO] Got response: 'mlcommons/power server v3'
client 2023-07-20 08:38:30,905 [INFO] Synchronizing with the server and with time.google.com...
client 2023-07-20 08:38:31,023 [INFO] NTP:offset = -0.042 s, delay = 0.100 s 
client 2023-07-20 08:38:31,023 [INFO] Sending command to the server: 'time'
client 2023-07-20 08:38:31,027 [INFO] Got response: '1689838710.8281548'
client 2023-07-20 08:38:31,027 [INFO] The time difference between the client and the server is within range 195.467 ms..199.798 ms
client 2023-07-20 08:38:31,028 [INFO] Sending command to the server: 'new,,63b6952b-eb83-457a-84ed-d0cd4d340ae7'
client 2023-07-20 08:38:31,033 [INFO] Got response: 'OK 2023-07-20_08-38-30,693fb715-5c66-465b-aca3-5d01d89454b6'
client 2023-07-20 08:38:31,033 [INFO] Session id is '2023-07-20_08-38-30'
client 2023-07-20 08:38:31,034 [INFO] Sources: {"sources": {"__init__.py": "da39a3ee5e6b4b0d3255bfef95601890afd80709", "client.py": "33ca4f26368777ac06e01f9567b714a4b8063886", "lib/__init__.py": "da39a3ee5e6b4b0d3255bfef95601890afd80709", "lib/client.py": "ac2aa093c8e8bbc9569b9e2a3471bc64e58a2258", "lib/common.py": "611d8b29633d331eb19c9455ea3b5fa3284ed6df", "lib/external/__init__.py": "da39a3ee5e6b4b0d3255bfef95601890afd80709", "lib/external/ntplib.py": "4da8f970656505a40483206ef2b5d3dd5e81711d", "lib/server.py": "c7af63c31bb2fbedea4345f571f6e3507d268ada", "lib/source_hashes.py": "60a2e02193209e8d392803326208d5466342da18", "lib/summary.py": "aa92f0a3f975eecd44d3c0cd0236342ccc9f941d", "lib/time_sync.py": "122eba67a9abc85635223e054def53be1367ade2", "server.py": "c3f90f2f7eeb4db30727556d0c815ebc89b3d28b", "tests/unit/__init__.py": "da39a3ee5e6b4b0d3255bfef95601890afd80709", "tests/unit/test_server.py": "948c1995d4008bc2aa6c4046a34ffa3858d6d671", "tests/unit/test_source_hashes.py": "00468a2907583c593e6574a1f6b404e4651c221a"}, "modules": {"ptd_client_server.lib.client": "lib/client.py", "ptd_client_server.lib.common": "lib/common.py", "ptd_client_server.lib.external.ntplib": "lib/external/ntplib.py", "ptd_client_server.lib.source_hashes": "lib/source_hashes.py", "ptd_client_server.lib.summary": "lib/summary.py", "ptd_client_server.lib.time_sync": "lib/time_sync.py"}}
client 2023-07-20 08:38:31,034 [INFO] Running workload in ranging mode
client 2023-07-20 08:38:31,034 [INFO] Synchronizing with the server and with time.google.com...
client 2023-07-20 08:38:31,065 [INFO] NTP:offset = 0.000 s, delay = 0.014 s 
client 2023-07-20 08:38:31,065 [INFO] Sending command to the server: 'time'
client 2023-07-20 08:38:31,069 [INFO] Got response: '1689838710.8689084'
client 2023-07-20 08:38:31,069 [INFO] The time difference between the client and the server is within range 197.060 ms..200.295 ms
client 2023-07-20 08:38:31,069 [WARNING] The time difference between the client and the server is more than 200 ms
client 2023-07-20 08:38:31,069 [INFO] Sending command to the server: 'set_ntp'
client 2023-07-20 08:38:32,106 [INFO] Got response: 'OK'
client 2023-07-20 08:38:32,107 [INFO] Synchronizing with time.google.com time using NTP...
client 2023-07-20 08:38:40,720 [INFO] Set system time at 2023-07-20 08:38:40.720026
client 2023-07-20 08:38:40,755 [INFO] NTP:offset = -0.002 s, delay = 0.015 s 
client 2023-07-20 08:38:40,755 [INFO] Sending command to the server: 'time'
client 2023-07-20 08:38:40,759 [INFO] Got response: '1689838720.7481298'
client 2023-07-20 08:38:40,759 [INFO] The time difference between the client and the server is within range 7.327 ms..11.613 ms
client 2023-07-20 08:38:40,760 [INFO] Sending command to the server: 'session,2023-07-20_08-38-30,start,ranging'
client 2023-07-20 08:39:09,453 [INFO] Got response: 'OK'
client 2023-07-20 08:39:09,454 [INFO] Sending command to the server: 'time'
client 2023-07-20 08:39:09,466 [INFO] Got response: '1689838749.447033'
client 2023-07-20 08:39:09,467 [INFO] The time difference between the client and the server is within range 6.971 ms..20.044 ms
client 2023-07-20 08:39:09,467 [INFO] Running the workload 'CM_MLPERF_RUN_COUNT=$(cat ${CM_RUN_DIR}/count.txt); echo ${CM_MLPERF_RUN_COUNT}; CM_MLPERF_RUN_COUNT=$((CM_MLPERF_RUN_COUNT+1)); echo ${CM_MLPERF_RUN_COUNT} > ${CM_RUN_DIR}/count.txt && if [ ${CM_MLPERF_RUN_COUNT} -eq "1" ]; then export CM_MLPERF_USER_CONF=${CM_MLPERF_RANGING_USER_CONF}; else export CM_MLPERF_USER_CONF=${CM_MLPERF_TESTING_USER_CONF}; fi && /home/arjun/CM/repos/ctuning@mlcommons-ck/cm-mlops/script/get-lib-armnn/run.out'
client 2023-07-20 08:44:29,049 [INFO] Sending command to the server: 'time'
client 2023-07-20 08:44:29,055 [INFO] Got response: '1689839069.0490537'
client 2023-07-20 08:44:29,056 [INFO] The time difference between the client and the server is within range -0.031 ms..7.012 ms
client 2023-07-20 08:44:29,056 [INFO] Sending command to the server: 'session,2023-07-20_08-38-30,stop,ranging'
client 2023-07-20 08:44:39,598 [INFO] Got response: 'OK'
client 2023-07-20 08:44:39,599 [INFO] Sending command to the server: 'time'
client 2023-07-20 08:44:39,602 [INFO] Got response: '1689839079.5963497'
client 2023-07-20 08:44:39,603 [INFO] The time difference between the client and the server is within range 3.095 ms..6.624 ms
client 2023-07-20 08:44:39,637 [INFO] Copying loadgen logs from '/home/arjun/mobilenet_results/valid_results/raspberrypi-tflite_armnn_cpp-cpu-armnn_tflite-v22.11-using_neon/mobilenet-v3-precision_float-large-224/singlestream/performance/run_1' to '/home/arjun/mobilenet_results/valid_results/raspberrypi-tflite_armnn_cpp-cpu-armnn_tflite-v22.11-using_neon/mobilenet-v3-precision_float-large-224/singlestream/performance/tmp_power/ranging'
client 2023-07-20 08:44:39,640 [INFO] Running workload in testing mode
client 2023-07-20 08:44:39,640 [INFO] Synchronizing with the server and with time.google.com...
client 2023-07-20 08:44:39,671 [INFO] NTP:offset = 0.000 s, delay = 0.014 s 
client 2023-07-20 08:44:39,672 [INFO] Sending command to the server: 'time'
client 2023-07-20 08:44:39,675 [INFO] Got response: '1689839079.6677165'
client 2023-07-20 08:44:39,676 [INFO] The time difference between the client and the server is within range 4.498 ms..8.514 ms
client 2023-07-20 08:44:39,676 [INFO] Sending command to the server: 'session,2023-07-20_08-38-30,start,testing'
client 2023-07-20 08:44:52,716 [INFO] Got response: 'OK'
client 2023-07-20 08:44:52,717 [INFO] Sending command to the server: 'time'
client 2023-07-20 08:44:52,721 [INFO] Got response: '1689839092.7138233'
client 2023-07-20 08:44:52,722 [INFO] The time difference between the client and the server is within range 3.627 ms..8.293 ms
client 2023-07-20 08:44:52,722 [INFO] Running the workload 'CM_MLPERF_RUN_COUNT=$(cat ${CM_RUN_DIR}/count.txt); echo ${CM_MLPERF_RUN_COUNT}; CM_MLPERF_RUN_COUNT=$((CM_MLPERF_RUN_COUNT+1)); echo ${CM_MLPERF_RUN_COUNT} > ${CM_RUN_DIR}/count.txt && if [ ${CM_MLPERF_RUN_COUNT} -eq "1" ]; then export CM_MLPERF_USER_CONF=${CM_MLPERF_RANGING_USER_CONF}; else export CM_MLPERF_USER_CONF=${CM_MLPERF_TESTING_USER_CONF}; fi && /home/arjun/CM/repos/ctuning@mlcommons-ck/cm-mlops/script/get-lib-armnn/run.out'
client 2023-07-20 08:55:11,349 [INFO] Sending command to the server: 'time'
client 2023-07-20 08:55:11,352 [INFO] Got response: '1689839711.3389442'
client 2023-07-20 08:55:11,352 [INFO] The time difference between the client and the server is within range 9.997 ms..13.910 ms
client 2023-07-20 08:55:11,353 [INFO] Sending command to the server: 'session,2023-07-20_08-38-30,stop,testing'
client 2023-07-20 08:55:21,784 [INFO] Got response: 'OK'
client 2023-07-20 08:55:21,784 [INFO] Sending command to the server: 'time'
client 2023-07-20 08:55:21,787 [INFO] Got response: '1689839721.7695863'
client 2023-07-20 08:55:21,788 [INFO] The time difference between the client and the server is within range 14.971 ms..18.725 ms
client 2023-07-20 08:55:21,793 [INFO] Copying loadgen logs from '/home/arjun/mobilenet_results/valid_results/raspberrypi-tflite_armnn_cpp-cpu-armnn_tflite-v22.11-using_neon/mobilenet-v3-precision_float-large-224/singlestream/performance/run_1' to '/home/arjun/mobilenet_results/valid_results/raspberrypi-tflite_armnn_cpp-cpu-armnn_tflite-v22.11-using_neon/mobilenet-v3-precision_float-large-224/singlestream/performance/tmp_power/run_1'
client 2023-07-20 08:55:21,797 [INFO] Done runs
