client 2023-07-16 01:28:54,936 [INFO] Creating output directory '/home/arjun/mobilenet_results/valid_results/raspberrypi-tflite_armnn_cpp-cpu-armnn_tflite-v23.05-using_neon/mobilenet-v2-precision_uint8-0.75-160/singlestream/performance/tmp_power'
client 2023-07-16 01:28:54,941 [INFO] Sending command to the server: 'mlcommons/power client v3'
client 2023-07-16 01:28:54,945 [INFO] Got response: 'mlcommons/power server v3'
client 2023-07-16 01:28:54,945 [INFO] Synchronizing with the server and with time.google.com...
client 2023-07-16 01:28:54,995 [INFO] NTP:offset = 0.001 s, delay = 0.016 s 
client 2023-07-16 01:28:54,996 [INFO] Sending command to the server: 'time'
client 2023-07-16 01:28:55,001 [INFO] Got response: '1689467334.8838563'
client 2023-07-16 01:28:55,002 [INFO] The time difference between the client and the server is within range 112.581 ms..118.307 ms
client 2023-07-16 01:28:55,002 [INFO] Sending command to the server: 'new,,9727d9ed-afdc-4462-85a9-8749f477d16f'
client 2023-07-16 01:28:55,007 [INFO] Got response: 'OK 2023-07-16_01-28-54,24de9413-bde2-4ec6-bfab-ab2cdbaf1d69'
client 2023-07-16 01:28:55,007 [INFO] Session id is '2023-07-16_01-28-54'
client 2023-07-16 01:28:55,008 [INFO] Sources: {"sources": {"__init__.py": "da39a3ee5e6b4b0d3255bfef95601890afd80709", "client.py": "33ca4f26368777ac06e01f9567b714a4b8063886", "lib/__init__.py": "da39a3ee5e6b4b0d3255bfef95601890afd80709", "lib/client.py": "ac2aa093c8e8bbc9569b9e2a3471bc64e58a2258", "lib/common.py": "611d8b29633d331eb19c9455ea3b5fa3284ed6df", "lib/external/__init__.py": "da39a3ee5e6b4b0d3255bfef95601890afd80709", "lib/external/ntplib.py": "4da8f970656505a40483206ef2b5d3dd5e81711d", "lib/server.py": "c7af63c31bb2fbedea4345f571f6e3507d268ada", "lib/source_hashes.py": "60a2e02193209e8d392803326208d5466342da18", "lib/summary.py": "aa92f0a3f975eecd44d3c0cd0236342ccc9f941d", "lib/time_sync.py": "122eba67a9abc85635223e054def53be1367ade2", "server.py": "c3f90f2f7eeb4db30727556d0c815ebc89b3d28b", "tests/unit/__init__.py": "da39a3ee5e6b4b0d3255bfef95601890afd80709", "tests/unit/test_server.py": "948c1995d4008bc2aa6c4046a34ffa3858d6d671", "tests/unit/test_source_hashes.py": "00468a2907583c593e6574a1f6b404e4651c221a"}, "modules": {"ptd_client_server.lib.client": "lib/client.py", "ptd_client_server.lib.common": "lib/common.py", "ptd_client_server.lib.external.ntplib": "lib/external/ntplib.py", "ptd_client_server.lib.source_hashes": "lib/source_hashes.py", "ptd_client_server.lib.summary": "lib/summary.py", "ptd_client_server.lib.time_sync": "lib/time_sync.py"}}
client 2023-07-16 01:28:55,009 [INFO] Running workload in ranging mode
client 2023-07-16 01:28:55,009 [INFO] Synchronizing with the server and with time.google.com...
client 2023-07-16 01:28:55,045 [INFO] NTP:offset = 0.000 s, delay = 0.016 s 
client 2023-07-16 01:28:55,046 [INFO] Sending command to the server: 'time'
client 2023-07-16 01:28:55,050 [INFO] Got response: '1689467334.9245389'
client 2023-07-16 01:28:55,050 [INFO] The time difference between the client and the server is within range 121.548 ms..126.054 ms
client 2023-07-16 01:28:55,050 [INFO] Sending command to the server: 'session,2023-07-16_01-28-54,start,ranging'
client 2023-07-16 01:29:23,787 [INFO] Got response: 'OK'
client 2023-07-16 01:29:23,787 [INFO] Sending command to the server: 'time'
client 2023-07-16 01:29:23,792 [INFO] Got response: '1689467363.6686704'
client 2023-07-16 01:29:23,792 [INFO] The time difference between the client and the server is within range 119.126 ms..123.849 ms
client 2023-07-16 01:29:23,792 [INFO] Running the workload 'CM_MLPERF_RUN_COUNT=$(cat ${CM_RUN_DIR}/count.txt); echo ${CM_MLPERF_RUN_COUNT}; CM_MLPERF_RUN_COUNT=$((CM_MLPERF_RUN_COUNT+1)); echo ${CM_MLPERF_RUN_COUNT} > ${CM_RUN_DIR}/count.txt && if [ ${CM_MLPERF_RUN_COUNT} -eq "1" ]; then export CM_MLPERF_USER_CONF=${CM_MLPERF_RANGING_USER_CONF}; else export CM_MLPERF_USER_CONF=${CM_MLPERF_TESTING_USER_CONF}; fi && /home/arjun/run.out'
client 2023-07-16 01:34:30,694 [INFO] Sending command to the server: 'time'
client 2023-07-16 01:34:30,700 [INFO] Got response: '1689467670.579738'
client 2023-07-16 01:34:30,701 [INFO] The time difference between the client and the server is within range 114.036 ms..121.221 ms
client 2023-07-16 01:34:30,701 [INFO] Sending command to the server: 'session,2023-07-16_01-28-54,stop,ranging'
client 2023-07-16 01:34:40,994 [INFO] Got response: 'OK'
client 2023-07-16 01:34:40,994 [INFO] Sending command to the server: 'time'
client 2023-07-16 01:34:40,998 [INFO] Got response: '1689467680.872137'
client 2023-07-16 01:34:40,999 [INFO] The time difference between the client and the server is within range 122.540 ms..126.833 ms
client 2023-07-16 01:34:41,028 [INFO] Copying loadgen logs from '/home/arjun/mobilenet_results/valid_results/raspberrypi-tflite_armnn_cpp-cpu-armnn_tflite-v23.05-using_neon/mobilenet-v2-precision_uint8-0.75-160/singlestream/performance/run_1' to '/home/arjun/mobilenet_results/valid_results/raspberrypi-tflite_armnn_cpp-cpu-armnn_tflite-v23.05-using_neon/mobilenet-v2-precision_uint8-0.75-160/singlestream/performance/tmp_power/ranging'
client 2023-07-16 01:34:41,031 [INFO] Running workload in testing mode
client 2023-07-16 01:34:41,031 [INFO] Synchronizing with the server and with time.google.com...
client 2023-07-16 01:34:41,113 [INFO] NTP:offset = -0.022 s, delay = 0.065 s 
client 2023-07-16 01:34:41,113 [INFO] Sending command to the server: 'time'
client 2023-07-16 01:34:41,120 [INFO] Got response: '1689467680.994109'
client 2023-07-16 01:34:41,120 [INFO] The time difference between the client and the server is within range 119.789 ms..126.529 ms
client 2023-07-16 01:34:41,120 [INFO] Sending command to the server: 'session,2023-07-16_01-28-54,start,testing'
client 2023-07-16 01:34:54,166 [INFO] Got response: 'OK'
client 2023-07-16 01:34:54,166 [INFO] Sending command to the server: 'time'
client 2023-07-16 01:34:54,171 [INFO] Got response: '1689467694.0536256'
client 2023-07-16 01:34:54,171 [INFO] The time difference between the client and the server is within range 113.009 ms..117.927 ms
client 2023-07-16 01:34:54,171 [INFO] Running the workload 'CM_MLPERF_RUN_COUNT=$(cat ${CM_RUN_DIR}/count.txt); echo ${CM_MLPERF_RUN_COUNT}; CM_MLPERF_RUN_COUNT=$((CM_MLPERF_RUN_COUNT+1)); echo ${CM_MLPERF_RUN_COUNT} > ${CM_RUN_DIR}/count.txt && if [ ${CM_MLPERF_RUN_COUNT} -eq "1" ]; then export CM_MLPERF_USER_CONF=${CM_MLPERF_RANGING_USER_CONF}; else export CM_MLPERF_USER_CONF=${CM_MLPERF_TESTING_USER_CONF}; fi && /home/arjun/run.out'
client 2023-07-16 01:45:05,846 [INFO] Sending command to the server: 'time'
client 2023-07-16 01:45:05,850 [INFO] Got response: '1689468305.728114'
client 2023-07-16 01:45:05,850 [INFO] The time difference between the client and the server is within range 117.778 ms..122.816 ms
client 2023-07-16 01:45:05,851 [INFO] Sending command to the server: 'session,2023-07-16_01-28-54,stop,testing'
client 2023-07-16 01:45:16,266 [INFO] Got response: 'OK'
client 2023-07-16 01:45:16,267 [INFO] Sending command to the server: 'time'
client 2023-07-16 01:45:16,270 [INFO] Got response: '1689468316.1530473'
client 2023-07-16 01:45:16,271 [INFO] The time difference between the client and the server is within range 114.334 ms..117.952 ms
client 2023-07-16 01:45:16,276 [INFO] Copying loadgen logs from '/home/arjun/mobilenet_results/valid_results/raspberrypi-tflite_armnn_cpp-cpu-armnn_tflite-v23.05-using_neon/mobilenet-v2-precision_uint8-0.75-160/singlestream/performance/run_1' to '/home/arjun/mobilenet_results/valid_results/raspberrypi-tflite_armnn_cpp-cpu-armnn_tflite-v23.05-using_neon/mobilenet-v2-precision_uint8-0.75-160/singlestream/performance/tmp_power/run_1'
client 2023-07-16 01:45:16,279 [INFO] Done runs
