client 2023-07-20 06:54:15,452 [INFO] Creating output directory '/home/arjun/mobilenet_results/valid_results/raspberrypi-tflite_armnn_cpp-cpu-armnn_tflite-v22.11-using_neon/mobilenet-v2-precision_float-0.35-192/singlestream/performance/tmp_power'
client 2023-07-20 06:54:15,457 [INFO] Sending command to the server: 'mlcommons/power client v3'
client 2023-07-20 06:54:15,461 [INFO] Got response: 'mlcommons/power server v3'
client 2023-07-20 06:54:15,462 [INFO] Synchronizing with the server and with time.google.com...
client 2023-07-20 06:54:15,513 [INFO] NTP:offset = -0.000 s, delay = 0.013 s 
client 2023-07-20 06:54:15,514 [INFO] Sending command to the server: 'time'
client 2023-07-20 06:54:15,517 [INFO] Got response: '1689832455.4015741'
client 2023-07-20 06:54:15,517 [INFO] The time difference between the client and the server is within range 112.760 ms..115.921 ms
client 2023-07-20 06:54:15,517 [INFO] Sending command to the server: 'new,,d3db30ef-9f71-4ed8-a568-29dfe6e6b3ac'
client 2023-07-20 06:54:15,521 [INFO] Got response: 'OK 2023-07-20_06-54-15,df9abff4-4618-46c8-86b5-8eab97b61128'
client 2023-07-20 06:54:15,521 [INFO] Session id is '2023-07-20_06-54-15'
client 2023-07-20 06:54:15,521 [INFO] Sources: {"sources": {"__init__.py": "da39a3ee5e6b4b0d3255bfef95601890afd80709", "client.py": "33ca4f26368777ac06e01f9567b714a4b8063886", "lib/__init__.py": "da39a3ee5e6b4b0d3255bfef95601890afd80709", "lib/client.py": "ac2aa093c8e8bbc9569b9e2a3471bc64e58a2258", "lib/common.py": "611d8b29633d331eb19c9455ea3b5fa3284ed6df", "lib/external/__init__.py": "da39a3ee5e6b4b0d3255bfef95601890afd80709", "lib/external/ntplib.py": "4da8f970656505a40483206ef2b5d3dd5e81711d", "lib/server.py": "c7af63c31bb2fbedea4345f571f6e3507d268ada", "lib/source_hashes.py": "60a2e02193209e8d392803326208d5466342da18", "lib/summary.py": "aa92f0a3f975eecd44d3c0cd0236342ccc9f941d", "lib/time_sync.py": "122eba67a9abc85635223e054def53be1367ade2", "server.py": "c3f90f2f7eeb4db30727556d0c815ebc89b3d28b", "tests/unit/__init__.py": "da39a3ee5e6b4b0d3255bfef95601890afd80709", "tests/unit/test_server.py": "948c1995d4008bc2aa6c4046a34ffa3858d6d671", "tests/unit/test_source_hashes.py": "00468a2907583c593e6574a1f6b404e4651c221a"}, "modules": {"ptd_client_server.lib.client": "lib/client.py", "ptd_client_server.lib.common": "lib/common.py", "ptd_client_server.lib.external.ntplib": "lib/external/ntplib.py", "ptd_client_server.lib.source_hashes": "lib/source_hashes.py", "ptd_client_server.lib.summary": "lib/summary.py", "ptd_client_server.lib.time_sync": "lib/time_sync.py"}}
client 2023-07-20 06:54:15,522 [INFO] Running workload in ranging mode
client 2023-07-20 06:54:15,522 [INFO] Synchronizing with the server and with time.google.com...
client 2023-07-20 06:54:15,554 [INFO] NTP:offset = 0.000 s, delay = 0.017 s 
client 2023-07-20 06:54:15,555 [INFO] Sending command to the server: 'time'
client 2023-07-20 06:54:15,558 [INFO] Got response: '1689832455.4422617'
client 2023-07-20 06:54:15,558 [INFO] The time difference between the client and the server is within range 112.881 ms..115.998 ms
client 2023-07-20 06:54:15,558 [INFO] Sending command to the server: 'session,2023-07-20_06-54-15,start,ranging'
client 2023-07-20 06:54:44,240 [INFO] Got response: 'OK'
client 2023-07-20 06:54:44,240 [INFO] Sending command to the server: 'time'
client 2023-07-20 06:54:44,243 [INFO] Got response: '1689832484.1230047'
client 2023-07-20 06:54:44,244 [INFO] The time difference between the client and the server is within range 117.634 ms..120.984 ms
client 2023-07-20 06:54:44,244 [INFO] Running the workload 'CM_MLPERF_RUN_COUNT=$(cat ${CM_RUN_DIR}/count.txt); echo ${CM_MLPERF_RUN_COUNT}; CM_MLPERF_RUN_COUNT=$((CM_MLPERF_RUN_COUNT+1)); echo ${CM_MLPERF_RUN_COUNT} > ${CM_RUN_DIR}/count.txt && if [ ${CM_MLPERF_RUN_COUNT} -eq "1" ]; then export CM_MLPERF_USER_CONF=${CM_MLPERF_RANGING_USER_CONF}; else export CM_MLPERF_USER_CONF=${CM_MLPERF_TESTING_USER_CONF}; fi && /home/arjun/CM/repos/ctuning@mlcommons-ck/cm-mlops/script/get-lib-armnn/run.out'
client 2023-07-20 07:00:00,687 [INFO] Sending command to the server: 'time'
client 2023-07-20 07:00:00,692 [INFO] Got response: '1689832800.5723279'
client 2023-07-20 07:00:00,692 [INFO] The time difference between the client and the server is within range 114.927 ms..120.432 ms
client 2023-07-20 07:00:00,692 [INFO] Sending command to the server: 'session,2023-07-20_06-54-15,stop,ranging'
client 2023-07-20 07:00:11,383 [INFO] Got response: 'OK'
client 2023-07-20 07:00:11,384 [INFO] Sending command to the server: 'time'
client 2023-07-20 07:00:11,387 [INFO] Got response: '1689832811.2658694'
client 2023-07-20 07:00:11,388 [INFO] The time difference between the client and the server is within range 118.443 ms..122.176 ms
client 2023-07-20 07:00:11,421 [INFO] Copying loadgen logs from '/home/arjun/mobilenet_results/valid_results/raspberrypi-tflite_armnn_cpp-cpu-armnn_tflite-v22.11-using_neon/mobilenet-v2-precision_float-0.35-192/singlestream/performance/run_1' to '/home/arjun/mobilenet_results/valid_results/raspberrypi-tflite_armnn_cpp-cpu-armnn_tflite-v22.11-using_neon/mobilenet-v2-precision_float-0.35-192/singlestream/performance/tmp_power/ranging'
client 2023-07-20 07:00:11,424 [INFO] Running workload in testing mode
client 2023-07-20 07:00:11,424 [INFO] Synchronizing with the server and with time.google.com...
client 2023-07-20 07:00:11,460 [INFO] NTP:offset = -0.000 s, delay = 0.018 s 
client 2023-07-20 07:00:11,461 [INFO] Sending command to the server: 'time'
client 2023-07-20 07:00:11,466 [INFO] Got response: '1689832811.3366902'
client 2023-07-20 07:00:11,466 [INFO] The time difference between the client and the server is within range 124.526 ms..129.999 ms
client 2023-07-20 07:00:11,467 [INFO] Sending command to the server: 'session,2023-07-20_06-54-15,start,testing'
client 2023-07-20 07:00:24,500 [INFO] Got response: 'OK'
client 2023-07-20 07:00:24,500 [INFO] Sending command to the server: 'time'
client 2023-07-20 07:00:24,505 [INFO] Got response: '1689832824.3839025'
client 2023-07-20 07:00:24,505 [INFO] The time difference between the client and the server is within range 117.000 ms..121.705 ms
client 2023-07-20 07:00:24,506 [INFO] Running the workload 'CM_MLPERF_RUN_COUNT=$(cat ${CM_RUN_DIR}/count.txt); echo ${CM_MLPERF_RUN_COUNT}; CM_MLPERF_RUN_COUNT=$((CM_MLPERF_RUN_COUNT+1)); echo ${CM_MLPERF_RUN_COUNT} > ${CM_RUN_DIR}/count.txt && if [ ${CM_MLPERF_RUN_COUNT} -eq "1" ]; then export CM_MLPERF_USER_CONF=${CM_MLPERF_RANGING_USER_CONF}; else export CM_MLPERF_USER_CONF=${CM_MLPERF_TESTING_USER_CONF}; fi && /home/arjun/CM/repos/ctuning@mlcommons-ck/cm-mlops/script/get-lib-armnn/run.out'
client 2023-07-20 07:10:41,450 [INFO] Sending command to the server: 'time'
client 2023-07-20 07:10:41,454 [INFO] Got response: '1689833441.3222075'
client 2023-07-20 07:10:41,454 [INFO] The time difference between the client and the server is within range 128.356 ms..132.518 ms
client 2023-07-20 07:10:41,454 [INFO] Sending command to the server: 'session,2023-07-20_06-54-15,stop,testing'
client 2023-07-20 07:10:51,565 [INFO] Got response: 'OK'
client 2023-07-20 07:10:51,566 [INFO] Sending command to the server: 'time'
client 2023-07-20 07:10:51,568 [INFO] Got response: '1689833451.4354985'
client 2023-07-20 07:10:51,569 [INFO] The time difference between the client and the server is within range 130.470 ms..133.648 ms
client 2023-07-20 07:10:51,574 [INFO] Copying loadgen logs from '/home/arjun/mobilenet_results/valid_results/raspberrypi-tflite_armnn_cpp-cpu-armnn_tflite-v22.11-using_neon/mobilenet-v2-precision_float-0.35-192/singlestream/performance/run_1' to '/home/arjun/mobilenet_results/valid_results/raspberrypi-tflite_armnn_cpp-cpu-armnn_tflite-v22.11-using_neon/mobilenet-v2-precision_float-0.35-192/singlestream/performance/tmp_power/run_1'
client 2023-07-20 07:10:51,578 [INFO] Done runs
