client 2023-07-15 14:56:40,514 [INFO] Creating output directory '/home/arjun/mobilenet_results/valid_results/raspberrypi-tflite_armnn_cpp-cpu-armnn_tflite-v23.05-using_neon/mobilenet-v1-precision_uint8-0.75-160/singlestream/performance/tmp_power'
client 2023-07-15 14:56:40,519 [INFO] Sending command to the server: 'mlcommons/power client v3'
client 2023-07-15 14:56:40,522 [INFO] Got response: 'mlcommons/power server v3'
client 2023-07-15 14:56:40,523 [INFO] Synchronizing with the server and with time.google.com...
client 2023-07-15 14:56:40,570 [INFO] NTP:offset = -0.046 s, delay = 0.013 s 
client 2023-07-15 14:56:40,570 [INFO] Sending command to the server: 'time'
client 2023-07-15 14:56:40,576 [INFO] Got response: '1689429400.4890425'
client 2023-07-15 14:56:40,576 [INFO] The time difference between the client and the server is within range 81.798 ms..87.818 ms
client 2023-07-15 14:56:40,577 [INFO] Sending command to the server: 'new,,2006abdc-aff4-496b-9401-a1e00b7f71f6'
client 2023-07-15 14:56:40,583 [INFO] Got response: 'OK 2023-07-15_14-56-40,10e4963a-84c0-436d-9243-73be4eea3a52'
client 2023-07-15 14:56:40,583 [INFO] Session id is '2023-07-15_14-56-40'
client 2023-07-15 14:56:40,584 [INFO] Sources: {"sources": {"__init__.py": "da39a3ee5e6b4b0d3255bfef95601890afd80709", "client.py": "33ca4f26368777ac06e01f9567b714a4b8063886", "lib/__init__.py": "da39a3ee5e6b4b0d3255bfef95601890afd80709", "lib/client.py": "ac2aa093c8e8bbc9569b9e2a3471bc64e58a2258", "lib/common.py": "611d8b29633d331eb19c9455ea3b5fa3284ed6df", "lib/external/__init__.py": "da39a3ee5e6b4b0d3255bfef95601890afd80709", "lib/external/ntplib.py": "4da8f970656505a40483206ef2b5d3dd5e81711d", "lib/server.py": "c7af63c31bb2fbedea4345f571f6e3507d268ada", "lib/source_hashes.py": "60a2e02193209e8d392803326208d5466342da18", "lib/summary.py": "aa92f0a3f975eecd44d3c0cd0236342ccc9f941d", "lib/time_sync.py": "122eba67a9abc85635223e054def53be1367ade2", "server.py": "c3f90f2f7eeb4db30727556d0c815ebc89b3d28b", "tests/unit/__init__.py": "da39a3ee5e6b4b0d3255bfef95601890afd80709", "tests/unit/test_server.py": "948c1995d4008bc2aa6c4046a34ffa3858d6d671", "tests/unit/test_source_hashes.py": "00468a2907583c593e6574a1f6b404e4651c221a"}, "modules": {"ptd_client_server.lib.client": "lib/client.py", "ptd_client_server.lib.common": "lib/common.py", "ptd_client_server.lib.external.ntplib": "lib/external/ntplib.py", "ptd_client_server.lib.source_hashes": "lib/source_hashes.py", "ptd_client_server.lib.summary": "lib/summary.py", "ptd_client_server.lib.time_sync": "lib/time_sync.py"}}
client 2023-07-15 14:56:40,585 [INFO] Running workload in ranging mode
client 2023-07-15 14:56:40,585 [INFO] Synchronizing with the server and with time.google.com...
client 2023-07-15 14:56:40,622 [INFO] NTP:offset = -0.046 s, delay = 0.016 s 
client 2023-07-15 14:56:40,622 [INFO] Sending command to the server: 'time'
client 2023-07-15 14:56:40,626 [INFO] Got response: '1689429400.5399742'
client 2023-07-15 14:56:40,627 [INFO] The time difference between the client and the server is within range 82.496 ms..86.994 ms
client 2023-07-15 14:56:40,627 [INFO] Sending command to the server: 'session,2023-07-15_14-56-40,start,ranging'
client 2023-07-15 14:57:09,351 [INFO] Got response: 'OK'
client 2023-07-15 14:57:09,351 [INFO] Sending command to the server: 'time'
client 2023-07-15 14:57:09,356 [INFO] Got response: '1689429429.2732584'
client 2023-07-15 14:57:09,357 [INFO] The time difference between the client and the server is within range 78.387 ms..83.668 ms
client 2023-07-15 14:57:09,357 [INFO] Running the workload 'CM_MLPERF_RUN_COUNT=$(cat ${CM_RUN_DIR}/count.txt); echo ${CM_MLPERF_RUN_COUNT}; CM_MLPERF_RUN_COUNT=$((CM_MLPERF_RUN_COUNT+1)); echo ${CM_MLPERF_RUN_COUNT} > ${CM_RUN_DIR}/count.txt && if [ ${CM_MLPERF_RUN_COUNT} -eq "1" ]; then export CM_MLPERF_USER_CONF=${CM_MLPERF_RANGING_USER_CONF}; else export CM_MLPERF_USER_CONF=${CM_MLPERF_TESTING_USER_CONF}; fi && /home/arjun/run.out'
client 2023-07-15 15:02:18,161 [INFO] Sending command to the server: 'time'
client 2023-07-15 15:02:18,166 [INFO] Got response: '1689429738.0822'
client 2023-07-15 15:02:18,166 [INFO] The time difference between the client and the server is within range 78.617 ms..84.334 ms
client 2023-07-15 15:02:18,167 [INFO] Sending command to the server: 'session,2023-07-15_14-56-40,stop,ranging'
client 2023-07-15 15:02:28,529 [INFO] Got response: 'OK'
client 2023-07-15 15:02:28,530 [INFO] Sending command to the server: 'time'
client 2023-07-15 15:02:28,534 [INFO] Got response: '1689429748.4558427'
client 2023-07-15 15:02:28,534 [INFO] The time difference between the client and the server is within range 74.484 ms..79.062 ms
client 2023-07-15 15:02:28,569 [INFO] Copying loadgen logs from '/home/arjun/mobilenet_results/valid_results/raspberrypi-tflite_armnn_cpp-cpu-armnn_tflite-v23.05-using_neon/mobilenet-v1-precision_uint8-0.75-160/singlestream/performance/run_1' to '/home/arjun/mobilenet_results/valid_results/raspberrypi-tflite_armnn_cpp-cpu-armnn_tflite-v23.05-using_neon/mobilenet-v1-precision_uint8-0.75-160/singlestream/performance/tmp_power/ranging'
client 2023-07-15 15:02:28,573 [INFO] Running workload in testing mode
client 2023-07-15 15:02:28,574 [INFO] Synchronizing with the server and with time.google.com...
client 2023-07-15 15:02:28,612 [INFO] NTP:offset = -0.038 s, delay = 0.018 s 
client 2023-07-15 15:02:28,612 [INFO] Sending command to the server: 'time'
client 2023-07-15 15:02:28,617 [INFO] Got response: '1689429748.5380309'
client 2023-07-15 15:02:28,617 [INFO] The time difference between the client and the server is within range 74.624 ms..79.677 ms
client 2023-07-15 15:02:28,618 [INFO] Sending command to the server: 'session,2023-07-15_14-56-40,start,testing'
client 2023-07-15 15:02:41,663 [INFO] Got response: 'OK'
client 2023-07-15 15:02:41,663 [INFO] Sending command to the server: 'time'
client 2023-07-15 15:02:41,667 [INFO] Got response: '1689429761.5877802'
client 2023-07-15 15:02:41,668 [INFO] The time difference between the client and the server is within range 75.908 ms..80.481 ms
client 2023-07-15 15:02:41,668 [INFO] Running the workload 'CM_MLPERF_RUN_COUNT=$(cat ${CM_RUN_DIR}/count.txt); echo ${CM_MLPERF_RUN_COUNT}; CM_MLPERF_RUN_COUNT=$((CM_MLPERF_RUN_COUNT+1)); echo ${CM_MLPERF_RUN_COUNT} > ${CM_RUN_DIR}/count.txt && if [ ${CM_MLPERF_RUN_COUNT} -eq "1" ]; then export CM_MLPERF_USER_CONF=${CM_MLPERF_RANGING_USER_CONF}; else export CM_MLPERF_USER_CONF=${CM_MLPERF_TESTING_USER_CONF}; fi && /home/arjun/run.out'
client 2023-07-15 15:12:54,641 [INFO] Sending command to the server: 'time'
client 2023-07-15 15:12:54,646 [INFO] Got response: '1689430374.5654647'
client 2023-07-15 15:12:54,647 [INFO] The time difference between the client and the server is within range 76.082 ms..81.736 ms
client 2023-07-15 15:12:54,647 [INFO] Sending command to the server: 'session,2023-07-15_14-56-40,stop,testing'
client 2023-07-15 15:13:04,744 [INFO] Got response: 'OK'
client 2023-07-15 15:13:04,745 [INFO] Sending command to the server: 'time'
client 2023-07-15 15:13:04,749 [INFO] Got response: '1689430384.6631653'
client 2023-07-15 15:13:04,749 [INFO] The time difference between the client and the server is within range 82.087 ms..86.571 ms
client 2023-07-15 15:13:04,755 [INFO] Copying loadgen logs from '/home/arjun/mobilenet_results/valid_results/raspberrypi-tflite_armnn_cpp-cpu-armnn_tflite-v23.05-using_neon/mobilenet-v1-precision_uint8-0.75-160/singlestream/performance/run_1' to '/home/arjun/mobilenet_results/valid_results/raspberrypi-tflite_armnn_cpp-cpu-armnn_tflite-v23.05-using_neon/mobilenet-v1-precision_uint8-0.75-160/singlestream/performance/tmp_power/run_1'
client 2023-07-15 15:13:04,759 [INFO] Done runs
