client 2023-07-20 10:05:45,149 [INFO] Creating output directory '/home/arjun/mobilenet_results/valid_results/raspberrypi-tflite_armnn_cpp-cpu-armnn_tflite-v22.11-using_neon/mobilenet-v3-precision_uint8-small-224/singlestream/performance/tmp_power'
client 2023-07-20 10:05:45,154 [INFO] Sending command to the server: 'mlcommons/power client v3'
client 2023-07-20 10:05:45,157 [INFO] Got response: 'mlcommons/power server v3'
client 2023-07-20 10:05:45,157 [INFO] Synchronizing with the server and with time.google.com...
client 2023-07-20 10:05:45,218 [INFO] NTP:offset = -0.002 s, delay = 0.027 s 
client 2023-07-20 10:05:45,218 [INFO] Sending command to the server: 'time'
client 2023-07-20 10:05:45,222 [INFO] Got response: '1689843945.165749'
client 2023-07-20 10:05:45,222 [INFO] The time difference between the client and the server is within range 52.609 ms..57.031 ms
client 2023-07-20 10:05:45,223 [INFO] Sending command to the server: 'new,,36334165-9553-427c-aefd-eab53c123c6a'
client 2023-07-20 10:05:45,229 [INFO] Got response: 'OK 2023-07-20_10-05-45,1a11f3e6-0339-4cc3-af3d-43c1951c5d6e'
client 2023-07-20 10:05:45,229 [INFO] Session id is '2023-07-20_10-05-45'
client 2023-07-20 10:05:45,230 [INFO] Sources: {"sources": {"__init__.py": "da39a3ee5e6b4b0d3255bfef95601890afd80709", "client.py": "33ca4f26368777ac06e01f9567b714a4b8063886", "lib/__init__.py": "da39a3ee5e6b4b0d3255bfef95601890afd80709", "lib/client.py": "ac2aa093c8e8bbc9569b9e2a3471bc64e58a2258", "lib/common.py": "611d8b29633d331eb19c9455ea3b5fa3284ed6df", "lib/external/__init__.py": "da39a3ee5e6b4b0d3255bfef95601890afd80709", "lib/external/ntplib.py": "4da8f970656505a40483206ef2b5d3dd5e81711d", "lib/server.py": "c7af63c31bb2fbedea4345f571f6e3507d268ada", "lib/source_hashes.py": "60a2e02193209e8d392803326208d5466342da18", "lib/summary.py": "aa92f0a3f975eecd44d3c0cd0236342ccc9f941d", "lib/time_sync.py": "122eba67a9abc85635223e054def53be1367ade2", "server.py": "c3f90f2f7eeb4db30727556d0c815ebc89b3d28b", "tests/unit/__init__.py": "da39a3ee5e6b4b0d3255bfef95601890afd80709", "tests/unit/test_server.py": "948c1995d4008bc2aa6c4046a34ffa3858d6d671", "tests/unit/test_source_hashes.py": "00468a2907583c593e6574a1f6b404e4651c221a"}, "modules": {"ptd_client_server.lib.client": "lib/client.py", "ptd_client_server.lib.common": "lib/common.py", "ptd_client_server.lib.external.ntplib": "lib/external/ntplib.py", "ptd_client_server.lib.source_hashes": "lib/source_hashes.py", "ptd_client_server.lib.summary": "lib/summary.py", "ptd_client_server.lib.time_sync": "lib/time_sync.py"}}
client 2023-07-20 10:05:45,231 [INFO] Running workload in ranging mode
client 2023-07-20 10:05:45,231 [INFO] Synchronizing with the server and with time.google.com...
client 2023-07-20 10:05:45,266 [INFO] NTP:offset = 0.001 s, delay = 0.017 s 
client 2023-07-20 10:05:45,267 [INFO] Sending command to the server: 'time'
client 2023-07-20 10:05:45,271 [INFO] Got response: '1689843945.2152991'
client 2023-07-20 10:05:45,271 [INFO] The time difference between the client and the server is within range 51.723 ms..56.104 ms
client 2023-07-20 10:05:45,271 [INFO] Sending command to the server: 'session,2023-07-20_10-05-45,start,ranging'
client 2023-07-20 10:06:13,963 [INFO] Got response: 'OK'
client 2023-07-20 10:06:13,964 [INFO] Sending command to the server: 'time'
client 2023-07-20 10:06:13,968 [INFO] Got response: '1689843973.9036882'
client 2023-07-20 10:06:13,969 [INFO] The time difference between the client and the server is within range 60.690 ms..65.407 ms
client 2023-07-20 10:06:13,969 [INFO] Running the workload 'CM_MLPERF_RUN_COUNT=$(cat ${CM_RUN_DIR}/count.txt); echo ${CM_MLPERF_RUN_COUNT}; CM_MLPERF_RUN_COUNT=$((CM_MLPERF_RUN_COUNT+1)); echo ${CM_MLPERF_RUN_COUNT} > ${CM_RUN_DIR}/count.txt && if [ ${CM_MLPERF_RUN_COUNT} -eq "1" ]; then export CM_MLPERF_USER_CONF=${CM_MLPERF_RANGING_USER_CONF}; else export CM_MLPERF_USER_CONF=${CM_MLPERF_TESTING_USER_CONF}; fi && /home/arjun/CM/repos/ctuning@mlcommons-ck/cm-mlops/script/get-lib-armnn/run.out'
client 2023-07-20 10:11:23,549 [INFO] Sending command to the server: 'time'
client 2023-07-20 10:11:23,553 [INFO] Got response: '1689844283.4879124'
client 2023-07-20 10:11:23,553 [INFO] The time difference between the client and the server is within range 61.602 ms..65.745 ms
client 2023-07-20 10:11:23,554 [INFO] Sending command to the server: 'session,2023-07-20_10-05-45,stop,ranging'
client 2023-07-20 10:11:34,395 [INFO] Got response: 'OK'
client 2023-07-20 10:11:34,396 [INFO] Sending command to the server: 'time'
client 2023-07-20 10:11:34,399 [INFO] Got response: '1689844294.339567'
client 2023-07-20 10:11:34,399 [INFO] The time difference between the client and the server is within range 56.701 ms..60.281 ms
client 2023-07-20 10:11:34,429 [INFO] Copying loadgen logs from '/home/arjun/mobilenet_results/valid_results/raspberrypi-tflite_armnn_cpp-cpu-armnn_tflite-v22.11-using_neon/mobilenet-v3-precision_uint8-small-224/singlestream/performance/run_1' to '/home/arjun/mobilenet_results/valid_results/raspberrypi-tflite_armnn_cpp-cpu-armnn_tflite-v22.11-using_neon/mobilenet-v3-precision_uint8-small-224/singlestream/performance/tmp_power/ranging'
client 2023-07-20 10:11:34,432 [INFO] Running workload in testing mode
client 2023-07-20 10:11:34,433 [INFO] Synchronizing with the server and with time.google.com...
client 2023-07-20 10:11:34,470 [INFO] NTP:offset = 0.002 s, delay = 0.019 s 
client 2023-07-20 10:11:34,470 [INFO] Sending command to the server: 'time'
client 2023-07-20 10:11:34,476 [INFO] Got response: '1689844294.4113748'
client 2023-07-20 10:11:34,476 [INFO] The time difference between the client and the server is within range 59.088 ms..65.071 ms
client 2023-07-20 10:11:34,476 [INFO] Sending command to the server: 'session,2023-07-20_10-05-45,start,testing'
client 2023-07-20 10:11:47,521 [INFO] Got response: 'OK'
client 2023-07-20 10:11:47,521 [INFO] Sending command to the server: 'time'
client 2023-07-20 10:11:47,526 [INFO] Got response: '1689844307.463267'
client 2023-07-20 10:11:47,526 [INFO] The time difference between the client and the server is within range 58.275 ms..63.427 ms
client 2023-07-20 10:11:47,527 [INFO] Running the workload 'CM_MLPERF_RUN_COUNT=$(cat ${CM_RUN_DIR}/count.txt); echo ${CM_MLPERF_RUN_COUNT}; CM_MLPERF_RUN_COUNT=$((CM_MLPERF_RUN_COUNT+1)); echo ${CM_MLPERF_RUN_COUNT} > ${CM_RUN_DIR}/count.txt && if [ ${CM_MLPERF_RUN_COUNT} -eq "1" ]; then export CM_MLPERF_USER_CONF=${CM_MLPERF_RANGING_USER_CONF}; else export CM_MLPERF_USER_CONF=${CM_MLPERF_TESTING_USER_CONF}; fi && /home/arjun/CM/repos/ctuning@mlcommons-ck/cm-mlops/script/get-lib-armnn/run.out'
client 2023-07-20 10:22:05,003 [INFO] Sending command to the server: 'time'
client 2023-07-20 10:22:05,009 [INFO] Got response: '1689844924.942133'
client 2023-07-20 10:22:05,009 [INFO] The time difference between the client and the server is within range 61.577 ms..67.298 ms
client 2023-07-20 10:22:05,009 [INFO] Sending command to the server: 'session,2023-07-20_10-05-45,stop,testing'
client 2023-07-20 10:22:15,605 [INFO] Got response: 'OK'
client 2023-07-20 10:22:15,606 [INFO] Sending command to the server: 'time'
client 2023-07-20 10:22:15,608 [INFO] Got response: '1689844935.536466'
client 2023-07-20 10:22:15,609 [INFO] The time difference between the client and the server is within range 69.608 ms..72.718 ms
client 2023-07-20 10:22:15,615 [INFO] Copying loadgen logs from '/home/arjun/mobilenet_results/valid_results/raspberrypi-tflite_armnn_cpp-cpu-armnn_tflite-v22.11-using_neon/mobilenet-v3-precision_uint8-small-224/singlestream/performance/run_1' to '/home/arjun/mobilenet_results/valid_results/raspberrypi-tflite_armnn_cpp-cpu-armnn_tflite-v22.11-using_neon/mobilenet-v3-precision_uint8-small-224/singlestream/performance/tmp_power/run_1'
client 2023-07-20 10:22:15,619 [INFO] Done runs
