client 2023-09-02 15:10:09,588 [INFO] Creating output directory '/home/cmuser/results_dir/valid_results/cecdad8c31f6-nvidia_original-gpu-tensorrt-vdefault-default_config/rnnt/server/performance/tmp_power'
client 2023-09-02 15:10:09,720 [INFO] Sending command to the server: 'mlcommons/power client v3'
client 2023-09-02 15:10:09,722 [INFO] Got response: 'mlcommons/power server v3'
client 2023-09-02 15:10:09,722 [INFO] Synchronizing with the server and with time.google.com...
client 2023-09-02 15:10:09,750 [INFO] NTP:offset = -0.001 s, delay = 0.014 s 
client 2023-09-02 15:10:09,751 [INFO] Sending command to the server: 'time'
client 2023-09-02 15:10:09,752 [INFO] Got response: '1693692609.752602'
client 2023-09-02 15:10:09,752 [INFO] The time difference between the client and the server is within range -1.552 ms..-0.130 ms
client 2023-09-02 15:10:09,752 [INFO] Sending command to the server: 'new,,5096f91d-9d64-4cee-be7a-79e9ddc96ed0'
client 2023-09-02 15:10:09,753 [INFO] Got response: 'OK 2023-09-02_22-10-09,da029a4a-b099-4ffd-bd0b-acffb2313ca1'
client 2023-09-02 15:10:09,753 [INFO] Session id is '2023-09-02_22-10-09'
client 2023-09-02 15:10:09,753 [INFO] Sources: {"sources": {"__init__.py": "da39a3ee5e6b4b0d3255bfef95601890afd80709", "client.py": "33ca4f26368777ac06e01f9567b714a4b8063886", "lib/__init__.py": "da39a3ee5e6b4b0d3255bfef95601890afd80709", "lib/client.py": "ac2aa093c8e8bbc9569b9e2a3471bc64e58a2258", "lib/common.py": "611d8b29633d331eb19c9455ea3b5fa3284ed6df", "lib/external/__init__.py": "da39a3ee5e6b4b0d3255bfef95601890afd80709", "lib/external/ntplib.py": "4da8f970656505a40483206ef2b5d3dd5e81711d", "lib/server.py": "c7af63c31bb2fbedea4345f571f6e3507d268ada", "lib/source_hashes.py": "60a2e02193209e8d392803326208d5466342da18", "lib/summary.py": "aa92f0a3f975eecd44d3c0cd0236342ccc9f941d", "lib/time_sync.py": "80894ef2389e540781ff78de94db16aa4203a14e", "server.py": "c3f90f2f7eeb4db30727556d0c815ebc89b3d28b", "tests/unit/__init__.py": "da39a3ee5e6b4b0d3255bfef95601890afd80709", "tests/unit/test_server.py": "948c1995d4008bc2aa6c4046a34ffa3858d6d671", "tests/unit/test_source_hashes.py": "00468a2907583c593e6574a1f6b404e4651c221a"}, "modules": {"ptd_client_server.lib.client": "lib/client.py", "ptd_client_server.lib.common": "lib/common.py", "ptd_client_server.lib.external.ntplib": "lib/external/ntplib.py", "ptd_client_server.lib.source_hashes": "lib/source_hashes.py", "ptd_client_server.lib.summary": "lib/summary.py", "ptd_client_server.lib.time_sync": "lib/time_sync.py"}}
client 2023-09-02 15:10:09,754 [INFO] Running workload in ranging mode
client 2023-09-02 15:10:09,754 [INFO] Synchronizing with the server and with time.google.com...
client 2023-09-02 15:10:09,781 [INFO] NTP:offset = -0.001 s, delay = 0.015 s 
client 2023-09-02 15:10:09,781 [INFO] Sending command to the server: 'time'
client 2023-09-02 15:10:09,783 [INFO] Got response: '1693692609.7836041'
client 2023-09-02 15:10:09,783 [INFO] The time difference between the client and the server is within range -2.004 ms..-0.187 ms
client 2023-09-02 15:10:09,783 [INFO] Sending command to the server: 'session,2023-09-02_22-10-09,start,ranging'
client 2023-09-02 15:10:37,873 [INFO] Got response: 'OK'
client 2023-09-02 15:10:37,873 [INFO] Sending command to the server: 'time'
client 2023-09-02 15:10:37,875 [INFO] Got response: '1693692637.8752484'
client 2023-09-02 15:10:37,875 [INFO] The time difference between the client and the server is within range -1.791 ms..-0.183 ms
client 2023-09-02 15:10:37,875 [INFO] Running the workload 'CM_MLPERF_RUN_COUNT=$(cat ${CM_RUN_DIR}/count.txt); echo ${CM_MLPERF_RUN_COUNT}; CM_MLPERF_RUN_COUNT=$((CM_MLPERF_RUN_COUNT+1)); echo ${CM_MLPERF_RUN_COUNT} > ${CM_RUN_DIR}/count.txt && if [ ${CM_MLPERF_RUN_COUNT} -eq "1" ]; then export CM_MLPERF_USER_CONF=${CM_MLPERF_RANGING_USER_CONF}; else export CM_MLPERF_USER_CONF=${CM_MLPERF_TESTING_USER_CONF}; fi && make run_harness RUN_ARGS=" --benchmarks=rnnt --scenarios=server --test_mode=PerformanceOnly --offline_expected_qps=15200 --server_target_qps=14150 --single_stream_expected_latency_ns=23000000 --user_conf_path=${CM_MLPERF_USER_CONF} --mlperf_conf_path=/home/cmuser/CM/repos/local/cache/e08d8d07b7714054/inference/mlperf.conf --gpu_batch_size=2048 --no_audit_verify "'
client 2023-09-02 15:15:56,911 [INFO] Sending command to the server: 'time'
client 2023-09-02 15:15:56,959 [INFO] Got response: '1693692956.9597068'
client 2023-09-02 15:15:56,959 [INFO] The time difference between the client and the server is within range -48.669 ms..-0.356 ms
client 2023-09-02 15:15:56,959 [INFO] Sending command to the server: 'session,2023-09-02_22-10-09,stop,ranging'
client 2023-09-02 15:16:08,007 [INFO] Got response: 'OK'
client 2023-09-02 15:16:08,007 [INFO] Sending command to the server: 'time'
client 2023-09-02 15:16:08,009 [INFO] Got response: '1693692968.0097263'
client 2023-09-02 15:16:08,009 [INFO] The time difference between the client and the server is within range -1.845 ms..-0.385 ms
client 2023-09-02 15:16:08,010 [INFO] Copying loadgen logs from '/home/cmuser/results_dir/valid_results/cecdad8c31f6-nvidia_original-gpu-tensorrt-vdefault-default_config/rnnt/server/performance/run_1' to '/home/cmuser/results_dir/valid_results/cecdad8c31f6-nvidia_original-gpu-tensorrt-vdefault-default_config/rnnt/server/performance/tmp_power/ranging'
client 2023-09-02 15:16:08,011 [INFO] Running workload in testing mode
client 2023-09-02 15:16:08,011 [INFO] Synchronizing with the server and with time.google.com...
client 2023-09-02 15:16:08,039 [INFO] NTP:offset = 0.001 s, delay = 0.017 s 
client 2023-09-02 15:16:08,039 [INFO] Sending command to the server: 'time'
client 2023-09-02 15:16:08,041 [INFO] Got response: '1693692968.0418868'
client 2023-09-02 15:16:08,041 [INFO] The time difference between the client and the server is within range -2.001 ms..-0.252 ms
client 2023-09-02 15:16:08,041 [INFO] Sending command to the server: 'session,2023-09-02_22-10-09,start,testing'
client 2023-09-02 15:16:21,061 [INFO] Got response: 'OK'
client 2023-09-02 15:16:21,061 [INFO] Sending command to the server: 'time'
client 2023-09-02 15:16:21,063 [INFO] Got response: '1693692981.0636802'
client 2023-09-02 15:16:21,063 [INFO] The time difference between the client and the server is within range -1.913 ms..-0.386 ms
client 2023-09-02 15:16:21,063 [INFO] Running the workload 'CM_MLPERF_RUN_COUNT=$(cat ${CM_RUN_DIR}/count.txt); echo ${CM_MLPERF_RUN_COUNT}; CM_MLPERF_RUN_COUNT=$((CM_MLPERF_RUN_COUNT+1)); echo ${CM_MLPERF_RUN_COUNT} > ${CM_RUN_DIR}/count.txt && if [ ${CM_MLPERF_RUN_COUNT} -eq "1" ]; then export CM_MLPERF_USER_CONF=${CM_MLPERF_RANGING_USER_CONF}; else export CM_MLPERF_USER_CONF=${CM_MLPERF_TESTING_USER_CONF}; fi && make run_harness RUN_ARGS=" --benchmarks=rnnt --scenarios=server --test_mode=PerformanceOnly --offline_expected_qps=15200 --server_target_qps=14150 --single_stream_expected_latency_ns=23000000 --user_conf_path=${CM_MLPERF_USER_CONF} --mlperf_conf_path=/home/cmuser/CM/repos/local/cache/e08d8d07b7714054/inference/mlperf.conf --gpu_batch_size=2048 --no_audit_verify "'
client 2023-09-02 15:26:34,341 [INFO] Sending command to the server: 'time'
client 2023-09-02 15:26:34,402 [INFO] Got response: '1693693594.403863'
client 2023-09-02 15:26:34,402 [INFO] The time difference between the client and the server is within range -62.340 ms..-1.036 ms
client 2023-09-02 15:26:34,402 [INFO] Sending command to the server: 'session,2023-09-02_22-10-09,stop,testing'
client 2023-09-02 15:26:45,111 [INFO] Got response: 'OK'
client 2023-09-02 15:26:45,111 [INFO] Sending command to the server: 'time'
client 2023-09-02 15:26:45,112 [INFO] Got response: '1693693605.1140873'
client 2023-09-02 15:26:45,112 [INFO] The time difference between the client and the server is within range -2.832 ms..-1.825 ms
client 2023-09-02 15:26:45,112 [INFO] Copying loadgen logs from '/home/cmuser/results_dir/valid_results/cecdad8c31f6-nvidia_original-gpu-tensorrt-vdefault-default_config/rnnt/server/performance/run_1' to '/home/cmuser/results_dir/valid_results/cecdad8c31f6-nvidia_original-gpu-tensorrt-vdefault-default_config/rnnt/server/performance/tmp_power/run_1'
client 2023-09-02 15:26:45,112 [INFO] Done runs
